[2.692s] Invoking command in '/home/utilizador/charmie_ws/src/charmie_low_level': AMENT_PREFIX_PATH=/home/utilizador/charmie_ws/install/charmie_interfaces:${AMENT_PREFIX_PATH} CMAKE_PREFIX_PATH=/home/utilizador/charmie_ws/install/charmie_interfaces LD_LIBRARY_PATH=/home/utilizador/charmie_ws/install/charmie_interfaces/lib:${LD_LIBRARY_PATH} PYTHONPATH=/home/utilizador/charmie_ws/build/charmie_low_level/prefix_override:/home/utilizador/charmie_ws/install/charmie_low_level/lib/python3.8/site-packages:/home/utilizador/charmie_ws/install/charmie_interfaces/lib/python3.8/site-packages:${PYTHONPATH} /usr/bin/python3 setup.py egg_info --egg-base ../../build/charmie_low_level build --build-base /home/utilizador/charmie_ws/build/charmie_low_level/build install --record /home/utilizador/charmie_ws/build/charmie_low_level/install.log --install-scripts $base/lib/charmie_low_level --single-version-externally-managed
[3.460s] running egg_info
[3.461s] creating ../../build/charmie_low_level/charmie_low_level.egg-info
[3.462s] writing ../../build/charmie_low_level/charmie_low_level.egg-info/PKG-INFO
[3.463s] writing dependency_links to ../../build/charmie_low_level/charmie_low_level.egg-info/dependency_links.txt
[3.465s] writing entry points to ../../build/charmie_low_level/charmie_low_level.egg-info/entry_points.txt
[3.465s] writing requirements to ../../build/charmie_low_level/charmie_low_level.egg-info/requires.txt
[3.466s] writing top-level names to ../../build/charmie_low_level/charmie_low_level.egg-info/top_level.txt
[3.468s] writing manifest file '../../build/charmie_low_level/charmie_low_level.egg-info/SOURCES.txt'
[3.619s] reading manifest file '../../build/charmie_low_level/charmie_low_level.egg-info/SOURCES.txt'
[3.621s] writing manifest file '../../build/charmie_low_level/charmie_low_level.egg-info/SOURCES.txt'
[3.622s] running build
[3.622s] running build_py
[3.623s] creating /home/utilizador/charmie_ws/build/charmie_low_level/build
[3.623s] creating /home/utilizador/charmie_ws/build/charmie_low_level/build/lib
[3.623s] creating /home/utilizador/charmie_ws/build/charmie_low_level/build/lib/charmie_low_level
[3.624s] copying charmie_low_level/low_level.py -> /home/utilizador/charmie_ws/build/charmie_low_level/build/lib/charmie_low_level
[3.624s] copying charmie_low_level/__init__.py -> /home/utilizador/charmie_ws/build/charmie_low_level/build/lib/charmie_low_level
[3.625s] running install
[3.626s] running install_lib
[3.628s] creating /home/utilizador/charmie_ws/install/charmie_low_level/lib/python3.8/site-packages/charmie_low_level
[3.628s] copying /home/utilizador/charmie_ws/build/charmie_low_level/build/lib/charmie_low_level/low_level.py -> /home/utilizador/charmie_ws/install/charmie_low_level/lib/python3.8/site-packages/charmie_low_level
[3.628s] copying /home/utilizador/charmie_ws/build/charmie_low_level/build/lib/charmie_low_level/__init__.py -> /home/utilizador/charmie_ws/install/charmie_low_level/lib/python3.8/site-packages/charmie_low_level
[3.629s] byte-compiling /home/utilizador/charmie_ws/install/charmie_low_level/lib/python3.8/site-packages/charmie_low_level/low_level.py to low_level.cpython-38.pyc
[3.635s] byte-compiling /home/utilizador/charmie_ws/install/charmie_low_level/lib/python3.8/site-packages/charmie_low_level/__init__.py to __init__.cpython-38.pyc
[3.636s] running install_data
[3.637s] creating /home/utilizador/charmie_ws/install/charmie_low_level/share/ament_index
[3.637s] creating /home/utilizador/charmie_ws/install/charmie_low_level/share/ament_index/resource_index
[3.637s] creating /home/utilizador/charmie_ws/install/charmie_low_level/share/ament_index/resource_index/packages
[3.637s] copying resource/charmie_low_level -> /home/utilizador/charmie_ws/install/charmie_low_level/share/ament_index/resource_index/packages
[3.638s] copying package.xml -> /home/utilizador/charmie_ws/install/charmie_low_level/share/charmie_low_level
[3.638s] running install_egg_info
[3.649s] Copying ../../build/charmie_low_level/charmie_low_level.egg-info to /home/utilizador/charmie_ws/install/charmie_low_level/lib/python3.8/site-packages/charmie_low_level-0.0.0-py3.8.egg-info
[3.650s] running install_scripts
[3.722s] Installing low_level script to /home/utilizador/charmie_ws/install/charmie_low_level/lib/charmie_low_level
[3.722s] writing list of installed files to '/home/utilizador/charmie_ws/build/charmie_low_level/install.log'
[4.595s] Invoked command in '/home/utilizador/charmie_ws/src/charmie_low_level' returned '0': AMENT_PREFIX_PATH=/home/utilizador/charmie_ws/install/charmie_interfaces:${AMENT_PREFIX_PATH} CMAKE_PREFIX_PATH=/home/utilizador/charmie_ws/install/charmie_interfaces LD_LIBRARY_PATH=/home/utilizador/charmie_ws/install/charmie_interfaces/lib:${LD_LIBRARY_PATH} PYTHONPATH=/home/utilizador/charmie_ws/build/charmie_low_level/prefix_override:/home/utilizador/charmie_ws/install/charmie_low_level/lib/python3.8/site-packages:/home/utilizador/charmie_ws/install/charmie_interfaces/lib/python3.8/site-packages:${PYTHONPATH} /usr/bin/python3 setup.py egg_info --egg-base ../../build/charmie_low_level build --build-base /home/utilizador/charmie_ws/build/charmie_low_level/build install --record /home/utilizador/charmie_ws/build/charmie_low_level/install.log --install-scripts $base/lib/charmie_low_level --single-version-externally-managed
