[0.371s] Invoking command in '/home/utilizador/charmie_ws/build/charmie_interfaces': CMAKE_PREFIX_PATH=/home/utilizador/charmie_ws/install/test2:/home/utilizador/charmie_ws/install/my_robot_controller:/home/utilizador/charmie_ws/install/charmie_neck_dynamixel:/home/utilizador/charmie_ws/install/charmie_low_level:/home/utilizador/charmie_ws/install/charmie_debug:/opt/ros/foxy /usr/bin/cmake /home/utilizador/charmie_ws/src/charmie_interfaces -DAMENT_CMAKE_SYMLINK_INSTALL=1 -DCMAKE_INSTALL_PREFIX=/home/utilizador/charmie_ws/install/charmie_interfaces
[1.565s] -- The C compiler identification is GNU 9.4.0
[1.566s] -- The CXX compiler identification is GNU 9.4.0
[1.566s] -- Check for working C compiler: /usr/bin/cc
[1.568s] -- Check for working C compiler: /usr/bin/cc -- works
[1.569s] -- Detecting C compiler ABI info
[1.571s] -- Detecting C compiler ABI info - done
[1.571s] -- Detecting C compile features
[1.572s] -- Detecting C compile features - done
[1.572s] -- Check for working CXX compiler: /usr/bin/c++
[1.573s] -- Check for working CXX compiler: /usr/bin/c++ -- works
[1.573s] -- Detecting CXX compiler ABI info
[1.576s] -- Detecting CXX compiler ABI info - done
[1.576s] -- Detecting CXX compile features
[1.576s] -- Detecting CXX compile features - done
[1.577s] -- Found ament_cmake: 0.9.11 (/opt/ros/foxy/share/ament_cmake/cmake)
[1.577s] -- Found PythonInterp: /usr/bin/python3 (found suitable version "3.8.10", minimum required is "3") 
[1.577s] -- Using PYTHON_EXECUTABLE: /usr/bin/python3
[1.577s] -- Override CMake install command with custom implementation using symlinks instead of copying resources
[1.577s] -- Found rosidl_default_generators: 1.0.1 (/opt/ros/foxy/share/rosidl_default_generators/cmake)
[1.577s] -- Using all available rosidl_typesupport_c: rosidl_typesupport_fastrtps_c;rosidl_typesupport_introspection_c
[1.577s] -- Found rosidl_adapter: 1.3.0 (/opt/ros/foxy/share/rosidl_adapter/cmake)
[1.578s] -- Found OpenSSL: /usr/lib/x86_64-linux-gnu/libcrypto.so (found version "1.1.1f")  
[1.578s] -- Found FastRTPS: /opt/ros/foxy/include  
[1.578s] -- Using all available rosidl_typesupport_cpp: rosidl_typesupport_fastrtps_cpp;rosidl_typesupport_introspection_cpp
[1.578s] -- Found geometry_msgs: 2.0.5 (/opt/ros/foxy/share/geometry_msgs/cmake)
[1.630s] -- Found PythonInterp: /usr/bin/python3 (found version "3.8.10") 
[2.015s] -- Found ament_cmake_ros: 0.9.2 (/opt/ros/foxy/share/ament_cmake_ros/cmake)
[2.470s] -- Using all available rosidl_typesupport_c: rosidl_typesupport_fastrtps_c;rosidl_typesupport_introspection_c
[2.718s] -- Using all available rosidl_typesupport_cpp: rosidl_typesupport_fastrtps_cpp;rosidl_typesupport_introspection_cpp
[2.784s] -- Found PythonInterp: /usr/bin/python3 (found suitable version "3.8.10", minimum required is "3.5") 
[2.785s] -- Found python_cmake_module: 0.8.1 (/opt/ros/foxy/share/python_cmake_module/cmake)
[2.858s] -- Found PythonLibs: /usr/lib/x86_64-linux-gnu/libpython3.8.so (found suitable version "3.8.10", minimum required is "3.5") 
[2.858s] -- Using PYTHON_EXECUTABLE: /usr/bin/python3
[2.858s] -- Using PYTHON_INCLUDE_DIRS: /usr/include/python3.8
[2.859s] -- Using PYTHON_LIBRARIES: /usr/lib/x86_64-linux-gnu/libpython3.8.so
[2.892s] -- Found PythonExtra: .so  
[3.024s] -- Configuring done
[3.102s] -- Generating done
[3.110s] -- Build files have been written to: /home/utilizador/charmie_ws/build/charmie_interfaces
[3.144s] Invoked command in '/home/utilizador/charmie_ws/build/charmie_interfaces' returned '0': CMAKE_PREFIX_PATH=/home/utilizador/charmie_ws/install/test2:/home/utilizador/charmie_ws/install/my_robot_controller:/home/utilizador/charmie_ws/install/charmie_neck_dynamixel:/home/utilizador/charmie_ws/install/charmie_low_level:/home/utilizador/charmie_ws/install/charmie_debug:/opt/ros/foxy /usr/bin/cmake /home/utilizador/charmie_ws/src/charmie_interfaces -DAMENT_CMAKE_SYMLINK_INSTALL=1 -DCMAKE_INSTALL_PREFIX=/home/utilizador/charmie_ws/install/charmie_interfaces
[3.146s] Invoking command in '/home/utilizador/charmie_ws/build/charmie_interfaces': CMAKE_PREFIX_PATH=/home/utilizador/charmie_ws/install/test2:/home/utilizador/charmie_ws/install/my_robot_controller:/home/utilizador/charmie_ws/install/charmie_neck_dynamixel:/home/utilizador/charmie_ws/install/charmie_low_level:/home/utilizador/charmie_ws/install/charmie_debug:/opt/ros/foxy /usr/bin/cmake --build /home/utilizador/charmie_ws/build/charmie_interfaces -- -j8 -l8
[3.196s] [  2%] [34m[1mGenerating C code for ROS interfaces[0m
[3.197s] [35m[1mScanning dependencies of target charmie_interfaces__cpp[0m
[3.209s] [  5%] [34m[1mGenerating C++ code for ROS interfaces[0m
[3.536s] [35m[1mScanning dependencies of target charmie_interfaces__rosidl_generator_c[0m
[3.547s] [  5%] Built target charmie_interfaces__cpp
[3.553s] [ 10%] [32mBuilding C object CMakeFiles/charmie_interfaces__rosidl_generator_c.dir/rosidl_generator_c/charmie_interfaces/msg/detail/example_tr__functions.c.o[0m
[3.553s] [ 10%] [32mBuilding C object CMakeFiles/charmie_interfaces__rosidl_generator_c.dir/rosidl_generator_c/charmie_interfaces/msg/detail/encoders__functions.c.o[0m
[3.560s] [ 12%] [34m[1mGenerating C++ type support for eProsima Fast-RTPS[0m
[3.563s] [ 17%] [34m[1mGenerating C++ type support dispatch for ROS interfaces[0m
[3.564s] [ 17%] [34m[1mGenerating C++ introspection for ROS interfaces[0m
[3.629s] [ 20%] [32m[1mLinking C shared library libcharmie_interfaces__rosidl_generator_c.so[0m
[3.675s] [ 20%] Built target charmie_interfaces__rosidl_generator_c
[3.688s] [ 23%] [34m[1mGenerating C introspection for ROS interfaces[0m
[3.691s] [ 25%] [34m[1mGenerating C type support dispatch for ROS interfaces[0m
[3.867s] [35m[1mScanning dependencies of target charmie_interfaces__rosidl_typesupport_cpp[0m
[3.884s] [ 28%] [32mBuilding CXX object CMakeFiles/charmie_interfaces__rosidl_typesupport_cpp.dir/rosidl_typesupport_cpp/charmie_interfaces/msg/example_tr__type_support.cpp.o[0m
[3.888s] [ 30%] [32mBuilding CXX object CMakeFiles/charmie_interfaces__rosidl_typesupport_cpp.dir/rosidl_typesupport_cpp/charmie_interfaces/msg/encoders__type_support.cpp.o[0m
[3.915s] [35m[1mScanning dependencies of target charmie_interfaces__rosidl_typesupport_fastrtps_cpp[0m
[3.941s] [ 35%] [32mBuilding CXX object CMakeFiles/charmie_interfaces__rosidl_typesupport_fastrtps_cpp.dir/rosidl_typesupport_fastrtps_cpp/charmie_interfaces/msg/detail/dds_fastrtps/encoders__type_support.cpp.o[0m
[3.942s] [ 35%] [32mBuilding CXX object CMakeFiles/charmie_interfaces__rosidl_typesupport_fastrtps_cpp.dir/rosidl_typesupport_fastrtps_cpp/charmie_interfaces/msg/detail/dds_fastrtps/example_tr__type_support.cpp.o[0m
[3.970s] [35m[1mScanning dependencies of target charmie_interfaces__rosidl_typesupport_introspection_cpp[0m
[3.992s] [ 38%] [32mBuilding CXX object CMakeFiles/charmie_interfaces__rosidl_typesupport_introspection_cpp.dir/rosidl_typesupport_introspection_cpp/charmie_interfaces/msg/detail/example_tr__type_support.cpp.o[0m
[4.006s] [ 41%] [32mBuilding CXX object CMakeFiles/charmie_interfaces__rosidl_typesupport_introspection_cpp.dir/rosidl_typesupport_introspection_cpp/charmie_interfaces/msg/detail/encoders__type_support.cpp.o[0m
[4.112s] [35m[1mScanning dependencies of target charmie_interfaces__rosidl_typesupport_c[0m
[4.130s] [35m[1mScanning dependencies of target charmie_interfaces__rosidl_typesupport_introspection_c[0m
[4.146s] [ 43%] [32mBuilding CXX object CMakeFiles/charmie_interfaces__rosidl_typesupport_c.dir/rosidl_typesupport_c/charmie_interfaces/msg/example_tr__type_support.cpp.o[0m
[4.168s] [ 46%] [32mBuilding C object CMakeFiles/charmie_interfaces__rosidl_typesupport_introspection_c.dir/rosidl_typesupport_introspection_c/charmie_interfaces/msg/detail/example_tr__type_support.c.o[0m
[4.255s] [ 48%] [32mBuilding CXX object CMakeFiles/charmie_interfaces__rosidl_typesupport_c.dir/rosidl_typesupport_c/charmie_interfaces/msg/encoders__type_support.cpp.o[0m
[4.273s] [ 51%] [32mBuilding C object CMakeFiles/charmie_interfaces__rosidl_typesupport_introspection_c.dir/rosidl_typesupport_introspection_c/charmie_interfaces/msg/detail/encoders__type_support.c.o[0m
[4.344s] [ 53%] [32m[1mLinking C shared library libcharmie_interfaces__rosidl_typesupport_introspection_c.so[0m
[4.352s] [ 56%] [32m[1mLinking CXX shared library libcharmie_interfaces__rosidl_typesupport_c.so[0m
[4.404s] [ 56%] Built target charmie_interfaces__rosidl_typesupport_introspection_c
[4.429s] [ 56%] Built target charmie_interfaces__rosidl_typesupport_c
[4.453s] [ 58%] [32m[1mLinking CXX shared library libcharmie_interfaces__rosidl_typesupport_cpp.so[0m
[4.519s] [ 61%] [32m[1mLinking CXX shared library libcharmie_interfaces__rosidl_typesupport_introspection_cpp.so[0m
[4.522s] [ 61%] Built target charmie_interfaces__rosidl_typesupport_cpp
[4.594s] [ 61%] Built target charmie_interfaces__rosidl_typesupport_introspection_cpp
[4.641s] [ 64%] [32m[1mLinking CXX shared library libcharmie_interfaces__rosidl_typesupport_fastrtps_cpp.so[0m
[4.752s] [ 64%] Built target charmie_interfaces__rosidl_typesupport_fastrtps_cpp
[4.766s] [ 66%] [34m[1mGenerating C type support for eProsima Fast-RTPS[0m
[5.044s] [35m[1mScanning dependencies of target charmie_interfaces__rosidl_typesupport_fastrtps_c[0m
[5.067s] [ 71%] [32mBuilding CXX object CMakeFiles/charmie_interfaces__rosidl_typesupport_fastrtps_c.dir/rosidl_typesupport_fastrtps_c/charmie_interfaces/msg/detail/encoders__type_support_c.cpp.o[0m
[5.067s] [ 71%] [32mBuilding CXX object CMakeFiles/charmie_interfaces__rosidl_typesupport_fastrtps_c.dir/rosidl_typesupport_fastrtps_c/charmie_interfaces/msg/detail/example_tr__type_support_c.cpp.o[0m
[5.435s] [ 74%] [32m[1mLinking CXX shared library libcharmie_interfaces__rosidl_typesupport_fastrtps_c.so[0m
[5.550s] [ 74%] Built target charmie_interfaces__rosidl_typesupport_fastrtps_c
[5.563s] [35m[1mScanning dependencies of target charmie_interfaces[0m
[5.578s] [ 74%] Built target charmie_interfaces
[5.592s] [35m[1mScanning dependencies of target charmie_interfaces__py[0m
[5.606s] [ 76%] [34m[1mGenerating Python code for ROS interfaces[0m
[6.089s] [ 76%] Built target charmie_interfaces__py
[6.100s] [35m[1mScanning dependencies of target charmie_interfaces__python[0m
[6.140s] [ 82%] [32mBuilding C object CMakeFiles/charmie_interfaces__python.dir/rosidl_generator_py/charmie_interfaces/msg/_encoders_s.c.o[0m
[6.140s] [ 82%] [32mBuilding C object CMakeFiles/charmie_interfaces__python.dir/rosidl_generator_py/charmie_interfaces/msg/_example_tr_s.c.o[0m
[6.244s] [ 84%] [32m[1mLinking C shared library rosidl_generator_py/charmie_interfaces/libcharmie_interfaces__python.so[0m
[6.301s] [ 84%] Built target charmie_interfaces__python
[6.314s] [35m[1mScanning dependencies of target charmie_interfaces__rosidl_typesupport_c__pyext[0m
[6.314s] [35m[1mScanning dependencies of target charmie_interfaces__rosidl_typesupport_introspection_c__pyext[0m
[6.314s] [35m[1mScanning dependencies of target charmie_interfaces__rosidl_typesupport_fastrtps_c__pyext[0m
[6.335s] [ 87%] [32mBuilding C object CMakeFiles/charmie_interfaces__rosidl_typesupport_c__pyext.dir/rosidl_generator_py/charmie_interfaces/_charmie_interfaces_s.ep.rosidl_typesupport_c.c.o[0m
[6.335s] [ 89%] [32mBuilding C object CMakeFiles/charmie_interfaces__rosidl_typesupport_introspection_c__pyext.dir/rosidl_generator_py/charmie_interfaces/_charmie_interfaces_s.ep.rosidl_typesupport_introspection_c.c.o[0m
[6.338s] [ 92%] [32mBuilding C object CMakeFiles/charmie_interfaces__rosidl_typesupport_fastrtps_c__pyext.dir/rosidl_generator_py/charmie_interfaces/_charmie_interfaces_s.ep.rosidl_typesupport_fastrtps_c.c.o[0m
[6.419s] [ 94%] [32m[1mLinking C shared library rosidl_generator_py/charmie_interfaces/charmie_interfaces_s__rosidl_typesupport_c.cpython-38-x86_64-linux-gnu.so[0m
[6.420s] [ 97%] [32m[1mLinking C shared library rosidl_generator_py/charmie_interfaces/charmie_interfaces_s__rosidl_typesupport_introspection_c.cpython-38-x86_64-linux-gnu.so[0m
[6.427s] [100%] [32m[1mLinking CXX shared library rosidl_generator_py/charmie_interfaces/charmie_interfaces_s__rosidl_typesupport_fastrtps_c.cpython-38-x86_64-linux-gnu.so[0m
[6.463s] [100%] Built target charmie_interfaces__rosidl_typesupport_c__pyext
[6.463s] [100%] Built target charmie_interfaces__rosidl_typesupport_introspection_c__pyext
[6.505s] [100%] Built target charmie_interfaces__rosidl_typesupport_fastrtps_c__pyext
[6.517s] Invoked command in '/home/utilizador/charmie_ws/build/charmie_interfaces' returned '0': CMAKE_PREFIX_PATH=/home/utilizador/charmie_ws/install/test2:/home/utilizador/charmie_ws/install/my_robot_controller:/home/utilizador/charmie_ws/install/charmie_neck_dynamixel:/home/utilizador/charmie_ws/install/charmie_low_level:/home/utilizador/charmie_ws/install/charmie_debug:/opt/ros/foxy /usr/bin/cmake --build /home/utilizador/charmie_ws/build/charmie_interfaces -- -j8 -l8
[6.584s] Invoking command in '/home/utilizador/charmie_ws/build/charmie_interfaces': CMAKE_PREFIX_PATH=/home/utilizador/charmie_ws/install/test2:/home/utilizador/charmie_ws/install/my_robot_controller:/home/utilizador/charmie_ws/install/charmie_neck_dynamixel:/home/utilizador/charmie_ws/install/charmie_low_level:/home/utilizador/charmie_ws/install/charmie_debug:/opt/ros/foxy /usr/bin/cmake --install /home/utilizador/charmie_ws/build/charmie_interfaces
[6.595s] -- Install configuration: ""
[6.595s] -- Execute custom install script
[6.596s] -- Symlinking: /home/utilizador/charmie_ws/install/charmie_interfaces/share/ament_index/resource_index/rosidl_interfaces/charmie_interfaces
[6.608s] -- Symlinking: /home/utilizador/charmie_ws/install/charmie_interfaces/include/charmie_interfaces/msg/detail/encoders__functions.h
[6.619s] -- Symlinking: /home/utilizador/charmie_ws/install/charmie_interfaces/include/charmie_interfaces/msg/detail/encoders__struct.h
[6.629s] -- Symlinking: /home/utilizador/charmie_ws/install/charmie_interfaces/include/charmie_interfaces/msg/detail/encoders__type_support.h
[6.640s] -- Symlinking: /home/utilizador/charmie_ws/install/charmie_interfaces/include/charmie_interfaces/msg/detail/example_tr__functions.h
[6.653s] -- Symlinking: /home/utilizador/charmie_ws/install/charmie_interfaces/include/charmie_interfaces/msg/detail/example_tr__struct.h
[6.663s] -- Symlinking: /home/utilizador/charmie_ws/install/charmie_interfaces/include/charmie_interfaces/msg/detail/example_tr__type_support.h
[6.673s] -- Symlinking: /home/utilizador/charmie_ws/install/charmie_interfaces/include/charmie_interfaces/msg/encoders.h
[6.684s] -- Symlinking: /home/utilizador/charmie_ws/install/charmie_interfaces/include/charmie_interfaces/msg/example_tr.h
[6.693s] -- Symlinking: /home/utilizador/charmie_ws/install/charmie_interfaces/include/charmie_interfaces/msg/rosidl_generator_c__visibility_control.h
[6.703s] -- Symlinking: /home/utilizador/charmie_ws/install/charmie_interfaces/share/charmie_interfaces/environment/library_path.sh
[6.713s] -- Symlinking: /home/utilizador/charmie_ws/install/charmie_interfaces/share/charmie_interfaces/environment/library_path.dsv
[6.723s] -- Symlinking: /home/utilizador/charmie_ws/install/charmie_interfaces/include/charmie_interfaces/msg/detail/encoders__rosidl_typesupport_fastrtps_c.h
[6.735s] -- Symlinking: /home/utilizador/charmie_ws/install/charmie_interfaces/include/charmie_interfaces/msg/detail/example_tr__rosidl_typesupport_fastrtps_c.h
[6.745s] -- Symlinking: /home/utilizador/charmie_ws/install/charmie_interfaces/include/charmie_interfaces/msg/rosidl_typesupport_fastrtps_c__visibility_control.h
[6.755s] -- Symlinking: /home/utilizador/charmie_ws/install/charmie_interfaces/lib/libcharmie_interfaces__rosidl_typesupport_fastrtps_c.so
[6.766s] -- Symlinking: /home/utilizador/charmie_ws/install/charmie_interfaces/include/charmie_interfaces/msg/detail/encoders__rosidl_typesupport_fastrtps_cpp.hpp
[6.777s] -- Symlinking: /home/utilizador/charmie_ws/install/charmie_interfaces/include/charmie_interfaces/msg/detail/example_tr__rosidl_typesupport_fastrtps_cpp.hpp
[6.787s] -- Symlinking: /home/utilizador/charmie_ws/install/charmie_interfaces/include/charmie_interfaces/msg/rosidl_typesupport_fastrtps_cpp__visibility_control.h
[6.797s] -- Symlinking: /home/utilizador/charmie_ws/install/charmie_interfaces/lib/libcharmie_interfaces__rosidl_typesupport_fastrtps_cpp.so
[6.810s] -- Symlinking: /home/utilizador/charmie_ws/install/charmie_interfaces/include/charmie_interfaces/msg/detail/encoders__rosidl_typesupport_introspection_c.h
[6.821s] -- Symlinking: /home/utilizador/charmie_ws/install/charmie_interfaces/include/charmie_interfaces/msg/detail/example_tr__rosidl_typesupport_introspection_c.h
[6.832s] -- Symlinking: /home/utilizador/charmie_ws/install/charmie_interfaces/include/charmie_interfaces/msg/rosidl_typesupport_introspection_c__visibility_control.h
[6.844s] -- Symlinking: /home/utilizador/charmie_ws/install/charmie_interfaces/include/charmie_interfaces/msg/detail/encoders__builder.hpp
[6.855s] -- Symlinking: /home/utilizador/charmie_ws/install/charmie_interfaces/include/charmie_interfaces/msg/detail/encoders__struct.hpp
[6.869s] -- Symlinking: /home/utilizador/charmie_ws/install/charmie_interfaces/include/charmie_interfaces/msg/detail/encoders__traits.hpp
[6.878s] -- Symlinking: /home/utilizador/charmie_ws/install/charmie_interfaces/include/charmie_interfaces/msg/detail/example_tr__builder.hpp
[6.888s] -- Symlinking: /home/utilizador/charmie_ws/install/charmie_interfaces/include/charmie_interfaces/msg/detail/example_tr__struct.hpp
[6.897s] -- Symlinking: /home/utilizador/charmie_ws/install/charmie_interfaces/include/charmie_interfaces/msg/detail/example_tr__traits.hpp
[6.907s] -- Symlinking: /home/utilizador/charmie_ws/install/charmie_interfaces/include/charmie_interfaces/msg/encoders.hpp
[6.917s] -- Symlinking: /home/utilizador/charmie_ws/install/charmie_interfaces/include/charmie_interfaces/msg/example_tr.hpp
[6.927s] -- Symlinking: /home/utilizador/charmie_ws/install/charmie_interfaces/include/charmie_interfaces/msg/detail/encoders__rosidl_typesupport_introspection_cpp.hpp
[6.937s] -- Symlinking: /home/utilizador/charmie_ws/install/charmie_interfaces/include/charmie_interfaces/msg/detail/example_tr__rosidl_typesupport_introspection_cpp.hpp
[6.947s] -- Symlinking: /home/utilizador/charmie_ws/install/charmie_interfaces/share/charmie_interfaces/environment/pythonpath.sh
[6.957s] -- Symlinking: /home/utilizador/charmie_ws/install/charmie_interfaces/share/charmie_interfaces/environment/pythonpath.dsv
[6.967s] -- Symlinking: /home/utilizador/charmie_ws/install/charmie_interfaces/lib/python3.8/site-packages/charmie_interfaces/__init__.py
[6.980s] -- Symlinking: /home/utilizador/charmie_ws/install/charmie_interfaces/lib/python3.8/site-packages/charmie_interfaces/msg/__init__.py
[6.991s] -- Symlinking: /home/utilizador/charmie_ws/install/charmie_interfaces/lib/python3.8/site-packages/charmie_interfaces/msg/_encoders.py
[7.001s] -- Symlinking: /home/utilizador/charmie_ws/install/charmie_interfaces/lib/python3.8/site-packages/charmie_interfaces/msg/_example_tr.py
[7.010s] -- Symlinking: /home/utilizador/charmie_ws/install/charmie_interfaces/lib/python3.8/site-packages/charmie_interfaces/charmie_interfaces_s__rosidl_typesupport_fastrtps_c.cpython-38-x86_64-linux-gnu.so
[7.020s] -- Symlinking: /home/utilizador/charmie_ws/install/charmie_interfaces/lib/python3.8/site-packages/charmie_interfaces/charmie_interfaces_s__rosidl_typesupport_introspection_c.cpython-38-x86_64-linux-gnu.so
[7.031s] -- Symlinking: /home/utilizador/charmie_ws/install/charmie_interfaces/lib/python3.8/site-packages/charmie_interfaces/charmie_interfaces_s__rosidl_typesupport_c.cpython-38-x86_64-linux-gnu.so
[7.042s] -- Symlinking: /home/utilizador/charmie_ws/install/charmie_interfaces/lib/libcharmie_interfaces__python.so
[7.052s] -- Symlinking: /home/utilizador/charmie_ws/install/charmie_interfaces/share/charmie_interfaces/msg/ExampleTR.idl
[7.062s] -- Symlinking: /home/utilizador/charmie_ws/install/charmie_interfaces/share/charmie_interfaces/msg/Encoders.idl
[7.072s] -- Symlinking: /home/utilizador/charmie_ws/install/charmie_interfaces/share/charmie_interfaces/msg/ExampleTR.msg
[7.081s] -- Symlinking: /home/utilizador/charmie_ws/install/charmie_interfaces/share/charmie_interfaces/msg/Encoders.msg
[7.091s] -- Symlinking: /home/utilizador/charmie_ws/install/charmie_interfaces/share/ament_index/resource_index/package_run_dependencies/charmie_interfaces
[7.101s] -- Symlinking: /home/utilizador/charmie_ws/install/charmie_interfaces/share/ament_index/resource_index/parent_prefix_path/charmie_interfaces
[7.111s] -- Symlinking: /home/utilizador/charmie_ws/install/charmie_interfaces/share/charmie_interfaces/environment/ament_prefix_path.sh
[7.121s] -- Symlinking: /home/utilizador/charmie_ws/install/charmie_interfaces/share/charmie_interfaces/environment/ament_prefix_path.dsv
[7.131s] -- Symlinking: /home/utilizador/charmie_ws/install/charmie_interfaces/share/charmie_interfaces/environment/path.sh
[7.142s] -- Symlinking: /home/utilizador/charmie_ws/install/charmie_interfaces/share/charmie_interfaces/environment/path.dsv
[7.152s] -- Symlinking: /home/utilizador/charmie_ws/install/charmie_interfaces/share/charmie_interfaces/local_setup.bash
[7.162s] -- Symlinking: /home/utilizador/charmie_ws/install/charmie_interfaces/share/charmie_interfaces/local_setup.sh
[7.172s] -- Symlinking: /home/utilizador/charmie_ws/install/charmie_interfaces/share/charmie_interfaces/local_setup.zsh
[7.182s] -- Symlinking: /home/utilizador/charmie_ws/install/charmie_interfaces/share/charmie_interfaces/local_setup.dsv
[7.191s] -- Symlinking: /home/utilizador/charmie_ws/install/charmie_interfaces/share/charmie_interfaces/package.dsv
[7.201s] -- Symlinking: /home/utilizador/charmie_ws/install/charmie_interfaces/share/ament_index/resource_index/packages/charmie_interfaces
[7.211s] -- Symlinking: /home/utilizador/charmie_ws/install/charmie_interfaces/share/charmie_interfaces/cmake/rosidl_cmake-extras.cmake
[7.221s] -- Symlinking: /home/utilizador/charmie_ws/install/charmie_interfaces/share/charmie_interfaces/cmake/ament_cmake_export_dependencies-extras.cmake
[7.232s] -- Symlinking: /home/utilizador/charmie_ws/install/charmie_interfaces/share/charmie_interfaces/cmake/ament_cmake_export_libraries-extras.cmake
[7.242s] -- Symlinking: /home/utilizador/charmie_ws/install/charmie_interfaces/share/charmie_interfaces/cmake/ament_cmake_export_targets-extras.cmake
[7.251s] -- Symlinking: /home/utilizador/charmie_ws/install/charmie_interfaces/share/charmie_interfaces/cmake/ament_cmake_export_include_directories-extras.cmake
[7.262s] -- Symlinking: /home/utilizador/charmie_ws/install/charmie_interfaces/share/charmie_interfaces/cmake/rosidl_cmake_export_typesupport_libraries-extras.cmake
[7.273s] -- Symlinking: /home/utilizador/charmie_ws/install/charmie_interfaces/share/charmie_interfaces/cmake/rosidl_cmake_export_typesupport_targets-extras.cmake
[7.285s] -- Symlinking: /home/utilizador/charmie_ws/install/charmie_interfaces/share/charmie_interfaces/cmake/charmie_interfacesConfig.cmake
[7.296s] -- Symlinking: /home/utilizador/charmie_ws/install/charmie_interfaces/share/charmie_interfaces/cmake/charmie_interfacesConfig-version.cmake
[7.309s] -- Symlinking: /home/utilizador/charmie_ws/install/charmie_interfaces/share/charmie_interfaces/package.xml
[7.319s] -- Installing: /home/utilizador/charmie_ws/install/charmie_interfaces/lib/libcharmie_interfaces__rosidl_generator_c.so
[7.319s] -- Set runtime path of "/home/utilizador/charmie_ws/install/charmie_interfaces/lib/libcharmie_interfaces__rosidl_generator_c.so" to ""
[7.319s] -- Installing: /home/utilizador/charmie_ws/install/charmie_interfaces/lib/libcharmie_interfaces__rosidl_typesupport_introspection_c.so
[7.320s] -- Set runtime path of "/home/utilizador/charmie_ws/install/charmie_interfaces/lib/libcharmie_interfaces__rosidl_typesupport_introspection_c.so" to ""
[7.320s] -- Installing: /home/utilizador/charmie_ws/install/charmie_interfaces/lib/libcharmie_interfaces__rosidl_typesupport_c.so
[7.320s] -- Set runtime path of "/home/utilizador/charmie_ws/install/charmie_interfaces/lib/libcharmie_interfaces__rosidl_typesupport_c.so" to ""
[7.321s] -- Installing: /home/utilizador/charmie_ws/install/charmie_interfaces/lib/libcharmie_interfaces__rosidl_typesupport_introspection_cpp.so
[7.321s] -- Set runtime path of "/home/utilizador/charmie_ws/install/charmie_interfaces/lib/libcharmie_interfaces__rosidl_typesupport_introspection_cpp.so" to ""
[7.321s] -- Installing: /home/utilizador/charmie_ws/install/charmie_interfaces/lib/libcharmie_interfaces__rosidl_typesupport_cpp.so
[7.321s] -- Set runtime path of "/home/utilizador/charmie_ws/install/charmie_interfaces/lib/libcharmie_interfaces__rosidl_typesupport_cpp.so" to ""
[7.362s] Compiling '/home/utilizador/charmie_ws/install/charmie_interfaces/lib/python3.8/site-packages/charmie_interfaces/__init__.py'...
[7.369s] -- Installing: /home/utilizador/charmie_ws/install/charmie_interfaces/share/charmie_interfaces/cmake/charmie_interfaces__rosidl_generator_cExport.cmake
[7.369s] -- Installing: /home/utilizador/charmie_ws/install/charmie_interfaces/share/charmie_interfaces/cmake/charmie_interfaces__rosidl_generator_cExport-noconfig.cmake
[7.369s] -- Installing: /home/utilizador/charmie_ws/install/charmie_interfaces/share/charmie_interfaces/cmake/charmie_interfaces__rosidl_typesupport_introspection_cExport.cmake
[7.370s] -- Installing: /home/utilizador/charmie_ws/install/charmie_interfaces/share/charmie_interfaces/cmake/charmie_interfaces__rosidl_typesupport_introspection_cExport-noconfig.cmake
[7.370s] -- Installing: /home/utilizador/charmie_ws/install/charmie_interfaces/share/charmie_interfaces/cmake/charmie_interfaces__rosidl_typesupport_cExport.cmake
[7.370s] -- Installing: /home/utilizador/charmie_ws/install/charmie_interfaces/share/charmie_interfaces/cmake/charmie_interfaces__rosidl_typesupport_cExport-noconfig.cmake
[7.370s] -- Installing: /home/utilizador/charmie_ws/install/charmie_interfaces/share/charmie_interfaces/cmake/charmie_interfaces__rosidl_generator_cppExport.cmake
[7.371s] -- Installing: /home/utilizador/charmie_ws/install/charmie_interfaces/share/charmie_interfaces/cmake/charmie_interfaces__rosidl_typesupport_introspection_cppExport.cmake
[7.371s] -- Installing: /home/utilizador/charmie_ws/install/charmie_interfaces/share/charmie_interfaces/cmake/charmie_interfaces__rosidl_typesupport_introspection_cppExport-noconfig.cmake
[7.371s] -- Installing: /home/utilizador/charmie_ws/install/charmie_interfaces/share/charmie_interfaces/cmake/charmie_interfaces__rosidl_typesupport_cppExport.cmake
[7.371s] -- Installing: /home/utilizador/charmie_ws/install/charmie_interfaces/share/charmie_interfaces/cmake/charmie_interfaces__rosidl_typesupport_cppExport-noconfig.cmake
[7.378s] Invoked command in '/home/utilizador/charmie_ws/build/charmie_interfaces' returned '0': CMAKE_PREFIX_PATH=/home/utilizador/charmie_ws/install/test2:/home/utilizador/charmie_ws/install/my_robot_controller:/home/utilizador/charmie_ws/install/charmie_neck_dynamixel:/home/utilizador/charmie_ws/install/charmie_low_level:/home/utilizador/charmie_ws/install/charmie_debug:/opt/ros/foxy /usr/bin/cmake --install /home/utilizador/charmie_ws/build/charmie_interfaces
