[7.493s] Invoking command in '/home/utilizador/charmie_ws/src/charmie_low_level': CMAKE_PREFIX_PATH=/home/utilizador/charmie_ws/install/charmie_interfaces:/home/utilizador/charmie_ws/install/realsense2_description:/home/utilizador/charmie_ws/install/realsense2_camera:/home/utilizador/charmie_ws/install/realsense2_camera_msgs:/home/utilizador/charmie_ws/install/charmie_bot LD_LIBRARY_PATH=/home/utilizador/charmie_ws/install/charmie_interfaces/lib:/home/utilizador/charmie_ws/install/realsense2_camera/lib:/home/utilizador/charmie_ws/install/realsense2_camera_msgs/lib:/opt/ros/foxy/opt/yaml_cpp_vendor/lib:/opt/ros/foxy/opt/rviz_ogre_vendor/lib:/opt/ros/foxy/lib/x86_64-linux-gnu:/opt/ros/foxy/lib PYTHONPATH=/home/utilizador/charmie_ws/build/charmie_low_level/prefix_override:/home/utilizador/charmie_ws/install/charmie_low_level/lib/python3.8/site-packages:/home/utilizador/charmie_ws/install/charmie_interfaces/lib/python3.8/site-packages:/home/utilizador/charmie_ws/install/yolo_obj/lib/python3.8/site-packages:/home/utilizador/charmie_ws/install/realsense2_camera_msgs/lib/python3.8/site-packages:/home/utilizador/charmie_ws/install/charmie_speakers/lib/python3.8/site-packages:/home/utilizador/charmie_ws/install/charmie_receptionist/lib/python3.8/site-packages:/home/utilizador/charmie_ws/install/charmie_ps4_controller/lib/python3.8/site-packages:/home/utilizador/charmie_ws/install/charmie_odometry/lib/python3.8/site-packages:/home/utilizador/charmie_ws/install/charmie_obstacles/lib/python3.8/site-packages:/home/utilizador/charmie_ws/install/charmie_neck_dynamixel/lib/python3.8/site-packages:/home/utilizador/charmie_ws/install/charmie_navigation_sdnl/lib/python3.8/site-packages:/home/utilizador/charmie_ws/install/charmie_low_level/lib/python3.8/site-packages:/home/utilizador/charmie_ws/install/charmie_localisation/lib/python3.8/site-packages:/home/utilizador/charmie_ws/install/charmie_lidar_hokuyo/lib/python3.8/site-packages:/home/utilizador/charmie_ws/install/charmie_inspection/lib/python3.8/site-packages:/home/utilizador/charmie_ws/install/charmie_debug/lib/python3.8/site-packages:/home/utilizador/charmie_ws/install/charmie_audio/lib/python3.8/site-packages:/home/utilizador/charmie_ws/install/charmie_face_shiningrgb/lib/python3.8/site-packages:/home/utilizador/charmie_ws/install/charmie_door_start/lib/python3.8/site-packages:/opt/ros/foxy/lib/python3.8/site-packages /usr/bin/python3 setup.py egg_info --egg-base ../../build/charmie_low_level build --build-base /home/utilizador/charmie_ws/build/charmie_low_level/build install --record /home/utilizador/charmie_ws/build/charmie_low_level/install.log --install-scripts $base/lib/charmie_low_level --single-version-externally-managed
[8.663s] running egg_info
[8.664s] creating ../../build/charmie_low_level/charmie_low_level.egg-info
[8.664s] writing ../../build/charmie_low_level/charmie_low_level.egg-info/PKG-INFO
[8.664s] writing dependency_links to ../../build/charmie_low_level/charmie_low_level.egg-info/dependency_links.txt
[8.664s] writing entry points to ../../build/charmie_low_level/charmie_low_level.egg-info/entry_points.txt
[8.664s] writing requirements to ../../build/charmie_low_level/charmie_low_level.egg-info/requires.txt
[8.665s] writing top-level names to ../../build/charmie_low_level/charmie_low_level.egg-info/top_level.txt
[8.666s] writing manifest file '../../build/charmie_low_level/charmie_low_level.egg-info/SOURCES.txt'
[8.862s] reading manifest file '../../build/charmie_low_level/charmie_low_level.egg-info/SOURCES.txt'
[8.863s] writing manifest file '../../build/charmie_low_level/charmie_low_level.egg-info/SOURCES.txt'
[8.870s] running build
[8.870s] running build_py
[8.870s] creating /home/utilizador/charmie_ws/build/charmie_low_level/build
[8.871s] creating /home/utilizador/charmie_ws/build/charmie_low_level/build/lib
[8.871s] creating /home/utilizador/charmie_ws/build/charmie_low_level/build/lib/charmie_low_level
[8.871s] copying charmie_low_level/low_level.py -> /home/utilizador/charmie_ws/build/charmie_low_level/build/lib/charmie_low_level
[8.871s] copying charmie_low_level/__init__.py -> /home/utilizador/charmie_ws/build/charmie_low_level/build/lib/charmie_low_level
[8.872s] running install
[8.874s] running install_lib
[8.877s] creating /home/utilizador/charmie_ws/install/charmie_low_level/lib/python3.8/site-packages/charmie_low_level
[8.877s] copying /home/utilizador/charmie_ws/build/charmie_low_level/build/lib/charmie_low_level/low_level.py -> /home/utilizador/charmie_ws/install/charmie_low_level/lib/python3.8/site-packages/charmie_low_level
[8.877s] copying /home/utilizador/charmie_ws/build/charmie_low_level/build/lib/charmie_low_level/__init__.py -> /home/utilizador/charmie_ws/install/charmie_low_level/lib/python3.8/site-packages/charmie_low_level
[8.890s] byte-compiling /home/utilizador/charmie_ws/install/charmie_low_level/lib/python3.8/site-packages/charmie_low_level/low_level.py to low_level.cpython-38.pyc
[8.899s] byte-compiling /home/utilizador/charmie_ws/install/charmie_low_level/lib/python3.8/site-packages/charmie_low_level/__init__.py to __init__.cpython-38.pyc
[8.899s] running install_data
[8.901s] creating /home/utilizador/charmie_ws/install/charmie_low_level/share/ament_index
[8.901s] creating /home/utilizador/charmie_ws/install/charmie_low_level/share/ament_index/resource_index
[8.901s] creating /home/utilizador/charmie_ws/install/charmie_low_level/share/ament_index/resource_index/packages
[8.902s] copying resource/charmie_low_level -> /home/utilizador/charmie_ws/install/charmie_low_level/share/ament_index/resource_index/packages
[8.902s] copying package.xml -> /home/utilizador/charmie_ws/install/charmie_low_level/share/charmie_low_level
[8.902s] running install_egg_info
[8.918s] Copying ../../build/charmie_low_level/charmie_low_level.egg-info to /home/utilizador/charmie_ws/install/charmie_low_level/lib/python3.8/site-packages/charmie_low_level-0.0.0-py3.8.egg-info
[8.920s] running install_scripts
[9.018s] Installing low_level script to /home/utilizador/charmie_ws/install/charmie_low_level/lib/charmie_low_level
[9.019s] writing list of installed files to '/home/utilizador/charmie_ws/build/charmie_low_level/install.log'
[9.751s] Invoked command in '/home/utilizador/charmie_ws/src/charmie_low_level' returned '0': CMAKE_PREFIX_PATH=/home/utilizador/charmie_ws/install/charmie_interfaces:/home/utilizador/charmie_ws/install/realsense2_description:/home/utilizador/charmie_ws/install/realsense2_camera:/home/utilizador/charmie_ws/install/realsense2_camera_msgs:/home/utilizador/charmie_ws/install/charmie_bot LD_LIBRARY_PATH=/home/utilizador/charmie_ws/install/charmie_interfaces/lib:/home/utilizador/charmie_ws/install/realsense2_camera/lib:/home/utilizador/charmie_ws/install/realsense2_camera_msgs/lib:/opt/ros/foxy/opt/yaml_cpp_vendor/lib:/opt/ros/foxy/opt/rviz_ogre_vendor/lib:/opt/ros/foxy/lib/x86_64-linux-gnu:/opt/ros/foxy/lib PYTHONPATH=/home/utilizador/charmie_ws/build/charmie_low_level/prefix_override:/home/utilizador/charmie_ws/install/charmie_low_level/lib/python3.8/site-packages:/home/utilizador/charmie_ws/install/charmie_interfaces/lib/python3.8/site-packages:/home/utilizador/charmie_ws/install/yolo_obj/lib/python3.8/site-packages:/home/utilizador/charmie_ws/install/realsense2_camera_msgs/lib/python3.8/site-packages:/home/utilizador/charmie_ws/install/charmie_speakers/lib/python3.8/site-packages:/home/utilizador/charmie_ws/install/charmie_receptionist/lib/python3.8/site-packages:/home/utilizador/charmie_ws/install/charmie_ps4_controller/lib/python3.8/site-packages:/home/utilizador/charmie_ws/install/charmie_odometry/lib/python3.8/site-packages:/home/utilizador/charmie_ws/install/charmie_obstacles/lib/python3.8/site-packages:/home/utilizador/charmie_ws/install/charmie_neck_dynamixel/lib/python3.8/site-packages:/home/utilizador/charmie_ws/install/charmie_navigation_sdnl/lib/python3.8/site-packages:/home/utilizador/charmie_ws/install/charmie_low_level/lib/python3.8/site-packages:/home/utilizador/charmie_ws/install/charmie_localisation/lib/python3.8/site-packages:/home/utilizador/charmie_ws/install/charmie_lidar_hokuyo/lib/python3.8/site-packages:/home/utilizador/charmie_ws/install/charmie_inspection/lib/python3.8/site-packages:/home/utilizador/charmie_ws/install/charmie_debug/lib/python3.8/site-packages:/home/utilizador/charmie_ws/install/charmie_audio/lib/python3.8/site-packages:/home/utilizador/charmie_ws/install/charmie_face_shiningrgb/lib/python3.8/site-packages:/home/utilizador/charmie_ws/install/charmie_door_start/lib/python3.8/site-packages:/opt/ros/foxy/lib/python3.8/site-packages /usr/bin/python3 setup.py egg_info --egg-base ../../build/charmie_low_level build --build-base /home/utilizador/charmie_ws/build/charmie_low_level/build install --record /home/utilizador/charmie_ws/build/charmie_low_level/install.log --install-scripts $base/lib/charmie_low_level --single-version-externally-managed
