[7.373s] Invoking command in '/home/utilizador/charmie_ws/src/charmie_navigation_sdnl': CMAKE_PREFIX_PATH=/home/utilizador/charmie_ws/install/charmie_interfaces:/home/utilizador/charmie_ws/install/realsense2_description:/home/utilizador/charmie_ws/install/realsense2_camera:/home/utilizador/charmie_ws/install/realsense2_camera_msgs:/home/utilizador/charmie_ws/install/charmie_bot LD_LIBRARY_PATH=/home/utilizador/charmie_ws/install/charmie_interfaces/lib:/home/utilizador/charmie_ws/install/realsense2_camera/lib:/home/utilizador/charmie_ws/install/realsense2_camera_msgs/lib:/opt/ros/foxy/opt/yaml_cpp_vendor/lib:/opt/ros/foxy/opt/rviz_ogre_vendor/lib:/opt/ros/foxy/lib/x86_64-linux-gnu:/opt/ros/foxy/lib PYTHONPATH=/home/utilizador/charmie_ws/build/charmie_navigation_sdnl/prefix_override:/home/utilizador/charmie_ws/install/charmie_navigation_sdnl/lib/python3.8/site-packages:/home/utilizador/charmie_ws/install/charmie_interfaces/lib/python3.8/site-packages:/home/utilizador/charmie_ws/install/yolo_obj/lib/python3.8/site-packages:/home/utilizador/charmie_ws/install/realsense2_camera_msgs/lib/python3.8/site-packages:/home/utilizador/charmie_ws/install/charmie_speakers/lib/python3.8/site-packages:/home/utilizador/charmie_ws/install/charmie_receptionist/lib/python3.8/site-packages:/home/utilizador/charmie_ws/install/charmie_ps4_controller/lib/python3.8/site-packages:/home/utilizador/charmie_ws/install/charmie_odometry/lib/python3.8/site-packages:/home/utilizador/charmie_ws/install/charmie_obstacles/lib/python3.8/site-packages:/home/utilizador/charmie_ws/install/charmie_neck_dynamixel/lib/python3.8/site-packages:/home/utilizador/charmie_ws/install/charmie_navigation_sdnl/lib/python3.8/site-packages:/home/utilizador/charmie_ws/install/charmie_low_level/lib/python3.8/site-packages:/home/utilizador/charmie_ws/install/charmie_localisation/lib/python3.8/site-packages:/home/utilizador/charmie_ws/install/charmie_lidar_hokuyo/lib/python3.8/site-packages:/home/utilizador/charmie_ws/install/charmie_inspection/lib/python3.8/site-packages:/home/utilizador/charmie_ws/install/charmie_debug/lib/python3.8/site-packages:/home/utilizador/charmie_ws/install/charmie_audio/lib/python3.8/site-packages:/home/utilizador/charmie_ws/install/charmie_face_shiningrgb/lib/python3.8/site-packages:/home/utilizador/charmie_ws/install/charmie_door_start/lib/python3.8/site-packages:/opt/ros/foxy/lib/python3.8/site-packages /usr/bin/python3 setup.py egg_info --egg-base ../../build/charmie_navigation_sdnl build --build-base /home/utilizador/charmie_ws/build/charmie_navigation_sdnl/build install --record /home/utilizador/charmie_ws/build/charmie_navigation_sdnl/install.log --install-scripts $base/lib/charmie_navigation_sdnl --single-version-externally-managed
[8.556s] running egg_info
[8.556s] creating ../../build/charmie_navigation_sdnl/charmie_navigation_sdnl.egg-info
[8.556s] writing ../../build/charmie_navigation_sdnl/charmie_navigation_sdnl.egg-info/PKG-INFO
[8.557s] writing dependency_links to ../../build/charmie_navigation_sdnl/charmie_navigation_sdnl.egg-info/dependency_links.txt
[8.557s] writing entry points to ../../build/charmie_navigation_sdnl/charmie_navigation_sdnl.egg-info/entry_points.txt
[8.557s] writing requirements to ../../build/charmie_navigation_sdnl/charmie_navigation_sdnl.egg-info/requires.txt
[8.557s] writing top-level names to ../../build/charmie_navigation_sdnl/charmie_navigation_sdnl.egg-info/top_level.txt
[8.560s] writing manifest file '../../build/charmie_navigation_sdnl/charmie_navigation_sdnl.egg-info/SOURCES.txt'
[8.767s] reading manifest file '../../build/charmie_navigation_sdnl/charmie_navigation_sdnl.egg-info/SOURCES.txt'
[8.769s] writing manifest file '../../build/charmie_navigation_sdnl/charmie_navigation_sdnl.egg-info/SOURCES.txt'
[8.769s] running build
[8.770s] running build_py
[8.770s] creating /home/utilizador/charmie_ws/build/charmie_navigation_sdnl/build
[8.770s] creating /home/utilizador/charmie_ws/build/charmie_navigation_sdnl/build/lib
[8.770s] creating /home/utilizador/charmie_ws/build/charmie_navigation_sdnl/build/lib/charmie_navigation_sdnl
[8.771s] copying charmie_navigation_sdnl/navigation.py -> /home/utilizador/charmie_ws/build/charmie_navigation_sdnl/build/lib/charmie_navigation_sdnl
[8.771s] copying charmie_navigation_sdnl/__init__.py -> /home/utilizador/charmie_ws/build/charmie_navigation_sdnl/build/lib/charmie_navigation_sdnl
[8.771s] running install
[8.774s] running install_lib
[8.782s] creating /home/utilizador/charmie_ws/install/charmie_navigation_sdnl/lib/python3.8/site-packages/charmie_navigation_sdnl
[8.783s] copying /home/utilizador/charmie_ws/build/charmie_navigation_sdnl/build/lib/charmie_navigation_sdnl/navigation.py -> /home/utilizador/charmie_ws/install/charmie_navigation_sdnl/lib/python3.8/site-packages/charmie_navigation_sdnl
[8.783s] copying /home/utilizador/charmie_ws/build/charmie_navigation_sdnl/build/lib/charmie_navigation_sdnl/__init__.py -> /home/utilizador/charmie_ws/install/charmie_navigation_sdnl/lib/python3.8/site-packages/charmie_navigation_sdnl
[8.785s] byte-compiling /home/utilizador/charmie_ws/install/charmie_navigation_sdnl/lib/python3.8/site-packages/charmie_navigation_sdnl/navigation.py to navigation.cpython-38.pyc
[8.812s] byte-compiling /home/utilizador/charmie_ws/install/charmie_navigation_sdnl/lib/python3.8/site-packages/charmie_navigation_sdnl/__init__.py to __init__.cpython-38.pyc
[8.814s] running install_data
[8.816s] creating /home/utilizador/charmie_ws/install/charmie_navigation_sdnl/share/ament_index
[8.816s] creating /home/utilizador/charmie_ws/install/charmie_navigation_sdnl/share/ament_index/resource_index
[8.816s] creating /home/utilizador/charmie_ws/install/charmie_navigation_sdnl/share/ament_index/resource_index/packages
[8.816s] copying resource/charmie_navigation_sdnl -> /home/utilizador/charmie_ws/install/charmie_navigation_sdnl/share/ament_index/resource_index/packages
[8.818s] copying package.xml -> /home/utilizador/charmie_ws/install/charmie_navigation_sdnl/share/charmie_navigation_sdnl
[8.819s] running install_egg_info
[8.826s] Copying ../../build/charmie_navigation_sdnl/charmie_navigation_sdnl.egg-info to /home/utilizador/charmie_ws/install/charmie_navigation_sdnl/lib/python3.8/site-packages/charmie_navigation_sdnl-0.0.0-py3.8.egg-info
[8.834s] running install_scripts
[8.935s] Installing navigation script to /home/utilizador/charmie_ws/install/charmie_navigation_sdnl/lib/charmie_navigation_sdnl
[8.936s] writing list of installed files to '/home/utilizador/charmie_ws/build/charmie_navigation_sdnl/install.log'
[9.651s] Invoked command in '/home/utilizador/charmie_ws/src/charmie_navigation_sdnl' returned '0': CMAKE_PREFIX_PATH=/home/utilizador/charmie_ws/install/charmie_interfaces:/home/utilizador/charmie_ws/install/realsense2_description:/home/utilizador/charmie_ws/install/realsense2_camera:/home/utilizador/charmie_ws/install/realsense2_camera_msgs:/home/utilizador/charmie_ws/install/charmie_bot LD_LIBRARY_PATH=/home/utilizador/charmie_ws/install/charmie_interfaces/lib:/home/utilizador/charmie_ws/install/realsense2_camera/lib:/home/utilizador/charmie_ws/install/realsense2_camera_msgs/lib:/opt/ros/foxy/opt/yaml_cpp_vendor/lib:/opt/ros/foxy/opt/rviz_ogre_vendor/lib:/opt/ros/foxy/lib/x86_64-linux-gnu:/opt/ros/foxy/lib PYTHONPATH=/home/utilizador/charmie_ws/build/charmie_navigation_sdnl/prefix_override:/home/utilizador/charmie_ws/install/charmie_navigation_sdnl/lib/python3.8/site-packages:/home/utilizador/charmie_ws/install/charmie_interfaces/lib/python3.8/site-packages:/home/utilizador/charmie_ws/install/yolo_obj/lib/python3.8/site-packages:/home/utilizador/charmie_ws/install/realsense2_camera_msgs/lib/python3.8/site-packages:/home/utilizador/charmie_ws/install/charmie_speakers/lib/python3.8/site-packages:/home/utilizador/charmie_ws/install/charmie_receptionist/lib/python3.8/site-packages:/home/utilizador/charmie_ws/install/charmie_ps4_controller/lib/python3.8/site-packages:/home/utilizador/charmie_ws/install/charmie_odometry/lib/python3.8/site-packages:/home/utilizador/charmie_ws/install/charmie_obstacles/lib/python3.8/site-packages:/home/utilizador/charmie_ws/install/charmie_neck_dynamixel/lib/python3.8/site-packages:/home/utilizador/charmie_ws/install/charmie_navigation_sdnl/lib/python3.8/site-packages:/home/utilizador/charmie_ws/install/charmie_low_level/lib/python3.8/site-packages:/home/utilizador/charmie_ws/install/charmie_localisation/lib/python3.8/site-packages:/home/utilizador/charmie_ws/install/charmie_lidar_hokuyo/lib/python3.8/site-packages:/home/utilizador/charmie_ws/install/charmie_inspection/lib/python3.8/site-packages:/home/utilizador/charmie_ws/install/charmie_debug/lib/python3.8/site-packages:/home/utilizador/charmie_ws/install/charmie_audio/lib/python3.8/site-packages:/home/utilizador/charmie_ws/install/charmie_face_shiningrgb/lib/python3.8/site-packages:/home/utilizador/charmie_ws/install/charmie_door_start/lib/python3.8/site-packages:/opt/ros/foxy/lib/python3.8/site-packages /usr/bin/python3 setup.py egg_info --egg-base ../../build/charmie_navigation_sdnl build --build-base /home/utilizador/charmie_ws/build/charmie_navigation_sdnl/build install --record /home/utilizador/charmie_ws/build/charmie_navigation_sdnl/install.log --install-scripts $base/lib/charmie_navigation_sdnl --single-version-externally-managed
