[4.417s] Invoking command in '/home/utilizador/charmie_ws/build/charmie_face_shiningrgb': PYTHONPATH=/home/utilizador/charmie_ws/build/charmie_face_shiningrgb/prefix_override:/home/utilizador/charmie_ws/install/charmie_face_shiningrgb/lib/python3.8/site-packages:${PYTHONPATH} /usr/bin/python3 setup.py develop --uninstall --editable --build-directory /home/utilizador/charmie_ws/build/charmie_face_shiningrgb/build
[5.873s] running develop
[6.868s] Invoked command in '/home/utilizador/charmie_ws/build/charmie_face_shiningrgb' returned '0': PYTHONPATH=/home/utilizador/charmie_ws/build/charmie_face_shiningrgb/prefix_override:/home/utilizador/charmie_ws/install/charmie_face_shiningrgb/lib/python3.8/site-packages:${PYTHONPATH} /usr/bin/python3 setup.py develop --uninstall --editable --build-directory /home/utilizador/charmie_ws/build/charmie_face_shiningrgb/build
[6.870s] Invoking command in '/home/utilizador/charmie_ws/src/charmie_face_shiningrgb': PYTHONPATH=/home/utilizador/charmie_ws/build/charmie_face_shiningrgb/prefix_override:/home/utilizador/charmie_ws/install/charmie_face_shiningrgb/lib/python3.8/site-packages:${PYTHONPATH} /usr/bin/python3 setup.py egg_info --egg-base ../../build/charmie_face_shiningrgb build --build-base /home/utilizador/charmie_ws/build/charmie_face_shiningrgb/build install --record /home/utilizador/charmie_ws/build/charmie_face_shiningrgb/install.log --single-version-externally-managed
[8.833s] running egg_info
[8.836s] writing ../../build/charmie_face_shiningrgb/charmie_face_shiningrgb.egg-info/PKG-INFO
[8.837s] writing dependency_links to ../../build/charmie_face_shiningrgb/charmie_face_shiningrgb.egg-info/dependency_links.txt
[8.838s] writing entry points to ../../build/charmie_face_shiningrgb/charmie_face_shiningrgb.egg-info/entry_points.txt
[8.838s] writing requirements to ../../build/charmie_face_shiningrgb/charmie_face_shiningrgb.egg-info/requires.txt
[8.842s] writing top-level names to ../../build/charmie_face_shiningrgb/charmie_face_shiningrgb.egg-info/top_level.txt
[8.860s] reading manifest file '../../build/charmie_face_shiningrgb/charmie_face_shiningrgb.egg-info/SOURCES.txt'
[8.868s] writing manifest file '../../build/charmie_face_shiningrgb/charmie_face_shiningrgb.egg-info/SOURCES.txt'
[8.868s] running build
[8.869s] running build_py
[8.869s] running install
[8.879s] running install_lib
[8.884s] running install_data
[8.885s] running install_egg_info
[8.890s] removing '/home/utilizador/charmie_ws/install/charmie_face_shiningrgb/lib/python3.8/site-packages/charmie_face_shiningrgb-0.0.0-py3.8.egg-info' (and everything under it)
[8.896s] Copying ../../build/charmie_face_shiningrgb/charmie_face_shiningrgb.egg-info to /home/utilizador/charmie_ws/install/charmie_face_shiningrgb/lib/python3.8/site-packages/charmie_face_shiningrgb-0.0.0-py3.8.egg-info
[8.907s] running install_scripts
[8.969s] Installing face_shiningrgb script to /home/utilizador/charmie_ws/install/charmie_face_shiningrgb/lib/charmie_face_shiningrgb
[8.970s] writing list of installed files to '/home/utilizador/charmie_ws/build/charmie_face_shiningrgb/install.log'
[10.049s] Invoked command in '/home/utilizador/charmie_ws/src/charmie_face_shiningrgb' returned '0': PYTHONPATH=/home/utilizador/charmie_ws/build/charmie_face_shiningrgb/prefix_override:/home/utilizador/charmie_ws/install/charmie_face_shiningrgb/lib/python3.8/site-packages:${PYTHONPATH} /usr/bin/python3 setup.py egg_info --egg-base ../../build/charmie_face_shiningrgb build --build-base /home/utilizador/charmie_ws/build/charmie_face_shiningrgb/build install --record /home/utilizador/charmie_ws/build/charmie_face_shiningrgb/install.log --single-version-externally-managed
