[2.168s] Invoking command in '/home/utilizador/charmie_ws/src/charmie_debug': PYTHONPATH=/home/utilizador/charmie_ws/build/charmie_debug/prefix_override:/home/utilizador/charmie_ws/install/charmie_debug/lib/python3.8/site-packages:/home/utilizador/charmie_ws/install/charmie_interfaces/lib/python3.8/site-packages:/home/utilizador/charmie_ws/install/charmie_speakers/lib/python3.8/site-packages:/home/utilizador/charmie_ws/install/charmie_ps4_controller/lib/python3.8/site-packages:/home/utilizador/charmie_ws/install/charmie_neck_dynamixel/lib/python3.8/site-packages:/home/utilizador/charmie_ws/install/charmie_low_level/lib/python3.8/site-packages:/home/utilizador/charmie_ws/install/charmie_lidar_hokuyo/lib/python3.8/site-packages:/home/utilizador/charmie_ws/install/charmie_debug/lib/python3.8/site-packages:/home/utilizador/charmie_ws/install/charmie_audio/lib/python3.8/site-packages:/opt/ros/foxy/lib/python3.8/site-packages /usr/bin/python3 setup.py egg_info --egg-base ../../build/charmie_debug build --build-base /home/utilizador/charmie_ws/build/charmie_debug/build install --record /home/utilizador/charmie_ws/build/charmie_debug/install.log --install-scripts $base/lib/charmie_debug --single-version-externally-managed
[2.522s] running egg_info
[2.523s] writing ../../build/charmie_debug/charmie_debug.egg-info/PKG-INFO
[2.524s] writing dependency_links to ../../build/charmie_debug/charmie_debug.egg-info/dependency_links.txt
[2.524s] writing entry points to ../../build/charmie_debug/charmie_debug.egg-info/entry_points.txt
[2.524s] writing requirements to ../../build/charmie_debug/charmie_debug.egg-info/requires.txt
[2.524s] writing top-level names to ../../build/charmie_debug/charmie_debug.egg-info/top_level.txt
[2.575s] reading manifest file '../../build/charmie_debug/charmie_debug.egg-info/SOURCES.txt'
[2.577s] writing manifest file '../../build/charmie_debug/charmie_debug.egg-info/SOURCES.txt'
[2.577s] running build
[2.578s] running build_py
[2.578s] running install
[2.580s] running install_lib
[2.584s] running install_data
[2.585s] running install_egg_info
[2.588s] removing '/home/utilizador/charmie_ws/install/charmie_debug/lib/python3.8/site-packages/charmie_debug-0.0.0-py3.8.egg-info' (and everything under it)
[2.589s] Copying ../../build/charmie_debug/charmie_debug.egg-info to /home/utilizador/charmie_ws/install/charmie_debug/lib/python3.8/site-packages/charmie_debug-0.0.0-py3.8.egg-info
[2.591s] running install_scripts
[2.630s] Installing debug_main script to /home/utilizador/charmie_ws/install/charmie_debug/lib/charmie_debug
[2.631s] writing list of installed files to '/home/utilizador/charmie_ws/build/charmie_debug/install.log'
[2.669s] Invoked command in '/home/utilizador/charmie_ws/src/charmie_debug' returned '0': PYTHONPATH=/home/utilizador/charmie_ws/build/charmie_debug/prefix_override:/home/utilizador/charmie_ws/install/charmie_debug/lib/python3.8/site-packages:/home/utilizador/charmie_ws/install/charmie_interfaces/lib/python3.8/site-packages:/home/utilizador/charmie_ws/install/charmie_speakers/lib/python3.8/site-packages:/home/utilizador/charmie_ws/install/charmie_ps4_controller/lib/python3.8/site-packages:/home/utilizador/charmie_ws/install/charmie_neck_dynamixel/lib/python3.8/site-packages:/home/utilizador/charmie_ws/install/charmie_low_level/lib/python3.8/site-packages:/home/utilizador/charmie_ws/install/charmie_lidar_hokuyo/lib/python3.8/site-packages:/home/utilizador/charmie_ws/install/charmie_debug/lib/python3.8/site-packages:/home/utilizador/charmie_ws/install/charmie_audio/lib/python3.8/site-packages:/opt/ros/foxy/lib/python3.8/site-packages /usr/bin/python3 setup.py egg_info --egg-base ../../build/charmie_debug build --build-base /home/utilizador/charmie_ws/build/charmie_debug/build install --record /home/utilizador/charmie_ws/build/charmie_debug/install.log --install-scripts $base/lib/charmie_debug --single-version-externally-managed
