[7.394s] Invoking command in '/home/utilizador/charmie_ws/src/charmie_obstacles': CMAKE_PREFIX_PATH=/home/utilizador/charmie_ws/install/charmie_interfaces:/home/utilizador/charmie_ws/install/realsense2_description:/home/utilizador/charmie_ws/install/realsense2_camera:/home/utilizador/charmie_ws/install/realsense2_camera_msgs:/home/utilizador/charmie_ws/install/charmie_bot LD_LIBRARY_PATH=/home/utilizador/charmie_ws/install/charmie_interfaces/lib:/home/utilizador/charmie_ws/install/realsense2_camera/lib:/home/utilizador/charmie_ws/install/realsense2_camera_msgs/lib:/opt/ros/foxy/opt/yaml_cpp_vendor/lib:/opt/ros/foxy/opt/rviz_ogre_vendor/lib:/opt/ros/foxy/lib/x86_64-linux-gnu:/opt/ros/foxy/lib PYTHONPATH=/home/utilizador/charmie_ws/build/charmie_obstacles/prefix_override:/home/utilizador/charmie_ws/install/charmie_obstacles/lib/python3.8/site-packages:/home/utilizador/charmie_ws/install/charmie_interfaces/lib/python3.8/site-packages:/home/utilizador/charmie_ws/install/yolo_obj/lib/python3.8/site-packages:/home/utilizador/charmie_ws/install/realsense2_camera_msgs/lib/python3.8/site-packages:/home/utilizador/charmie_ws/install/charmie_speakers/lib/python3.8/site-packages:/home/utilizador/charmie_ws/install/charmie_receptionist/lib/python3.8/site-packages:/home/utilizador/charmie_ws/install/charmie_ps4_controller/lib/python3.8/site-packages:/home/utilizador/charmie_ws/install/charmie_odometry/lib/python3.8/site-packages:/home/utilizador/charmie_ws/install/charmie_obstacles/lib/python3.8/site-packages:/home/utilizador/charmie_ws/install/charmie_neck_dynamixel/lib/python3.8/site-packages:/home/utilizador/charmie_ws/install/charmie_navigation_sdnl/lib/python3.8/site-packages:/home/utilizador/charmie_ws/install/charmie_low_level/lib/python3.8/site-packages:/home/utilizador/charmie_ws/install/charmie_localisation/lib/python3.8/site-packages:/home/utilizador/charmie_ws/install/charmie_lidar_hokuyo/lib/python3.8/site-packages:/home/utilizador/charmie_ws/install/charmie_inspection/lib/python3.8/site-packages:/home/utilizador/charmie_ws/install/charmie_debug/lib/python3.8/site-packages:/home/utilizador/charmie_ws/install/charmie_audio/lib/python3.8/site-packages:/home/utilizador/charmie_ws/install/charmie_face_shiningrgb/lib/python3.8/site-packages:/home/utilizador/charmie_ws/install/charmie_door_start/lib/python3.8/site-packages:/opt/ros/foxy/lib/python3.8/site-packages /usr/bin/python3 setup.py egg_info --egg-base ../../build/charmie_obstacles build --build-base /home/utilizador/charmie_ws/build/charmie_obstacles/build install --record /home/utilizador/charmie_ws/build/charmie_obstacles/install.log --install-scripts $base/lib/charmie_obstacles --single-version-externally-managed
[8.659s] running egg_info
[8.661s] creating ../../build/charmie_obstacles/charmie_obstacles.egg-info
[8.661s] writing ../../build/charmie_obstacles/charmie_obstacles.egg-info/PKG-INFO
[8.661s] writing dependency_links to ../../build/charmie_obstacles/charmie_obstacles.egg-info/dependency_links.txt
[8.662s] writing entry points to ../../build/charmie_obstacles/charmie_obstacles.egg-info/entry_points.txt
[8.662s] writing requirements to ../../build/charmie_obstacles/charmie_obstacles.egg-info/requires.txt
[8.662s] writing top-level names to ../../build/charmie_obstacles/charmie_obstacles.egg-info/top_level.txt
[8.665s] writing manifest file '../../build/charmie_obstacles/charmie_obstacles.egg-info/SOURCES.txt'
[8.782s] reading manifest file '../../build/charmie_obstacles/charmie_obstacles.egg-info/SOURCES.txt'
[8.784s] writing manifest file '../../build/charmie_obstacles/charmie_obstacles.egg-info/SOURCES.txt'
[8.784s] running build
[8.784s] running build_py
[8.788s] creating /home/utilizador/charmie_ws/build/charmie_obstacles/build
[8.789s] creating /home/utilizador/charmie_ws/build/charmie_obstacles/build/lib
[8.789s] creating /home/utilizador/charmie_ws/build/charmie_obstacles/build/lib/charmie_obstacles
[8.789s] copying charmie_obstacles/obstacles_lidar.py -> /home/utilizador/charmie_ws/build/charmie_obstacles/build/lib/charmie_obstacles
[8.790s] copying charmie_obstacles/__init__.py -> /home/utilizador/charmie_ws/build/charmie_obstacles/build/lib/charmie_obstacles
[8.791s] running install
[8.792s] running install_lib
[8.794s] creating /home/utilizador/charmie_ws/install/charmie_obstacles/lib/python3.8/site-packages/charmie_obstacles
[8.795s] copying /home/utilizador/charmie_ws/build/charmie_obstacles/build/lib/charmie_obstacles/obstacles_lidar.py -> /home/utilizador/charmie_ws/install/charmie_obstacles/lib/python3.8/site-packages/charmie_obstacles
[8.803s] copying /home/utilizador/charmie_ws/build/charmie_obstacles/build/lib/charmie_obstacles/__init__.py -> /home/utilizador/charmie_ws/install/charmie_obstacles/lib/python3.8/site-packages/charmie_obstacles
[8.804s] byte-compiling /home/utilizador/charmie_ws/install/charmie_obstacles/lib/python3.8/site-packages/charmie_obstacles/obstacles_lidar.py to obstacles_lidar.cpython-38.pyc
[8.835s] byte-compiling /home/utilizador/charmie_ws/install/charmie_obstacles/lib/python3.8/site-packages/charmie_obstacles/__init__.py to __init__.cpython-38.pyc
[8.835s] running install_data
[8.835s] creating /home/utilizador/charmie_ws/install/charmie_obstacles/share/ament_index
[8.835s] creating /home/utilizador/charmie_ws/install/charmie_obstacles/share/ament_index/resource_index
[8.835s] creating /home/utilizador/charmie_ws/install/charmie_obstacles/share/ament_index/resource_index/packages
[8.836s] copying resource/charmie_obstacles -> /home/utilizador/charmie_ws/install/charmie_obstacles/share/ament_index/resource_index/packages
[8.836s] copying package.xml -> /home/utilizador/charmie_ws/install/charmie_obstacles/share/charmie_obstacles
[8.842s] running install_egg_info
[8.847s] Copying ../../build/charmie_obstacles/charmie_obstacles.egg-info to /home/utilizador/charmie_ws/install/charmie_obstacles/lib/python3.8/site-packages/charmie_obstacles-0.0.0-py3.8.egg-info
[8.849s] running install_scripts
[8.945s] Installing obstacles script to /home/utilizador/charmie_ws/install/charmie_obstacles/lib/charmie_obstacles
[8.946s] writing list of installed files to '/home/utilizador/charmie_ws/build/charmie_obstacles/install.log'
[9.679s] Invoked command in '/home/utilizador/charmie_ws/src/charmie_obstacles' returned '0': CMAKE_PREFIX_PATH=/home/utilizador/charmie_ws/install/charmie_interfaces:/home/utilizador/charmie_ws/install/realsense2_description:/home/utilizador/charmie_ws/install/realsense2_camera:/home/utilizador/charmie_ws/install/realsense2_camera_msgs:/home/utilizador/charmie_ws/install/charmie_bot LD_LIBRARY_PATH=/home/utilizador/charmie_ws/install/charmie_interfaces/lib:/home/utilizador/charmie_ws/install/realsense2_camera/lib:/home/utilizador/charmie_ws/install/realsense2_camera_msgs/lib:/opt/ros/foxy/opt/yaml_cpp_vendor/lib:/opt/ros/foxy/opt/rviz_ogre_vendor/lib:/opt/ros/foxy/lib/x86_64-linux-gnu:/opt/ros/foxy/lib PYTHONPATH=/home/utilizador/charmie_ws/build/charmie_obstacles/prefix_override:/home/utilizador/charmie_ws/install/charmie_obstacles/lib/python3.8/site-packages:/home/utilizador/charmie_ws/install/charmie_interfaces/lib/python3.8/site-packages:/home/utilizador/charmie_ws/install/yolo_obj/lib/python3.8/site-packages:/home/utilizador/charmie_ws/install/realsense2_camera_msgs/lib/python3.8/site-packages:/home/utilizador/charmie_ws/install/charmie_speakers/lib/python3.8/site-packages:/home/utilizador/charmie_ws/install/charmie_receptionist/lib/python3.8/site-packages:/home/utilizador/charmie_ws/install/charmie_ps4_controller/lib/python3.8/site-packages:/home/utilizador/charmie_ws/install/charmie_odometry/lib/python3.8/site-packages:/home/utilizador/charmie_ws/install/charmie_obstacles/lib/python3.8/site-packages:/home/utilizador/charmie_ws/install/charmie_neck_dynamixel/lib/python3.8/site-packages:/home/utilizador/charmie_ws/install/charmie_navigation_sdnl/lib/python3.8/site-packages:/home/utilizador/charmie_ws/install/charmie_low_level/lib/python3.8/site-packages:/home/utilizador/charmie_ws/install/charmie_localisation/lib/python3.8/site-packages:/home/utilizador/charmie_ws/install/charmie_lidar_hokuyo/lib/python3.8/site-packages:/home/utilizador/charmie_ws/install/charmie_inspection/lib/python3.8/site-packages:/home/utilizador/charmie_ws/install/charmie_debug/lib/python3.8/site-packages:/home/utilizador/charmie_ws/install/charmie_audio/lib/python3.8/site-packages:/home/utilizador/charmie_ws/install/charmie_face_shiningrgb/lib/python3.8/site-packages:/home/utilizador/charmie_ws/install/charmie_door_start/lib/python3.8/site-packages:/opt/ros/foxy/lib/python3.8/site-packages /usr/bin/python3 setup.py egg_info --egg-base ../../build/charmie_obstacles build --build-base /home/utilizador/charmie_ws/build/charmie_obstacles/build install --record /home/utilizador/charmie_ws/build/charmie_obstacles/install.log --install-scripts $base/lib/charmie_obstacles --single-version-externally-managed
