running develop
Removing /home/utilizador/charmie_ws/install/charmie_camera_realsense/lib/python3.8/site-packages/charmie-camera-realsense.egg-link (link to .)
running egg_info
writing ../../build/charmie_camera_realsense/charmie_camera_realsense.egg-info/PKG-INFO
writing dependency_links to ../../build/charmie_camera_realsense/charmie_camera_realsense.egg-info/dependency_links.txt
writing entry points to ../../build/charmie_camera_realsense/charmie_camera_realsense.egg-info/entry_points.txt
writing requirements to ../../build/charmie_camera_realsense/charmie_camera_realsense.egg-info/requires.txt
writing top-level names to ../../build/charmie_camera_realsense/charmie_camera_realsense.egg-info/top_level.txt
reading manifest file '../../build/charmie_camera_realsense/charmie_camera_realsense.egg-info/SOURCES.txt'
writing manifest file '../../build/charmie_camera_realsense/charmie_camera_realsense.egg-info/SOURCES.txt'
running build
running build_py
running install
running install_lib
creating /home/utilizador/charmie_ws/install/charmie_camera_realsense/lib/python3.8/site-packages/charmie_camera_realsense
copying /home/utilizador/charmie_ws/build/charmie_camera_realsense/build/lib/charmie_camera_realsense/camera_realsense.py -> /home/utilizador/charmie_ws/install/charmie_camera_realsense/lib/python3.8/site-packages/charmie_camera_realsense
copying /home/utilizador/charmie_ws/build/charmie_camera_realsense/build/lib/charmie_camera_realsense/__init__.py -> /home/utilizador/charmie_ws/install/charmie_camera_realsense/lib/python3.8/site-packages/charmie_camera_realsense
byte-compiling /home/utilizador/charmie_ws/install/charmie_camera_realsense/lib/python3.8/site-packages/charmie_camera_realsense/camera_realsense.py to camera_realsense.cpython-38.pyc
byte-compiling /home/utilizador/charmie_ws/install/charmie_camera_realsense/lib/python3.8/site-packages/charmie_camera_realsense/__init__.py to __init__.cpython-38.pyc
running install_data
running install_egg_info
Copying ../../build/charmie_camera_realsense/charmie_camera_realsense.egg-info to /home/utilizador/charmie_ws/install/charmie_camera_realsense/lib/python3.8/site-packages/charmie_camera_realsense-0.0.0-py3.8.egg-info
running install_scripts
Installing camera_realsense script to /home/utilizador/charmie_ws/install/charmie_camera_realsense/lib/charmie_camera_realsense
writing list of installed files to '/home/utilizador/charmie_ws/build/charmie_camera_realsense/install.log'
