[2.808s] Invoking command in '/home/utilizador/charmie_ws/build/charmie_camera_realsense': PYTHONPATH=/home/utilizador/charmie_ws/build/charmie_camera_realsense/prefix_override:/home/utilizador/charmie_ws/install/charmie_camera_realsense/lib/python3.8/site-packages:${PYTHONPATH} /usr/bin/python3 setup.py develop --uninstall --editable --build-directory /home/utilizador/charmie_ws/build/charmie_camera_realsense/build
[3.257s] running develop
[3.434s] Removing /home/utilizador/charmie_ws/install/charmie_camera_realsense/lib/python3.8/site-packages/charmie-camera-realsense.egg-link (link to .)
[3.486s] Invoked command in '/home/utilizador/charmie_ws/build/charmie_camera_realsense' returned '0': PYTHONPATH=/home/utilizador/charmie_ws/build/charmie_camera_realsense/prefix_override:/home/utilizador/charmie_ws/install/charmie_camera_realsense/lib/python3.8/site-packages:${PYTHONPATH} /usr/bin/python3 setup.py develop --uninstall --editable --build-directory /home/utilizador/charmie_ws/build/charmie_camera_realsense/build
[3.487s] Invoking command in '/home/utilizador/charmie_ws/src/charmie_camera_realsense': PYTHONPATH=/home/utilizador/charmie_ws/build/charmie_camera_realsense/prefix_override:/home/utilizador/charmie_ws/install/charmie_camera_realsense/lib/python3.8/site-packages:${PYTHONPATH} /usr/bin/python3 setup.py egg_info --egg-base ../../build/charmie_camera_realsense build --build-base /home/utilizador/charmie_ws/build/charmie_camera_realsense/build install --record /home/utilizador/charmie_ws/build/charmie_camera_realsense/install.log --install-scripts $base/lib/charmie_camera_realsense --single-version-externally-managed
[3.971s] running egg_info
[3.973s] writing ../../build/charmie_camera_realsense/charmie_camera_realsense.egg-info/PKG-INFO
[3.973s] writing dependency_links to ../../build/charmie_camera_realsense/charmie_camera_realsense.egg-info/dependency_links.txt
[3.974s] writing entry points to ../../build/charmie_camera_realsense/charmie_camera_realsense.egg-info/entry_points.txt
[3.975s] writing requirements to ../../build/charmie_camera_realsense/charmie_camera_realsense.egg-info/requires.txt
[3.975s] writing top-level names to ../../build/charmie_camera_realsense/charmie_camera_realsense.egg-info/top_level.txt
[4.048s] reading manifest file '../../build/charmie_camera_realsense/charmie_camera_realsense.egg-info/SOURCES.txt'
[4.051s] writing manifest file '../../build/charmie_camera_realsense/charmie_camera_realsense.egg-info/SOURCES.txt'
[4.051s] running build
[4.051s] running build_py
[4.052s] running install
[4.053s] running install_lib
[4.055s] creating /home/utilizador/charmie_ws/install/charmie_camera_realsense/lib/python3.8/site-packages/charmie_camera_realsense
[4.055s] copying /home/utilizador/charmie_ws/build/charmie_camera_realsense/build/lib/charmie_camera_realsense/camera_realsense.py -> /home/utilizador/charmie_ws/install/charmie_camera_realsense/lib/python3.8/site-packages/charmie_camera_realsense
[4.056s] copying /home/utilizador/charmie_ws/build/charmie_camera_realsense/build/lib/charmie_camera_realsense/__init__.py -> /home/utilizador/charmie_ws/install/charmie_camera_realsense/lib/python3.8/site-packages/charmie_camera_realsense
[4.057s] byte-compiling /home/utilizador/charmie_ws/install/charmie_camera_realsense/lib/python3.8/site-packages/charmie_camera_realsense/camera_realsense.py to camera_realsense.cpython-38.pyc
[4.059s] byte-compiling /home/utilizador/charmie_ws/install/charmie_camera_realsense/lib/python3.8/site-packages/charmie_camera_realsense/__init__.py to __init__.cpython-38.pyc
[4.060s] running install_data
[4.061s] running install_egg_info
[4.064s] Copying ../../build/charmie_camera_realsense/charmie_camera_realsense.egg-info to /home/utilizador/charmie_ws/install/charmie_camera_realsense/lib/python3.8/site-packages/charmie_camera_realsense-0.0.0-py3.8.egg-info
[4.066s] running install_scripts
[4.100s] Installing camera_realsense script to /home/utilizador/charmie_ws/install/charmie_camera_realsense/lib/charmie_camera_realsense
[4.101s] writing list of installed files to '/home/utilizador/charmie_ws/build/charmie_camera_realsense/install.log'
[4.286s] Invoked command in '/home/utilizador/charmie_ws/src/charmie_camera_realsense' returned '0': PYTHONPATH=/home/utilizador/charmie_ws/build/charmie_camera_realsense/prefix_override:/home/utilizador/charmie_ws/install/charmie_camera_realsense/lib/python3.8/site-packages:${PYTHONPATH} /usr/bin/python3 setup.py egg_info --egg-base ../../build/charmie_camera_realsense build --build-base /home/utilizador/charmie_ws/build/charmie_camera_realsense/build install --record /home/utilizador/charmie_ws/build/charmie_camera_realsense/install.log --install-scripts $base/lib/charmie_camera_realsense --single-version-externally-managed
