[2.129s] Invoking command in '/home/utilizador/charmie_ws/src/charmie_debug': AMENT_PREFIX_PATH=/home/utilizador/charmie_ws/install/charmie_interfaces:${AMENT_PREFIX_PATH} CMAKE_PREFIX_PATH=/home/utilizador/charmie_ws/install/charmie_interfaces LD_LIBRARY_PATH=/home/utilizador/charmie_ws/install/charmie_interfaces/lib:${LD_LIBRARY_PATH} PYTHONPATH=/home/utilizador/charmie_ws/build/charmie_debug/prefix_override:/home/utilizador/charmie_ws/install/charmie_debug/lib/python3.8/site-packages:/home/utilizador/charmie_ws/install/charmie_interfaces/lib/python3.8/site-packages:${PYTHONPATH} /usr/bin/python3 setup.py egg_info --egg-base ../../build/charmie_debug build --build-base /home/utilizador/charmie_ws/build/charmie_debug/build install --record /home/utilizador/charmie_ws/build/charmie_debug/install.log --install-scripts $base/lib/charmie_debug --single-version-externally-managed
[2.455s] running egg_info
[2.456s] creating ../../build/charmie_debug/charmie_debug.egg-info
[2.456s] writing ../../build/charmie_debug/charmie_debug.egg-info/PKG-INFO
[2.456s] writing dependency_links to ../../build/charmie_debug/charmie_debug.egg-info/dependency_links.txt
[2.456s] writing entry points to ../../build/charmie_debug/charmie_debug.egg-info/entry_points.txt
[2.457s] writing requirements to ../../build/charmie_debug/charmie_debug.egg-info/requires.txt
[2.457s] writing top-level names to ../../build/charmie_debug/charmie_debug.egg-info/top_level.txt
[2.458s] writing manifest file '../../build/charmie_debug/charmie_debug.egg-info/SOURCES.txt'
[2.503s] reading manifest file '../../build/charmie_debug/charmie_debug.egg-info/SOURCES.txt'
[2.504s] writing manifest file '../../build/charmie_debug/charmie_debug.egg-info/SOURCES.txt'
[2.504s] running build
[2.504s] running build_py
[2.504s] creating /home/utilizador/charmie_ws/build/charmie_debug/build
[2.504s] creating /home/utilizador/charmie_ws/build/charmie_debug/build/lib
[2.504s] creating /home/utilizador/charmie_ws/build/charmie_debug/build/lib/charmie_debug
[2.504s] copying charmie_debug/debug_main.py -> /home/utilizador/charmie_ws/build/charmie_debug/build/lib/charmie_debug
[2.505s] copying charmie_debug/__init__.py -> /home/utilizador/charmie_ws/build/charmie_debug/build/lib/charmie_debug
[2.505s] running install
[2.506s] running install_lib
[2.507s] creating /home/utilizador/charmie_ws/install/charmie_debug/lib/python3.8/site-packages/charmie_debug
[2.507s] copying /home/utilizador/charmie_ws/build/charmie_debug/build/lib/charmie_debug/debug_main.py -> /home/utilizador/charmie_ws/install/charmie_debug/lib/python3.8/site-packages/charmie_debug
[2.507s] copying /home/utilizador/charmie_ws/build/charmie_debug/build/lib/charmie_debug/__init__.py -> /home/utilizador/charmie_ws/install/charmie_debug/lib/python3.8/site-packages/charmie_debug
[2.507s] byte-compiling /home/utilizador/charmie_ws/install/charmie_debug/lib/python3.8/site-packages/charmie_debug/debug_main.py to debug_main.cpython-38.pyc
[2.510s] byte-compiling /home/utilizador/charmie_ws/install/charmie_debug/lib/python3.8/site-packages/charmie_debug/__init__.py to __init__.cpython-38.pyc
[2.510s] running install_data
[2.511s] creating /home/utilizador/charmie_ws/install/charmie_debug/share/ament_index
[2.511s] creating /home/utilizador/charmie_ws/install/charmie_debug/share/ament_index/resource_index
[2.511s] creating /home/utilizador/charmie_ws/install/charmie_debug/share/ament_index/resource_index/packages
[2.511s] copying resource/charmie_debug -> /home/utilizador/charmie_ws/install/charmie_debug/share/ament_index/resource_index/packages
[2.511s] copying package.xml -> /home/utilizador/charmie_ws/install/charmie_debug/share/charmie_debug
[2.511s] running install_egg_info
[2.513s] Copying ../../build/charmie_debug/charmie_debug.egg-info to /home/utilizador/charmie_ws/install/charmie_debug/lib/python3.8/site-packages/charmie_debug-0.0.0-py3.8.egg-info
[2.514s] running install_scripts
[2.532s] Installing debug_main script to /home/utilizador/charmie_ws/install/charmie_debug/lib/charmie_debug
[2.532s] writing list of installed files to '/home/utilizador/charmie_ws/build/charmie_debug/install.log'
[2.566s] Invoked command in '/home/utilizador/charmie_ws/src/charmie_debug' returned '0': AMENT_PREFIX_PATH=/home/utilizador/charmie_ws/install/charmie_interfaces:${AMENT_PREFIX_PATH} CMAKE_PREFIX_PATH=/home/utilizador/charmie_ws/install/charmie_interfaces LD_LIBRARY_PATH=/home/utilizador/charmie_ws/install/charmie_interfaces/lib:${LD_LIBRARY_PATH} PYTHONPATH=/home/utilizador/charmie_ws/build/charmie_debug/prefix_override:/home/utilizador/charmie_ws/install/charmie_debug/lib/python3.8/site-packages:/home/utilizador/charmie_ws/install/charmie_interfaces/lib/python3.8/site-packages:${PYTHONPATH} /usr/bin/python3 setup.py egg_info --egg-base ../../build/charmie_debug build --build-base /home/utilizador/charmie_ws/build/charmie_debug/build install --record /home/utilizador/charmie_ws/build/charmie_debug/install.log --install-scripts $base/lib/charmie_debug --single-version-externally-managed
