[2.907s] Invoking command in '/home/utilizador/charmie_ws/src/charmie_audio': PYTHONPATH=/home/utilizador/charmie_ws/src/build/charmie_audio/prefix_override:/home/utilizador/charmie_ws/src/install/charmie_audio/lib/python3.8/site-packages:${PYTHONPATH} /usr/bin/python3 setup.py egg_info --egg-base ../build/charmie_audio build --build-base /home/utilizador/charmie_ws/src/build/charmie_audio/build install --record /home/utilizador/charmie_ws/src/build/charmie_audio/install.log --install-scripts $base/lib/charmie_audio --single-version-externally-managed
[3.424s] running egg_info
[3.426s] creating ../build/charmie_audio/charmie_audio.egg-info
[3.427s] writing ../build/charmie_audio/charmie_audio.egg-info/PKG-INFO
[3.428s] writing dependency_links to ../build/charmie_audio/charmie_audio.egg-info/dependency_links.txt
[3.428s] writing entry points to ../build/charmie_audio/charmie_audio.egg-info/entry_points.txt
[3.428s] writing requirements to ../build/charmie_audio/charmie_audio.egg-info/requires.txt
[3.429s] writing top-level names to ../build/charmie_audio/charmie_audio.egg-info/top_level.txt
[3.432s] writing manifest file '../build/charmie_audio/charmie_audio.egg-info/SOURCES.txt'
[3.521s] reading manifest file '../build/charmie_audio/charmie_audio.egg-info/SOURCES.txt'
[3.522s] writing manifest file '../build/charmie_audio/charmie_audio.egg-info/SOURCES.txt'
[3.522s] running build
[3.523s] running build_py
[3.523s] creating /home/utilizador/charmie_ws/src/build/charmie_audio/build
[3.523s] creating /home/utilizador/charmie_ws/src/build/charmie_audio/build/lib
[3.523s] creating /home/utilizador/charmie_ws/src/build/charmie_audio/build/lib/charmie_audio
[3.524s] copying charmie_audio/audio.py -> /home/utilizador/charmie_ws/src/build/charmie_audio/build/lib/charmie_audio
[3.524s] copying charmie_audio/__init__.py -> /home/utilizador/charmie_ws/src/build/charmie_audio/build/lib/charmie_audio
[3.525s] running install
[3.526s] running install_lib
[3.527s] creating /home/utilizador/charmie_ws/src/install/charmie_audio/lib/python3.8/site-packages/charmie_audio
[3.528s] copying /home/utilizador/charmie_ws/src/build/charmie_audio/build/lib/charmie_audio/audio.py -> /home/utilizador/charmie_ws/src/install/charmie_audio/lib/python3.8/site-packages/charmie_audio
[3.528s] copying /home/utilizador/charmie_ws/src/build/charmie_audio/build/lib/charmie_audio/__init__.py -> /home/utilizador/charmie_ws/src/install/charmie_audio/lib/python3.8/site-packages/charmie_audio
[3.529s] byte-compiling /home/utilizador/charmie_ws/src/install/charmie_audio/lib/python3.8/site-packages/charmie_audio/audio.py to audio.cpython-38.pyc
[3.532s] byte-compiling /home/utilizador/charmie_ws/src/install/charmie_audio/lib/python3.8/site-packages/charmie_audio/__init__.py to __init__.cpython-38.pyc
[3.535s] running install_data
[3.535s] creating /home/utilizador/charmie_ws/src/install/charmie_audio/share/ament_index
[3.535s] creating /home/utilizador/charmie_ws/src/install/charmie_audio/share/ament_index/resource_index
[3.535s] creating /home/utilizador/charmie_ws/src/install/charmie_audio/share/ament_index/resource_index/packages
[3.536s] copying resource/charmie_audio -> /home/utilizador/charmie_ws/src/install/charmie_audio/share/ament_index/resource_index/packages
[3.536s] copying package.xml -> /home/utilizador/charmie_ws/src/install/charmie_audio/share/charmie_audio
[3.536s] running install_egg_info
[3.541s] Copying ../build/charmie_audio/charmie_audio.egg-info to /home/utilizador/charmie_ws/src/install/charmie_audio/lib/python3.8/site-packages/charmie_audio-0.0.0-py3.8.egg-info
[3.542s] running install_scripts
[3.576s] Installing audio script to /home/utilizador/charmie_ws/src/install/charmie_audio/lib/charmie_audio
[3.577s] writing list of installed files to '/home/utilizador/charmie_ws/src/build/charmie_audio/install.log'
[3.698s] Invoked command in '/home/utilizador/charmie_ws/src/charmie_audio' returned '0': PYTHONPATH=/home/utilizador/charmie_ws/src/build/charmie_audio/prefix_override:/home/utilizador/charmie_ws/src/install/charmie_audio/lib/python3.8/site-packages:${PYTHONPATH} /usr/bin/python3 setup.py egg_info --egg-base ../build/charmie_audio build --build-base /home/utilizador/charmie_ws/src/build/charmie_audio/build install --record /home/utilizador/charmie_ws/src/build/charmie_audio/install.log --install-scripts $base/lib/charmie_audio --single-version-externally-managed
