[0.108s] Invoking command in '/home/utilizador/charmie_ws/src/build/charmie_interfaces': CMAKE_PREFIX_PATH=${CMAKE_PREFIX_PATH}:/home/utilizador/charmie_ws/install/test2:/home/utilizador/charmie_ws/install/my_robot_controller:/home/utilizador/charmie_ws/install/charmie_speakers:/home/utilizador/charmie_ws/install/charmie_ps4_controller:/home/utilizador/charmie_ws/install/charmie_neck_dynamixel:/home/utilizador/charmie_ws/install/charmie_low_level:/home/utilizador/charmie_ws/install/charmie_lidar_hokuyo:/home/utilizador/charmie_ws/install/charmie_debug:/home/utilizador/charmie_ws/install/charmie_camera_realsense:/home/utilizador/charmie_ws/install/charmie_audio:/opt/ros/foxy /usr/bin/cmake /home/utilizador/charmie_ws/src/charmie_interfaces -DCMAKE_INSTALL_PREFIX=/home/utilizador/charmie_ws/src/install/charmie_interfaces
[1.962s] -- The C compiler identification is GNU 9.4.0
[1.962s] -- The CXX compiler identification is GNU 9.4.0
[1.963s] -- Check for working C compiler: /usr/bin/cc
[1.963s] -- Check for working C compiler: /usr/bin/cc -- works
[1.963s] -- Detecting C compiler ABI info
[1.964s] -- Detecting C compiler ABI info - done
[1.964s] -- Detecting C compile features
[1.965s] -- Detecting C compile features - done
[1.967s] -- Check for working CXX compiler: /usr/bin/c++
[1.967s] -- Check for working CXX compiler: /usr/bin/c++ -- works
[1.967s] -- Detecting CXX compiler ABI info
[1.969s] -- Detecting CXX compiler ABI info - done
[1.969s] -- Detecting CXX compile features
[1.969s] -- Detecting CXX compile features - done
[1.969s] -- Found ament_cmake: 0.9.11 (/opt/ros/foxy/share/ament_cmake/cmake)
[1.969s] -- Found PythonInterp: /usr/bin/python3 (found suitable version "3.8.10", minimum required is "3") 
[1.969s] -- Using PYTHON_EXECUTABLE: /usr/bin/python3
[1.970s] -- Found rosidl_default_generators: 1.0.1 (/opt/ros/foxy/share/rosidl_default_generators/cmake)
[1.970s] -- Using all available rosidl_typesupport_c: rosidl_typesupport_fastrtps_c;rosidl_typesupport_introspection_c
[1.970s] -- Found rosidl_adapter: 1.3.0 (/opt/ros/foxy/share/rosidl_adapter/cmake)
[1.970s] -- Found OpenSSL: /usr/lib/x86_64-linux-gnu/libcrypto.so (found version "1.1.1f")  
[1.970s] -- Found FastRTPS: /opt/ros/foxy/include  
[1.971s] -- Using all available rosidl_typesupport_cpp: rosidl_typesupport_fastrtps_cpp;rosidl_typesupport_introspection_cpp
[1.971s] -- Found geometry_msgs: 2.0.5 (/opt/ros/foxy/share/geometry_msgs/cmake)
[1.972s] -- Found PythonInterp: /usr/bin/python3 (found version "3.8.10") 
[1.972s] -- Found ament_cmake_ros: 0.9.2 (/opt/ros/foxy/share/ament_cmake_ros/cmake)
[2.141s] -- Using all available rosidl_typesupport_c: rosidl_typesupport_fastrtps_c;rosidl_typesupport_introspection_c
[2.400s] -- Using all available rosidl_typesupport_cpp: rosidl_typesupport_fastrtps_cpp;rosidl_typesupport_introspection_cpp
[2.481s] -- Found PythonInterp: /usr/bin/python3 (found suitable version "3.8.10", minimum required is "3.5") 
[2.484s] -- Found python_cmake_module: 0.8.1 (/opt/ros/foxy/share/python_cmake_module/cmake)
[2.569s] -- Found PythonLibs: /usr/lib/x86_64-linux-gnu/libpython3.8.so (found suitable version "3.8.10", minimum required is "3.5") 
[2.569s] -- Using PYTHON_EXECUTABLE: /usr/bin/python3
[2.570s] -- Using PYTHON_INCLUDE_DIRS: /usr/include/python3.8
[2.570s] -- Using PYTHON_LIBRARIES: /usr/lib/x86_64-linux-gnu/libpython3.8.so
[2.642s] -- Found PythonExtra: .so  
[2.911s] -- Configuring done
[3.065s] -- Generating done
[3.071s] -- Build files have been written to: /home/utilizador/charmie_ws/src/build/charmie_interfaces
[3.092s] Invoked command in '/home/utilizador/charmie_ws/src/build/charmie_interfaces' returned '0': CMAKE_PREFIX_PATH=${CMAKE_PREFIX_PATH}:/home/utilizador/charmie_ws/install/test2:/home/utilizador/charmie_ws/install/my_robot_controller:/home/utilizador/charmie_ws/install/charmie_speakers:/home/utilizador/charmie_ws/install/charmie_ps4_controller:/home/utilizador/charmie_ws/install/charmie_neck_dynamixel:/home/utilizador/charmie_ws/install/charmie_low_level:/home/utilizador/charmie_ws/install/charmie_lidar_hokuyo:/home/utilizador/charmie_ws/install/charmie_debug:/home/utilizador/charmie_ws/install/charmie_camera_realsense:/home/utilizador/charmie_ws/install/charmie_audio:/opt/ros/foxy /usr/bin/cmake /home/utilizador/charmie_ws/src/charmie_interfaces -DCMAKE_INSTALL_PREFIX=/home/utilizador/charmie_ws/src/install/charmie_interfaces
[3.094s] Invoking command in '/home/utilizador/charmie_ws/src/build/charmie_interfaces': CMAKE_PREFIX_PATH=${CMAKE_PREFIX_PATH}:/home/utilizador/charmie_ws/install/test2:/home/utilizador/charmie_ws/install/my_robot_controller:/home/utilizador/charmie_ws/install/charmie_speakers:/home/utilizador/charmie_ws/install/charmie_ps4_controller:/home/utilizador/charmie_ws/install/charmie_neck_dynamixel:/home/utilizador/charmie_ws/install/charmie_low_level:/home/utilizador/charmie_ws/install/charmie_lidar_hokuyo:/home/utilizador/charmie_ws/install/charmie_debug:/home/utilizador/charmie_ws/install/charmie_camera_realsense:/home/utilizador/charmie_ws/install/charmie_audio:/opt/ros/foxy /usr/bin/cmake --build /home/utilizador/charmie_ws/src/build/charmie_interfaces -- -j8 -l8
[3.603s] [35m[1mScanning dependencies of target charmie_interfaces__cpp[0m
[3.603s] [  2%] [34m[1mGenerating C code for ROS interfaces[0m
[3.604s] [  4%] [34m[1mGenerating C++ code for ROS interfaces[0m
[4.117s] [  4%] Built target charmie_interfaces__cpp
[4.134s] [  6%] [34m[1mGenerating C++ introspection for ROS interfaces[0m
[4.135s] [  8%] [34m[1mGenerating C++ type support dispatch for ROS interfaces[0m
[4.139s] [ 10%] [34m[1mGenerating C++ type support for eProsima Fast-RTPS[0m
[4.310s] [35m[1mScanning dependencies of target charmie_interfaces__rosidl_generator_c[0m
[4.346s] [ 12%] [32mBuilding C object CMakeFiles/charmie_interfaces__rosidl_generator_c.dir/rosidl_generator_c/charmie_interfaces/msg/detail/encoders__functions.c.o[0m
[4.350s] [ 14%] [32mBuilding C object CMakeFiles/charmie_interfaces__rosidl_generator_c.dir/rosidl_generator_c/charmie_interfaces/msg/detail/ps4_controller__functions.c.o[0m
[4.355s] [ 17%] [32mBuilding C object CMakeFiles/charmie_interfaces__rosidl_generator_c.dir/rosidl_generator_c/charmie_interfaces/msg/detail/example_tr__functions.c.o[0m
[4.463s] [ 19%] [32m[1mLinking C shared library libcharmie_interfaces__rosidl_generator_c.so[0m
[4.538s] [ 19%] Built target charmie_interfaces__rosidl_generator_c
[4.557s] [ 21%] [34m[1mGenerating C introspection for ROS interfaces[0m
[4.557s] [ 23%] [34m[1mGenerating C type support dispatch for ROS interfaces[0m
[4.759s] [35m[1mScanning dependencies of target charmie_interfaces__rosidl_typesupport_cpp[0m
[4.796s] [ 27%] [32mBuilding CXX object CMakeFiles/charmie_interfaces__rosidl_typesupport_cpp.dir/rosidl_typesupport_cpp/charmie_interfaces/msg/ps4_controller__type_support.cpp.o[0m
[4.797s] [ 27%] [32mBuilding CXX object CMakeFiles/charmie_interfaces__rosidl_typesupport_cpp.dir/rosidl_typesupport_cpp/charmie_interfaces/msg/example_tr__type_support.cpp.o[0m
[4.810s] [ 29%] [32mBuilding CXX object CMakeFiles/charmie_interfaces__rosidl_typesupport_cpp.dir/rosidl_typesupport_cpp/charmie_interfaces/msg/encoders__type_support.cpp.o[0m
[4.813s] [35m[1mScanning dependencies of target charmie_interfaces__rosidl_typesupport_introspection_cpp[0m
[4.863s] [ 31%] [32mBuilding CXX object CMakeFiles/charmie_interfaces__rosidl_typesupport_introspection_cpp.dir/rosidl_typesupport_introspection_cpp/charmie_interfaces/msg/detail/example_tr__type_support.cpp.o[0m
[4.892s] [ 34%] [32mBuilding CXX object CMakeFiles/charmie_interfaces__rosidl_typesupport_introspection_cpp.dir/rosidl_typesupport_introspection_cpp/charmie_interfaces/msg/detail/encoders__type_support.cpp.o[0m
[4.904s] [35m[1mScanning dependencies of target charmie_interfaces__rosidl_typesupport_fastrtps_cpp[0m
[4.987s] [ 36%] [32mBuilding CXX object CMakeFiles/charmie_interfaces__rosidl_typesupport_fastrtps_cpp.dir/rosidl_typesupport_fastrtps_cpp/charmie_interfaces/msg/detail/dds_fastrtps/example_tr__type_support.cpp.o[0m
[5.345s] [35m[1mScanning dependencies of target charmie_interfaces__rosidl_typesupport_c[0m
[5.427s] [ 38%] [32mBuilding CXX object CMakeFiles/charmie_interfaces__rosidl_typesupport_c.dir/rosidl_typesupport_c/charmie_interfaces/msg/example_tr__type_support.cpp.o[0m
[5.468s] [ 40%] [32mBuilding CXX object CMakeFiles/charmie_interfaces__rosidl_typesupport_fastrtps_cpp.dir/rosidl_typesupport_fastrtps_cpp/charmie_interfaces/msg/detail/dds_fastrtps/encoders__type_support.cpp.o[0m
[5.526s] [ 42%] [32mBuilding CXX object CMakeFiles/charmie_interfaces__rosidl_typesupport_c.dir/rosidl_typesupport_c/charmie_interfaces/msg/encoders__type_support.cpp.o[0m
[5.533s] [ 44%] [32mBuilding CXX object CMakeFiles/charmie_interfaces__rosidl_typesupport_introspection_cpp.dir/rosidl_typesupport_introspection_cpp/charmie_interfaces/msg/detail/ps4_controller__type_support.cpp.o[0m
[5.533s] [35m[1mScanning dependencies of target charmie_interfaces__rosidl_typesupport_introspection_c[0m
[5.544s] [ 46%] [32mBuilding CXX object CMakeFiles/charmie_interfaces__rosidl_typesupport_fastrtps_cpp.dir/rosidl_typesupport_fastrtps_cpp/charmie_interfaces/msg/detail/dds_fastrtps/ps4_controller__type_support.cpp.o[0m
[5.585s] [ 48%] [32mBuilding C object CMakeFiles/charmie_interfaces__rosidl_typesupport_introspection_c.dir/rosidl_typesupport_introspection_c/charmie_interfaces/msg/detail/example_tr__type_support.c.o[0m
[5.590s] [ 51%] [32m[1mLinking CXX shared library libcharmie_interfaces__rosidl_typesupport_cpp.so[0m
[5.592s] [ 53%] [32mBuilding CXX object CMakeFiles/charmie_interfaces__rosidl_typesupport_c.dir/rosidl_typesupport_c/charmie_interfaces/msg/ps4_controller__type_support.cpp.o[0m
[5.604s] [ 55%] [32mBuilding C object CMakeFiles/charmie_interfaces__rosidl_typesupport_introspection_c.dir/rosidl_typesupport_introspection_c/charmie_interfaces/msg/detail/encoders__type_support.c.o[0m
[5.672s] [ 57%] [32mBuilding C object CMakeFiles/charmie_interfaces__rosidl_typesupport_introspection_c.dir/rosidl_typesupport_introspection_c/charmie_interfaces/msg/detail/ps4_controller__type_support.c.o[0m
[5.697s] [ 59%] [32m[1mLinking CXX shared library libcharmie_interfaces__rosidl_typesupport_c.so[0m
[5.703s] [ 59%] Built target charmie_interfaces__rosidl_typesupport_cpp
[5.725s] [ 61%] [32m[1mLinking C shared library libcharmie_interfaces__rosidl_typesupport_introspection_c.so[0m
[5.774s] [ 61%] Built target charmie_interfaces__rosidl_typesupport_c
[5.776s] [ 61%] Built target charmie_interfaces__rosidl_typesupport_introspection_c
[6.055s] [ 63%] [32m[1mLinking CXX shared library libcharmie_interfaces__rosidl_typesupport_introspection_cpp.so[0m
[6.140s] [ 63%] Built target charmie_interfaces__rosidl_typesupport_introspection_cpp
[6.149s] [ 65%] [32m[1mLinking CXX shared library libcharmie_interfaces__rosidl_typesupport_fastrtps_cpp.so[0m
[6.262s] [ 65%] Built target charmie_interfaces__rosidl_typesupport_fastrtps_cpp
[6.275s] [ 68%] [34m[1mGenerating C type support for eProsima Fast-RTPS[0m
[6.680s] [35m[1mScanning dependencies of target charmie_interfaces__rosidl_typesupport_fastrtps_c[0m
[6.702s] [ 70%] [32mBuilding CXX object CMakeFiles/charmie_interfaces__rosidl_typesupport_fastrtps_c.dir/rosidl_typesupport_fastrtps_c/charmie_interfaces/msg/detail/ps4_controller__type_support_c.cpp.o[0m
[6.703s] [ 72%] [32mBuilding CXX object CMakeFiles/charmie_interfaces__rosidl_typesupport_fastrtps_c.dir/rosidl_typesupport_fastrtps_c/charmie_interfaces/msg/detail/example_tr__type_support_c.cpp.o[0m
[6.703s] [ 74%] [32mBuilding CXX object CMakeFiles/charmie_interfaces__rosidl_typesupport_fastrtps_c.dir/rosidl_typesupport_fastrtps_c/charmie_interfaces/msg/detail/encoders__type_support_c.cpp.o[0m
[7.162s] [ 76%] [32m[1mLinking CXX shared library libcharmie_interfaces__rosidl_typesupport_fastrtps_c.so[0m
[7.275s] [ 76%] Built target charmie_interfaces__rosidl_typesupport_fastrtps_c
[7.287s] [35m[1mScanning dependencies of target charmie_interfaces[0m
[7.299s] [ 76%] Built target charmie_interfaces
[7.310s] [35m[1mScanning dependencies of target charmie_interfaces__py[0m
[7.323s] [ 78%] [34m[1mGenerating Python code for ROS interfaces[0m
[8.065s] [ 78%] Built target charmie_interfaces__py
[8.080s] [35m[1mScanning dependencies of target charmie_interfaces__python[0m
[8.124s] [ 80%] [32mBuilding C object CMakeFiles/charmie_interfaces__python.dir/rosidl_generator_py/charmie_interfaces/msg/_ps4_controller_s.c.o[0m
[8.127s] [ 85%] [32mBuilding C object CMakeFiles/charmie_interfaces__python.dir/rosidl_generator_py/charmie_interfaces/msg/_encoders_s.c.o[0m
[8.127s] [ 85%] [32mBuilding C object CMakeFiles/charmie_interfaces__python.dir/rosidl_generator_py/charmie_interfaces/msg/_example_tr_s.c.o[0m
[8.263s] [ 87%] [32m[1mLinking C shared library rosidl_generator_py/charmie_interfaces/libcharmie_interfaces__python.so[0m
[8.322s] [ 87%] Built target charmie_interfaces__python
[8.335s] [35m[1mScanning dependencies of target charmie_interfaces__rosidl_typesupport_c__pyext[0m
[8.335s] [35m[1mScanning dependencies of target charmie_interfaces__rosidl_typesupport_introspection_c__pyext[0m
[8.335s] [35m[1mScanning dependencies of target charmie_interfaces__rosidl_typesupport_fastrtps_c__pyext[0m
[8.358s] [ 89%] [32mBuilding C object CMakeFiles/charmie_interfaces__rosidl_typesupport_c__pyext.dir/rosidl_generator_py/charmie_interfaces/_charmie_interfaces_s.ep.rosidl_typesupport_c.c.o[0m
[8.358s] [ 91%] [32mBuilding C object CMakeFiles/charmie_interfaces__rosidl_typesupport_fastrtps_c__pyext.dir/rosidl_generator_py/charmie_interfaces/_charmie_interfaces_s.ep.rosidl_typesupport_fastrtps_c.c.o[0m
[8.359s] [ 93%] [32mBuilding C object CMakeFiles/charmie_interfaces__rosidl_typesupport_introspection_c__pyext.dir/rosidl_generator_py/charmie_interfaces/_charmie_interfaces_s.ep.rosidl_typesupport_introspection_c.c.o[0m
[8.452s] [ 97%] [32m[1mLinking C shared library rosidl_generator_py/charmie_interfaces/charmie_interfaces_s__rosidl_typesupport_introspection_c.cpython-38-x86_64-linux-gnu.so[0m
[8.452s] [ 97%] [32m[1mLinking CXX shared library rosidl_generator_py/charmie_interfaces/charmie_interfaces_s__rosidl_typesupport_fastrtps_c.cpython-38-x86_64-linux-gnu.so[0m
[8.452s] [100%] [32m[1mLinking C shared library rosidl_generator_py/charmie_interfaces/charmie_interfaces_s__rosidl_typesupport_c.cpython-38-x86_64-linux-gnu.so[0m
[8.497s] [100%] Built target charmie_interfaces__rosidl_typesupport_c__pyext
[8.507s] [100%] Built target charmie_interfaces__rosidl_typesupport_introspection_c__pyext
[8.532s] [100%] Built target charmie_interfaces__rosidl_typesupport_fastrtps_c__pyext
[8.545s] Invoked command in '/home/utilizador/charmie_ws/src/build/charmie_interfaces' returned '0': CMAKE_PREFIX_PATH=${CMAKE_PREFIX_PATH}:/home/utilizador/charmie_ws/install/test2:/home/utilizador/charmie_ws/install/my_robot_controller:/home/utilizador/charmie_ws/install/charmie_speakers:/home/utilizador/charmie_ws/install/charmie_ps4_controller:/home/utilizador/charmie_ws/install/charmie_neck_dynamixel:/home/utilizador/charmie_ws/install/charmie_low_level:/home/utilizador/charmie_ws/install/charmie_lidar_hokuyo:/home/utilizador/charmie_ws/install/charmie_debug:/home/utilizador/charmie_ws/install/charmie_camera_realsense:/home/utilizador/charmie_ws/install/charmie_audio:/opt/ros/foxy /usr/bin/cmake --build /home/utilizador/charmie_ws/src/build/charmie_interfaces -- -j8 -l8
[8.619s] Invoking command in '/home/utilizador/charmie_ws/src/build/charmie_interfaces': CMAKE_PREFIX_PATH=${CMAKE_PREFIX_PATH}:/home/utilizador/charmie_ws/install/test2:/home/utilizador/charmie_ws/install/my_robot_controller:/home/utilizador/charmie_ws/install/charmie_speakers:/home/utilizador/charmie_ws/install/charmie_ps4_controller:/home/utilizador/charmie_ws/install/charmie_neck_dynamixel:/home/utilizador/charmie_ws/install/charmie_low_level:/home/utilizador/charmie_ws/install/charmie_lidar_hokuyo:/home/utilizador/charmie_ws/install/charmie_debug:/home/utilizador/charmie_ws/install/charmie_camera_realsense:/home/utilizador/charmie_ws/install/charmie_audio:/opt/ros/foxy /usr/bin/cmake --install /home/utilizador/charmie_ws/src/build/charmie_interfaces
[8.630s] -- Install configuration: ""
[8.631s] -- Installing: /home/utilizador/charmie_ws/src/install/charmie_interfaces/share/ament_index/resource_index/rosidl_interfaces/charmie_interfaces
[8.631s] -- Installing: /home/utilizador/charmie_ws/src/install/charmie_interfaces/include/charmie_interfaces
[8.631s] -- Installing: /home/utilizador/charmie_ws/src/install/charmie_interfaces/include/charmie_interfaces/msg
[8.631s] -- Installing: /home/utilizador/charmie_ws/src/install/charmie_interfaces/include/charmie_interfaces/msg/example_tr.h
[8.631s] -- Installing: /home/utilizador/charmie_ws/src/install/charmie_interfaces/include/charmie_interfaces/msg/ps4_controller.h
[8.632s] -- Installing: /home/utilizador/charmie_ws/src/install/charmie_interfaces/include/charmie_interfaces/msg/rosidl_generator_c__visibility_control.h
[8.632s] -- Installing: /home/utilizador/charmie_ws/src/install/charmie_interfaces/include/charmie_interfaces/msg/encoders.h
[8.632s] -- Installing: /home/utilizador/charmie_ws/src/install/charmie_interfaces/include/charmie_interfaces/msg/detail
[8.632s] -- Installing: /home/utilizador/charmie_ws/src/install/charmie_interfaces/include/charmie_interfaces/msg/detail/example_tr__functions.h
[8.632s] -- Installing: /home/utilizador/charmie_ws/src/install/charmie_interfaces/include/charmie_interfaces/msg/detail/encoders__struct.h
[8.632s] -- Installing: /home/utilizador/charmie_ws/src/install/charmie_interfaces/include/charmie_interfaces/msg/detail/encoders__functions.c
[8.632s] -- Installing: /home/utilizador/charmie_ws/src/install/charmie_interfaces/include/charmie_interfaces/msg/detail/ps4_controller__type_support.h
[8.632s] -- Installing: /home/utilizador/charmie_ws/src/install/charmie_interfaces/include/charmie_interfaces/msg/detail/encoders__functions.h
[8.633s] -- Installing: /home/utilizador/charmie_ws/src/install/charmie_interfaces/include/charmie_interfaces/msg/detail/ps4_controller__struct.h
[8.633s] -- Installing: /home/utilizador/charmie_ws/src/install/charmie_interfaces/include/charmie_interfaces/msg/detail/encoders__type_support.h
[8.633s] -- Installing: /home/utilizador/charmie_ws/src/install/charmie_interfaces/include/charmie_interfaces/msg/detail/example_tr__type_support.h
[8.633s] -- Installing: /home/utilizador/charmie_ws/src/install/charmie_interfaces/include/charmie_interfaces/msg/detail/example_tr__functions.c
[8.633s] -- Installing: /home/utilizador/charmie_ws/src/install/charmie_interfaces/include/charmie_interfaces/msg/detail/ps4_controller__functions.c
[8.633s] -- Installing: /home/utilizador/charmie_ws/src/install/charmie_interfaces/include/charmie_interfaces/msg/detail/example_tr__struct.h
[8.633s] -- Installing: /home/utilizador/charmie_ws/src/install/charmie_interfaces/include/charmie_interfaces/msg/detail/ps4_controller__functions.h
[8.634s] -- Installing: /home/utilizador/charmie_ws/src/install/charmie_interfaces/share/charmie_interfaces/environment/library_path.sh
[8.634s] -- Installing: /home/utilizador/charmie_ws/src/install/charmie_interfaces/share/charmie_interfaces/environment/library_path.dsv
[8.634s] -- Installing: /home/utilizador/charmie_ws/src/install/charmie_interfaces/lib/libcharmie_interfaces__rosidl_generator_c.so
[8.634s] -- Set runtime path of "/home/utilizador/charmie_ws/src/install/charmie_interfaces/lib/libcharmie_interfaces__rosidl_generator_c.so" to ""
[8.634s] -- Up-to-date: /home/utilizador/charmie_ws/src/install/charmie_interfaces/include/charmie_interfaces
[8.634s] -- Up-to-date: /home/utilizador/charmie_ws/src/install/charmie_interfaces/include/charmie_interfaces/msg
[8.634s] -- Installing: /home/utilizador/charmie_ws/src/install/charmie_interfaces/include/charmie_interfaces/msg/rosidl_typesupport_fastrtps_c__visibility_control.h
[8.634s] -- Up-to-date: /home/utilizador/charmie_ws/src/install/charmie_interfaces/include/charmie_interfaces/msg/detail
[8.635s] -- Installing: /home/utilizador/charmie_ws/src/install/charmie_interfaces/include/charmie_interfaces/msg/detail/ps4_controller__rosidl_typesupport_fastrtps_c.h
[8.635s] -- Installing: /home/utilizador/charmie_ws/src/install/charmie_interfaces/include/charmie_interfaces/msg/detail/encoders__rosidl_typesupport_fastrtps_c.h
[8.635s] -- Installing: /home/utilizador/charmie_ws/src/install/charmie_interfaces/include/charmie_interfaces/msg/detail/example_tr__rosidl_typesupport_fastrtps_c.h
[8.635s] -- Installing: /home/utilizador/charmie_ws/src/install/charmie_interfaces/lib/libcharmie_interfaces__rosidl_typesupport_fastrtps_c.so
[8.635s] -- Set runtime path of "/home/utilizador/charmie_ws/src/install/charmie_interfaces/lib/libcharmie_interfaces__rosidl_typesupport_fastrtps_c.so" to ""
[8.635s] -- Up-to-date: /home/utilizador/charmie_ws/src/install/charmie_interfaces/include/charmie_interfaces
[8.635s] -- Up-to-date: /home/utilizador/charmie_ws/src/install/charmie_interfaces/include/charmie_interfaces/msg
[8.636s] -- Installing: /home/utilizador/charmie_ws/src/install/charmie_interfaces/include/charmie_interfaces/msg/rosidl_typesupport_fastrtps_cpp__visibility_control.h
[8.636s] -- Up-to-date: /home/utilizador/charmie_ws/src/install/charmie_interfaces/include/charmie_interfaces/msg/detail
[8.636s] -- Installing: /home/utilizador/charmie_ws/src/install/charmie_interfaces/include/charmie_interfaces/msg/detail/example_tr__rosidl_typesupport_fastrtps_cpp.hpp
[8.636s] -- Installing: /home/utilizador/charmie_ws/src/install/charmie_interfaces/include/charmie_interfaces/msg/detail/dds_fastrtps
[8.636s] -- Installing: /home/utilizador/charmie_ws/src/install/charmie_interfaces/include/charmie_interfaces/msg/detail/encoders__rosidl_typesupport_fastrtps_cpp.hpp
[8.636s] -- Installing: /home/utilizador/charmie_ws/src/install/charmie_interfaces/include/charmie_interfaces/msg/detail/ps4_controller__rosidl_typesupport_fastrtps_cpp.hpp
[8.636s] -- Installing: /home/utilizador/charmie_ws/src/install/charmie_interfaces/lib/libcharmie_interfaces__rosidl_typesupport_fastrtps_cpp.so
[8.636s] -- Set runtime path of "/home/utilizador/charmie_ws/src/install/charmie_interfaces/lib/libcharmie_interfaces__rosidl_typesupport_fastrtps_cpp.so" to ""
[8.637s] -- Up-to-date: /home/utilizador/charmie_ws/src/install/charmie_interfaces/include/charmie_interfaces
[8.637s] -- Up-to-date: /home/utilizador/charmie_ws/src/install/charmie_interfaces/include/charmie_interfaces/msg
[8.637s] -- Installing: /home/utilizador/charmie_ws/src/install/charmie_interfaces/include/charmie_interfaces/msg/rosidl_typesupport_introspection_c__visibility_control.h
[8.637s] -- Up-to-date: /home/utilizador/charmie_ws/src/install/charmie_interfaces/include/charmie_interfaces/msg/detail
[8.637s] -- Installing: /home/utilizador/charmie_ws/src/install/charmie_interfaces/include/charmie_interfaces/msg/detail/encoders__type_support.c
[8.637s] -- Installing: /home/utilizador/charmie_ws/src/install/charmie_interfaces/include/charmie_interfaces/msg/detail/example_tr__type_support.c
[8.637s] -- Installing: /home/utilizador/charmie_ws/src/install/charmie_interfaces/include/charmie_interfaces/msg/detail/encoders__rosidl_typesupport_introspection_c.h
[8.637s] -- Installing: /home/utilizador/charmie_ws/src/install/charmie_interfaces/include/charmie_interfaces/msg/detail/ps4_controller__type_support.c
[8.638s] -- Installing: /home/utilizador/charmie_ws/src/install/charmie_interfaces/include/charmie_interfaces/msg/detail/ps4_controller__rosidl_typesupport_introspection_c.h
[8.638s] -- Installing: /home/utilizador/charmie_ws/src/install/charmie_interfaces/include/charmie_interfaces/msg/detail/example_tr__rosidl_typesupport_introspection_c.h
[8.638s] -- Installing: /home/utilizador/charmie_ws/src/install/charmie_interfaces/lib/libcharmie_interfaces__rosidl_typesupport_introspection_c.so
[8.638s] -- Set runtime path of "/home/utilizador/charmie_ws/src/install/charmie_interfaces/lib/libcharmie_interfaces__rosidl_typesupport_introspection_c.so" to ""
[8.638s] -- Installing: /home/utilizador/charmie_ws/src/install/charmie_interfaces/lib/libcharmie_interfaces__rosidl_typesupport_c.so
[8.638s] -- Set runtime path of "/home/utilizador/charmie_ws/src/install/charmie_interfaces/lib/libcharmie_interfaces__rosidl_typesupport_c.so" to ""
[8.638s] -- Up-to-date: /home/utilizador/charmie_ws/src/install/charmie_interfaces/include/charmie_interfaces
[8.639s] -- Up-to-date: /home/utilizador/charmie_ws/src/install/charmie_interfaces/include/charmie_interfaces/msg
[8.639s] -- Installing: /home/utilizador/charmie_ws/src/install/charmie_interfaces/include/charmie_interfaces/msg/ps4_controller.hpp
[8.639s] -- Installing: /home/utilizador/charmie_ws/src/install/charmie_interfaces/include/charmie_interfaces/msg/encoders.hpp
[8.639s] -- Installing: /home/utilizador/charmie_ws/src/install/charmie_interfaces/include/charmie_interfaces/msg/example_tr.hpp
[8.639s] -- Up-to-date: /home/utilizador/charmie_ws/src/install/charmie_interfaces/include/charmie_interfaces/msg/detail
[8.639s] -- Installing: /home/utilizador/charmie_ws/src/install/charmie_interfaces/include/charmie_interfaces/msg/detail/example_tr__struct.hpp
[8.639s] -- Installing: /home/utilizador/charmie_ws/src/install/charmie_interfaces/include/charmie_interfaces/msg/detail/ps4_controller__traits.hpp
[8.639s] -- Installing: /home/utilizador/charmie_ws/src/install/charmie_interfaces/include/charmie_interfaces/msg/detail/example_tr__builder.hpp
[8.639s] -- Installing: /home/utilizador/charmie_ws/src/install/charmie_interfaces/include/charmie_interfaces/msg/detail/encoders__traits.hpp
[8.640s] -- Installing: /home/utilizador/charmie_ws/src/install/charmie_interfaces/include/charmie_interfaces/msg/detail/ps4_controller__builder.hpp
[8.640s] -- Installing: /home/utilizador/charmie_ws/src/install/charmie_interfaces/include/charmie_interfaces/msg/detail/encoders__struct.hpp
[8.640s] -- Installing: /home/utilizador/charmie_ws/src/install/charmie_interfaces/include/charmie_interfaces/msg/detail/encoders__builder.hpp
[8.640s] -- Installing: /home/utilizador/charmie_ws/src/install/charmie_interfaces/include/charmie_interfaces/msg/detail/ps4_controller__struct.hpp
[8.640s] -- Installing: /home/utilizador/charmie_ws/src/install/charmie_interfaces/include/charmie_interfaces/msg/detail/example_tr__traits.hpp
[8.640s] -- Up-to-date: /home/utilizador/charmie_ws/src/install/charmie_interfaces/include/charmie_interfaces
[8.640s] -- Up-to-date: /home/utilizador/charmie_ws/src/install/charmie_interfaces/include/charmie_interfaces/msg
[8.640s] -- Up-to-date: /home/utilizador/charmie_ws/src/install/charmie_interfaces/include/charmie_interfaces/msg/detail
[8.641s] -- Installing: /home/utilizador/charmie_ws/src/install/charmie_interfaces/include/charmie_interfaces/msg/detail/example_tr__rosidl_typesupport_introspection_cpp.hpp
[8.641s] -- Installing: /home/utilizador/charmie_ws/src/install/charmie_interfaces/include/charmie_interfaces/msg/detail/ps4_controller__rosidl_typesupport_introspection_cpp.hpp
[8.641s] -- Installing: /home/utilizador/charmie_ws/src/install/charmie_interfaces/include/charmie_interfaces/msg/detail/ps4_controller__type_support.cpp
[8.641s] -- Installing: /home/utilizador/charmie_ws/src/install/charmie_interfaces/include/charmie_interfaces/msg/detail/encoders__rosidl_typesupport_introspection_cpp.hpp
[8.641s] -- Installing: /home/utilizador/charmie_ws/src/install/charmie_interfaces/include/charmie_interfaces/msg/detail/example_tr__type_support.cpp
[8.641s] -- Installing: /home/utilizador/charmie_ws/src/install/charmie_interfaces/include/charmie_interfaces/msg/detail/encoders__type_support.cpp
[8.641s] -- Installing: /home/utilizador/charmie_ws/src/install/charmie_interfaces/lib/libcharmie_interfaces__rosidl_typesupport_introspection_cpp.so
[8.641s] -- Set runtime path of "/home/utilizador/charmie_ws/src/install/charmie_interfaces/lib/libcharmie_interfaces__rosidl_typesupport_introspection_cpp.so" to ""
[8.641s] -- Installing: /home/utilizador/charmie_ws/src/install/charmie_interfaces/lib/libcharmie_interfaces__rosidl_typesupport_cpp.so
[8.642s] -- Set runtime path of "/home/utilizador/charmie_ws/src/install/charmie_interfaces/lib/libcharmie_interfaces__rosidl_typesupport_cpp.so" to ""
[8.642s] -- Installing: /home/utilizador/charmie_ws/src/install/charmie_interfaces/share/charmie_interfaces/environment/pythonpath.sh
[8.642s] -- Installing: /home/utilizador/charmie_ws/src/install/charmie_interfaces/share/charmie_interfaces/environment/pythonpath.dsv
[8.642s] -- Installing: /home/utilizador/charmie_ws/src/install/charmie_interfaces/lib/python3.8/site-packages/charmie_interfaces/__init__.py
[8.684s] Compiling '/home/utilizador/charmie_ws/src/install/charmie_interfaces/lib/python3.8/site-packages/charmie_interfaces/__init__.py'...
[8.689s] -- Installing: /home/utilizador/charmie_ws/src/install/charmie_interfaces/lib/python3.8/site-packages/charmie_interfaces/msg
[8.690s] -- Installing: /home/utilizador/charmie_ws/src/install/charmie_interfaces/lib/python3.8/site-packages/charmie_interfaces/msg/_example_tr.py
[8.690s] -- Installing: /home/utilizador/charmie_ws/src/install/charmie_interfaces/lib/python3.8/site-packages/charmie_interfaces/msg/_encoders.py
[8.690s] -- Installing: /home/utilizador/charmie_ws/src/install/charmie_interfaces/lib/python3.8/site-packages/charmie_interfaces/msg/_encoders_s.c
[8.690s] -- Installing: /home/utilizador/charmie_ws/src/install/charmie_interfaces/lib/python3.8/site-packages/charmie_interfaces/msg/_example_tr_s.c
[8.690s] -- Installing: /home/utilizador/charmie_ws/src/install/charmie_interfaces/lib/python3.8/site-packages/charmie_interfaces/msg/_ps4_controller.py
[8.690s] -- Installing: /home/utilizador/charmie_ws/src/install/charmie_interfaces/lib/python3.8/site-packages/charmie_interfaces/msg/_ps4_controller_s.c
[8.690s] -- Installing: /home/utilizador/charmie_ws/src/install/charmie_interfaces/lib/python3.8/site-packages/charmie_interfaces/msg/__init__.py
[8.691s] -- Installing: /home/utilizador/charmie_ws/src/install/charmie_interfaces/lib/python3.8/site-packages/charmie_interfaces/charmie_interfaces_s__rosidl_typesupport_fastrtps_c.cpython-38-x86_64-linux-gnu.so
[8.691s] -- Set runtime path of "/home/utilizador/charmie_ws/src/install/charmie_interfaces/lib/python3.8/site-packages/charmie_interfaces/charmie_interfaces_s__rosidl_typesupport_fastrtps_c.cpython-38-x86_64-linux-gnu.so" to ""
[8.691s] -- Installing: /home/utilizador/charmie_ws/src/install/charmie_interfaces/lib/python3.8/site-packages/charmie_interfaces/charmie_interfaces_s__rosidl_typesupport_introspection_c.cpython-38-x86_64-linux-gnu.so
[8.692s] -- Set runtime path of "/home/utilizador/charmie_ws/src/install/charmie_interfaces/lib/python3.8/site-packages/charmie_interfaces/charmie_interfaces_s__rosidl_typesupport_introspection_c.cpython-38-x86_64-linux-gnu.so" to ""
[8.692s] -- Installing: /home/utilizador/charmie_ws/src/install/charmie_interfaces/lib/python3.8/site-packages/charmie_interfaces/charmie_interfaces_s__rosidl_typesupport_c.cpython-38-x86_64-linux-gnu.so
[8.693s] -- Set runtime path of "/home/utilizador/charmie_ws/src/install/charmie_interfaces/lib/python3.8/site-packages/charmie_interfaces/charmie_interfaces_s__rosidl_typesupport_c.cpython-38-x86_64-linux-gnu.so" to ""
[8.693s] -- Installing: /home/utilizador/charmie_ws/src/install/charmie_interfaces/lib/libcharmie_interfaces__python.so
[8.694s] -- Set runtime path of "/home/utilizador/charmie_ws/src/install/charmie_interfaces/lib/libcharmie_interfaces__python.so" to ""
[8.694s] -- Installing: /home/utilizador/charmie_ws/src/install/charmie_interfaces/share/charmie_interfaces/msg/ExampleTR.idl
[8.694s] -- Installing: /home/utilizador/charmie_ws/src/install/charmie_interfaces/share/charmie_interfaces/msg/Encoders.idl
[8.694s] -- Installing: /home/utilizador/charmie_ws/src/install/charmie_interfaces/share/charmie_interfaces/msg/PS4Controller.idl
[8.694s] -- Installing: /home/utilizador/charmie_ws/src/install/charmie_interfaces/share/charmie_interfaces/msg/ExampleTR.msg
[8.694s] -- Installing: /home/utilizador/charmie_ws/src/install/charmie_interfaces/share/charmie_interfaces/msg/Encoders.msg
[8.695s] -- Installing: /home/utilizador/charmie_ws/src/install/charmie_interfaces/share/charmie_interfaces/msg/PS4Controller.msg
[8.695s] -- Installing: /home/utilizador/charmie_ws/src/install/charmie_interfaces/share/ament_index/resource_index/package_run_dependencies/charmie_interfaces
[8.695s] -- Installing: /home/utilizador/charmie_ws/src/install/charmie_interfaces/share/ament_index/resource_index/parent_prefix_path/charmie_interfaces
[8.695s] -- Installing: /home/utilizador/charmie_ws/src/install/charmie_interfaces/share/charmie_interfaces/environment/ament_prefix_path.sh
[8.696s] -- Installing: /home/utilizador/charmie_ws/src/install/charmie_interfaces/share/charmie_interfaces/environment/ament_prefix_path.dsv
[8.696s] -- Installing: /home/utilizador/charmie_ws/src/install/charmie_interfaces/share/charmie_interfaces/environment/path.sh
[8.696s] -- Installing: /home/utilizador/charmie_ws/src/install/charmie_interfaces/share/charmie_interfaces/environment/path.dsv
[8.696s] -- Installing: /home/utilizador/charmie_ws/src/install/charmie_interfaces/share/charmie_interfaces/local_setup.bash
[8.696s] -- Installing: /home/utilizador/charmie_ws/src/install/charmie_interfaces/share/charmie_interfaces/local_setup.sh
[8.697s] -- Installing: /home/utilizador/charmie_ws/src/install/charmie_interfaces/share/charmie_interfaces/local_setup.zsh
[8.697s] -- Installing: /home/utilizador/charmie_ws/src/install/charmie_interfaces/share/charmie_interfaces/local_setup.dsv
[8.697s] -- Installing: /home/utilizador/charmie_ws/src/install/charmie_interfaces/share/charmie_interfaces/package.dsv
[8.697s] -- Installing: /home/utilizador/charmie_ws/src/install/charmie_interfaces/share/ament_index/resource_index/packages/charmie_interfaces
[8.697s] -- Installing: /home/utilizador/charmie_ws/src/install/charmie_interfaces/share/charmie_interfaces/cmake/charmie_interfaces__rosidl_generator_cExport.cmake
[8.698s] -- Installing: /home/utilizador/charmie_ws/src/install/charmie_interfaces/share/charmie_interfaces/cmake/charmie_interfaces__rosidl_generator_cExport-noconfig.cmake
[8.698s] -- Installing: /home/utilizador/charmie_ws/src/install/charmie_interfaces/share/charmie_interfaces/cmake/charmie_interfaces__rosidl_typesupport_introspection_cExport.cmake
[8.698s] -- Installing: /home/utilizador/charmie_ws/src/install/charmie_interfaces/share/charmie_interfaces/cmake/charmie_interfaces__rosidl_typesupport_introspection_cExport-noconfig.cmake
[8.698s] -- Installing: /home/utilizador/charmie_ws/src/install/charmie_interfaces/share/charmie_interfaces/cmake/charmie_interfaces__rosidl_typesupport_cExport.cmake
[8.698s] -- Installing: /home/utilizador/charmie_ws/src/install/charmie_interfaces/share/charmie_interfaces/cmake/charmie_interfaces__rosidl_typesupport_cExport-noconfig.cmake
[8.699s] -- Installing: /home/utilizador/charmie_ws/src/install/charmie_interfaces/share/charmie_interfaces/cmake/charmie_interfaces__rosidl_generator_cppExport.cmake
[8.699s] -- Installing: /home/utilizador/charmie_ws/src/install/charmie_interfaces/share/charmie_interfaces/cmake/charmie_interfaces__rosidl_typesupport_introspection_cppExport.cmake
[8.699s] -- Installing: /home/utilizador/charmie_ws/src/install/charmie_interfaces/share/charmie_interfaces/cmake/charmie_interfaces__rosidl_typesupport_introspection_cppExport-noconfig.cmake
[8.699s] -- Installing: /home/utilizador/charmie_ws/src/install/charmie_interfaces/share/charmie_interfaces/cmake/charmie_interfaces__rosidl_typesupport_cppExport.cmake
[8.700s] -- Installing: /home/utilizador/charmie_ws/src/install/charmie_interfaces/share/charmie_interfaces/cmake/charmie_interfaces__rosidl_typesupport_cppExport-noconfig.cmake
[8.700s] -- Installing: /home/utilizador/charmie_ws/src/install/charmie_interfaces/share/charmie_interfaces/cmake/rosidl_cmake-extras.cmake
[8.700s] -- Installing: /home/utilizador/charmie_ws/src/install/charmie_interfaces/share/charmie_interfaces/cmake/ament_cmake_export_dependencies-extras.cmake
[8.700s] -- Installing: /home/utilizador/charmie_ws/src/install/charmie_interfaces/share/charmie_interfaces/cmake/ament_cmake_export_libraries-extras.cmake
[8.700s] -- Installing: /home/utilizador/charmie_ws/src/install/charmie_interfaces/share/charmie_interfaces/cmake/ament_cmake_export_targets-extras.cmake
[8.700s] -- Installing: /home/utilizador/charmie_ws/src/install/charmie_interfaces/share/charmie_interfaces/cmake/ament_cmake_export_include_directories-extras.cmake
[8.701s] -- Installing: /home/utilizador/charmie_ws/src/install/charmie_interfaces/share/charmie_interfaces/cmake/rosidl_cmake_export_typesupport_libraries-extras.cmake
[8.701s] -- Installing: /home/utilizador/charmie_ws/src/install/charmie_interfaces/share/charmie_interfaces/cmake/rosidl_cmake_export_typesupport_targets-extras.cmake
[8.701s] -- Installing: /home/utilizador/charmie_ws/src/install/charmie_interfaces/share/charmie_interfaces/cmake/charmie_interfacesConfig.cmake
[8.701s] -- Installing: /home/utilizador/charmie_ws/src/install/charmie_interfaces/share/charmie_interfaces/cmake/charmie_interfacesConfig-version.cmake
[8.701s] -- Installing: /home/utilizador/charmie_ws/src/install/charmie_interfaces/share/charmie_interfaces/package.xml
[8.707s] Invoked command in '/home/utilizador/charmie_ws/src/build/charmie_interfaces' returned '0': CMAKE_PREFIX_PATH=${CMAKE_PREFIX_PATH}:/home/utilizador/charmie_ws/install/test2:/home/utilizador/charmie_ws/install/my_robot_controller:/home/utilizador/charmie_ws/install/charmie_speakers:/home/utilizador/charmie_ws/install/charmie_ps4_controller:/home/utilizador/charmie_ws/install/charmie_neck_dynamixel:/home/utilizador/charmie_ws/install/charmie_low_level:/home/utilizador/charmie_ws/install/charmie_lidar_hokuyo:/home/utilizador/charmie_ws/install/charmie_debug:/home/utilizador/charmie_ws/install/charmie_camera_realsense:/home/utilizador/charmie_ws/install/charmie_audio:/opt/ros/foxy /usr/bin/cmake --install /home/utilizador/charmie_ws/src/build/charmie_interfaces
