[3.180s] Invoking command in '/home/utilizador/charmie_ws/build/charmie_door_start': PYTHONPATH=/home/utilizador/charmie_ws/build/charmie_door_start/prefix_override:/home/utilizador/charmie_ws/install/charmie_door_start/lib/python3.8/site-packages:${PYTHONPATH} /usr/bin/python3 setup.py develop --editable --build-directory /home/utilizador/charmie_ws/build/charmie_door_start/build --no-deps install_data
[3.875s] running develop
[4.456s] running egg_info
[4.456s] creating charmie_door_start.egg-info
[4.456s] writing charmie_door_start.egg-info/PKG-INFO
[4.456s] writing dependency_links to charmie_door_start.egg-info/dependency_links.txt
[4.457s] writing entry points to charmie_door_start.egg-info/entry_points.txt
[4.457s] writing requirements to charmie_door_start.egg-info/requires.txt
[4.457s] writing top-level names to charmie_door_start.egg-info/top_level.txt
[4.466s] writing manifest file 'charmie_door_start.egg-info/SOURCES.txt'
[4.470s] reading manifest file 'charmie_door_start.egg-info/SOURCES.txt'
[4.476s] writing manifest file 'charmie_door_start.egg-info/SOURCES.txt'
[4.589s] running build_ext
[4.597s] Creating /home/utilizador/charmie_ws/install/charmie_door_start/lib/python3.8/site-packages/charmie-door-start.egg-link (link to .)
[4.598s] Installing door_start script to /home/utilizador/charmie_ws/install/charmie_door_start/lib/charmie_door_start
[4.598s] 
[4.599s] Installed /home/utilizador/charmie_ws/build/charmie_door_start
[4.599s] running install_data
[4.599s] creating /home/utilizador/charmie_ws/install/charmie_door_start/share/ament_index
[4.599s] creating /home/utilizador/charmie_ws/install/charmie_door_start/share/ament_index/resource_index
[4.599s] creating /home/utilizador/charmie_ws/install/charmie_door_start/share/ament_index/resource_index/packages
[4.600s] copying resource/charmie_door_start -> /home/utilizador/charmie_ws/install/charmie_door_start/share/ament_index/resource_index/packages
[4.600s] copying package.xml -> /home/utilizador/charmie_ws/install/charmie_door_start/share/charmie_door_start
[5.313s] Invoked command in '/home/utilizador/charmie_ws/build/charmie_door_start' returned '0': PYTHONPATH=/home/utilizador/charmie_ws/build/charmie_door_start/prefix_override:/home/utilizador/charmie_ws/install/charmie_door_start/lib/python3.8/site-packages:${PYTHONPATH} /usr/bin/python3 setup.py develop --editable --build-directory /home/utilizador/charmie_ws/build/charmie_door_start/build --no-deps install_data
