[2.097s] Invoking command in '/home/utilizador/charmie_ws/src/charmie_stickler_for_the_rules': PYTHONPATH=/home/utilizador/charmie_ws/build/charmie_stickler_for_the_rules/prefix_override:/home/utilizador/charmie_ws/install/charmie_stickler_for_the_rules/lib/python3.8/site-packages:${PYTHONPATH} /usr/bin/python3 setup.py egg_info --egg-base ../../build/charmie_stickler_for_the_rules build --build-base /home/utilizador/charmie_ws/build/charmie_stickler_for_the_rules/build install --record /home/utilizador/charmie_ws/build/charmie_stickler_for_the_rules/install.log --install-scripts $base/lib/charmie_stickler_for_the_rules --single-version-externally-managed
[2.467s] running egg_info
[2.468s] writing ../../build/charmie_stickler_for_the_rules/charmie_stickler_for_the_rules.egg-info/PKG-INFO
[2.469s] writing dependency_links to ../../build/charmie_stickler_for_the_rules/charmie_stickler_for_the_rules.egg-info/dependency_links.txt
[2.469s] writing entry points to ../../build/charmie_stickler_for_the_rules/charmie_stickler_for_the_rules.egg-info/entry_points.txt
[2.470s] writing requirements to ../../build/charmie_stickler_for_the_rules/charmie_stickler_for_the_rules.egg-info/requires.txt
[2.470s] writing top-level names to ../../build/charmie_stickler_for_the_rules/charmie_stickler_for_the_rules.egg-info/top_level.txt
[2.537s] reading manifest file '../../build/charmie_stickler_for_the_rules/charmie_stickler_for_the_rules.egg-info/SOURCES.txt'
[2.539s] writing manifest file '../../build/charmie_stickler_for_the_rules/charmie_stickler_for_the_rules.egg-info/SOURCES.txt'
[2.539s] running build
[2.539s] running build_py
[2.540s] running install
[2.541s] running install_lib
[2.543s] running install_data
[2.544s] running install_egg_info
[2.547s] removing '/home/utilizador/charmie_ws/install/charmie_stickler_for_the_rules/lib/python3.8/site-packages/charmie_stickler_for_the_rules-0.0.0-py3.8.egg-info' (and everything under it)
[2.548s] Copying ../../build/charmie_stickler_for_the_rules/charmie_stickler_for_the_rules.egg-info to /home/utilizador/charmie_ws/install/charmie_stickler_for_the_rules/lib/python3.8/site-packages/charmie_stickler_for_the_rules-0.0.0-py3.8.egg-info
[2.549s] running install_scripts
[2.578s] Installing stickler_for_the_rules script to /home/utilizador/charmie_ws/install/charmie_stickler_for_the_rules/lib/charmie_stickler_for_the_rules
[2.579s] writing list of installed files to '/home/utilizador/charmie_ws/build/charmie_stickler_for_the_rules/install.log'
[2.637s] Invoked command in '/home/utilizador/charmie_ws/src/charmie_stickler_for_the_rules' returned '0': PYTHONPATH=/home/utilizador/charmie_ws/build/charmie_stickler_for_the_rules/prefix_override:/home/utilizador/charmie_ws/install/charmie_stickler_for_the_rules/lib/python3.8/site-packages:${PYTHONPATH} /usr/bin/python3 setup.py egg_info --egg-base ../../build/charmie_stickler_for_the_rules build --build-base /home/utilizador/charmie_ws/build/charmie_stickler_for_the_rules/build install --record /home/utilizador/charmie_ws/build/charmie_stickler_for_the_rules/install.log --install-scripts $base/lib/charmie_stickler_for_the_rules --single-version-externally-managed
