[5.339s] Invoking command in '/home/utilizador/charmie_ws/build/charmie_door_start': PYTHONPATH=/home/utilizador/charmie_ws/build/charmie_door_start/prefix_override:/home/utilizador/charmie_ws/install/charmie_door_start/lib/python3.8/site-packages:${PYTHONPATH} /usr/bin/python3 setup.py develop --uninstall --editable --build-directory /home/utilizador/charmie_ws/build/charmie_door_start/build
[7.181s] running develop
[9.757s] Invoked command in '/home/utilizador/charmie_ws/build/charmie_door_start' returned '0': PYTHONPATH=/home/utilizador/charmie_ws/build/charmie_door_start/prefix_override:/home/utilizador/charmie_ws/install/charmie_door_start/lib/python3.8/site-packages:${PYTHONPATH} /usr/bin/python3 setup.py develop --uninstall --editable --build-directory /home/utilizador/charmie_ws/build/charmie_door_start/build
[9.758s] Invoking command in '/home/utilizador/charmie_ws/src/charmie_door_start': PYTHONPATH=/home/utilizador/charmie_ws/build/charmie_door_start/prefix_override:/home/utilizador/charmie_ws/install/charmie_door_start/lib/python3.8/site-packages:${PYTHONPATH} /usr/bin/python3 setup.py egg_info --egg-base ../../build/charmie_door_start build --build-base /home/utilizador/charmie_ws/build/charmie_door_start/build install --record /home/utilizador/charmie_ws/build/charmie_door_start/install.log --single-version-externally-managed
[12.238s] running egg_info
[12.246s] writing ../../build/charmie_door_start/charmie_door_start.egg-info/PKG-INFO
[12.251s] writing dependency_links to ../../build/charmie_door_start/charmie_door_start.egg-info/dependency_links.txt
[12.258s] writing entry points to ../../build/charmie_door_start/charmie_door_start.egg-info/entry_points.txt
[12.258s] writing requirements to ../../build/charmie_door_start/charmie_door_start.egg-info/requires.txt
[12.258s] writing top-level names to ../../build/charmie_door_start/charmie_door_start.egg-info/top_level.txt
[12.287s] reading manifest file '../../build/charmie_door_start/charmie_door_start.egg-info/SOURCES.txt'
[12.297s] writing manifest file '../../build/charmie_door_start/charmie_door_start.egg-info/SOURCES.txt'
[12.299s] running build
[12.299s] running build_py
[12.302s] running install
[12.314s] running install_lib
[12.343s] running install_data
[12.365s] running install_egg_info
[12.377s] removing '/home/utilizador/charmie_ws/install/charmie_door_start/lib/python3.8/site-packages/charmie_door_start-0.0.0-py3.8.egg-info' (and everything under it)
[12.404s] Copying ../../build/charmie_door_start/charmie_door_start.egg-info to /home/utilizador/charmie_ws/install/charmie_door_start/lib/python3.8/site-packages/charmie_door_start-0.0.0-py3.8.egg-info
[12.416s] running install_scripts
[12.599s] Installing door_start script to /home/utilizador/charmie_ws/install/charmie_door_start/lib/charmie_door_start
[12.610s] writing list of installed files to '/home/utilizador/charmie_ws/build/charmie_door_start/install.log'
[12.827s] Invoked command in '/home/utilizador/charmie_ws/src/charmie_door_start' returned '0': PYTHONPATH=/home/utilizador/charmie_ws/build/charmie_door_start/prefix_override:/home/utilizador/charmie_ws/install/charmie_door_start/lib/python3.8/site-packages:${PYTHONPATH} /usr/bin/python3 setup.py egg_info --egg-base ../../build/charmie_door_start build --build-base /home/utilizador/charmie_ws/build/charmie_door_start/build install --record /home/utilizador/charmie_ws/build/charmie_door_start/install.log --single-version-externally-managed
