[7.755s] Invoking command in '/home/utilizador/charmie_ws/src/charmie_debug': CMAKE_PREFIX_PATH=/home/utilizador/charmie_ws/install/charmie_interfaces:/home/utilizador/charmie_ws/install/realsense2_description:/home/utilizador/charmie_ws/install/realsense2_camera:/home/utilizador/charmie_ws/install/realsense2_camera_msgs:/home/utilizador/charmie_ws/install/charmie_bot LD_LIBRARY_PATH=/home/utilizador/charmie_ws/install/charmie_interfaces/lib:/home/utilizador/charmie_ws/install/realsense2_camera/lib:/home/utilizador/charmie_ws/install/realsense2_camera_msgs/lib:/opt/ros/foxy/opt/yaml_cpp_vendor/lib:/opt/ros/foxy/opt/rviz_ogre_vendor/lib:/opt/ros/foxy/lib/x86_64-linux-gnu:/opt/ros/foxy/lib PYTHONPATH=/home/utilizador/charmie_ws/build/charmie_debug/prefix_override:/home/utilizador/charmie_ws/install/charmie_debug/lib/python3.8/site-packages:/home/utilizador/charmie_ws/install/charmie_interfaces/lib/python3.8/site-packages:/home/utilizador/charmie_ws/install/yolo_obj/lib/python3.8/site-packages:/home/utilizador/charmie_ws/install/realsense2_camera_msgs/lib/python3.8/site-packages:/home/utilizador/charmie_ws/install/charmie_speakers/lib/python3.8/site-packages:/home/utilizador/charmie_ws/install/charmie_receptionist/lib/python3.8/site-packages:/home/utilizador/charmie_ws/install/charmie_ps4_controller/lib/python3.8/site-packages:/home/utilizador/charmie_ws/install/charmie_odometry/lib/python3.8/site-packages:/home/utilizador/charmie_ws/install/charmie_obstacles/lib/python3.8/site-packages:/home/utilizador/charmie_ws/install/charmie_neck_dynamixel/lib/python3.8/site-packages:/home/utilizador/charmie_ws/install/charmie_navigation_sdnl/lib/python3.8/site-packages:/home/utilizador/charmie_ws/install/charmie_low_level/lib/python3.8/site-packages:/home/utilizador/charmie_ws/install/charmie_localisation/lib/python3.8/site-packages:/home/utilizador/charmie_ws/install/charmie_lidar_hokuyo/lib/python3.8/site-packages:/home/utilizador/charmie_ws/install/charmie_inspection/lib/python3.8/site-packages:/home/utilizador/charmie_ws/install/charmie_debug/lib/python3.8/site-packages:/home/utilizador/charmie_ws/install/charmie_audio/lib/python3.8/site-packages:/home/utilizador/charmie_ws/install/charmie_face_shiningrgb/lib/python3.8/site-packages:/home/utilizador/charmie_ws/install/charmie_door_start/lib/python3.8/site-packages:/opt/ros/foxy/lib/python3.8/site-packages /usr/bin/python3 setup.py egg_info --egg-base ../../build/charmie_debug build --build-base /home/utilizador/charmie_ws/build/charmie_debug/build install --record /home/utilizador/charmie_ws/build/charmie_debug/install.log --install-scripts $base/lib/charmie_debug --single-version-externally-managed
[9.663s] running egg_info
[9.666s] creating ../../build/charmie_debug/charmie_debug.egg-info
[9.666s] writing ../../build/charmie_debug/charmie_debug.egg-info/PKG-INFO
[9.667s] writing dependency_links to ../../build/charmie_debug/charmie_debug.egg-info/dependency_links.txt
[9.667s] writing entry points to ../../build/charmie_debug/charmie_debug.egg-info/entry_points.txt
[9.667s] writing requirements to ../../build/charmie_debug/charmie_debug.egg-info/requires.txt
[9.668s] writing top-level names to ../../build/charmie_debug/charmie_debug.egg-info/top_level.txt
[9.668s] writing manifest file '../../build/charmie_debug/charmie_debug.egg-info/SOURCES.txt'
[9.668s] reading manifest file '../../build/charmie_debug/charmie_debug.egg-info/SOURCES.txt'
[9.669s] writing manifest file '../../build/charmie_debug/charmie_debug.egg-info/SOURCES.txt'
[9.669s] running build
[9.669s] running build_py
[9.669s] creating /home/utilizador/charmie_ws/build/charmie_debug/build
[9.670s] creating /home/utilizador/charmie_ws/build/charmie_debug/build/lib
[9.670s] creating /home/utilizador/charmie_ws/build/charmie_debug/build/lib/charmie_debug
[9.670s] copying charmie_debug/debug_main.py -> /home/utilizador/charmie_ws/build/charmie_debug/build/lib/charmie_debug
[9.670s] copying charmie_debug/__init__.py -> /home/utilizador/charmie_ws/build/charmie_debug/build/lib/charmie_debug
[9.671s] running install
[9.671s] running install_lib
[9.671s] creating /home/utilizador/charmie_ws/install/charmie_debug/lib/python3.8/site-packages/charmie_debug
[9.672s] copying /home/utilizador/charmie_ws/build/charmie_debug/build/lib/charmie_debug/debug_main.py -> /home/utilizador/charmie_ws/install/charmie_debug/lib/python3.8/site-packages/charmie_debug
[9.672s] copying /home/utilizador/charmie_ws/build/charmie_debug/build/lib/charmie_debug/__init__.py -> /home/utilizador/charmie_ws/install/charmie_debug/lib/python3.8/site-packages/charmie_debug
[9.672s] byte-compiling /home/utilizador/charmie_ws/install/charmie_debug/lib/python3.8/site-packages/charmie_debug/debug_main.py to debug_main.cpython-38.pyc
[9.672s] byte-compiling /home/utilizador/charmie_ws/install/charmie_debug/lib/python3.8/site-packages/charmie_debug/__init__.py to __init__.cpython-38.pyc
[9.673s] running install_data
[9.673s] creating /home/utilizador/charmie_ws/install/charmie_debug/share/ament_index
[9.674s] creating /home/utilizador/charmie_ws/install/charmie_debug/share/ament_index/resource_index
[9.674s] creating /home/utilizador/charmie_ws/install/charmie_debug/share/ament_index/resource_index/packages
[9.674s] copying resource/charmie_debug -> /home/utilizador/charmie_ws/install/charmie_debug/share/ament_index/resource_index/packages
[9.675s] copying package.xml -> /home/utilizador/charmie_ws/install/charmie_debug/share/charmie_debug
[9.680s] running install_egg_info
[9.680s] Copying ../../build/charmie_debug/charmie_debug.egg-info to /home/utilizador/charmie_ws/install/charmie_debug/lib/python3.8/site-packages/charmie_debug-0.0.0-py3.8.egg-info
[9.680s] running install_scripts
[9.680s] Installing debug_main script to /home/utilizador/charmie_ws/install/charmie_debug/lib/charmie_debug
[9.681s] writing list of installed files to '/home/utilizador/charmie_ws/build/charmie_debug/install.log'
[10.066s] Invoked command in '/home/utilizador/charmie_ws/src/charmie_debug' returned '0': CMAKE_PREFIX_PATH=/home/utilizador/charmie_ws/install/charmie_interfaces:/home/utilizador/charmie_ws/install/realsense2_description:/home/utilizador/charmie_ws/install/realsense2_camera:/home/utilizador/charmie_ws/install/realsense2_camera_msgs:/home/utilizador/charmie_ws/install/charmie_bot LD_LIBRARY_PATH=/home/utilizador/charmie_ws/install/charmie_interfaces/lib:/home/utilizador/charmie_ws/install/realsense2_camera/lib:/home/utilizador/charmie_ws/install/realsense2_camera_msgs/lib:/opt/ros/foxy/opt/yaml_cpp_vendor/lib:/opt/ros/foxy/opt/rviz_ogre_vendor/lib:/opt/ros/foxy/lib/x86_64-linux-gnu:/opt/ros/foxy/lib PYTHONPATH=/home/utilizador/charmie_ws/build/charmie_debug/prefix_override:/home/utilizador/charmie_ws/install/charmie_debug/lib/python3.8/site-packages:/home/utilizador/charmie_ws/install/charmie_interfaces/lib/python3.8/site-packages:/home/utilizador/charmie_ws/install/yolo_obj/lib/python3.8/site-packages:/home/utilizador/charmie_ws/install/realsense2_camera_msgs/lib/python3.8/site-packages:/home/utilizador/charmie_ws/install/charmie_speakers/lib/python3.8/site-packages:/home/utilizador/charmie_ws/install/charmie_receptionist/lib/python3.8/site-packages:/home/utilizador/charmie_ws/install/charmie_ps4_controller/lib/python3.8/site-packages:/home/utilizador/charmie_ws/install/charmie_odometry/lib/python3.8/site-packages:/home/utilizador/charmie_ws/install/charmie_obstacles/lib/python3.8/site-packages:/home/utilizador/charmie_ws/install/charmie_neck_dynamixel/lib/python3.8/site-packages:/home/utilizador/charmie_ws/install/charmie_navigation_sdnl/lib/python3.8/site-packages:/home/utilizador/charmie_ws/install/charmie_low_level/lib/python3.8/site-packages:/home/utilizador/charmie_ws/install/charmie_localisation/lib/python3.8/site-packages:/home/utilizador/charmie_ws/install/charmie_lidar_hokuyo/lib/python3.8/site-packages:/home/utilizador/charmie_ws/install/charmie_inspection/lib/python3.8/site-packages:/home/utilizador/charmie_ws/install/charmie_debug/lib/python3.8/site-packages:/home/utilizador/charmie_ws/install/charmie_audio/lib/python3.8/site-packages:/home/utilizador/charmie_ws/install/charmie_face_shiningrgb/lib/python3.8/site-packages:/home/utilizador/charmie_ws/install/charmie_door_start/lib/python3.8/site-packages:/opt/ros/foxy/lib/python3.8/site-packages /usr/bin/python3 setup.py egg_info --egg-base ../../build/charmie_debug build --build-base /home/utilizador/charmie_ws/build/charmie_debug/build install --record /home/utilizador/charmie_ws/build/charmie_debug/install.log --install-scripts $base/lib/charmie_debug --single-version-externally-managed
