[2.566s] Invoking command in '/home/utilizador/charmie_ws/build/charmie_diagnostics': PYTHONPATH=/home/utilizador/charmie_ws/build/charmie_diagnostics/prefix_override:/home/utilizador/charmie_ws/install/charmie_diagnostics/lib/python3.8/site-packages:${PYTHONPATH} /usr/bin/python3 setup.py develop --editable --build-directory /home/utilizador/charmie_ws/build/charmie_diagnostics/build --no-deps install_data
[3.337s] running develop
[3.990s] running egg_info
[3.991s] creating charmie_diagnostics.egg-info
[3.991s] writing charmie_diagnostics.egg-info/PKG-INFO
[3.991s] writing dependency_links to charmie_diagnostics.egg-info/dependency_links.txt
[3.991s] writing entry points to charmie_diagnostics.egg-info/entry_points.txt
[3.991s] writing requirements to charmie_diagnostics.egg-info/requires.txt
[3.991s] writing top-level names to charmie_diagnostics.egg-info/top_level.txt
[3.993s] writing manifest file 'charmie_diagnostics.egg-info/SOURCES.txt'
[4.002s] reading manifest file 'charmie_diagnostics.egg-info/SOURCES.txt'
[4.003s] writing manifest file 'charmie_diagnostics.egg-info/SOURCES.txt'
[4.126s] running build_ext
[4.127s] Creating /home/utilizador/charmie_ws/install/charmie_diagnostics/lib/python3.8/site-packages/charmie-diagnostics.egg-link (link to .)
[4.128s] Installing diagnostics script to /home/utilizador/charmie_ws/install/charmie_diagnostics/lib/charmie_diagnostics
[4.129s] 
[4.129s] Installed /home/utilizador/charmie_ws/build/charmie_diagnostics
[4.129s] running install_data
[4.129s] creating /home/utilizador/charmie_ws/install/charmie_diagnostics/share/ament_index
[4.129s] creating /home/utilizador/charmie_ws/install/charmie_diagnostics/share/ament_index/resource_index
[4.130s] creating /home/utilizador/charmie_ws/install/charmie_diagnostics/share/ament_index/resource_index/packages
[4.130s] copying resource/charmie_diagnostics -> /home/utilizador/charmie_ws/install/charmie_diagnostics/share/ament_index/resource_index/packages
[4.130s] copying package.xml -> /home/utilizador/charmie_ws/install/charmie_diagnostics/share/charmie_diagnostics
[4.541s] Invoked command in '/home/utilizador/charmie_ws/build/charmie_diagnostics' returned '0': PYTHONPATH=/home/utilizador/charmie_ws/build/charmie_diagnostics/prefix_override:/home/utilizador/charmie_ws/install/charmie_diagnostics/lib/python3.8/site-packages:${PYTHONPATH} /usr/bin/python3 setup.py develop --editable --build-directory /home/utilizador/charmie_ws/build/charmie_diagnostics/build --no-deps install_data
