[3.420s] Invoking command in '/home/utilizador/charmie_ws/build/charmie_lidar_hokuyo': PYTHONPATH=/home/utilizador/charmie_ws/build/charmie_lidar_hokuyo/prefix_override:/home/utilizador/charmie_ws/install/charmie_lidar_hokuyo/lib/python3.8/site-packages:${PYTHONPATH} /usr/bin/python3 setup.py develop --uninstall --editable --build-directory /home/utilizador/charmie_ws/build/charmie_lidar_hokuyo/build
[4.143s] running develop
[4.837s] Invoked command in '/home/utilizador/charmie_ws/build/charmie_lidar_hokuyo' returned '0': PYTHONPATH=/home/utilizador/charmie_ws/build/charmie_lidar_hokuyo/prefix_override:/home/utilizador/charmie_ws/install/charmie_lidar_hokuyo/lib/python3.8/site-packages:${PYTHONPATH} /usr/bin/python3 setup.py develop --uninstall --editable --build-directory /home/utilizador/charmie_ws/build/charmie_lidar_hokuyo/build
[4.839s] Invoking command in '/home/utilizador/charmie_ws/src/charmie_lidar_hokuyo': PYTHONPATH=/home/utilizador/charmie_ws/build/charmie_lidar_hokuyo/prefix_override:/home/utilizador/charmie_ws/install/charmie_lidar_hokuyo/lib/python3.8/site-packages:${PYTHONPATH} /usr/bin/python3 setup.py egg_info --egg-base ../../build/charmie_lidar_hokuyo build --build-base /home/utilizador/charmie_ws/build/charmie_lidar_hokuyo/build install --record /home/utilizador/charmie_ws/build/charmie_lidar_hokuyo/install.log --single-version-externally-managed
[5.483s] running egg_info
[5.484s] writing ../../build/charmie_lidar_hokuyo/charmie_lidar_hokuyo.egg-info/PKG-INFO
[5.485s] writing dependency_links to ../../build/charmie_lidar_hokuyo/charmie_lidar_hokuyo.egg-info/dependency_links.txt
[5.485s] writing entry points to ../../build/charmie_lidar_hokuyo/charmie_lidar_hokuyo.egg-info/entry_points.txt
[5.485s] writing requirements to ../../build/charmie_lidar_hokuyo/charmie_lidar_hokuyo.egg-info/requires.txt
[5.485s] writing top-level names to ../../build/charmie_lidar_hokuyo/charmie_lidar_hokuyo.egg-info/top_level.txt
[5.491s] reading manifest file '../../build/charmie_lidar_hokuyo/charmie_lidar_hokuyo.egg-info/SOURCES.txt'
[5.492s] writing manifest file '../../build/charmie_lidar_hokuyo/charmie_lidar_hokuyo.egg-info/SOURCES.txt'
[5.492s] running build
[5.493s] running build_py
[5.493s] running install
[5.495s] running install_lib
[5.499s] running install_data
[5.500s] running install_egg_info
[5.503s] removing '/home/utilizador/charmie_ws/install/charmie_lidar_hokuyo/lib/python3.8/site-packages/charmie_lidar_hokuyo-0.0.0-py3.8.egg-info' (and everything under it)
[5.503s] Copying ../../build/charmie_lidar_hokuyo/charmie_lidar_hokuyo.egg-info to /home/utilizador/charmie_ws/install/charmie_lidar_hokuyo/lib/python3.8/site-packages/charmie_lidar_hokuyo-0.0.0-py3.8.egg-info
[5.505s] running install_scripts
[5.545s] Installing lidar_hokuyo script to /home/utilizador/charmie_ws/install/charmie_lidar_hokuyo/lib/charmie_lidar_hokuyo
[5.545s] writing list of installed files to '/home/utilizador/charmie_ws/build/charmie_lidar_hokuyo/install.log'
[5.657s] Invoked command in '/home/utilizador/charmie_ws/src/charmie_lidar_hokuyo' returned '0': PYTHONPATH=/home/utilizador/charmie_ws/build/charmie_lidar_hokuyo/prefix_override:/home/utilizador/charmie_ws/install/charmie_lidar_hokuyo/lib/python3.8/site-packages:${PYTHONPATH} /usr/bin/python3 setup.py egg_info --egg-base ../../build/charmie_lidar_hokuyo build --build-base /home/utilizador/charmie_ws/build/charmie_lidar_hokuyo/build install --record /home/utilizador/charmie_ws/build/charmie_lidar_hokuyo/install.log --single-version-externally-managed
