[3.455s] Invoking command in '/home/utilizador/charmie_ws/build/charmie_diagnostics': PYTHONPATH=/home/utilizador/charmie_ws/build/charmie_diagnostics/prefix_override:/home/utilizador/charmie_ws/install/charmie_diagnostics/lib/python3.8/site-packages:${PYTHONPATH} /usr/bin/python3 setup.py develop --uninstall --editable --build-directory /home/utilizador/charmie_ws/build/charmie_diagnostics/build
[4.115s] running develop
[4.397s] Removing /home/utilizador/charmie_ws/install/charmie_diagnostics/lib/python3.8/site-packages/charmie-diagnostics.egg-link (link to .)
[4.500s] Invoked command in '/home/utilizador/charmie_ws/build/charmie_diagnostics' returned '0': PYTHONPATH=/home/utilizador/charmie_ws/build/charmie_diagnostics/prefix_override:/home/utilizador/charmie_ws/install/charmie_diagnostics/lib/python3.8/site-packages:${PYTHONPATH} /usr/bin/python3 setup.py develop --uninstall --editable --build-directory /home/utilizador/charmie_ws/build/charmie_diagnostics/build
[4.502s] Invoking command in '/home/utilizador/charmie_ws/src/charmie_diagnostics': PYTHONPATH=/home/utilizador/charmie_ws/build/charmie_diagnostics/prefix_override:/home/utilizador/charmie_ws/install/charmie_diagnostics/lib/python3.8/site-packages:${PYTHONPATH} /usr/bin/python3 setup.py egg_info --egg-base ../../build/charmie_diagnostics build --build-base /home/utilizador/charmie_ws/build/charmie_diagnostics/build install --record /home/utilizador/charmie_ws/build/charmie_diagnostics/install.log --single-version-externally-managed
[5.153s] running egg_info
[5.154s] writing ../../build/charmie_diagnostics/charmie_diagnostics.egg-info/PKG-INFO
[5.155s] writing dependency_links to ../../build/charmie_diagnostics/charmie_diagnostics.egg-info/dependency_links.txt
[5.155s] writing entry points to ../../build/charmie_diagnostics/charmie_diagnostics.egg-info/entry_points.txt
[5.155s] writing requirements to ../../build/charmie_diagnostics/charmie_diagnostics.egg-info/requires.txt
[5.155s] writing top-level names to ../../build/charmie_diagnostics/charmie_diagnostics.egg-info/top_level.txt
[5.161s] reading manifest file '../../build/charmie_diagnostics/charmie_diagnostics.egg-info/SOURCES.txt'
[5.163s] writing manifest file '../../build/charmie_diagnostics/charmie_diagnostics.egg-info/SOURCES.txt'
[5.163s] running build
[5.163s] running build_py
[5.164s] running install
[5.166s] running install_lib
[5.167s] creating /home/utilizador/charmie_ws/install/charmie_diagnostics/lib/python3.8/site-packages/charmie_diagnostics
[5.168s] copying /home/utilizador/charmie_ws/build/charmie_diagnostics/build/lib/charmie_diagnostics/__init__.py -> /home/utilizador/charmie_ws/install/charmie_diagnostics/lib/python3.8/site-packages/charmie_diagnostics
[5.168s] copying /home/utilizador/charmie_ws/build/charmie_diagnostics/build/lib/charmie_diagnostics/diagnostics.py -> /home/utilizador/charmie_ws/install/charmie_diagnostics/lib/python3.8/site-packages/charmie_diagnostics
[5.169s] byte-compiling /home/utilizador/charmie_ws/install/charmie_diagnostics/lib/python3.8/site-packages/charmie_diagnostics/__init__.py to __init__.cpython-38.pyc
[5.170s] byte-compiling /home/utilizador/charmie_ws/install/charmie_diagnostics/lib/python3.8/site-packages/charmie_diagnostics/diagnostics.py to diagnostics.cpython-38.pyc
[5.172s] running install_data
[5.173s] running install_egg_info
[5.177s] Copying ../../build/charmie_diagnostics/charmie_diagnostics.egg-info to /home/utilizador/charmie_ws/install/charmie_diagnostics/lib/python3.8/site-packages/charmie_diagnostics-0.0.0-py3.8.egg-info
[5.178s] running install_scripts
[5.221s] Installing diagnostics script to /home/utilizador/charmie_ws/install/charmie_diagnostics/lib/charmie_diagnostics
[5.221s] writing list of installed files to '/home/utilizador/charmie_ws/build/charmie_diagnostics/install.log'
[5.632s] Invoked command in '/home/utilizador/charmie_ws/src/charmie_diagnostics' returned '0': PYTHONPATH=/home/utilizador/charmie_ws/build/charmie_diagnostics/prefix_override:/home/utilizador/charmie_ws/install/charmie_diagnostics/lib/python3.8/site-packages:${PYTHONPATH} /usr/bin/python3 setup.py egg_info --egg-base ../../build/charmie_diagnostics build --build-base /home/utilizador/charmie_ws/build/charmie_diagnostics/build install --record /home/utilizador/charmie_ws/build/charmie_diagnostics/install.log --single-version-externally-managed
