[0.107s] Invoking command in '/home/utilizador/charmie_ws/build/realsense2_camera_msgs': CMAKE_PREFIX_PATH=${CMAKE_PREFIX_PATH}:/home/utilizador/charmie_ws/install/yolopose:/home/utilizador/charmie_ws/install/yolo_obj:/home/utilizador/charmie_ws/install/charmie_speakers:/home/utilizador/charmie_ws/install/charmie_receptionist:/home/utilizador/charmie_ws/install/charmie_ps4_controller:/home/utilizador/charmie_ws/install/charmie_odometry:/home/utilizador/charmie_ws/install/charmie_obstacles:/home/utilizador/charmie_ws/install/charmie_neck_dynamixel:/home/utilizador/charmie_ws/install/charmie_navigation_sdnl:/home/utilizador/charmie_ws/install/charmie_low_level:/home/utilizador/charmie_ws/install/charmie_localisation:/home/utilizador/charmie_ws/install/charmie_lidar_hokuyo:/home/utilizador/charmie_ws/install/charmie_inspection:/home/utilizador/charmie_ws/install/charmie_debug:/home/utilizador/charmie_ws/install/charmie_audio:/home/utilizador/charmie_ws/install/charmie_face_shiningrgb:/home/utilizador/charmie_ws/install/charmie_door_start:/opt/ros/foxy /usr/bin/cmake --build /home/utilizador/charmie_ws/build/realsense2_camera_msgs -- -j8 -l8
[1.662s] [  1%] Built target realsense2_camera_msgs__cpp
[1.662s] [ 12%] Built target realsense2_camera_msgs__rosidl_generator_c
[1.664s] [ 23%] Built target realsense2_camera_msgs__rosidl_typesupport_cpp
[1.665s] [ 34%] Built target realsense2_camera_msgs__rosidl_typesupport_introspection_cpp
[1.667s] [ 45%] Built target realsense2_camera_msgs__rosidl_typesupport_fastrtps_cpp
[1.668s] [ 56%] Built target realsense2_camera_msgs__rosidl_typesupport_introspection_c
[1.668s] [ 67%] Built target realsense2_camera_msgs__rosidl_typesupport_c
[1.669s] [ 78%] Built target realsense2_camera_msgs__rosidl_typesupport_fastrtps_c
[1.669s] [ 78%] Built target realsense2_camera_msgs
[1.671s] [ 80%] Built target realsense2_camera_msgs__py
[1.672s] [ 89%] Built target realsense2_camera_msgs__python
[1.674s] [ 92%] Built target realsense2_camera_msgs__rosidl_typesupport_fastrtps_c__pyext
[1.674s] [ 96%] Built target realsense2_camera_msgs__rosidl_typesupport_introspection_c__pyext
[1.675s] [100%] Built target realsense2_camera_msgs__rosidl_typesupport_c__pyext
[1.676s] Invoked command in '/home/utilizador/charmie_ws/build/realsense2_camera_msgs' returned '0': CMAKE_PREFIX_PATH=${CMAKE_PREFIX_PATH}:/home/utilizador/charmie_ws/install/yolopose:/home/utilizador/charmie_ws/install/yolo_obj:/home/utilizador/charmie_ws/install/charmie_speakers:/home/utilizador/charmie_ws/install/charmie_receptionist:/home/utilizador/charmie_ws/install/charmie_ps4_controller:/home/utilizador/charmie_ws/install/charmie_odometry:/home/utilizador/charmie_ws/install/charmie_obstacles:/home/utilizador/charmie_ws/install/charmie_neck_dynamixel:/home/utilizador/charmie_ws/install/charmie_navigation_sdnl:/home/utilizador/charmie_ws/install/charmie_low_level:/home/utilizador/charmie_ws/install/charmie_localisation:/home/utilizador/charmie_ws/install/charmie_lidar_hokuyo:/home/utilizador/charmie_ws/install/charmie_inspection:/home/utilizador/charmie_ws/install/charmie_debug:/home/utilizador/charmie_ws/install/charmie_audio:/home/utilizador/charmie_ws/install/charmie_face_shiningrgb:/home/utilizador/charmie_ws/install/charmie_door_start:/opt/ros/foxy /usr/bin/cmake --build /home/utilizador/charmie_ws/build/realsense2_camera_msgs -- -j8 -l8
[1.798s] Invoking command in '/home/utilizador/charmie_ws/build/realsense2_camera_msgs': CMAKE_PREFIX_PATH=${CMAKE_PREFIX_PATH}:/home/utilizador/charmie_ws/install/yolopose:/home/utilizador/charmie_ws/install/yolo_obj:/home/utilizador/charmie_ws/install/charmie_speakers:/home/utilizador/charmie_ws/install/charmie_receptionist:/home/utilizador/charmie_ws/install/charmie_ps4_controller:/home/utilizador/charmie_ws/install/charmie_odometry:/home/utilizador/charmie_ws/install/charmie_obstacles:/home/utilizador/charmie_ws/install/charmie_neck_dynamixel:/home/utilizador/charmie_ws/install/charmie_navigation_sdnl:/home/utilizador/charmie_ws/install/charmie_low_level:/home/utilizador/charmie_ws/install/charmie_localisation:/home/utilizador/charmie_ws/install/charmie_lidar_hokuyo:/home/utilizador/charmie_ws/install/charmie_inspection:/home/utilizador/charmie_ws/install/charmie_debug:/home/utilizador/charmie_ws/install/charmie_audio:/home/utilizador/charmie_ws/install/charmie_face_shiningrgb:/home/utilizador/charmie_ws/install/charmie_door_start:/opt/ros/foxy /usr/bin/cmake --install /home/utilizador/charmie_ws/build/realsense2_camera_msgs
[1.812s] -- Install configuration: ""
[1.813s] -- Execute custom install script
[1.814s] -- Up-to-date symlink: /home/utilizador/charmie_ws/install/realsense2_camera_msgs/share/ament_index/resource_index/rosidl_interfaces/realsense2_camera_msgs
[1.817s] -- Up-to-date symlink: /home/utilizador/charmie_ws/install/realsense2_camera_msgs/include/realsense2_camera_msgs/msg/detail/extrinsics__functions.h
[1.817s] -- Up-to-date symlink: /home/utilizador/charmie_ws/install/realsense2_camera_msgs/include/realsense2_camera_msgs/msg/detail/extrinsics__struct.h
[1.817s] -- Up-to-date symlink: /home/utilizador/charmie_ws/install/realsense2_camera_msgs/include/realsense2_camera_msgs/msg/detail/extrinsics__type_support.h
[1.817s] -- Up-to-date symlink: /home/utilizador/charmie_ws/install/realsense2_camera_msgs/include/realsense2_camera_msgs/msg/detail/imu_info__functions.h
[1.818s] -- Up-to-date symlink: /home/utilizador/charmie_ws/install/realsense2_camera_msgs/include/realsense2_camera_msgs/msg/detail/imu_info__struct.h
[1.818s] -- Up-to-date symlink: /home/utilizador/charmie_ws/install/realsense2_camera_msgs/include/realsense2_camera_msgs/msg/detail/imu_info__type_support.h
[1.818s] -- Up-to-date symlink: /home/utilizador/charmie_ws/install/realsense2_camera_msgs/include/realsense2_camera_msgs/msg/detail/metadata__functions.h
[1.819s] -- Up-to-date symlink: /home/utilizador/charmie_ws/install/realsense2_camera_msgs/include/realsense2_camera_msgs/msg/detail/metadata__struct.h
[1.819s] -- Up-to-date symlink: /home/utilizador/charmie_ws/install/realsense2_camera_msgs/include/realsense2_camera_msgs/msg/detail/metadata__type_support.h
[1.821s] -- Up-to-date symlink: /home/utilizador/charmie_ws/install/realsense2_camera_msgs/include/realsense2_camera_msgs/msg/extrinsics.h
[1.821s] -- Up-to-date symlink: /home/utilizador/charmie_ws/install/realsense2_camera_msgs/include/realsense2_camera_msgs/msg/imu_info.h
[1.821s] -- Up-to-date symlink: /home/utilizador/charmie_ws/install/realsense2_camera_msgs/include/realsense2_camera_msgs/msg/metadata.h
[1.821s] -- Up-to-date symlink: /home/utilizador/charmie_ws/install/realsense2_camera_msgs/include/realsense2_camera_msgs/msg/rosidl_generator_c__visibility_control.h
[1.822s] -- Up-to-date symlink: /home/utilizador/charmie_ws/install/realsense2_camera_msgs/include/realsense2_camera_msgs/srv/detail/device_info__functions.h
[1.823s] -- Up-to-date symlink: /home/utilizador/charmie_ws/install/realsense2_camera_msgs/include/realsense2_camera_msgs/srv/detail/device_info__struct.h
[1.823s] -- Up-to-date symlink: /home/utilizador/charmie_ws/install/realsense2_camera_msgs/include/realsense2_camera_msgs/srv/detail/device_info__type_support.h
[1.824s] -- Up-to-date symlink: /home/utilizador/charmie_ws/install/realsense2_camera_msgs/include/realsense2_camera_msgs/srv/device_info.h
[1.824s] -- Up-to-date symlink: /home/utilizador/charmie_ws/install/realsense2_camera_msgs/share/realsense2_camera_msgs/environment/library_path.sh
[1.825s] -- Up-to-date symlink: /home/utilizador/charmie_ws/install/realsense2_camera_msgs/share/realsense2_camera_msgs/environment/library_path.dsv
[1.829s] -- Up-to-date symlink: /home/utilizador/charmie_ws/install/realsense2_camera_msgs/include/realsense2_camera_msgs/msg/detail/extrinsics__rosidl_typesupport_fastrtps_c.h
[1.829s] -- Up-to-date symlink: /home/utilizador/charmie_ws/install/realsense2_camera_msgs/include/realsense2_camera_msgs/msg/detail/imu_info__rosidl_typesupport_fastrtps_c.h
[1.829s] -- Up-to-date symlink: /home/utilizador/charmie_ws/install/realsense2_camera_msgs/include/realsense2_camera_msgs/msg/detail/metadata__rosidl_typesupport_fastrtps_c.h
[1.830s] -- Up-to-date symlink: /home/utilizador/charmie_ws/install/realsense2_camera_msgs/include/realsense2_camera_msgs/msg/rosidl_typesupport_fastrtps_c__visibility_control.h
[1.830s] -- Up-to-date symlink: /home/utilizador/charmie_ws/install/realsense2_camera_msgs/include/realsense2_camera_msgs/srv/detail/device_info__rosidl_typesupport_fastrtps_c.h
[1.830s] -- Up-to-date symlink: /home/utilizador/charmie_ws/install/realsense2_camera_msgs/lib/librealsense2_camera_msgs__rosidl_typesupport_fastrtps_c.so
[1.832s] -- Up-to-date symlink: /home/utilizador/charmie_ws/install/realsense2_camera_msgs/include/realsense2_camera_msgs/msg/detail/extrinsics__rosidl_typesupport_fastrtps_cpp.hpp
[1.832s] -- Up-to-date symlink: /home/utilizador/charmie_ws/install/realsense2_camera_msgs/include/realsense2_camera_msgs/msg/detail/imu_info__rosidl_typesupport_fastrtps_cpp.hpp
[1.832s] -- Up-to-date symlink: /home/utilizador/charmie_ws/install/realsense2_camera_msgs/include/realsense2_camera_msgs/msg/detail/metadata__rosidl_typesupport_fastrtps_cpp.hpp
[1.833s] -- Up-to-date symlink: /home/utilizador/charmie_ws/install/realsense2_camera_msgs/include/realsense2_camera_msgs/msg/rosidl_typesupport_fastrtps_cpp__visibility_control.h
[1.833s] -- Up-to-date symlink: /home/utilizador/charmie_ws/install/realsense2_camera_msgs/include/realsense2_camera_msgs/srv/detail/device_info__rosidl_typesupport_fastrtps_cpp.hpp
[1.835s] -- Up-to-date symlink: /home/utilizador/charmie_ws/install/realsense2_camera_msgs/lib/librealsense2_camera_msgs__rosidl_typesupport_fastrtps_cpp.so
[1.839s] -- Up-to-date symlink: /home/utilizador/charmie_ws/install/realsense2_camera_msgs/include/realsense2_camera_msgs/msg/detail/extrinsics__rosidl_typesupport_introspection_c.h
[1.839s] -- Up-to-date symlink: /home/utilizador/charmie_ws/install/realsense2_camera_msgs/include/realsense2_camera_msgs/msg/detail/imu_info__rosidl_typesupport_introspection_c.h
[1.839s] -- Up-to-date symlink: /home/utilizador/charmie_ws/install/realsense2_camera_msgs/include/realsense2_camera_msgs/msg/detail/metadata__rosidl_typesupport_introspection_c.h
[1.840s] -- Up-to-date symlink: /home/utilizador/charmie_ws/install/realsense2_camera_msgs/include/realsense2_camera_msgs/msg/rosidl_typesupport_introspection_c__visibility_control.h
[1.840s] -- Up-to-date symlink: /home/utilizador/charmie_ws/install/realsense2_camera_msgs/include/realsense2_camera_msgs/srv/detail/device_info__rosidl_typesupport_introspection_c.h
[1.840s] -- Up-to-date symlink: /home/utilizador/charmie_ws/install/realsense2_camera_msgs/include/realsense2_camera_msgs/msg/detail/extrinsics__builder.hpp
[1.840s] -- Up-to-date symlink: /home/utilizador/charmie_ws/install/realsense2_camera_msgs/include/realsense2_camera_msgs/msg/detail/extrinsics__struct.hpp
[1.840s] -- Up-to-date symlink: /home/utilizador/charmie_ws/install/realsense2_camera_msgs/include/realsense2_camera_msgs/msg/detail/extrinsics__traits.hpp
[1.840s] -- Up-to-date symlink: /home/utilizador/charmie_ws/install/realsense2_camera_msgs/include/realsense2_camera_msgs/msg/detail/imu_info__builder.hpp
[1.841s] -- Up-to-date symlink: /home/utilizador/charmie_ws/install/realsense2_camera_msgs/include/realsense2_camera_msgs/msg/detail/imu_info__struct.hpp
[1.841s] -- Up-to-date symlink: /home/utilizador/charmie_ws/install/realsense2_camera_msgs/include/realsense2_camera_msgs/msg/detail/imu_info__traits.hpp
[1.841s] -- Up-to-date symlink: /home/utilizador/charmie_ws/install/realsense2_camera_msgs/include/realsense2_camera_msgs/msg/detail/metadata__builder.hpp
[1.841s] -- Up-to-date symlink: /home/utilizador/charmie_ws/install/realsense2_camera_msgs/include/realsense2_camera_msgs/msg/detail/metadata__struct.hpp
[1.841s] -- Up-to-date symlink: /home/utilizador/charmie_ws/install/realsense2_camera_msgs/include/realsense2_camera_msgs/msg/detail/metadata__traits.hpp
[1.843s] -- Up-to-date symlink: /home/utilizador/charmie_ws/install/realsense2_camera_msgs/include/realsense2_camera_msgs/msg/extrinsics.hpp
[1.843s] -- Up-to-date symlink: /home/utilizador/charmie_ws/install/realsense2_camera_msgs/include/realsense2_camera_msgs/msg/imu_info.hpp
[1.843s] -- Up-to-date symlink: /home/utilizador/charmie_ws/install/realsense2_camera_msgs/include/realsense2_camera_msgs/msg/metadata.hpp
[1.843s] -- Up-to-date symlink: /home/utilizador/charmie_ws/install/realsense2_camera_msgs/include/realsense2_camera_msgs/srv/detail/device_info__builder.hpp
[1.843s] -- Up-to-date symlink: /home/utilizador/charmie_ws/install/realsense2_camera_msgs/include/realsense2_camera_msgs/srv/detail/device_info__struct.hpp
[1.844s] -- Up-to-date symlink: /home/utilizador/charmie_ws/install/realsense2_camera_msgs/include/realsense2_camera_msgs/srv/detail/device_info__traits.hpp
[1.844s] -- Up-to-date symlink: /home/utilizador/charmie_ws/install/realsense2_camera_msgs/include/realsense2_camera_msgs/srv/device_info.hpp
[1.845s] -- Up-to-date symlink: /home/utilizador/charmie_ws/install/realsense2_camera_msgs/include/realsense2_camera_msgs/msg/detail/extrinsics__rosidl_typesupport_introspection_cpp.hpp
[1.846s] -- Up-to-date symlink: /home/utilizador/charmie_ws/install/realsense2_camera_msgs/include/realsense2_camera_msgs/msg/detail/imu_info__rosidl_typesupport_introspection_cpp.hpp
[1.847s] -- Up-to-date symlink: /home/utilizador/charmie_ws/install/realsense2_camera_msgs/include/realsense2_camera_msgs/msg/detail/metadata__rosidl_typesupport_introspection_cpp.hpp
[1.848s] -- Up-to-date symlink: /home/utilizador/charmie_ws/install/realsense2_camera_msgs/include/realsense2_camera_msgs/srv/detail/device_info__rosidl_typesupport_introspection_cpp.hpp
[1.848s] -- Up-to-date symlink: /home/utilizador/charmie_ws/install/realsense2_camera_msgs/share/realsense2_camera_msgs/environment/pythonpath.sh
[1.848s] -- Up-to-date symlink: /home/utilizador/charmie_ws/install/realsense2_camera_msgs/share/realsense2_camera_msgs/environment/pythonpath.dsv
[1.849s] -- Up-to-date symlink: /home/utilizador/charmie_ws/install/realsense2_camera_msgs/lib/python3.8/site-packages/realsense2_camera_msgs/__init__.py
[1.851s] -- Up-to-date symlink: /home/utilizador/charmie_ws/install/realsense2_camera_msgs/lib/python3.8/site-packages/realsense2_camera_msgs/msg/__init__.py
[1.851s] -- Up-to-date symlink: /home/utilizador/charmie_ws/install/realsense2_camera_msgs/lib/python3.8/site-packages/realsense2_camera_msgs/msg/_extrinsics.py
[1.851s] -- Up-to-date symlink: /home/utilizador/charmie_ws/install/realsense2_camera_msgs/lib/python3.8/site-packages/realsense2_camera_msgs/msg/_imu_info.py
[1.851s] -- Up-to-date symlink: /home/utilizador/charmie_ws/install/realsense2_camera_msgs/lib/python3.8/site-packages/realsense2_camera_msgs/msg/_metadata.py
[1.853s] -- Up-to-date symlink: /home/utilizador/charmie_ws/install/realsense2_camera_msgs/lib/python3.8/site-packages/realsense2_camera_msgs/srv/__init__.py
[1.854s] -- Up-to-date symlink: /home/utilizador/charmie_ws/install/realsense2_camera_msgs/lib/python3.8/site-packages/realsense2_camera_msgs/srv/_device_info.py
[1.854s] -- Up-to-date symlink: /home/utilizador/charmie_ws/install/realsense2_camera_msgs/lib/python3.8/site-packages/realsense2_camera_msgs/realsense2_camera_msgs_s__rosidl_typesupport_fastrtps_c.cpython-38-x86_64-linux-gnu.so
[1.855s] -- Up-to-date symlink: /home/utilizador/charmie_ws/install/realsense2_camera_msgs/lib/python3.8/site-packages/realsense2_camera_msgs/realsense2_camera_msgs_s__rosidl_typesupport_introspection_c.cpython-38-x86_64-linux-gnu.so
[1.858s] -- Up-to-date symlink: /home/utilizador/charmie_ws/install/realsense2_camera_msgs/lib/python3.8/site-packages/realsense2_camera_msgs/realsense2_camera_msgs_s__rosidl_typesupport_c.cpython-38-x86_64-linux-gnu.so
[1.858s] -- Up-to-date symlink: /home/utilizador/charmie_ws/install/realsense2_camera_msgs/lib/librealsense2_camera_msgs__python.so
[1.862s] -- Up-to-date symlink: /home/utilizador/charmie_ws/install/realsense2_camera_msgs/share/realsense2_camera_msgs/msg/IMUInfo.idl
[1.863s] -- Up-to-date symlink: /home/utilizador/charmie_ws/install/realsense2_camera_msgs/share/realsense2_camera_msgs/msg/Extrinsics.idl
[1.864s] -- Up-to-date symlink: /home/utilizador/charmie_ws/install/realsense2_camera_msgs/share/realsense2_camera_msgs/msg/Metadata.idl
[1.864s] -- Up-to-date symlink: /home/utilizador/charmie_ws/install/realsense2_camera_msgs/share/realsense2_camera_msgs/srv/DeviceInfo.idl
[1.865s] -- Up-to-date symlink: /home/utilizador/charmie_ws/install/realsense2_camera_msgs/share/realsense2_camera_msgs/msg/IMUInfo.msg
[1.865s] -- Up-to-date symlink: /home/utilizador/charmie_ws/install/realsense2_camera_msgs/share/realsense2_camera_msgs/msg/Extrinsics.msg
[1.866s] -- Up-to-date symlink: /home/utilizador/charmie_ws/install/realsense2_camera_msgs/share/realsense2_camera_msgs/msg/Metadata.msg
[1.867s] -- Up-to-date symlink: /home/utilizador/charmie_ws/install/realsense2_camera_msgs/share/realsense2_camera_msgs/srv/DeviceInfo.srv
[1.867s] -- Up-to-date symlink: /home/utilizador/charmie_ws/install/realsense2_camera_msgs/share/realsense2_camera_msgs/srv/DeviceInfo_Request.msg
[1.868s] -- Up-to-date symlink: /home/utilizador/charmie_ws/install/realsense2_camera_msgs/share/realsense2_camera_msgs/srv/DeviceInfo_Response.msg
[1.868s] -- Up-to-date symlink: /home/utilizador/charmie_ws/install/realsense2_camera_msgs/share/ament_index/resource_index/package_run_dependencies/realsense2_camera_msgs
[1.869s] -- Up-to-date symlink: /home/utilizador/charmie_ws/install/realsense2_camera_msgs/share/ament_index/resource_index/parent_prefix_path/realsense2_camera_msgs
[1.869s] -- Up-to-date symlink: /home/utilizador/charmie_ws/install/realsense2_camera_msgs/share/realsense2_camera_msgs/environment/ament_prefix_path.sh
[1.870s] -- Up-to-date symlink: /home/utilizador/charmie_ws/install/realsense2_camera_msgs/share/realsense2_camera_msgs/environment/ament_prefix_path.dsv
[1.871s] -- Up-to-date symlink: /home/utilizador/charmie_ws/install/realsense2_camera_msgs/share/realsense2_camera_msgs/environment/path.sh
[1.871s] -- Up-to-date symlink: /home/utilizador/charmie_ws/install/realsense2_camera_msgs/share/realsense2_camera_msgs/environment/path.dsv
[1.872s] -- Up-to-date symlink: /home/utilizador/charmie_ws/install/realsense2_camera_msgs/share/realsense2_camera_msgs/local_setup.bash
[1.872s] -- Up-to-date symlink: /home/utilizador/charmie_ws/install/realsense2_camera_msgs/share/realsense2_camera_msgs/local_setup.sh
[1.873s] -- Up-to-date symlink: /home/utilizador/charmie_ws/install/realsense2_camera_msgs/share/realsense2_camera_msgs/local_setup.zsh
[1.873s] -- Up-to-date symlink: /home/utilizador/charmie_ws/install/realsense2_camera_msgs/share/realsense2_camera_msgs/local_setup.dsv
[1.874s] -- Symlinking: /home/utilizador/charmie_ws/install/realsense2_camera_msgs/share/realsense2_camera_msgs/package.dsv
[1.898s] -- Up-to-date symlink: /home/utilizador/charmie_ws/install/realsense2_camera_msgs/share/ament_index/resource_index/packages/realsense2_camera_msgs
[1.898s] -- Up-to-date symlink: /home/utilizador/charmie_ws/install/realsense2_camera_msgs/share/realsense2_camera_msgs/cmake/rosidl_cmake-extras.cmake
[1.899s] -- Up-to-date symlink: /home/utilizador/charmie_ws/install/realsense2_camera_msgs/share/realsense2_camera_msgs/cmake/ament_cmake_export_dependencies-extras.cmake
[1.900s] -- Up-to-date symlink: /home/utilizador/charmie_ws/install/realsense2_camera_msgs/share/realsense2_camera_msgs/cmake/ament_cmake_export_libraries-extras.cmake
[1.910s] -- Up-to-date symlink: /home/utilizador/charmie_ws/install/realsense2_camera_msgs/share/realsense2_camera_msgs/cmake/ament_cmake_export_targets-extras.cmake
[1.910s] -- Up-to-date symlink: /home/utilizador/charmie_ws/install/realsense2_camera_msgs/share/realsense2_camera_msgs/cmake/ament_cmake_export_include_directories-extras.cmake
[1.911s] -- Up-to-date symlink: /home/utilizador/charmie_ws/install/realsense2_camera_msgs/share/realsense2_camera_msgs/cmake/rosidl_cmake_export_typesupport_libraries-extras.cmake
[1.911s] -- Up-to-date symlink: /home/utilizador/charmie_ws/install/realsense2_camera_msgs/share/realsense2_camera_msgs/cmake/rosidl_cmake_export_typesupport_targets-extras.cmake
[1.911s] -- Up-to-date symlink: /home/utilizador/charmie_ws/install/realsense2_camera_msgs/share/realsense2_camera_msgs/cmake/realsense2_camera_msgsConfig.cmake
[1.911s] -- Up-to-date symlink: /home/utilizador/charmie_ws/install/realsense2_camera_msgs/share/realsense2_camera_msgs/cmake/realsense2_camera_msgsConfig-version.cmake
[1.911s] -- Up-to-date symlink: /home/utilizador/charmie_ws/install/realsense2_camera_msgs/share/realsense2_camera_msgs/package.xml
[1.911s] -- Up-to-date: /home/utilizador/charmie_ws/install/realsense2_camera_msgs/lib/librealsense2_camera_msgs__rosidl_generator_c.so
[1.912s] -- Up-to-date: /home/utilizador/charmie_ws/install/realsense2_camera_msgs/lib/librealsense2_camera_msgs__rosidl_typesupport_introspection_c.so
[1.912s] -- Up-to-date: /home/utilizador/charmie_ws/install/realsense2_camera_msgs/lib/librealsense2_camera_msgs__rosidl_typesupport_c.so
[1.912s] -- Up-to-date: /home/utilizador/charmie_ws/install/realsense2_camera_msgs/lib/librealsense2_camera_msgs__rosidl_typesupport_introspection_cpp.so
[1.912s] -- Up-to-date: /home/utilizador/charmie_ws/install/realsense2_camera_msgs/lib/librealsense2_camera_msgs__rosidl_typesupport_cpp.so
[1.991s] -- Up-to-date: /home/utilizador/charmie_ws/install/realsense2_camera_msgs/share/realsense2_camera_msgs/cmake/realsense2_camera_msgs__rosidl_generator_cExport.cmake
[1.991s] -- Up-to-date: /home/utilizador/charmie_ws/install/realsense2_camera_msgs/share/realsense2_camera_msgs/cmake/realsense2_camera_msgs__rosidl_generator_cExport-noconfig.cmake
[1.992s] -- Up-to-date: /home/utilizador/charmie_ws/install/realsense2_camera_msgs/share/realsense2_camera_msgs/cmake/realsense2_camera_msgs__rosidl_typesupport_introspection_cExport.cmake
[1.992s] -- Up-to-date: /home/utilizador/charmie_ws/install/realsense2_camera_msgs/share/realsense2_camera_msgs/cmake/realsense2_camera_msgs__rosidl_typesupport_introspection_cExport-noconfig.cmake
[1.993s] -- Up-to-date: /home/utilizador/charmie_ws/install/realsense2_camera_msgs/share/realsense2_camera_msgs/cmake/realsense2_camera_msgs__rosidl_typesupport_cExport.cmake
[1.993s] -- Up-to-date: /home/utilizador/charmie_ws/install/realsense2_camera_msgs/share/realsense2_camera_msgs/cmake/realsense2_camera_msgs__rosidl_typesupport_cExport-noconfig.cmake
[1.994s] -- Up-to-date: /home/utilizador/charmie_ws/install/realsense2_camera_msgs/share/realsense2_camera_msgs/cmake/realsense2_camera_msgs__rosidl_generator_cppExport.cmake
[1.994s] -- Up-to-date: /home/utilizador/charmie_ws/install/realsense2_camera_msgs/share/realsense2_camera_msgs/cmake/realsense2_camera_msgs__rosidl_typesupport_introspection_cppExport.cmake
[1.994s] -- Up-to-date: /home/utilizador/charmie_ws/install/realsense2_camera_msgs/share/realsense2_camera_msgs/cmake/realsense2_camera_msgs__rosidl_typesupport_introspection_cppExport-noconfig.cmake
[1.995s] -- Up-to-date: /home/utilizador/charmie_ws/install/realsense2_camera_msgs/share/realsense2_camera_msgs/cmake/realsense2_camera_msgs__rosidl_typesupport_cppExport.cmake
[1.996s] -- Up-to-date: /home/utilizador/charmie_ws/install/realsense2_camera_msgs/share/realsense2_camera_msgs/cmake/realsense2_camera_msgs__rosidl_typesupport_cppExport-noconfig.cmake
[2.000s] Invoked command in '/home/utilizador/charmie_ws/build/realsense2_camera_msgs' returned '0': CMAKE_PREFIX_PATH=${CMAKE_PREFIX_PATH}:/home/utilizador/charmie_ws/install/yolopose:/home/utilizador/charmie_ws/install/yolo_obj:/home/utilizador/charmie_ws/install/charmie_speakers:/home/utilizador/charmie_ws/install/charmie_receptionist:/home/utilizador/charmie_ws/install/charmie_ps4_controller:/home/utilizador/charmie_ws/install/charmie_odometry:/home/utilizador/charmie_ws/install/charmie_obstacles:/home/utilizador/charmie_ws/install/charmie_neck_dynamixel:/home/utilizador/charmie_ws/install/charmie_navigation_sdnl:/home/utilizador/charmie_ws/install/charmie_low_level:/home/utilizador/charmie_ws/install/charmie_localisation:/home/utilizador/charmie_ws/install/charmie_lidar_hokuyo:/home/utilizador/charmie_ws/install/charmie_inspection:/home/utilizador/charmie_ws/install/charmie_debug:/home/utilizador/charmie_ws/install/charmie_audio:/home/utilizador/charmie_ws/install/charmie_face_shiningrgb:/home/utilizador/charmie_ws/install/charmie_door_start:/opt/ros/foxy /usr/bin/cmake --install /home/utilizador/charmie_ws/build/realsense2_camera_msgs
