[2.193s] Invoking command in '/home/utilizador/charmie_ws/src/build/charmie_neck_dynamixel': PYTHONPATH=/home/utilizador/charmie_ws/src/build/charmie_neck_dynamixel/prefix_override:/home/utilizador/charmie_ws/src/install/charmie_neck_dynamixel/lib/python3.8/site-packages:${PYTHONPATH} /usr/bin/python3 setup.py develop --editable --build-directory /home/utilizador/charmie_ws/src/build/charmie_neck_dynamixel/build --no-deps install_data
[2.754s] running develop
[3.063s] running egg_info
[3.063s] creating charmie_neck_dynamixel.egg-info
[3.064s] writing charmie_neck_dynamixel.egg-info/PKG-INFO
[3.064s] writing dependency_links to charmie_neck_dynamixel.egg-info/dependency_links.txt
[3.064s] writing entry points to charmie_neck_dynamixel.egg-info/entry_points.txt
[3.064s] writing requirements to charmie_neck_dynamixel.egg-info/requires.txt
[3.065s] writing top-level names to charmie_neck_dynamixel.egg-info/top_level.txt
[3.067s] writing manifest file 'charmie_neck_dynamixel.egg-info/SOURCES.txt'
[3.137s] reading manifest file 'charmie_neck_dynamixel.egg-info/SOURCES.txt'
[3.138s] writing manifest file 'charmie_neck_dynamixel.egg-info/SOURCES.txt'
[3.208s] running build_ext
[3.209s] Creating /home/utilizador/charmie_ws/src/install/charmie_neck_dynamixel/lib/python3.8/site-packages/site.py
[3.212s] Creating /home/utilizador/charmie_ws/src/install/charmie_neck_dynamixel/lib/python3.8/site-packages/charmie-neck-dynamixel.egg-link (link to .)
[3.214s] Installing neck_dynamixel script to /home/utilizador/charmie_ws/src/install/charmie_neck_dynamixel/lib/charmie_neck_dynamixel
[3.214s] 
[3.214s] Installed /home/utilizador/charmie_ws/src/build/charmie_neck_dynamixel
[3.214s] running install_data
[3.215s] creating /home/utilizador/charmie_ws/src/install/charmie_neck_dynamixel/share/ament_index
[3.215s] creating /home/utilizador/charmie_ws/src/install/charmie_neck_dynamixel/share/ament_index/resource_index
[3.215s] creating /home/utilizador/charmie_ws/src/install/charmie_neck_dynamixel/share/ament_index/resource_index/packages
[3.215s] copying resource/charmie_neck_dynamixel -> /home/utilizador/charmie_ws/src/install/charmie_neck_dynamixel/share/ament_index/resource_index/packages
[3.215s] copying package.xml -> /home/utilizador/charmie_ws/src/install/charmie_neck_dynamixel/share/charmie_neck_dynamixel
[3.306s] Invoked command in '/home/utilizador/charmie_ws/src/build/charmie_neck_dynamixel' returned '0': PYTHONPATH=/home/utilizador/charmie_ws/src/build/charmie_neck_dynamixel/prefix_override:/home/utilizador/charmie_ws/src/install/charmie_neck_dynamixel/lib/python3.8/site-packages:${PYTHONPATH} /usr/bin/python3 setup.py develop --editable --build-directory /home/utilizador/charmie_ws/src/build/charmie_neck_dynamixel/build --no-deps install_data
