[0.078s] Invoking command in '/home/utilizador/charmie_ws/src/build/realsense2_camera_msgs': CMAKE_PREFIX_PATH=${CMAKE_PREFIX_PATH}:/home/utilizador/charmie_ws/install/charmie_speakers:/home/utilizador/charmie_ws/install/charmie_ps4_controller:/home/utilizador/charmie_ws/install/charmie_neck_dynamixel:/home/utilizador/charmie_ws/install/charmie_low_level:/home/utilizador/charmie_ws/install/charmie_lidar_hokuyo:/home/utilizador/charmie_ws/install/charmie_debug:/home/utilizador/charmie_ws/install/charmie_audio:/opt/ros/foxy /usr/bin/cmake /home/utilizador/charmie_ws/src/realsense-ros/realsense2_camera_msgs -DAMENT_CMAKE_SYMLINK_INSTALL=1 -DCMAKE_INSTALL_PREFIX=/home/utilizador/charmie_ws/src/install/realsense2_camera_msgs
[1.381s] -- The C compiler identification is GNU 9.4.0
[1.381s] -- The CXX compiler identification is GNU 9.4.0
[1.381s] -- Check for working C compiler: /usr/bin/cc
[1.382s] -- Check for working C compiler: /usr/bin/cc -- works
[1.382s] -- Detecting C compiler ABI info
[1.383s] -- Detecting C compiler ABI info - done
[1.383s] -- Detecting C compile features
[1.383s] -- Detecting C compile features - done
[1.384s] -- Check for working CXX compiler: /usr/bin/c++
[1.385s] -- Check for working CXX compiler: /usr/bin/c++ -- works
[1.387s] -- Detecting CXX compiler ABI info
[1.388s] -- Detecting CXX compiler ABI info - done
[1.388s] -- Detecting CXX compile features
[1.388s] -- Detecting CXX compile features - done
[1.388s] -- Found ament_cmake: 0.9.11 (/opt/ros/foxy/share/ament_cmake/cmake)
[1.389s] -- Found PythonInterp: /usr/bin/python3 (found suitable version "3.8.10", minimum required is "3") 
[1.389s] -- Using PYTHON_EXECUTABLE: /usr/bin/python3
[1.389s] -- Override CMake install command with custom implementation using symlinks instead of copying resources
[1.389s] -- Found rosidl_default_generators: 1.0.1 (/opt/ros/foxy/share/rosidl_default_generators/cmake)
[1.389s] -- Using all available rosidl_typesupport_c: rosidl_typesupport_fastrtps_c;rosidl_typesupport_introspection_c
[1.390s] -- Found rosidl_adapter: 1.3.0 (/opt/ros/foxy/share/rosidl_adapter/cmake)
[1.390s] -- Found OpenSSL: /usr/lib/x86_64-linux-gnu/libcrypto.so (found version "1.1.1f")  
[1.390s] -- Found FastRTPS: /opt/ros/foxy/include  
[1.390s] -- Using all available rosidl_typesupport_cpp: rosidl_typesupport_fastrtps_cpp;rosidl_typesupport_introspection_cpp
[1.390s] -- Found builtin_interfaces: 1.0.0 (/opt/ros/foxy/share/builtin_interfaces/cmake)
[1.390s] -- Found std_msgs: 2.0.5 (/opt/ros/foxy/share/std_msgs/cmake)
[1.390s] -- Found PythonInterp: /usr/bin/python3 (found version "3.8.10") 
[1.709s] -- Found ament_cmake_cppcheck: 0.9.8 (/opt/ros/foxy/share/ament_cmake_cppcheck/cmake)
[1.714s] -- Found ament_cmake_cpplint: 0.9.8 (/opt/ros/foxy/share/ament_cmake_cpplint/cmake)
[1.720s] -- Found ament_cmake_uncrustify: 0.9.8 (/opt/ros/foxy/share/ament_cmake_uncrustify/cmake)
[1.724s] -- Found ament_cmake_ros: 0.9.2 (/opt/ros/foxy/share/ament_cmake_ros/cmake)
[2.121s] -- Using all available rosidl_typesupport_c: rosidl_typesupport_fastrtps_c;rosidl_typesupport_introspection_c
[2.270s] -- Using all available rosidl_typesupport_cpp: rosidl_typesupport_fastrtps_cpp;rosidl_typesupport_introspection_cpp
[2.327s] -- Found PythonInterp: /usr/bin/python3 (found suitable version "3.8.10", minimum required is "3.5") 
[2.327s] -- Found python_cmake_module: 0.8.1 (/opt/ros/foxy/share/python_cmake_module/cmake)
[2.389s] -- Found PythonLibs: /usr/lib/x86_64-linux-gnu/libpython3.8.so (found suitable version "3.8.10", minimum required is "3.5") 
[2.390s] -- Using PYTHON_EXECUTABLE: /usr/bin/python3
[2.390s] -- Using PYTHON_INCLUDE_DIRS: /usr/include/python3.8
[2.390s] -- Using PYTHON_LIBRARIES: /usr/lib/x86_64-linux-gnu/libpython3.8.so
[2.443s] -- Found PythonExtra: .so  
[2.606s] -- Found ament_cmake_flake8: 0.9.8 (/opt/ros/foxy/share/ament_cmake_flake8/cmake)
[2.609s] -- Found ament_cmake_pep257: 0.9.8 (/opt/ros/foxy/share/ament_cmake_pep257/cmake)
[2.642s] -- Configuring done
[2.757s] -- Generating done
[2.770s] -- Build files have been written to: /home/utilizador/charmie_ws/src/build/realsense2_camera_msgs
[2.795s] Invoked command in '/home/utilizador/charmie_ws/src/build/realsense2_camera_msgs' returned '0': CMAKE_PREFIX_PATH=${CMAKE_PREFIX_PATH}:/home/utilizador/charmie_ws/install/charmie_speakers:/home/utilizador/charmie_ws/install/charmie_ps4_controller:/home/utilizador/charmie_ws/install/charmie_neck_dynamixel:/home/utilizador/charmie_ws/install/charmie_low_level:/home/utilizador/charmie_ws/install/charmie_lidar_hokuyo:/home/utilizador/charmie_ws/install/charmie_debug:/home/utilizador/charmie_ws/install/charmie_audio:/opt/ros/foxy /usr/bin/cmake /home/utilizador/charmie_ws/src/realsense-ros/realsense2_camera_msgs -DAMENT_CMAKE_SYMLINK_INSTALL=1 -DCMAKE_INSTALL_PREFIX=/home/utilizador/charmie_ws/src/install/realsense2_camera_msgs
[2.797s] Invoking command in '/home/utilizador/charmie_ws/src/build/realsense2_camera_msgs': CMAKE_PREFIX_PATH=${CMAKE_PREFIX_PATH}:/home/utilizador/charmie_ws/install/charmie_speakers:/home/utilizador/charmie_ws/install/charmie_ps4_controller:/home/utilizador/charmie_ws/install/charmie_neck_dynamixel:/home/utilizador/charmie_ws/install/charmie_low_level:/home/utilizador/charmie_ws/install/charmie_lidar_hokuyo:/home/utilizador/charmie_ws/install/charmie_debug:/home/utilizador/charmie_ws/install/charmie_audio:/opt/ros/foxy /usr/bin/cmake --build /home/utilizador/charmie_ws/src/build/realsense2_camera_msgs -- -j8 -l8
[2.872s] [35m[1mScanning dependencies of target realsense2_camera_msgs__cpp[0m
[2.918s] [  1%] [34m[1mGenerating C code for ROS interfaces[0m
[2.960s] [  3%] [34m[1mGenerating C++ code for ROS interfaces[0m
[3.862s] [  3%] Built target realsense2_camera_msgs__cpp
[3.883s] [  5%] [34m[1mGenerating C++ type support dispatch for ROS interfaces[0m
[3.896s] [  9%] [34m[1mGenerating C++ type support for eProsima Fast-RTPS[0m
[3.896s] [  9%] [34m[1mGenerating C++ introspection for ROS interfaces[0m
[3.909s] [35m[1mScanning dependencies of target realsense2_camera_msgs__rosidl_generator_c[0m
[3.934s] [ 10%] [32mBuilding C object CMakeFiles/realsense2_camera_msgs__rosidl_generator_c.dir/rosidl_generator_c/realsense2_camera_msgs/msg/detail/imu_info__functions.c.o[0m
[3.942s] [ 12%] [32mBuilding C object CMakeFiles/realsense2_camera_msgs__rosidl_generator_c.dir/rosidl_generator_c/realsense2_camera_msgs/msg/detail/extrinsics__functions.c.o[0m
[3.956s] [ 14%] [32mBuilding C object CMakeFiles/realsense2_camera_msgs__rosidl_generator_c.dir/rosidl_generator_c/realsense2_camera_msgs/msg/detail/metadata__functions.c.o[0m
[3.973s] [ 16%] [32mBuilding C object CMakeFiles/realsense2_camera_msgs__rosidl_generator_c.dir/rosidl_generator_c/realsense2_camera_msgs/srv/detail/device_info__functions.c.o[0m
[4.134s] [ 18%] [32m[1mLinking C shared library librealsense2_camera_msgs__rosidl_generator_c.so[0m
[4.201s] [ 18%] Built target realsense2_camera_msgs__rosidl_generator_c
[4.244s] [ 21%] [34m[1mGenerating C type support dispatch for ROS interfaces[0m
[4.244s] [ 21%] [34m[1mGenerating C introspection for ROS interfaces[0m
[4.672s] [35m[1mScanning dependencies of target realsense2_camera_msgs__rosidl_typesupport_cpp[0m
[4.761s] [ 23%] [32mBuilding CXX object CMakeFiles/realsense2_camera_msgs__rosidl_typesupport_cpp.dir/rosidl_typesupport_cpp/realsense2_camera_msgs/msg/extrinsics__type_support.cpp.o[0m
[4.772s] [ 25%] [32mBuilding CXX object CMakeFiles/realsense2_camera_msgs__rosidl_typesupport_cpp.dir/rosidl_typesupport_cpp/realsense2_camera_msgs/msg/imu_info__type_support.cpp.o[0m
[4.782s] [ 27%] [32mBuilding CXX object CMakeFiles/realsense2_camera_msgs__rosidl_typesupport_cpp.dir/rosidl_typesupport_cpp/realsense2_camera_msgs/msg/metadata__type_support.cpp.o[0m
[4.931s] [ 29%] [32mBuilding CXX object CMakeFiles/realsense2_camera_msgs__rosidl_typesupport_cpp.dir/rosidl_typesupport_cpp/realsense2_camera_msgs/srv/device_info__type_support.cpp.o[0m
[4.952s] [35m[1mScanning dependencies of target realsense2_camera_msgs__rosidl_typesupport_introspection_cpp[0m
[5.026s] [ 30%] [32mBuilding CXX object CMakeFiles/realsense2_camera_msgs__rosidl_typesupport_introspection_cpp.dir/rosidl_typesupport_introspection_cpp/realsense2_camera_msgs/msg/detail/imu_info__type_support.cpp.o[0m
[5.151s] [35m[1mScanning dependencies of target realsense2_camera_msgs__rosidl_typesupport_fastrtps_cpp[0m
[5.183s] [ 32%] [32mBuilding CXX object CMakeFiles/realsense2_camera_msgs__rosidl_typesupport_fastrtps_cpp.dir/rosidl_typesupport_fastrtps_cpp/realsense2_camera_msgs/msg/detail/dds_fastrtps/imu_info__type_support.cpp.o[0m
[5.503s] [35m[1mScanning dependencies of target realsense2_camera_msgs__rosidl_typesupport_c[0m
[5.580s] [ 34%] [32mBuilding CXX object CMakeFiles/realsense2_camera_msgs__rosidl_typesupport_c.dir/rosidl_typesupport_c/realsense2_camera_msgs/msg/imu_info__type_support.cpp.o[0m
[5.780s] [ 36%] [32mBuilding CXX object CMakeFiles/realsense2_camera_msgs__rosidl_typesupport_fastrtps_cpp.dir/rosidl_typesupport_fastrtps_cpp/realsense2_camera_msgs/msg/detail/dds_fastrtps/extrinsics__type_support.cpp.o[0m
[5.807s] [ 38%] [32mBuilding CXX object CMakeFiles/realsense2_camera_msgs__rosidl_typesupport_c.dir/rosidl_typesupport_c/realsense2_camera_msgs/msg/extrinsics__type_support.cpp.o[0m
[6.012s] [ 40%] [32mBuilding CXX object CMakeFiles/realsense2_camera_msgs__rosidl_typesupport_c.dir/rosidl_typesupport_c/realsense2_camera_msgs/msg/metadata__type_support.cpp.o[0m
[6.080s] [35m[1mScanning dependencies of target realsense2_camera_msgs__rosidl_typesupport_introspection_c[0m
[6.111s] [ 41%] [32mBuilding CXX object CMakeFiles/realsense2_camera_msgs__rosidl_typesupport_introspection_cpp.dir/rosidl_typesupport_introspection_cpp/realsense2_camera_msgs/msg/detail/extrinsics__type_support.cpp.o[0m
[6.154s] [ 43%] [32mBuilding CXX object CMakeFiles/realsense2_camera_msgs__rosidl_typesupport_c.dir/rosidl_typesupport_c/realsense2_camera_msgs/srv/device_info__type_support.cpp.o[0m
[6.164s] [ 45%] [32mBuilding C object CMakeFiles/realsense2_camera_msgs__rosidl_typesupport_introspection_c.dir/rosidl_typesupport_introspection_c/realsense2_camera_msgs/msg/detail/imu_info__type_support.c.o[0m
[6.189s] [ 47%] [32m[1mLinking CXX shared library librealsense2_camera_msgs__rosidl_typesupport_cpp.so[0m
[6.198s] [ 49%] [32mBuilding CXX object CMakeFiles/realsense2_camera_msgs__rosidl_typesupport_introspection_cpp.dir/rosidl_typesupport_introspection_cpp/realsense2_camera_msgs/msg/detail/metadata__type_support.cpp.o[0m
[6.206s] [ 50%] [32mBuilding C object CMakeFiles/realsense2_camera_msgs__rosidl_typesupport_introspection_c.dir/rosidl_typesupport_introspection_c/realsense2_camera_msgs/msg/detail/extrinsics__type_support.c.o[0m
[6.268s] [ 52%] [32m[1mLinking CXX shared library librealsense2_camera_msgs__rosidl_typesupport_c.so[0m
[6.300s] [ 54%] [32mBuilding C object CMakeFiles/realsense2_camera_msgs__rosidl_typesupport_introspection_c.dir/rosidl_typesupport_introspection_c/realsense2_camera_msgs/srv/detail/device_info__type_support.c.o[0m
[6.329s] [ 56%] [32mBuilding C object CMakeFiles/realsense2_camera_msgs__rosidl_typesupport_introspection_c.dir/rosidl_typesupport_introspection_c/realsense2_camera_msgs/msg/detail/metadata__type_support.c.o[0m
[6.427s] [ 56%] Built target realsense2_camera_msgs__rosidl_typesupport_cpp
[6.450s] [ 58%] [32mBuilding CXX object CMakeFiles/realsense2_camera_msgs__rosidl_typesupport_fastrtps_cpp.dir/rosidl_typesupport_fastrtps_cpp/realsense2_camera_msgs/msg/detail/dds_fastrtps/metadata__type_support.cpp.o[0m
[6.475s] [ 60%] [32mBuilding CXX object CMakeFiles/realsense2_camera_msgs__rosidl_typesupport_fastrtps_cpp.dir/rosidl_typesupport_fastrtps_cpp/realsense2_camera_msgs/srv/detail/dds_fastrtps/device_info__type_support.cpp.o[0m
[6.483s] [ 61%] [32mBuilding CXX object CMakeFiles/realsense2_camera_msgs__rosidl_typesupport_introspection_cpp.dir/rosidl_typesupport_introspection_cpp/realsense2_camera_msgs/srv/detail/device_info__type_support.cpp.o[0m
[6.507s] [ 61%] Built target realsense2_camera_msgs__rosidl_typesupport_c
[6.514s] [ 63%] [32m[1mLinking C shared library librealsense2_camera_msgs__rosidl_typesupport_introspection_c.so[0m
[6.718s] [ 63%] Built target realsense2_camera_msgs__rosidl_typesupport_introspection_c
[7.805s] [ 65%] [32m[1mLinking CXX shared library librealsense2_camera_msgs__rosidl_typesupport_introspection_cpp.so[0m
[7.949s] [ 65%] Built target realsense2_camera_msgs__rosidl_typesupport_introspection_cpp
[7.958s] [ 67%] [32m[1mLinking CXX shared library librealsense2_camera_msgs__rosidl_typesupport_fastrtps_cpp.so[0m
[8.080s] [ 67%] Built target realsense2_camera_msgs__rosidl_typesupport_fastrtps_cpp
[8.094s] [ 69%] [34m[1mGenerating C type support for eProsima Fast-RTPS[0m
[8.559s] [35m[1mScanning dependencies of target realsense2_camera_msgs__rosidl_typesupport_fastrtps_c[0m
[8.582s] [ 70%] [32mBuilding CXX object CMakeFiles/realsense2_camera_msgs__rosidl_typesupport_fastrtps_c.dir/rosidl_typesupport_fastrtps_c/realsense2_camera_msgs/msg/detail/metadata__type_support_c.cpp.o[0m
[8.584s] [ 74%] [32mBuilding CXX object CMakeFiles/realsense2_camera_msgs__rosidl_typesupport_fastrtps_c.dir/rosidl_typesupport_fastrtps_c/realsense2_camera_msgs/srv/detail/device_info__type_support_c.cpp.o[0m
[8.584s] [ 74%] [32mBuilding CXX object CMakeFiles/realsense2_camera_msgs__rosidl_typesupport_fastrtps_c.dir/rosidl_typesupport_fastrtps_c/realsense2_camera_msgs/msg/detail/imu_info__type_support_c.cpp.o[0m
[8.584s] [ 76%] [32mBuilding CXX object CMakeFiles/realsense2_camera_msgs__rosidl_typesupport_fastrtps_c.dir/rosidl_typesupport_fastrtps_c/realsense2_camera_msgs/msg/detail/extrinsics__type_support_c.cpp.o[0m
[9.222s] [ 78%] [32m[1mLinking CXX shared library librealsense2_camera_msgs__rosidl_typesupport_fastrtps_c.so[0m
[9.335s] [ 78%] Built target realsense2_camera_msgs__rosidl_typesupport_fastrtps_c
[9.347s] [35m[1mScanning dependencies of target realsense2_camera_msgs[0m
[9.360s] [ 78%] Built target realsense2_camera_msgs
[9.373s] [35m[1mScanning dependencies of target realsense2_camera_msgs__py[0m
[9.386s] [ 80%] [34m[1mGenerating Python code for ROS interfaces[0m
[10.331s] [ 80%] Built target realsense2_camera_msgs__py
[10.342s] [35m[1mScanning dependencies of target realsense2_camera_msgs__python[0m
[10.369s] [ 81%] [32mBuilding C object CMakeFiles/realsense2_camera_msgs__python.dir/rosidl_generator_py/realsense2_camera_msgs/msg/_imu_info_s.c.o[0m
[10.370s] [ 83%] [32mBuilding C object CMakeFiles/realsense2_camera_msgs__python.dir/rosidl_generator_py/realsense2_camera_msgs/srv/_device_info_s.c.o[0m
[10.371s] [ 85%] [32mBuilding C object CMakeFiles/realsense2_camera_msgs__python.dir/rosidl_generator_py/realsense2_camera_msgs/msg/_extrinsics_s.c.o[0m
[10.372s] [ 87%] [32mBuilding C object CMakeFiles/realsense2_camera_msgs__python.dir/rosidl_generator_py/realsense2_camera_msgs/msg/_metadata_s.c.o[0m
[10.534s] [ 89%] [32m[1mLinking C shared library rosidl_generator_py/realsense2_camera_msgs/librealsense2_camera_msgs__python.so[0m
[10.583s] [ 89%] Built target realsense2_camera_msgs__python
[10.594s] [35m[1mScanning dependencies of target realsense2_camera_msgs__rosidl_typesupport_introspection_c__pyext[0m
[10.595s] [35m[1mScanning dependencies of target realsense2_camera_msgs__rosidl_typesupport_c__pyext[0m
[10.595s] [35m[1mScanning dependencies of target realsense2_camera_msgs__rosidl_typesupport_fastrtps_c__pyext[0m
[10.617s] [ 90%] [32mBuilding C object CMakeFiles/realsense2_camera_msgs__rosidl_typesupport_introspection_c__pyext.dir/rosidl_generator_py/realsense2_camera_msgs/_realsense2_camera_msgs_s.ep.rosidl_typesupport_introspection_c.c.o[0m
[10.617s] [ 92%] [32mBuilding C object CMakeFiles/realsense2_camera_msgs__rosidl_typesupport_c__pyext.dir/rosidl_generator_py/realsense2_camera_msgs/_realsense2_camera_msgs_s.ep.rosidl_typesupport_c.c.o[0m
[10.619s] [ 94%] [32mBuilding C object CMakeFiles/realsense2_camera_msgs__rosidl_typesupport_fastrtps_c__pyext.dir/rosidl_generator_py/realsense2_camera_msgs/_realsense2_camera_msgs_s.ep.rosidl_typesupport_fastrtps_c.c.o[0m
[10.750s] [ 96%] [32m[1mLinking C shared library rosidl_generator_py/realsense2_camera_msgs/realsense2_camera_msgs_s__rosidl_typesupport_c.cpython-38-x86_64-linux-gnu.so[0m
[10.784s] [ 98%] [32m[1mLinking C shared library rosidl_generator_py/realsense2_camera_msgs/realsense2_camera_msgs_s__rosidl_typesupport_introspection_c.cpython-38-x86_64-linux-gnu.so[0m
[10.792s] [100%] [32m[1mLinking CXX shared library rosidl_generator_py/realsense2_camera_msgs/realsense2_camera_msgs_s__rosidl_typesupport_fastrtps_c.cpython-38-x86_64-linux-gnu.so[0m
[10.817s] [100%] Built target realsense2_camera_msgs__rosidl_typesupport_c__pyext
[10.852s] [100%] Built target realsense2_camera_msgs__rosidl_typesupport_introspection_c__pyext
[10.888s] [100%] Built target realsense2_camera_msgs__rosidl_typesupport_fastrtps_c__pyext
[10.900s] Invoked command in '/home/utilizador/charmie_ws/src/build/realsense2_camera_msgs' returned '0': CMAKE_PREFIX_PATH=${CMAKE_PREFIX_PATH}:/home/utilizador/charmie_ws/install/charmie_speakers:/home/utilizador/charmie_ws/install/charmie_ps4_controller:/home/utilizador/charmie_ws/install/charmie_neck_dynamixel:/home/utilizador/charmie_ws/install/charmie_low_level:/home/utilizador/charmie_ws/install/charmie_lidar_hokuyo:/home/utilizador/charmie_ws/install/charmie_debug:/home/utilizador/charmie_ws/install/charmie_audio:/opt/ros/foxy /usr/bin/cmake --build /home/utilizador/charmie_ws/src/build/realsense2_camera_msgs -- -j8 -l8
[10.997s] Invoking command in '/home/utilizador/charmie_ws/src/build/realsense2_camera_msgs': CMAKE_PREFIX_PATH=${CMAKE_PREFIX_PATH}:/home/utilizador/charmie_ws/install/charmie_speakers:/home/utilizador/charmie_ws/install/charmie_ps4_controller:/home/utilizador/charmie_ws/install/charmie_neck_dynamixel:/home/utilizador/charmie_ws/install/charmie_low_level:/home/utilizador/charmie_ws/install/charmie_lidar_hokuyo:/home/utilizador/charmie_ws/install/charmie_debug:/home/utilizador/charmie_ws/install/charmie_audio:/opt/ros/foxy /usr/bin/cmake --install /home/utilizador/charmie_ws/src/build/realsense2_camera_msgs
[11.007s] -- Install configuration: ""
[11.007s] -- Execute custom install script
[11.007s] -- Symlinking: /home/utilizador/charmie_ws/src/install/realsense2_camera_msgs/share/ament_index/resource_index/rosidl_interfaces/realsense2_camera_msgs
[11.018s] -- Symlinking: /home/utilizador/charmie_ws/src/install/realsense2_camera_msgs/include/realsense2_camera_msgs/msg/detail/extrinsics__functions.h
[11.029s] -- Symlinking: /home/utilizador/charmie_ws/src/install/realsense2_camera_msgs/include/realsense2_camera_msgs/msg/detail/extrinsics__struct.h
[11.039s] -- Symlinking: /home/utilizador/charmie_ws/src/install/realsense2_camera_msgs/include/realsense2_camera_msgs/msg/detail/extrinsics__type_support.h
[11.050s] -- Symlinking: /home/utilizador/charmie_ws/src/install/realsense2_camera_msgs/include/realsense2_camera_msgs/msg/detail/imu_info__functions.h
[11.061s] -- Symlinking: /home/utilizador/charmie_ws/src/install/realsense2_camera_msgs/include/realsense2_camera_msgs/msg/detail/imu_info__struct.h
[11.071s] -- Symlinking: /home/utilizador/charmie_ws/src/install/realsense2_camera_msgs/include/realsense2_camera_msgs/msg/detail/imu_info__type_support.h
[11.083s] -- Symlinking: /home/utilizador/charmie_ws/src/install/realsense2_camera_msgs/include/realsense2_camera_msgs/msg/detail/metadata__functions.h
[11.093s] -- Symlinking: /home/utilizador/charmie_ws/src/install/realsense2_camera_msgs/include/realsense2_camera_msgs/msg/detail/metadata__struct.h
[11.104s] -- Symlinking: /home/utilizador/charmie_ws/src/install/realsense2_camera_msgs/include/realsense2_camera_msgs/msg/detail/metadata__type_support.h
[11.115s] -- Symlinking: /home/utilizador/charmie_ws/src/install/realsense2_camera_msgs/include/realsense2_camera_msgs/msg/extrinsics.h
[11.131s] -- Symlinking: /home/utilizador/charmie_ws/src/install/realsense2_camera_msgs/include/realsense2_camera_msgs/msg/imu_info.h
[11.143s] -- Symlinking: /home/utilizador/charmie_ws/src/install/realsense2_camera_msgs/include/realsense2_camera_msgs/msg/metadata.h
[11.152s] -- Symlinking: /home/utilizador/charmie_ws/src/install/realsense2_camera_msgs/include/realsense2_camera_msgs/msg/rosidl_generator_c__visibility_control.h
[11.163s] -- Symlinking: /home/utilizador/charmie_ws/src/install/realsense2_camera_msgs/include/realsense2_camera_msgs/srv/detail/device_info__functions.h
[11.174s] -- Symlinking: /home/utilizador/charmie_ws/src/install/realsense2_camera_msgs/include/realsense2_camera_msgs/srv/detail/device_info__struct.h
[11.184s] -- Symlinking: /home/utilizador/charmie_ws/src/install/realsense2_camera_msgs/include/realsense2_camera_msgs/srv/detail/device_info__type_support.h
[11.195s] -- Symlinking: /home/utilizador/charmie_ws/src/install/realsense2_camera_msgs/include/realsense2_camera_msgs/srv/device_info.h
[11.206s] -- Symlinking: /home/utilizador/charmie_ws/src/install/realsense2_camera_msgs/share/realsense2_camera_msgs/environment/library_path.sh
[11.216s] -- Symlinking: /home/utilizador/charmie_ws/src/install/realsense2_camera_msgs/share/realsense2_camera_msgs/environment/library_path.dsv
[11.227s] -- Symlinking: /home/utilizador/charmie_ws/src/install/realsense2_camera_msgs/include/realsense2_camera_msgs/msg/detail/extrinsics__rosidl_typesupport_fastrtps_c.h
[11.237s] -- Symlinking: /home/utilizador/charmie_ws/src/install/realsense2_camera_msgs/include/realsense2_camera_msgs/msg/detail/imu_info__rosidl_typesupport_fastrtps_c.h
[11.250s] -- Symlinking: /home/utilizador/charmie_ws/src/install/realsense2_camera_msgs/include/realsense2_camera_msgs/msg/detail/metadata__rosidl_typesupport_fastrtps_c.h
[11.259s] -- Symlinking: /home/utilizador/charmie_ws/src/install/realsense2_camera_msgs/include/realsense2_camera_msgs/msg/rosidl_typesupport_fastrtps_c__visibility_control.h
[11.269s] -- Symlinking: /home/utilizador/charmie_ws/src/install/realsense2_camera_msgs/include/realsense2_camera_msgs/srv/detail/device_info__rosidl_typesupport_fastrtps_c.h
[11.280s] -- Symlinking: /home/utilizador/charmie_ws/src/install/realsense2_camera_msgs/lib/librealsense2_camera_msgs__rosidl_typesupport_fastrtps_c.so
[11.291s] -- Symlinking: /home/utilizador/charmie_ws/src/install/realsense2_camera_msgs/include/realsense2_camera_msgs/msg/detail/extrinsics__rosidl_typesupport_fastrtps_cpp.hpp
[11.301s] -- Symlinking: /home/utilizador/charmie_ws/src/install/realsense2_camera_msgs/include/realsense2_camera_msgs/msg/detail/imu_info__rosidl_typesupport_fastrtps_cpp.hpp
[11.315s] -- Symlinking: /home/utilizador/charmie_ws/src/install/realsense2_camera_msgs/include/realsense2_camera_msgs/msg/detail/metadata__rosidl_typesupport_fastrtps_cpp.hpp
[11.321s] -- Symlinking: /home/utilizador/charmie_ws/src/install/realsense2_camera_msgs/include/realsense2_camera_msgs/msg/rosidl_typesupport_fastrtps_cpp__visibility_control.h
[11.331s] -- Symlinking: /home/utilizador/charmie_ws/src/install/realsense2_camera_msgs/include/realsense2_camera_msgs/srv/detail/device_info__rosidl_typesupport_fastrtps_cpp.hpp
[11.342s] -- Symlinking: /home/utilizador/charmie_ws/src/install/realsense2_camera_msgs/lib/librealsense2_camera_msgs__rosidl_typesupport_fastrtps_cpp.so
[11.352s] -- Symlinking: /home/utilizador/charmie_ws/src/install/realsense2_camera_msgs/include/realsense2_camera_msgs/msg/detail/extrinsics__rosidl_typesupport_introspection_c.h
[11.362s] -- Symlinking: /home/utilizador/charmie_ws/src/install/realsense2_camera_msgs/include/realsense2_camera_msgs/msg/detail/imu_info__rosidl_typesupport_introspection_c.h
[11.372s] -- Symlinking: /home/utilizador/charmie_ws/src/install/realsense2_camera_msgs/include/realsense2_camera_msgs/msg/detail/metadata__rosidl_typesupport_introspection_c.h
[11.382s] -- Symlinking: /home/utilizador/charmie_ws/src/install/realsense2_camera_msgs/include/realsense2_camera_msgs/msg/rosidl_typesupport_introspection_c__visibility_control.h
[11.392s] -- Symlinking: /home/utilizador/charmie_ws/src/install/realsense2_camera_msgs/include/realsense2_camera_msgs/srv/detail/device_info__rosidl_typesupport_introspection_c.h
[11.402s] -- Symlinking: /home/utilizador/charmie_ws/src/install/realsense2_camera_msgs/include/realsense2_camera_msgs/msg/detail/extrinsics__builder.hpp
[11.411s] -- Symlinking: /home/utilizador/charmie_ws/src/install/realsense2_camera_msgs/include/realsense2_camera_msgs/msg/detail/extrinsics__struct.hpp
[11.423s] -- Symlinking: /home/utilizador/charmie_ws/src/install/realsense2_camera_msgs/include/realsense2_camera_msgs/msg/detail/extrinsics__traits.hpp
[11.433s] -- Symlinking: /home/utilizador/charmie_ws/src/install/realsense2_camera_msgs/include/realsense2_camera_msgs/msg/detail/imu_info__builder.hpp
[11.443s] -- Symlinking: /home/utilizador/charmie_ws/src/install/realsense2_camera_msgs/include/realsense2_camera_msgs/msg/detail/imu_info__struct.hpp
[11.453s] -- Symlinking: /home/utilizador/charmie_ws/src/install/realsense2_camera_msgs/include/realsense2_camera_msgs/msg/detail/imu_info__traits.hpp
[11.462s] -- Symlinking: /home/utilizador/charmie_ws/src/install/realsense2_camera_msgs/include/realsense2_camera_msgs/msg/detail/metadata__builder.hpp
[11.472s] -- Symlinking: /home/utilizador/charmie_ws/src/install/realsense2_camera_msgs/include/realsense2_camera_msgs/msg/detail/metadata__struct.hpp
[11.482s] -- Symlinking: /home/utilizador/charmie_ws/src/install/realsense2_camera_msgs/include/realsense2_camera_msgs/msg/detail/metadata__traits.hpp
[11.493s] -- Symlinking: /home/utilizador/charmie_ws/src/install/realsense2_camera_msgs/include/realsense2_camera_msgs/msg/extrinsics.hpp
[11.504s] -- Symlinking: /home/utilizador/charmie_ws/src/install/realsense2_camera_msgs/include/realsense2_camera_msgs/msg/imu_info.hpp
[11.514s] -- Symlinking: /home/utilizador/charmie_ws/src/install/realsense2_camera_msgs/include/realsense2_camera_msgs/msg/metadata.hpp
[11.523s] -- Symlinking: /home/utilizador/charmie_ws/src/install/realsense2_camera_msgs/include/realsense2_camera_msgs/srv/detail/device_info__builder.hpp
[11.534s] -- Symlinking: /home/utilizador/charmie_ws/src/install/realsense2_camera_msgs/include/realsense2_camera_msgs/srv/detail/device_info__struct.hpp
[11.544s] -- Symlinking: /home/utilizador/charmie_ws/src/install/realsense2_camera_msgs/include/realsense2_camera_msgs/srv/detail/device_info__traits.hpp
[11.554s] -- Symlinking: /home/utilizador/charmie_ws/src/install/realsense2_camera_msgs/include/realsense2_camera_msgs/srv/device_info.hpp
[11.564s] -- Symlinking: /home/utilizador/charmie_ws/src/install/realsense2_camera_msgs/include/realsense2_camera_msgs/msg/detail/extrinsics__rosidl_typesupport_introspection_cpp.hpp
[11.574s] -- Symlinking: /home/utilizador/charmie_ws/src/install/realsense2_camera_msgs/include/realsense2_camera_msgs/msg/detail/imu_info__rosidl_typesupport_introspection_cpp.hpp
[11.585s] -- Symlinking: /home/utilizador/charmie_ws/src/install/realsense2_camera_msgs/include/realsense2_camera_msgs/msg/detail/metadata__rosidl_typesupport_introspection_cpp.hpp
[11.595s] -- Symlinking: /home/utilizador/charmie_ws/src/install/realsense2_camera_msgs/include/realsense2_camera_msgs/srv/detail/device_info__rosidl_typesupport_introspection_cpp.hpp
[11.606s] -- Symlinking: /home/utilizador/charmie_ws/src/install/realsense2_camera_msgs/share/realsense2_camera_msgs/environment/pythonpath.sh
[11.615s] -- Symlinking: /home/utilizador/charmie_ws/src/install/realsense2_camera_msgs/share/realsense2_camera_msgs/environment/pythonpath.dsv
[11.625s] -- Symlinking: /home/utilizador/charmie_ws/src/install/realsense2_camera_msgs/lib/python3.8/site-packages/realsense2_camera_msgs/__init__.py
[11.635s] -- Symlinking: /home/utilizador/charmie_ws/src/install/realsense2_camera_msgs/lib/python3.8/site-packages/realsense2_camera_msgs/msg/__init__.py
[11.645s] -- Symlinking: /home/utilizador/charmie_ws/src/install/realsense2_camera_msgs/lib/python3.8/site-packages/realsense2_camera_msgs/msg/_extrinsics.py
[11.655s] -- Symlinking: /home/utilizador/charmie_ws/src/install/realsense2_camera_msgs/lib/python3.8/site-packages/realsense2_camera_msgs/msg/_imu_info.py
[11.665s] -- Symlinking: /home/utilizador/charmie_ws/src/install/realsense2_camera_msgs/lib/python3.8/site-packages/realsense2_camera_msgs/msg/_metadata.py
[11.676s] -- Symlinking: /home/utilizador/charmie_ws/src/install/realsense2_camera_msgs/lib/python3.8/site-packages/realsense2_camera_msgs/srv/__init__.py
[11.685s] -- Symlinking: /home/utilizador/charmie_ws/src/install/realsense2_camera_msgs/lib/python3.8/site-packages/realsense2_camera_msgs/srv/_device_info.py
[11.695s] -- Symlinking: /home/utilizador/charmie_ws/src/install/realsense2_camera_msgs/lib/python3.8/site-packages/realsense2_camera_msgs/realsense2_camera_msgs_s__rosidl_typesupport_fastrtps_c.cpython-38-x86_64-linux-gnu.so
[11.708s] -- Symlinking: /home/utilizador/charmie_ws/src/install/realsense2_camera_msgs/lib/python3.8/site-packages/realsense2_camera_msgs/realsense2_camera_msgs_s__rosidl_typesupport_introspection_c.cpython-38-x86_64-linux-gnu.so
[11.718s] -- Symlinking: /home/utilizador/charmie_ws/src/install/realsense2_camera_msgs/lib/python3.8/site-packages/realsense2_camera_msgs/realsense2_camera_msgs_s__rosidl_typesupport_c.cpython-38-x86_64-linux-gnu.so
[11.728s] -- Symlinking: /home/utilizador/charmie_ws/src/install/realsense2_camera_msgs/lib/librealsense2_camera_msgs__python.so
[11.738s] -- Symlinking: /home/utilizador/charmie_ws/src/install/realsense2_camera_msgs/share/realsense2_camera_msgs/msg/IMUInfo.idl
[11.747s] -- Symlinking: /home/utilizador/charmie_ws/src/install/realsense2_camera_msgs/share/realsense2_camera_msgs/msg/Extrinsics.idl
[11.757s] -- Symlinking: /home/utilizador/charmie_ws/src/install/realsense2_camera_msgs/share/realsense2_camera_msgs/msg/Metadata.idl
[11.767s] -- Symlinking: /home/utilizador/charmie_ws/src/install/realsense2_camera_msgs/share/realsense2_camera_msgs/srv/DeviceInfo.idl
[11.777s] -- Symlinking: /home/utilizador/charmie_ws/src/install/realsense2_camera_msgs/share/realsense2_camera_msgs/msg/IMUInfo.msg
[11.787s] -- Symlinking: /home/utilizador/charmie_ws/src/install/realsense2_camera_msgs/share/realsense2_camera_msgs/msg/Extrinsics.msg
[11.797s] -- Symlinking: /home/utilizador/charmie_ws/src/install/realsense2_camera_msgs/share/realsense2_camera_msgs/msg/Metadata.msg
[11.807s] -- Symlinking: /home/utilizador/charmie_ws/src/install/realsense2_camera_msgs/share/realsense2_camera_msgs/srv/DeviceInfo.srv
[11.816s] -- Symlinking: /home/utilizador/charmie_ws/src/install/realsense2_camera_msgs/share/realsense2_camera_msgs/srv/DeviceInfo_Request.msg
[11.826s] -- Symlinking: /home/utilizador/charmie_ws/src/install/realsense2_camera_msgs/share/realsense2_camera_msgs/srv/DeviceInfo_Response.msg
[11.835s] -- Symlinking: /home/utilizador/charmie_ws/src/install/realsense2_camera_msgs/share/ament_index/resource_index/package_run_dependencies/realsense2_camera_msgs
[11.846s] -- Symlinking: /home/utilizador/charmie_ws/src/install/realsense2_camera_msgs/share/ament_index/resource_index/parent_prefix_path/realsense2_camera_msgs
[11.855s] -- Symlinking: /home/utilizador/charmie_ws/src/install/realsense2_camera_msgs/share/realsense2_camera_msgs/environment/ament_prefix_path.sh
[11.865s] -- Symlinking: /home/utilizador/charmie_ws/src/install/realsense2_camera_msgs/share/realsense2_camera_msgs/environment/ament_prefix_path.dsv
[11.875s] -- Symlinking: /home/utilizador/charmie_ws/src/install/realsense2_camera_msgs/share/realsense2_camera_msgs/environment/path.sh
[11.884s] -- Symlinking: /home/utilizador/charmie_ws/src/install/realsense2_camera_msgs/share/realsense2_camera_msgs/environment/path.dsv
[11.894s] -- Symlinking: /home/utilizador/charmie_ws/src/install/realsense2_camera_msgs/share/realsense2_camera_msgs/local_setup.bash
[11.904s] -- Symlinking: /home/utilizador/charmie_ws/src/install/realsense2_camera_msgs/share/realsense2_camera_msgs/local_setup.sh
[11.915s] -- Symlinking: /home/utilizador/charmie_ws/src/install/realsense2_camera_msgs/share/realsense2_camera_msgs/local_setup.zsh
[11.926s] -- Symlinking: /home/utilizador/charmie_ws/src/install/realsense2_camera_msgs/share/realsense2_camera_msgs/local_setup.dsv
[11.937s] -- Symlinking: /home/utilizador/charmie_ws/src/install/realsense2_camera_msgs/share/realsense2_camera_msgs/package.dsv
[11.950s] -- Symlinking: /home/utilizador/charmie_ws/src/install/realsense2_camera_msgs/share/ament_index/resource_index/packages/realsense2_camera_msgs
[11.960s] -- Symlinking: /home/utilizador/charmie_ws/src/install/realsense2_camera_msgs/share/realsense2_camera_msgs/cmake/rosidl_cmake-extras.cmake
[11.971s] -- Symlinking: /home/utilizador/charmie_ws/src/install/realsense2_camera_msgs/share/realsense2_camera_msgs/cmake/ament_cmake_export_dependencies-extras.cmake
[11.980s] -- Symlinking: /home/utilizador/charmie_ws/src/install/realsense2_camera_msgs/share/realsense2_camera_msgs/cmake/ament_cmake_export_libraries-extras.cmake
[11.991s] -- Symlinking: /home/utilizador/charmie_ws/src/install/realsense2_camera_msgs/share/realsense2_camera_msgs/cmake/ament_cmake_export_targets-extras.cmake
[12.002s] -- Symlinking: /home/utilizador/charmie_ws/src/install/realsense2_camera_msgs/share/realsense2_camera_msgs/cmake/ament_cmake_export_include_directories-extras.cmake
[12.012s] -- Symlinking: /home/utilizador/charmie_ws/src/install/realsense2_camera_msgs/share/realsense2_camera_msgs/cmake/rosidl_cmake_export_typesupport_libraries-extras.cmake
[12.023s] -- Symlinking: /home/utilizador/charmie_ws/src/install/realsense2_camera_msgs/share/realsense2_camera_msgs/cmake/rosidl_cmake_export_typesupport_targets-extras.cmake
[12.033s] -- Symlinking: /home/utilizador/charmie_ws/src/install/realsense2_camera_msgs/share/realsense2_camera_msgs/cmake/realsense2_camera_msgsConfig.cmake
[12.044s] -- Symlinking: /home/utilizador/charmie_ws/src/install/realsense2_camera_msgs/share/realsense2_camera_msgs/cmake/realsense2_camera_msgsConfig-version.cmake
[12.054s] -- Symlinking: /home/utilizador/charmie_ws/src/install/realsense2_camera_msgs/share/realsense2_camera_msgs/package.xml
[12.064s] -- Installing: /home/utilizador/charmie_ws/src/install/realsense2_camera_msgs/lib/librealsense2_camera_msgs__rosidl_generator_c.so
[12.065s] -- Set runtime path of "/home/utilizador/charmie_ws/src/install/realsense2_camera_msgs/lib/librealsense2_camera_msgs__rosidl_generator_c.so" to ""
[12.065s] -- Installing: /home/utilizador/charmie_ws/src/install/realsense2_camera_msgs/lib/librealsense2_camera_msgs__rosidl_typesupport_introspection_c.so
[12.065s] -- Set runtime path of "/home/utilizador/charmie_ws/src/install/realsense2_camera_msgs/lib/librealsense2_camera_msgs__rosidl_typesupport_introspection_c.so" to ""
[12.065s] -- Installing: /home/utilizador/charmie_ws/src/install/realsense2_camera_msgs/lib/librealsense2_camera_msgs__rosidl_typesupport_c.so
[12.066s] -- Set runtime path of "/home/utilizador/charmie_ws/src/install/realsense2_camera_msgs/lib/librealsense2_camera_msgs__rosidl_typesupport_c.so" to ""
[12.066s] -- Installing: /home/utilizador/charmie_ws/src/install/realsense2_camera_msgs/lib/librealsense2_camera_msgs__rosidl_typesupport_introspection_cpp.so
[12.066s] -- Set runtime path of "/home/utilizador/charmie_ws/src/install/realsense2_camera_msgs/lib/librealsense2_camera_msgs__rosidl_typesupport_introspection_cpp.so" to ""
[12.066s] -- Installing: /home/utilizador/charmie_ws/src/install/realsense2_camera_msgs/lib/librealsense2_camera_msgs__rosidl_typesupport_cpp.so
[12.067s] -- Set runtime path of "/home/utilizador/charmie_ws/src/install/realsense2_camera_msgs/lib/librealsense2_camera_msgs__rosidl_typesupport_cpp.so" to ""
[12.109s] Compiling '/home/utilizador/charmie_ws/src/install/realsense2_camera_msgs/lib/python3.8/site-packages/realsense2_camera_msgs/__init__.py'...
[12.116s] -- Installing: /home/utilizador/charmie_ws/src/install/realsense2_camera_msgs/share/realsense2_camera_msgs/cmake/realsense2_camera_msgs__rosidl_generator_cExport.cmake
[12.116s] -- Installing: /home/utilizador/charmie_ws/src/install/realsense2_camera_msgs/share/realsense2_camera_msgs/cmake/realsense2_camera_msgs__rosidl_generator_cExport-noconfig.cmake
[12.116s] -- Installing: /home/utilizador/charmie_ws/src/install/realsense2_camera_msgs/share/realsense2_camera_msgs/cmake/realsense2_camera_msgs__rosidl_typesupport_introspection_cExport.cmake
[12.116s] -- Installing: /home/utilizador/charmie_ws/src/install/realsense2_camera_msgs/share/realsense2_camera_msgs/cmake/realsense2_camera_msgs__rosidl_typesupport_introspection_cExport-noconfig.cmake
[12.116s] -- Installing: /home/utilizador/charmie_ws/src/install/realsense2_camera_msgs/share/realsense2_camera_msgs/cmake/realsense2_camera_msgs__rosidl_typesupport_cExport.cmake
[12.116s] -- Installing: /home/utilizador/charmie_ws/src/install/realsense2_camera_msgs/share/realsense2_camera_msgs/cmake/realsense2_camera_msgs__rosidl_typesupport_cExport-noconfig.cmake
[12.117s] -- Installing: /home/utilizador/charmie_ws/src/install/realsense2_camera_msgs/share/realsense2_camera_msgs/cmake/realsense2_camera_msgs__rosidl_generator_cppExport.cmake
[12.117s] -- Installing: /home/utilizador/charmie_ws/src/install/realsense2_camera_msgs/share/realsense2_camera_msgs/cmake/realsense2_camera_msgs__rosidl_typesupport_introspection_cppExport.cmake
[12.117s] -- Installing: /home/utilizador/charmie_ws/src/install/realsense2_camera_msgs/share/realsense2_camera_msgs/cmake/realsense2_camera_msgs__rosidl_typesupport_introspection_cppExport-noconfig.cmake
[12.117s] -- Installing: /home/utilizador/charmie_ws/src/install/realsense2_camera_msgs/share/realsense2_camera_msgs/cmake/realsense2_camera_msgs__rosidl_typesupport_cppExport.cmake
[12.117s] -- Installing: /home/utilizador/charmie_ws/src/install/realsense2_camera_msgs/share/realsense2_camera_msgs/cmake/realsense2_camera_msgs__rosidl_typesupport_cppExport-noconfig.cmake
[12.123s] Invoked command in '/home/utilizador/charmie_ws/src/build/realsense2_camera_msgs' returned '0': CMAKE_PREFIX_PATH=${CMAKE_PREFIX_PATH}:/home/utilizador/charmie_ws/install/charmie_speakers:/home/utilizador/charmie_ws/install/charmie_ps4_controller:/home/utilizador/charmie_ws/install/charmie_neck_dynamixel:/home/utilizador/charmie_ws/install/charmie_low_level:/home/utilizador/charmie_ws/install/charmie_lidar_hokuyo:/home/utilizador/charmie_ws/install/charmie_debug:/home/utilizador/charmie_ws/install/charmie_audio:/opt/ros/foxy /usr/bin/cmake --install /home/utilizador/charmie_ws/src/build/realsense2_camera_msgs
