-- Install configuration: ""
-- Up-to-date: /home/utilizador/charmie_ws/install/charmie_bot/share/charmie_bot/config
-- Up-to-date: /home/utilizador/charmie_ws/install/charmie_bot/share/charmie_bot/config/joystick.yaml
-- Up-to-date: /home/utilizador/charmie_ws/install/charmie_bot/share/charmie_bot/config/amcl_config.yaml
-- Up-to-date: /home/utilizador/charmie_ws/install/charmie_bot/share/charmie_bot/config/empty.yaml
-- Up-to-date: /home/utilizador/charmie_ws/install/charmie_bot/share/charmie_bot/config/tiago_rviz.rviz
-- Up-to-date: /home/utilizador/charmie_ws/install/charmie_bot/share/charmie_bot/config/controller_config.yaml
-- Up-to-date: /home/utilizador/charmie_ws/install/charmie_bot/share/charmie_bot/config/view_bot.rviz
-- Up-to-date: /home/utilizador/charmie_ws/install/charmie_bot/share/charmie_bot/config/config_2.rviz
-- Up-to-date: /home/utilizador/charmie_ws/install/charmie_bot/share/charmie_bot/config/mapper_params_online_async.yaml
-- Up-to-date: /home/utilizador/charmie_ws/install/charmie_bot/share/charmie_bot/config/twist_mux.yaml
-- Up-to-date: /home/utilizador/charmie_ws/install/charmie_bot/share/charmie_bot/description
-- Up-to-date: /home/utilizador/charmie_ws/install/charmie_bot/share/charmie_bot/description/gazebo_control.xacro
-- Up-to-date: /home/utilizador/charmie_ws/install/charmie_bot/share/charmie_bot/description/robot_core.xacro
-- Up-to-date: /home/utilizador/charmie_ws/install/charmie_bot/share/charmie_bot/description/lidar.xacro
-- Up-to-date: /home/utilizador/charmie_ws/install/charmie_bot/share/charmie_bot/description/ros2_control.xacro
-- Up-to-date: /home/utilizador/charmie_ws/install/charmie_bot/share/charmie_bot/description/depth_camera.xacro
-- Up-to-date: /home/utilizador/charmie_ws/install/charmie_bot/share/charmie_bot/description/meshes
-- Up-to-date: /home/utilizador/charmie_ws/install/charmie_bot/share/charmie_bot/description/meshes/lidar.stl
-- Up-to-date: /home/utilizador/charmie_ws/install/charmie_bot/share/charmie_bot/description/meshes/omni_wheel.stl
-- Up-to-date: /home/utilizador/charmie_ws/install/charmie_bot/share/charmie_bot/description/inertial_macros.xacro
-- Up-to-date: /home/utilizador/charmie_ws/install/charmie_bot/share/charmie_bot/description/robot_wheels.xacro
-- Up-to-date: /home/utilizador/charmie_ws/install/charmie_bot/share/charmie_bot/description/robot.urdf.xacro
-- Up-to-date: /home/utilizador/charmie_ws/install/charmie_bot/share/charmie_bot/launch
-- Up-to-date: /home/utilizador/charmie_ws/install/charmie_bot/share/charmie_bot/launch/rsp.launch.py
-- Up-to-date: /home/utilizador/charmie_ws/install/charmie_bot/share/charmie_bot/launch/joystick.launch.py
-- Up-to-date: /home/utilizador/charmie_ws/install/charmie_bot/share/charmie_bot/launch/launch_sim.launch.py
-- Up-to-date: /home/utilizador/charmie_ws/install/charmie_bot/share/charmie_bot/launch/launch_real.launch.py
-- Up-to-date: /home/utilizador/charmie_ws/install/charmie_bot/share/charmie_bot/worlds
-- Up-to-date: /home/utilizador/charmie_ws/install/charmie_bot/share/charmie_bot/worlds/robocup_house.world
-- Up-to-date: /home/utilizador/charmie_ws/install/charmie_bot/share/charmie_bot/worlds/world_test.world
-- Up-to-date: /home/utilizador/charmie_ws/install/charmie_bot/share/charmie_bot/worlds/robocup_objects.world
-- Up-to-date: /home/utilizador/charmie_ws/install/charmie_bot/share/charmie_bot/worlds/lar_home.world
-- Up-to-date: /home/utilizador/charmie_ws/install/charmie_bot/share/charmie_bot/worlds/empty.world
-- Up-to-date: /home/utilizador/charmie_ws/install/charmie_bot/share/ament_index/resource_index/package_run_dependencies/charmie_bot
-- Up-to-date: /home/utilizador/charmie_ws/install/charmie_bot/share/ament_index/resource_index/parent_prefix_path/charmie_bot
-- Up-to-date: /home/utilizador/charmie_ws/install/charmie_bot/share/charmie_bot/environment/ament_prefix_path.sh
-- Up-to-date: /home/utilizador/charmie_ws/install/charmie_bot/share/charmie_bot/environment/ament_prefix_path.dsv
-- Up-to-date: /home/utilizador/charmie_ws/install/charmie_bot/share/charmie_bot/environment/path.sh
-- Up-to-date: /home/utilizador/charmie_ws/install/charmie_bot/share/charmie_bot/environment/path.dsv
-- Up-to-date: /home/utilizador/charmie_ws/install/charmie_bot/share/charmie_bot/local_setup.bash
-- Up-to-date: /home/utilizador/charmie_ws/install/charmie_bot/share/charmie_bot/local_setup.sh
-- Up-to-date: /home/utilizador/charmie_ws/install/charmie_bot/share/charmie_bot/local_setup.zsh
-- Up-to-date: /home/utilizador/charmie_ws/install/charmie_bot/share/charmie_bot/local_setup.dsv
-- Up-to-date: /home/utilizador/charmie_ws/install/charmie_bot/share/charmie_bot/package.dsv
-- Up-to-date: /home/utilizador/charmie_ws/install/charmie_bot/share/ament_index/resource_index/packages/charmie_bot
-- Up-to-date: /home/utilizador/charmie_ws/install/charmie_bot/share/charmie_bot/cmake/charmie_botConfig.cmake
-- Up-to-date: /home/utilizador/charmie_ws/install/charmie_bot/share/charmie_bot/cmake/charmie_botConfig-version.cmake
-- Up-to-date: /home/utilizador/charmie_ws/install/charmie_bot/share/charmie_bot/package.xml
