-- Found ament_cmake: 0.9.12 (/opt/ros/foxy/share/ament_cmake/cmake)
-- Found PythonInterp: /usr/bin/python3 (found suitable version "3.8.10", minimum required is "3") 
-- Using PYTHON_EXECUTABLE: /usr/bin/python3
-- Override CMake install command with custom implementation using symlinks instead of copying resources
-- Found rosidl_default_generators: 1.0.1 (/opt/ros/foxy/share/rosidl_default_generators/cmake)
-- Using all available rosidl_typesupport_c: rosidl_typesupport_fastrtps_c;rosidl_typesupport_introspection_c
-- Found rosidl_adapter: 1.3.1 (/opt/ros/foxy/share/rosidl_adapter/cmake)
-- Using all available rosidl_typesupport_cpp: rosidl_typesupport_fastrtps_cpp;rosidl_typesupport_introspection_cpp
-- Found geometry_msgs: 2.0.5 (/opt/ros/foxy/share/geometry_msgs/cmake)
-- Found PythonInterp: /usr/bin/python3 (found version "3.8.10") 
-- Found ament_cmake_ros: 0.9.2 (/opt/ros/foxy/share/ament_cmake_ros/cmake)
-- Using all available rosidl_typesupport_c: rosidl_typesupport_fastrtps_c;rosidl_typesupport_introspection_c
-- Using all available rosidl_typesupport_cpp: rosidl_typesupport_fastrtps_cpp;rosidl_typesupport_introspection_cpp
-- Found PythonInterp: /usr/bin/python3 (found suitable version "3.8.10", minimum required is "3.5") 
-- Found python_cmake_module: 0.8.1 (/opt/ros/foxy/share/python_cmake_module/cmake)
[33mCMake Warning (dev) at /opt/ros/foxy/share/ament_cmake_core/cmake/core/python.cmake:22 (find_package):
  Policy CMP0148 is not set: The FindPythonInterp and FindPythonLibs modules
  are removed.  Run "cmake --help-policy CMP0148" for policy details.  Use
  the cmake_policy command to set the policy and suppress this warning.

Call Stack (most recent call first):
  /opt/ros/foxy/share/ament_cmake_core/cmake/core/all.cmake:53 (include)
  /opt/ros/foxy/share/ament_cmake_core/cmake/ament_cmake_core-extras.cmake:17 (include)
  /opt/ros/foxy/share/ament_cmake_core/cmake/ament_cmake_coreConfig.cmake:41 (include)
  /opt/ros/foxy/share/ament_cmake/cmake/ament_cmake_export_dependencies-extras.cmake:15 (find_package)
  /opt/ros/foxy/share/ament_cmake/cmake/ament_cmakeConfig.cmake:41 (include)
  CMakeLists.txt:19 (find_package)
This warning is for project developers.  Use -Wno-dev to suppress it.
[0m
[33mCMake Warning (dev) at /opt/ros/foxy/share/rosidl_adapter/cmake/rosidl_adapt_interfaces.cmake:40 (find_package):
  Policy CMP0148 is not set: The FindPythonInterp and FindPythonLibs modules
  are removed.  Run "cmake --help-policy CMP0148" for policy details.  Use
  the cmake_policy command to set the policy and suppress this warning.

Call Stack (most recent call first):
  /opt/ros/foxy/share/rosidl_cmake/cmake/rosidl_generate_interfaces.cmake:130 (rosidl_adapt_interfaces)
  CMakeLists.txt:24 (rosidl_generate_interfaces)
This warning is for project developers.  Use -Wno-dev to suppress it.
[0m
[33mCMake Warning (dev) at /opt/ros/foxy/share/rosidl_generator_py/cmake/rosidl_generator_py_generate_interfaces.cmake:20 (find_package):
  Policy CMP0148 is not set: The FindPythonInterp and FindPythonLibs modules
  are removed.  Run "cmake --help-policy CMP0148" for policy details.  Use
  the cmake_policy command to set the policy and suppress this warning.

Call Stack (most recent call first):
  /opt/ros/foxy/share/ament_cmake_core/cmake/core/ament_execute_extensions.cmake:48 (include)
  /opt/ros/foxy/share/rosidl_cmake/cmake/rosidl_generate_interfaces.cmake:286 (ament_execute_extensions)
  CMakeLists.txt:24 (rosidl_generate_interfaces)
This warning is for project developers.  Use -Wno-dev to suppress it.
[0m
[33mCMake Warning (dev) at /opt/ros/foxy/share/python_cmake_module/cmake/Modules/FindPythonExtra.cmake:45 (find_package):
  Policy CMP0148 is not set: The FindPythonInterp and FindPythonLibs modules
  are removed.  Run "cmake --help-policy CMP0148" for policy details.  Use
  the cmake_policy command to set the policy and suppress this warning.

Call Stack (most recent call first):
  /opt/ros/foxy/share/rosidl_generator_py/cmake/rosidl_generator_py_generate_interfaces.cmake:23 (find_package)
  /opt/ros/foxy/share/ament_cmake_core/cmake/core/ament_execute_extensions.cmake:48 (include)
  /opt/ros/foxy/share/rosidl_cmake/cmake/rosidl_generate_interfaces.cmake:286 (ament_execute_extensions)
  CMakeLists.txt:24 (rosidl_generate_interfaces)
This warning is for project developers.  Use -Wno-dev to suppress it.
[0m
[33mCMake Warning (dev) at /opt/ros/foxy/share/python_cmake_module/cmake/Modules/FindPythonExtra.cmake:133 (find_package):
  Policy CMP0148 is not set: The FindPythonInterp and FindPythonLibs modules
  are removed.  Run "cmake --help-policy CMP0148" for policy details.  Use
  the cmake_policy command to set the policy and suppress this warning.

Call Stack (most recent call first):
  /opt/ros/foxy/share/rosidl_generator_py/cmake/rosidl_generator_py_generate_interfaces.cmake:23 (find_package)
  /opt/ros/foxy/share/ament_cmake_core/cmake/core/ament_execute_extensions.cmake:48 (include)
  /opt/ros/foxy/share/rosidl_cmake/cmake/rosidl_generate_interfaces.cmake:286 (ament_execute_extensions)
  CMakeLists.txt:24 (rosidl_generate_interfaces)
This warning is for project developers.  Use -Wno-dev to suppress it.
[0m
-- Using PYTHON_EXECUTABLE: /usr/bin/python3
-- Using PYTHON_INCLUDE_DIRS: /usr/include/python3.8
-- Using PYTHON_LIBRARIES: /usr/lib/x86_64-linux-gnu/libpython3.8.so
-- Configuring done (1.9s)
-- Generating done (0.1s)
-- Build files have been written to: /home/utilizador/charmie_ws/build/charmie_interfaces
[  0%] Built target charmie_interfaces__cpp
[ 12%] Built target charmie_interfaces__rosidl_generator_c
[ 35%] Built target charmie_interfaces__rosidl_typesupport_fastrtps_cpp
[ 35%] Built target charmie_interfaces__rosidl_typesupport_cpp
[ 47%] Built target charmie_interfaces__rosidl_typesupport_introspection_cpp
[ 59%] Built target charmie_interfaces__rosidl_typesupport_introspection_c
[ 71%] Built target charmie_interfaces__rosidl_typesupport_c
[ 83%] Built target charmie_interfaces__rosidl_typesupport_fastrtps_c
[ 83%] Built target charmie_interfaces
[ 84%] Built target charmie_interfaces__py
[ 95%] Built target charmie_interfaces__python
[ 98%] Built target charmie_interfaces__rosidl_typesupport_introspection_c__pyext
[ 98%] Built target charmie_interfaces__rosidl_typesupport_c__pyext
[100%] Built target charmie_interfaces__rosidl_typesupport_fastrtps_c__pyext
-- Install configuration: ""
-- Execute custom install script
-- Up-to-date symlink: /home/utilizador/charmie_ws/install/charmie_interfaces/share/ament_index/resource_index/rosidl_interfaces/charmie_interfaces
-- Up-to-date symlink: /home/utilizador/charmie_ws/install/charmie_interfaces/include/charmie_interfaces/msg/detail/encoders__functions.h
-- Up-to-date symlink: /home/utilizador/charmie_ws/install/charmie_interfaces/include/charmie_interfaces/msg/detail/encoders__struct.h
-- Up-to-date symlink: /home/utilizador/charmie_ws/install/charmie_interfaces/include/charmie_interfaces/msg/detail/encoders__type_support.h
-- Up-to-date symlink: /home/utilizador/charmie_ws/install/charmie_interfaces/include/charmie_interfaces/msg/detail/example_tr__functions.h
-- Up-to-date symlink: /home/utilizador/charmie_ws/install/charmie_interfaces/include/charmie_interfaces/msg/detail/example_tr__struct.h
-- Up-to-date symlink: /home/utilizador/charmie_ws/install/charmie_interfaces/include/charmie_interfaces/msg/detail/example_tr__type_support.h
-- Up-to-date symlink: /home/utilizador/charmie_ws/install/charmie_interfaces/include/charmie_interfaces/msg/detail/keypoints__functions.h
-- Up-to-date symlink: /home/utilizador/charmie_ws/install/charmie_interfaces/include/charmie_interfaces/msg/detail/keypoints__struct.h
-- Up-to-date symlink: /home/utilizador/charmie_ws/install/charmie_interfaces/include/charmie_interfaces/msg/detail/keypoints__type_support.h
-- Up-to-date symlink: /home/utilizador/charmie_ws/install/charmie_interfaces/include/charmie_interfaces/msg/detail/multi_objects__functions.h
-- Up-to-date symlink: /home/utilizador/charmie_ws/install/charmie_interfaces/include/charmie_interfaces/msg/detail/multi_objects__struct.h
-- Up-to-date symlink: /home/utilizador/charmie_ws/install/charmie_interfaces/include/charmie_interfaces/msg/detail/multi_objects__type_support.h
-- Up-to-date symlink: /home/utilizador/charmie_ws/install/charmie_interfaces/include/charmie_interfaces/msg/detail/obstacle_info__functions.h
-- Up-to-date symlink: /home/utilizador/charmie_ws/install/charmie_interfaces/include/charmie_interfaces/msg/detail/obstacle_info__struct.h
-- Up-to-date symlink: /home/utilizador/charmie_ws/install/charmie_interfaces/include/charmie_interfaces/msg/detail/obstacle_info__type_support.h
-- Up-to-date symlink: /home/utilizador/charmie_ws/install/charmie_interfaces/include/charmie_interfaces/msg/detail/obstacles__functions.h
-- Up-to-date symlink: /home/utilizador/charmie_ws/install/charmie_interfaces/include/charmie_interfaces/msg/detail/obstacles__struct.h
-- Up-to-date symlink: /home/utilizador/charmie_ws/install/charmie_interfaces/include/charmie_interfaces/msg/detail/obstacles__type_support.h
-- Up-to-date symlink: /home/utilizador/charmie_ws/install/charmie_interfaces/include/charmie_interfaces/msg/detail/ps4_controller__functions.h
-- Up-to-date symlink: /home/utilizador/charmie_ws/install/charmie_interfaces/include/charmie_interfaces/msg/detail/ps4_controller__struct.h
-- Up-to-date symlink: /home/utilizador/charmie_ws/install/charmie_interfaces/include/charmie_interfaces/msg/detail/ps4_controller__type_support.h
-- Up-to-date symlink: /home/utilizador/charmie_ws/install/charmie_interfaces/include/charmie_interfaces/msg/detail/robot_speech__functions.h
-- Up-to-date symlink: /home/utilizador/charmie_ws/install/charmie_interfaces/include/charmie_interfaces/msg/detail/robot_speech__struct.h
-- Up-to-date symlink: /home/utilizador/charmie_ws/install/charmie_interfaces/include/charmie_interfaces/msg/detail/robot_speech__type_support.h
-- Up-to-date symlink: /home/utilizador/charmie_ws/install/charmie_interfaces/include/charmie_interfaces/msg/detail/speech_type__functions.h
-- Up-to-date symlink: /home/utilizador/charmie_ws/install/charmie_interfaces/include/charmie_interfaces/msg/detail/speech_type__struct.h
-- Up-to-date symlink: /home/utilizador/charmie_ws/install/charmie_interfaces/include/charmie_interfaces/msg/detail/speech_type__type_support.h
-- Up-to-date symlink: /home/utilizador/charmie_ws/install/charmie_interfaces/include/charmie_interfaces/msg/detail/tar_nav_sdnl__functions.h
-- Up-to-date symlink: /home/utilizador/charmie_ws/install/charmie_interfaces/include/charmie_interfaces/msg/detail/tar_nav_sdnl__struct.h
-- Up-to-date symlink: /home/utilizador/charmie_ws/install/charmie_interfaces/include/charmie_interfaces/msg/detail/tar_nav_sdnl__type_support.h
-- Up-to-date symlink: /home/utilizador/charmie_ws/install/charmie_interfaces/include/charmie_interfaces/msg/detail/yolov8_pose__functions.h
-- Up-to-date symlink: /home/utilizador/charmie_ws/install/charmie_interfaces/include/charmie_interfaces/msg/detail/yolov8_pose__struct.h
-- Up-to-date symlink: /home/utilizador/charmie_ws/install/charmie_interfaces/include/charmie_interfaces/msg/detail/yolov8_pose__type_support.h
-- Up-to-date symlink: /home/utilizador/charmie_ws/install/charmie_interfaces/include/charmie_interfaces/msg/detail/yolov8_pose_array__functions.h
-- Up-to-date symlink: /home/utilizador/charmie_ws/install/charmie_interfaces/include/charmie_interfaces/msg/detail/yolov8_pose_array__struct.h
-- Up-to-date symlink: /home/utilizador/charmie_ws/install/charmie_interfaces/include/charmie_interfaces/msg/detail/yolov8_pose_array__type_support.h
-- Up-to-date symlink: /home/utilizador/charmie_ws/install/charmie_interfaces/include/charmie_interfaces/msg/encoders.h
-- Up-to-date symlink: /home/utilizador/charmie_ws/install/charmie_interfaces/include/charmie_interfaces/msg/example_tr.h
-- Up-to-date symlink: /home/utilizador/charmie_ws/install/charmie_interfaces/include/charmie_interfaces/msg/keypoints.h
-- Up-to-date symlink: /home/utilizador/charmie_ws/install/charmie_interfaces/include/charmie_interfaces/msg/multi_objects.h
-- Up-to-date symlink: /home/utilizador/charmie_ws/install/charmie_interfaces/include/charmie_interfaces/msg/obstacle_info.h
-- Up-to-date symlink: /home/utilizador/charmie_ws/install/charmie_interfaces/include/charmie_interfaces/msg/obstacles.h
-- Up-to-date symlink: /home/utilizador/charmie_ws/install/charmie_interfaces/include/charmie_interfaces/msg/ps4_controller.h
-- Up-to-date symlink: /home/utilizador/charmie_ws/install/charmie_interfaces/include/charmie_interfaces/msg/robot_speech.h
-- Up-to-date symlink: /home/utilizador/charmie_ws/install/charmie_interfaces/include/charmie_interfaces/msg/rosidl_generator_c__visibility_control.h
-- Up-to-date symlink: /home/utilizador/charmie_ws/install/charmie_interfaces/include/charmie_interfaces/msg/speech_type.h
-- Up-to-date symlink: /home/utilizador/charmie_ws/install/charmie_interfaces/include/charmie_interfaces/msg/tar_nav_sdnl.h
-- Up-to-date symlink: /home/utilizador/charmie_ws/install/charmie_interfaces/include/charmie_interfaces/msg/yolov8_pose.h
-- Up-to-date symlink: /home/utilizador/charmie_ws/install/charmie_interfaces/include/charmie_interfaces/msg/yolov8_pose_array.h
-- Up-to-date symlink: /home/utilizador/charmie_ws/install/charmie_interfaces/share/charmie_interfaces/environment/library_path.sh
-- Up-to-date symlink: /home/utilizador/charmie_ws/install/charmie_interfaces/share/charmie_interfaces/environment/library_path.dsv
-- Up-to-date symlink: /home/utilizador/charmie_ws/install/charmie_interfaces/include/charmie_interfaces/msg/detail/encoders__rosidl_typesupport_fastrtps_c.h
-- Up-to-date symlink: /home/utilizador/charmie_ws/install/charmie_interfaces/include/charmie_interfaces/msg/detail/example_tr__rosidl_typesupport_fastrtps_c.h
-- Up-to-date symlink: /home/utilizador/charmie_ws/install/charmie_interfaces/include/charmie_interfaces/msg/detail/keypoints__rosidl_typesupport_fastrtps_c.h
-- Up-to-date symlink: /home/utilizador/charmie_ws/install/charmie_interfaces/include/charmie_interfaces/msg/detail/multi_objects__rosidl_typesupport_fastrtps_c.h
-- Up-to-date symlink: /home/utilizador/charmie_ws/install/charmie_interfaces/include/charmie_interfaces/msg/detail/obstacle_info__rosidl_typesupport_fastrtps_c.h
-- Up-to-date symlink: /home/utilizador/charmie_ws/install/charmie_interfaces/include/charmie_interfaces/msg/detail/obstacles__rosidl_typesupport_fastrtps_c.h
-- Up-to-date symlink: /home/utilizador/charmie_ws/install/charmie_interfaces/include/charmie_interfaces/msg/detail/ps4_controller__rosidl_typesupport_fastrtps_c.h
-- Up-to-date symlink: /home/utilizador/charmie_ws/install/charmie_interfaces/include/charmie_interfaces/msg/detail/robot_speech__rosidl_typesupport_fastrtps_c.h
-- Up-to-date symlink: /home/utilizador/charmie_ws/install/charmie_interfaces/include/charmie_interfaces/msg/detail/speech_type__rosidl_typesupport_fastrtps_c.h
-- Up-to-date symlink: /home/utilizador/charmie_ws/install/charmie_interfaces/include/charmie_interfaces/msg/detail/tar_nav_sdnl__rosidl_typesupport_fastrtps_c.h
-- Up-to-date symlink: /home/utilizador/charmie_ws/install/charmie_interfaces/include/charmie_interfaces/msg/detail/yolov8_pose__rosidl_typesupport_fastrtps_c.h
-- Up-to-date symlink: /home/utilizador/charmie_ws/install/charmie_interfaces/include/charmie_interfaces/msg/detail/yolov8_pose_array__rosidl_typesupport_fastrtps_c.h
-- Up-to-date symlink: /home/utilizador/charmie_ws/install/charmie_interfaces/include/charmie_interfaces/msg/rosidl_typesupport_fastrtps_c__visibility_control.h
-- Up-to-date symlink: /home/utilizador/charmie_ws/install/charmie_interfaces/lib/libcharmie_interfaces__rosidl_typesupport_fastrtps_c.so
-- Up-to-date symlink: /home/utilizador/charmie_ws/install/charmie_interfaces/include/charmie_interfaces/msg/detail/encoders__rosidl_typesupport_fastrtps_cpp.hpp
-- Up-to-date symlink: /home/utilizador/charmie_ws/install/charmie_interfaces/include/charmie_interfaces/msg/detail/example_tr__rosidl_typesupport_fastrtps_cpp.hpp
-- Up-to-date symlink: /home/utilizador/charmie_ws/install/charmie_interfaces/include/charmie_interfaces/msg/detail/keypoints__rosidl_typesupport_fastrtps_cpp.hpp
-- Up-to-date symlink: /home/utilizador/charmie_ws/install/charmie_interfaces/include/charmie_interfaces/msg/detail/multi_objects__rosidl_typesupport_fastrtps_cpp.hpp
-- Up-to-date symlink: /home/utilizador/charmie_ws/install/charmie_interfaces/include/charmie_interfaces/msg/detail/obstacle_info__rosidl_typesupport_fastrtps_cpp.hpp
-- Up-to-date symlink: /home/utilizador/charmie_ws/install/charmie_interfaces/include/charmie_interfaces/msg/detail/obstacles__rosidl_typesupport_fastrtps_cpp.hpp
-- Up-to-date symlink: /home/utilizador/charmie_ws/install/charmie_interfaces/include/charmie_interfaces/msg/detail/ps4_controller__rosidl_typesupport_fastrtps_cpp.hpp
-- Up-to-date symlink: /home/utilizador/charmie_ws/install/charmie_interfaces/include/charmie_interfaces/msg/detail/robot_speech__rosidl_typesupport_fastrtps_cpp.hpp
-- Up-to-date symlink: /home/utilizador/charmie_ws/install/charmie_interfaces/include/charmie_interfaces/msg/detail/speech_type__rosidl_typesupport_fastrtps_cpp.hpp
-- Up-to-date symlink: /home/utilizador/charmie_ws/install/charmie_interfaces/include/charmie_interfaces/msg/detail/tar_nav_sdnl__rosidl_typesupport_fastrtps_cpp.hpp
-- Up-to-date symlink: /home/utilizador/charmie_ws/install/charmie_interfaces/include/charmie_interfaces/msg/detail/yolov8_pose__rosidl_typesupport_fastrtps_cpp.hpp
-- Up-to-date symlink: /home/utilizador/charmie_ws/install/charmie_interfaces/include/charmie_interfaces/msg/detail/yolov8_pose_array__rosidl_typesupport_fastrtps_cpp.hpp
-- Up-to-date symlink: /home/utilizador/charmie_ws/install/charmie_interfaces/include/charmie_interfaces/msg/rosidl_typesupport_fastrtps_cpp__visibility_control.h
-- Up-to-date symlink: /home/utilizador/charmie_ws/install/charmie_interfaces/lib/libcharmie_interfaces__rosidl_typesupport_fastrtps_cpp.so
-- Up-to-date symlink: /home/utilizador/charmie_ws/install/charmie_interfaces/include/charmie_interfaces/msg/detail/encoders__rosidl_typesupport_introspection_c.h
-- Up-to-date symlink: /home/utilizador/charmie_ws/install/charmie_interfaces/include/charmie_interfaces/msg/detail/example_tr__rosidl_typesupport_introspection_c.h
-- Up-to-date symlink: /home/utilizador/charmie_ws/install/charmie_interfaces/include/charmie_interfaces/msg/detail/keypoints__rosidl_typesupport_introspection_c.h
-- Up-to-date symlink: /home/utilizador/charmie_ws/install/charmie_interfaces/include/charmie_interfaces/msg/detail/multi_objects__rosidl_typesupport_introspection_c.h
-- Up-to-date symlink: /home/utilizador/charmie_ws/install/charmie_interfaces/include/charmie_interfaces/msg/detail/obstacle_info__rosidl_typesupport_introspection_c.h
-- Up-to-date symlink: /home/utilizador/charmie_ws/install/charmie_interfaces/include/charmie_interfaces/msg/detail/obstacles__rosidl_typesupport_introspection_c.h
-- Up-to-date symlink: /home/utilizador/charmie_ws/install/charmie_interfaces/include/charmie_interfaces/msg/detail/ps4_controller__rosidl_typesupport_introspection_c.h
-- Up-to-date symlink: /home/utilizador/charmie_ws/install/charmie_interfaces/include/charmie_interfaces/msg/detail/robot_speech__rosidl_typesupport_introspection_c.h
-- Up-to-date symlink: /home/utilizador/charmie_ws/install/charmie_interfaces/include/charmie_interfaces/msg/detail/speech_type__rosidl_typesupport_introspection_c.h
-- Up-to-date symlink: /home/utilizador/charmie_ws/install/charmie_interfaces/include/charmie_interfaces/msg/detail/tar_nav_sdnl__rosidl_typesupport_introspection_c.h
-- Up-to-date symlink: /home/utilizador/charmie_ws/install/charmie_interfaces/include/charmie_interfaces/msg/detail/yolov8_pose__rosidl_typesupport_introspection_c.h
-- Up-to-date symlink: /home/utilizador/charmie_ws/install/charmie_interfaces/include/charmie_interfaces/msg/detail/yolov8_pose_array__rosidl_typesupport_introspection_c.h
-- Up-to-date symlink: /home/utilizador/charmie_ws/install/charmie_interfaces/include/charmie_interfaces/msg/rosidl_typesupport_introspection_c__visibility_control.h
-- Up-to-date symlink: /home/utilizador/charmie_ws/install/charmie_interfaces/include/charmie_interfaces/msg/detail/encoders__builder.hpp
-- Up-to-date symlink: /home/utilizador/charmie_ws/install/charmie_interfaces/include/charmie_interfaces/msg/detail/encoders__struct.hpp
-- Up-to-date symlink: /home/utilizador/charmie_ws/install/charmie_interfaces/include/charmie_interfaces/msg/detail/encoders__traits.hpp
-- Up-to-date symlink: /home/utilizador/charmie_ws/install/charmie_interfaces/include/charmie_interfaces/msg/detail/encoders__type_support.hpp
-- Up-to-date symlink: /home/utilizador/charmie_ws/install/charmie_interfaces/include/charmie_interfaces/msg/detail/example_tr__builder.hpp
-- Up-to-date symlink: /home/utilizador/charmie_ws/install/charmie_interfaces/include/charmie_interfaces/msg/detail/example_tr__struct.hpp
-- Up-to-date symlink: /home/utilizador/charmie_ws/install/charmie_interfaces/include/charmie_interfaces/msg/detail/example_tr__traits.hpp
-- Up-to-date symlink: /home/utilizador/charmie_ws/install/charmie_interfaces/include/charmie_interfaces/msg/detail/example_tr__type_support.hpp
-- Up-to-date symlink: /home/utilizador/charmie_ws/install/charmie_interfaces/include/charmie_interfaces/msg/detail/keypoints__builder.hpp
-- Up-to-date symlink: /home/utilizador/charmie_ws/install/charmie_interfaces/include/charmie_interfaces/msg/detail/keypoints__struct.hpp
-- Up-to-date symlink: /home/utilizador/charmie_ws/install/charmie_interfaces/include/charmie_interfaces/msg/detail/keypoints__traits.hpp
-- Up-to-date symlink: /home/utilizador/charmie_ws/install/charmie_interfaces/include/charmie_interfaces/msg/detail/keypoints__type_support.hpp
-- Up-to-date symlink: /home/utilizador/charmie_ws/install/charmie_interfaces/include/charmie_interfaces/msg/detail/multi_objects__builder.hpp
-- Up-to-date symlink: /home/utilizador/charmie_ws/install/charmie_interfaces/include/charmie_interfaces/msg/detail/multi_objects__struct.hpp
-- Up-to-date symlink: /home/utilizador/charmie_ws/install/charmie_interfaces/include/charmie_interfaces/msg/detail/multi_objects__traits.hpp
-- Up-to-date symlink: /home/utilizador/charmie_ws/install/charmie_interfaces/include/charmie_interfaces/msg/detail/multi_objects__type_support.hpp
-- Up-to-date symlink: /home/utilizador/charmie_ws/install/charmie_interfaces/include/charmie_interfaces/msg/detail/obstacle_info__builder.hpp
-- Up-to-date symlink: /home/utilizador/charmie_ws/install/charmie_interfaces/include/charmie_interfaces/msg/detail/obstacle_info__struct.hpp
-- Up-to-date symlink: /home/utilizador/charmie_ws/install/charmie_interfaces/include/charmie_interfaces/msg/detail/obstacle_info__traits.hpp
-- Up-to-date symlink: /home/utilizador/charmie_ws/install/charmie_interfaces/include/charmie_interfaces/msg/detail/obstacle_info__type_support.hpp
-- Up-to-date symlink: /home/utilizador/charmie_ws/install/charmie_interfaces/include/charmie_interfaces/msg/detail/obstacles__builder.hpp
-- Up-to-date symlink: /home/utilizador/charmie_ws/install/charmie_interfaces/include/charmie_interfaces/msg/detail/obstacles__struct.hpp
-- Up-to-date symlink: /home/utilizador/charmie_ws/install/charmie_interfaces/include/charmie_interfaces/msg/detail/obstacles__traits.hpp
-- Up-to-date symlink: /home/utilizador/charmie_ws/install/charmie_interfaces/include/charmie_interfaces/msg/detail/obstacles__type_support.hpp
-- Up-to-date symlink: /home/utilizador/charmie_ws/install/charmie_interfaces/include/charmie_interfaces/msg/detail/ps4_controller__builder.hpp
-- Up-to-date symlink: /home/utilizador/charmie_ws/install/charmie_interfaces/include/charmie_interfaces/msg/detail/ps4_controller__struct.hpp
-- Up-to-date symlink: /home/utilizador/charmie_ws/install/charmie_interfaces/include/charmie_interfaces/msg/detail/ps4_controller__traits.hpp
-- Up-to-date symlink: /home/utilizador/charmie_ws/install/charmie_interfaces/include/charmie_interfaces/msg/detail/ps4_controller__type_support.hpp
-- Up-to-date symlink: /home/utilizador/charmie_ws/install/charmie_interfaces/include/charmie_interfaces/msg/detail/robot_speech__builder.hpp
-- Up-to-date symlink: /home/utilizador/charmie_ws/install/charmie_interfaces/include/charmie_interfaces/msg/detail/robot_speech__struct.hpp
-- Up-to-date symlink: /home/utilizador/charmie_ws/install/charmie_interfaces/include/charmie_interfaces/msg/detail/robot_speech__traits.hpp
-- Up-to-date symlink: /home/utilizador/charmie_ws/install/charmie_interfaces/include/charmie_interfaces/msg/detail/robot_speech__type_support.hpp
-- Up-to-date symlink: /home/utilizador/charmie_ws/install/charmie_interfaces/include/charmie_interfaces/msg/detail/speech_type__builder.hpp
-- Up-to-date symlink: /home/utilizador/charmie_ws/install/charmie_interfaces/include/charmie_interfaces/msg/detail/speech_type__struct.hpp
-- Up-to-date symlink: /home/utilizador/charmie_ws/install/charmie_interfaces/include/charmie_interfaces/msg/detail/speech_type__traits.hpp
-- Up-to-date symlink: /home/utilizador/charmie_ws/install/charmie_interfaces/include/charmie_interfaces/msg/detail/speech_type__type_support.hpp
-- Up-to-date symlink: /home/utilizador/charmie_ws/install/charmie_interfaces/include/charmie_interfaces/msg/detail/tar_nav_sdnl__builder.hpp
-- Up-to-date symlink: /home/utilizador/charmie_ws/install/charmie_interfaces/include/charmie_interfaces/msg/detail/tar_nav_sdnl__struct.hpp
-- Up-to-date symlink: /home/utilizador/charmie_ws/install/charmie_interfaces/include/charmie_interfaces/msg/detail/tar_nav_sdnl__traits.hpp
-- Up-to-date symlink: /home/utilizador/charmie_ws/install/charmie_interfaces/include/charmie_interfaces/msg/detail/tar_nav_sdnl__type_support.hpp
-- Up-to-date symlink: /home/utilizador/charmie_ws/install/charmie_interfaces/include/charmie_interfaces/msg/detail/yolov8_pose__builder.hpp
-- Up-to-date symlink: /home/utilizador/charmie_ws/install/charmie_interfaces/include/charmie_interfaces/msg/detail/yolov8_pose__struct.hpp
-- Up-to-date symlink: /home/utilizador/charmie_ws/install/charmie_interfaces/include/charmie_interfaces/msg/detail/yolov8_pose__traits.hpp
-- Up-to-date symlink: /home/utilizador/charmie_ws/install/charmie_interfaces/include/charmie_interfaces/msg/detail/yolov8_pose__type_support.hpp
-- Up-to-date symlink: /home/utilizador/charmie_ws/install/charmie_interfaces/include/charmie_interfaces/msg/detail/yolov8_pose_array__builder.hpp
-- Up-to-date symlink: /home/utilizador/charmie_ws/install/charmie_interfaces/include/charmie_interfaces/msg/detail/yolov8_pose_array__struct.hpp
-- Up-to-date symlink: /home/utilizador/charmie_ws/install/charmie_interfaces/include/charmie_interfaces/msg/detail/yolov8_pose_array__traits.hpp
-- Up-to-date symlink: /home/utilizador/charmie_ws/install/charmie_interfaces/include/charmie_interfaces/msg/detail/yolov8_pose_array__type_support.hpp
-- Up-to-date symlink: /home/utilizador/charmie_ws/install/charmie_interfaces/include/charmie_interfaces/msg/encoders.hpp
-- Up-to-date symlink: /home/utilizador/charmie_ws/install/charmie_interfaces/include/charmie_interfaces/msg/example_tr.hpp
-- Up-to-date symlink: /home/utilizador/charmie_ws/install/charmie_interfaces/include/charmie_interfaces/msg/keypoints.hpp
-- Up-to-date symlink: /home/utilizador/charmie_ws/install/charmie_interfaces/include/charmie_interfaces/msg/multi_objects.hpp
-- Up-to-date symlink: /home/utilizador/charmie_ws/install/charmie_interfaces/include/charmie_interfaces/msg/obstacle_info.hpp
-- Up-to-date symlink: /home/utilizador/charmie_ws/install/charmie_interfaces/include/charmie_interfaces/msg/obstacles.hpp
-- Up-to-date symlink: /home/utilizador/charmie_ws/install/charmie_interfaces/include/charmie_interfaces/msg/ps4_controller.hpp
-- Up-to-date symlink: /home/utilizador/charmie_ws/install/charmie_interfaces/include/charmie_interfaces/msg/robot_speech.hpp
-- Up-to-date symlink: /home/utilizador/charmie_ws/install/charmie_interfaces/include/charmie_interfaces/msg/rosidl_generator_cpp__visibility_control.hpp
-- Up-to-date symlink: /home/utilizador/charmie_ws/install/charmie_interfaces/include/charmie_interfaces/msg/speech_type.hpp
-- Up-to-date symlink: /home/utilizador/charmie_ws/install/charmie_interfaces/include/charmie_interfaces/msg/tar_nav_sdnl.hpp
-- Up-to-date symlink: /home/utilizador/charmie_ws/install/charmie_interfaces/include/charmie_interfaces/msg/yolov8_pose.hpp
-- Up-to-date symlink: /home/utilizador/charmie_ws/install/charmie_interfaces/include/charmie_interfaces/msg/yolov8_pose_array.hpp
-- Up-to-date symlink: /home/utilizador/charmie_ws/install/charmie_interfaces/include/charmie_interfaces/msg/detail/encoders__rosidl_typesupport_introspection_cpp.hpp
-- Up-to-date symlink: /home/utilizador/charmie_ws/install/charmie_interfaces/include/charmie_interfaces/msg/detail/example_tr__rosidl_typesupport_introspection_cpp.hpp
-- Up-to-date symlink: /home/utilizador/charmie_ws/install/charmie_interfaces/include/charmie_interfaces/msg/detail/keypoints__rosidl_typesupport_introspection_cpp.hpp
-- Up-to-date symlink: /home/utilizador/charmie_ws/install/charmie_interfaces/include/charmie_interfaces/msg/detail/multi_objects__rosidl_typesupport_introspection_cpp.hpp
-- Up-to-date symlink: /home/utilizador/charmie_ws/install/charmie_interfaces/include/charmie_interfaces/msg/detail/obstacle_info__rosidl_typesupport_introspection_cpp.hpp
-- Up-to-date symlink: /home/utilizador/charmie_ws/install/charmie_interfaces/include/charmie_interfaces/msg/detail/obstacles__rosidl_typesupport_introspection_cpp.hpp
-- Up-to-date symlink: /home/utilizador/charmie_ws/install/charmie_interfaces/include/charmie_interfaces/msg/detail/ps4_controller__rosidl_typesupport_introspection_cpp.hpp
-- Up-to-date symlink: /home/utilizador/charmie_ws/install/charmie_interfaces/include/charmie_interfaces/msg/detail/robot_speech__rosidl_typesupport_introspection_cpp.hpp
-- Up-to-date symlink: /home/utilizador/charmie_ws/install/charmie_interfaces/include/charmie_interfaces/msg/detail/speech_type__rosidl_typesupport_introspection_cpp.hpp
-- Up-to-date symlink: /home/utilizador/charmie_ws/install/charmie_interfaces/include/charmie_interfaces/msg/detail/tar_nav_sdnl__rosidl_typesupport_introspection_cpp.hpp
-- Up-to-date symlink: /home/utilizador/charmie_ws/install/charmie_interfaces/include/charmie_interfaces/msg/detail/yolov8_pose__rosidl_typesupport_introspection_cpp.hpp
-- Up-to-date symlink: /home/utilizador/charmie_ws/install/charmie_interfaces/include/charmie_interfaces/msg/detail/yolov8_pose_array__rosidl_typesupport_introspection_cpp.hpp
-- Up-to-date symlink: /home/utilizador/charmie_ws/install/charmie_interfaces/share/charmie_interfaces/environment/pythonpath.sh
-- Up-to-date symlink: /home/utilizador/charmie_ws/install/charmie_interfaces/share/charmie_interfaces/environment/pythonpath.dsv
-- Up-to-date symlink: /home/utilizador/charmie_ws/install/charmie_interfaces/lib/python3.8/site-packages/charmie_interfaces/__init__.py
-- Up-to-date symlink: /home/utilizador/charmie_ws/install/charmie_interfaces/lib/python3.8/site-packages/charmie_interfaces/msg/__init__.py
-- Up-to-date symlink: /home/utilizador/charmie_ws/install/charmie_interfaces/lib/python3.8/site-packages/charmie_interfaces/msg/_encoders.py
-- Up-to-date symlink: /home/utilizador/charmie_ws/install/charmie_interfaces/lib/python3.8/site-packages/charmie_interfaces/msg/_example_tr.py
-- Up-to-date symlink: /home/utilizador/charmie_ws/install/charmie_interfaces/lib/python3.8/site-packages/charmie_interfaces/msg/_keypoints.py
-- Up-to-date symlink: /home/utilizador/charmie_ws/install/charmie_interfaces/lib/python3.8/site-packages/charmie_interfaces/msg/_multi_objects.py
-- Up-to-date symlink: /home/utilizador/charmie_ws/install/charmie_interfaces/lib/python3.8/site-packages/charmie_interfaces/msg/_obstacle_info.py
-- Up-to-date symlink: /home/utilizador/charmie_ws/install/charmie_interfaces/lib/python3.8/site-packages/charmie_interfaces/msg/_obstacles.py
-- Up-to-date symlink: /home/utilizador/charmie_ws/install/charmie_interfaces/lib/python3.8/site-packages/charmie_interfaces/msg/_ps4_controller.py
-- Up-to-date symlink: /home/utilizador/charmie_ws/install/charmie_interfaces/lib/python3.8/site-packages/charmie_interfaces/msg/_robot_speech.py
-- Up-to-date symlink: /home/utilizador/charmie_ws/install/charmie_interfaces/lib/python3.8/site-packages/charmie_interfaces/msg/_speech_type.py
-- Up-to-date symlink: /home/utilizador/charmie_ws/install/charmie_interfaces/lib/python3.8/site-packages/charmie_interfaces/msg/_tar_nav_sdnl.py
-- Up-to-date symlink: /home/utilizador/charmie_ws/install/charmie_interfaces/lib/python3.8/site-packages/charmie_interfaces/msg/_yolov8_pose.py
-- Up-to-date symlink: /home/utilizador/charmie_ws/install/charmie_interfaces/lib/python3.8/site-packages/charmie_interfaces/msg/_yolov8_pose_array.py
-- Up-to-date symlink: /home/utilizador/charmie_ws/install/charmie_interfaces/lib/python3.8/site-packages/charmie_interfaces/charmie_interfaces_s__rosidl_typesupport_fastrtps_c.cpython-38-x86_64-linux-gnu.so
-- Up-to-date symlink: /home/utilizador/charmie_ws/install/charmie_interfaces/lib/python3.8/site-packages/charmie_interfaces/charmie_interfaces_s__rosidl_typesupport_introspection_c.cpython-38-x86_64-linux-gnu.so
-- Up-to-date symlink: /home/utilizador/charmie_ws/install/charmie_interfaces/lib/python3.8/site-packages/charmie_interfaces/charmie_interfaces_s__rosidl_typesupport_c.cpython-38-x86_64-linux-gnu.so
-- Up-to-date symlink: /home/utilizador/charmie_ws/install/charmie_interfaces/lib/libcharmie_interfaces__python.so
-- Up-to-date symlink: /home/utilizador/charmie_ws/install/charmie_interfaces/share/charmie_interfaces/msg/Encoders.idl
-- Up-to-date symlink: /home/utilizador/charmie_ws/install/charmie_interfaces/share/charmie_interfaces/msg/ExampleTR.idl
-- Up-to-date symlink: /home/utilizador/charmie_ws/install/charmie_interfaces/share/charmie_interfaces/msg/Keypoints.idl
-- Up-to-date symlink: /home/utilizador/charmie_ws/install/charmie_interfaces/share/charmie_interfaces/msg/MultiObjects.idl
-- Up-to-date symlink: /home/utilizador/charmie_ws/install/charmie_interfaces/share/charmie_interfaces/msg/ObstacleInfo.idl
-- Up-to-date symlink: /home/utilizador/charmie_ws/install/charmie_interfaces/share/charmie_interfaces/msg/Obstacles.idl
-- Up-to-date symlink: /home/utilizador/charmie_ws/install/charmie_interfaces/share/charmie_interfaces/msg/PS4Controller.idl
-- Up-to-date symlink: /home/utilizador/charmie_ws/install/charmie_interfaces/share/charmie_interfaces/msg/RobotSpeech.idl
-- Up-to-date symlink: /home/utilizador/charmie_ws/install/charmie_interfaces/share/charmie_interfaces/msg/SpeechType.idl
-- Up-to-date symlink: /home/utilizador/charmie_ws/install/charmie_interfaces/share/charmie_interfaces/msg/TarNavSDNL.idl
-- Up-to-date symlink: /home/utilizador/charmie_ws/install/charmie_interfaces/share/charmie_interfaces/msg/Yolov8Pose.idl
-- Up-to-date symlink: /home/utilizador/charmie_ws/install/charmie_interfaces/share/charmie_interfaces/msg/Yolov8PoseArray.idl
-- Up-to-date symlink: /home/utilizador/charmie_ws/install/charmie_interfaces/share/charmie_interfaces/msg/Encoders.msg
-- Up-to-date symlink: /home/utilizador/charmie_ws/install/charmie_interfaces/share/charmie_interfaces/msg/ExampleTR.msg
-- Up-to-date symlink: /home/utilizador/charmie_ws/install/charmie_interfaces/share/charmie_interfaces/msg/Keypoints.msg
-- Up-to-date symlink: /home/utilizador/charmie_ws/install/charmie_interfaces/share/charmie_interfaces/msg/MultiObjects.msg
-- Up-to-date symlink: /home/utilizador/charmie_ws/install/charmie_interfaces/share/charmie_interfaces/msg/ObstacleInfo.msg
-- Up-to-date symlink: /home/utilizador/charmie_ws/install/charmie_interfaces/share/charmie_interfaces/msg/Obstacles.msg
-- Up-to-date symlink: /home/utilizador/charmie_ws/install/charmie_interfaces/share/charmie_interfaces/msg/PS4Controller.msg
-- Up-to-date symlink: /home/utilizador/charmie_ws/install/charmie_interfaces/share/charmie_interfaces/msg/RobotSpeech.msg
-- Up-to-date symlink: /home/utilizador/charmie_ws/install/charmie_interfaces/share/charmie_interfaces/msg/SpeechType.msg
-- Up-to-date symlink: /home/utilizador/charmie_ws/install/charmie_interfaces/share/charmie_interfaces/msg/TarNavSDNL.msg
-- Up-to-date symlink: /home/utilizador/charmie_ws/install/charmie_interfaces/share/charmie_interfaces/msg/Yolov8Pose.msg
-- Up-to-date symlink: /home/utilizador/charmie_ws/install/charmie_interfaces/share/charmie_interfaces/msg/Yolov8PoseArray.msg
-- Up-to-date symlink: /home/utilizador/charmie_ws/install/charmie_interfaces/share/ament_index/resource_index/package_run_dependencies/charmie_interfaces
-- Up-to-date symlink: /home/utilizador/charmie_ws/install/charmie_interfaces/share/ament_index/resource_index/parent_prefix_path/charmie_interfaces
-- Up-to-date symlink: /home/utilizador/charmie_ws/install/charmie_interfaces/share/charmie_interfaces/environment/ament_prefix_path.sh
-- Up-to-date symlink: /home/utilizador/charmie_ws/install/charmie_interfaces/share/charmie_interfaces/environment/ament_prefix_path.dsv
-- Up-to-date symlink: /home/utilizador/charmie_ws/install/charmie_interfaces/share/charmie_interfaces/environment/path.sh
-- Up-to-date symlink: /home/utilizador/charmie_ws/install/charmie_interfaces/share/charmie_interfaces/environment/path.dsv
-- Up-to-date symlink: /home/utilizador/charmie_ws/install/charmie_interfaces/share/charmie_interfaces/local_setup.bash
-- Up-to-date symlink: /home/utilizador/charmie_ws/install/charmie_interfaces/share/charmie_interfaces/local_setup.sh
-- Up-to-date symlink: /home/utilizador/charmie_ws/install/charmie_interfaces/share/charmie_interfaces/local_setup.zsh
-- Up-to-date symlink: /home/utilizador/charmie_ws/install/charmie_interfaces/share/charmie_interfaces/local_setup.dsv
-- Symlinking: /home/utilizador/charmie_ws/install/charmie_interfaces/share/charmie_interfaces/package.dsv
-- Up-to-date symlink: /home/utilizador/charmie_ws/install/charmie_interfaces/share/ament_index/resource_index/packages/charmie_interfaces
-- Up-to-date symlink: /home/utilizador/charmie_ws/install/charmie_interfaces/share/charmie_interfaces/cmake/rosidl_cmake-extras.cmake
-- Up-to-date symlink: /home/utilizador/charmie_ws/install/charmie_interfaces/share/charmie_interfaces/cmake/ament_cmake_export_dependencies-extras.cmake
-- Up-to-date symlink: /home/utilizador/charmie_ws/install/charmie_interfaces/share/charmie_interfaces/cmake/ament_cmake_export_libraries-extras.cmake
-- Up-to-date symlink: /home/utilizador/charmie_ws/install/charmie_interfaces/share/charmie_interfaces/cmake/ament_cmake_export_targets-extras.cmake
-- Up-to-date symlink: /home/utilizador/charmie_ws/install/charmie_interfaces/share/charmie_interfaces/cmake/ament_cmake_export_include_directories-extras.cmake
-- Up-to-date symlink: /home/utilizador/charmie_ws/install/charmie_interfaces/share/charmie_interfaces/cmake/rosidl_cmake_export_typesupport_libraries-extras.cmake
-- Up-to-date symlink: /home/utilizador/charmie_ws/install/charmie_interfaces/share/charmie_interfaces/cmake/rosidl_cmake_export_typesupport_targets-extras.cmake
-- Up-to-date symlink: /home/utilizador/charmie_ws/install/charmie_interfaces/share/charmie_interfaces/cmake/charmie_interfacesConfig.cmake
-- Up-to-date symlink: /home/utilizador/charmie_ws/install/charmie_interfaces/share/charmie_interfaces/cmake/charmie_interfacesConfig-version.cmake
-- Up-to-date symlink: /home/utilizador/charmie_ws/install/charmie_interfaces/share/charmie_interfaces/package.xml
-- Up-to-date: /home/utilizador/charmie_ws/install/charmie_interfaces/lib/libcharmie_interfaces__rosidl_generator_c.so
-- Up-to-date: /home/utilizador/charmie_ws/install/charmie_interfaces/lib/libcharmie_interfaces__rosidl_typesupport_introspection_c.so
-- Up-to-date: /home/utilizador/charmie_ws/install/charmie_interfaces/lib/libcharmie_interfaces__rosidl_typesupport_c.so
-- Up-to-date: /home/utilizador/charmie_ws/install/charmie_interfaces/lib/libcharmie_interfaces__rosidl_typesupport_introspection_cpp.so
-- Up-to-date: /home/utilizador/charmie_ws/install/charmie_interfaces/lib/libcharmie_interfaces__rosidl_typesupport_cpp.so
Compiling '/home/utilizador/charmie_ws/install/charmie_interfaces/lib/python3.8/site-packages/charmie_interfaces/__init__.py'...
-- Up-to-date: /home/utilizador/charmie_ws/install/charmie_interfaces/share/charmie_interfaces/cmake/charmie_interfaces__rosidl_generator_cExport.cmake
-- Up-to-date: /home/utilizador/charmie_ws/install/charmie_interfaces/share/charmie_interfaces/cmake/charmie_interfaces__rosidl_generator_cExport-noconfig.cmake
-- Up-to-date: /home/utilizador/charmie_ws/install/charmie_interfaces/share/charmie_interfaces/cmake/charmie_interfaces__rosidl_typesupport_introspection_cExport.cmake
-- Up-to-date: /home/utilizador/charmie_ws/install/charmie_interfaces/share/charmie_interfaces/cmake/charmie_interfaces__rosidl_typesupport_introspection_cExport-noconfig.cmake
-- Up-to-date: /home/utilizador/charmie_ws/install/charmie_interfaces/share/charmie_interfaces/cmake/charmie_interfaces__rosidl_typesupport_cExport.cmake
-- Up-to-date: /home/utilizador/charmie_ws/install/charmie_interfaces/share/charmie_interfaces/cmake/charmie_interfaces__rosidl_typesupport_cExport-noconfig.cmake
-- Up-to-date: /home/utilizador/charmie_ws/install/charmie_interfaces/share/charmie_interfaces/cmake/charmie_interfaces__rosidl_generator_cppExport.cmake
-- Up-to-date: /home/utilizador/charmie_ws/install/charmie_interfaces/share/charmie_interfaces/cmake/charmie_interfaces__rosidl_typesupport_introspection_cppExport.cmake
-- Up-to-date: /home/utilizador/charmie_ws/install/charmie_interfaces/share/charmie_interfaces/cmake/charmie_interfaces__rosidl_typesupport_introspection_cppExport-noconfig.cmake
-- Up-to-date: /home/utilizador/charmie_ws/install/charmie_interfaces/share/charmie_interfaces/cmake/charmie_interfaces__rosidl_typesupport_cppExport.cmake
-- Up-to-date: /home/utilizador/charmie_ws/install/charmie_interfaces/share/charmie_interfaces/cmake/charmie_interfaces__rosidl_typesupport_cppExport-noconfig.cmake
