[0.062s] Invoking command in '/home/utilizador/charmie_ws/build/charmie_bot': CMAKE_PREFIX_PATH=/opt/ros/foxy /usr/bin/cmake --build /home/utilizador/charmie_ws/build/charmie_bot -- -j8 -l8
[1.124s] Invoked command in '/home/utilizador/charmie_ws/build/charmie_bot' returned '0': CMAKE_PREFIX_PATH=/opt/ros/foxy /usr/bin/cmake --build /home/utilizador/charmie_ws/build/charmie_bot -- -j8 -l8
[1.163s] Invoking command in '/home/utilizador/charmie_ws/build/charmie_bot': CMAKE_PREFIX_PATH=/opt/ros/foxy /usr/bin/cmake --install /home/utilizador/charmie_ws/build/charmie_bot
[1.177s] -- Install configuration: ""
[1.178s] -- Up-to-date: /home/utilizador/charmie_ws/install/charmie_bot/share/charmie_bot/config
[1.178s] -- Up-to-date: /home/utilizador/charmie_ws/install/charmie_bot/share/charmie_bot/config/twist_mux.yaml
[1.179s] -- Up-to-date: /home/utilizador/charmie_ws/install/charmie_bot/share/charmie_bot/config/joystick.yaml
[1.179s] -- Up-to-date: /home/utilizador/charmie_ws/install/charmie_bot/share/charmie_bot/config/view_bot.rviz
[1.179s] -- Up-to-date: /home/utilizador/charmie_ws/install/charmie_bot/share/charmie_bot/config/mapper_params_online_async.yaml
[1.179s] -- Up-to-date: /home/utilizador/charmie_ws/install/charmie_bot/share/charmie_bot/config/controller_config.yaml
[1.180s] -- Up-to-date: /home/utilizador/charmie_ws/install/charmie_bot/share/charmie_bot/config/empty.yaml
[1.180s] -- Up-to-date: /home/utilizador/charmie_ws/install/charmie_bot/share/charmie_bot/description
[1.180s] -- Up-to-date: /home/utilizador/charmie_ws/install/charmie_bot/share/charmie_bot/description/depth_camera.xacro
[1.181s] -- Up-to-date: /home/utilizador/charmie_ws/install/charmie_bot/share/charmie_bot/description/robot_wheels.xacro
[1.181s] -- Up-to-date: /home/utilizador/charmie_ws/install/charmie_bot/share/charmie_bot/description/meshes
[1.182s] -- Up-to-date: /home/utilizador/charmie_ws/install/charmie_bot/share/charmie_bot/description/meshes/omni_wheel.stl
[1.182s] -- Up-to-date: /home/utilizador/charmie_ws/install/charmie_bot/share/charmie_bot/description/meshes/lidar.stl
[1.182s] -- Up-to-date: /home/utilizador/charmie_ws/install/charmie_bot/share/charmie_bot/description/inertial_macros.xacro
[1.182s] -- Up-to-date: /home/utilizador/charmie_ws/install/charmie_bot/share/charmie_bot/description/robot_core.xacro
[1.183s] -- Up-to-date: /home/utilizador/charmie_ws/install/charmie_bot/share/charmie_bot/description/ros2_control.xacro
[1.183s] -- Up-to-date: /home/utilizador/charmie_ws/install/charmie_bot/share/charmie_bot/description/gazebo_control.xacro
[1.183s] -- Up-to-date: /home/utilizador/charmie_ws/install/charmie_bot/share/charmie_bot/description/lidar.xacro
[1.183s] -- Up-to-date: /home/utilizador/charmie_ws/install/charmie_bot/share/charmie_bot/description/robot.urdf.xacro
[1.183s] -- Up-to-date: /home/utilizador/charmie_ws/install/charmie_bot/share/charmie_bot/launch
[1.183s] -- Up-to-date: /home/utilizador/charmie_ws/install/charmie_bot/share/charmie_bot/launch/joystick.launch.py
[1.184s] -- Up-to-date: /home/utilizador/charmie_ws/install/charmie_bot/share/charmie_bot/launch/rsp.launch.py
[1.184s] -- Up-to-date: /home/utilizador/charmie_ws/install/charmie_bot/share/charmie_bot/launch/launch_sim.launch.py
[1.184s] -- Up-to-date: /home/utilizador/charmie_ws/install/charmie_bot/share/charmie_bot/launch/launch_real.launch.py
[1.184s] -- Up-to-date: /home/utilizador/charmie_ws/install/charmie_bot/share/charmie_bot/worlds
[1.184s] -- Up-to-date: /home/utilizador/charmie_ws/install/charmie_bot/share/charmie_bot/worlds/lar_home.world
[1.185s] -- Up-to-date: /home/utilizador/charmie_ws/install/charmie_bot/share/charmie_bot/worlds/empty.world
[1.185s] -- Up-to-date: /home/utilizador/charmie_ws/install/charmie_bot/share/charmie_bot/worlds/robocup_objects.world
[1.185s] -- Up-to-date: /home/utilizador/charmie_ws/install/charmie_bot/share/charmie_bot/worlds/world_test.world
[1.186s] -- Up-to-date: /home/utilizador/charmie_ws/install/charmie_bot/share/charmie_bot/worlds/robocup_house.world
[1.187s] -- Up-to-date: /home/utilizador/charmie_ws/install/charmie_bot/share/ament_index/resource_index/package_run_dependencies/charmie_bot
[1.207s] -- Up-to-date: /home/utilizador/charmie_ws/install/charmie_bot/share/ament_index/resource_index/parent_prefix_path/charmie_bot
[1.208s] -- Up-to-date: /home/utilizador/charmie_ws/install/charmie_bot/share/charmie_bot/environment/ament_prefix_path.sh
[1.208s] -- Up-to-date: /home/utilizador/charmie_ws/install/charmie_bot/share/charmie_bot/environment/ament_prefix_path.dsv
[1.209s] -- Up-to-date: /home/utilizador/charmie_ws/install/charmie_bot/share/charmie_bot/environment/path.sh
[1.209s] -- Up-to-date: /home/utilizador/charmie_ws/install/charmie_bot/share/charmie_bot/environment/path.dsv
[1.209s] -- Up-to-date: /home/utilizador/charmie_ws/install/charmie_bot/share/charmie_bot/local_setup.bash
[1.209s] -- Up-to-date: /home/utilizador/charmie_ws/install/charmie_bot/share/charmie_bot/local_setup.sh
[1.209s] -- Up-to-date: /home/utilizador/charmie_ws/install/charmie_bot/share/charmie_bot/local_setup.zsh
[1.210s] -- Up-to-date: /home/utilizador/charmie_ws/install/charmie_bot/share/charmie_bot/local_setup.dsv
[1.210s] -- Up-to-date: /home/utilizador/charmie_ws/install/charmie_bot/share/charmie_bot/package.dsv
[1.210s] -- Up-to-date: /home/utilizador/charmie_ws/install/charmie_bot/share/ament_index/resource_index/packages/charmie_bot
[1.210s] -- Up-to-date: /home/utilizador/charmie_ws/install/charmie_bot/share/charmie_bot/cmake/charmie_botConfig.cmake
[1.210s] -- Up-to-date: /home/utilizador/charmie_ws/install/charmie_bot/share/charmie_bot/cmake/charmie_botConfig-version.cmake
[1.210s] -- Up-to-date: /home/utilizador/charmie_ws/install/charmie_bot/share/charmie_bot/package.xml
[1.211s] Invoked command in '/home/utilizador/charmie_ws/build/charmie_bot' returned '0': CMAKE_PREFIX_PATH=/opt/ros/foxy /usr/bin/cmake --install /home/utilizador/charmie_ws/build/charmie_bot
