[3.350s] Invoking command in '/home/utilizador/charmie_ws/build/charmie_yolo_objects': AMENT_PREFIX_PATH=/home/utilizador/charmie_ws/install/charmie_interfaces:${AMENT_PREFIX_PATH} CMAKE_PREFIX_PATH=/home/utilizador/charmie_ws/install/charmie_interfaces LD_LIBRARY_PATH=/home/utilizador/charmie_ws/install/charmie_interfaces/lib:${LD_LIBRARY_PATH} PYTHONPATH=/home/utilizador/charmie_ws/build/charmie_yolo_objects/prefix_override:/home/utilizador/charmie_ws/install/charmie_yolo_objects/lib/python3.8/site-packages:/home/utilizador/charmie_ws/install/charmie_interfaces/lib/python3.8/site-packages:${PYTHONPATH} /usr/bin/python3 setup.py develop --editable --build-directory /home/utilizador/charmie_ws/build/charmie_yolo_objects/build --no-deps install_data
[4.266s] running develop
[4.673s] running egg_info
[4.674s] creating charmie_yolo_objects.egg-info
[4.674s] writing charmie_yolo_objects.egg-info/PKG-INFO
[4.674s] writing dependency_links to charmie_yolo_objects.egg-info/dependency_links.txt
[4.674s] writing entry points to charmie_yolo_objects.egg-info/entry_points.txt
[4.674s] writing requirements to charmie_yolo_objects.egg-info/requires.txt
[4.675s] writing top-level names to charmie_yolo_objects.egg-info/top_level.txt
[4.677s] writing manifest file 'charmie_yolo_objects.egg-info/SOURCES.txt'
[4.679s] reading manifest file 'charmie_yolo_objects.egg-info/SOURCES.txt'
[4.680s] writing manifest file 'charmie_yolo_objects.egg-info/SOURCES.txt'
[4.752s] running build_ext
[4.753s] Creating /home/utilizador/charmie_ws/install/charmie_yolo_objects/lib/python3.8/site-packages/charmie-yolo-objects.egg-link (link to .)
[4.757s] Installing yolo_objects script to /home/utilizador/charmie_ws/install/charmie_yolo_objects/lib/charmie_yolo_objects
[4.757s] 
[4.758s] Installed /home/utilizador/charmie_ws/build/charmie_yolo_objects
[4.758s] running install_data
[4.758s] creating /home/utilizador/charmie_ws/install/charmie_yolo_objects/share/ament_index
[4.758s] creating /home/utilizador/charmie_ws/install/charmie_yolo_objects/share/ament_index/resource_index
[4.759s] creating /home/utilizador/charmie_ws/install/charmie_yolo_objects/share/ament_index/resource_index/packages
[4.759s] copying resource/charmie_yolo_objects -> /home/utilizador/charmie_ws/install/charmie_yolo_objects/share/ament_index/resource_index/packages
[4.760s] copying package.xml -> /home/utilizador/charmie_ws/install/charmie_yolo_objects/share/charmie_yolo_objects
[4.829s] Invoked command in '/home/utilizador/charmie_ws/build/charmie_yolo_objects' returned '0': AMENT_PREFIX_PATH=/home/utilizador/charmie_ws/install/charmie_interfaces:${AMENT_PREFIX_PATH} CMAKE_PREFIX_PATH=/home/utilizador/charmie_ws/install/charmie_interfaces LD_LIBRARY_PATH=/home/utilizador/charmie_ws/install/charmie_interfaces/lib:${LD_LIBRARY_PATH} PYTHONPATH=/home/utilizador/charmie_ws/build/charmie_yolo_objects/prefix_override:/home/utilizador/charmie_ws/install/charmie_yolo_objects/lib/python3.8/site-packages:/home/utilizador/charmie_ws/install/charmie_interfaces/lib/python3.8/site-packages:${PYTHONPATH} /usr/bin/python3 setup.py develop --editable --build-directory /home/utilizador/charmie_ws/build/charmie_yolo_objects/build --no-deps install_data
