[2.196s] Invoking command in '/home/utilizador/charmie_ws/src/build/charmie_ps4_controller': PYTHONPATH=/home/utilizador/charmie_ws/src/build/charmie_ps4_controller/prefix_override:/home/utilizador/charmie_ws/src/install/charmie_ps4_controller/lib/python3.8/site-packages:${PYTHONPATH} /usr/bin/python3 setup.py develop --editable --build-directory /home/utilizador/charmie_ws/src/build/charmie_ps4_controller/build --no-deps install_data
[2.778s] running develop
[3.086s] running egg_info
[3.086s] creating charmie_ps4_controller.egg-info
[3.087s] writing charmie_ps4_controller.egg-info/PKG-INFO
[3.087s] writing dependency_links to charmie_ps4_controller.egg-info/dependency_links.txt
[3.088s] writing entry points to charmie_ps4_controller.egg-info/entry_points.txt
[3.088s] writing requirements to charmie_ps4_controller.egg-info/requires.txt
[3.088s] writing top-level names to charmie_ps4_controller.egg-info/top_level.txt
[3.091s] writing manifest file 'charmie_ps4_controller.egg-info/SOURCES.txt'
[3.157s] reading manifest file 'charmie_ps4_controller.egg-info/SOURCES.txt'
[3.158s] writing manifest file 'charmie_ps4_controller.egg-info/SOURCES.txt'
[3.240s] running build_ext
[3.240s] Creating /home/utilizador/charmie_ws/src/install/charmie_ps4_controller/lib/python3.8/site-packages/site.py
[3.241s] Creating /home/utilizador/charmie_ws/src/install/charmie_ps4_controller/lib/python3.8/site-packages/charmie-ps4-controller.egg-link (link to .)
[3.241s] Installing ps4_controller script to /home/utilizador/charmie_ws/src/install/charmie_ps4_controller/lib/charmie_ps4_controller
[3.241s] 
[3.241s] Installed /home/utilizador/charmie_ws/src/build/charmie_ps4_controller
[3.241s] running install_data
[3.241s] creating /home/utilizador/charmie_ws/src/install/charmie_ps4_controller/share/ament_index
[3.242s] creating /home/utilizador/charmie_ws/src/install/charmie_ps4_controller/share/ament_index/resource_index
[3.242s] creating /home/utilizador/charmie_ws/src/install/charmie_ps4_controller/share/ament_index/resource_index/packages
[3.243s] copying resource/charmie_ps4_controller -> /home/utilizador/charmie_ws/src/install/charmie_ps4_controller/share/ament_index/resource_index/packages
[3.243s] copying package.xml -> /home/utilizador/charmie_ws/src/install/charmie_ps4_controller/share/charmie_ps4_controller
[3.342s] Invoked command in '/home/utilizador/charmie_ws/src/build/charmie_ps4_controller' returned '0': PYTHONPATH=/home/utilizador/charmie_ws/src/build/charmie_ps4_controller/prefix_override:/home/utilizador/charmie_ws/src/install/charmie_ps4_controller/lib/python3.8/site-packages:${PYTHONPATH} /usr/bin/python3 setup.py develop --editable --build-directory /home/utilizador/charmie_ws/src/build/charmie_ps4_controller/build --no-deps install_data
