[0.021s] Invoking command in '/home/utilizador/charmie_ws/build/realsense2_description': CMAKE_PREFIX_PATH=/home/utilizador/charmie_ws/install/realsense2_camera_msgs:/home/utilizador/charmie_ws/install/realsense2_description:/home/utilizador/charmie_ws/install/realsense2_camera:/home/utilizador/charmie_ws/install/charmie_interfaces:/home/utilizador/charmie_ws/install/charmie_bot:/home/utilizador/charmie_ws/install/charmie_speakers:/home/utilizador/charmie_ws/install/charmie_receptionist:/home/utilizador/charmie_ws/install/charmie_ps4_controller:/home/utilizador/charmie_ws/install/charmie_odometry:/home/utilizador/charmie_ws/install/charmie_obstacles:/home/utilizador/charmie_ws/install/charmie_neck_dynamixel:/home/utilizador/charmie_ws/install/charmie_navigation_sdnl:/home/utilizador/charmie_ws/install/charmie_low_level:/home/utilizador/charmie_ws/install/charmie_lidar_hokuyo:/home/utilizador/charmie_ws/install/charmie_debug:/home/utilizador/charmie_ws/install/charmie_audio:/home/utilizador/charmie_ws/install/charmie_face_shiningrgb:/opt/ros/foxy LD_LIBRARY_PATH=/home/utilizador/charmie_ws/install/realsense2_camera_msgs/lib:/home/utilizador/charmie_ws/install/realsense2_camera/lib:/home/utilizador/charmie_ws/install/charmie_interfaces/lib:/opt/ros/foxy/opt/yaml_cpp_vendor/lib:/opt/ros/foxy/opt/rviz_ogre_vendor/lib:/opt/ros/foxy/lib/x86_64-linux-gnu:/opt/ros/foxy/lib /usr/bin/cmake /home/utilizador/charmie_ws/src/realsense-ros/realsense2_description -DAMENT_CMAKE_SYMLINK_INSTALL=1 -DCMAKE_INSTALL_PREFIX=/home/utilizador/charmie_ws/install/realsense2_description
[0.040s] -- Found ament_cmake: 0.9.11 (/opt/ros/foxy/share/ament_cmake/cmake)
[0.078s] -- Using PYTHON_EXECUTABLE: /usr/bin/python3
[0.314s] -- Override CMake install command with custom implementation using symlinks instead of copying resources
[0.398s] -- Configuring done
[0.400s] -- Generating done
[0.401s] -- Build files have been written to: /home/utilizador/charmie_ws/build/realsense2_description
[0.403s] Invoked command in '/home/utilizador/charmie_ws/build/realsense2_description' returned '0': CMAKE_PREFIX_PATH=/home/utilizador/charmie_ws/install/realsense2_camera_msgs:/home/utilizador/charmie_ws/install/realsense2_description:/home/utilizador/charmie_ws/install/realsense2_camera:/home/utilizador/charmie_ws/install/charmie_interfaces:/home/utilizador/charmie_ws/install/charmie_bot:/home/utilizador/charmie_ws/install/charmie_speakers:/home/utilizador/charmie_ws/install/charmie_receptionist:/home/utilizador/charmie_ws/install/charmie_ps4_controller:/home/utilizador/charmie_ws/install/charmie_odometry:/home/utilizador/charmie_ws/install/charmie_obstacles:/home/utilizador/charmie_ws/install/charmie_neck_dynamixel:/home/utilizador/charmie_ws/install/charmie_navigation_sdnl:/home/utilizador/charmie_ws/install/charmie_low_level:/home/utilizador/charmie_ws/install/charmie_lidar_hokuyo:/home/utilizador/charmie_ws/install/charmie_debug:/home/utilizador/charmie_ws/install/charmie_audio:/home/utilizador/charmie_ws/install/charmie_face_shiningrgb:/opt/ros/foxy LD_LIBRARY_PATH=/home/utilizador/charmie_ws/install/realsense2_camera_msgs/lib:/home/utilizador/charmie_ws/install/realsense2_camera/lib:/home/utilizador/charmie_ws/install/charmie_interfaces/lib:/opt/ros/foxy/opt/yaml_cpp_vendor/lib:/opt/ros/foxy/opt/rviz_ogre_vendor/lib:/opt/ros/foxy/lib/x86_64-linux-gnu:/opt/ros/foxy/lib /usr/bin/cmake /home/utilizador/charmie_ws/src/realsense-ros/realsense2_description -DAMENT_CMAKE_SYMLINK_INSTALL=1 -DCMAKE_INSTALL_PREFIX=/home/utilizador/charmie_ws/install/realsense2_description
[0.406s] Invoking command in '/home/utilizador/charmie_ws/build/realsense2_description': CMAKE_PREFIX_PATH=/home/utilizador/charmie_ws/install/realsense2_camera_msgs:/home/utilizador/charmie_ws/install/realsense2_description:/home/utilizador/charmie_ws/install/realsense2_camera:/home/utilizador/charmie_ws/install/charmie_interfaces:/home/utilizador/charmie_ws/install/charmie_bot:/home/utilizador/charmie_ws/install/charmie_speakers:/home/utilizador/charmie_ws/install/charmie_receptionist:/home/utilizador/charmie_ws/install/charmie_ps4_controller:/home/utilizador/charmie_ws/install/charmie_odometry:/home/utilizador/charmie_ws/install/charmie_obstacles:/home/utilizador/charmie_ws/install/charmie_neck_dynamixel:/home/utilizador/charmie_ws/install/charmie_navigation_sdnl:/home/utilizador/charmie_ws/install/charmie_low_level:/home/utilizador/charmie_ws/install/charmie_lidar_hokuyo:/home/utilizador/charmie_ws/install/charmie_debug:/home/utilizador/charmie_ws/install/charmie_audio:/home/utilizador/charmie_ws/install/charmie_face_shiningrgb:/opt/ros/foxy LD_LIBRARY_PATH=/home/utilizador/charmie_ws/install/realsense2_camera_msgs/lib:/home/utilizador/charmie_ws/install/realsense2_camera/lib:/home/utilizador/charmie_ws/install/charmie_interfaces/lib:/opt/ros/foxy/opt/yaml_cpp_vendor/lib:/opt/ros/foxy/opt/rviz_ogre_vendor/lib:/opt/ros/foxy/lib/x86_64-linux-gnu:/opt/ros/foxy/lib /usr/bin/cmake --build /home/utilizador/charmie_ws/build/realsense2_description -- -j8 -l8
[0.450s] Invoked command in '/home/utilizador/charmie_ws/build/realsense2_description' returned '0': CMAKE_PREFIX_PATH=/home/utilizador/charmie_ws/install/realsense2_camera_msgs:/home/utilizador/charmie_ws/install/realsense2_description:/home/utilizador/charmie_ws/install/realsense2_camera:/home/utilizador/charmie_ws/install/charmie_interfaces:/home/utilizador/charmie_ws/install/charmie_bot:/home/utilizador/charmie_ws/install/charmie_speakers:/home/utilizador/charmie_ws/install/charmie_receptionist:/home/utilizador/charmie_ws/install/charmie_ps4_controller:/home/utilizador/charmie_ws/install/charmie_odometry:/home/utilizador/charmie_ws/install/charmie_obstacles:/home/utilizador/charmie_ws/install/charmie_neck_dynamixel:/home/utilizador/charmie_ws/install/charmie_navigation_sdnl:/home/utilizador/charmie_ws/install/charmie_low_level:/home/utilizador/charmie_ws/install/charmie_lidar_hokuyo:/home/utilizador/charmie_ws/install/charmie_debug:/home/utilizador/charmie_ws/install/charmie_audio:/home/utilizador/charmie_ws/install/charmie_face_shiningrgb:/opt/ros/foxy LD_LIBRARY_PATH=/home/utilizador/charmie_ws/install/realsense2_camera_msgs/lib:/home/utilizador/charmie_ws/install/realsense2_camera/lib:/home/utilizador/charmie_ws/install/charmie_interfaces/lib:/opt/ros/foxy/opt/yaml_cpp_vendor/lib:/opt/ros/foxy/opt/rviz_ogre_vendor/lib:/opt/ros/foxy/lib/x86_64-linux-gnu:/opt/ros/foxy/lib /usr/bin/cmake --build /home/utilizador/charmie_ws/build/realsense2_description -- -j8 -l8
[0.474s] Invoking command in '/home/utilizador/charmie_ws/build/realsense2_description': CMAKE_PREFIX_PATH=/home/utilizador/charmie_ws/install/realsense2_camera_msgs:/home/utilizador/charmie_ws/install/realsense2_description:/home/utilizador/charmie_ws/install/realsense2_camera:/home/utilizador/charmie_ws/install/charmie_interfaces:/home/utilizador/charmie_ws/install/charmie_bot:/home/utilizador/charmie_ws/install/charmie_speakers:/home/utilizador/charmie_ws/install/charmie_receptionist:/home/utilizador/charmie_ws/install/charmie_ps4_controller:/home/utilizador/charmie_ws/install/charmie_odometry:/home/utilizador/charmie_ws/install/charmie_obstacles:/home/utilizador/charmie_ws/install/charmie_neck_dynamixel:/home/utilizador/charmie_ws/install/charmie_navigation_sdnl:/home/utilizador/charmie_ws/install/charmie_low_level:/home/utilizador/charmie_ws/install/charmie_lidar_hokuyo:/home/utilizador/charmie_ws/install/charmie_debug:/home/utilizador/charmie_ws/install/charmie_audio:/home/utilizador/charmie_ws/install/charmie_face_shiningrgb:/opt/ros/foxy LD_LIBRARY_PATH=/home/utilizador/charmie_ws/install/realsense2_camera_msgs/lib:/home/utilizador/charmie_ws/install/realsense2_camera/lib:/home/utilizador/charmie_ws/install/charmie_interfaces/lib:/opt/ros/foxy/opt/yaml_cpp_vendor/lib:/opt/ros/foxy/opt/rviz_ogre_vendor/lib:/opt/ros/foxy/lib/x86_64-linux-gnu:/opt/ros/foxy/lib /usr/bin/cmake --install /home/utilizador/charmie_ws/build/realsense2_description
[0.481s] -- Install configuration: ""
[0.482s] -- Execute custom install script
[0.482s] -- Symlinking: /home/utilizador/charmie_ws/install/realsense2_description/share/realsense2_description/launch/launch_utils.py
[0.492s] -- Symlinking: /home/utilizador/charmie_ws/install/realsense2_description/share/realsense2_description/launch/view_model.launch.py
[0.503s] -- Symlinking: /home/utilizador/charmie_ws/install/realsense2_description/share/realsense2_description/meshes/d415.stl
[0.516s] -- Symlinking: /home/utilizador/charmie_ws/install/realsense2_description/share/realsense2_description/meshes/d435.dae
[0.528s] -- Symlinking: /home/utilizador/charmie_ws/install/realsense2_description/share/realsense2_description/meshes/d455.stl
[0.538s] -- Symlinking: /home/utilizador/charmie_ws/install/realsense2_description/share/realsense2_description/meshes/l515.dae
[0.552s] -- Symlinking: /home/utilizador/charmie_ws/install/realsense2_description/share/realsense2_description/meshes/plug.stl
[0.561s] -- Symlinking: /home/utilizador/charmie_ws/install/realsense2_description/share/realsense2_description/meshes/plug_collision.stl
[0.572s] -- Symlinking: /home/utilizador/charmie_ws/install/realsense2_description/share/realsense2_description/rviz/urdf.rviz
[0.582s] -- Symlinking: /home/utilizador/charmie_ws/install/realsense2_description/share/realsense2_description/urdf/_d415.urdf.xacro
[0.591s] -- Symlinking: /home/utilizador/charmie_ws/install/realsense2_description/share/realsense2_description/urdf/_d435.urdf.xacro
[0.601s] -- Symlinking: /home/utilizador/charmie_ws/install/realsense2_description/share/realsense2_description/urdf/_d435i.urdf.xacro
[0.611s] -- Symlinking: /home/utilizador/charmie_ws/install/realsense2_description/share/realsense2_description/urdf/_d435i_imu_modules.urdf.xacro
[0.621s] -- Symlinking: /home/utilizador/charmie_ws/install/realsense2_description/share/realsense2_description/urdf/_d455.urdf.xacro
[0.631s] -- Symlinking: /home/utilizador/charmie_ws/install/realsense2_description/share/realsense2_description/urdf/_l515.urdf.xacro
[0.642s] -- Symlinking: /home/utilizador/charmie_ws/install/realsense2_description/share/realsense2_description/urdf/_materials.urdf.xacro
[0.652s] -- Symlinking: /home/utilizador/charmie_ws/install/realsense2_description/share/realsense2_description/urdf/_r410.urdf.xacro
[0.661s] -- Symlinking: /home/utilizador/charmie_ws/install/realsense2_description/share/realsense2_description/urdf/_r430.urdf.xacro
[0.671s] -- Symlinking: /home/utilizador/charmie_ws/install/realsense2_description/share/realsense2_description/urdf/_usb_plug.urdf.xacro
[0.681s] -- Symlinking: /home/utilizador/charmie_ws/install/realsense2_description/share/realsense2_description/urdf/test_d415_camera.urdf.xacro
[0.691s] -- Symlinking: /home/utilizador/charmie_ws/install/realsense2_description/share/realsense2_description/urdf/test_d435_camera.urdf.xacro
[0.700s] -- Symlinking: /home/utilizador/charmie_ws/install/realsense2_description/share/realsense2_description/urdf/test_d435_multiple_cameras.urdf.xacro
[0.710s] -- Symlinking: /home/utilizador/charmie_ws/install/realsense2_description/share/realsense2_description/urdf/test_d435i_camera.urdf.xacro
[0.720s] -- Symlinking: /home/utilizador/charmie_ws/install/realsense2_description/share/realsense2_description/urdf/test_d455_camera.urdf.xacro
[0.730s] -- Symlinking: /home/utilizador/charmie_ws/install/realsense2_description/share/realsense2_description/urdf/test_l515_camera.urdf.xacro
[0.740s] -- Symlinking: /home/utilizador/charmie_ws/install/realsense2_description/share/realsense2_description/urdf/test_r410_camera.urdf.xacro
[0.749s] -- Symlinking: /home/utilizador/charmie_ws/install/realsense2_description/share/realsense2_description/urdf/test_r430_camera.urdf.xacro
[0.760s] -- Symlinking: /home/utilizador/charmie_ws/install/realsense2_description/share/ament_index/resource_index/package_run_dependencies/realsense2_description
[0.772s] -- Symlinking: /home/utilizador/charmie_ws/install/realsense2_description/share/ament_index/resource_index/parent_prefix_path/realsense2_description
[0.782s] -- Symlinking: /home/utilizador/charmie_ws/install/realsense2_description/share/realsense2_description/environment/ament_prefix_path.sh
[0.791s] -- Symlinking: /home/utilizador/charmie_ws/install/realsense2_description/share/realsense2_description/environment/ament_prefix_path.dsv
[0.800s] -- Symlinking: /home/utilizador/charmie_ws/install/realsense2_description/share/realsense2_description/environment/path.sh
[0.810s] -- Symlinking: /home/utilizador/charmie_ws/install/realsense2_description/share/realsense2_description/environment/path.dsv
[0.820s] -- Symlinking: /home/utilizador/charmie_ws/install/realsense2_description/share/realsense2_description/local_setup.bash
[0.831s] -- Symlinking: /home/utilizador/charmie_ws/install/realsense2_description/share/realsense2_description/local_setup.sh
[0.841s] -- Symlinking: /home/utilizador/charmie_ws/install/realsense2_description/share/realsense2_description/local_setup.zsh
[0.852s] -- Symlinking: /home/utilizador/charmie_ws/install/realsense2_description/share/realsense2_description/local_setup.dsv
[0.863s] -- Symlinking: /home/utilizador/charmie_ws/install/realsense2_description/share/realsense2_description/package.dsv
[0.873s] -- Symlinking: /home/utilizador/charmie_ws/install/realsense2_description/share/ament_index/resource_index/packages/realsense2_description
[0.885s] -- Symlinking: /home/utilizador/charmie_ws/install/realsense2_description/share/realsense2_description/cmake/realsense2_descriptionConfig.cmake
[0.895s] -- Symlinking: /home/utilizador/charmie_ws/install/realsense2_description/share/realsense2_description/cmake/realsense2_descriptionConfig-version.cmake
[0.906s] -- Symlinking: /home/utilizador/charmie_ws/install/realsense2_description/share/realsense2_description/package.xml
[0.921s] Invoked command in '/home/utilizador/charmie_ws/build/realsense2_description' returned '0': CMAKE_PREFIX_PATH=/home/utilizador/charmie_ws/install/realsense2_camera_msgs:/home/utilizador/charmie_ws/install/realsense2_description:/home/utilizador/charmie_ws/install/realsense2_camera:/home/utilizador/charmie_ws/install/charmie_interfaces:/home/utilizador/charmie_ws/install/charmie_bot:/home/utilizador/charmie_ws/install/charmie_speakers:/home/utilizador/charmie_ws/install/charmie_receptionist:/home/utilizador/charmie_ws/install/charmie_ps4_controller:/home/utilizador/charmie_ws/install/charmie_odometry:/home/utilizador/charmie_ws/install/charmie_obstacles:/home/utilizador/charmie_ws/install/charmie_neck_dynamixel:/home/utilizador/charmie_ws/install/charmie_navigation_sdnl:/home/utilizador/charmie_ws/install/charmie_low_level:/home/utilizador/charmie_ws/install/charmie_lidar_hokuyo:/home/utilizador/charmie_ws/install/charmie_debug:/home/utilizador/charmie_ws/install/charmie_audio:/home/utilizador/charmie_ws/install/charmie_face_shiningrgb:/opt/ros/foxy LD_LIBRARY_PATH=/home/utilizador/charmie_ws/install/realsense2_camera_msgs/lib:/home/utilizador/charmie_ws/install/realsense2_camera/lib:/home/utilizador/charmie_ws/install/charmie_interfaces/lib:/opt/ros/foxy/opt/yaml_cpp_vendor/lib:/opt/ros/foxy/opt/rviz_ogre_vendor/lib:/opt/ros/foxy/lib/x86_64-linux-gnu:/opt/ros/foxy/lib /usr/bin/cmake --install /home/utilizador/charmie_ws/build/realsense2_description
