[3.123s] Invoking command in '/home/utilizador/charmie_ws/build/charmie_face_shiningrgb': PYTHONPATH=/home/utilizador/charmie_ws/build/charmie_face_shiningrgb/prefix_override:/home/utilizador/charmie_ws/install/charmie_face_shiningrgb/lib/python3.8/site-packages:${PYTHONPATH} /usr/bin/python3 setup.py develop --editable --build-directory /home/utilizador/charmie_ws/build/charmie_face_shiningrgb/build --no-deps install_data
[3.990s] running develop
[4.506s] running egg_info
[4.506s] creating charmie_face_shiningrgb.egg-info
[4.506s] writing charmie_face_shiningrgb.egg-info/PKG-INFO
[4.506s] writing dependency_links to charmie_face_shiningrgb.egg-info/dependency_links.txt
[4.506s] writing entry points to charmie_face_shiningrgb.egg-info/entry_points.txt
[4.507s] writing requirements to charmie_face_shiningrgb.egg-info/requires.txt
[4.507s] writing top-level names to charmie_face_shiningrgb.egg-info/top_level.txt
[4.507s] writing manifest file 'charmie_face_shiningrgb.egg-info/SOURCES.txt'
[4.510s] reading manifest file 'charmie_face_shiningrgb.egg-info/SOURCES.txt'
[4.510s] writing manifest file 'charmie_face_shiningrgb.egg-info/SOURCES.txt'
[4.657s] running build_ext
[4.657s] Creating /home/utilizador/charmie_ws/install/charmie_face_shiningrgb/lib/python3.8/site-packages/charmie-face-shiningrgb.egg-link (link to .)
[4.660s] Installing face_shiningrgb script to /home/utilizador/charmie_ws/install/charmie_face_shiningrgb/lib/charmie_face_shiningrgb
[4.668s] 
[4.668s] Installed /home/utilizador/charmie_ws/build/charmie_face_shiningrgb
[4.668s] running install_data
[4.668s] creating /home/utilizador/charmie_ws/install/charmie_face_shiningrgb/share/ament_index
[4.669s] creating /home/utilizador/charmie_ws/install/charmie_face_shiningrgb/share/ament_index/resource_index
[4.669s] creating /home/utilizador/charmie_ws/install/charmie_face_shiningrgb/share/ament_index/resource_index/packages
[4.669s] copying resource/charmie_face_shiningrgb -> /home/utilizador/charmie_ws/install/charmie_face_shiningrgb/share/ament_index/resource_index/packages
[4.669s] copying package.xml -> /home/utilizador/charmie_ws/install/charmie_face_shiningrgb/share/charmie_face_shiningrgb
[5.772s] Invoked command in '/home/utilizador/charmie_ws/build/charmie_face_shiningrgb' returned '0': PYTHONPATH=/home/utilizador/charmie_ws/build/charmie_face_shiningrgb/prefix_override:/home/utilizador/charmie_ws/install/charmie_face_shiningrgb/lib/python3.8/site-packages:${PYTHONPATH} /usr/bin/python3 setup.py develop --editable --build-directory /home/utilizador/charmie_ws/build/charmie_face_shiningrgb/build --no-deps install_data
