running egg_info
creating ../../build/charmie_obstacles/charmie_obstacles.egg-info
writing ../../build/charmie_obstacles/charmie_obstacles.egg-info/PKG-INFO
writing dependency_links to ../../build/charmie_obstacles/charmie_obstacles.egg-info/dependency_links.txt
writing entry points to ../../build/charmie_obstacles/charmie_obstacles.egg-info/entry_points.txt
writing requirements to ../../build/charmie_obstacles/charmie_obstacles.egg-info/requires.txt
writing top-level names to ../../build/charmie_obstacles/charmie_obstacles.egg-info/top_level.txt
writing manifest file '../../build/charmie_obstacles/charmie_obstacles.egg-info/SOURCES.txt'
reading manifest file '../../build/charmie_obstacles/charmie_obstacles.egg-info/SOURCES.txt'
writing manifest file '../../build/charmie_obstacles/charmie_obstacles.egg-info/SOURCES.txt'
running build
running build_py
creating /home/utilizador/charmie_ws/build/charmie_obstacles/build
creating /home/utilizador/charmie_ws/build/charmie_obstacles/build/lib
creating /home/utilizador/charmie_ws/build/charmie_obstacles/build/lib/charmie_obstacles
copying charmie_obstacles/__init__.py -> /home/utilizador/charmie_ws/build/charmie_obstacles/build/lib/charmie_obstacles
copying charmie_obstacles/obstacles_lidar.py -> /home/utilizador/charmie_ws/build/charmie_obstacles/build/lib/charmie_obstacles
running install
running install_lib
creating /home/utilizador/charmie_ws/install/charmie_obstacles/lib/python3.8/site-packages/charmie_obstacles
copying /home/utilizador/charmie_ws/build/charmie_obstacles/build/lib/charmie_obstacles/__init__.py -> /home/utilizador/charmie_ws/install/charmie_obstacles/lib/python3.8/site-packages/charmie_obstacles
copying /home/utilizador/charmie_ws/build/charmie_obstacles/build/lib/charmie_obstacles/obstacles_lidar.py -> /home/utilizador/charmie_ws/install/charmie_obstacles/lib/python3.8/site-packages/charmie_obstacles
byte-compiling /home/utilizador/charmie_ws/install/charmie_obstacles/lib/python3.8/site-packages/charmie_obstacles/__init__.py to __init__.cpython-38.pyc
byte-compiling /home/utilizador/charmie_ws/install/charmie_obstacles/lib/python3.8/site-packages/charmie_obstacles/obstacles_lidar.py to obstacles_lidar.cpython-38.pyc
running install_data
creating /home/utilizador/charmie_ws/install/charmie_obstacles/share/ament_index
creating /home/utilizador/charmie_ws/install/charmie_obstacles/share/ament_index/resource_index
creating /home/utilizador/charmie_ws/install/charmie_obstacles/share/ament_index/resource_index/packages
copying resource/charmie_obstacles -> /home/utilizador/charmie_ws/install/charmie_obstacles/share/ament_index/resource_index/packages
copying package.xml -> /home/utilizador/charmie_ws/install/charmie_obstacles/share/charmie_obstacles
running install_egg_info
Copying ../../build/charmie_obstacles/charmie_obstacles.egg-info to /home/utilizador/charmie_ws/install/charmie_obstacles/lib/python3.8/site-packages/charmie_obstacles-0.0.0-py3.8.egg-info
running install_scripts
Installing obstacles script to /home/utilizador/charmie_ws/install/charmie_obstacles/lib/charmie_obstacles
writing list of installed files to '/home/utilizador/charmie_ws/build/charmie_obstacles/install.log'
