[2.475s] Invoking command in '/home/utilizador/charmie_ws/src/charmie_inspection': AMENT_PREFIX_PATH=/home/utilizador/charmie_ws/install/charmie_interfaces:${AMENT_PREFIX_PATH} CMAKE_PREFIX_PATH=/home/utilizador/charmie_ws/install/charmie_interfaces LD_LIBRARY_PATH=/home/utilizador/charmie_ws/install/charmie_interfaces/lib:${LD_LIBRARY_PATH} PYTHONPATH=/home/utilizador/charmie_ws/build/charmie_inspection/prefix_override:/home/utilizador/charmie_ws/install/charmie_inspection/lib/python3.8/site-packages:/home/utilizador/charmie_ws/install/charmie_interfaces/lib/python3.8/site-packages:${PYTHONPATH} /usr/bin/python3 setup.py egg_info --egg-base ../../build/charmie_inspection build --build-base /home/utilizador/charmie_ws/build/charmie_inspection/build install --record /home/utilizador/charmie_ws/build/charmie_inspection/install.log --single-version-externally-managed
[2.875s] running egg_info
[2.876s] writing ../../build/charmie_inspection/charmie_inspection.egg-info/PKG-INFO
[2.876s] writing dependency_links to ../../build/charmie_inspection/charmie_inspection.egg-info/dependency_links.txt
[2.877s] writing entry points to ../../build/charmie_inspection/charmie_inspection.egg-info/entry_points.txt
[2.877s] writing requirements to ../../build/charmie_inspection/charmie_inspection.egg-info/requires.txt
[2.877s] writing top-level names to ../../build/charmie_inspection/charmie_inspection.egg-info/top_level.txt
[2.944s] reading manifest file '../../build/charmie_inspection/charmie_inspection.egg-info/SOURCES.txt'
[2.945s] writing manifest file '../../build/charmie_inspection/charmie_inspection.egg-info/SOURCES.txt'
[2.946s] running build
[2.946s] running build_py
[2.946s] running install
[2.948s] running install_lib
[2.950s] running install_data
[2.951s] running install_egg_info
[2.953s] removing '/home/utilizador/charmie_ws/install/charmie_inspection/lib/python3.8/site-packages/charmie_inspection-0.0.0-py3.8.egg-info' (and everything under it)
[2.954s] Copying ../../build/charmie_inspection/charmie_inspection.egg-info to /home/utilizador/charmie_ws/install/charmie_inspection/lib/python3.8/site-packages/charmie_inspection-0.0.0-py3.8.egg-info
[2.955s] running install_scripts
[2.985s] Installing inspection script to /home/utilizador/charmie_ws/install/charmie_inspection/lib/charmie_inspection
[2.986s] writing list of installed files to '/home/utilizador/charmie_ws/build/charmie_inspection/install.log'
[3.094s] Invoked command in '/home/utilizador/charmie_ws/src/charmie_inspection' returned '0': AMENT_PREFIX_PATH=/home/utilizador/charmie_ws/install/charmie_interfaces:${AMENT_PREFIX_PATH} CMAKE_PREFIX_PATH=/home/utilizador/charmie_ws/install/charmie_interfaces LD_LIBRARY_PATH=/home/utilizador/charmie_ws/install/charmie_interfaces/lib:${LD_LIBRARY_PATH} PYTHONPATH=/home/utilizador/charmie_ws/build/charmie_inspection/prefix_override:/home/utilizador/charmie_ws/install/charmie_inspection/lib/python3.8/site-packages:/home/utilizador/charmie_ws/install/charmie_interfaces/lib/python3.8/site-packages:${PYTHONPATH} /usr/bin/python3 setup.py egg_info --egg-base ../../build/charmie_inspection build --build-base /home/utilizador/charmie_ws/build/charmie_inspection/build install --record /home/utilizador/charmie_ws/build/charmie_inspection/install.log --single-version-externally-managed
