[3.005s] Invoking command in '/home/utilizador/charmie_ws/build/charmie_face_shiningrgb': PYTHONPATH=/home/utilizador/charmie_ws/build/charmie_face_shiningrgb/prefix_override:/home/utilizador/charmie_ws/install/charmie_face_shiningrgb/lib/python3.8/site-packages:${PYTHONPATH} /usr/bin/python3 setup.py develop --editable --build-directory /home/utilizador/charmie_ws/build/charmie_face_shiningrgb/build --no-deps install_data
[3.923s] running develop
[4.341s] running egg_info
[4.342s] creating charmie_face_shiningrgb.egg-info
[4.343s] writing charmie_face_shiningrgb.egg-info/PKG-INFO
[4.345s] writing dependency_links to charmie_face_shiningrgb.egg-info/dependency_links.txt
[4.346s] writing entry points to charmie_face_shiningrgb.egg-info/entry_points.txt
[4.346s] writing requirements to charmie_face_shiningrgb.egg-info/requires.txt
[4.347s] writing top-level names to charmie_face_shiningrgb.egg-info/top_level.txt
[4.349s] writing manifest file 'charmie_face_shiningrgb.egg-info/SOURCES.txt'
[4.463s] reading manifest file 'charmie_face_shiningrgb.egg-info/SOURCES.txt'
[4.463s] writing manifest file 'charmie_face_shiningrgb.egg-info/SOURCES.txt'
[4.587s] running build_ext
[4.587s] Creating /home/utilizador/charmie_ws/install/charmie_face_shiningrgb/lib/python3.8/site-packages/site.py
[4.591s] Creating /home/utilizador/charmie_ws/install/charmie_face_shiningrgb/lib/python3.8/site-packages/charmie-face-shiningrgb.egg-link (link to .)
[4.592s] Installing face_shiningrgb script to /home/utilizador/charmie_ws/install/charmie_face_shiningrgb/lib/charmie_face_shiningrgb
[4.593s] 
[4.593s] Installed /home/utilizador/charmie_ws/build/charmie_face_shiningrgb
[4.593s] running install_data
[4.593s] creating /home/utilizador/charmie_ws/install/charmie_face_shiningrgb/share/ament_index
[4.593s] creating /home/utilizador/charmie_ws/install/charmie_face_shiningrgb/share/ament_index/resource_index
[4.594s] creating /home/utilizador/charmie_ws/install/charmie_face_shiningrgb/share/ament_index/resource_index/packages
[4.594s] copying resource/charmie_face_shiningrgb -> /home/utilizador/charmie_ws/install/charmie_face_shiningrgb/share/ament_index/resource_index/packages
[4.594s] copying package.xml -> /home/utilizador/charmie_ws/install/charmie_face_shiningrgb/share/charmie_face_shiningrgb
[4.752s] Invoked command in '/home/utilizador/charmie_ws/build/charmie_face_shiningrgb' returned '0': PYTHONPATH=/home/utilizador/charmie_ws/build/charmie_face_shiningrgb/prefix_override:/home/utilizador/charmie_ws/install/charmie_face_shiningrgb/lib/python3.8/site-packages:${PYTHONPATH} /usr/bin/python3 setup.py develop --editable --build-directory /home/utilizador/charmie_ws/build/charmie_face_shiningrgb/build --no-deps install_data
