[3.111s] Invoking command in '/home/utilizador/charmie_ws/build/charmie_camera_realsense': PYTHONPATH=/home/utilizador/charmie_ws/build/charmie_camera_realsense/prefix_override:/home/utilizador/charmie_ws/install/charmie_camera_realsense/lib/python3.8/site-packages:${PYTHONPATH} /usr/bin/python3 setup.py develop --uninstall --editable --build-directory /home/utilizador/charmie_ws/build/charmie_camera_realsense/build
[3.611s] running develop
[3.974s] Invoked command in '/home/utilizador/charmie_ws/build/charmie_camera_realsense' returned '0': PYTHONPATH=/home/utilizador/charmie_ws/build/charmie_camera_realsense/prefix_override:/home/utilizador/charmie_ws/install/charmie_camera_realsense/lib/python3.8/site-packages:${PYTHONPATH} /usr/bin/python3 setup.py develop --uninstall --editable --build-directory /home/utilizador/charmie_ws/build/charmie_camera_realsense/build
[3.978s] Invoking command in '/home/utilizador/charmie_ws/src/charmie_camera_realsense': PYTHONPATH=/home/utilizador/charmie_ws/build/charmie_camera_realsense/prefix_override:/home/utilizador/charmie_ws/install/charmie_camera_realsense/lib/python3.8/site-packages:${PYTHONPATH} /usr/bin/python3 setup.py egg_info --egg-base ../../build/charmie_camera_realsense build --build-base /home/utilizador/charmie_ws/build/charmie_camera_realsense/build install --record /home/utilizador/charmie_ws/build/charmie_camera_realsense/install.log --install-scripts $base/lib/charmie_camera_realsense --single-version-externally-managed
[4.458s] running egg_info
[4.459s] writing ../../build/charmie_camera_realsense/charmie_camera_realsense.egg-info/PKG-INFO
[4.460s] writing dependency_links to ../../build/charmie_camera_realsense/charmie_camera_realsense.egg-info/dependency_links.txt
[4.460s] writing entry points to ../../build/charmie_camera_realsense/charmie_camera_realsense.egg-info/entry_points.txt
[4.460s] writing requirements to ../../build/charmie_camera_realsense/charmie_camera_realsense.egg-info/requires.txt
[4.460s] writing top-level names to ../../build/charmie_camera_realsense/charmie_camera_realsense.egg-info/top_level.txt
[4.527s] reading manifest file '../../build/charmie_camera_realsense/charmie_camera_realsense.egg-info/SOURCES.txt'
[4.529s] writing manifest file '../../build/charmie_camera_realsense/charmie_camera_realsense.egg-info/SOURCES.txt'
[4.529s] running build
[4.529s] running build_py
[4.530s] running install
[4.531s] running install_lib
[4.534s] running install_data
[4.535s] running install_egg_info
[4.538s] removing '/home/utilizador/charmie_ws/install/charmie_camera_realsense/lib/python3.8/site-packages/charmie_camera_realsense-0.0.0-py3.8.egg-info' (and everything under it)
[4.539s] Copying ../../build/charmie_camera_realsense/charmie_camera_realsense.egg-info to /home/utilizador/charmie_ws/install/charmie_camera_realsense/lib/python3.8/site-packages/charmie_camera_realsense-0.0.0-py3.8.egg-info
[4.540s] running install_scripts
[4.570s] Installing camera_realsense script to /home/utilizador/charmie_ws/install/charmie_camera_realsense/lib/charmie_camera_realsense
[4.571s] writing list of installed files to '/home/utilizador/charmie_ws/build/charmie_camera_realsense/install.log'
[4.628s] Invoked command in '/home/utilizador/charmie_ws/src/charmie_camera_realsense' returned '0': PYTHONPATH=/home/utilizador/charmie_ws/build/charmie_camera_realsense/prefix_override:/home/utilizador/charmie_ws/install/charmie_camera_realsense/lib/python3.8/site-packages:${PYTHONPATH} /usr/bin/python3 setup.py egg_info --egg-base ../../build/charmie_camera_realsense build --build-base /home/utilizador/charmie_ws/build/charmie_camera_realsense/build install --record /home/utilizador/charmie_ws/build/charmie_camera_realsense/install.log --install-scripts $base/lib/charmie_camera_realsense --single-version-externally-managed
