[2.916s] Invoking command in '/home/utilizador/charmie_ws/src/charmie_camera_realsense': PYTHONPATH=/home/utilizador/charmie_ws/src/build/charmie_camera_realsense/prefix_override:/home/utilizador/charmie_ws/src/install/charmie_camera_realsense/lib/python3.8/site-packages:${PYTHONPATH} /usr/bin/python3 setup.py egg_info --egg-base ../build/charmie_camera_realsense build --build-base /home/utilizador/charmie_ws/src/build/charmie_camera_realsense/build install --record /home/utilizador/charmie_ws/src/build/charmie_camera_realsense/install.log --install-scripts $base/lib/charmie_camera_realsense --single-version-externally-managed
[3.482s] running egg_info
[3.482s] creating ../build/charmie_camera_realsense/charmie_camera_realsense.egg-info
[3.491s] writing ../build/charmie_camera_realsense/charmie_camera_realsense.egg-info/PKG-INFO
[3.492s] writing dependency_links to ../build/charmie_camera_realsense/charmie_camera_realsense.egg-info/dependency_links.txt
[3.492s] writing entry points to ../build/charmie_camera_realsense/charmie_camera_realsense.egg-info/entry_points.txt
[3.492s] writing requirements to ../build/charmie_camera_realsense/charmie_camera_realsense.egg-info/requires.txt
[3.492s] writing top-level names to ../build/charmie_camera_realsense/charmie_camera_realsense.egg-info/top_level.txt
[3.495s] writing manifest file '../build/charmie_camera_realsense/charmie_camera_realsense.egg-info/SOURCES.txt'
[3.634s] reading manifest file '../build/charmie_camera_realsense/charmie_camera_realsense.egg-info/SOURCES.txt'
[3.636s] writing manifest file '../build/charmie_camera_realsense/charmie_camera_realsense.egg-info/SOURCES.txt'
[3.636s] running build
[3.636s] running build_py
[3.637s] creating /home/utilizador/charmie_ws/src/build/charmie_camera_realsense/build
[3.637s] creating /home/utilizador/charmie_ws/src/build/charmie_camera_realsense/build/lib
[3.637s] creating /home/utilizador/charmie_ws/src/build/charmie_camera_realsense/build/lib/charmie_camera_realsense
[3.637s] copying charmie_camera_realsense/camera_realsense.py -> /home/utilizador/charmie_ws/src/build/charmie_camera_realsense/build/lib/charmie_camera_realsense
[3.637s] copying charmie_camera_realsense/__init__.py -> /home/utilizador/charmie_ws/src/build/charmie_camera_realsense/build/lib/charmie_camera_realsense
[3.637s] running install
[3.639s] running install_lib
[3.641s] creating /home/utilizador/charmie_ws/src/install/charmie_camera_realsense/lib/python3.8/site-packages/charmie_camera_realsense
[3.641s] copying /home/utilizador/charmie_ws/src/build/charmie_camera_realsense/build/lib/charmie_camera_realsense/camera_realsense.py -> /home/utilizador/charmie_ws/src/install/charmie_camera_realsense/lib/python3.8/site-packages/charmie_camera_realsense
[3.641s] copying /home/utilizador/charmie_ws/src/build/charmie_camera_realsense/build/lib/charmie_camera_realsense/__init__.py -> /home/utilizador/charmie_ws/src/install/charmie_camera_realsense/lib/python3.8/site-packages/charmie_camera_realsense
[3.652s] byte-compiling /home/utilizador/charmie_ws/src/install/charmie_camera_realsense/lib/python3.8/site-packages/charmie_camera_realsense/camera_realsense.py to camera_realsense.cpython-38.pyc
[3.652s] byte-compiling /home/utilizador/charmie_ws/src/install/charmie_camera_realsense/lib/python3.8/site-packages/charmie_camera_realsense/__init__.py to __init__.cpython-38.pyc
[3.652s] running install_data
[3.653s] creating /home/utilizador/charmie_ws/src/install/charmie_camera_realsense/share/ament_index
[3.653s] creating /home/utilizador/charmie_ws/src/install/charmie_camera_realsense/share/ament_index/resource_index
[3.653s] creating /home/utilizador/charmie_ws/src/install/charmie_camera_realsense/share/ament_index/resource_index/packages
[3.653s] copying resource/charmie_camera_realsense -> /home/utilizador/charmie_ws/src/install/charmie_camera_realsense/share/ament_index/resource_index/packages
[3.653s] copying package.xml -> /home/utilizador/charmie_ws/src/install/charmie_camera_realsense/share/charmie_camera_realsense
[3.654s] running install_egg_info
[3.654s] Copying ../build/charmie_camera_realsense/charmie_camera_realsense.egg-info to /home/utilizador/charmie_ws/src/install/charmie_camera_realsense/lib/python3.8/site-packages/charmie_camera_realsense-0.0.0-py3.8.egg-info
[3.655s] running install_scripts
[3.705s] Installing camera_realsense script to /home/utilizador/charmie_ws/src/install/charmie_camera_realsense/lib/charmie_camera_realsense
[3.705s] writing list of installed files to '/home/utilizador/charmie_ws/src/build/charmie_camera_realsense/install.log'
[3.787s] Invoked command in '/home/utilizador/charmie_ws/src/charmie_camera_realsense' returned '0': PYTHONPATH=/home/utilizador/charmie_ws/src/build/charmie_camera_realsense/prefix_override:/home/utilizador/charmie_ws/src/install/charmie_camera_realsense/lib/python3.8/site-packages:${PYTHONPATH} /usr/bin/python3 setup.py egg_info --egg-base ../build/charmie_camera_realsense build --build-base /home/utilizador/charmie_ws/src/build/charmie_camera_realsense/build install --record /home/utilizador/charmie_ws/src/build/charmie_camera_realsense/install.log --install-scripts $base/lib/charmie_camera_realsense --single-version-externally-managed
