running develop
running egg_info
creating charmie_yolo_objects.egg-info
writing charmie_yolo_objects.egg-info/PKG-INFO
writing dependency_links to charmie_yolo_objects.egg-info/dependency_links.txt
writing entry points to charmie_yolo_objects.egg-info/entry_points.txt
writing requirements to charmie_yolo_objects.egg-info/requires.txt
writing top-level names to charmie_yolo_objects.egg-info/top_level.txt
writing manifest file 'charmie_yolo_objects.egg-info/SOURCES.txt'
reading manifest file 'charmie_yolo_objects.egg-info/SOURCES.txt'
writing manifest file 'charmie_yolo_objects.egg-info/SOURCES.txt'
running build_ext
Creating /home/utilizador/charmie_ws/install/charmie_yolo_objects/lib/python3.8/site-packages/charmie-yolo-objects.egg-link (link to .)
Installing yolo_objects script to /home/utilizador/charmie_ws/install/charmie_yolo_objects/lib/charmie_yolo_objects

Installed /home/utilizador/charmie_ws/build/charmie_yolo_objects
running install_data
creating /home/utilizador/charmie_ws/install/charmie_yolo_objects/share/ament_index
creating /home/utilizador/charmie_ws/install/charmie_yolo_objects/share/ament_index/resource_index
creating /home/utilizador/charmie_ws/install/charmie_yolo_objects/share/ament_index/resource_index/packages
copying resource/charmie_yolo_objects -> /home/utilizador/charmie_ws/install/charmie_yolo_objects/share/ament_index/resource_index/packages
copying package.xml -> /home/utilizador/charmie_ws/install/charmie_yolo_objects/share/charmie_yolo_objects
