[1.511s] Invoking command in '/home/utilizador/charmie_ws/build/charmie_debug': PYTHONPATH=/home/utilizador/charmie_ws/build/charmie_debug/prefix_override:/home/utilizador/charmie_ws/install/charmie_debug/lib/python3.8/site-packages:/home/utilizador/charmie_ws/install/charmie_interfaces/lib/python3.8/site-packages:/home/utilizador/charmie_ws/install/test2/lib/python3.8/site-packages:/home/utilizador/charmie_ws/install/my_robot_controller/lib/python3.8/site-packages:/home/utilizador/charmie_ws/install/charmie_ps4_controller/lib/python3.8/site-packages:/home/utilizador/charmie_ws/install/charmie_neck_dynamixel/lib/python3.8/site-packages:/home/utilizador/charmie_ws/install/charmie_low_level/lib/python3.8/site-packages:/home/utilizador/charmie_ws/install/charmie_lidar_hokuyo/lib/python3.8/site-packages:/home/utilizador/charmie_ws/install/charmie_debug/lib/python3.8/site-packages:/home/utilizador/charmie_ws/install/charmie_camera_realsense/lib/python3.8/site-packages:/opt/ros/foxy/lib/python3.8/site-packages /usr/bin/python3 setup.py develop --uninstall --editable --build-directory /home/utilizador/charmie_ws/build/charmie_debug/build
[2.052s] running develop
[2.209s] Invoked command in '/home/utilizador/charmie_ws/build/charmie_debug' returned '0': PYTHONPATH=/home/utilizador/charmie_ws/build/charmie_debug/prefix_override:/home/utilizador/charmie_ws/install/charmie_debug/lib/python3.8/site-packages:/home/utilizador/charmie_ws/install/charmie_interfaces/lib/python3.8/site-packages:/home/utilizador/charmie_ws/install/test2/lib/python3.8/site-packages:/home/utilizador/charmie_ws/install/my_robot_controller/lib/python3.8/site-packages:/home/utilizador/charmie_ws/install/charmie_ps4_controller/lib/python3.8/site-packages:/home/utilizador/charmie_ws/install/charmie_neck_dynamixel/lib/python3.8/site-packages:/home/utilizador/charmie_ws/install/charmie_low_level/lib/python3.8/site-packages:/home/utilizador/charmie_ws/install/charmie_lidar_hokuyo/lib/python3.8/site-packages:/home/utilizador/charmie_ws/install/charmie_debug/lib/python3.8/site-packages:/home/utilizador/charmie_ws/install/charmie_camera_realsense/lib/python3.8/site-packages:/opt/ros/foxy/lib/python3.8/site-packages /usr/bin/python3 setup.py develop --uninstall --editable --build-directory /home/utilizador/charmie_ws/build/charmie_debug/build
[2.212s] Invoking command in '/home/utilizador/charmie_ws/src/charmie_debug': PYTHONPATH=/home/utilizador/charmie_ws/build/charmie_debug/prefix_override:/home/utilizador/charmie_ws/install/charmie_debug/lib/python3.8/site-packages:/home/utilizador/charmie_ws/install/charmie_interfaces/lib/python3.8/site-packages:/home/utilizador/charmie_ws/install/test2/lib/python3.8/site-packages:/home/utilizador/charmie_ws/install/my_robot_controller/lib/python3.8/site-packages:/home/utilizador/charmie_ws/install/charmie_ps4_controller/lib/python3.8/site-packages:/home/utilizador/charmie_ws/install/charmie_neck_dynamixel/lib/python3.8/site-packages:/home/utilizador/charmie_ws/install/charmie_low_level/lib/python3.8/site-packages:/home/utilizador/charmie_ws/install/charmie_lidar_hokuyo/lib/python3.8/site-packages:/home/utilizador/charmie_ws/install/charmie_debug/lib/python3.8/site-packages:/home/utilizador/charmie_ws/install/charmie_camera_realsense/lib/python3.8/site-packages:/opt/ros/foxy/lib/python3.8/site-packages /usr/bin/python3 setup.py egg_info --egg-base ../../build/charmie_debug build --build-base /home/utilizador/charmie_ws/build/charmie_debug/build install --record /home/utilizador/charmie_ws/build/charmie_debug/install.log --install-scripts $base/lib/charmie_debug --single-version-externally-managed
[2.448s] running egg_info
[2.448s] writing ../../build/charmie_debug/charmie_debug.egg-info/PKG-INFO
[2.449s] writing dependency_links to ../../build/charmie_debug/charmie_debug.egg-info/dependency_links.txt
[2.449s] writing entry points to ../../build/charmie_debug/charmie_debug.egg-info/entry_points.txt
[2.449s] writing requirements to ../../build/charmie_debug/charmie_debug.egg-info/requires.txt
[2.449s] writing top-level names to ../../build/charmie_debug/charmie_debug.egg-info/top_level.txt
[2.484s] reading manifest file '../../build/charmie_debug/charmie_debug.egg-info/SOURCES.txt'
[2.485s] writing manifest file '../../build/charmie_debug/charmie_debug.egg-info/SOURCES.txt'
[2.486s] running build
[2.486s] running build_py
[2.486s] copying charmie_debug/debug_main.py -> /home/utilizador/charmie_ws/build/charmie_debug/build/lib/charmie_debug
[2.487s] running install
[2.487s] running install_lib
[2.489s] copying /home/utilizador/charmie_ws/build/charmie_debug/build/lib/charmie_debug/debug_main.py -> /home/utilizador/charmie_ws/install/charmie_debug/lib/python3.8/site-packages/charmie_debug
[2.489s] byte-compiling /home/utilizador/charmie_ws/install/charmie_debug/lib/python3.8/site-packages/charmie_debug/debug_main.py to debug_main.cpython-38.pyc
[2.492s] running install_data
[2.492s] running install_egg_info
[2.494s] removing '/home/utilizador/charmie_ws/install/charmie_debug/lib/python3.8/site-packages/charmie_debug-0.0.0-py3.8.egg-info' (and everything under it)
[2.494s] Copying ../../build/charmie_debug/charmie_debug.egg-info to /home/utilizador/charmie_ws/install/charmie_debug/lib/python3.8/site-packages/charmie_debug-0.0.0-py3.8.egg-info
[2.495s] running install_scripts
[2.514s] Installing debug_main script to /home/utilizador/charmie_ws/install/charmie_debug/lib/charmie_debug
[2.515s] writing list of installed files to '/home/utilizador/charmie_ws/build/charmie_debug/install.log'
[2.549s] Invoked command in '/home/utilizador/charmie_ws/src/charmie_debug' returned '0': PYTHONPATH=/home/utilizador/charmie_ws/build/charmie_debug/prefix_override:/home/utilizador/charmie_ws/install/charmie_debug/lib/python3.8/site-packages:/home/utilizador/charmie_ws/install/charmie_interfaces/lib/python3.8/site-packages:/home/utilizador/charmie_ws/install/test2/lib/python3.8/site-packages:/home/utilizador/charmie_ws/install/my_robot_controller/lib/python3.8/site-packages:/home/utilizador/charmie_ws/install/charmie_ps4_controller/lib/python3.8/site-packages:/home/utilizador/charmie_ws/install/charmie_neck_dynamixel/lib/python3.8/site-packages:/home/utilizador/charmie_ws/install/charmie_low_level/lib/python3.8/site-packages:/home/utilizador/charmie_ws/install/charmie_lidar_hokuyo/lib/python3.8/site-packages:/home/utilizador/charmie_ws/install/charmie_debug/lib/python3.8/site-packages:/home/utilizador/charmie_ws/install/charmie_camera_realsense/lib/python3.8/site-packages:/opt/ros/foxy/lib/python3.8/site-packages /usr/bin/python3 setup.py egg_info --egg-base ../../build/charmie_debug build --build-base /home/utilizador/charmie_ws/build/charmie_debug/build install --record /home/utilizador/charmie_ws/build/charmie_debug/install.log --install-scripts $base/lib/charmie_debug --single-version-externally-managed
