[2.741s] Invoking command in '/home/utilizador/charmie_ws/build/charmie_speakers': PYTHONPATH=/home/utilizador/charmie_ws/build/charmie_speakers/prefix_override:/home/utilizador/charmie_ws/install/charmie_speakers/lib/python3.8/site-packages:${PYTHONPATH} /usr/bin/python3 setup.py develop --uninstall --editable --build-directory /home/utilizador/charmie_ws/build/charmie_speakers/build
[3.237s] running develop
[3.539s] Removing /home/utilizador/charmie_ws/install/charmie_speakers/lib/python3.8/site-packages/charmie-speakers.egg-link (link to .)
[3.595s] Invoked command in '/home/utilizador/charmie_ws/build/charmie_speakers' returned '0': PYTHONPATH=/home/utilizador/charmie_ws/build/charmie_speakers/prefix_override:/home/utilizador/charmie_ws/install/charmie_speakers/lib/python3.8/site-packages:${PYTHONPATH} /usr/bin/python3 setup.py develop --uninstall --editable --build-directory /home/utilizador/charmie_ws/build/charmie_speakers/build
[3.600s] Invoking command in '/home/utilizador/charmie_ws/src/charmie_speakers': PYTHONPATH=/home/utilizador/charmie_ws/build/charmie_speakers/prefix_override:/home/utilizador/charmie_ws/install/charmie_speakers/lib/python3.8/site-packages:${PYTHONPATH} /usr/bin/python3 setup.py egg_info --egg-base ../../build/charmie_speakers build --build-base /home/utilizador/charmie_ws/build/charmie_speakers/build install --record /home/utilizador/charmie_ws/build/charmie_speakers/install.log --install-scripts $base/lib/charmie_speakers --single-version-externally-managed
[4.066s] running egg_info
[4.068s] writing ../../build/charmie_speakers/charmie_speakers.egg-info/PKG-INFO
[4.068s] writing dependency_links to ../../build/charmie_speakers/charmie_speakers.egg-info/dependency_links.txt
[4.068s] writing entry points to ../../build/charmie_speakers/charmie_speakers.egg-info/entry_points.txt
[4.068s] writing requirements to ../../build/charmie_speakers/charmie_speakers.egg-info/requires.txt
[4.069s] writing top-level names to ../../build/charmie_speakers/charmie_speakers.egg-info/top_level.txt
[4.138s] reading manifest file '../../build/charmie_speakers/charmie_speakers.egg-info/SOURCES.txt'
[4.141s] writing manifest file '../../build/charmie_speakers/charmie_speakers.egg-info/SOURCES.txt'
[4.141s] running build
[4.141s] running build_py
[4.141s] creating /home/utilizador/charmie_ws/build/charmie_speakers/build
[4.141s] creating /home/utilizador/charmie_ws/build/charmie_speakers/build/lib
[4.142s] creating /home/utilizador/charmie_ws/build/charmie_speakers/build/lib/charmie_speakers
[4.142s] copying charmie_speakers/__init__.py -> /home/utilizador/charmie_ws/build/charmie_speakers/build/lib/charmie_speakers
[4.142s] copying charmie_speakers/speakers.py -> /home/utilizador/charmie_ws/build/charmie_speakers/build/lib/charmie_speakers
[4.142s] running install
[4.143s] running install_lib
[4.145s] creating /home/utilizador/charmie_ws/install/charmie_speakers/lib/python3.8/site-packages/charmie_speakers
[4.145s] copying /home/utilizador/charmie_ws/build/charmie_speakers/build/lib/charmie_speakers/__init__.py -> /home/utilizador/charmie_ws/install/charmie_speakers/lib/python3.8/site-packages/charmie_speakers
[4.145s] copying /home/utilizador/charmie_ws/build/charmie_speakers/build/lib/charmie_speakers/speakers.py -> /home/utilizador/charmie_ws/install/charmie_speakers/lib/python3.8/site-packages/charmie_speakers
[4.146s] byte-compiling /home/utilizador/charmie_ws/install/charmie_speakers/lib/python3.8/site-packages/charmie_speakers/__init__.py to __init__.cpython-38.pyc
[4.148s] byte-compiling /home/utilizador/charmie_ws/install/charmie_speakers/lib/python3.8/site-packages/charmie_speakers/speakers.py to speakers.cpython-38.pyc
[4.149s] running install_data
[4.150s] copying package.xml -> /home/utilizador/charmie_ws/install/charmie_speakers/share/charmie_speakers
[4.150s] running install_egg_info
[4.153s] Copying ../../build/charmie_speakers/charmie_speakers.egg-info to /home/utilizador/charmie_ws/install/charmie_speakers/lib/python3.8/site-packages/charmie_speakers-0.0.0-py3.8.egg-info
[4.155s] running install_scripts
[4.187s] Installing speakers script to /home/utilizador/charmie_ws/install/charmie_speakers/lib/charmie_speakers
[4.188s] writing list of installed files to '/home/utilizador/charmie_ws/build/charmie_speakers/install.log'
[4.306s] Invoked command in '/home/utilizador/charmie_ws/src/charmie_speakers' returned '0': PYTHONPATH=/home/utilizador/charmie_ws/build/charmie_speakers/prefix_override:/home/utilizador/charmie_ws/install/charmie_speakers/lib/python3.8/site-packages:${PYTHONPATH} /usr/bin/python3 setup.py egg_info --egg-base ../../build/charmie_speakers build --build-base /home/utilizador/charmie_ws/build/charmie_speakers/build install --record /home/utilizador/charmie_ws/build/charmie_speakers/install.log --install-scripts $base/lib/charmie_speakers --single-version-externally-managed
