[0.084s] Invoking command in '/home/utilizador/charmie_ws/src/build/charmie_interfaces': CMAKE_PREFIX_PATH=${CMAKE_PREFIX_PATH}:/home/utilizador/charmie_ws/install/charmie_speakers:/home/utilizador/charmie_ws/install/charmie_ps4_controller:/home/utilizador/charmie_ws/install/charmie_neck_dynamixel:/home/utilizador/charmie_ws/install/charmie_low_level:/home/utilizador/charmie_ws/install/charmie_lidar_hokuyo:/home/utilizador/charmie_ws/install/charmie_debug:/home/utilizador/charmie_ws/install/charmie_audio:/opt/ros/foxy /usr/bin/cmake /home/utilizador/charmie_ws/src/charmie_interfaces -DAMENT_CMAKE_SYMLINK_INSTALL=1 -DCMAKE_INSTALL_PREFIX=/home/utilizador/charmie_ws/src/install/charmie_interfaces
[1.391s] -- The C compiler identification is GNU 9.4.0
[1.391s] -- The CXX compiler identification is GNU 9.4.0
[1.391s] -- Check for working C compiler: /usr/bin/cc
[1.391s] -- Check for working C compiler: /usr/bin/cc -- works
[1.392s] -- Detecting C compiler ABI info
[1.392s] -- Detecting C compiler ABI info - done
[1.392s] -- Detecting C compile features
[1.392s] -- Detecting C compile features - done
[1.392s] -- Check for working CXX compiler: /usr/bin/c++
[1.392s] -- Check for working CXX compiler: /usr/bin/c++ -- works
[1.392s] -- Detecting CXX compiler ABI info
[1.393s] -- Detecting CXX compiler ABI info - done
[1.393s] -- Detecting CXX compile features
[1.393s] -- Detecting CXX compile features - done
[1.393s] -- Found ament_cmake: 0.9.11 (/opt/ros/foxy/share/ament_cmake/cmake)
[1.393s] -- Found PythonInterp: /usr/bin/python3 (found suitable version "3.8.10", minimum required is "3") 
[1.393s] -- Using PYTHON_EXECUTABLE: /usr/bin/python3
[1.393s] -- Override CMake install command with custom implementation using symlinks instead of copying resources
[1.394s] -- Found rosidl_default_generators: 1.0.1 (/opt/ros/foxy/share/rosidl_default_generators/cmake)
[1.394s] -- Using all available rosidl_typesupport_c: rosidl_typesupport_fastrtps_c;rosidl_typesupport_introspection_c
[1.394s] -- Found rosidl_adapter: 1.3.0 (/opt/ros/foxy/share/rosidl_adapter/cmake)
[1.394s] -- Found OpenSSL: /usr/lib/x86_64-linux-gnu/libcrypto.so (found version "1.1.1f")  
[1.394s] -- Found FastRTPS: /opt/ros/foxy/include  
[1.394s] -- Using all available rosidl_typesupport_cpp: rosidl_typesupport_fastrtps_cpp;rosidl_typesupport_introspection_cpp
[1.394s] -- Found geometry_msgs: 2.0.5 (/opt/ros/foxy/share/geometry_msgs/cmake)
[1.416s] -- Found PythonInterp: /usr/bin/python3 (found version "3.8.10") 
[1.869s] -- Found ament_cmake_ros: 0.9.2 (/opt/ros/foxy/share/ament_cmake_ros/cmake)
[2.471s] -- Using all available rosidl_typesupport_c: rosidl_typesupport_fastrtps_c;rosidl_typesupport_introspection_c
[2.768s] -- Using all available rosidl_typesupport_cpp: rosidl_typesupport_fastrtps_cpp;rosidl_typesupport_introspection_cpp
[2.830s] -- Found PythonInterp: /usr/bin/python3 (found suitable version "3.8.10", minimum required is "3.5") 
[2.832s] -- Found python_cmake_module: 0.8.1 (/opt/ros/foxy/share/python_cmake_module/cmake)
[2.870s] -- Found PythonLibs: /usr/lib/x86_64-linux-gnu/libpython3.8.so (found suitable version "3.8.10", minimum required is "3.5") 
[2.870s] -- Using PYTHON_EXECUTABLE: /usr/bin/python3
[2.870s] -- Using PYTHON_INCLUDE_DIRS: /usr/include/python3.8
[2.870s] -- Using PYTHON_LIBRARIES: /usr/lib/x86_64-linux-gnu/libpython3.8.so
[2.910s] -- Found PythonExtra: .so  
[3.141s] -- Configuring done
[3.335s] -- Generating done
[3.342s] -- Build files have been written to: /home/utilizador/charmie_ws/src/build/charmie_interfaces
[3.391s] Invoked command in '/home/utilizador/charmie_ws/src/build/charmie_interfaces' returned '0': CMAKE_PREFIX_PATH=${CMAKE_PREFIX_PATH}:/home/utilizador/charmie_ws/install/charmie_speakers:/home/utilizador/charmie_ws/install/charmie_ps4_controller:/home/utilizador/charmie_ws/install/charmie_neck_dynamixel:/home/utilizador/charmie_ws/install/charmie_low_level:/home/utilizador/charmie_ws/install/charmie_lidar_hokuyo:/home/utilizador/charmie_ws/install/charmie_debug:/home/utilizador/charmie_ws/install/charmie_audio:/opt/ros/foxy /usr/bin/cmake /home/utilizador/charmie_ws/src/charmie_interfaces -DAMENT_CMAKE_SYMLINK_INSTALL=1 -DCMAKE_INSTALL_PREFIX=/home/utilizador/charmie_ws/src/install/charmie_interfaces
[3.392s] Invoking command in '/home/utilizador/charmie_ws/src/build/charmie_interfaces': CMAKE_PREFIX_PATH=${CMAKE_PREFIX_PATH}:/home/utilizador/charmie_ws/install/charmie_speakers:/home/utilizador/charmie_ws/install/charmie_ps4_controller:/home/utilizador/charmie_ws/install/charmie_neck_dynamixel:/home/utilizador/charmie_ws/install/charmie_low_level:/home/utilizador/charmie_ws/install/charmie_lidar_hokuyo:/home/utilizador/charmie_ws/install/charmie_debug:/home/utilizador/charmie_ws/install/charmie_audio:/opt/ros/foxy /usr/bin/cmake --build /home/utilizador/charmie_ws/src/build/charmie_interfaces -- -j8 -l8
[3.469s] [35m[1mScanning dependencies of target charmie_interfaces__cpp[0m
[3.472s] [  1%] [34m[1mGenerating C code for ROS interfaces[0m
[3.496s] [  3%] [34m[1mGenerating C++ code for ROS interfaces[0m
[4.339s] [35m[1mScanning dependencies of target charmie_interfaces__rosidl_generator_c[0m
[4.403s] [  5%] [32mBuilding C object CMakeFiles/charmie_interfaces__rosidl_generator_c.dir/rosidl_generator_c/charmie_interfaces/msg/detail/example_tr__functions.c.o[0m
[4.407s] [  7%] [32mBuilding C object CMakeFiles/charmie_interfaces__rosidl_generator_c.dir/rosidl_generator_c/charmie_interfaces/msg/detail/encoders__functions.c.o[0m
[4.411s] [  9%] [32mBuilding C object CMakeFiles/charmie_interfaces__rosidl_generator_c.dir/rosidl_generator_c/charmie_interfaces/msg/detail/ps4_controller__functions.c.o[0m
[4.447s] [ 10%] [32mBuilding C object CMakeFiles/charmie_interfaces__rosidl_generator_c.dir/rosidl_generator_c/charmie_interfaces/msg/detail/robot_speech__functions.c.o[0m
[4.519s] [ 10%] Built target charmie_interfaces__cpp
[4.549s] [ 12%] [34m[1mGenerating C++ introspection for ROS interfaces[0m
[4.586s] [ 14%] [34m[1mGenerating C++ type support dispatch for ROS interfaces[0m
[4.593s] [ 16%] [34m[1mGenerating C++ type support for eProsima Fast-RTPS[0m
[4.669s] [ 18%] [32m[1mLinking C shared library libcharmie_interfaces__rosidl_generator_c.so[0m
[4.804s] [ 18%] Built target charmie_interfaces__rosidl_generator_c
[4.883s] [ 20%] [34m[1mGenerating C introspection for ROS interfaces[0m
[4.895s] [ 21%] [34m[1mGenerating C type support dispatch for ROS interfaces[0m
[5.409s] [35m[1mScanning dependencies of target charmie_interfaces__rosidl_typesupport_introspection_cpp[0m
[5.501s] [ 23%] [32mBuilding CXX object CMakeFiles/charmie_interfaces__rosidl_typesupport_introspection_cpp.dir/rosidl_typesupport_introspection_cpp/charmie_interfaces/msg/detail/example_tr__type_support.cpp.o[0m
[5.574s] [ 25%] [32mBuilding CXX object CMakeFiles/charmie_interfaces__rosidl_typesupport_introspection_cpp.dir/rosidl_typesupport_introspection_cpp/charmie_interfaces/msg/detail/encoders__type_support.cpp.o[0m
[5.622s] [ 27%] [32mBuilding CXX object CMakeFiles/charmie_interfaces__rosidl_typesupport_introspection_cpp.dir/rosidl_typesupport_introspection_cpp/charmie_interfaces/msg/detail/robot_speech__type_support.cpp.o[0m
[5.631s] [ 29%] [32mBuilding CXX object CMakeFiles/charmie_interfaces__rosidl_typesupport_introspection_cpp.dir/rosidl_typesupport_introspection_cpp/charmie_interfaces/msg/detail/ps4_controller__type_support.cpp.o[0m
[6.616s] [35m[1mScanning dependencies of target charmie_interfaces__rosidl_typesupport_cpp[0m
[6.715s] [ 30%] [32mBuilding CXX object CMakeFiles/charmie_interfaces__rosidl_typesupport_cpp.dir/rosidl_typesupport_cpp/charmie_interfaces/msg/example_tr__type_support.cpp.o[0m
[6.733s] [ 32%] [32mBuilding CXX object CMakeFiles/charmie_interfaces__rosidl_typesupport_cpp.dir/rosidl_typesupport_cpp/charmie_interfaces/msg/encoders__type_support.cpp.o[0m
[6.761s] [ 34%] [32mBuilding CXX object CMakeFiles/charmie_interfaces__rosidl_typesupport_cpp.dir/rosidl_typesupport_cpp/charmie_interfaces/msg/ps4_controller__type_support.cpp.o[0m
[6.823s] [ 36%] [32mBuilding CXX object CMakeFiles/charmie_interfaces__rosidl_typesupport_cpp.dir/rosidl_typesupport_cpp/charmie_interfaces/msg/robot_speech__type_support.cpp.o[0m
[6.968s] [35m[1mScanning dependencies of target charmie_interfaces__rosidl_typesupport_c[0m
[6.968s] [35m[1mScanning dependencies of target charmie_interfaces__rosidl_typesupport_introspection_c[0m
[7.046s] [35m[1mScanning dependencies of target charmie_interfaces__rosidl_typesupport_fastrtps_cpp[0m
[7.051s] [ 38%] [32mBuilding CXX object CMakeFiles/charmie_interfaces__rosidl_typesupport_c.dir/rosidl_typesupport_c/charmie_interfaces/msg/example_tr__type_support.cpp.o[0m
[7.088s] [ 40%] [32mBuilding C object CMakeFiles/charmie_interfaces__rosidl_typesupport_introspection_c.dir/rosidl_typesupport_introspection_c/charmie_interfaces/msg/detail/example_tr__type_support.c.o[0m
[7.171s] [ 41%] [32mBuilding CXX object CMakeFiles/charmie_interfaces__rosidl_typesupport_fastrtps_cpp.dir/rosidl_typesupport_fastrtps_cpp/charmie_interfaces/msg/detail/dds_fastrtps/example_tr__type_support.cpp.o[0m
[7.176s] [ 43%] [32m[1mLinking CXX shared library libcharmie_interfaces__rosidl_typesupport_introspection_cpp.so[0m
[7.234s] [ 45%] [32mBuilding CXX object CMakeFiles/charmie_interfaces__rosidl_typesupport_c.dir/rosidl_typesupport_c/charmie_interfaces/msg/encoders__type_support.cpp.o[0m
[7.312s] [ 47%] [32mBuilding C object CMakeFiles/charmie_interfaces__rosidl_typesupport_introspection_c.dir/rosidl_typesupport_introspection_c/charmie_interfaces/msg/detail/encoders__type_support.c.o[0m
[7.433s] [ 49%] [32mBuilding CXX object CMakeFiles/charmie_interfaces__rosidl_typesupport_c.dir/rosidl_typesupport_c/charmie_interfaces/msg/ps4_controller__type_support.cpp.o[0m
[7.456s] [ 50%] [32mBuilding C object CMakeFiles/charmie_interfaces__rosidl_typesupport_introspection_c.dir/rosidl_typesupport_introspection_c/charmie_interfaces/msg/detail/ps4_controller__type_support.c.o[0m
[7.499s] [ 50%] Built target charmie_interfaces__rosidl_typesupport_introspection_cpp
[7.528s] [ 52%] [32mBuilding CXX object CMakeFiles/charmie_interfaces__rosidl_typesupport_c.dir/rosidl_typesupport_c/charmie_interfaces/msg/robot_speech__type_support.cpp.o[0m
[7.566s] [ 54%] [32mBuilding CXX object CMakeFiles/charmie_interfaces__rosidl_typesupport_fastrtps_cpp.dir/rosidl_typesupport_fastrtps_cpp/charmie_interfaces/msg/detail/dds_fastrtps/encoders__type_support.cpp.o[0m
[7.586s] [ 56%] [32mBuilding C object CMakeFiles/charmie_interfaces__rosidl_typesupport_introspection_c.dir/rosidl_typesupport_introspection_c/charmie_interfaces/msg/detail/robot_speech__type_support.c.o[0m
[7.671s] [ 58%] [32m[1mLinking CXX shared library libcharmie_interfaces__rosidl_typesupport_c.so[0m
[7.674s] [ 60%] [32mBuilding CXX object CMakeFiles/charmie_interfaces__rosidl_typesupport_fastrtps_cpp.dir/rosidl_typesupport_fastrtps_cpp/charmie_interfaces/msg/detail/dds_fastrtps/ps4_controller__type_support.cpp.o[0m
[7.687s] [ 61%] [32m[1mLinking C shared library libcharmie_interfaces__rosidl_typesupport_introspection_c.so[0m
[7.691s] [ 63%] [32mBuilding CXX object CMakeFiles/charmie_interfaces__rosidl_typesupport_fastrtps_cpp.dir/rosidl_typesupport_fastrtps_cpp/charmie_interfaces/msg/detail/dds_fastrtps/robot_speech__type_support.cpp.o[0m
[7.764s] [ 63%] Built target charmie_interfaces__rosidl_typesupport_introspection_c
[7.807s] [ 63%] Built target charmie_interfaces__rosidl_typesupport_c
[7.865s] [ 65%] [32m[1mLinking CXX shared library libcharmie_interfaces__rosidl_typesupport_cpp.so[0m
[7.960s] [ 65%] Built target charmie_interfaces__rosidl_typesupport_cpp
[8.354s] [ 67%] [32m[1mLinking CXX shared library libcharmie_interfaces__rosidl_typesupport_fastrtps_cpp.so[0m
[8.457s] [ 67%] Built target charmie_interfaces__rosidl_typesupport_fastrtps_cpp
[8.470s] [ 69%] [34m[1mGenerating C type support for eProsima Fast-RTPS[0m
[8.922s] [35m[1mScanning dependencies of target charmie_interfaces__rosidl_typesupport_fastrtps_c[0m
[8.954s] [ 70%] [32mBuilding CXX object CMakeFiles/charmie_interfaces__rosidl_typesupport_fastrtps_c.dir/rosidl_typesupport_fastrtps_c/charmie_interfaces/msg/detail/example_tr__type_support_c.cpp.o[0m
[8.954s] [ 72%] [32mBuilding CXX object CMakeFiles/charmie_interfaces__rosidl_typesupport_fastrtps_c.dir/rosidl_typesupport_fastrtps_c/charmie_interfaces/msg/detail/encoders__type_support_c.cpp.o[0m
[8.962s] [ 74%] [32mBuilding CXX object CMakeFiles/charmie_interfaces__rosidl_typesupport_fastrtps_c.dir/rosidl_typesupport_fastrtps_c/charmie_interfaces/msg/detail/robot_speech__type_support_c.cpp.o[0m
[8.976s] [ 76%] [32mBuilding CXX object CMakeFiles/charmie_interfaces__rosidl_typesupport_fastrtps_c.dir/rosidl_typesupport_fastrtps_c/charmie_interfaces/msg/detail/ps4_controller__type_support_c.cpp.o[0m
[9.600s] [ 78%] [32m[1mLinking CXX shared library libcharmie_interfaces__rosidl_typesupport_fastrtps_c.so[0m
[9.735s] [ 78%] Built target charmie_interfaces__rosidl_typesupport_fastrtps_c
[9.747s] [35m[1mScanning dependencies of target charmie_interfaces[0m
[9.759s] [ 78%] Built target charmie_interfaces
[9.771s] [35m[1mScanning dependencies of target charmie_interfaces__py[0m
[9.784s] [ 80%] [34m[1mGenerating Python code for ROS interfaces[0m
[10.691s] [ 80%] Built target charmie_interfaces__py
[10.703s] [35m[1mScanning dependencies of target charmie_interfaces__python[0m
[10.733s] [ 85%] [32mBuilding C object CMakeFiles/charmie_interfaces__python.dir/rosidl_generator_py/charmie_interfaces/msg/_example_tr_s.c.o[0m
[10.733s] [ 85%] [32mBuilding C object CMakeFiles/charmie_interfaces__python.dir/rosidl_generator_py/charmie_interfaces/msg/_ps4_controller_s.c.o[0m
[10.733s] [ 85%] [32mBuilding C object CMakeFiles/charmie_interfaces__python.dir/rosidl_generator_py/charmie_interfaces/msg/_encoders_s.c.o[0m
[10.742s] [ 87%] [32mBuilding C object CMakeFiles/charmie_interfaces__python.dir/rosidl_generator_py/charmie_interfaces/msg/_robot_speech_s.c.o[0m
[10.921s] [ 89%] [32m[1mLinking C shared library rosidl_generator_py/charmie_interfaces/libcharmie_interfaces__python.so[0m
[10.969s] [ 89%] Built target charmie_interfaces__python
[10.981s] [35m[1mScanning dependencies of target charmie_interfaces__rosidl_typesupport_introspection_c__pyext[0m
[10.981s] [35m[1mScanning dependencies of target charmie_interfaces__rosidl_typesupport_fastrtps_c__pyext[0m
[10.984s] [35m[1mScanning dependencies of target charmie_interfaces__rosidl_typesupport_c__pyext[0m
[11.005s] [ 90%] [32mBuilding C object CMakeFiles/charmie_interfaces__rosidl_typesupport_introspection_c__pyext.dir/rosidl_generator_py/charmie_interfaces/_charmie_interfaces_s.ep.rosidl_typesupport_introspection_c.c.o[0m
[11.010s] [ 92%] [32mBuilding C object CMakeFiles/charmie_interfaces__rosidl_typesupport_fastrtps_c__pyext.dir/rosidl_generator_py/charmie_interfaces/_charmie_interfaces_s.ep.rosidl_typesupport_fastrtps_c.c.o[0m
[11.015s] [ 94%] [32mBuilding C object CMakeFiles/charmie_interfaces__rosidl_typesupport_c__pyext.dir/rosidl_generator_py/charmie_interfaces/_charmie_interfaces_s.ep.rosidl_typesupport_c.c.o[0m
[11.106s] [ 96%] [32m[1mLinking C shared library rosidl_generator_py/charmie_interfaces/charmie_interfaces_s__rosidl_typesupport_introspection_c.cpython-38-x86_64-linux-gnu.so[0m
[11.150s] [ 98%] [32m[1mLinking CXX shared library rosidl_generator_py/charmie_interfaces/charmie_interfaces_s__rosidl_typesupport_fastrtps_c.cpython-38-x86_64-linux-gnu.so[0m
[11.153s] [ 98%] Built target charmie_interfaces__rosidl_typesupport_introspection_c__pyext
[11.164s] [100%] [32m[1mLinking C shared library rosidl_generator_py/charmie_interfaces/charmie_interfaces_s__rosidl_typesupport_c.cpython-38-x86_64-linux-gnu.so[0m
[11.208s] [100%] Built target charmie_interfaces__rosidl_typesupport_c__pyext
[11.230s] [100%] Built target charmie_interfaces__rosidl_typesupport_fastrtps_c__pyext
[11.242s] Invoked command in '/home/utilizador/charmie_ws/src/build/charmie_interfaces' returned '0': CMAKE_PREFIX_PATH=${CMAKE_PREFIX_PATH}:/home/utilizador/charmie_ws/install/charmie_speakers:/home/utilizador/charmie_ws/install/charmie_ps4_controller:/home/utilizador/charmie_ws/install/charmie_neck_dynamixel:/home/utilizador/charmie_ws/install/charmie_low_level:/home/utilizador/charmie_ws/install/charmie_lidar_hokuyo:/home/utilizador/charmie_ws/install/charmie_debug:/home/utilizador/charmie_ws/install/charmie_audio:/opt/ros/foxy /usr/bin/cmake --build /home/utilizador/charmie_ws/src/build/charmie_interfaces -- -j8 -l8
[11.327s] Invoking command in '/home/utilizador/charmie_ws/src/build/charmie_interfaces': CMAKE_PREFIX_PATH=${CMAKE_PREFIX_PATH}:/home/utilizador/charmie_ws/install/charmie_speakers:/home/utilizador/charmie_ws/install/charmie_ps4_controller:/home/utilizador/charmie_ws/install/charmie_neck_dynamixel:/home/utilizador/charmie_ws/install/charmie_low_level:/home/utilizador/charmie_ws/install/charmie_lidar_hokuyo:/home/utilizador/charmie_ws/install/charmie_debug:/home/utilizador/charmie_ws/install/charmie_audio:/opt/ros/foxy /usr/bin/cmake --install /home/utilizador/charmie_ws/src/build/charmie_interfaces
[11.334s] -- Install configuration: ""
[11.335s] -- Execute custom install script
[11.335s] -- Symlinking: /home/utilizador/charmie_ws/src/install/charmie_interfaces/share/ament_index/resource_index/rosidl_interfaces/charmie_interfaces
[11.345s] -- Symlinking: /home/utilizador/charmie_ws/src/install/charmie_interfaces/include/charmie_interfaces/msg/detail/encoders__functions.h
[11.355s] -- Symlinking: /home/utilizador/charmie_ws/src/install/charmie_interfaces/include/charmie_interfaces/msg/detail/encoders__struct.h
[11.365s] -- Symlinking: /home/utilizador/charmie_ws/src/install/charmie_interfaces/include/charmie_interfaces/msg/detail/encoders__type_support.h
[11.376s] -- Symlinking: /home/utilizador/charmie_ws/src/install/charmie_interfaces/include/charmie_interfaces/msg/detail/example_tr__functions.h
[11.386s] -- Symlinking: /home/utilizador/charmie_ws/src/install/charmie_interfaces/include/charmie_interfaces/msg/detail/example_tr__struct.h
[11.396s] -- Symlinking: /home/utilizador/charmie_ws/src/install/charmie_interfaces/include/charmie_interfaces/msg/detail/example_tr__type_support.h
[11.405s] -- Symlinking: /home/utilizador/charmie_ws/src/install/charmie_interfaces/include/charmie_interfaces/msg/detail/ps4_controller__functions.h
[11.415s] -- Symlinking: /home/utilizador/charmie_ws/src/install/charmie_interfaces/include/charmie_interfaces/msg/detail/ps4_controller__struct.h
[11.425s] -- Symlinking: /home/utilizador/charmie_ws/src/install/charmie_interfaces/include/charmie_interfaces/msg/detail/ps4_controller__type_support.h
[11.436s] -- Symlinking: /home/utilizador/charmie_ws/src/install/charmie_interfaces/include/charmie_interfaces/msg/detail/robot_speech__functions.h
[11.446s] -- Symlinking: /home/utilizador/charmie_ws/src/install/charmie_interfaces/include/charmie_interfaces/msg/detail/robot_speech__struct.h
[11.456s] -- Symlinking: /home/utilizador/charmie_ws/src/install/charmie_interfaces/include/charmie_interfaces/msg/detail/robot_speech__type_support.h
[11.466s] -- Symlinking: /home/utilizador/charmie_ws/src/install/charmie_interfaces/include/charmie_interfaces/msg/encoders.h
[11.476s] -- Symlinking: /home/utilizador/charmie_ws/src/install/charmie_interfaces/include/charmie_interfaces/msg/example_tr.h
[11.486s] -- Symlinking: /home/utilizador/charmie_ws/src/install/charmie_interfaces/include/charmie_interfaces/msg/ps4_controller.h
[11.496s] -- Symlinking: /home/utilizador/charmie_ws/src/install/charmie_interfaces/include/charmie_interfaces/msg/robot_speech.h
[11.506s] -- Symlinking: /home/utilizador/charmie_ws/src/install/charmie_interfaces/include/charmie_interfaces/msg/rosidl_generator_c__visibility_control.h
[11.517s] -- Symlinking: /home/utilizador/charmie_ws/src/install/charmie_interfaces/share/charmie_interfaces/environment/library_path.sh
[11.527s] -- Symlinking: /home/utilizador/charmie_ws/src/install/charmie_interfaces/share/charmie_interfaces/environment/library_path.dsv
[11.538s] -- Symlinking: /home/utilizador/charmie_ws/src/install/charmie_interfaces/include/charmie_interfaces/msg/detail/encoders__rosidl_typesupport_fastrtps_c.h
[11.547s] -- Symlinking: /home/utilizador/charmie_ws/src/install/charmie_interfaces/include/charmie_interfaces/msg/detail/example_tr__rosidl_typesupport_fastrtps_c.h
[11.557s] -- Symlinking: /home/utilizador/charmie_ws/src/install/charmie_interfaces/include/charmie_interfaces/msg/detail/ps4_controller__rosidl_typesupport_fastrtps_c.h
[11.567s] -- Symlinking: /home/utilizador/charmie_ws/src/install/charmie_interfaces/include/charmie_interfaces/msg/detail/robot_speech__rosidl_typesupport_fastrtps_c.h
[11.577s] -- Symlinking: /home/utilizador/charmie_ws/src/install/charmie_interfaces/include/charmie_interfaces/msg/rosidl_typesupport_fastrtps_c__visibility_control.h
[11.588s] -- Symlinking: /home/utilizador/charmie_ws/src/install/charmie_interfaces/lib/libcharmie_interfaces__rosidl_typesupport_fastrtps_c.so
[11.599s] -- Symlinking: /home/utilizador/charmie_ws/src/install/charmie_interfaces/include/charmie_interfaces/msg/detail/encoders__rosidl_typesupport_fastrtps_cpp.hpp
[11.609s] -- Symlinking: /home/utilizador/charmie_ws/src/install/charmie_interfaces/include/charmie_interfaces/msg/detail/example_tr__rosidl_typesupport_fastrtps_cpp.hpp
[11.619s] -- Symlinking: /home/utilizador/charmie_ws/src/install/charmie_interfaces/include/charmie_interfaces/msg/detail/ps4_controller__rosidl_typesupport_fastrtps_cpp.hpp
[11.629s] -- Symlinking: /home/utilizador/charmie_ws/src/install/charmie_interfaces/include/charmie_interfaces/msg/detail/robot_speech__rosidl_typesupport_fastrtps_cpp.hpp
[11.638s] -- Symlinking: /home/utilizador/charmie_ws/src/install/charmie_interfaces/include/charmie_interfaces/msg/rosidl_typesupport_fastrtps_cpp__visibility_control.h
[11.649s] -- Symlinking: /home/utilizador/charmie_ws/src/install/charmie_interfaces/lib/libcharmie_interfaces__rosidl_typesupport_fastrtps_cpp.so
[11.659s] -- Symlinking: /home/utilizador/charmie_ws/src/install/charmie_interfaces/include/charmie_interfaces/msg/detail/encoders__rosidl_typesupport_introspection_c.h
[11.669s] -- Symlinking: /home/utilizador/charmie_ws/src/install/charmie_interfaces/include/charmie_interfaces/msg/detail/example_tr__rosidl_typesupport_introspection_c.h
[11.679s] -- Symlinking: /home/utilizador/charmie_ws/src/install/charmie_interfaces/include/charmie_interfaces/msg/detail/ps4_controller__rosidl_typesupport_introspection_c.h
[11.689s] -- Symlinking: /home/utilizador/charmie_ws/src/install/charmie_interfaces/include/charmie_interfaces/msg/detail/robot_speech__rosidl_typesupport_introspection_c.h
[11.699s] -- Symlinking: /home/utilizador/charmie_ws/src/install/charmie_interfaces/include/charmie_interfaces/msg/rosidl_typesupport_introspection_c__visibility_control.h
[11.709s] -- Symlinking: /home/utilizador/charmie_ws/src/install/charmie_interfaces/include/charmie_interfaces/msg/detail/encoders__builder.hpp
[11.721s] -- Symlinking: /home/utilizador/charmie_ws/src/install/charmie_interfaces/include/charmie_interfaces/msg/detail/encoders__struct.hpp
[11.731s] -- Symlinking: /home/utilizador/charmie_ws/src/install/charmie_interfaces/include/charmie_interfaces/msg/detail/encoders__traits.hpp
[11.741s] -- Symlinking: /home/utilizador/charmie_ws/src/install/charmie_interfaces/include/charmie_interfaces/msg/detail/example_tr__builder.hpp
[11.751s] -- Symlinking: /home/utilizador/charmie_ws/src/install/charmie_interfaces/include/charmie_interfaces/msg/detail/example_tr__struct.hpp
[11.761s] -- Symlinking: /home/utilizador/charmie_ws/src/install/charmie_interfaces/include/charmie_interfaces/msg/detail/example_tr__traits.hpp
[11.771s] -- Symlinking: /home/utilizador/charmie_ws/src/install/charmie_interfaces/include/charmie_interfaces/msg/detail/ps4_controller__builder.hpp
[11.780s] -- Symlinking: /home/utilizador/charmie_ws/src/install/charmie_interfaces/include/charmie_interfaces/msg/detail/ps4_controller__struct.hpp
[11.790s] -- Symlinking: /home/utilizador/charmie_ws/src/install/charmie_interfaces/include/charmie_interfaces/msg/detail/ps4_controller__traits.hpp
[11.801s] -- Symlinking: /home/utilizador/charmie_ws/src/install/charmie_interfaces/include/charmie_interfaces/msg/detail/robot_speech__builder.hpp
[11.810s] -- Symlinking: /home/utilizador/charmie_ws/src/install/charmie_interfaces/include/charmie_interfaces/msg/detail/robot_speech__struct.hpp
[11.820s] -- Symlinking: /home/utilizador/charmie_ws/src/install/charmie_interfaces/include/charmie_interfaces/msg/detail/robot_speech__traits.hpp
[11.829s] -- Symlinking: /home/utilizador/charmie_ws/src/install/charmie_interfaces/include/charmie_interfaces/msg/encoders.hpp
[11.839s] -- Symlinking: /home/utilizador/charmie_ws/src/install/charmie_interfaces/include/charmie_interfaces/msg/example_tr.hpp
[11.848s] -- Symlinking: /home/utilizador/charmie_ws/src/install/charmie_interfaces/include/charmie_interfaces/msg/ps4_controller.hpp
[11.859s] -- Symlinking: /home/utilizador/charmie_ws/src/install/charmie_interfaces/include/charmie_interfaces/msg/robot_speech.hpp
[11.869s] -- Symlinking: /home/utilizador/charmie_ws/src/install/charmie_interfaces/include/charmie_interfaces/msg/detail/encoders__rosidl_typesupport_introspection_cpp.hpp
[11.878s] -- Symlinking: /home/utilizador/charmie_ws/src/install/charmie_interfaces/include/charmie_interfaces/msg/detail/example_tr__rosidl_typesupport_introspection_cpp.hpp
[11.888s] -- Symlinking: /home/utilizador/charmie_ws/src/install/charmie_interfaces/include/charmie_interfaces/msg/detail/ps4_controller__rosidl_typesupport_introspection_cpp.hpp
[11.898s] -- Symlinking: /home/utilizador/charmie_ws/src/install/charmie_interfaces/include/charmie_interfaces/msg/detail/robot_speech__rosidl_typesupport_introspection_cpp.hpp
[11.908s] -- Symlinking: /home/utilizador/charmie_ws/src/install/charmie_interfaces/share/charmie_interfaces/environment/pythonpath.sh
[11.918s] -- Symlinking: /home/utilizador/charmie_ws/src/install/charmie_interfaces/share/charmie_interfaces/environment/pythonpath.dsv
[11.928s] -- Symlinking: /home/utilizador/charmie_ws/src/install/charmie_interfaces/lib/python3.8/site-packages/charmie_interfaces/__init__.py
[11.940s] -- Symlinking: /home/utilizador/charmie_ws/src/install/charmie_interfaces/lib/python3.8/site-packages/charmie_interfaces/msg/__init__.py
[11.950s] -- Symlinking: /home/utilizador/charmie_ws/src/install/charmie_interfaces/lib/python3.8/site-packages/charmie_interfaces/msg/_encoders.py
[11.960s] -- Symlinking: /home/utilizador/charmie_ws/src/install/charmie_interfaces/lib/python3.8/site-packages/charmie_interfaces/msg/_example_tr.py
[11.972s] -- Symlinking: /home/utilizador/charmie_ws/src/install/charmie_interfaces/lib/python3.8/site-packages/charmie_interfaces/msg/_ps4_controller.py
[11.983s] -- Symlinking: /home/utilizador/charmie_ws/src/install/charmie_interfaces/lib/python3.8/site-packages/charmie_interfaces/msg/_robot_speech.py
[11.994s] -- Symlinking: /home/utilizador/charmie_ws/src/install/charmie_interfaces/lib/python3.8/site-packages/charmie_interfaces/charmie_interfaces_s__rosidl_typesupport_fastrtps_c.cpython-38-x86_64-linux-gnu.so
[12.005s] -- Symlinking: /home/utilizador/charmie_ws/src/install/charmie_interfaces/lib/python3.8/site-packages/charmie_interfaces/charmie_interfaces_s__rosidl_typesupport_introspection_c.cpython-38-x86_64-linux-gnu.so
[12.016s] -- Symlinking: /home/utilizador/charmie_ws/src/install/charmie_interfaces/lib/python3.8/site-packages/charmie_interfaces/charmie_interfaces_s__rosidl_typesupport_c.cpython-38-x86_64-linux-gnu.so
[12.026s] -- Symlinking: /home/utilizador/charmie_ws/src/install/charmie_interfaces/lib/libcharmie_interfaces__python.so
[12.036s] -- Symlinking: /home/utilizador/charmie_ws/src/install/charmie_interfaces/share/charmie_interfaces/msg/ExampleTR.idl
[12.047s] -- Symlinking: /home/utilizador/charmie_ws/src/install/charmie_interfaces/share/charmie_interfaces/msg/Encoders.idl
[12.057s] -- Symlinking: /home/utilizador/charmie_ws/src/install/charmie_interfaces/share/charmie_interfaces/msg/PS4Controller.idl
[12.068s] -- Symlinking: /home/utilizador/charmie_ws/src/install/charmie_interfaces/share/charmie_interfaces/msg/RobotSpeech.idl
[12.078s] -- Symlinking: /home/utilizador/charmie_ws/src/install/charmie_interfaces/share/charmie_interfaces/msg/ExampleTR.msg
[12.089s] -- Symlinking: /home/utilizador/charmie_ws/src/install/charmie_interfaces/share/charmie_interfaces/msg/Encoders.msg
[12.100s] -- Symlinking: /home/utilizador/charmie_ws/src/install/charmie_interfaces/share/charmie_interfaces/msg/PS4Controller.msg
[12.111s] -- Symlinking: /home/utilizador/charmie_ws/src/install/charmie_interfaces/share/charmie_interfaces/msg/RobotSpeech.msg
[12.122s] -- Symlinking: /home/utilizador/charmie_ws/src/install/charmie_interfaces/share/ament_index/resource_index/package_run_dependencies/charmie_interfaces
[12.138s] -- Symlinking: /home/utilizador/charmie_ws/src/install/charmie_interfaces/share/ament_index/resource_index/parent_prefix_path/charmie_interfaces
[12.146s] -- Symlinking: /home/utilizador/charmie_ws/src/install/charmie_interfaces/share/charmie_interfaces/environment/ament_prefix_path.sh
[12.157s] -- Symlinking: /home/utilizador/charmie_ws/src/install/charmie_interfaces/share/charmie_interfaces/environment/ament_prefix_path.dsv
[12.167s] -- Symlinking: /home/utilizador/charmie_ws/src/install/charmie_interfaces/share/charmie_interfaces/environment/path.sh
[12.177s] -- Symlinking: /home/utilizador/charmie_ws/src/install/charmie_interfaces/share/charmie_interfaces/environment/path.dsv
[12.189s] -- Symlinking: /home/utilizador/charmie_ws/src/install/charmie_interfaces/share/charmie_interfaces/local_setup.bash
[12.199s] -- Symlinking: /home/utilizador/charmie_ws/src/install/charmie_interfaces/share/charmie_interfaces/local_setup.sh
[12.209s] -- Symlinking: /home/utilizador/charmie_ws/src/install/charmie_interfaces/share/charmie_interfaces/local_setup.zsh
[12.220s] -- Symlinking: /home/utilizador/charmie_ws/src/install/charmie_interfaces/share/charmie_interfaces/local_setup.dsv
[12.229s] -- Symlinking: /home/utilizador/charmie_ws/src/install/charmie_interfaces/share/charmie_interfaces/package.dsv
[12.241s] -- Symlinking: /home/utilizador/charmie_ws/src/install/charmie_interfaces/share/ament_index/resource_index/packages/charmie_interfaces
[12.256s] -- Symlinking: /home/utilizador/charmie_ws/src/install/charmie_interfaces/share/charmie_interfaces/cmake/rosidl_cmake-extras.cmake
[12.267s] -- Symlinking: /home/utilizador/charmie_ws/src/install/charmie_interfaces/share/charmie_interfaces/cmake/ament_cmake_export_dependencies-extras.cmake
[12.277s] -- Symlinking: /home/utilizador/charmie_ws/src/install/charmie_interfaces/share/charmie_interfaces/cmake/ament_cmake_export_libraries-extras.cmake
[12.289s] -- Symlinking: /home/utilizador/charmie_ws/src/install/charmie_interfaces/share/charmie_interfaces/cmake/ament_cmake_export_targets-extras.cmake
[12.305s] -- Symlinking: /home/utilizador/charmie_ws/src/install/charmie_interfaces/share/charmie_interfaces/cmake/ament_cmake_export_include_directories-extras.cmake
[12.311s] -- Symlinking: /home/utilizador/charmie_ws/src/install/charmie_interfaces/share/charmie_interfaces/cmake/rosidl_cmake_export_typesupport_libraries-extras.cmake
[12.321s] -- Symlinking: /home/utilizador/charmie_ws/src/install/charmie_interfaces/share/charmie_interfaces/cmake/rosidl_cmake_export_typesupport_targets-extras.cmake
[12.332s] -- Symlinking: /home/utilizador/charmie_ws/src/install/charmie_interfaces/share/charmie_interfaces/cmake/charmie_interfacesConfig.cmake
[12.342s] -- Symlinking: /home/utilizador/charmie_ws/src/install/charmie_interfaces/share/charmie_interfaces/cmake/charmie_interfacesConfig-version.cmake
[12.353s] -- Symlinking: /home/utilizador/charmie_ws/src/install/charmie_interfaces/share/charmie_interfaces/package.xml
[12.364s] -- Installing: /home/utilizador/charmie_ws/src/install/charmie_interfaces/lib/libcharmie_interfaces__rosidl_generator_c.so
[12.365s] -- Set runtime path of "/home/utilizador/charmie_ws/src/install/charmie_interfaces/lib/libcharmie_interfaces__rosidl_generator_c.so" to ""
[12.365s] -- Installing: /home/utilizador/charmie_ws/src/install/charmie_interfaces/lib/libcharmie_interfaces__rosidl_typesupport_introspection_c.so
[12.365s] -- Set runtime path of "/home/utilizador/charmie_ws/src/install/charmie_interfaces/lib/libcharmie_interfaces__rosidl_typesupport_introspection_c.so" to ""
[12.365s] -- Installing: /home/utilizador/charmie_ws/src/install/charmie_interfaces/lib/libcharmie_interfaces__rosidl_typesupport_c.so
[12.366s] -- Set runtime path of "/home/utilizador/charmie_ws/src/install/charmie_interfaces/lib/libcharmie_interfaces__rosidl_typesupport_c.so" to ""
[12.366s] -- Installing: /home/utilizador/charmie_ws/src/install/charmie_interfaces/lib/libcharmie_interfaces__rosidl_typesupport_introspection_cpp.so
[12.366s] -- Set runtime path of "/home/utilizador/charmie_ws/src/install/charmie_interfaces/lib/libcharmie_interfaces__rosidl_typesupport_introspection_cpp.so" to ""
[12.366s] -- Installing: /home/utilizador/charmie_ws/src/install/charmie_interfaces/lib/libcharmie_interfaces__rosidl_typesupport_cpp.so
[12.367s] -- Set runtime path of "/home/utilizador/charmie_ws/src/install/charmie_interfaces/lib/libcharmie_interfaces__rosidl_typesupport_cpp.so" to ""
[12.405s] Compiling '/home/utilizador/charmie_ws/src/install/charmie_interfaces/lib/python3.8/site-packages/charmie_interfaces/__init__.py'...
[12.411s] -- Installing: /home/utilizador/charmie_ws/src/install/charmie_interfaces/share/charmie_interfaces/cmake/charmie_interfaces__rosidl_generator_cExport.cmake
[12.411s] -- Installing: /home/utilizador/charmie_ws/src/install/charmie_interfaces/share/charmie_interfaces/cmake/charmie_interfaces__rosidl_generator_cExport-noconfig.cmake
[12.411s] -- Installing: /home/utilizador/charmie_ws/src/install/charmie_interfaces/share/charmie_interfaces/cmake/charmie_interfaces__rosidl_typesupport_introspection_cExport.cmake
[12.411s] -- Installing: /home/utilizador/charmie_ws/src/install/charmie_interfaces/share/charmie_interfaces/cmake/charmie_interfaces__rosidl_typesupport_introspection_cExport-noconfig.cmake
[12.412s] -- Installing: /home/utilizador/charmie_ws/src/install/charmie_interfaces/share/charmie_interfaces/cmake/charmie_interfaces__rosidl_typesupport_cExport.cmake
[12.412s] -- Installing: /home/utilizador/charmie_ws/src/install/charmie_interfaces/share/charmie_interfaces/cmake/charmie_interfaces__rosidl_typesupport_cExport-noconfig.cmake
[12.412s] -- Installing: /home/utilizador/charmie_ws/src/install/charmie_interfaces/share/charmie_interfaces/cmake/charmie_interfaces__rosidl_generator_cppExport.cmake
[12.412s] -- Installing: /home/utilizador/charmie_ws/src/install/charmie_interfaces/share/charmie_interfaces/cmake/charmie_interfaces__rosidl_typesupport_introspection_cppExport.cmake
[12.412s] -- Installing: /home/utilizador/charmie_ws/src/install/charmie_interfaces/share/charmie_interfaces/cmake/charmie_interfaces__rosidl_typesupport_introspection_cppExport-noconfig.cmake
[12.412s] -- Installing: /home/utilizador/charmie_ws/src/install/charmie_interfaces/share/charmie_interfaces/cmake/charmie_interfaces__rosidl_typesupport_cppExport.cmake
[12.413s] -- Installing: /home/utilizador/charmie_ws/src/install/charmie_interfaces/share/charmie_interfaces/cmake/charmie_interfaces__rosidl_typesupport_cppExport-noconfig.cmake
[12.420s] Invoked command in '/home/utilizador/charmie_ws/src/build/charmie_interfaces' returned '0': CMAKE_PREFIX_PATH=${CMAKE_PREFIX_PATH}:/home/utilizador/charmie_ws/install/charmie_speakers:/home/utilizador/charmie_ws/install/charmie_ps4_controller:/home/utilizador/charmie_ws/install/charmie_neck_dynamixel:/home/utilizador/charmie_ws/install/charmie_low_level:/home/utilizador/charmie_ws/install/charmie_lidar_hokuyo:/home/utilizador/charmie_ws/install/charmie_debug:/home/utilizador/charmie_ws/install/charmie_audio:/opt/ros/foxy /usr/bin/cmake --install /home/utilizador/charmie_ws/src/build/charmie_interfaces
