[2.417s] Invoking command in '/home/utilizador/charmie_ws/src/charmie_receptionist': AMENT_PREFIX_PATH=/home/utilizador/charmie_ws/install/charmie_interfaces:${AMENT_PREFIX_PATH} CMAKE_PREFIX_PATH=/home/utilizador/charmie_ws/install/charmie_interfaces LD_LIBRARY_PATH=/home/utilizador/charmie_ws/install/charmie_interfaces/lib:${LD_LIBRARY_PATH} PYTHONPATH=/home/utilizador/charmie_ws/build/charmie_receptionist/prefix_override:/home/utilizador/charmie_ws/install/charmie_receptionist/lib/python3.8/site-packages:/home/utilizador/charmie_ws/install/charmie_interfaces/lib/python3.8/site-packages:${PYTHONPATH} /usr/bin/python3 setup.py egg_info --egg-base ../../build/charmie_receptionist build --build-base /home/utilizador/charmie_ws/build/charmie_receptionist/build install --record /home/utilizador/charmie_ws/build/charmie_receptionist/install.log --single-version-externally-managed
[2.809s] running egg_info
[2.810s] creating ../../build/charmie_receptionist/charmie_receptionist.egg-info
[2.810s] writing ../../build/charmie_receptionist/charmie_receptionist.egg-info/PKG-INFO
[2.811s] writing dependency_links to ../../build/charmie_receptionist/charmie_receptionist.egg-info/dependency_links.txt
[2.811s] writing entry points to ../../build/charmie_receptionist/charmie_receptionist.egg-info/entry_points.txt
[2.811s] writing requirements to ../../build/charmie_receptionist/charmie_receptionist.egg-info/requires.txt
[2.811s] writing top-level names to ../../build/charmie_receptionist/charmie_receptionist.egg-info/top_level.txt
[2.814s] writing manifest file '../../build/charmie_receptionist/charmie_receptionist.egg-info/SOURCES.txt'
[2.877s] reading manifest file '../../build/charmie_receptionist/charmie_receptionist.egg-info/SOURCES.txt'
[2.878s] writing manifest file '../../build/charmie_receptionist/charmie_receptionist.egg-info/SOURCES.txt'
[2.878s] running build
[2.879s] running build_py
[2.879s] creating /home/utilizador/charmie_ws/build/charmie_receptionist/build
[2.879s] creating /home/utilizador/charmie_ws/build/charmie_receptionist/build/lib
[2.880s] creating /home/utilizador/charmie_ws/build/charmie_receptionist/build/lib/charmie_receptionist
[2.880s] copying charmie_receptionist/__init__.py -> /home/utilizador/charmie_ws/build/charmie_receptionist/build/lib/charmie_receptionist
[2.880s] copying charmie_receptionist/testes.py -> /home/utilizador/charmie_ws/build/charmie_receptionist/build/lib/charmie_receptionist
[2.880s] copying charmie_receptionist/receptionist.py -> /home/utilizador/charmie_ws/build/charmie_receptionist/build/lib/charmie_receptionist
[2.881s] running install
[2.882s] running install_lib
[2.884s] creating /home/utilizador/charmie_ws/install/charmie_receptionist/lib/python3.8/site-packages/charmie_receptionist
[2.884s] copying /home/utilizador/charmie_ws/build/charmie_receptionist/build/lib/charmie_receptionist/__init__.py -> /home/utilizador/charmie_ws/install/charmie_receptionist/lib/python3.8/site-packages/charmie_receptionist
[2.885s] copying /home/utilizador/charmie_ws/build/charmie_receptionist/build/lib/charmie_receptionist/testes.py -> /home/utilizador/charmie_ws/install/charmie_receptionist/lib/python3.8/site-packages/charmie_receptionist
[2.885s] copying /home/utilizador/charmie_ws/build/charmie_receptionist/build/lib/charmie_receptionist/receptionist.py -> /home/utilizador/charmie_ws/install/charmie_receptionist/lib/python3.8/site-packages/charmie_receptionist
[2.886s] byte-compiling /home/utilizador/charmie_ws/install/charmie_receptionist/lib/python3.8/site-packages/charmie_receptionist/__init__.py to __init__.cpython-38.pyc
[2.888s] byte-compiling /home/utilizador/charmie_ws/install/charmie_receptionist/lib/python3.8/site-packages/charmie_receptionist/testes.py to testes.cpython-38.pyc
[2.889s] byte-compiling /home/utilizador/charmie_ws/install/charmie_receptionist/lib/python3.8/site-packages/charmie_receptionist/receptionist.py to receptionist.cpython-38.pyc
[2.899s] running install_data
[2.901s] creating /home/utilizador/charmie_ws/install/charmie_receptionist/share/ament_index
[2.901s] creating /home/utilizador/charmie_ws/install/charmie_receptionist/share/ament_index/resource_index
[2.901s] creating /home/utilizador/charmie_ws/install/charmie_receptionist/share/ament_index/resource_index/packages
[2.901s] copying resource/charmie_receptionist -> /home/utilizador/charmie_ws/install/charmie_receptionist/share/ament_index/resource_index/packages
[2.902s] copying package.xml -> /home/utilizador/charmie_ws/install/charmie_receptionist/share/charmie_receptionist
[2.902s] creating /home/utilizador/charmie_ws/install/charmie_receptionist/share/charmie_receptionist/launch
[2.902s] copying launch/receptionist_launch.launch.py -> /home/utilizador/charmie_ws/install/charmie_receptionist/share/charmie_receptionist/launch
[2.902s] running install_egg_info
[2.905s] Copying ../../build/charmie_receptionist/charmie_receptionist.egg-info to /home/utilizador/charmie_ws/install/charmie_receptionist/lib/python3.8/site-packages/charmie_receptionist-0.0.0-py3.8.egg-info
[2.907s] running install_scripts
[2.938s] Installing receptionist script to /home/utilizador/charmie_ws/install/charmie_receptionist/lib/charmie_receptionist
[2.939s] writing list of installed files to '/home/utilizador/charmie_ws/build/charmie_receptionist/install.log'
[3.038s] Invoked command in '/home/utilizador/charmie_ws/src/charmie_receptionist' returned '0': AMENT_PREFIX_PATH=/home/utilizador/charmie_ws/install/charmie_interfaces:${AMENT_PREFIX_PATH} CMAKE_PREFIX_PATH=/home/utilizador/charmie_ws/install/charmie_interfaces LD_LIBRARY_PATH=/home/utilizador/charmie_ws/install/charmie_interfaces/lib:${LD_LIBRARY_PATH} PYTHONPATH=/home/utilizador/charmie_ws/build/charmie_receptionist/prefix_override:/home/utilizador/charmie_ws/install/charmie_receptionist/lib/python3.8/site-packages:/home/utilizador/charmie_ws/install/charmie_interfaces/lib/python3.8/site-packages:${PYTHONPATH} /usr/bin/python3 setup.py egg_info --egg-base ../../build/charmie_receptionist build --build-base /home/utilizador/charmie_ws/build/charmie_receptionist/build install --record /home/utilizador/charmie_ws/build/charmie_receptionist/install.log --single-version-externally-managed
