[4.120s] Invoking command in '/home/utilizador/charmie_ws/build/charmie_lidar_hokuyo': PYTHONPATH=/home/utilizador/charmie_ws/build/charmie_lidar_hokuyo/prefix_override:/home/utilizador/charmie_ws/install/charmie_lidar_hokuyo/lib/python3.8/site-packages:${PYTHONPATH} /usr/bin/python3 setup.py develop --uninstall --editable --build-directory /home/utilizador/charmie_ws/build/charmie_lidar_hokuyo/build
[5.131s] running develop
[5.507s] Removing /home/utilizador/charmie_ws/install/charmie_lidar_hokuyo/lib/python3.8/site-packages/charmie-lidar-hokuyo.egg-link (link to .)
[5.823s] Invoked command in '/home/utilizador/charmie_ws/build/charmie_lidar_hokuyo' returned '0': PYTHONPATH=/home/utilizador/charmie_ws/build/charmie_lidar_hokuyo/prefix_override:/home/utilizador/charmie_ws/install/charmie_lidar_hokuyo/lib/python3.8/site-packages:${PYTHONPATH} /usr/bin/python3 setup.py develop --uninstall --editable --build-directory /home/utilizador/charmie_ws/build/charmie_lidar_hokuyo/build
[5.825s] Invoking command in '/home/utilizador/charmie_ws/src/charmie_lidar_hokuyo': PYTHONPATH=/home/utilizador/charmie_ws/build/charmie_lidar_hokuyo/prefix_override:/home/utilizador/charmie_ws/install/charmie_lidar_hokuyo/lib/python3.8/site-packages:${PYTHONPATH} /usr/bin/python3 setup.py egg_info --egg-base ../../build/charmie_lidar_hokuyo build --build-base /home/utilizador/charmie_ws/build/charmie_lidar_hokuyo/build install --record /home/utilizador/charmie_ws/build/charmie_lidar_hokuyo/install.log --single-version-externally-managed
[6.837s] running egg_info
[6.837s] writing ../../build/charmie_lidar_hokuyo/charmie_lidar_hokuyo.egg-info/PKG-INFO
[6.837s] writing dependency_links to ../../build/charmie_lidar_hokuyo/charmie_lidar_hokuyo.egg-info/dependency_links.txt
[6.837s] writing entry points to ../../build/charmie_lidar_hokuyo/charmie_lidar_hokuyo.egg-info/entry_points.txt
[6.838s] writing requirements to ../../build/charmie_lidar_hokuyo/charmie_lidar_hokuyo.egg-info/requires.txt
[6.838s] writing top-level names to ../../build/charmie_lidar_hokuyo/charmie_lidar_hokuyo.egg-info/top_level.txt
[6.838s] reading manifest file '../../build/charmie_lidar_hokuyo/charmie_lidar_hokuyo.egg-info/SOURCES.txt'
[6.838s] writing manifest file '../../build/charmie_lidar_hokuyo/charmie_lidar_hokuyo.egg-info/SOURCES.txt'
[6.838s] running build
[6.838s] running build_py
[6.838s] creating /home/utilizador/charmie_ws/build/charmie_lidar_hokuyo/build
[6.838s] creating /home/utilizador/charmie_ws/build/charmie_lidar_hokuyo/build/lib
[6.838s] creating /home/utilizador/charmie_ws/build/charmie_lidar_hokuyo/build/lib/charmie_lidar_hokuyo
[6.838s] copying charmie_lidar_hokuyo/__init__.py -> /home/utilizador/charmie_ws/build/charmie_lidar_hokuyo/build/lib/charmie_lidar_hokuyo
[6.838s] copying charmie_lidar_hokuyo/lidar_hokuyo.py -> /home/utilizador/charmie_ws/build/charmie_lidar_hokuyo/build/lib/charmie_lidar_hokuyo
[6.838s] running install
[6.838s] running install_lib
[6.838s] creating /home/utilizador/charmie_ws/install/charmie_lidar_hokuyo/lib/python3.8/site-packages/charmie_lidar_hokuyo
[6.839s] copying /home/utilizador/charmie_ws/build/charmie_lidar_hokuyo/build/lib/charmie_lidar_hokuyo/__init__.py -> /home/utilizador/charmie_ws/install/charmie_lidar_hokuyo/lib/python3.8/site-packages/charmie_lidar_hokuyo
[6.839s] copying /home/utilizador/charmie_ws/build/charmie_lidar_hokuyo/build/lib/charmie_lidar_hokuyo/lidar_hokuyo.py -> /home/utilizador/charmie_ws/install/charmie_lidar_hokuyo/lib/python3.8/site-packages/charmie_lidar_hokuyo
[6.839s] byte-compiling /home/utilizador/charmie_ws/install/charmie_lidar_hokuyo/lib/python3.8/site-packages/charmie_lidar_hokuyo/__init__.py to __init__.cpython-38.pyc
[6.839s] byte-compiling /home/utilizador/charmie_ws/install/charmie_lidar_hokuyo/lib/python3.8/site-packages/charmie_lidar_hokuyo/lidar_hokuyo.py to lidar_hokuyo.cpython-38.pyc
[6.839s] running install_data
[6.839s] running install_egg_info
[6.839s] Copying ../../build/charmie_lidar_hokuyo/charmie_lidar_hokuyo.egg-info to /home/utilizador/charmie_ws/install/charmie_lidar_hokuyo/lib/python3.8/site-packages/charmie_lidar_hokuyo-0.0.0-py3.8.egg-info
[6.839s] running install_scripts
[6.840s] Installing lidar_hokuyo script to /home/utilizador/charmie_ws/install/charmie_lidar_hokuyo/lib/charmie_lidar_hokuyo
[6.840s] writing list of installed files to '/home/utilizador/charmie_ws/build/charmie_lidar_hokuyo/install.log'
[6.931s] Invoked command in '/home/utilizador/charmie_ws/src/charmie_lidar_hokuyo' returned '0': PYTHONPATH=/home/utilizador/charmie_ws/build/charmie_lidar_hokuyo/prefix_override:/home/utilizador/charmie_ws/install/charmie_lidar_hokuyo/lib/python3.8/site-packages:${PYTHONPATH} /usr/bin/python3 setup.py egg_info --egg-base ../../build/charmie_lidar_hokuyo build --build-base /home/utilizador/charmie_ws/build/charmie_lidar_hokuyo/build install --record /home/utilizador/charmie_ws/build/charmie_lidar_hokuyo/install.log --single-version-externally-managed
