running develop
running egg_info
creating charmie_audio.egg-info
writing charmie_audio.egg-info/PKG-INFO
writing dependency_links to charmie_audio.egg-info/dependency_links.txt
writing entry points to charmie_audio.egg-info/entry_points.txt
writing requirements to charmie_audio.egg-info/requires.txt
writing top-level names to charmie_audio.egg-info/top_level.txt
writing manifest file 'charmie_audio.egg-info/SOURCES.txt'
reading manifest file 'charmie_audio.egg-info/SOURCES.txt'
writing manifest file 'charmie_audio.egg-info/SOURCES.txt'
running build_ext
Creating /home/utilizador/charmie_ws/src/install/charmie_audio/lib/python3.8/site-packages/site.py
Creating /home/utilizador/charmie_ws/src/install/charmie_audio/lib/python3.8/site-packages/charmie-audio.egg-link (link to .)
Installing audio script to /home/utilizador/charmie_ws/src/install/charmie_audio/lib/charmie_audio

Installed /home/utilizador/charmie_ws/src/build/charmie_audio
running install_data
creating /home/utilizador/charmie_ws/src/install/charmie_audio/share/ament_index
creating /home/utilizador/charmie_ws/src/install/charmie_audio/share/ament_index/resource_index
creating /home/utilizador/charmie_ws/src/install/charmie_audio/share/ament_index/resource_index/packages
copying resource/charmie_audio -> /home/utilizador/charmie_ws/src/install/charmie_audio/share/ament_index/resource_index/packages
copying package.xml -> /home/utilizador/charmie_ws/src/install/charmie_audio/share/charmie_audio
