[2.197s] Invoking command in '/home/utilizador/charmie_ws/src/build/charmie_audio': PYTHONPATH=/home/utilizador/charmie_ws/src/build/charmie_audio/prefix_override:/home/utilizador/charmie_ws/src/install/charmie_audio/lib/python3.8/site-packages:${PYTHONPATH} /usr/bin/python3 setup.py develop --editable --build-directory /home/utilizador/charmie_ws/src/build/charmie_audio/build --no-deps install_data
[2.753s] running develop
[3.073s] running egg_info
[3.073s] creating charmie_audio.egg-info
[3.073s] writing charmie_audio.egg-info/PKG-INFO
[3.074s] writing dependency_links to charmie_audio.egg-info/dependency_links.txt
[3.074s] writing entry points to charmie_audio.egg-info/entry_points.txt
[3.074s] writing requirements to charmie_audio.egg-info/requires.txt
[3.074s] writing top-level names to charmie_audio.egg-info/top_level.txt
[3.077s] writing manifest file 'charmie_audio.egg-info/SOURCES.txt'
[3.143s] reading manifest file 'charmie_audio.egg-info/SOURCES.txt'
[3.145s] writing manifest file 'charmie_audio.egg-info/SOURCES.txt'
[3.291s] running build_ext
[3.291s] Creating /home/utilizador/charmie_ws/src/install/charmie_audio/lib/python3.8/site-packages/site.py
[3.294s] Creating /home/utilizador/charmie_ws/src/install/charmie_audio/lib/python3.8/site-packages/charmie-audio.egg-link (link to .)
[3.296s] Installing audio script to /home/utilizador/charmie_ws/src/install/charmie_audio/lib/charmie_audio
[3.297s] 
[3.297s] Installed /home/utilizador/charmie_ws/src/build/charmie_audio
[3.297s] running install_data
[3.298s] creating /home/utilizador/charmie_ws/src/install/charmie_audio/share/ament_index
[3.298s] creating /home/utilizador/charmie_ws/src/install/charmie_audio/share/ament_index/resource_index
[3.298s] creating /home/utilizador/charmie_ws/src/install/charmie_audio/share/ament_index/resource_index/packages
[3.298s] copying resource/charmie_audio -> /home/utilizador/charmie_ws/src/install/charmie_audio/share/ament_index/resource_index/packages
[3.298s] copying package.xml -> /home/utilizador/charmie_ws/src/install/charmie_audio/share/charmie_audio
[3.408s] Invoked command in '/home/utilizador/charmie_ws/src/build/charmie_audio' returned '0': PYTHONPATH=/home/utilizador/charmie_ws/src/build/charmie_audio/prefix_override:/home/utilizador/charmie_ws/src/install/charmie_audio/lib/python3.8/site-packages:${PYTHONPATH} /usr/bin/python3 setup.py develop --editable --build-directory /home/utilizador/charmie_ws/src/build/charmie_audio/build --no-deps install_data
