[0.209s] Invoking command in '/home/utilizador/charmie_ws/build/charmie_interfaces': CMAKE_PREFIX_PATH=${CMAKE_PREFIX_PATH}:/home/utilizador/charmie_ws/install/charmie_yolo_pose:/home/utilizador/charmie_ws/install/charmie_yolo_objects:/home/utilizador/charmie_ws/install/charmie_stickler_for_the_rules:/home/utilizador/charmie_ws/install/charmie_speakers_offline:/home/utilizador/charmie_ws/install/charmie_speakers:/home/utilizador/charmie_ws/install/charmie_restaurant:/home/utilizador/charmie_ws/install/charmie_receptionist:/home/utilizador/charmie_ws/install/charmie_ps4_controller:/home/utilizador/charmie_ws/install/charmie_person_localisation:/home/utilizador/charmie_ws/install/charmie_odometry:/home/utilizador/charmie_ws/install/charmie_obstacles:/home/utilizador/charmie_ws/install/charmie_neck_dynamixel:/home/utilizador/charmie_ws/install/charmie_navigation_sdnl:/home/utilizador/charmie_ws/install/charmie_low_level:/home/utilizador/charmie_ws/install/charmie_localisation:/home/utilizador/charmie_ws/install/charmie_lidar_hokuyo:/home/utilizador/charmie_ws/install/charmie_inspection:/home/utilizador/charmie_ws/install/charmie_debug:/home/utilizador/charmie_ws/install/charmie_carry_luggage:/home/utilizador/charmie_ws/install/charmie_audio:/home/utilizador/charmie_ws/install/charmie_face_shiningrgb:/home/utilizador/charmie_ws/install/charmie_door_start:/home/utilizador/charmie_ws/install/charmie_diagnostics:/opt/ros/foxy /home/utilizador/.local/bin/cmake --build /home/utilizador/charmie_ws/build/charmie_interfaces -- -j8 -l8
[2.618s] -- Found ament_cmake: 0.9.12 (/opt/ros/foxy/share/ament_cmake/cmake)
[2.619s] -- Found PythonInterp: /usr/bin/python3 (found suitable version "3.8.10", minimum required is "3") 
[2.619s] -- Using PYTHON_EXECUTABLE: /usr/bin/python3
[2.620s] -- Override CMake install command with custom implementation using symlinks instead of copying resources
[2.620s] -- Found rosidl_default_generators: 1.0.1 (/opt/ros/foxy/share/rosidl_default_generators/cmake)
[2.620s] -- Using all available rosidl_typesupport_c: rosidl_typesupport_fastrtps_c;rosidl_typesupport_introspection_c
[2.621s] -- Found rosidl_adapter: 1.3.1 (/opt/ros/foxy/share/rosidl_adapter/cmake)
[2.621s] -- Using all available rosidl_typesupport_cpp: rosidl_typesupport_fastrtps_cpp;rosidl_typesupport_introspection_cpp
[2.622s] -- Found geometry_msgs: 2.0.5 (/opt/ros/foxy/share/geometry_msgs/cmake)
[2.622s] -- Found PythonInterp: /usr/bin/python3 (found version "3.8.10") 
[2.624s] -- Found ament_cmake_ros: 0.9.2 (/opt/ros/foxy/share/ament_cmake_ros/cmake)
[2.625s] -- Using all available rosidl_typesupport_c: rosidl_typesupport_fastrtps_c;rosidl_typesupport_introspection_c
[2.625s] -- Using all available rosidl_typesupport_cpp: rosidl_typesupport_fastrtps_cpp;rosidl_typesupport_introspection_cpp
[2.625s] -- Found PythonInterp: /usr/bin/python3 (found suitable version "3.8.10", minimum required is "3.5") 
[2.626s] -- Found python_cmake_module: 0.8.1 (/opt/ros/foxy/share/python_cmake_module/cmake)
[2.626s] -- Using PYTHON_EXECUTABLE: /usr/bin/python3
[2.626s] -- Using PYTHON_INCLUDE_DIRS: /usr/include/python3.8
[2.626s] -- Using PYTHON_LIBRARIES: /usr/lib/x86_64-linux-gnu/libpython3.8.so
[2.626s] -- Configuring done (2.1s)
[2.626s] -- Generating done (0.1s)
[2.626s] -- Build files have been written to: /home/utilizador/charmie_ws/build/charmie_interfaces
[2.626s] [33mCMake Warning (dev) at /opt/ros/foxy/share/ament_cmake_core/cmake/core/python.cmake:22 (find_package):
[2.626s]   Policy CMP0148 is not set: The FindPythonInterp and FindPythonLibs modules
[2.626s]   are removed.  Run "cmake --help-policy CMP0148" for policy details.  Use
[2.627s]   the cmake_policy command to set the policy and suppress this warning.
[2.627s] 
[2.627s] Call Stack (most recent call first):
[2.627s]   /opt/ros/foxy/share/ament_cmake_core/cmake/core/all.cmake:53 (include)
[2.627s]   /opt/ros/foxy/share/ament_cmake_core/cmake/ament_cmake_core-extras.cmake:17 (include)
[2.628s]   /opt/ros/foxy/share/ament_cmake_core/cmake/ament_cmake_coreConfig.cmake:41 (include)
[2.628s]   /opt/ros/foxy/share/ament_cmake/cmake/ament_cmake_export_dependencies-extras.cmake:15 (find_package)
[2.628s]   /opt/ros/foxy/share/ament_cmake/cmake/ament_cmakeConfig.cmake:41 (include)
[2.628s]   CMakeLists.txt:19 (find_package)
[2.628s] This warning is for project developers.  Use -Wno-dev to suppress it.
[2.628s] [0m
[2.628s] [33mCMake Warning (dev) at /opt/ros/foxy/share/rosidl_adapter/cmake/rosidl_adapt_interfaces.cmake:40 (find_package):
[2.628s]   Policy CMP0148 is not set: The FindPythonInterp and FindPythonLibs modules
[2.628s]   are removed.  Run "cmake --help-policy CMP0148" for policy details.  Use
[2.628s]   the cmake_policy command to set the policy and suppress this warning.
[2.628s] 
[2.628s] Call Stack (most recent call first):
[2.628s]   /opt/ros/foxy/share/rosidl_cmake/cmake/rosidl_generate_interfaces.cmake:130 (rosidl_adapt_interfaces)
[2.629s]   CMakeLists.txt:24 (rosidl_generate_interfaces)
[2.629s] This warning is for project developers.  Use -Wno-dev to suppress it.
[2.632s] [0m
[2.632s] [33mCMake Warning (dev) at /opt/ros/foxy/share/rosidl_generator_py/cmake/rosidl_generator_py_generate_interfaces.cmake:20 (find_package):
[2.633s]   Policy CMP0148 is not set: The FindPythonInterp and FindPythonLibs modules
[2.633s]   are removed.  Run "cmake --help-policy CMP0148" for policy details.  Use
[2.633s]   the cmake_policy command to set the policy and suppress this warning.
[2.636s] 
[2.636s] Call Stack (most recent call first):
[2.637s]   /opt/ros/foxy/share/ament_cmake_core/cmake/core/ament_execute_extensions.cmake:48 (include)
[2.637s]   /opt/ros/foxy/share/rosidl_cmake/cmake/rosidl_generate_interfaces.cmake:286 (ament_execute_extensions)
[2.638s]   CMakeLists.txt:24 (rosidl_generate_interfaces)
[2.638s] This warning is for project developers.  Use -Wno-dev to suppress it.
[2.638s] [0m
[2.639s] [33mCMake Warning (dev) at /opt/ros/foxy/share/python_cmake_module/cmake/Modules/FindPythonExtra.cmake:45 (find_package):
[2.639s]   Policy CMP0148 is not set: The FindPythonInterp and FindPythonLibs modules
[2.640s]   are removed.  Run "cmake --help-policy CMP0148" for policy details.  Use
[2.640s]   the cmake_policy command to set the policy and suppress this warning.
[2.640s] 
[2.640s] Call Stack (most recent call first):
[2.640s]   /opt/ros/foxy/share/rosidl_generator_py/cmake/rosidl_generator_py_generate_interfaces.cmake:23 (find_package)
[2.641s]   /opt/ros/foxy/share/ament_cmake_core/cmake/core/ament_execute_extensions.cmake:48 (include)
[2.641s]   /opt/ros/foxy/share/rosidl_cmake/cmake/rosidl_generate_interfaces.cmake:286 (ament_execute_extensions)
[2.641s]   CMakeLists.txt:24 (rosidl_generate_interfaces)
[2.645s] This warning is for project developers.  Use -Wno-dev to suppress it.
[2.645s] [0m
[2.646s] [33mCMake Warning (dev) at /opt/ros/foxy/share/python_cmake_module/cmake/Modules/FindPythonExtra.cmake:133 (find_package):
[2.646s]   Policy CMP0148 is not set: The FindPythonInterp and FindPythonLibs modules
[2.646s]   are removed.  Run "cmake --help-policy CMP0148" for policy details.  Use
[2.646s]   the cmake_policy command to set the policy and suppress this warning.
[2.646s] 
[2.646s] Call Stack (most recent call first):
[2.646s]   /opt/ros/foxy/share/rosidl_generator_py/cmake/rosidl_generator_py_generate_interfaces.cmake:23 (find_package)
[2.647s]   /opt/ros/foxy/share/ament_cmake_core/cmake/core/ament_execute_extensions.cmake:48 (include)
[2.647s]   /opt/ros/foxy/share/rosidl_cmake/cmake/rosidl_generate_interfaces.cmake:286 (ament_execute_extensions)
[2.647s]   CMakeLists.txt:24 (rosidl_generate_interfaces)
[2.647s] This warning is for project developers.  Use -Wno-dev to suppress it.
[2.647s] [0m
[2.652s] [  1%] [34m[1mGenerating C code for ROS interfaces[0m
[2.652s] [  1%] [34m[1mGenerating C++ code for ROS interfaces[0m
[4.511s] [  1%] Built target charmie_interfaces__cpp
[4.519s] [  2%] [34m[1mGenerating C++ type support dispatch for ROS interfaces[0m
[4.520s] [  3%] [34m[1mGenerating C++ introspection for ROS interfaces[0m
[4.521s] [  3%] [34m[1mGenerating C++ type support for eProsima Fast-RTPS[0m
[4.805s] [  4%] [32mBuilding C object CMakeFiles/charmie_interfaces__rosidl_generator_c.dir/rosidl_generator_c/charmie_interfaces/msg/detail/encoders__functions.c.o[0m
[4.817s] [  5%] [32mBuilding C object CMakeFiles/charmie_interfaces__rosidl_generator_c.dir/rosidl_generator_c/charmie_interfaces/msg/detail/example_tr__functions.c.o[0m
[4.817s] [  6%] [32mBuilding C object CMakeFiles/charmie_interfaces__rosidl_generator_c.dir/rosidl_generator_c/charmie_interfaces/msg/detail/detected_person__functions.c.o[0m
[4.864s] [  7%] [32mBuilding C object CMakeFiles/charmie_interfaces__rosidl_generator_c.dir/rosidl_generator_c/charmie_interfaces/msg/detail/obstacle_info__functions.c.o[0m
[4.864s] [  8%] [32mBuilding C object CMakeFiles/charmie_interfaces__rosidl_generator_c.dir/rosidl_generator_c/charmie_interfaces/msg/detail/multi_objects__functions.c.o[0m
[5.194s] [  8%] [32mBuilding C object CMakeFiles/charmie_interfaces__rosidl_generator_c.dir/rosidl_generator_c/charmie_interfaces/msg/detail/obstacles__functions.c.o[0m
[5.217s] [  9%] [32mBuilding C object CMakeFiles/charmie_interfaces__rosidl_generator_c.dir/rosidl_generator_c/charmie_interfaces/msg/detail/ps4_controller__functions.c.o[0m
[5.230s] [ 10%] [32mBuilding C object CMakeFiles/charmie_interfaces__rosidl_generator_c.dir/rosidl_generator_c/charmie_interfaces/msg/detail/robot_speech__functions.c.o[0m
[5.258s] [ 11%] [32mBuilding C object CMakeFiles/charmie_interfaces__rosidl_generator_c.dir/rosidl_generator_c/charmie_interfaces/msg/detail/speech_type__functions.c.o[0m
[5.334s] [ 12%] [32mBuilding C object CMakeFiles/charmie_interfaces__rosidl_generator_c.dir/rosidl_generator_c/charmie_interfaces/msg/detail/tar_nav_sdnl__functions.c.o[0m
[5.499s] [ 13%] [32mBuilding C object CMakeFiles/charmie_interfaces__rosidl_generator_c.dir/rosidl_generator_c/charmie_interfaces/msg/detail/yolov8_pose__functions.c.o[0m
[5.782s] [ 14%] [32m[1mLinking C shared library libcharmie_interfaces__rosidl_generator_c.so[0m
[5.986s] [ 14%] Built target charmie_interfaces__rosidl_generator_c
[6.042s] [ 15%] [34m[1mGenerating C introspection for ROS interfaces[0m
[6.044s] [ 16%] [34m[1mGenerating C type support dispatch for ROS interfaces[0m
[6.491s] [ 17%] [32mBuilding CXX object CMakeFiles/charmie_interfaces__rosidl_typesupport_cpp.dir/rosidl_typesupport_cpp/charmie_interfaces/msg/encoders__type_support.cpp.o[0m
[6.494s] [ 18%] [32mBuilding CXX object CMakeFiles/charmie_interfaces__rosidl_typesupport_cpp.dir/rosidl_typesupport_cpp/charmie_interfaces/msg/example_tr__type_support.cpp.o[0m
[6.505s] [ 19%] [32mBuilding CXX object CMakeFiles/charmie_interfaces__rosidl_typesupport_cpp.dir/rosidl_typesupport_cpp/charmie_interfaces/msg/detected_person__type_support.cpp.o[0m
[6.510s] [ 20%] [32mBuilding CXX object CMakeFiles/charmie_interfaces__rosidl_typesupport_cpp.dir/rosidl_typesupport_cpp/charmie_interfaces/msg/multi_objects__type_support.cpp.o[0m
[7.446s] [ 21%] [32mBuilding CXX object CMakeFiles/charmie_interfaces__rosidl_typesupport_introspection_cpp.dir/rosidl_typesupport_introspection_cpp/charmie_interfaces/msg/detail/encoders__type_support.cpp.o[0m
[7.890s] [ 22%] [32mBuilding CXX object CMakeFiles/charmie_interfaces__rosidl_typesupport_cpp.dir/rosidl_typesupport_cpp/charmie_interfaces/msg/obstacle_info__type_support.cpp.o[0m
[7.910s] [ 22%] [32mBuilding CXX object CMakeFiles/charmie_interfaces__rosidl_typesupport_introspection_cpp.dir/rosidl_typesupport_introspection_cpp/charmie_interfaces/msg/detail/example_tr__type_support.cpp.o[0m
[8.282s] [ 23%] [32mBuilding CXX object CMakeFiles/charmie_interfaces__rosidl_typesupport_cpp.dir/rosidl_typesupport_cpp/charmie_interfaces/msg/obstacles__type_support.cpp.o[0m
[8.286s] [ 24%] [32mBuilding CXX object CMakeFiles/charmie_interfaces__rosidl_typesupport_introspection_cpp.dir/rosidl_typesupport_introspection_cpp/charmie_interfaces/msg/detail/detected_person__type_support.cpp.o[0m
[8.298s] [ 25%] [32mBuilding CXX object CMakeFiles/charmie_interfaces__rosidl_typesupport_fastrtps_cpp.dir/rosidl_typesupport_fastrtps_cpp/charmie_interfaces/msg/detail/dds_fastrtps/encoders__type_support.cpp.o[0m
[8.306s] [ 26%] [32mBuilding CXX object CMakeFiles/charmie_interfaces__rosidl_typesupport_introspection_cpp.dir/rosidl_typesupport_introspection_cpp/charmie_interfaces/msg/detail/multi_objects__type_support.cpp.o[0m
[8.343s] [ 27%] [32mBuilding CXX object CMakeFiles/charmie_interfaces__rosidl_typesupport_c.dir/rosidl_typesupport_c/charmie_interfaces/msg/encoders__type_support.cpp.o[0m
[8.514s] [ 28%] [32mBuilding CXX object CMakeFiles/charmie_interfaces__rosidl_typesupport_c.dir/rosidl_typesupport_c/charmie_interfaces/msg/example_tr__type_support.cpp.o[0m
[8.609s] [ 28%] [32mBuilding CXX object CMakeFiles/charmie_interfaces__rosidl_typesupport_c.dir/rosidl_typesupport_c/charmie_interfaces/msg/detected_person__type_support.cpp.o[0m
[8.735s] [ 29%] [32mBuilding CXX object CMakeFiles/charmie_interfaces__rosidl_typesupport_c.dir/rosidl_typesupport_c/charmie_interfaces/msg/multi_objects__type_support.cpp.o[0m
[8.887s] [ 30%] [32mBuilding CXX object CMakeFiles/charmie_interfaces__rosidl_typesupport_c.dir/rosidl_typesupport_c/charmie_interfaces/msg/obstacle_info__type_support.cpp.o[0m
[9.072s] [ 31%] [32mBuilding CXX object CMakeFiles/charmie_interfaces__rosidl_typesupport_c.dir/rosidl_typesupport_c/charmie_interfaces/msg/obstacles__type_support.cpp.o[0m
[9.183s] [ 32%] [32mBuilding CXX object CMakeFiles/charmie_interfaces__rosidl_typesupport_cpp.dir/rosidl_typesupport_cpp/charmie_interfaces/msg/ps4_controller__type_support.cpp.o[0m
[9.257s] [ 33%] [32mBuilding CXX object CMakeFiles/charmie_interfaces__rosidl_typesupport_c.dir/rosidl_typesupport_c/charmie_interfaces/msg/ps4_controller__type_support.cpp.o[0m
[9.346s] [ 33%] [32mBuilding CXX object CMakeFiles/charmie_interfaces__rosidl_typesupport_cpp.dir/rosidl_typesupport_cpp/charmie_interfaces/msg/robot_speech__type_support.cpp.o[0m
[9.379s] [ 34%] [32mBuilding CXX object CMakeFiles/charmie_interfaces__rosidl_typesupport_c.dir/rosidl_typesupport_c/charmie_interfaces/msg/robot_speech__type_support.cpp.o[0m
[9.473s] [ 35%] [32mBuilding CXX object CMakeFiles/charmie_interfaces__rosidl_typesupport_c.dir/rosidl_typesupport_c/charmie_interfaces/msg/speech_type__type_support.cpp.o[0m
[9.574s] [ 36%] [32mBuilding CXX object CMakeFiles/charmie_interfaces__rosidl_typesupport_c.dir/rosidl_typesupport_c/charmie_interfaces/msg/tar_nav_sdnl__type_support.cpp.o[0m
[9.716s] [ 37%] [32mBuilding CXX object CMakeFiles/charmie_interfaces__rosidl_typesupport_introspection_cpp.dir/rosidl_typesupport_introspection_cpp/charmie_interfaces/msg/detail/obstacle_info__type_support.cpp.o[0m
[9.739s] [ 38%] [32mBuilding CXX object CMakeFiles/charmie_interfaces__rosidl_typesupport_cpp.dir/rosidl_typesupport_cpp/charmie_interfaces/msg/speech_type__type_support.cpp.o[0m
[9.751s] [ 39%] [32mBuilding CXX object CMakeFiles/charmie_interfaces__rosidl_typesupport_c.dir/rosidl_typesupport_c/charmie_interfaces/msg/yolov8_pose__type_support.cpp.o[0m
[9.851s] [ 40%] [32mBuilding CXX object CMakeFiles/charmie_interfaces__rosidl_typesupport_fastrtps_cpp.dir/rosidl_typesupport_fastrtps_cpp/charmie_interfaces/msg/detail/dds_fastrtps/example_tr__type_support.cpp.o[0m
[9.872s] [ 41%] [32m[1mLinking CXX shared library libcharmie_interfaces__rosidl_typesupport_c.so[0m
[10.130s] [ 41%] Built target charmie_interfaces__rosidl_typesupport_c
[10.159s] [ 42%] [32mBuilding CXX object CMakeFiles/charmie_interfaces__rosidl_typesupport_fastrtps_cpp.dir/rosidl_typesupport_fastrtps_cpp/charmie_interfaces/msg/detail/dds_fastrtps/detected_person__type_support.cpp.o[0m
[10.202s] [ 43%] [32mBuilding C object CMakeFiles/charmie_interfaces__rosidl_typesupport_introspection_c.dir/rosidl_typesupport_introspection_c/charmie_interfaces/msg/detail/encoders__type_support.c.o[0m
[10.210s] [ 44%] [32mBuilding CXX object CMakeFiles/charmie_interfaces__rosidl_typesupport_fastrtps_cpp.dir/rosidl_typesupport_fastrtps_cpp/charmie_interfaces/msg/detail/dds_fastrtps/multi_objects__type_support.cpp.o[0m
[10.361s] [ 45%] [32mBuilding C object CMakeFiles/charmie_interfaces__rosidl_typesupport_introspection_c.dir/rosidl_typesupport_introspection_c/charmie_interfaces/msg/detail/example_tr__type_support.c.o[0m
[10.403s] [ 46%] [32mBuilding CXX object CMakeFiles/charmie_interfaces__rosidl_typesupport_cpp.dir/rosidl_typesupport_cpp/charmie_interfaces/msg/tar_nav_sdnl__type_support.cpp.o[0m
[10.526s] [ 47%] [32mBuilding C object CMakeFiles/charmie_interfaces__rosidl_typesupport_introspection_c.dir/rosidl_typesupport_introspection_c/charmie_interfaces/msg/detail/detected_person__type_support.c.o[0m
[10.576s] [ 48%] [32mBuilding CXX object CMakeFiles/charmie_interfaces__rosidl_typesupport_fastrtps_cpp.dir/rosidl_typesupport_fastrtps_cpp/charmie_interfaces/msg/detail/dds_fastrtps/obstacle_info__type_support.cpp.o[0m
[10.727s] [ 49%] [32mBuilding C object CMakeFiles/charmie_interfaces__rosidl_typesupport_introspection_c.dir/rosidl_typesupport_introspection_c/charmie_interfaces/msg/detail/multi_objects__type_support.c.o[0m
[10.878s] [ 50%] [32mBuilding CXX object CMakeFiles/charmie_interfaces__rosidl_typesupport_introspection_cpp.dir/rosidl_typesupport_introspection_cpp/charmie_interfaces/msg/detail/obstacles__type_support.cpp.o[0m
[10.879s] [ 51%] [32mBuilding C object CMakeFiles/charmie_interfaces__rosidl_typesupport_introspection_c.dir/rosidl_typesupport_introspection_c/charmie_interfaces/msg/detail/obstacle_info__type_support.c.o[0m
[10.988s] [ 52%] [32mBuilding CXX object CMakeFiles/charmie_interfaces__rosidl_typesupport_cpp.dir/rosidl_typesupport_cpp/charmie_interfaces/msg/yolov8_pose__type_support.cpp.o[0m
[11.038s] [ 53%] [32mBuilding C object CMakeFiles/charmie_interfaces__rosidl_typesupport_introspection_c.dir/rosidl_typesupport_introspection_c/charmie_interfaces/msg/detail/obstacles__type_support.c.o[0m
[11.193s] [ 53%] [32mBuilding C object CMakeFiles/charmie_interfaces__rosidl_typesupport_introspection_c.dir/rosidl_typesupport_introspection_c/charmie_interfaces/msg/detail/ps4_controller__type_support.c.o[0m
[11.438s] [ 54%] [32mBuilding C object CMakeFiles/charmie_interfaces__rosidl_typesupport_introspection_c.dir/rosidl_typesupport_introspection_c/charmie_interfaces/msg/detail/robot_speech__type_support.c.o[0m
[11.577s] [ 55%] [32mBuilding C object CMakeFiles/charmie_interfaces__rosidl_typesupport_introspection_c.dir/rosidl_typesupport_introspection_c/charmie_interfaces/msg/detail/speech_type__type_support.c.o[0m
[11.598s] [ 56%] [32mBuilding CXX object CMakeFiles/charmie_interfaces__rosidl_typesupport_fastrtps_cpp.dir/rosidl_typesupport_fastrtps_cpp/charmie_interfaces/msg/detail/dds_fastrtps/obstacles__type_support.cpp.o[0m
[11.682s] [ 57%] [32mBuilding C object CMakeFiles/charmie_interfaces__rosidl_typesupport_introspection_c.dir/rosidl_typesupport_introspection_c/charmie_interfaces/msg/detail/tar_nav_sdnl__type_support.c.o[0m
[11.745s] [ 58%] [32mBuilding C object CMakeFiles/charmie_interfaces__rosidl_typesupport_introspection_c.dir/rosidl_typesupport_introspection_c/charmie_interfaces/msg/detail/yolov8_pose__type_support.c.o[0m
[11.858s] [ 59%] [32mBuilding CXX object CMakeFiles/charmie_interfaces__rosidl_typesupport_fastrtps_cpp.dir/rosidl_typesupport_fastrtps_cpp/charmie_interfaces/msg/detail/dds_fastrtps/ps4_controller__type_support.cpp.o[0m
[12.001s] [ 60%] [32m[1mLinking C shared library libcharmie_interfaces__rosidl_typesupport_introspection_c.so[0m
[12.179s] [ 60%] Built target charmie_interfaces__rosidl_typesupport_introspection_c
[12.190s] [ 61%] [32mBuilding CXX object CMakeFiles/charmie_interfaces__rosidl_typesupport_fastrtps_cpp.dir/rosidl_typesupport_fastrtps_cpp/charmie_interfaces/msg/detail/dds_fastrtps/robot_speech__type_support.cpp.o[0m
[12.214s] [ 62%] [32mBuilding CXX object CMakeFiles/charmie_interfaces__rosidl_typesupport_fastrtps_cpp.dir/rosidl_typesupport_fastrtps_cpp/charmie_interfaces/msg/detail/dds_fastrtps/speech_type__type_support.cpp.o[0m
[12.484s] [ 63%] [32mBuilding CXX object CMakeFiles/charmie_interfaces__rosidl_typesupport_fastrtps_cpp.dir/rosidl_typesupport_fastrtps_cpp/charmie_interfaces/msg/detail/dds_fastrtps/tar_nav_sdnl__type_support.cpp.o[0m
[12.484s] [ 63%] [32mBuilding CXX object CMakeFiles/charmie_interfaces__rosidl_typesupport_introspection_cpp.dir/rosidl_typesupport_introspection_cpp/charmie_interfaces/msg/detail/ps4_controller__type_support.cpp.o[0m
[12.509s] [ 64%] [32m[1mLinking CXX shared library libcharmie_interfaces__rosidl_typesupport_cpp.so[0m
[12.570s] [ 65%] [32mBuilding CXX object CMakeFiles/charmie_interfaces__rosidl_typesupport_introspection_cpp.dir/rosidl_typesupport_introspection_cpp/charmie_interfaces/msg/detail/robot_speech__type_support.cpp.o[0m
[12.745s] [ 65%] Built target charmie_interfaces__rosidl_typesupport_cpp
[12.775s] [ 66%] [32mBuilding CXX object CMakeFiles/charmie_interfaces__rosidl_typesupport_introspection_cpp.dir/rosidl_typesupport_introspection_cpp/charmie_interfaces/msg/detail/speech_type__type_support.cpp.o[0m
[13.538s] [ 67%] [32mBuilding CXX object CMakeFiles/charmie_interfaces__rosidl_typesupport_introspection_cpp.dir/rosidl_typesupport_introspection_cpp/charmie_interfaces/msg/detail/tar_nav_sdnl__type_support.cpp.o[0m
[13.549s] [ 68%] [32mBuilding CXX object CMakeFiles/charmie_interfaces__rosidl_typesupport_fastrtps_cpp.dir/rosidl_typesupport_fastrtps_cpp/charmie_interfaces/msg/detail/dds_fastrtps/yolov8_pose__type_support.cpp.o[0m
[13.629s] [ 69%] [32mBuilding CXX object CMakeFiles/charmie_interfaces__rosidl_typesupport_introspection_cpp.dir/rosidl_typesupport_introspection_cpp/charmie_interfaces/msg/detail/yolov8_pose__type_support.cpp.o[0m
[14.353s] [ 70%] [32m[1mLinking CXX shared library libcharmie_interfaces__rosidl_typesupport_introspection_cpp.so[0m
[14.486s] [ 70%] Built target charmie_interfaces__rosidl_typesupport_introspection_cpp
[14.612s] [ 71%] [32m[1mLinking CXX shared library libcharmie_interfaces__rosidl_typesupport_fastrtps_cpp.so[0m
[14.746s] [ 71%] Built target charmie_interfaces__rosidl_typesupport_fastrtps_cpp
[14.752s] [ 72%] [34m[1mGenerating C type support for eProsima Fast-RTPS[0m
[15.815s] [ 73%] [32mBuilding CXX object CMakeFiles/charmie_interfaces__rosidl_typesupport_fastrtps_c.dir/rosidl_typesupport_fastrtps_c/charmie_interfaces/msg/detail/encoders__type_support_c.cpp.o[0m
[15.815s] [ 74%] [32mBuilding CXX object CMakeFiles/charmie_interfaces__rosidl_typesupport_fastrtps_c.dir/rosidl_typesupport_fastrtps_c/charmie_interfaces/msg/detail/detected_person__type_support_c.cpp.o[0m
[15.816s] [ 75%] [32mBuilding CXX object CMakeFiles/charmie_interfaces__rosidl_typesupport_fastrtps_c.dir/rosidl_typesupport_fastrtps_c/charmie_interfaces/msg/detail/example_tr__type_support_c.cpp.o[0m
[15.816s] [ 75%] [32mBuilding CXX object CMakeFiles/charmie_interfaces__rosidl_typesupport_fastrtps_c.dir/rosidl_typesupport_fastrtps_c/charmie_interfaces/msg/detail/obstacle_info__type_support_c.cpp.o[0m
[15.817s] [ 76%] [32mBuilding CXX object CMakeFiles/charmie_interfaces__rosidl_typesupport_fastrtps_c.dir/rosidl_typesupport_fastrtps_c/charmie_interfaces/msg/detail/multi_objects__type_support_c.cpp.o[0m
[15.817s] [ 77%] [32mBuilding CXX object CMakeFiles/charmie_interfaces__rosidl_typesupport_fastrtps_c.dir/rosidl_typesupport_fastrtps_c/charmie_interfaces/msg/detail/obstacles__type_support_c.cpp.o[0m
[15.817s] [ 78%] [32mBuilding CXX object CMakeFiles/charmie_interfaces__rosidl_typesupport_fastrtps_c.dir/rosidl_typesupport_fastrtps_c/charmie_interfaces/msg/detail/ps4_controller__type_support_c.cpp.o[0m
[15.824s] [ 79%] [32mBuilding CXX object CMakeFiles/charmie_interfaces__rosidl_typesupport_fastrtps_c.dir/rosidl_typesupport_fastrtps_c/charmie_interfaces/msg/detail/robot_speech__type_support_c.cpp.o[0m
[16.605s] [ 80%] [32mBuilding CXX object CMakeFiles/charmie_interfaces__rosidl_typesupport_fastrtps_c.dir/rosidl_typesupport_fastrtps_c/charmie_interfaces/msg/detail/speech_type__type_support_c.cpp.o[0m
[16.609s] [ 81%] [32mBuilding CXX object CMakeFiles/charmie_interfaces__rosidl_typesupport_fastrtps_c.dir/rosidl_typesupport_fastrtps_c/charmie_interfaces/msg/detail/tar_nav_sdnl__type_support_c.cpp.o[0m
[16.646s] [ 82%] [32mBuilding CXX object CMakeFiles/charmie_interfaces__rosidl_typesupport_fastrtps_c.dir/rosidl_typesupport_fastrtps_c/charmie_interfaces/msg/detail/yolov8_pose__type_support_c.cpp.o[0m
[17.382s] [ 83%] [32m[1mLinking CXX shared library libcharmie_interfaces__rosidl_typesupport_fastrtps_c.so[0m
[17.491s] [ 83%] Built target charmie_interfaces__rosidl_typesupport_fastrtps_c
[17.501s] [ 83%] Built target charmie_interfaces
[17.512s] [ 84%] [34m[1mGenerating Python code for ROS interfaces[0m
[19.230s] [ 84%] Built target charmie_interfaces__py
[19.256s] [ 86%] [32mBuilding C object CMakeFiles/charmie_interfaces__python.dir/rosidl_generator_py/charmie_interfaces/msg/_example_tr_s.c.o[0m
[19.256s] [ 86%] [32mBuilding C object CMakeFiles/charmie_interfaces__python.dir/rosidl_generator_py/charmie_interfaces/msg/_encoders_s.c.o[0m
[19.256s] [ 87%] [32mBuilding C object CMakeFiles/charmie_interfaces__python.dir/rosidl_generator_py/charmie_interfaces/msg/_multi_objects_s.c.o[0m
[19.257s] [ 90%] [32mBuilding C object CMakeFiles/charmie_interfaces__python.dir/rosidl_generator_py/charmie_interfaces/msg/_obstacle_info_s.c.o[0m
[19.257s] [ 90%] [32mBuilding C object CMakeFiles/charmie_interfaces__python.dir/rosidl_generator_py/charmie_interfaces/msg/_obstacles_s.c.o[0m
[19.257s] [ 90%] [32mBuilding C object CMakeFiles/charmie_interfaces__python.dir/rosidl_generator_py/charmie_interfaces/msg/_detected_person_s.c.o[0m
[19.259s] [ 91%] [32mBuilding C object CMakeFiles/charmie_interfaces__python.dir/rosidl_generator_py/charmie_interfaces/msg/_ps4_controller_s.c.o[0m
[19.260s] [ 92%] [32mBuilding C object CMakeFiles/charmie_interfaces__python.dir/rosidl_generator_py/charmie_interfaces/msg/_robot_speech_s.c.o[0m
[19.462s] [ 92%] [32mBuilding C object CMakeFiles/charmie_interfaces__python.dir/rosidl_generator_py/charmie_interfaces/msg/_speech_type_s.c.o[0m
[19.473s] [ 93%] [32mBuilding C object CMakeFiles/charmie_interfaces__python.dir/rosidl_generator_py/charmie_interfaces/msg/_tar_nav_sdnl_s.c.o[0m
[19.480s] [ 94%] [32mBuilding C object CMakeFiles/charmie_interfaces__python.dir/rosidl_generator_py/charmie_interfaces/msg/_yolov8_pose_s.c.o[0m
[19.628s] [ 95%] [32m[1mLinking C shared library rosidl_generator_py/charmie_interfaces/libcharmie_interfaces__python.so[0m
[19.667s] [ 95%] Built target charmie_interfaces__python
[19.681s] [ 95%] [32mBuilding C object CMakeFiles/charmie_interfaces__rosidl_typesupport_c__pyext.dir/rosidl_generator_py/charmie_interfaces/_charmie_interfaces_s.ep.rosidl_typesupport_c.c.o[0m
[19.682s] [ 96%] [32mBuilding C object CMakeFiles/charmie_interfaces__rosidl_typesupport_introspection_c__pyext.dir/rosidl_generator_py/charmie_interfaces/_charmie_interfaces_s.ep.rosidl_typesupport_introspection_c.c.o[0m
[19.683s] [ 97%] [32mBuilding C object CMakeFiles/charmie_interfaces__rosidl_typesupport_fastrtps_c__pyext.dir/rosidl_generator_py/charmie_interfaces/_charmie_interfaces_s.ep.rosidl_typesupport_fastrtps_c.c.o[0m
[19.808s] [ 98%] [32m[1mLinking C shared library rosidl_generator_py/charmie_interfaces/charmie_interfaces_s__rosidl_typesupport_introspection_c.cpython-38-x86_64-linux-gnu.so[0m
[19.842s] [ 98%] Built target charmie_interfaces__rosidl_typesupport_introspection_c__pyext
[19.865s] [ 99%] [32m[1mLinking C shared library rosidl_generator_py/charmie_interfaces/charmie_interfaces_s__rosidl_typesupport_c.cpython-38-x86_64-linux-gnu.so[0m
[19.872s] [100%] [32m[1mLinking CXX shared library rosidl_generator_py/charmie_interfaces/charmie_interfaces_s__rosidl_typesupport_fastrtps_c.cpython-38-x86_64-linux-gnu.so[0m
[19.898s] [100%] Built target charmie_interfaces__rosidl_typesupport_c__pyext
[19.944s] [100%] Built target charmie_interfaces__rosidl_typesupport_fastrtps_c__pyext
[19.954s] Invoked command in '/home/utilizador/charmie_ws/build/charmie_interfaces' returned '0': CMAKE_PREFIX_PATH=${CMAKE_PREFIX_PATH}:/home/utilizador/charmie_ws/install/charmie_yolo_pose:/home/utilizador/charmie_ws/install/charmie_yolo_objects:/home/utilizador/charmie_ws/install/charmie_stickler_for_the_rules:/home/utilizador/charmie_ws/install/charmie_speakers_offline:/home/utilizador/charmie_ws/install/charmie_speakers:/home/utilizador/charmie_ws/install/charmie_restaurant:/home/utilizador/charmie_ws/install/charmie_receptionist:/home/utilizador/charmie_ws/install/charmie_ps4_controller:/home/utilizador/charmie_ws/install/charmie_person_localisation:/home/utilizador/charmie_ws/install/charmie_odometry:/home/utilizador/charmie_ws/install/charmie_obstacles:/home/utilizador/charmie_ws/install/charmie_neck_dynamixel:/home/utilizador/charmie_ws/install/charmie_navigation_sdnl:/home/utilizador/charmie_ws/install/charmie_low_level:/home/utilizador/charmie_ws/install/charmie_localisation:/home/utilizador/charmie_ws/install/charmie_lidar_hokuyo:/home/utilizador/charmie_ws/install/charmie_inspection:/home/utilizador/charmie_ws/install/charmie_debug:/home/utilizador/charmie_ws/install/charmie_carry_luggage:/home/utilizador/charmie_ws/install/charmie_audio:/home/utilizador/charmie_ws/install/charmie_face_shiningrgb:/home/utilizador/charmie_ws/install/charmie_door_start:/home/utilizador/charmie_ws/install/charmie_diagnostics:/opt/ros/foxy /home/utilizador/.local/bin/cmake --build /home/utilizador/charmie_ws/build/charmie_interfaces -- -j8 -l8
[20.211s] Invoking command in '/home/utilizador/charmie_ws/build/charmie_interfaces': CMAKE_PREFIX_PATH=${CMAKE_PREFIX_PATH}:/home/utilizador/charmie_ws/install/charmie_yolo_pose:/home/utilizador/charmie_ws/install/charmie_yolo_objects:/home/utilizador/charmie_ws/install/charmie_stickler_for_the_rules:/home/utilizador/charmie_ws/install/charmie_speakers_offline:/home/utilizador/charmie_ws/install/charmie_speakers:/home/utilizador/charmie_ws/install/charmie_restaurant:/home/utilizador/charmie_ws/install/charmie_receptionist:/home/utilizador/charmie_ws/install/charmie_ps4_controller:/home/utilizador/charmie_ws/install/charmie_person_localisation:/home/utilizador/charmie_ws/install/charmie_odometry:/home/utilizador/charmie_ws/install/charmie_obstacles:/home/utilizador/charmie_ws/install/charmie_neck_dynamixel:/home/utilizador/charmie_ws/install/charmie_navigation_sdnl:/home/utilizador/charmie_ws/install/charmie_low_level:/home/utilizador/charmie_ws/install/charmie_localisation:/home/utilizador/charmie_ws/install/charmie_lidar_hokuyo:/home/utilizador/charmie_ws/install/charmie_inspection:/home/utilizador/charmie_ws/install/charmie_debug:/home/utilizador/charmie_ws/install/charmie_carry_luggage:/home/utilizador/charmie_ws/install/charmie_audio:/home/utilizador/charmie_ws/install/charmie_face_shiningrgb:/home/utilizador/charmie_ws/install/charmie_door_start:/home/utilizador/charmie_ws/install/charmie_diagnostics:/opt/ros/foxy /home/utilizador/.local/bin/cmake --install /home/utilizador/charmie_ws/build/charmie_interfaces
[20.263s] -- Install configuration: ""
[20.263s] -- Execute custom install script
[20.267s] -- Up-to-date symlink: /home/utilizador/charmie_ws/install/charmie_interfaces/share/ament_index/resource_index/rosidl_interfaces/charmie_interfaces
[20.270s] -- Symlinking: /home/utilizador/charmie_ws/install/charmie_interfaces/include/charmie_interfaces/msg/detail/detected_person__functions.h
[20.273s] -- Symlinking: /home/utilizador/charmie_ws/install/charmie_interfaces/include/charmie_interfaces/msg/detail/detected_person__struct.h
[20.276s] -- Symlinking: /home/utilizador/charmie_ws/install/charmie_interfaces/include/charmie_interfaces/msg/detail/detected_person__type_support.h
[20.279s] -- Up-to-date symlink: /home/utilizador/charmie_ws/install/charmie_interfaces/include/charmie_interfaces/msg/detail/encoders__functions.h
[20.280s] -- Up-to-date symlink: /home/utilizador/charmie_ws/install/charmie_interfaces/include/charmie_interfaces/msg/detail/encoders__struct.h
[20.280s] -- Up-to-date symlink: /home/utilizador/charmie_ws/install/charmie_interfaces/include/charmie_interfaces/msg/detail/encoders__type_support.h
[20.281s] -- Up-to-date symlink: /home/utilizador/charmie_ws/install/charmie_interfaces/include/charmie_interfaces/msg/detail/example_tr__functions.h
[20.281s] -- Up-to-date symlink: /home/utilizador/charmie_ws/install/charmie_interfaces/include/charmie_interfaces/msg/detail/example_tr__struct.h
[20.281s] -- Up-to-date symlink: /home/utilizador/charmie_ws/install/charmie_interfaces/include/charmie_interfaces/msg/detail/example_tr__type_support.h
[20.282s] -- Up-to-date symlink: /home/utilizador/charmie_ws/install/charmie_interfaces/include/charmie_interfaces/msg/detail/keypoints__functions.h
[20.282s] -- Up-to-date symlink: /home/utilizador/charmie_ws/install/charmie_interfaces/include/charmie_interfaces/msg/detail/keypoints__struct.h
[20.283s] -- Up-to-date symlink: /home/utilizador/charmie_ws/install/charmie_interfaces/include/charmie_interfaces/msg/detail/keypoints__type_support.h
[20.283s] -- Up-to-date symlink: /home/utilizador/charmie_ws/install/charmie_interfaces/include/charmie_interfaces/msg/detail/multi_objects__functions.h
[20.283s] -- Up-to-date symlink: /home/utilizador/charmie_ws/install/charmie_interfaces/include/charmie_interfaces/msg/detail/multi_objects__struct.h
[20.284s] -- Up-to-date symlink: /home/utilizador/charmie_ws/install/charmie_interfaces/include/charmie_interfaces/msg/detail/multi_objects__type_support.h
[20.284s] -- Up-to-date symlink: /home/utilizador/charmie_ws/install/charmie_interfaces/include/charmie_interfaces/msg/detail/obstacle_info__functions.h
[20.284s] -- Up-to-date symlink: /home/utilizador/charmie_ws/install/charmie_interfaces/include/charmie_interfaces/msg/detail/obstacle_info__struct.h
[20.285s] -- Up-to-date symlink: /home/utilizador/charmie_ws/install/charmie_interfaces/include/charmie_interfaces/msg/detail/obstacle_info__type_support.h
[20.285s] -- Up-to-date symlink: /home/utilizador/charmie_ws/install/charmie_interfaces/include/charmie_interfaces/msg/detail/obstacles__functions.h
[20.286s] -- Up-to-date symlink: /home/utilizador/charmie_ws/install/charmie_interfaces/include/charmie_interfaces/msg/detail/obstacles__struct.h
[20.286s] -- Up-to-date symlink: /home/utilizador/charmie_ws/install/charmie_interfaces/include/charmie_interfaces/msg/detail/obstacles__type_support.h
[20.286s] -- Up-to-date symlink: /home/utilizador/charmie_ws/install/charmie_interfaces/include/charmie_interfaces/msg/detail/ps4_controller__functions.h
[20.287s] -- Up-to-date symlink: /home/utilizador/charmie_ws/install/charmie_interfaces/include/charmie_interfaces/msg/detail/ps4_controller__struct.h
[20.287s] -- Up-to-date symlink: /home/utilizador/charmie_ws/install/charmie_interfaces/include/charmie_interfaces/msg/detail/ps4_controller__type_support.h
[20.287s] -- Up-to-date symlink: /home/utilizador/charmie_ws/install/charmie_interfaces/include/charmie_interfaces/msg/detail/robot_speech__functions.h
[20.288s] -- Up-to-date symlink: /home/utilizador/charmie_ws/install/charmie_interfaces/include/charmie_interfaces/msg/detail/robot_speech__struct.h
[20.288s] -- Up-to-date symlink: /home/utilizador/charmie_ws/install/charmie_interfaces/include/charmie_interfaces/msg/detail/robot_speech__type_support.h
[20.288s] -- Up-to-date symlink: /home/utilizador/charmie_ws/install/charmie_interfaces/include/charmie_interfaces/msg/detail/speech_type__functions.h
[20.289s] -- Up-to-date symlink: /home/utilizador/charmie_ws/install/charmie_interfaces/include/charmie_interfaces/msg/detail/speech_type__struct.h
[20.289s] -- Up-to-date symlink: /home/utilizador/charmie_ws/install/charmie_interfaces/include/charmie_interfaces/msg/detail/speech_type__type_support.h
[20.289s] -- Up-to-date symlink: /home/utilizador/charmie_ws/install/charmie_interfaces/include/charmie_interfaces/msg/detail/tar_nav_sdnl__functions.h
[20.289s] -- Up-to-date symlink: /home/utilizador/charmie_ws/install/charmie_interfaces/include/charmie_interfaces/msg/detail/tar_nav_sdnl__struct.h
[20.290s] -- Up-to-date symlink: /home/utilizador/charmie_ws/install/charmie_interfaces/include/charmie_interfaces/msg/detail/tar_nav_sdnl__type_support.h
[20.290s] -- Up-to-date symlink: /home/utilizador/charmie_ws/install/charmie_interfaces/include/charmie_interfaces/msg/detail/yolov8_pose__functions.h
[20.290s] -- Up-to-date symlink: /home/utilizador/charmie_ws/install/charmie_interfaces/include/charmie_interfaces/msg/detail/yolov8_pose__struct.h
[20.291s] -- Up-to-date symlink: /home/utilizador/charmie_ws/install/charmie_interfaces/include/charmie_interfaces/msg/detail/yolov8_pose__type_support.h
[20.291s] -- Up-to-date symlink: /home/utilizador/charmie_ws/install/charmie_interfaces/include/charmie_interfaces/msg/detail/yolov8_pose_array__functions.h
[20.291s] -- Up-to-date symlink: /home/utilizador/charmie_ws/install/charmie_interfaces/include/charmie_interfaces/msg/detail/yolov8_pose_array__struct.h
[20.292s] -- Up-to-date symlink: /home/utilizador/charmie_ws/install/charmie_interfaces/include/charmie_interfaces/msg/detail/yolov8_pose_array__type_support.h
[20.292s] -- Symlinking: /home/utilizador/charmie_ws/install/charmie_interfaces/include/charmie_interfaces/msg/detected_person.h
[20.295s] -- Up-to-date symlink: /home/utilizador/charmie_ws/install/charmie_interfaces/include/charmie_interfaces/msg/encoders.h
[20.295s] -- Up-to-date symlink: /home/utilizador/charmie_ws/install/charmie_interfaces/include/charmie_interfaces/msg/example_tr.h
[20.295s] -- Up-to-date symlink: /home/utilizador/charmie_ws/install/charmie_interfaces/include/charmie_interfaces/msg/keypoints.h
[20.296s] -- Up-to-date symlink: /home/utilizador/charmie_ws/install/charmie_interfaces/include/charmie_interfaces/msg/multi_objects.h
[20.296s] -- Up-to-date symlink: /home/utilizador/charmie_ws/install/charmie_interfaces/include/charmie_interfaces/msg/obstacle_info.h
[20.296s] -- Up-to-date symlink: /home/utilizador/charmie_ws/install/charmie_interfaces/include/charmie_interfaces/msg/obstacles.h
[20.297s] -- Up-to-date symlink: /home/utilizador/charmie_ws/install/charmie_interfaces/include/charmie_interfaces/msg/ps4_controller.h
[20.297s] -- Up-to-date symlink: /home/utilizador/charmie_ws/install/charmie_interfaces/include/charmie_interfaces/msg/robot_speech.h
[20.298s] -- Up-to-date symlink: /home/utilizador/charmie_ws/install/charmie_interfaces/include/charmie_interfaces/msg/rosidl_generator_c__visibility_control.h
[20.298s] -- Up-to-date symlink: /home/utilizador/charmie_ws/install/charmie_interfaces/include/charmie_interfaces/msg/speech_type.h
[20.298s] -- Up-to-date symlink: /home/utilizador/charmie_ws/install/charmie_interfaces/include/charmie_interfaces/msg/tar_nav_sdnl.h
[20.299s] -- Up-to-date symlink: /home/utilizador/charmie_ws/install/charmie_interfaces/include/charmie_interfaces/msg/yolov8_pose.h
[20.299s] -- Up-to-date symlink: /home/utilizador/charmie_ws/install/charmie_interfaces/include/charmie_interfaces/msg/yolov8_pose_array.h
[20.301s] -- Up-to-date symlink: /home/utilizador/charmie_ws/install/charmie_interfaces/share/charmie_interfaces/environment/library_path.sh
[20.302s] -- Up-to-date symlink: /home/utilizador/charmie_ws/install/charmie_interfaces/share/charmie_interfaces/environment/library_path.dsv
[20.302s] -- Symlinking: /home/utilizador/charmie_ws/install/charmie_interfaces/include/charmie_interfaces/msg/detail/detected_person__rosidl_typesupport_fastrtps_c.h
[20.306s] -- Up-to-date symlink: /home/utilizador/charmie_ws/install/charmie_interfaces/include/charmie_interfaces/msg/detail/encoders__rosidl_typesupport_fastrtps_c.h
[20.306s] -- Up-to-date symlink: /home/utilizador/charmie_ws/install/charmie_interfaces/include/charmie_interfaces/msg/detail/example_tr__rosidl_typesupport_fastrtps_c.h
[20.306s] -- Up-to-date symlink: /home/utilizador/charmie_ws/install/charmie_interfaces/include/charmie_interfaces/msg/detail/keypoints__rosidl_typesupport_fastrtps_c.h
[20.307s] -- Up-to-date symlink: /home/utilizador/charmie_ws/install/charmie_interfaces/include/charmie_interfaces/msg/detail/multi_objects__rosidl_typesupport_fastrtps_c.h
[20.307s] -- Up-to-date symlink: /home/utilizador/charmie_ws/install/charmie_interfaces/include/charmie_interfaces/msg/detail/obstacle_info__rosidl_typesupport_fastrtps_c.h
[20.308s] -- Up-to-date symlink: /home/utilizador/charmie_ws/install/charmie_interfaces/include/charmie_interfaces/msg/detail/obstacles__rosidl_typesupport_fastrtps_c.h
[20.308s] -- Up-to-date symlink: /home/utilizador/charmie_ws/install/charmie_interfaces/include/charmie_interfaces/msg/detail/ps4_controller__rosidl_typesupport_fastrtps_c.h
[20.308s] -- Up-to-date symlink: /home/utilizador/charmie_ws/install/charmie_interfaces/include/charmie_interfaces/msg/detail/robot_speech__rosidl_typesupport_fastrtps_c.h
[20.309s] -- Up-to-date symlink: /home/utilizador/charmie_ws/install/charmie_interfaces/include/charmie_interfaces/msg/detail/speech_type__rosidl_typesupport_fastrtps_c.h
[20.309s] -- Up-to-date symlink: /home/utilizador/charmie_ws/install/charmie_interfaces/include/charmie_interfaces/msg/detail/tar_nav_sdnl__rosidl_typesupport_fastrtps_c.h
[20.310s] -- Up-to-date symlink: /home/utilizador/charmie_ws/install/charmie_interfaces/include/charmie_interfaces/msg/detail/yolov8_pose__rosidl_typesupport_fastrtps_c.h
[20.310s] -- Up-to-date symlink: /home/utilizador/charmie_ws/install/charmie_interfaces/include/charmie_interfaces/msg/detail/yolov8_pose_array__rosidl_typesupport_fastrtps_c.h
[20.310s] -- Up-to-date symlink: /home/utilizador/charmie_ws/install/charmie_interfaces/include/charmie_interfaces/msg/rosidl_typesupport_fastrtps_c__visibility_control.h
[20.311s] -- Up-to-date symlink: /home/utilizador/charmie_ws/install/charmie_interfaces/lib/libcharmie_interfaces__rosidl_typesupport_fastrtps_c.so
[20.312s] -- Symlinking: /home/utilizador/charmie_ws/install/charmie_interfaces/include/charmie_interfaces/msg/detail/detected_person__rosidl_typesupport_fastrtps_cpp.hpp
[20.315s] -- Up-to-date symlink: /home/utilizador/charmie_ws/install/charmie_interfaces/include/charmie_interfaces/msg/detail/encoders__rosidl_typesupport_fastrtps_cpp.hpp
[20.315s] -- Up-to-date symlink: /home/utilizador/charmie_ws/install/charmie_interfaces/include/charmie_interfaces/msg/detail/example_tr__rosidl_typesupport_fastrtps_cpp.hpp
[20.316s] -- Up-to-date symlink: /home/utilizador/charmie_ws/install/charmie_interfaces/include/charmie_interfaces/msg/detail/keypoints__rosidl_typesupport_fastrtps_cpp.hpp
[20.316s] -- Up-to-date symlink: /home/utilizador/charmie_ws/install/charmie_interfaces/include/charmie_interfaces/msg/detail/multi_objects__rosidl_typesupport_fastrtps_cpp.hpp
[20.316s] -- Up-to-date symlink: /home/utilizador/charmie_ws/install/charmie_interfaces/include/charmie_interfaces/msg/detail/obstacle_info__rosidl_typesupport_fastrtps_cpp.hpp
[20.317s] -- Up-to-date symlink: /home/utilizador/charmie_ws/install/charmie_interfaces/include/charmie_interfaces/msg/detail/obstacles__rosidl_typesupport_fastrtps_cpp.hpp
[20.317s] -- Up-to-date symlink: /home/utilizador/charmie_ws/install/charmie_interfaces/include/charmie_interfaces/msg/detail/ps4_controller__rosidl_typesupport_fastrtps_cpp.hpp
[20.317s] -- Up-to-date symlink: /home/utilizador/charmie_ws/install/charmie_interfaces/include/charmie_interfaces/msg/detail/robot_speech__rosidl_typesupport_fastrtps_cpp.hpp
[20.318s] -- Up-to-date symlink: /home/utilizador/charmie_ws/install/charmie_interfaces/include/charmie_interfaces/msg/detail/speech_type__rosidl_typesupport_fastrtps_cpp.hpp
[20.318s] -- Up-to-date symlink: /home/utilizador/charmie_ws/install/charmie_interfaces/include/charmie_interfaces/msg/detail/tar_nav_sdnl__rosidl_typesupport_fastrtps_cpp.hpp
[20.319s] -- Up-to-date symlink: /home/utilizador/charmie_ws/install/charmie_interfaces/include/charmie_interfaces/msg/detail/yolov8_pose__rosidl_typesupport_fastrtps_cpp.hpp
[20.319s] -- Up-to-date symlink: /home/utilizador/charmie_ws/install/charmie_interfaces/include/charmie_interfaces/msg/detail/yolov8_pose_array__rosidl_typesupport_fastrtps_cpp.hpp
[20.319s] -- Up-to-date symlink: /home/utilizador/charmie_ws/install/charmie_interfaces/include/charmie_interfaces/msg/rosidl_typesupport_fastrtps_cpp__visibility_control.h
[20.320s] -- Up-to-date symlink: /home/utilizador/charmie_ws/install/charmie_interfaces/lib/libcharmie_interfaces__rosidl_typesupport_fastrtps_cpp.so
[20.320s] -- Symlinking: /home/utilizador/charmie_ws/install/charmie_interfaces/include/charmie_interfaces/msg/detail/detected_person__rosidl_typesupport_introspection_c.h
[20.324s] -- Up-to-date symlink: /home/utilizador/charmie_ws/install/charmie_interfaces/include/charmie_interfaces/msg/detail/encoders__rosidl_typesupport_introspection_c.h
[20.324s] -- Up-to-date symlink: /home/utilizador/charmie_ws/install/charmie_interfaces/include/charmie_interfaces/msg/detail/example_tr__rosidl_typesupport_introspection_c.h
[20.324s] -- Up-to-date symlink: /home/utilizador/charmie_ws/install/charmie_interfaces/include/charmie_interfaces/msg/detail/keypoints__rosidl_typesupport_introspection_c.h
[20.325s] -- Up-to-date symlink: /home/utilizador/charmie_ws/install/charmie_interfaces/include/charmie_interfaces/msg/detail/multi_objects__rosidl_typesupport_introspection_c.h
[20.325s] -- Up-to-date symlink: /home/utilizador/charmie_ws/install/charmie_interfaces/include/charmie_interfaces/msg/detail/obstacle_info__rosidl_typesupport_introspection_c.h
[20.325s] -- Up-to-date symlink: /home/utilizador/charmie_ws/install/charmie_interfaces/include/charmie_interfaces/msg/detail/obstacles__rosidl_typesupport_introspection_c.h
[20.325s] -- Up-to-date symlink: /home/utilizador/charmie_ws/install/charmie_interfaces/include/charmie_interfaces/msg/detail/ps4_controller__rosidl_typesupport_introspection_c.h
[20.326s] -- Up-to-date symlink: /home/utilizador/charmie_ws/install/charmie_interfaces/include/charmie_interfaces/msg/detail/robot_speech__rosidl_typesupport_introspection_c.h
[20.326s] -- Up-to-date symlink: /home/utilizador/charmie_ws/install/charmie_interfaces/include/charmie_interfaces/msg/detail/speech_type__rosidl_typesupport_introspection_c.h
[20.326s] -- Up-to-date symlink: /home/utilizador/charmie_ws/install/charmie_interfaces/include/charmie_interfaces/msg/detail/tar_nav_sdnl__rosidl_typesupport_introspection_c.h
[20.327s] -- Up-to-date symlink: /home/utilizador/charmie_ws/install/charmie_interfaces/include/charmie_interfaces/msg/detail/yolov8_pose__rosidl_typesupport_introspection_c.h
[20.327s] -- Up-to-date symlink: /home/utilizador/charmie_ws/install/charmie_interfaces/include/charmie_interfaces/msg/detail/yolov8_pose_array__rosidl_typesupport_introspection_c.h
[20.327s] -- Up-to-date symlink: /home/utilizador/charmie_ws/install/charmie_interfaces/include/charmie_interfaces/msg/rosidl_typesupport_introspection_c__visibility_control.h
[20.328s] -- Symlinking: /home/utilizador/charmie_ws/install/charmie_interfaces/include/charmie_interfaces/msg/detail/detected_person__builder.hpp
[20.331s] -- Symlinking: /home/utilizador/charmie_ws/install/charmie_interfaces/include/charmie_interfaces/msg/detail/detected_person__struct.hpp
[20.335s] -- Symlinking: /home/utilizador/charmie_ws/install/charmie_interfaces/include/charmie_interfaces/msg/detail/detected_person__traits.hpp
[20.338s] -- Symlinking: /home/utilizador/charmie_ws/install/charmie_interfaces/include/charmie_interfaces/msg/detail/detected_person__type_support.hpp
[20.341s] -- Up-to-date symlink: /home/utilizador/charmie_ws/install/charmie_interfaces/include/charmie_interfaces/msg/detail/encoders__builder.hpp
[20.342s] -- Up-to-date symlink: /home/utilizador/charmie_ws/install/charmie_interfaces/include/charmie_interfaces/msg/detail/encoders__struct.hpp
[20.342s] -- Up-to-date symlink: /home/utilizador/charmie_ws/install/charmie_interfaces/include/charmie_interfaces/msg/detail/encoders__traits.hpp
[20.342s] -- Up-to-date symlink: /home/utilizador/charmie_ws/install/charmie_interfaces/include/charmie_interfaces/msg/detail/encoders__type_support.hpp
[20.343s] -- Up-to-date symlink: /home/utilizador/charmie_ws/install/charmie_interfaces/include/charmie_interfaces/msg/detail/example_tr__builder.hpp
[20.343s] -- Up-to-date symlink: /home/utilizador/charmie_ws/install/charmie_interfaces/include/charmie_interfaces/msg/detail/example_tr__struct.hpp
[20.343s] -- Up-to-date symlink: /home/utilizador/charmie_ws/install/charmie_interfaces/include/charmie_interfaces/msg/detail/example_tr__traits.hpp
[20.344s] -- Up-to-date symlink: /home/utilizador/charmie_ws/install/charmie_interfaces/include/charmie_interfaces/msg/detail/example_tr__type_support.hpp
[20.345s] -- Up-to-date symlink: /home/utilizador/charmie_ws/install/charmie_interfaces/include/charmie_interfaces/msg/detail/keypoints__builder.hpp
[20.345s] -- Up-to-date symlink: /home/utilizador/charmie_ws/install/charmie_interfaces/include/charmie_interfaces/msg/detail/keypoints__struct.hpp
[20.345s] -- Up-to-date symlink: /home/utilizador/charmie_ws/install/charmie_interfaces/include/charmie_interfaces/msg/detail/keypoints__traits.hpp
[20.346s] -- Up-to-date symlink: /home/utilizador/charmie_ws/install/charmie_interfaces/include/charmie_interfaces/msg/detail/keypoints__type_support.hpp
[20.346s] -- Up-to-date symlink: /home/utilizador/charmie_ws/install/charmie_interfaces/include/charmie_interfaces/msg/detail/multi_objects__builder.hpp
[20.346s] -- Up-to-date symlink: /home/utilizador/charmie_ws/install/charmie_interfaces/include/charmie_interfaces/msg/detail/multi_objects__struct.hpp
[20.347s] -- Up-to-date symlink: /home/utilizador/charmie_ws/install/charmie_interfaces/include/charmie_interfaces/msg/detail/multi_objects__traits.hpp
[20.347s] -- Up-to-date symlink: /home/utilizador/charmie_ws/install/charmie_interfaces/include/charmie_interfaces/msg/detail/multi_objects__type_support.hpp
[20.347s] -- Up-to-date symlink: /home/utilizador/charmie_ws/install/charmie_interfaces/include/charmie_interfaces/msg/detail/obstacle_info__builder.hpp
[20.348s] -- Up-to-date symlink: /home/utilizador/charmie_ws/install/charmie_interfaces/include/charmie_interfaces/msg/detail/obstacle_info__struct.hpp
[20.348s] -- Up-to-date symlink: /home/utilizador/charmie_ws/install/charmie_interfaces/include/charmie_interfaces/msg/detail/obstacle_info__traits.hpp
[20.348s] -- Up-to-date symlink: /home/utilizador/charmie_ws/install/charmie_interfaces/include/charmie_interfaces/msg/detail/obstacle_info__type_support.hpp
[20.349s] -- Up-to-date symlink: /home/utilizador/charmie_ws/install/charmie_interfaces/include/charmie_interfaces/msg/detail/obstacles__builder.hpp
[20.349s] -- Up-to-date symlink: /home/utilizador/charmie_ws/install/charmie_interfaces/include/charmie_interfaces/msg/detail/obstacles__struct.hpp
[20.349s] -- Up-to-date symlink: /home/utilizador/charmie_ws/install/charmie_interfaces/include/charmie_interfaces/msg/detail/obstacles__traits.hpp
[20.349s] -- Up-to-date symlink: /home/utilizador/charmie_ws/install/charmie_interfaces/include/charmie_interfaces/msg/detail/obstacles__type_support.hpp
[20.350s] -- Up-to-date symlink: /home/utilizador/charmie_ws/install/charmie_interfaces/include/charmie_interfaces/msg/detail/ps4_controller__builder.hpp
[20.350s] -- Up-to-date symlink: /home/utilizador/charmie_ws/install/charmie_interfaces/include/charmie_interfaces/msg/detail/ps4_controller__struct.hpp
[20.351s] -- Up-to-date symlink: /home/utilizador/charmie_ws/install/charmie_interfaces/include/charmie_interfaces/msg/detail/ps4_controller__traits.hpp
[20.351s] -- Up-to-date symlink: /home/utilizador/charmie_ws/install/charmie_interfaces/include/charmie_interfaces/msg/detail/ps4_controller__type_support.hpp
[20.352s] -- Up-to-date symlink: /home/utilizador/charmie_ws/install/charmie_interfaces/include/charmie_interfaces/msg/detail/robot_speech__builder.hpp
[20.352s] -- Up-to-date symlink: /home/utilizador/charmie_ws/install/charmie_interfaces/include/charmie_interfaces/msg/detail/robot_speech__struct.hpp
[20.353s] -- Up-to-date symlink: /home/utilizador/charmie_ws/install/charmie_interfaces/include/charmie_interfaces/msg/detail/robot_speech__traits.hpp
[20.353s] -- Up-to-date symlink: /home/utilizador/charmie_ws/install/charmie_interfaces/include/charmie_interfaces/msg/detail/robot_speech__type_support.hpp
[20.353s] -- Up-to-date symlink: /home/utilizador/charmie_ws/install/charmie_interfaces/include/charmie_interfaces/msg/detail/speech_type__builder.hpp
[20.354s] -- Up-to-date symlink: /home/utilizador/charmie_ws/install/charmie_interfaces/include/charmie_interfaces/msg/detail/speech_type__struct.hpp
[20.354s] -- Up-to-date symlink: /home/utilizador/charmie_ws/install/charmie_interfaces/include/charmie_interfaces/msg/detail/speech_type__traits.hpp
[20.354s] -- Up-to-date symlink: /home/utilizador/charmie_ws/install/charmie_interfaces/include/charmie_interfaces/msg/detail/speech_type__type_support.hpp
[20.355s] -- Up-to-date symlink: /home/utilizador/charmie_ws/install/charmie_interfaces/include/charmie_interfaces/msg/detail/tar_nav_sdnl__builder.hpp
[20.355s] -- Up-to-date symlink: /home/utilizador/charmie_ws/install/charmie_interfaces/include/charmie_interfaces/msg/detail/tar_nav_sdnl__struct.hpp
[20.355s] -- Up-to-date symlink: /home/utilizador/charmie_ws/install/charmie_interfaces/include/charmie_interfaces/msg/detail/tar_nav_sdnl__traits.hpp
[20.356s] -- Up-to-date symlink: /home/utilizador/charmie_ws/install/charmie_interfaces/include/charmie_interfaces/msg/detail/tar_nav_sdnl__type_support.hpp
[20.356s] -- Up-to-date symlink: /home/utilizador/charmie_ws/install/charmie_interfaces/include/charmie_interfaces/msg/detail/yolov8_pose__builder.hpp
[20.356s] -- Up-to-date symlink: /home/utilizador/charmie_ws/install/charmie_interfaces/include/charmie_interfaces/msg/detail/yolov8_pose__struct.hpp
[20.357s] -- Up-to-date symlink: /home/utilizador/charmie_ws/install/charmie_interfaces/include/charmie_interfaces/msg/detail/yolov8_pose__traits.hpp
[20.357s] -- Up-to-date symlink: /home/utilizador/charmie_ws/install/charmie_interfaces/include/charmie_interfaces/msg/detail/yolov8_pose__type_support.hpp
[20.358s] -- Up-to-date symlink: /home/utilizador/charmie_ws/install/charmie_interfaces/include/charmie_interfaces/msg/detail/yolov8_pose_array__builder.hpp
[20.358s] -- Up-to-date symlink: /home/utilizador/charmie_ws/install/charmie_interfaces/include/charmie_interfaces/msg/detail/yolov8_pose_array__struct.hpp
[20.359s] -- Up-to-date symlink: /home/utilizador/charmie_ws/install/charmie_interfaces/include/charmie_interfaces/msg/detail/yolov8_pose_array__traits.hpp
[20.359s] -- Up-to-date symlink: /home/utilizador/charmie_ws/install/charmie_interfaces/include/charmie_interfaces/msg/detail/yolov8_pose_array__type_support.hpp
[20.359s] -- Symlinking: /home/utilizador/charmie_ws/install/charmie_interfaces/include/charmie_interfaces/msg/detected_person.hpp
[20.363s] -- Up-to-date symlink: /home/utilizador/charmie_ws/install/charmie_interfaces/include/charmie_interfaces/msg/encoders.hpp
[20.363s] -- Up-to-date symlink: /home/utilizador/charmie_ws/install/charmie_interfaces/include/charmie_interfaces/msg/example_tr.hpp
[20.363s] -- Up-to-date symlink: /home/utilizador/charmie_ws/install/charmie_interfaces/include/charmie_interfaces/msg/keypoints.hpp
[20.364s] -- Up-to-date symlink: /home/utilizador/charmie_ws/install/charmie_interfaces/include/charmie_interfaces/msg/multi_objects.hpp
[20.364s] -- Up-to-date symlink: /home/utilizador/charmie_ws/install/charmie_interfaces/include/charmie_interfaces/msg/obstacle_info.hpp
[20.365s] -- Up-to-date symlink: /home/utilizador/charmie_ws/install/charmie_interfaces/include/charmie_interfaces/msg/obstacles.hpp
[20.365s] -- Up-to-date symlink: /home/utilizador/charmie_ws/install/charmie_interfaces/include/charmie_interfaces/msg/ps4_controller.hpp
[20.365s] -- Up-to-date symlink: /home/utilizador/charmie_ws/install/charmie_interfaces/include/charmie_interfaces/msg/robot_speech.hpp
[20.366s] -- Up-to-date symlink: /home/utilizador/charmie_ws/install/charmie_interfaces/include/charmie_interfaces/msg/rosidl_generator_cpp__visibility_control.hpp
[20.366s] -- Up-to-date symlink: /home/utilizador/charmie_ws/install/charmie_interfaces/include/charmie_interfaces/msg/speech_type.hpp
[20.367s] -- Up-to-date symlink: /home/utilizador/charmie_ws/install/charmie_interfaces/include/charmie_interfaces/msg/tar_nav_sdnl.hpp
[20.367s] -- Up-to-date symlink: /home/utilizador/charmie_ws/install/charmie_interfaces/include/charmie_interfaces/msg/yolov8_pose.hpp
[20.368s] -- Up-to-date symlink: /home/utilizador/charmie_ws/install/charmie_interfaces/include/charmie_interfaces/msg/yolov8_pose_array.hpp
[20.369s] -- Symlinking: /home/utilizador/charmie_ws/install/charmie_interfaces/include/charmie_interfaces/msg/detail/detected_person__rosidl_typesupport_introspection_cpp.hpp
[20.373s] -- Up-to-date symlink: /home/utilizador/charmie_ws/install/charmie_interfaces/include/charmie_interfaces/msg/detail/encoders__rosidl_typesupport_introspection_cpp.hpp
[20.373s] -- Up-to-date symlink: /home/utilizador/charmie_ws/install/charmie_interfaces/include/charmie_interfaces/msg/detail/example_tr__rosidl_typesupport_introspection_cpp.hpp
[20.373s] -- Up-to-date symlink: /home/utilizador/charmie_ws/install/charmie_interfaces/include/charmie_interfaces/msg/detail/keypoints__rosidl_typesupport_introspection_cpp.hpp
[20.374s] -- Up-to-date symlink: /home/utilizador/charmie_ws/install/charmie_interfaces/include/charmie_interfaces/msg/detail/multi_objects__rosidl_typesupport_introspection_cpp.hpp
[20.374s] -- Up-to-date symlink: /home/utilizador/charmie_ws/install/charmie_interfaces/include/charmie_interfaces/msg/detail/obstacle_info__rosidl_typesupport_introspection_cpp.hpp
[20.375s] -- Up-to-date symlink: /home/utilizador/charmie_ws/install/charmie_interfaces/include/charmie_interfaces/msg/detail/obstacles__rosidl_typesupport_introspection_cpp.hpp
[20.375s] -- Up-to-date symlink: /home/utilizador/charmie_ws/install/charmie_interfaces/include/charmie_interfaces/msg/detail/ps4_controller__rosidl_typesupport_introspection_cpp.hpp
[20.376s] -- Up-to-date symlink: /home/utilizador/charmie_ws/install/charmie_interfaces/include/charmie_interfaces/msg/detail/robot_speech__rosidl_typesupport_introspection_cpp.hpp
[20.376s] -- Up-to-date symlink: /home/utilizador/charmie_ws/install/charmie_interfaces/include/charmie_interfaces/msg/detail/speech_type__rosidl_typesupport_introspection_cpp.hpp
[20.377s] -- Up-to-date symlink: /home/utilizador/charmie_ws/install/charmie_interfaces/include/charmie_interfaces/msg/detail/tar_nav_sdnl__rosidl_typesupport_introspection_cpp.hpp
[20.377s] -- Up-to-date symlink: /home/utilizador/charmie_ws/install/charmie_interfaces/include/charmie_interfaces/msg/detail/yolov8_pose__rosidl_typesupport_introspection_cpp.hpp
[20.377s] -- Up-to-date symlink: /home/utilizador/charmie_ws/install/charmie_interfaces/include/charmie_interfaces/msg/detail/yolov8_pose_array__rosidl_typesupport_introspection_cpp.hpp
[20.378s] -- Up-to-date symlink: /home/utilizador/charmie_ws/install/charmie_interfaces/share/charmie_interfaces/environment/pythonpath.sh
[20.379s] -- Up-to-date symlink: /home/utilizador/charmie_ws/install/charmie_interfaces/share/charmie_interfaces/environment/pythonpath.dsv
[20.379s] -- Up-to-date symlink: /home/utilizador/charmie_ws/install/charmie_interfaces/lib/python3.8/site-packages/charmie_interfaces/__init__.py
[20.380s] -- Up-to-date symlink: /home/utilizador/charmie_ws/install/charmie_interfaces/lib/python3.8/site-packages/charmie_interfaces/msg/__init__.py
[20.380s] -- Symlinking: /home/utilizador/charmie_ws/install/charmie_interfaces/lib/python3.8/site-packages/charmie_interfaces/msg/_detected_person.py
[20.385s] -- Up-to-date symlink: /home/utilizador/charmie_ws/install/charmie_interfaces/lib/python3.8/site-packages/charmie_interfaces/msg/_encoders.py
[20.385s] -- Up-to-date symlink: /home/utilizador/charmie_ws/install/charmie_interfaces/lib/python3.8/site-packages/charmie_interfaces/msg/_example_tr.py
[20.385s] -- Up-to-date symlink: /home/utilizador/charmie_ws/install/charmie_interfaces/lib/python3.8/site-packages/charmie_interfaces/msg/_keypoints.py
[20.385s] -- Up-to-date symlink: /home/utilizador/charmie_ws/install/charmie_interfaces/lib/python3.8/site-packages/charmie_interfaces/msg/_multi_objects.py
[20.386s] -- Up-to-date symlink: /home/utilizador/charmie_ws/install/charmie_interfaces/lib/python3.8/site-packages/charmie_interfaces/msg/_obstacle_info.py
[20.386s] -- Up-to-date symlink: /home/utilizador/charmie_ws/install/charmie_interfaces/lib/python3.8/site-packages/charmie_interfaces/msg/_obstacles.py
[20.386s] -- Up-to-date symlink: /home/utilizador/charmie_ws/install/charmie_interfaces/lib/python3.8/site-packages/charmie_interfaces/msg/_ps4_controller.py
[20.386s] -- Up-to-date symlink: /home/utilizador/charmie_ws/install/charmie_interfaces/lib/python3.8/site-packages/charmie_interfaces/msg/_robot_speech.py
[20.386s] -- Up-to-date symlink: /home/utilizador/charmie_ws/install/charmie_interfaces/lib/python3.8/site-packages/charmie_interfaces/msg/_speech_type.py
[20.387s] -- Up-to-date symlink: /home/utilizador/charmie_ws/install/charmie_interfaces/lib/python3.8/site-packages/charmie_interfaces/msg/_tar_nav_sdnl.py
[20.387s] -- Up-to-date symlink: /home/utilizador/charmie_ws/install/charmie_interfaces/lib/python3.8/site-packages/charmie_interfaces/msg/_yolov8_pose.py
[20.387s] -- Up-to-date symlink: /home/utilizador/charmie_ws/install/charmie_interfaces/lib/python3.8/site-packages/charmie_interfaces/msg/_yolov8_pose_array.py
[20.389s] -- Up-to-date symlink: /home/utilizador/charmie_ws/install/charmie_interfaces/lib/python3.8/site-packages/charmie_interfaces/charmie_interfaces_s__rosidl_typesupport_fastrtps_c.cpython-38-x86_64-linux-gnu.so
[20.389s] -- Up-to-date symlink: /home/utilizador/charmie_ws/install/charmie_interfaces/lib/python3.8/site-packages/charmie_interfaces/charmie_interfaces_s__rosidl_typesupport_introspection_c.cpython-38-x86_64-linux-gnu.so
[20.390s] -- Up-to-date symlink: /home/utilizador/charmie_ws/install/charmie_interfaces/lib/python3.8/site-packages/charmie_interfaces/charmie_interfaces_s__rosidl_typesupport_c.cpython-38-x86_64-linux-gnu.so
[20.391s] -- Up-to-date symlink: /home/utilizador/charmie_ws/install/charmie_interfaces/lib/libcharmie_interfaces__python.so
[20.392s] -- Up-to-date symlink: /home/utilizador/charmie_ws/install/charmie_interfaces/share/charmie_interfaces/msg/Encoders.idl
[20.392s] -- Up-to-date symlink: /home/utilizador/charmie_ws/install/charmie_interfaces/share/charmie_interfaces/msg/ExampleTR.idl
[20.392s] -- Symlinking: /home/utilizador/charmie_ws/install/charmie_interfaces/share/charmie_interfaces/msg/DetectedPerson.idl
[20.397s] -- Up-to-date symlink: /home/utilizador/charmie_ws/install/charmie_interfaces/share/charmie_interfaces/msg/MultiObjects.idl
[20.398s] -- Up-to-date symlink: /home/utilizador/charmie_ws/install/charmie_interfaces/share/charmie_interfaces/msg/ObstacleInfo.idl
[20.398s] -- Up-to-date symlink: /home/utilizador/charmie_ws/install/charmie_interfaces/share/charmie_interfaces/msg/Obstacles.idl
[20.399s] -- Up-to-date symlink: /home/utilizador/charmie_ws/install/charmie_interfaces/share/charmie_interfaces/msg/PS4Controller.idl
[20.399s] -- Up-to-date symlink: /home/utilizador/charmie_ws/install/charmie_interfaces/share/charmie_interfaces/msg/RobotSpeech.idl
[20.400s] -- Up-to-date symlink: /home/utilizador/charmie_ws/install/charmie_interfaces/share/charmie_interfaces/msg/SpeechType.idl
[20.401s] -- Up-to-date symlink: /home/utilizador/charmie_ws/install/charmie_interfaces/share/charmie_interfaces/msg/TarNavSDNL.idl
[20.402s] -- Up-to-date symlink: /home/utilizador/charmie_ws/install/charmie_interfaces/share/charmie_interfaces/msg/Yolov8Pose.idl
[20.402s] -- Up-to-date symlink: /home/utilizador/charmie_ws/install/charmie_interfaces/share/charmie_interfaces/msg/Encoders.msg
[20.403s] -- Up-to-date symlink: /home/utilizador/charmie_ws/install/charmie_interfaces/share/charmie_interfaces/msg/ExampleTR.msg
[20.403s] -- Symlinking: /home/utilizador/charmie_ws/install/charmie_interfaces/share/charmie_interfaces/msg/DetectedPerson.msg
[20.408s] -- Up-to-date symlink: /home/utilizador/charmie_ws/install/charmie_interfaces/share/charmie_interfaces/msg/MultiObjects.msg
[20.409s] -- Up-to-date symlink: /home/utilizador/charmie_ws/install/charmie_interfaces/share/charmie_interfaces/msg/ObstacleInfo.msg
[20.409s] -- Up-to-date symlink: /home/utilizador/charmie_ws/install/charmie_interfaces/share/charmie_interfaces/msg/Obstacles.msg
[20.410s] -- Up-to-date symlink: /home/utilizador/charmie_ws/install/charmie_interfaces/share/charmie_interfaces/msg/PS4Controller.msg
[20.410s] -- Up-to-date symlink: /home/utilizador/charmie_ws/install/charmie_interfaces/share/charmie_interfaces/msg/RobotSpeech.msg
[20.410s] -- Up-to-date symlink: /home/utilizador/charmie_ws/install/charmie_interfaces/share/charmie_interfaces/msg/SpeechType.msg
[20.411s] -- Up-to-date symlink: /home/utilizador/charmie_ws/install/charmie_interfaces/share/charmie_interfaces/msg/TarNavSDNL.msg
[20.411s] -- Up-to-date symlink: /home/utilizador/charmie_ws/install/charmie_interfaces/share/charmie_interfaces/msg/Yolov8Pose.msg
[20.411s] -- Up-to-date symlink: /home/utilizador/charmie_ws/install/charmie_interfaces/share/ament_index/resource_index/package_run_dependencies/charmie_interfaces
[20.412s] -- Up-to-date symlink: /home/utilizador/charmie_ws/install/charmie_interfaces/share/ament_index/resource_index/parent_prefix_path/charmie_interfaces
[20.412s] -- Up-to-date symlink: /home/utilizador/charmie_ws/install/charmie_interfaces/share/charmie_interfaces/environment/ament_prefix_path.sh
[20.413s] -- Up-to-date symlink: /home/utilizador/charmie_ws/install/charmie_interfaces/share/charmie_interfaces/environment/ament_prefix_path.dsv
[20.413s] -- Up-to-date symlink: /home/utilizador/charmie_ws/install/charmie_interfaces/share/charmie_interfaces/environment/path.sh
[20.414s] -- Up-to-date symlink: /home/utilizador/charmie_ws/install/charmie_interfaces/share/charmie_interfaces/environment/path.dsv
[20.414s] -- Up-to-date symlink: /home/utilizador/charmie_ws/install/charmie_interfaces/share/charmie_interfaces/local_setup.bash
[20.415s] -- Up-to-date symlink: /home/utilizador/charmie_ws/install/charmie_interfaces/share/charmie_interfaces/local_setup.sh
[20.415s] -- Up-to-date symlink: /home/utilizador/charmie_ws/install/charmie_interfaces/share/charmie_interfaces/local_setup.zsh
[20.416s] -- Up-to-date symlink: /home/utilizador/charmie_ws/install/charmie_interfaces/share/charmie_interfaces/local_setup.dsv
[20.416s] -- Symlinking: /home/utilizador/charmie_ws/install/charmie_interfaces/share/charmie_interfaces/package.dsv
[20.421s] -- Up-to-date symlink: /home/utilizador/charmie_ws/install/charmie_interfaces/share/ament_index/resource_index/packages/charmie_interfaces
[20.421s] -- Up-to-date symlink: /home/utilizador/charmie_ws/install/charmie_interfaces/share/charmie_interfaces/cmake/rosidl_cmake-extras.cmake
[20.423s] -- Up-to-date symlink: /home/utilizador/charmie_ws/install/charmie_interfaces/share/charmie_interfaces/cmake/ament_cmake_export_dependencies-extras.cmake
[20.423s] -- Up-to-date symlink: /home/utilizador/charmie_ws/install/charmie_interfaces/share/charmie_interfaces/cmake/ament_cmake_export_libraries-extras.cmake
[20.423s] -- Up-to-date symlink: /home/utilizador/charmie_ws/install/charmie_interfaces/share/charmie_interfaces/cmake/ament_cmake_export_targets-extras.cmake
[20.424s] -- Up-to-date symlink: /home/utilizador/charmie_ws/install/charmie_interfaces/share/charmie_interfaces/cmake/ament_cmake_export_include_directories-extras.cmake
[20.424s] -- Up-to-date symlink: /home/utilizador/charmie_ws/install/charmie_interfaces/share/charmie_interfaces/cmake/rosidl_cmake_export_typesupport_libraries-extras.cmake
[20.425s] -- Up-to-date symlink: /home/utilizador/charmie_ws/install/charmie_interfaces/share/charmie_interfaces/cmake/rosidl_cmake_export_typesupport_targets-extras.cmake
[20.425s] -- Up-to-date symlink: /home/utilizador/charmie_ws/install/charmie_interfaces/share/charmie_interfaces/cmake/charmie_interfacesConfig.cmake
[20.426s] -- Up-to-date symlink: /home/utilizador/charmie_ws/install/charmie_interfaces/share/charmie_interfaces/cmake/charmie_interfacesConfig-version.cmake
[20.426s] -- Up-to-date symlink: /home/utilizador/charmie_ws/install/charmie_interfaces/share/charmie_interfaces/package.xml
[20.427s] -- Installing: /home/utilizador/charmie_ws/install/charmie_interfaces/lib/libcharmie_interfaces__rosidl_generator_c.so
[20.428s] -- Set runtime path of "/home/utilizador/charmie_ws/install/charmie_interfaces/lib/libcharmie_interfaces__rosidl_generator_c.so" to ""
[20.429s] -- Installing: /home/utilizador/charmie_ws/install/charmie_interfaces/lib/libcharmie_interfaces__rosidl_typesupport_introspection_c.so
[20.430s] -- Set runtime path of "/home/utilizador/charmie_ws/install/charmie_interfaces/lib/libcharmie_interfaces__rosidl_typesupport_introspection_c.so" to ""
[20.430s] -- Installing: /home/utilizador/charmie_ws/install/charmie_interfaces/lib/libcharmie_interfaces__rosidl_typesupport_c.so
[20.431s] -- Set runtime path of "/home/utilizador/charmie_ws/install/charmie_interfaces/lib/libcharmie_interfaces__rosidl_typesupport_c.so" to ""
[20.432s] -- Installing: /home/utilizador/charmie_ws/install/charmie_interfaces/lib/libcharmie_interfaces__rosidl_typesupport_introspection_cpp.so
[20.436s] -- Set runtime path of "/home/utilizador/charmie_ws/install/charmie_interfaces/lib/libcharmie_interfaces__rosidl_typesupport_introspection_cpp.so" to ""
[20.436s] -- Installing: /home/utilizador/charmie_ws/install/charmie_interfaces/lib/libcharmie_interfaces__rosidl_typesupport_cpp.so
[20.437s] -- Set runtime path of "/home/utilizador/charmie_ws/install/charmie_interfaces/lib/libcharmie_interfaces__rosidl_typesupport_cpp.so" to ""
[20.505s] Compiling '/home/utilizador/charmie_ws/install/charmie_interfaces/lib/python3.8/site-packages/charmie_interfaces/__init__.py'...
[20.514s] -- Up-to-date: /home/utilizador/charmie_ws/install/charmie_interfaces/share/charmie_interfaces/cmake/charmie_interfaces__rosidl_generator_cExport.cmake
[20.514s] -- Up-to-date: /home/utilizador/charmie_ws/install/charmie_interfaces/share/charmie_interfaces/cmake/charmie_interfaces__rosidl_generator_cExport-noconfig.cmake
[20.515s] -- Up-to-date: /home/utilizador/charmie_ws/install/charmie_interfaces/share/charmie_interfaces/cmake/charmie_interfaces__rosidl_typesupport_introspection_cExport.cmake
[20.515s] -- Up-to-date: /home/utilizador/charmie_ws/install/charmie_interfaces/share/charmie_interfaces/cmake/charmie_interfaces__rosidl_typesupport_introspection_cExport-noconfig.cmake
[20.515s] -- Up-to-date: /home/utilizador/charmie_ws/install/charmie_interfaces/share/charmie_interfaces/cmake/charmie_interfaces__rosidl_typesupport_cExport.cmake
[20.515s] -- Up-to-date: /home/utilizador/charmie_ws/install/charmie_interfaces/share/charmie_interfaces/cmake/charmie_interfaces__rosidl_typesupport_cExport-noconfig.cmake
[20.516s] -- Up-to-date: /home/utilizador/charmie_ws/install/charmie_interfaces/share/charmie_interfaces/cmake/charmie_interfaces__rosidl_generator_cppExport.cmake
[20.516s] -- Up-to-date: /home/utilizador/charmie_ws/install/charmie_interfaces/share/charmie_interfaces/cmake/charmie_interfaces__rosidl_typesupport_introspection_cppExport.cmake
[20.516s] -- Up-to-date: /home/utilizador/charmie_ws/install/charmie_interfaces/share/charmie_interfaces/cmake/charmie_interfaces__rosidl_typesupport_introspection_cppExport-noconfig.cmake
[20.517s] -- Up-to-date: /home/utilizador/charmie_ws/install/charmie_interfaces/share/charmie_interfaces/cmake/charmie_interfaces__rosidl_typesupport_cppExport.cmake
[20.517s] -- Up-to-date: /home/utilizador/charmie_ws/install/charmie_interfaces/share/charmie_interfaces/cmake/charmie_interfaces__rosidl_typesupport_cppExport-noconfig.cmake
[20.531s] Invoked command in '/home/utilizador/charmie_ws/build/charmie_interfaces' returned '0': CMAKE_PREFIX_PATH=${CMAKE_PREFIX_PATH}:/home/utilizador/charmie_ws/install/charmie_yolo_pose:/home/utilizador/charmie_ws/install/charmie_yolo_objects:/home/utilizador/charmie_ws/install/charmie_stickler_for_the_rules:/home/utilizador/charmie_ws/install/charmie_speakers_offline:/home/utilizador/charmie_ws/install/charmie_speakers:/home/utilizador/charmie_ws/install/charmie_restaurant:/home/utilizador/charmie_ws/install/charmie_receptionist:/home/utilizador/charmie_ws/install/charmie_ps4_controller:/home/utilizador/charmie_ws/install/charmie_person_localisation:/home/utilizador/charmie_ws/install/charmie_odometry:/home/utilizador/charmie_ws/install/charmie_obstacles:/home/utilizador/charmie_ws/install/charmie_neck_dynamixel:/home/utilizador/charmie_ws/install/charmie_navigation_sdnl:/home/utilizador/charmie_ws/install/charmie_low_level:/home/utilizador/charmie_ws/install/charmie_localisation:/home/utilizador/charmie_ws/install/charmie_lidar_hokuyo:/home/utilizador/charmie_ws/install/charmie_inspection:/home/utilizador/charmie_ws/install/charmie_debug:/home/utilizador/charmie_ws/install/charmie_carry_luggage:/home/utilizador/charmie_ws/install/charmie_audio:/home/utilizador/charmie_ws/install/charmie_face_shiningrgb:/home/utilizador/charmie_ws/install/charmie_door_start:/home/utilizador/charmie_ws/install/charmie_diagnostics:/opt/ros/foxy /home/utilizador/.local/bin/cmake --install /home/utilizador/charmie_ws/build/charmie_interfaces
