[2.829s] Invoking command in '/home/utilizador/charmie_ws/build/charmie_face_shiningrgb': PYTHONPATH=/home/utilizador/charmie_ws/build/charmie_face_shiningrgb/prefix_override:/home/utilizador/charmie_ws/install/charmie_face_shiningrgb/lib/python3.8/site-packages:${PYTHONPATH} /usr/bin/python3 setup.py develop --editable --build-directory /home/utilizador/charmie_ws/build/charmie_face_shiningrgb/build --no-deps install_data
[3.452s] running develop
[3.861s] running egg_info
[3.862s] creating charmie_face_shiningrgb.egg-info
[3.863s] writing charmie_face_shiningrgb.egg-info/PKG-INFO
[3.863s] writing dependency_links to charmie_face_shiningrgb.egg-info/dependency_links.txt
[3.864s] writing entry points to charmie_face_shiningrgb.egg-info/entry_points.txt
[3.864s] writing requirements to charmie_face_shiningrgb.egg-info/requires.txt
[3.865s] writing top-level names to charmie_face_shiningrgb.egg-info/top_level.txt
[3.867s] writing manifest file 'charmie_face_shiningrgb.egg-info/SOURCES.txt'
[4.022s] reading manifest file 'charmie_face_shiningrgb.egg-info/SOURCES.txt'
[4.028s] writing manifest file 'charmie_face_shiningrgb.egg-info/SOURCES.txt'
[4.173s] running build_ext
[4.174s] Creating /home/utilizador/charmie_ws/install/charmie_face_shiningrgb/lib/python3.8/site-packages/site.py
[4.177s] Creating /home/utilizador/charmie_ws/install/charmie_face_shiningrgb/lib/python3.8/site-packages/charmie-face-shiningrgb.egg-link (link to .)
[4.179s] Installing face_shiningrgb script to /home/utilizador/charmie_ws/install/charmie_face_shiningrgb/lib/charmie_face_shiningrgb
[4.180s] 
[4.180s] Installed /home/utilizador/charmie_ws/build/charmie_face_shiningrgb
[4.180s] running install_data
[4.180s] creating /home/utilizador/charmie_ws/install/charmie_face_shiningrgb/share/ament_index
[4.181s] creating /home/utilizador/charmie_ws/install/charmie_face_shiningrgb/share/ament_index/resource_index
[4.181s] creating /home/utilizador/charmie_ws/install/charmie_face_shiningrgb/share/ament_index/resource_index/packages
[4.181s] copying resource/charmie_face_shiningrgb -> /home/utilizador/charmie_ws/install/charmie_face_shiningrgb/share/ament_index/resource_index/packages
[4.181s] copying package.xml -> /home/utilizador/charmie_ws/install/charmie_face_shiningrgb/share/charmie_face_shiningrgb
[4.286s] Invoked command in '/home/utilizador/charmie_ws/build/charmie_face_shiningrgb' returned '0': PYTHONPATH=/home/utilizador/charmie_ws/build/charmie_face_shiningrgb/prefix_override:/home/utilizador/charmie_ws/install/charmie_face_shiningrgb/lib/python3.8/site-packages:${PYTHONPATH} /usr/bin/python3 setup.py develop --editable --build-directory /home/utilizador/charmie_ws/build/charmie_face_shiningrgb/build --no-deps install_data
