[4.209s] Invoking command in '/home/utilizador/charmie_ws/build/charmie_stickler_for_the_rules': PYTHONPATH=/home/utilizador/charmie_ws/build/charmie_stickler_for_the_rules/prefix_override:/home/utilizador/charmie_ws/install/charmie_stickler_for_the_rules/lib/python3.8/site-packages:${PYTHONPATH} /usr/bin/python3 setup.py develop --uninstall --editable --build-directory /home/utilizador/charmie_ws/build/charmie_stickler_for_the_rules/build
[5.990s] running develop
[6.885s] Invoked command in '/home/utilizador/charmie_ws/build/charmie_stickler_for_the_rules' returned '0': PYTHONPATH=/home/utilizador/charmie_ws/build/charmie_stickler_for_the_rules/prefix_override:/home/utilizador/charmie_ws/install/charmie_stickler_for_the_rules/lib/python3.8/site-packages:${PYTHONPATH} /usr/bin/python3 setup.py develop --uninstall --editable --build-directory /home/utilizador/charmie_ws/build/charmie_stickler_for_the_rules/build
[6.891s] Invoking command in '/home/utilizador/charmie_ws/src/charmie_stickler_for_the_rules': PYTHONPATH=/home/utilizador/charmie_ws/build/charmie_stickler_for_the_rules/prefix_override:/home/utilizador/charmie_ws/install/charmie_stickler_for_the_rules/lib/python3.8/site-packages:${PYTHONPATH} /usr/bin/python3 setup.py egg_info --egg-base ../../build/charmie_stickler_for_the_rules build --build-base /home/utilizador/charmie_ws/build/charmie_stickler_for_the_rules/build install --record /home/utilizador/charmie_ws/build/charmie_stickler_for_the_rules/install.log --single-version-externally-managed
[7.571s] running egg_info
[7.572s] writing ../../build/charmie_stickler_for_the_rules/charmie_stickler_for_the_rules.egg-info/PKG-INFO
[7.573s] writing dependency_links to ../../build/charmie_stickler_for_the_rules/charmie_stickler_for_the_rules.egg-info/dependency_links.txt
[7.573s] writing entry points to ../../build/charmie_stickler_for_the_rules/charmie_stickler_for_the_rules.egg-info/entry_points.txt
[7.573s] writing requirements to ../../build/charmie_stickler_for_the_rules/charmie_stickler_for_the_rules.egg-info/requires.txt
[7.573s] writing top-level names to ../../build/charmie_stickler_for_the_rules/charmie_stickler_for_the_rules.egg-info/top_level.txt
[7.588s] reading manifest file '../../build/charmie_stickler_for_the_rules/charmie_stickler_for_the_rules.egg-info/SOURCES.txt'
[7.591s] writing manifest file '../../build/charmie_stickler_for_the_rules/charmie_stickler_for_the_rules.egg-info/SOURCES.txt'
[7.591s] running build
[7.591s] running build_py
[7.592s] running install
[7.595s] running install_lib
[7.601s] running install_data
[7.602s] running install_egg_info
[7.606s] removing '/home/utilizador/charmie_ws/install/charmie_stickler_for_the_rules/lib/python3.8/site-packages/charmie_stickler_for_the_rules-0.0.0-py3.8.egg-info' (and everything under it)
[7.607s] Copying ../../build/charmie_stickler_for_the_rules/charmie_stickler_for_the_rules.egg-info to /home/utilizador/charmie_ws/install/charmie_stickler_for_the_rules/lib/python3.8/site-packages/charmie_stickler_for_the_rules-0.0.0-py3.8.egg-info
[7.609s] running install_scripts
[7.646s] Installing stickler_for_the_rules script to /home/utilizador/charmie_ws/install/charmie_stickler_for_the_rules/lib/charmie_stickler_for_the_rules
[7.646s] writing list of installed files to '/home/utilizador/charmie_ws/build/charmie_stickler_for_the_rules/install.log'
[7.688s] Invoked command in '/home/utilizador/charmie_ws/src/charmie_stickler_for_the_rules' returned '0': PYTHONPATH=/home/utilizador/charmie_ws/build/charmie_stickler_for_the_rules/prefix_override:/home/utilizador/charmie_ws/install/charmie_stickler_for_the_rules/lib/python3.8/site-packages:${PYTHONPATH} /usr/bin/python3 setup.py egg_info --egg-base ../../build/charmie_stickler_for_the_rules build --build-base /home/utilizador/charmie_ws/build/charmie_stickler_for_the_rules/build install --record /home/utilizador/charmie_ws/build/charmie_stickler_for_the_rules/install.log --single-version-externally-managed
