[2.812s] Invoking command in '/home/utilizador/charmie_ws/src/charmie_ps4_controller': PYTHONPATH=/home/utilizador/charmie_ws/src/build/charmie_ps4_controller/prefix_override:/home/utilizador/charmie_ws/src/install/charmie_ps4_controller/lib/python3.8/site-packages:${PYTHONPATH} /usr/bin/python3 setup.py egg_info --egg-base ../build/charmie_ps4_controller build --build-base /home/utilizador/charmie_ws/src/build/charmie_ps4_controller/build install --record /home/utilizador/charmie_ws/src/build/charmie_ps4_controller/install.log --install-scripts $base/lib/charmie_ps4_controller --single-version-externally-managed
[3.497s] running egg_info
[3.498s] creating ../build/charmie_ps4_controller/charmie_ps4_controller.egg-info
[3.499s] writing ../build/charmie_ps4_controller/charmie_ps4_controller.egg-info/PKG-INFO
[3.500s] writing dependency_links to ../build/charmie_ps4_controller/charmie_ps4_controller.egg-info/dependency_links.txt
[3.501s] writing entry points to ../build/charmie_ps4_controller/charmie_ps4_controller.egg-info/entry_points.txt
[3.501s] writing requirements to ../build/charmie_ps4_controller/charmie_ps4_controller.egg-info/requires.txt
[3.502s] writing top-level names to ../build/charmie_ps4_controller/charmie_ps4_controller.egg-info/top_level.txt
[3.505s] writing manifest file '../build/charmie_ps4_controller/charmie_ps4_controller.egg-info/SOURCES.txt'
[3.583s] reading manifest file '../build/charmie_ps4_controller/charmie_ps4_controller.egg-info/SOURCES.txt'
[3.584s] writing manifest file '../build/charmie_ps4_controller/charmie_ps4_controller.egg-info/SOURCES.txt'
[3.586s] running build
[3.587s] running build_py
[3.587s] creating /home/utilizador/charmie_ws/src/build/charmie_ps4_controller/build
[3.587s] creating /home/utilizador/charmie_ws/src/build/charmie_ps4_controller/build/lib
[3.588s] creating /home/utilizador/charmie_ws/src/build/charmie_ps4_controller/build/lib/charmie_ps4_controller
[3.588s] copying charmie_ps4_controller/ps4_controller.py -> /home/utilizador/charmie_ws/src/build/charmie_ps4_controller/build/lib/charmie_ps4_controller
[3.589s] copying charmie_ps4_controller/__init__.py -> /home/utilizador/charmie_ws/src/build/charmie_ps4_controller/build/lib/charmie_ps4_controller
[3.589s] running install
[3.595s] running install_lib
[3.597s] creating /home/utilizador/charmie_ws/src/install/charmie_ps4_controller/lib/python3.8/site-packages/charmie_ps4_controller
[3.597s] copying /home/utilizador/charmie_ws/src/build/charmie_ps4_controller/build/lib/charmie_ps4_controller/ps4_controller.py -> /home/utilizador/charmie_ws/src/install/charmie_ps4_controller/lib/python3.8/site-packages/charmie_ps4_controller
[3.597s] copying /home/utilizador/charmie_ws/src/build/charmie_ps4_controller/build/lib/charmie_ps4_controller/__init__.py -> /home/utilizador/charmie_ws/src/install/charmie_ps4_controller/lib/python3.8/site-packages/charmie_ps4_controller
[3.597s] byte-compiling /home/utilizador/charmie_ws/src/install/charmie_ps4_controller/lib/python3.8/site-packages/charmie_ps4_controller/ps4_controller.py to ps4_controller.cpython-38.pyc
[3.599s] byte-compiling /home/utilizador/charmie_ws/src/install/charmie_ps4_controller/lib/python3.8/site-packages/charmie_ps4_controller/__init__.py to __init__.cpython-38.pyc
[3.600s] running install_data
[3.601s] creating /home/utilizador/charmie_ws/src/install/charmie_ps4_controller/share/ament_index
[3.605s] creating /home/utilizador/charmie_ws/src/install/charmie_ps4_controller/share/ament_index/resource_index
[3.606s] creating /home/utilizador/charmie_ws/src/install/charmie_ps4_controller/share/ament_index/resource_index/packages
[3.606s] copying resource/charmie_ps4_controller -> /home/utilizador/charmie_ws/src/install/charmie_ps4_controller/share/ament_index/resource_index/packages
[3.611s] copying package.xml -> /home/utilizador/charmie_ws/src/install/charmie_ps4_controller/share/charmie_ps4_controller
[3.611s] running install_egg_info
[3.611s] Copying ../build/charmie_ps4_controller/charmie_ps4_controller.egg-info to /home/utilizador/charmie_ws/src/install/charmie_ps4_controller/lib/python3.8/site-packages/charmie_ps4_controller-0.0.0-py3.8.egg-info
[3.612s] running install_scripts
[3.652s] Installing ps4_controller script to /home/utilizador/charmie_ws/src/install/charmie_ps4_controller/lib/charmie_ps4_controller
[3.652s] writing list of installed files to '/home/utilizador/charmie_ws/src/build/charmie_ps4_controller/install.log'
[3.710s] Invoked command in '/home/utilizador/charmie_ws/src/charmie_ps4_controller' returned '0': PYTHONPATH=/home/utilizador/charmie_ws/src/build/charmie_ps4_controller/prefix_override:/home/utilizador/charmie_ws/src/install/charmie_ps4_controller/lib/python3.8/site-packages:${PYTHONPATH} /usr/bin/python3 setup.py egg_info --egg-base ../build/charmie_ps4_controller build --build-base /home/utilizador/charmie_ws/src/build/charmie_ps4_controller/build install --record /home/utilizador/charmie_ws/src/build/charmie_ps4_controller/install.log --install-scripts $base/lib/charmie_ps4_controller --single-version-externally-managed
