[0.092s] Invoking command in '/home/utilizador/charmie_ws/build/realsense2_camera': CMAKE_PREFIX_PATH=/home/utilizador/charmie_ws/install/realsense2_camera_msgs:/home/utilizador/charmie_ws/install/realsense2_description:/home/utilizador/charmie_ws/install/realsense2_camera:/home/utilizador/charmie_ws/install/charmie_interfaces:/home/utilizador/charmie_ws/install/charmie_bot:/home/utilizador/charmie_ws/install/charmie_yolo_pose:/home/utilizador/charmie_ws/install/charmie_yolo_objects:/home/utilizador/charmie_ws/install/charmie_stickler_for_the_rules:/home/utilizador/charmie_ws/install/charmie_speakers_offline:/home/utilizador/charmie_ws/install/charmie_speakers:/home/utilizador/charmie_ws/install/charmie_restaurant:/home/utilizador/charmie_ws/install/charmie_receptionist:/home/utilizador/charmie_ws/install/charmie_ps4_controller:/home/utilizador/charmie_ws/install/charmie_person_localisation:/home/utilizador/charmie_ws/install/charmie_odometry:/home/utilizador/charmie_ws/install/charmie_obstacles:/home/utilizador/charmie_ws/install/charmie_neck_dynamixel:/home/utilizador/charmie_ws/install/charmie_navigation_sdnl:/home/utilizador/charmie_ws/install/charmie_low_level:/home/utilizador/charmie_ws/install/charmie_localisation:/home/utilizador/charmie_ws/install/charmie_lidar_hokuyo:/home/utilizador/charmie_ws/install/charmie_inspection:/home/utilizador/charmie_ws/install/charmie_debug:/home/utilizador/charmie_ws/install/charmie_carry_luggage:/home/utilizador/charmie_ws/install/charmie_audio:/home/utilizador/charmie_ws/install/charmie_face_shiningrgb:/home/utilizador/charmie_ws/install/charmie_door_start:/home/utilizador/charmie_ws/install/charmie_diagnostics:/opt/ros/foxy LD_LIBRARY_PATH=/home/utilizador/charmie_ws/install/realsense2_camera_msgs/lib:/home/utilizador/charmie_ws/install/realsense2_camera/lib:/home/utilizador/charmie_ws/install/charmie_interfaces/lib:/opt/ros/foxy/opt/yaml_cpp_vendor/lib:/opt/ros/foxy/opt/rviz_ogre_vendor/lib:/opt/ros/foxy/lib/x86_64-linux-gnu:/opt/ros/foxy/lib /home/utilizador/.local/bin/cmake --build /home/utilizador/charmie_ws/build/realsense2_camera -- -j8 -l8
[0.441s] [ 12%] Built target realsense2_camera_node
[0.490s] [100%] Built target realsense2_camera
[0.531s] Invoked command in '/home/utilizador/charmie_ws/build/realsense2_camera' returned '0': CMAKE_PREFIX_PATH=/home/utilizador/charmie_ws/install/realsense2_camera_msgs:/home/utilizador/charmie_ws/install/realsense2_description:/home/utilizador/charmie_ws/install/realsense2_camera:/home/utilizador/charmie_ws/install/charmie_interfaces:/home/utilizador/charmie_ws/install/charmie_bot:/home/utilizador/charmie_ws/install/charmie_yolo_pose:/home/utilizador/charmie_ws/install/charmie_yolo_objects:/home/utilizador/charmie_ws/install/charmie_stickler_for_the_rules:/home/utilizador/charmie_ws/install/charmie_speakers_offline:/home/utilizador/charmie_ws/install/charmie_speakers:/home/utilizador/charmie_ws/install/charmie_restaurant:/home/utilizador/charmie_ws/install/charmie_receptionist:/home/utilizador/charmie_ws/install/charmie_ps4_controller:/home/utilizador/charmie_ws/install/charmie_person_localisation:/home/utilizador/charmie_ws/install/charmie_odometry:/home/utilizador/charmie_ws/install/charmie_obstacles:/home/utilizador/charmie_ws/install/charmie_neck_dynamixel:/home/utilizador/charmie_ws/install/charmie_navigation_sdnl:/home/utilizador/charmie_ws/install/charmie_low_level:/home/utilizador/charmie_ws/install/charmie_localisation:/home/utilizador/charmie_ws/install/charmie_lidar_hokuyo:/home/utilizador/charmie_ws/install/charmie_inspection:/home/utilizador/charmie_ws/install/charmie_debug:/home/utilizador/charmie_ws/install/charmie_carry_luggage:/home/utilizador/charmie_ws/install/charmie_audio:/home/utilizador/charmie_ws/install/charmie_face_shiningrgb:/home/utilizador/charmie_ws/install/charmie_door_start:/home/utilizador/charmie_ws/install/charmie_diagnostics:/opt/ros/foxy LD_LIBRARY_PATH=/home/utilizador/charmie_ws/install/realsense2_camera_msgs/lib:/home/utilizador/charmie_ws/install/realsense2_camera/lib:/home/utilizador/charmie_ws/install/charmie_interfaces/lib:/opt/ros/foxy/opt/yaml_cpp_vendor/lib:/opt/ros/foxy/opt/rviz_ogre_vendor/lib:/opt/ros/foxy/lib/x86_64-linux-gnu:/opt/ros/foxy/lib /home/utilizador/.local/bin/cmake --build /home/utilizador/charmie_ws/build/realsense2_camera -- -j8 -l8
[0.865s] Invoking command in '/home/utilizador/charmie_ws/build/realsense2_camera': CMAKE_PREFIX_PATH=/home/utilizador/charmie_ws/install/realsense2_camera_msgs:/home/utilizador/charmie_ws/install/realsense2_description:/home/utilizador/charmie_ws/install/realsense2_camera:/home/utilizador/charmie_ws/install/charmie_interfaces:/home/utilizador/charmie_ws/install/charmie_bot:/home/utilizador/charmie_ws/install/charmie_yolo_pose:/home/utilizador/charmie_ws/install/charmie_yolo_objects:/home/utilizador/charmie_ws/install/charmie_stickler_for_the_rules:/home/utilizador/charmie_ws/install/charmie_speakers_offline:/home/utilizador/charmie_ws/install/charmie_speakers:/home/utilizador/charmie_ws/install/charmie_restaurant:/home/utilizador/charmie_ws/install/charmie_receptionist:/home/utilizador/charmie_ws/install/charmie_ps4_controller:/home/utilizador/charmie_ws/install/charmie_person_localisation:/home/utilizador/charmie_ws/install/charmie_odometry:/home/utilizador/charmie_ws/install/charmie_obstacles:/home/utilizador/charmie_ws/install/charmie_neck_dynamixel:/home/utilizador/charmie_ws/install/charmie_navigation_sdnl:/home/utilizador/charmie_ws/install/charmie_low_level:/home/utilizador/charmie_ws/install/charmie_localisation:/home/utilizador/charmie_ws/install/charmie_lidar_hokuyo:/home/utilizador/charmie_ws/install/charmie_inspection:/home/utilizador/charmie_ws/install/charmie_debug:/home/utilizador/charmie_ws/install/charmie_carry_luggage:/home/utilizador/charmie_ws/install/charmie_audio:/home/utilizador/charmie_ws/install/charmie_face_shiningrgb:/home/utilizador/charmie_ws/install/charmie_door_start:/home/utilizador/charmie_ws/install/charmie_diagnostics:/opt/ros/foxy LD_LIBRARY_PATH=/home/utilizador/charmie_ws/install/realsense2_camera_msgs/lib:/home/utilizador/charmie_ws/install/realsense2_camera/lib:/home/utilizador/charmie_ws/install/charmie_interfaces/lib:/opt/ros/foxy/opt/yaml_cpp_vendor/lib:/opt/ros/foxy/opt/rviz_ogre_vendor/lib:/opt/ros/foxy/lib/x86_64-linux-gnu:/opt/ros/foxy/lib /home/utilizador/.local/bin/cmake --install /home/utilizador/charmie_ws/build/realsense2_camera
[0.951s] -- Install configuration: "Release"
[0.953s] -- Execute custom install script
[0.958s] -- Up-to-date symlink: /home/utilizador/charmie_ws/install/realsense2_camera/lib/realsense2_camera/realsense2_camera_node
[0.959s] -- Up-to-date symlink: /home/utilizador/charmie_ws/install/realsense2_camera/lib/librealsense2_camera.so
[0.960s] -- Up-to-date symlink: /home/utilizador/charmie_ws/install/realsense2_camera/include/base_realsense_node.h
[0.961s] -- Up-to-date symlink: /home/utilizador/charmie_ws/install/realsense2_camera/include/constants.h
[0.962s] -- Up-to-date symlink: /home/utilizador/charmie_ws/install/realsense2_camera/include/dynamic_params.h
[0.963s] -- Up-to-date symlink: /home/utilizador/charmie_ws/install/realsense2_camera/include/image_publisher.h
[0.963s] -- Up-to-date symlink: /home/utilizador/charmie_ws/install/realsense2_camera/include/named_filter.h
[0.964s] -- Up-to-date symlink: /home/utilizador/charmie_ws/install/realsense2_camera/include/profile_manager.h
[0.965s] -- Up-to-date symlink: /home/utilizador/charmie_ws/install/realsense2_camera/include/realsense_node_factory.h
[0.965s] -- Up-to-date symlink: /home/utilizador/charmie_ws/install/realsense2_camera/include/ros_param_backend.h
[0.966s] -- Up-to-date symlink: /home/utilizador/charmie_ws/install/realsense2_camera/include/ros_sensor.h
[0.967s] -- Up-to-date symlink: /home/utilizador/charmie_ws/install/realsense2_camera/include/ros_utils.h
[0.968s] -- Up-to-date symlink: /home/utilizador/charmie_ws/install/realsense2_camera/include/sensor_params.h
[0.969s] -- Up-to-date symlink: /home/utilizador/charmie_ws/install/realsense2_camera/share/realsense2_camera/launch/default.rviz
[0.970s] -- Up-to-date symlink: /home/utilizador/charmie_ws/install/realsense2_camera/share/realsense2_camera/launch/rs_intra_process_demo_launch.py
[0.971s] -- Up-to-date symlink: /home/utilizador/charmie_ws/install/realsense2_camera/share/realsense2_camera/launch/rs_launch.py
[0.972s] -- Up-to-date symlink: /home/utilizador/charmie_ws/install/realsense2_camera/share/realsense2_camera/launch/rs_multi_camera_launch.py
[0.974s] -- Up-to-date symlink: /home/utilizador/charmie_ws/install/realsense2_camera/share/realsense2_camera/environment/library_path.sh
[0.974s] -- Up-to-date symlink: /home/utilizador/charmie_ws/install/realsense2_camera/share/realsense2_camera/environment/library_path.dsv
[0.975s] -- Up-to-date symlink: /home/utilizador/charmie_ws/install/realsense2_camera/share/ament_index/resource_index/package_run_dependencies/realsense2_camera
[0.977s] -- Up-to-date symlink: /home/utilizador/charmie_ws/install/realsense2_camera/share/ament_index/resource_index/parent_prefix_path/realsense2_camera
[0.978s] -- Up-to-date symlink: /home/utilizador/charmie_ws/install/realsense2_camera/share/realsense2_camera/environment/ament_prefix_path.sh
[0.979s] -- Up-to-date symlink: /home/utilizador/charmie_ws/install/realsense2_camera/share/realsense2_camera/environment/ament_prefix_path.dsv
[0.980s] -- Up-to-date symlink: /home/utilizador/charmie_ws/install/realsense2_camera/share/realsense2_camera/environment/path.sh
[0.980s] -- Up-to-date symlink: /home/utilizador/charmie_ws/install/realsense2_camera/share/realsense2_camera/environment/path.dsv
[0.981s] -- Up-to-date symlink: /home/utilizador/charmie_ws/install/realsense2_camera/share/realsense2_camera/local_setup.bash
[0.982s] -- Up-to-date symlink: /home/utilizador/charmie_ws/install/realsense2_camera/share/realsense2_camera/local_setup.sh
[0.984s] -- Up-to-date symlink: /home/utilizador/charmie_ws/install/realsense2_camera/share/realsense2_camera/local_setup.zsh
[0.984s] -- Up-to-date symlink: /home/utilizador/charmie_ws/install/realsense2_camera/share/realsense2_camera/local_setup.dsv
[0.985s] -- Symlinking: /home/utilizador/charmie_ws/install/realsense2_camera/share/realsense2_camera/package.dsv
[0.992s] -- Up-to-date symlink: /home/utilizador/charmie_ws/install/realsense2_camera/share/ament_index/resource_index/packages/realsense2_camera
[0.993s] -- Up-to-date symlink: /home/utilizador/charmie_ws/install/realsense2_camera/share/ament_index/resource_index/rclcpp_components/realsense2_camera
[0.994s] -- Up-to-date symlink: /home/utilizador/charmie_ws/install/realsense2_camera/share/realsense2_camera/cmake/ament_cmake_export_include_directories-extras.cmake
[0.995s] -- Up-to-date symlink: /home/utilizador/charmie_ws/install/realsense2_camera/share/realsense2_camera/cmake/ament_cmake_export_libraries-extras.cmake
[0.996s] -- Up-to-date symlink: /home/utilizador/charmie_ws/install/realsense2_camera/share/realsense2_camera/cmake/ament_cmake_export_dependencies-extras.cmake
[0.997s] -- Up-to-date symlink: /home/utilizador/charmie_ws/install/realsense2_camera/share/realsense2_camera/cmake/realsense2_cameraConfig.cmake
[0.998s] -- Up-to-date symlink: /home/utilizador/charmie_ws/install/realsense2_camera/share/realsense2_camera/cmake/realsense2_cameraConfig-version.cmake
[0.999s] -- Up-to-date symlink: /home/utilizador/charmie_ws/install/realsense2_camera/share/realsense2_camera/package.xml
[1.022s] Invoked command in '/home/utilizador/charmie_ws/build/realsense2_camera' returned '0': CMAKE_PREFIX_PATH=/home/utilizador/charmie_ws/install/realsense2_camera_msgs:/home/utilizador/charmie_ws/install/realsense2_description:/home/utilizador/charmie_ws/install/realsense2_camera:/home/utilizador/charmie_ws/install/charmie_interfaces:/home/utilizador/charmie_ws/install/charmie_bot:/home/utilizador/charmie_ws/install/charmie_yolo_pose:/home/utilizador/charmie_ws/install/charmie_yolo_objects:/home/utilizador/charmie_ws/install/charmie_stickler_for_the_rules:/home/utilizador/charmie_ws/install/charmie_speakers_offline:/home/utilizador/charmie_ws/install/charmie_speakers:/home/utilizador/charmie_ws/install/charmie_restaurant:/home/utilizador/charmie_ws/install/charmie_receptionist:/home/utilizador/charmie_ws/install/charmie_ps4_controller:/home/utilizador/charmie_ws/install/charmie_person_localisation:/home/utilizador/charmie_ws/install/charmie_odometry:/home/utilizador/charmie_ws/install/charmie_obstacles:/home/utilizador/charmie_ws/install/charmie_neck_dynamixel:/home/utilizador/charmie_ws/install/charmie_navigation_sdnl:/home/utilizador/charmie_ws/install/charmie_low_level:/home/utilizador/charmie_ws/install/charmie_localisation:/home/utilizador/charmie_ws/install/charmie_lidar_hokuyo:/home/utilizador/charmie_ws/install/charmie_inspection:/home/utilizador/charmie_ws/install/charmie_debug:/home/utilizador/charmie_ws/install/charmie_carry_luggage:/home/utilizador/charmie_ws/install/charmie_audio:/home/utilizador/charmie_ws/install/charmie_face_shiningrgb:/home/utilizador/charmie_ws/install/charmie_door_start:/home/utilizador/charmie_ws/install/charmie_diagnostics:/opt/ros/foxy LD_LIBRARY_PATH=/home/utilizador/charmie_ws/install/realsense2_camera_msgs/lib:/home/utilizador/charmie_ws/install/realsense2_camera/lib:/home/utilizador/charmie_ws/install/charmie_interfaces/lib:/opt/ros/foxy/opt/yaml_cpp_vendor/lib:/opt/ros/foxy/opt/rviz_ogre_vendor/lib:/opt/ros/foxy/lib/x86_64-linux-gnu:/opt/ros/foxy/lib /home/utilizador/.local/bin/cmake --install /home/utilizador/charmie_ws/build/realsense2_camera
