[2.464s] Invoking command in '/home/utilizador/charmie_ws/src/charmie_audio': PYTHONPATH=/home/utilizador/charmie_ws/build/charmie_audio/prefix_override:/home/utilizador/charmie_ws/install/charmie_audio/lib/python3.8/site-packages:${PYTHONPATH} /usr/bin/python3 setup.py egg_info --egg-base ../../build/charmie_audio build --build-base /home/utilizador/charmie_ws/build/charmie_audio/build install --record /home/utilizador/charmie_ws/build/charmie_audio/install.log --install-scripts $base/lib/charmie_audio --single-version-externally-managed
[2.886s] running egg_info
[2.887s] writing ../../build/charmie_audio/charmie_audio.egg-info/PKG-INFO
[2.888s] writing dependency_links to ../../build/charmie_audio/charmie_audio.egg-info/dependency_links.txt
[2.888s] writing entry points to ../../build/charmie_audio/charmie_audio.egg-info/entry_points.txt
[2.888s] writing requirements to ../../build/charmie_audio/charmie_audio.egg-info/requires.txt
[2.888s] writing top-level names to ../../build/charmie_audio/charmie_audio.egg-info/top_level.txt
[2.955s] reading manifest file '../../build/charmie_audio/charmie_audio.egg-info/SOURCES.txt'
[2.957s] writing manifest file '../../build/charmie_audio/charmie_audio.egg-info/SOURCES.txt'
[2.957s] running build
[2.957s] running build_py
[2.957s] running install
[2.959s] running install_lib
[2.961s] running install_data
[2.962s] running install_egg_info
[2.966s] removing '/home/utilizador/charmie_ws/install/charmie_audio/lib/python3.8/site-packages/charmie_audio-0.0.0-py3.8.egg-info' (and everything under it)
[2.966s] Copying ../../build/charmie_audio/charmie_audio.egg-info to /home/utilizador/charmie_ws/install/charmie_audio/lib/python3.8/site-packages/charmie_audio-0.0.0-py3.8.egg-info
[2.968s] running install_scripts
[3.003s] Installing audio script to /home/utilizador/charmie_ws/install/charmie_audio/lib/charmie_audio
[3.003s] writing list of installed files to '/home/utilizador/charmie_ws/build/charmie_audio/install.log'
[3.051s] Invoked command in '/home/utilizador/charmie_ws/src/charmie_audio' returned '0': PYTHONPATH=/home/utilizador/charmie_ws/build/charmie_audio/prefix_override:/home/utilizador/charmie_ws/install/charmie_audio/lib/python3.8/site-packages:${PYTHONPATH} /usr/bin/python3 setup.py egg_info --egg-base ../../build/charmie_audio build --build-base /home/utilizador/charmie_ws/build/charmie_audio/build install --record /home/utilizador/charmie_ws/build/charmie_audio/install.log --install-scripts $base/lib/charmie_audio --single-version-externally-managed
