[2.093s] Invoking command in '/home/utilizador/charmie_ws/build/charmie_ps4_controller': PYTHONPATH=/home/utilizador/charmie_ws/build/charmie_ps4_controller/prefix_override:/home/utilizador/charmie_ws/install/charmie_ps4_controller/lib/python3.8/site-packages:${PYTHONPATH} /usr/bin/python3 setup.py develop --uninstall --editable --build-directory /home/utilizador/charmie_ws/build/charmie_ps4_controller/build
[2.870s] running develop
[4.721s] Invoked command in '/home/utilizador/charmie_ws/build/charmie_ps4_controller' returned '0': PYTHONPATH=/home/utilizador/charmie_ws/build/charmie_ps4_controller/prefix_override:/home/utilizador/charmie_ws/install/charmie_ps4_controller/lib/python3.8/site-packages:${PYTHONPATH} /usr/bin/python3 setup.py develop --uninstall --editable --build-directory /home/utilizador/charmie_ws/build/charmie_ps4_controller/build
[4.721s] Invoking command in '/home/utilizador/charmie_ws/src/charmie_ps4_controller': PYTHONPATH=/home/utilizador/charmie_ws/build/charmie_ps4_controller/prefix_override:/home/utilizador/charmie_ws/install/charmie_ps4_controller/lib/python3.8/site-packages:${PYTHONPATH} /usr/bin/python3 setup.py egg_info --egg-base ../../build/charmie_ps4_controller build --build-base /home/utilizador/charmie_ws/build/charmie_ps4_controller/build install --record /home/utilizador/charmie_ws/build/charmie_ps4_controller/install.log --single-version-externally-managed
[5.386s] running egg_info
[5.387s] writing ../../build/charmie_ps4_controller/charmie_ps4_controller.egg-info/PKG-INFO
[5.387s] writing dependency_links to ../../build/charmie_ps4_controller/charmie_ps4_controller.egg-info/dependency_links.txt
[5.388s] writing entry points to ../../build/charmie_ps4_controller/charmie_ps4_controller.egg-info/entry_points.txt
[5.388s] writing requirements to ../../build/charmie_ps4_controller/charmie_ps4_controller.egg-info/requires.txt
[5.388s] writing top-level names to ../../build/charmie_ps4_controller/charmie_ps4_controller.egg-info/top_level.txt
[5.393s] reading manifest file '../../build/charmie_ps4_controller/charmie_ps4_controller.egg-info/SOURCES.txt'
[5.395s] writing manifest file '../../build/charmie_ps4_controller/charmie_ps4_controller.egg-info/SOURCES.txt'
[5.395s] running build
[5.395s] running build_py
[5.396s] running install
[5.398s] running install_lib
[5.402s] running install_data
[5.403s] running install_egg_info
[5.406s] removing '/home/utilizador/charmie_ws/install/charmie_ps4_controller/lib/python3.8/site-packages/charmie_ps4_controller-0.0.0-py3.8.egg-info' (and everything under it)
[5.407s] Copying ../../build/charmie_ps4_controller/charmie_ps4_controller.egg-info to /home/utilizador/charmie_ws/install/charmie_ps4_controller/lib/python3.8/site-packages/charmie_ps4_controller-0.0.0-py3.8.egg-info
[5.408s] running install_scripts
[5.449s] Installing ps4_controller script to /home/utilizador/charmie_ws/install/charmie_ps4_controller/lib/charmie_ps4_controller
[5.450s] writing list of installed files to '/home/utilizador/charmie_ws/build/charmie_ps4_controller/install.log'
[5.542s] Invoked command in '/home/utilizador/charmie_ws/src/charmie_ps4_controller' returned '0': PYTHONPATH=/home/utilizador/charmie_ws/build/charmie_ps4_controller/prefix_override:/home/utilizador/charmie_ws/install/charmie_ps4_controller/lib/python3.8/site-packages:${PYTHONPATH} /usr/bin/python3 setup.py egg_info --egg-base ../../build/charmie_ps4_controller build --build-base /home/utilizador/charmie_ws/build/charmie_ps4_controller/build install --record /home/utilizador/charmie_ws/build/charmie_ps4_controller/install.log --single-version-externally-managed
