[9.914s] Invoking command in '/home/utilizador/charmie_ws/build/charmie_carry_luggage': AMENT_PREFIX_PATH=/home/utilizador/charmie_ws/install/charmie_interfaces:${AMENT_PREFIX_PATH} CMAKE_PREFIX_PATH=/home/utilizador/charmie_ws/install/charmie_interfaces LD_LIBRARY_PATH=/home/utilizador/charmie_ws/install/charmie_interfaces/lib:${LD_LIBRARY_PATH} PYTHONPATH=/home/utilizador/charmie_ws/build/charmie_carry_luggage/prefix_override:/home/utilizador/charmie_ws/install/charmie_carry_luggage/lib/python3.8/site-packages:/home/utilizador/charmie_ws/install/charmie_interfaces/lib/python3.8/site-packages:${PYTHONPATH} /usr/bin/python3 setup.py develop --editable --build-directory /home/utilizador/charmie_ws/build/charmie_carry_luggage/build --no-deps install_data
[12.316s] running develop
[13.283s] running egg_info
[13.283s] creating charmie_carry_luggage.egg-info
[13.284s] writing charmie_carry_luggage.egg-info/PKG-INFO
[13.286s] writing dependency_links to charmie_carry_luggage.egg-info/dependency_links.txt
[13.287s] writing entry points to charmie_carry_luggage.egg-info/entry_points.txt
[13.287s] writing requirements to charmie_carry_luggage.egg-info/requires.txt
[13.288s] writing top-level names to charmie_carry_luggage.egg-info/top_level.txt
[13.290s] writing manifest file 'charmie_carry_luggage.egg-info/SOURCES.txt'
[13.293s] reading manifest file 'charmie_carry_luggage.egg-info/SOURCES.txt'
[13.295s] writing manifest file 'charmie_carry_luggage.egg-info/SOURCES.txt'
[13.507s] running build_ext
[13.507s] Creating /home/utilizador/charmie_ws/install/charmie_carry_luggage/lib/python3.8/site-packages/charmie-carry-luggage.egg-link (link to .)
[13.508s] Installing carry_my_luggage script to /home/utilizador/charmie_ws/install/charmie_carry_luggage/lib/charmie_carry_luggage
[13.509s] 
[13.509s] Installed /home/utilizador/charmie_ws/build/charmie_carry_luggage
[13.509s] running install_data
[13.510s] creating /home/utilizador/charmie_ws/install/charmie_carry_luggage/share/ament_index
[13.510s] creating /home/utilizador/charmie_ws/install/charmie_carry_luggage/share/ament_index/resource_index
[13.510s] creating /home/utilizador/charmie_ws/install/charmie_carry_luggage/share/ament_index/resource_index/packages
[13.510s] copying resource/charmie_carry_luggage -> /home/utilizador/charmie_ws/install/charmie_carry_luggage/share/ament_index/resource_index/packages
[13.510s] copying package.xml -> /home/utilizador/charmie_ws/install/charmie_carry_luggage/share/charmie_carry_luggage
[13.510s] creating /home/utilizador/charmie_ws/install/charmie_carry_luggage/share/charmie_carry_luggage/launch
[13.510s] copying launch/carry_luggage_launch.launch.py -> /home/utilizador/charmie_ws/install/charmie_carry_luggage/share/charmie_carry_luggage/launch
[15.045s] Invoked command in '/home/utilizador/charmie_ws/build/charmie_carry_luggage' returned '0': AMENT_PREFIX_PATH=/home/utilizador/charmie_ws/install/charmie_interfaces:${AMENT_PREFIX_PATH} CMAKE_PREFIX_PATH=/home/utilizador/charmie_ws/install/charmie_interfaces LD_LIBRARY_PATH=/home/utilizador/charmie_ws/install/charmie_interfaces/lib:${LD_LIBRARY_PATH} PYTHONPATH=/home/utilizador/charmie_ws/build/charmie_carry_luggage/prefix_override:/home/utilizador/charmie_ws/install/charmie_carry_luggage/lib/python3.8/site-packages:/home/utilizador/charmie_ws/install/charmie_interfaces/lib/python3.8/site-packages:${PYTHONPATH} /usr/bin/python3 setup.py develop --editable --build-directory /home/utilizador/charmie_ws/build/charmie_carry_luggage/build --no-deps install_data
