[1.045s] Invoking command in '/home/utilizador/charmie_ws/src/my_robot_controller': PYTHONPATH=/home/utilizador/charmie_ws/build/my_robot_controller/prefix_override:/home/utilizador/charmie_ws/install/my_robot_controller/lib/python3.8/site-packages:${PYTHONPATH} /usr/bin/python3 setup.py egg_info --egg-base ../../build/my_robot_controller build --build-base /home/utilizador/charmie_ws/build/my_robot_controller/build install --record /home/utilizador/charmie_ws/build/my_robot_controller/install.log --install-scripts $base/lib/my_robot_controller --single-version-externally-managed
[1.280s] running egg_info
[1.281s] creating ../../build/my_robot_controller/my_robot_controller.egg-info
[1.281s] writing ../../build/my_robot_controller/my_robot_controller.egg-info/PKG-INFO
[1.281s] writing dependency_links to ../../build/my_robot_controller/my_robot_controller.egg-info/dependency_links.txt
[1.282s] writing entry points to ../../build/my_robot_controller/my_robot_controller.egg-info/entry_points.txt
[1.282s] writing requirements to ../../build/my_robot_controller/my_robot_controller.egg-info/requires.txt
[1.282s] writing top-level names to ../../build/my_robot_controller/my_robot_controller.egg-info/top_level.txt
[1.283s] writing manifest file '../../build/my_robot_controller/my_robot_controller.egg-info/SOURCES.txt'
[1.318s] reading manifest file '../../build/my_robot_controller/my_robot_controller.egg-info/SOURCES.txt'
[1.319s] writing manifest file '../../build/my_robot_controller/my_robot_controller.egg-info/SOURCES.txt'
[1.319s] running build
[1.319s] running build_py
[1.319s] creating /home/utilizador/charmie_ws/build/my_robot_controller/build
[1.319s] creating /home/utilizador/charmie_ws/build/my_robot_controller/build/lib
[1.319s] creating /home/utilizador/charmie_ws/build/my_robot_controller/build/lib/my_robot_controller
[1.319s] copying my_robot_controller/__init__.py -> /home/utilizador/charmie_ws/build/my_robot_controller/build/lib/my_robot_controller
[1.320s] running install
[1.320s] running install_lib
[1.321s] creating /home/utilizador/charmie_ws/install/my_robot_controller/lib/python3.8/site-packages/my_robot_controller
[1.321s] copying /home/utilizador/charmie_ws/build/my_robot_controller/build/lib/my_robot_controller/__init__.py -> /home/utilizador/charmie_ws/install/my_robot_controller/lib/python3.8/site-packages/my_robot_controller
[1.322s] byte-compiling /home/utilizador/charmie_ws/install/my_robot_controller/lib/python3.8/site-packages/my_robot_controller/__init__.py to __init__.cpython-38.pyc
[1.323s] running install_data
[1.323s] creating /home/utilizador/charmie_ws/install/my_robot_controller/share/ament_index
[1.323s] creating /home/utilizador/charmie_ws/install/my_robot_controller/share/ament_index/resource_index
[1.324s] creating /home/utilizador/charmie_ws/install/my_robot_controller/share/ament_index/resource_index/packages
[1.324s] copying resource/my_robot_controller -> /home/utilizador/charmie_ws/install/my_robot_controller/share/ament_index/resource_index/packages
[1.324s] copying package.xml -> /home/utilizador/charmie_ws/install/my_robot_controller/share/my_robot_controller
[1.324s] running install_egg_info
[1.325s] Copying ../../build/my_robot_controller/my_robot_controller.egg-info to /home/utilizador/charmie_ws/install/my_robot_controller/lib/python3.8/site-packages/my_robot_controller-0.0.0-py3.8.egg-info
[1.326s] running install_scripts
[1.346s] writing list of installed files to '/home/utilizador/charmie_ws/build/my_robot_controller/install.log'
[1.374s] Invoked command in '/home/utilizador/charmie_ws/src/my_robot_controller' returned '0': PYTHONPATH=/home/utilizador/charmie_ws/build/my_robot_controller/prefix_override:/home/utilizador/charmie_ws/install/my_robot_controller/lib/python3.8/site-packages:${PYTHONPATH} /usr/bin/python3 setup.py egg_info --egg-base ../../build/my_robot_controller build --build-base /home/utilizador/charmie_ws/build/my_robot_controller/build install --record /home/utilizador/charmie_ws/build/my_robot_controller/install.log --install-scripts $base/lib/my_robot_controller --single-version-externally-managed
