[2.362s] Invoking command in '/home/utilizador/charmie_ws/src/charmie_speakers': AMENT_PREFIX_PATH=/home/utilizador/charmie_ws/install/charmie_interfaces:${AMENT_PREFIX_PATH} CMAKE_PREFIX_PATH=/home/utilizador/charmie_ws/install/charmie_interfaces LD_LIBRARY_PATH=/home/utilizador/charmie_ws/install/charmie_interfaces/lib:${LD_LIBRARY_PATH} PYTHONPATH=/home/utilizador/charmie_ws/build/charmie_speakers/prefix_override:/home/utilizador/charmie_ws/install/charmie_speakers/lib/python3.8/site-packages:/home/utilizador/charmie_ws/install/charmie_interfaces/lib/python3.8/site-packages:${PYTHONPATH} /usr/bin/python3 setup.py egg_info --egg-base ../../build/charmie_speakers build --build-base /home/utilizador/charmie_ws/build/charmie_speakers/build install --record /home/utilizador/charmie_ws/build/charmie_speakers/install.log --single-version-externally-managed
[2.735s] running egg_info
[2.736s] creating ../../build/charmie_speakers/charmie_speakers.egg-info
[2.736s] writing ../../build/charmie_speakers/charmie_speakers.egg-info/PKG-INFO
[2.736s] writing dependency_links to ../../build/charmie_speakers/charmie_speakers.egg-info/dependency_links.txt
[2.737s] writing entry points to ../../build/charmie_speakers/charmie_speakers.egg-info/entry_points.txt
[2.737s] writing requirements to ../../build/charmie_speakers/charmie_speakers.egg-info/requires.txt
[2.737s] writing top-level names to ../../build/charmie_speakers/charmie_speakers.egg-info/top_level.txt
[2.738s] writing manifest file '../../build/charmie_speakers/charmie_speakers.egg-info/SOURCES.txt'
[2.804s] reading manifest file '../../build/charmie_speakers/charmie_speakers.egg-info/SOURCES.txt'
[2.806s] writing manifest file '../../build/charmie_speakers/charmie_speakers.egg-info/SOURCES.txt'
[2.806s] running build
[2.806s] running build_py
[2.806s] creating /home/utilizador/charmie_ws/build/charmie_speakers/build
[2.806s] creating /home/utilizador/charmie_ws/build/charmie_speakers/build/lib
[2.806s] creating /home/utilizador/charmie_ws/build/charmie_speakers/build/lib/charmie_speakers
[2.807s] copying charmie_speakers/__init__.py -> /home/utilizador/charmie_ws/build/charmie_speakers/build/lib/charmie_speakers
[2.807s] copying charmie_speakers/speakers.py -> /home/utilizador/charmie_ws/build/charmie_speakers/build/lib/charmie_speakers
[2.807s] running install
[2.808s] running install_lib
[2.811s] creating /home/utilizador/charmie_ws/install/charmie_speakers/lib/python3.8/site-packages/charmie_speakers
[2.811s] copying /home/utilizador/charmie_ws/build/charmie_speakers/build/lib/charmie_speakers/__init__.py -> /home/utilizador/charmie_ws/install/charmie_speakers/lib/python3.8/site-packages/charmie_speakers
[2.811s] copying /home/utilizador/charmie_ws/build/charmie_speakers/build/lib/charmie_speakers/speakers.py -> /home/utilizador/charmie_ws/install/charmie_speakers/lib/python3.8/site-packages/charmie_speakers
[2.811s] byte-compiling /home/utilizador/charmie_ws/install/charmie_speakers/lib/python3.8/site-packages/charmie_speakers/__init__.py to __init__.cpython-38.pyc
[2.814s] byte-compiling /home/utilizador/charmie_ws/install/charmie_speakers/lib/python3.8/site-packages/charmie_speakers/speakers.py to speakers.cpython-38.pyc
[2.815s] running install_data
[2.816s] creating /home/utilizador/charmie_ws/install/charmie_speakers/share/ament_index
[2.816s] creating /home/utilizador/charmie_ws/install/charmie_speakers/share/ament_index/resource_index
[2.816s] creating /home/utilizador/charmie_ws/install/charmie_speakers/share/ament_index/resource_index/packages
[2.816s] copying resource/charmie_speakers -> /home/utilizador/charmie_ws/install/charmie_speakers/share/ament_index/resource_index/packages
[2.817s] copying package.xml -> /home/utilizador/charmie_ws/install/charmie_speakers/share/charmie_speakers
[2.817s] running install_egg_info
[2.819s] Copying ../../build/charmie_speakers/charmie_speakers.egg-info to /home/utilizador/charmie_ws/install/charmie_speakers/lib/python3.8/site-packages/charmie_speakers-0.0.0-py3.8.egg-info
[2.821s] running install_scripts
[2.851s] Installing speakers script to /home/utilizador/charmie_ws/install/charmie_speakers/lib/charmie_speakers
[2.851s] writing list of installed files to '/home/utilizador/charmie_ws/build/charmie_speakers/install.log'
[2.953s] Invoked command in '/home/utilizador/charmie_ws/src/charmie_speakers' returned '0': AMENT_PREFIX_PATH=/home/utilizador/charmie_ws/install/charmie_interfaces:${AMENT_PREFIX_PATH} CMAKE_PREFIX_PATH=/home/utilizador/charmie_ws/install/charmie_interfaces LD_LIBRARY_PATH=/home/utilizador/charmie_ws/install/charmie_interfaces/lib:${LD_LIBRARY_PATH} PYTHONPATH=/home/utilizador/charmie_ws/build/charmie_speakers/prefix_override:/home/utilizador/charmie_ws/install/charmie_speakers/lib/python3.8/site-packages:/home/utilizador/charmie_ws/install/charmie_interfaces/lib/python3.8/site-packages:${PYTHONPATH} /usr/bin/python3 setup.py egg_info --egg-base ../../build/charmie_speakers build --build-base /home/utilizador/charmie_ws/build/charmie_speakers/build install --record /home/utilizador/charmie_ws/build/charmie_speakers/install.log --single-version-externally-managed
