[2.429s] Invoking command in '/home/utilizador/charmie_ws/src/charmie_neck_dynamixel': PYTHONPATH=/home/utilizador/charmie_ws/build/charmie_neck_dynamixel/prefix_override:/home/utilizador/charmie_ws/install/charmie_neck_dynamixel/lib/python3.8/site-packages:${PYTHONPATH} /usr/bin/python3 setup.py egg_info --egg-base ../../build/charmie_neck_dynamixel build --build-base /home/utilizador/charmie_ws/build/charmie_neck_dynamixel/build install --record /home/utilizador/charmie_ws/build/charmie_neck_dynamixel/install.log --install-scripts $base/lib/charmie_neck_dynamixel --single-version-externally-managed
[2.815s] running egg_info
[2.815s] writing ../../build/charmie_neck_dynamixel/charmie_neck_dynamixel.egg-info/PKG-INFO
[2.816s] writing dependency_links to ../../build/charmie_neck_dynamixel/charmie_neck_dynamixel.egg-info/dependency_links.txt
[2.816s] writing entry points to ../../build/charmie_neck_dynamixel/charmie_neck_dynamixel.egg-info/entry_points.txt
[2.816s] writing requirements to ../../build/charmie_neck_dynamixel/charmie_neck_dynamixel.egg-info/requires.txt
[2.816s] writing top-level names to ../../build/charmie_neck_dynamixel/charmie_neck_dynamixel.egg-info/top_level.txt
[2.858s] reading manifest file '../../build/charmie_neck_dynamixel/charmie_neck_dynamixel.egg-info/SOURCES.txt'
[2.859s] writing manifest file '../../build/charmie_neck_dynamixel/charmie_neck_dynamixel.egg-info/SOURCES.txt'
[2.859s] running build
[2.859s] running build_py
[2.860s] running install
[2.861s] running install_lib
[2.863s] running install_data
[2.863s] running install_egg_info
[2.865s] removing '/home/utilizador/charmie_ws/install/charmie_neck_dynamixel/lib/python3.8/site-packages/charmie_neck_dynamixel-0.0.0-py3.8.egg-info' (and everything under it)
[2.866s] Copying ../../build/charmie_neck_dynamixel/charmie_neck_dynamixel.egg-info to /home/utilizador/charmie_ws/install/charmie_neck_dynamixel/lib/python3.8/site-packages/charmie_neck_dynamixel-0.0.0-py3.8.egg-info
[2.867s] running install_scripts
[2.890s] Installing neck_dynamixel script to /home/utilizador/charmie_ws/install/charmie_neck_dynamixel/lib/charmie_neck_dynamixel
[2.890s] writing list of installed files to '/home/utilizador/charmie_ws/build/charmie_neck_dynamixel/install.log'
[2.926s] Invoked command in '/home/utilizador/charmie_ws/src/charmie_neck_dynamixel' returned '0': PYTHONPATH=/home/utilizador/charmie_ws/build/charmie_neck_dynamixel/prefix_override:/home/utilizador/charmie_ws/install/charmie_neck_dynamixel/lib/python3.8/site-packages:${PYTHONPATH} /usr/bin/python3 setup.py egg_info --egg-base ../../build/charmie_neck_dynamixel build --build-base /home/utilizador/charmie_ws/build/charmie_neck_dynamixel/build install --record /home/utilizador/charmie_ws/build/charmie_neck_dynamixel/install.log --install-scripts $base/lib/charmie_neck_dynamixel --single-version-externally-managed
