[0.472s] DEBUG:colcon:Command line arguments: ['/usr/bin/colcon', 'build']
[0.472s] DEBUG:colcon:Parsed command line arguments: Namespace(allow_overriding=[], ament_cmake_args=None, base_paths=['.'], build_base='build', catkin_cmake_args=None, catkin_skip_building_tests=False, cmake_args=None, cmake_clean_cache=False, cmake_clean_first=False, cmake_force_configure=False, cmake_target=None, cmake_target_skip_unavailable=False, continue_on_error=False, event_handlers=None, executor='parallel', ignore_user_meta=False, install_base='install', log_base=None, log_level=None, main=<bound method BuildVerb.main of <colcon_core.verb.build.BuildVerb object at 0x7fc2b62dbe20>>, merge_install=False, metas=['./colcon.meta'], packages_above=None, packages_above_and_dependencies=None, packages_above_depth=None, packages_end=None, packages_ignore=None, packages_ignore_regex=None, packages_select=None, packages_select_build_failed=False, packages_select_by_dep=None, packages_select_regex=None, packages_select_test_failures=False, packages_skip=None, packages_skip_build_finished=False, packages_skip_by_dep=None, packages_skip_regex=None, packages_skip_test_passed=False, packages_skip_up_to=None, packages_start=None, packages_up_to=None, packages_up_to_regex=None, parallel_workers=8, paths=None, symlink_install=False, test_result_base=None, verb_extension=<colcon_core.verb.build.BuildVerb object at 0x7fc2b62dbe20>, verb_name='build', verb_parser=<colcon_defaults.argument_parser.defaults.DefaultArgumentsDecorator object at 0x7fc2b62e83d0>)
[0.528s] Level 1:colcon.colcon_core.package_discovery:discover_packages(colcon_meta) check parameters
[0.528s] Level 1:colcon.colcon_core.package_discovery:discover_packages(recursive) check parameters
[0.528s] Level 1:colcon.colcon_core.package_discovery:discover_packages(ignore) check parameters
[0.528s] Level 1:colcon.colcon_core.package_discovery:discover_packages(path) check parameters
[0.528s] Level 1:colcon.colcon_core.package_discovery:discover_packages(colcon_meta) discover
[0.529s] Level 1:colcon.colcon_core.package_discovery:discover_packages(recursive) discover
[0.529s] INFO:colcon.colcon_core.package_discovery:Crawling recursively for packages in '/home/utilizador/charmie_ws'
[0.529s] Level 1:colcon.colcon_core.package_identification:_identify(.) by extensions ['ignore', 'ignore_ament_install']
[0.529s] Level 1:colcon.colcon_core.package_identification:_identify(.) by extension 'ignore'
[0.529s] Level 1:colcon.colcon_core.package_identification:_identify(.) by extension 'ignore_ament_install'
[0.529s] Level 1:colcon.colcon_core.package_identification:_identify(.) by extensions ['colcon_pkg']
[0.529s] Level 1:colcon.colcon_core.package_identification:_identify(.) by extension 'colcon_pkg'
[0.529s] Level 1:colcon.colcon_core.package_identification:_identify(.) by extensions ['colcon_meta']
[0.529s] Level 1:colcon.colcon_core.package_identification:_identify(.) by extension 'colcon_meta'
[0.529s] Level 1:colcon.colcon_core.package_identification:_identify(.) by extensions ['ros']
[0.529s] Level 1:colcon.colcon_core.package_identification:_identify(.) by extension 'ros'
[0.562s] Level 1:colcon.colcon_core.package_identification:_identify(.) by extensions ['cmake', 'python']
[0.562s] Level 1:colcon.colcon_core.package_identification:_identify(.) by extension 'cmake'
[0.563s] Level 1:colcon.colcon_core.package_identification:_identify(.) by extension 'python'
[0.563s] Level 1:colcon.colcon_core.package_identification:_identify(.) by extensions ['python_setup_py']
[0.563s] Level 1:colcon.colcon_core.package_identification:_identify(.) by extension 'python_setup_py'
[0.563s] Level 1:colcon.colcon_core.package_identification:_identify(build) by extensions ['ignore', 'ignore_ament_install']
[0.563s] Level 1:colcon.colcon_core.package_identification:_identify(build) by extension 'ignore'
[0.563s] Level 1:colcon.colcon_core.package_identification:_identify(build) ignored
[0.563s] Level 1:colcon.colcon_core.package_identification:_identify(install) by extensions ['ignore', 'ignore_ament_install']
[0.563s] Level 1:colcon.colcon_core.package_identification:_identify(install) by extension 'ignore'
[0.563s] Level 1:colcon.colcon_core.package_identification:_identify(install) ignored
[0.563s] Level 1:colcon.colcon_core.package_identification:_identify(log) by extensions ['ignore', 'ignore_ament_install']
[0.564s] Level 1:colcon.colcon_core.package_identification:_identify(log) by extension 'ignore'
[0.564s] Level 1:colcon.colcon_core.package_identification:_identify(log) ignored
[0.564s] Level 1:colcon.colcon_core.package_identification:_identify(src) by extensions ['ignore', 'ignore_ament_install']
[0.564s] Level 1:colcon.colcon_core.package_identification:_identify(src) by extension 'ignore'
[0.564s] Level 1:colcon.colcon_core.package_identification:_identify(src) by extension 'ignore_ament_install'
[0.564s] Level 1:colcon.colcon_core.package_identification:_identify(src) by extensions ['colcon_pkg']
[0.564s] Level 1:colcon.colcon_core.package_identification:_identify(src) by extension 'colcon_pkg'
[0.564s] Level 1:colcon.colcon_core.package_identification:_identify(src) by extensions ['colcon_meta']
[0.564s] Level 1:colcon.colcon_core.package_identification:_identify(src) by extension 'colcon_meta'
[0.564s] Level 1:colcon.colcon_core.package_identification:_identify(src) by extensions ['ros']
[0.564s] Level 1:colcon.colcon_core.package_identification:_identify(src) by extension 'ros'
[0.565s] Level 1:colcon.colcon_core.package_identification:_identify(src) by extensions ['cmake', 'python']
[0.565s] Level 1:colcon.colcon_core.package_identification:_identify(src) by extension 'cmake'
[0.565s] Level 1:colcon.colcon_core.package_identification:_identify(src) by extension 'python'
[0.565s] Level 1:colcon.colcon_core.package_identification:_identify(src) by extensions ['python_setup_py']
[0.565s] Level 1:colcon.colcon_core.package_identification:_identify(src) by extension 'python_setup_py'
[0.566s] Level 1:colcon.colcon_core.package_identification:_identify(src/charmie_audio) by extensions ['ignore', 'ignore_ament_install']
[0.566s] Level 1:colcon.colcon_core.package_identification:_identify(src/charmie_audio) by extension 'ignore'
[0.566s] Level 1:colcon.colcon_core.package_identification:_identify(src/charmie_audio) by extension 'ignore_ament_install'
[0.566s] Level 1:colcon.colcon_core.package_identification:_identify(src/charmie_audio) by extensions ['colcon_pkg']
[0.566s] Level 1:colcon.colcon_core.package_identification:_identify(src/charmie_audio) by extension 'colcon_pkg'
[0.566s] Level 1:colcon.colcon_core.package_identification:_identify(src/charmie_audio) by extensions ['colcon_meta']
[0.566s] Level 1:colcon.colcon_core.package_identification:_identify(src/charmie_audio) by extension 'colcon_meta'
[0.566s] Level 1:colcon.colcon_core.package_identification:_identify(src/charmie_audio) by extensions ['ros']
[0.566s] Level 1:colcon.colcon_core.package_identification:_identify(src/charmie_audio) by extension 'ros'
[0.571s] DEBUG:colcon.colcon_core.package_identification:Package 'src/charmie_audio' with type 'ros.ament_python' and name 'charmie_audio'
[0.572s] Level 1:colcon.colcon_core.package_identification:_identify(src/charmie_bot) by extensions ['ignore', 'ignore_ament_install']
[0.573s] Level 1:colcon.colcon_core.package_identification:_identify(src/charmie_bot) by extension 'ignore'
[0.573s] Level 1:colcon.colcon_core.package_identification:_identify(src/charmie_bot) by extension 'ignore_ament_install'
[0.573s] Level 1:colcon.colcon_core.package_identification:_identify(src/charmie_bot) by extensions ['colcon_pkg']
[0.573s] Level 1:colcon.colcon_core.package_identification:_identify(src/charmie_bot) by extension 'colcon_pkg'
[0.573s] Level 1:colcon.colcon_core.package_identification:_identify(src/charmie_bot) by extensions ['colcon_meta']
[0.573s] Level 1:colcon.colcon_core.package_identification:_identify(src/charmie_bot) by extension 'colcon_meta'
[0.573s] Level 1:colcon.colcon_core.package_identification:_identify(src/charmie_bot) by extensions ['ros']
[0.573s] Level 1:colcon.colcon_core.package_identification:_identify(src/charmie_bot) by extension 'ros'
[0.575s] DEBUG:colcon.colcon_core.package_identification:Package 'src/charmie_bot' with type 'ros.ament_cmake' and name 'charmie_bot'
[0.576s] Level 1:colcon.colcon_core.package_identification:_identify(src/charmie_debug) by extensions ['ignore', 'ignore_ament_install']
[0.576s] Level 1:colcon.colcon_core.package_identification:_identify(src/charmie_debug) by extension 'ignore'
[0.576s] Level 1:colcon.colcon_core.package_identification:_identify(src/charmie_debug) by extension 'ignore_ament_install'
[0.576s] Level 1:colcon.colcon_core.package_identification:_identify(src/charmie_debug) by extensions ['colcon_pkg']
[0.576s] Level 1:colcon.colcon_core.package_identification:_identify(src/charmie_debug) by extension 'colcon_pkg'
[0.577s] Level 1:colcon.colcon_core.package_identification:_identify(src/charmie_debug) by extensions ['colcon_meta']
[0.577s] Level 1:colcon.colcon_core.package_identification:_identify(src/charmie_debug) by extension 'colcon_meta'
[0.577s] Level 1:colcon.colcon_core.package_identification:_identify(src/charmie_debug) by extensions ['ros']
[0.577s] Level 1:colcon.colcon_core.package_identification:_identify(src/charmie_debug) by extension 'ros'
[0.579s] DEBUG:colcon.colcon_core.package_identification:Package 'src/charmie_debug' with type 'ros.ament_python' and name 'charmie_debug'
[0.580s] Level 1:colcon.colcon_core.package_identification:_identify(src/charmie_interfaces) by extensions ['ignore', 'ignore_ament_install']
[0.580s] Level 1:colcon.colcon_core.package_identification:_identify(src/charmie_interfaces) by extension 'ignore'
[0.580s] Level 1:colcon.colcon_core.package_identification:_identify(src/charmie_interfaces) by extension 'ignore_ament_install'
[0.580s] Level 1:colcon.colcon_core.package_identification:_identify(src/charmie_interfaces) by extensions ['colcon_pkg']
[0.580s] Level 1:colcon.colcon_core.package_identification:_identify(src/charmie_interfaces) by extension 'colcon_pkg'
[0.580s] Level 1:colcon.colcon_core.package_identification:_identify(src/charmie_interfaces) by extensions ['colcon_meta']
[0.580s] Level 1:colcon.colcon_core.package_identification:_identify(src/charmie_interfaces) by extension 'colcon_meta'
[0.581s] Level 1:colcon.colcon_core.package_identification:_identify(src/charmie_interfaces) by extensions ['ros']
[0.581s] Level 1:colcon.colcon_core.package_identification:_identify(src/charmie_interfaces) by extension 'ros'
[0.582s] DEBUG:colcon.colcon_core.package_identification:Package 'src/charmie_interfaces' with type 'ros.ament_cmake' and name 'charmie_interfaces'
[0.583s] Level 1:colcon.colcon_core.package_identification:_identify(src/charmie_lidar_hokuyo) by extensions ['ignore', 'ignore_ament_install']
[0.583s] Level 1:colcon.colcon_core.package_identification:_identify(src/charmie_lidar_hokuyo) by extension 'ignore'
[0.584s] Level 1:colcon.colcon_core.package_identification:_identify(src/charmie_lidar_hokuyo) by extension 'ignore_ament_install'
[0.584s] Level 1:colcon.colcon_core.package_identification:_identify(src/charmie_lidar_hokuyo) by extensions ['colcon_pkg']
[0.584s] Level 1:colcon.colcon_core.package_identification:_identify(src/charmie_lidar_hokuyo) by extension 'colcon_pkg'
[0.584s] Level 1:colcon.colcon_core.package_identification:_identify(src/charmie_lidar_hokuyo) by extensions ['colcon_meta']
[0.584s] Level 1:colcon.colcon_core.package_identification:_identify(src/charmie_lidar_hokuyo) by extension 'colcon_meta'
[0.584s] Level 1:colcon.colcon_core.package_identification:_identify(src/charmie_lidar_hokuyo) by extensions ['ros']
[0.584s] Level 1:colcon.colcon_core.package_identification:_identify(src/charmie_lidar_hokuyo) by extension 'ros'
[0.586s] DEBUG:colcon.colcon_core.package_identification:Package 'src/charmie_lidar_hokuyo' with type 'ros.ament_python' and name 'charmie_lidar_hokuyo'
[0.587s] Level 1:colcon.colcon_core.package_identification:_identify(src/charmie_low_level) by extensions ['ignore', 'ignore_ament_install']
[0.587s] Level 1:colcon.colcon_core.package_identification:_identify(src/charmie_low_level) by extension 'ignore'
[0.587s] Level 1:colcon.colcon_core.package_identification:_identify(src/charmie_low_level) by extension 'ignore_ament_install'
[0.587s] Level 1:colcon.colcon_core.package_identification:_identify(src/charmie_low_level) by extensions ['colcon_pkg']
[0.587s] Level 1:colcon.colcon_core.package_identification:_identify(src/charmie_low_level) by extension 'colcon_pkg'
[0.588s] Level 1:colcon.colcon_core.package_identification:_identify(src/charmie_low_level) by extensions ['colcon_meta']
[0.588s] Level 1:colcon.colcon_core.package_identification:_identify(src/charmie_low_level) by extension 'colcon_meta'
[0.588s] Level 1:colcon.colcon_core.package_identification:_identify(src/charmie_low_level) by extensions ['ros']
[0.588s] Level 1:colcon.colcon_core.package_identification:_identify(src/charmie_low_level) by extension 'ros'
[0.589s] DEBUG:colcon.colcon_core.package_identification:Package 'src/charmie_low_level' with type 'ros.ament_python' and name 'charmie_low_level'
[0.589s] Level 1:colcon.colcon_core.package_identification:_identify(src/charmie_neck_dynamixel) by extensions ['ignore', 'ignore_ament_install']
[0.590s] Level 1:colcon.colcon_core.package_identification:_identify(src/charmie_neck_dynamixel) by extension 'ignore'
[0.590s] Level 1:colcon.colcon_core.package_identification:_identify(src/charmie_neck_dynamixel) by extension 'ignore_ament_install'
[0.590s] Level 1:colcon.colcon_core.package_identification:_identify(src/charmie_neck_dynamixel) by extensions ['colcon_pkg']
[0.590s] Level 1:colcon.colcon_core.package_identification:_identify(src/charmie_neck_dynamixel) by extension 'colcon_pkg'
[0.590s] Level 1:colcon.colcon_core.package_identification:_identify(src/charmie_neck_dynamixel) by extensions ['colcon_meta']
[0.590s] Level 1:colcon.colcon_core.package_identification:_identify(src/charmie_neck_dynamixel) by extension 'colcon_meta'
[0.590s] Level 1:colcon.colcon_core.package_identification:_identify(src/charmie_neck_dynamixel) by extensions ['ros']
[0.590s] Level 1:colcon.colcon_core.package_identification:_identify(src/charmie_neck_dynamixel) by extension 'ros'
[0.592s] DEBUG:colcon.colcon_core.package_identification:Package 'src/charmie_neck_dynamixel' with type 'ros.ament_python' and name 'charmie_neck_dynamixel'
[0.593s] Level 1:colcon.colcon_core.package_identification:_identify(src/charmie_ps4_controller) by extensions ['ignore', 'ignore_ament_install']
[0.593s] Level 1:colcon.colcon_core.package_identification:_identify(src/charmie_ps4_controller) by extension 'ignore'
[0.593s] Level 1:colcon.colcon_core.package_identification:_identify(src/charmie_ps4_controller) by extension 'ignore_ament_install'
[0.593s] Level 1:colcon.colcon_core.package_identification:_identify(src/charmie_ps4_controller) by extensions ['colcon_pkg']
[0.593s] Level 1:colcon.colcon_core.package_identification:_identify(src/charmie_ps4_controller) by extension 'colcon_pkg'
[0.593s] Level 1:colcon.colcon_core.package_identification:_identify(src/charmie_ps4_controller) by extensions ['colcon_meta']
[0.594s] Level 1:colcon.colcon_core.package_identification:_identify(src/charmie_ps4_controller) by extension 'colcon_meta'
[0.594s] Level 1:colcon.colcon_core.package_identification:_identify(src/charmie_ps4_controller) by extensions ['ros']
[0.594s] Level 1:colcon.colcon_core.package_identification:_identify(src/charmie_ps4_controller) by extension 'ros'
[0.595s] DEBUG:colcon.colcon_core.package_identification:Package 'src/charmie_ps4_controller' with type 'ros.ament_python' and name 'charmie_ps4_controller'
[0.596s] Level 1:colcon.colcon_core.package_identification:_identify(src/charmie_speakers) by extensions ['ignore', 'ignore_ament_install']
[0.596s] Level 1:colcon.colcon_core.package_identification:_identify(src/charmie_speakers) by extension 'ignore'
[0.596s] Level 1:colcon.colcon_core.package_identification:_identify(src/charmie_speakers) by extension 'ignore_ament_install'
[0.597s] Level 1:colcon.colcon_core.package_identification:_identify(src/charmie_speakers) by extensions ['colcon_pkg']
[0.597s] Level 1:colcon.colcon_core.package_identification:_identify(src/charmie_speakers) by extension 'colcon_pkg'
[0.597s] Level 1:colcon.colcon_core.package_identification:_identify(src/charmie_speakers) by extensions ['colcon_meta']
[0.597s] Level 1:colcon.colcon_core.package_identification:_identify(src/charmie_speakers) by extension 'colcon_meta'
[0.597s] Level 1:colcon.colcon_core.package_identification:_identify(src/charmie_speakers) by extensions ['ros']
[0.597s] Level 1:colcon.colcon_core.package_identification:_identify(src/charmie_speakers) by extension 'ros'
[0.599s] DEBUG:colcon.colcon_core.package_identification:Package 'src/charmie_speakers' with type 'ros.ament_python' and name 'charmie_speakers'
[0.599s] Level 1:colcon.colcon_core.package_discovery:discover_packages(recursive) using defaults
[0.599s] Level 1:colcon.colcon_core.package_discovery:discover_packages(ignore) discover
[0.599s] Level 1:colcon.colcon_core.package_discovery:discover_packages(ignore) using defaults
[0.599s] Level 1:colcon.colcon_core.package_discovery:discover_packages(path) discover
[0.599s] Level 1:colcon.colcon_core.package_discovery:discover_packages(path) using defaults
[0.657s] Level 1:colcon.colcon_core.package_discovery:discover_packages(prefix_path) check parameters
[0.657s] Level 1:colcon.colcon_core.package_discovery:discover_packages(prefix_path) discover
[0.666s] DEBUG:colcon.colcon_installed_package_information.package_discovery:Found 9 installed packages in /home/utilizador/charmie_ws/install
[0.670s] DEBUG:colcon.colcon_installed_package_information.package_discovery:Found 258 installed packages in /opt/ros/foxy
[0.673s] Level 1:colcon.colcon_core.package_discovery:discover_packages(prefix_path) using defaults
[0.824s] Level 5:colcon.colcon_core.verb:set package 'charmie_audio' build argument 'cmake_args' from command line to 'None'
[0.825s] Level 5:colcon.colcon_core.verb:set package 'charmie_audio' build argument 'cmake_target' from command line to 'None'
[0.825s] Level 5:colcon.colcon_core.verb:set package 'charmie_audio' build argument 'cmake_target_skip_unavailable' from command line to 'False'
[0.825s] Level 5:colcon.colcon_core.verb:set package 'charmie_audio' build argument 'cmake_clean_cache' from command line to 'False'
[0.825s] Level 5:colcon.colcon_core.verb:set package 'charmie_audio' build argument 'cmake_clean_first' from command line to 'False'
[0.825s] Level 5:colcon.colcon_core.verb:set package 'charmie_audio' build argument 'cmake_force_configure' from command line to 'False'
[0.825s] Level 5:colcon.colcon_core.verb:set package 'charmie_audio' build argument 'ament_cmake_args' from command line to 'None'
[0.825s] Level 5:colcon.colcon_core.verb:set package 'charmie_audio' build argument 'catkin_cmake_args' from command line to 'None'
[0.825s] Level 5:colcon.colcon_core.verb:set package 'charmie_audio' build argument 'catkin_skip_building_tests' from command line to 'False'
[0.825s] DEBUG:colcon.colcon_core.verb:Building package 'charmie_audio' with the following arguments: {'ament_cmake_args': None, 'build_base': '/home/utilizador/charmie_ws/build/charmie_audio', 'catkin_cmake_args': None, 'catkin_skip_building_tests': False, 'cmake_args': None, 'cmake_clean_cache': False, 'cmake_clean_first': False, 'cmake_force_configure': False, 'cmake_target': None, 'cmake_target_skip_unavailable': False, 'install_base': '/home/utilizador/charmie_ws/install/charmie_audio', 'merge_install': False, 'path': '/home/utilizador/charmie_ws/src/charmie_audio', 'symlink_install': False, 'test_result_base': None}
[0.827s] Level 5:colcon.colcon_core.verb:set package 'charmie_bot' build argument 'cmake_args' from command line to 'None'
[0.828s] Level 5:colcon.colcon_core.verb:set package 'charmie_bot' build argument 'cmake_target' from command line to 'None'
[0.828s] Level 5:colcon.colcon_core.verb:set package 'charmie_bot' build argument 'cmake_target_skip_unavailable' from command line to 'False'
[0.828s] Level 5:colcon.colcon_core.verb:set package 'charmie_bot' build argument 'cmake_clean_cache' from command line to 'False'
[0.828s] Level 5:colcon.colcon_core.verb:set package 'charmie_bot' build argument 'cmake_clean_first' from command line to 'False'
[0.828s] Level 5:colcon.colcon_core.verb:set package 'charmie_bot' build argument 'cmake_force_configure' from command line to 'False'
[0.828s] Level 5:colcon.colcon_core.verb:set package 'charmie_bot' build argument 'ament_cmake_args' from command line to 'None'
[0.828s] Level 5:colcon.colcon_core.verb:set package 'charmie_bot' build argument 'catkin_cmake_args' from command line to 'None'
[0.828s] Level 5:colcon.colcon_core.verb:set package 'charmie_bot' build argument 'catkin_skip_building_tests' from command line to 'False'
[0.828s] DEBUG:colcon.colcon_core.verb:Building package 'charmie_bot' with the following arguments: {'ament_cmake_args': None, 'build_base': '/home/utilizador/charmie_ws/build/charmie_bot', 'catkin_cmake_args': None, 'catkin_skip_building_tests': False, 'cmake_args': None, 'cmake_clean_cache': False, 'cmake_clean_first': False, 'cmake_force_configure': False, 'cmake_target': None, 'cmake_target_skip_unavailable': False, 'install_base': '/home/utilizador/charmie_ws/install/charmie_bot', 'merge_install': False, 'path': '/home/utilizador/charmie_ws/src/charmie_bot', 'symlink_install': False, 'test_result_base': None}
[0.830s] Level 5:colcon.colcon_core.verb:set package 'charmie_interfaces' build argument 'cmake_args' from command line to 'None'
[0.830s] Level 5:colcon.colcon_core.verb:set package 'charmie_interfaces' build argument 'cmake_target' from command line to 'None'
[0.830s] Level 5:colcon.colcon_core.verb:set package 'charmie_interfaces' build argument 'cmake_target_skip_unavailable' from command line to 'False'
[0.830s] Level 5:colcon.colcon_core.verb:set package 'charmie_interfaces' build argument 'cmake_clean_cache' from command line to 'False'
[0.830s] Level 5:colcon.colcon_core.verb:set package 'charmie_interfaces' build argument 'cmake_clean_first' from command line to 'False'
[0.831s] Level 5:colcon.colcon_core.verb:set package 'charmie_interfaces' build argument 'cmake_force_configure' from command line to 'False'
[0.831s] Level 5:colcon.colcon_core.verb:set package 'charmie_interfaces' build argument 'ament_cmake_args' from command line to 'None'
[0.831s] Level 5:colcon.colcon_core.verb:set package 'charmie_interfaces' build argument 'catkin_cmake_args' from command line to 'None'
[0.831s] Level 5:colcon.colcon_core.verb:set package 'charmie_interfaces' build argument 'catkin_skip_building_tests' from command line to 'False'
[0.831s] DEBUG:colcon.colcon_core.verb:Building package 'charmie_interfaces' with the following arguments: {'ament_cmake_args': None, 'build_base': '/home/utilizador/charmie_ws/build/charmie_interfaces', 'catkin_cmake_args': None, 'catkin_skip_building_tests': False, 'cmake_args': None, 'cmake_clean_cache': False, 'cmake_clean_first': False, 'cmake_force_configure': False, 'cmake_target': None, 'cmake_target_skip_unavailable': False, 'install_base': '/home/utilizador/charmie_ws/install/charmie_interfaces', 'merge_install': False, 'path': '/home/utilizador/charmie_ws/src/charmie_interfaces', 'symlink_install': False, 'test_result_base': None}
[0.833s] Level 5:colcon.colcon_core.verb:set package 'charmie_lidar_hokuyo' build argument 'cmake_args' from command line to 'None'
[0.833s] Level 5:colcon.colcon_core.verb:set package 'charmie_lidar_hokuyo' build argument 'cmake_target' from command line to 'None'
[0.833s] Level 5:colcon.colcon_core.verb:set package 'charmie_lidar_hokuyo' build argument 'cmake_target_skip_unavailable' from command line to 'False'
[0.833s] Level 5:colcon.colcon_core.verb:set package 'charmie_lidar_hokuyo' build argument 'cmake_clean_cache' from command line to 'False'
[0.833s] Level 5:colcon.colcon_core.verb:set package 'charmie_lidar_hokuyo' build argument 'cmake_clean_first' from command line to 'False'
[0.833s] Level 5:colcon.colcon_core.verb:set package 'charmie_lidar_hokuyo' build argument 'cmake_force_configure' from command line to 'False'
[0.833s] Level 5:colcon.colcon_core.verb:set package 'charmie_lidar_hokuyo' build argument 'ament_cmake_args' from command line to 'None'
[0.833s] Level 5:colcon.colcon_core.verb:set package 'charmie_lidar_hokuyo' build argument 'catkin_cmake_args' from command line to 'None'
[0.834s] Level 5:colcon.colcon_core.verb:set package 'charmie_lidar_hokuyo' build argument 'catkin_skip_building_tests' from command line to 'False'
[0.834s] DEBUG:colcon.colcon_core.verb:Building package 'charmie_lidar_hokuyo' with the following arguments: {'ament_cmake_args': None, 'build_base': '/home/utilizador/charmie_ws/build/charmie_lidar_hokuyo', 'catkin_cmake_args': None, 'catkin_skip_building_tests': False, 'cmake_args': None, 'cmake_clean_cache': False, 'cmake_clean_first': False, 'cmake_force_configure': False, 'cmake_target': None, 'cmake_target_skip_unavailable': False, 'install_base': '/home/utilizador/charmie_ws/install/charmie_lidar_hokuyo', 'merge_install': False, 'path': '/home/utilizador/charmie_ws/src/charmie_lidar_hokuyo', 'symlink_install': False, 'test_result_base': None}
[0.836s] Level 5:colcon.colcon_core.verb:set package 'charmie_neck_dynamixel' build argument 'cmake_args' from command line to 'None'
[0.836s] Level 5:colcon.colcon_core.verb:set package 'charmie_neck_dynamixel' build argument 'cmake_target' from command line to 'None'
[0.836s] Level 5:colcon.colcon_core.verb:set package 'charmie_neck_dynamixel' build argument 'cmake_target_skip_unavailable' from command line to 'False'
[0.836s] Level 5:colcon.colcon_core.verb:set package 'charmie_neck_dynamixel' build argument 'cmake_clean_cache' from command line to 'False'
[0.836s] Level 5:colcon.colcon_core.verb:set package 'charmie_neck_dynamixel' build argument 'cmake_clean_first' from command line to 'False'
[0.836s] Level 5:colcon.colcon_core.verb:set package 'charmie_neck_dynamixel' build argument 'cmake_force_configure' from command line to 'False'
[0.836s] Level 5:colcon.colcon_core.verb:set package 'charmie_neck_dynamixel' build argument 'ament_cmake_args' from command line to 'None'
[0.836s] Level 5:colcon.colcon_core.verb:set package 'charmie_neck_dynamixel' build argument 'catkin_cmake_args' from command line to 'None'
[0.836s] Level 5:colcon.colcon_core.verb:set package 'charmie_neck_dynamixel' build argument 'catkin_skip_building_tests' from command line to 'False'
[0.836s] DEBUG:colcon.colcon_core.verb:Building package 'charmie_neck_dynamixel' with the following arguments: {'ament_cmake_args': None, 'build_base': '/home/utilizador/charmie_ws/build/charmie_neck_dynamixel', 'catkin_cmake_args': None, 'catkin_skip_building_tests': False, 'cmake_args': None, 'cmake_clean_cache': False, 'cmake_clean_first': False, 'cmake_force_configure': False, 'cmake_target': None, 'cmake_target_skip_unavailable': False, 'install_base': '/home/utilizador/charmie_ws/install/charmie_neck_dynamixel', 'merge_install': False, 'path': '/home/utilizador/charmie_ws/src/charmie_neck_dynamixel', 'symlink_install': False, 'test_result_base': None}
[0.839s] Level 5:colcon.colcon_core.verb:set package 'charmie_ps4_controller' build argument 'cmake_args' from command line to 'None'
[0.839s] Level 5:colcon.colcon_core.verb:set package 'charmie_ps4_controller' build argument 'cmake_target' from command line to 'None'
[0.839s] Level 5:colcon.colcon_core.verb:set package 'charmie_ps4_controller' build argument 'cmake_target_skip_unavailable' from command line to 'False'
[0.839s] Level 5:colcon.colcon_core.verb:set package 'charmie_ps4_controller' build argument 'cmake_clean_cache' from command line to 'False'
[0.839s] Level 5:colcon.colcon_core.verb:set package 'charmie_ps4_controller' build argument 'cmake_clean_first' from command line to 'False'
[0.839s] Level 5:colcon.colcon_core.verb:set package 'charmie_ps4_controller' build argument 'cmake_force_configure' from command line to 'False'
[0.839s] Level 5:colcon.colcon_core.verb:set package 'charmie_ps4_controller' build argument 'ament_cmake_args' from command line to 'None'
[0.839s] Level 5:colcon.colcon_core.verb:set package 'charmie_ps4_controller' build argument 'catkin_cmake_args' from command line to 'None'
[0.839s] Level 5:colcon.colcon_core.verb:set package 'charmie_ps4_controller' build argument 'catkin_skip_building_tests' from command line to 'False'
[0.839s] DEBUG:colcon.colcon_core.verb:Building package 'charmie_ps4_controller' with the following arguments: {'ament_cmake_args': None, 'build_base': '/home/utilizador/charmie_ws/build/charmie_ps4_controller', 'catkin_cmake_args': None, 'catkin_skip_building_tests': False, 'cmake_args': None, 'cmake_clean_cache': False, 'cmake_clean_first': False, 'cmake_force_configure': False, 'cmake_target': None, 'cmake_target_skip_unavailable': False, 'install_base': '/home/utilizador/charmie_ws/install/charmie_ps4_controller', 'merge_install': False, 'path': '/home/utilizador/charmie_ws/src/charmie_ps4_controller', 'symlink_install': False, 'test_result_base': None}
[0.842s] Level 5:colcon.colcon_core.verb:set package 'charmie_debug' build argument 'cmake_args' from command line to 'None'
[0.842s] Level 5:colcon.colcon_core.verb:set package 'charmie_debug' build argument 'cmake_target' from command line to 'None'
[0.842s] Level 5:colcon.colcon_core.verb:set package 'charmie_debug' build argument 'cmake_target_skip_unavailable' from command line to 'False'
[0.842s] Level 5:colcon.colcon_core.verb:set package 'charmie_debug' build argument 'cmake_clean_cache' from command line to 'False'
[0.842s] Level 5:colcon.colcon_core.verb:set package 'charmie_debug' build argument 'cmake_clean_first' from command line to 'False'
[0.842s] Level 5:colcon.colcon_core.verb:set package 'charmie_debug' build argument 'cmake_force_configure' from command line to 'False'
[0.842s] Level 5:colcon.colcon_core.verb:set package 'charmie_debug' build argument 'ament_cmake_args' from command line to 'None'
[0.842s] Level 5:colcon.colcon_core.verb:set package 'charmie_debug' build argument 'catkin_cmake_args' from command line to 'None'
[0.842s] Level 5:colcon.colcon_core.verb:set package 'charmie_debug' build argument 'catkin_skip_building_tests' from command line to 'False'
[0.842s] DEBUG:colcon.colcon_core.verb:Building package 'charmie_debug' with the following arguments: {'ament_cmake_args': None, 'build_base': '/home/utilizador/charmie_ws/build/charmie_debug', 'catkin_cmake_args': None, 'catkin_skip_building_tests': False, 'cmake_args': None, 'cmake_clean_cache': False, 'cmake_clean_first': False, 'cmake_force_configure': False, 'cmake_target': None, 'cmake_target_skip_unavailable': False, 'install_base': '/home/utilizador/charmie_ws/install/charmie_debug', 'merge_install': False, 'path': '/home/utilizador/charmie_ws/src/charmie_debug', 'symlink_install': False, 'test_result_base': None}
[0.845s] Level 5:colcon.colcon_core.verb:set package 'charmie_low_level' build argument 'cmake_args' from command line to 'None'
[0.845s] Level 5:colcon.colcon_core.verb:set package 'charmie_low_level' build argument 'cmake_target' from command line to 'None'
[0.845s] Level 5:colcon.colcon_core.verb:set package 'charmie_low_level' build argument 'cmake_target_skip_unavailable' from command line to 'False'
[0.845s] Level 5:colcon.colcon_core.verb:set package 'charmie_low_level' build argument 'cmake_clean_cache' from command line to 'False'
[0.845s] Level 5:colcon.colcon_core.verb:set package 'charmie_low_level' build argument 'cmake_clean_first' from command line to 'False'
[0.845s] Level 5:colcon.colcon_core.verb:set package 'charmie_low_level' build argument 'cmake_force_configure' from command line to 'False'
[0.845s] Level 5:colcon.colcon_core.verb:set package 'charmie_low_level' build argument 'ament_cmake_args' from command line to 'None'
[0.845s] Level 5:colcon.colcon_core.verb:set package 'charmie_low_level' build argument 'catkin_cmake_args' from command line to 'None'
[0.845s] Level 5:colcon.colcon_core.verb:set package 'charmie_low_level' build argument 'catkin_skip_building_tests' from command line to 'False'
[0.845s] DEBUG:colcon.colcon_core.verb:Building package 'charmie_low_level' with the following arguments: {'ament_cmake_args': None, 'build_base': '/home/utilizador/charmie_ws/build/charmie_low_level', 'catkin_cmake_args': None, 'catkin_skip_building_tests': False, 'cmake_args': None, 'cmake_clean_cache': False, 'cmake_clean_first': False, 'cmake_force_configure': False, 'cmake_target': None, 'cmake_target_skip_unavailable': False, 'install_base': '/home/utilizador/charmie_ws/install/charmie_low_level', 'merge_install': False, 'path': '/home/utilizador/charmie_ws/src/charmie_low_level', 'symlink_install': False, 'test_result_base': None}
[0.848s] Level 5:colcon.colcon_core.verb:set package 'charmie_speakers' build argument 'cmake_args' from command line to 'None'
[0.848s] Level 5:colcon.colcon_core.verb:set package 'charmie_speakers' build argument 'cmake_target' from command line to 'None'
[0.848s] Level 5:colcon.colcon_core.verb:set package 'charmie_speakers' build argument 'cmake_target_skip_unavailable' from command line to 'False'
[0.848s] Level 5:colcon.colcon_core.verb:set package 'charmie_speakers' build argument 'cmake_clean_cache' from command line to 'False'
[0.848s] Level 5:colcon.colcon_core.verb:set package 'charmie_speakers' build argument 'cmake_clean_first' from command line to 'False'
[0.848s] Level 5:colcon.colcon_core.verb:set package 'charmie_speakers' build argument 'cmake_force_configure' from command line to 'False'
[0.848s] Level 5:colcon.colcon_core.verb:set package 'charmie_speakers' build argument 'ament_cmake_args' from command line to 'None'
[0.848s] Level 5:colcon.colcon_core.verb:set package 'charmie_speakers' build argument 'catkin_cmake_args' from command line to 'None'
[0.848s] Level 5:colcon.colcon_core.verb:set package 'charmie_speakers' build argument 'catkin_skip_building_tests' from command line to 'False'
[0.848s] DEBUG:colcon.colcon_core.verb:Building package 'charmie_speakers' with the following arguments: {'ament_cmake_args': None, 'build_base': '/home/utilizador/charmie_ws/build/charmie_speakers', 'catkin_cmake_args': None, 'catkin_skip_building_tests': False, 'cmake_args': None, 'cmake_clean_cache': False, 'cmake_clean_first': False, 'cmake_force_configure': False, 'cmake_target': None, 'cmake_target_skip_unavailable': False, 'install_base': '/home/utilizador/charmie_ws/install/charmie_speakers', 'merge_install': False, 'path': '/home/utilizador/charmie_ws/src/charmie_speakers', 'symlink_install': False, 'test_result_base': None}
[0.850s] INFO:colcon.colcon_core.executor:Executing jobs using 'parallel' executor
[0.857s] DEBUG:colcon.colcon_parallel_executor.executor.parallel:run_until_complete
[0.858s] INFO:colcon.colcon_ros.task.ament_cmake.build:Building ROS package in '/home/utilizador/charmie_ws/src/charmie_interfaces' with build type 'ament_cmake'
[0.858s] INFO:colcon.colcon_cmake.task.cmake.build:Building CMake package in '/home/utilizador/charmie_ws/src/charmie_interfaces'
[0.872s] INFO:colcon.colcon_core.plugin_system:Skipping extension 'colcon_core.shell.bat': Not used on non-Windows systems
[0.873s] INFO:colcon.colcon_core.shell:Skip shell extension 'powershell' for command environment: Not usable outside of PowerShell
[0.873s] DEBUG:colcon.colcon_core.shell:Skip shell extension 'dsv' for command environment
[0.885s] INFO:colcon.colcon_ros.task.ament_python.build:Building ROS package in '/home/utilizador/charmie_ws/src/charmie_audio' with build type 'ament_python'
[0.885s] Level 1:colcon.colcon_core.shell:create_environment_hook('charmie_audio', 'ament_prefix_path')
[0.888s] INFO:colcon.colcon_core.shell:Creating environment hook '/home/utilizador/charmie_ws/install/charmie_audio/share/charmie_audio/hook/ament_prefix_path.ps1'
[0.890s] INFO:colcon.colcon_core.shell:Creating environment descriptor '/home/utilizador/charmie_ws/install/charmie_audio/share/charmie_audio/hook/ament_prefix_path.dsv'
[0.891s] INFO:colcon.colcon_core.shell:Creating environment hook '/home/utilizador/charmie_ws/install/charmie_audio/share/charmie_audio/hook/ament_prefix_path.sh'
[0.896s] INFO:colcon.colcon_core.shell:Skip shell extension 'powershell' for command environment: Not usable outside of PowerShell
[0.896s] DEBUG:colcon.colcon_core.shell:Skip shell extension 'dsv' for command environment
[0.910s] INFO:colcon.colcon_ros.task.ament_cmake.build:Building ROS package in '/home/utilizador/charmie_ws/src/charmie_bot' with build type 'ament_cmake'
[0.911s] INFO:colcon.colcon_cmake.task.cmake.build:Building CMake package in '/home/utilizador/charmie_ws/src/charmie_bot'
[0.915s] INFO:colcon.colcon_core.shell:Skip shell extension 'powershell' for command environment: Not usable outside of PowerShell
[0.916s] DEBUG:colcon.colcon_core.shell:Skip shell extension 'dsv' for command environment
[0.928s] INFO:colcon.colcon_ros.task.ament_python.build:Building ROS package in '/home/utilizador/charmie_ws/src/charmie_lidar_hokuyo' with build type 'ament_python'
[0.928s] Level 1:colcon.colcon_core.shell:create_environment_hook('charmie_lidar_hokuyo', 'ament_prefix_path')
[0.931s] INFO:colcon.colcon_core.shell:Creating environment hook '/home/utilizador/charmie_ws/install/charmie_lidar_hokuyo/share/charmie_lidar_hokuyo/hook/ament_prefix_path.ps1'
[0.932s] INFO:colcon.colcon_core.shell:Creating environment descriptor '/home/utilizador/charmie_ws/install/charmie_lidar_hokuyo/share/charmie_lidar_hokuyo/hook/ament_prefix_path.dsv'
[0.932s] INFO:colcon.colcon_core.shell:Creating environment hook '/home/utilizador/charmie_ws/install/charmie_lidar_hokuyo/share/charmie_lidar_hokuyo/hook/ament_prefix_path.sh'
[0.935s] INFO:colcon.colcon_core.shell:Skip shell extension 'powershell' for command environment: Not usable outside of PowerShell
[0.935s] DEBUG:colcon.colcon_core.shell:Skip shell extension 'dsv' for command environment
[0.943s] INFO:colcon.colcon_ros.task.ament_python.build:Building ROS package in '/home/utilizador/charmie_ws/src/charmie_neck_dynamixel' with build type 'ament_python'
[0.944s] Level 1:colcon.colcon_core.shell:create_environment_hook('charmie_neck_dynamixel', 'ament_prefix_path')
[0.947s] INFO:colcon.colcon_core.shell:Creating environment hook '/home/utilizador/charmie_ws/install/charmie_neck_dynamixel/share/charmie_neck_dynamixel/hook/ament_prefix_path.ps1'
[0.948s] INFO:colcon.colcon_core.shell:Creating environment descriptor '/home/utilizador/charmie_ws/install/charmie_neck_dynamixel/share/charmie_neck_dynamixel/hook/ament_prefix_path.dsv'
[0.948s] INFO:colcon.colcon_core.shell:Creating environment hook '/home/utilizador/charmie_ws/install/charmie_neck_dynamixel/share/charmie_neck_dynamixel/hook/ament_prefix_path.sh'
[0.950s] INFO:colcon.colcon_core.shell:Skip shell extension 'powershell' for command environment: Not usable outside of PowerShell
[0.951s] DEBUG:colcon.colcon_core.shell:Skip shell extension 'dsv' for command environment
[0.959s] INFO:colcon.colcon_ros.task.ament_python.build:Building ROS package in '/home/utilizador/charmie_ws/src/charmie_ps4_controller' with build type 'ament_python'
[0.959s] Level 1:colcon.colcon_core.shell:create_environment_hook('charmie_ps4_controller', 'ament_prefix_path')
[0.961s] INFO:colcon.colcon_core.shell:Creating environment hook '/home/utilizador/charmie_ws/install/charmie_ps4_controller/share/charmie_ps4_controller/hook/ament_prefix_path.ps1'
[0.962s] INFO:colcon.colcon_core.shell:Creating environment descriptor '/home/utilizador/charmie_ws/install/charmie_ps4_controller/share/charmie_ps4_controller/hook/ament_prefix_path.dsv'
[0.962s] INFO:colcon.colcon_core.shell:Creating environment hook '/home/utilizador/charmie_ws/install/charmie_ps4_controller/share/charmie_ps4_controller/hook/ament_prefix_path.sh'
[0.964s] INFO:colcon.colcon_core.shell:Skip shell extension 'powershell' for command environment: Not usable outside of PowerShell
[0.965s] DEBUG:colcon.colcon_core.shell:Skip shell extension 'dsv' for command environment
[0.980s] DEBUG:colcon.colcon_core.event_handler.log_command:Invoking command in '/home/utilizador/charmie_ws/build/charmie_interfaces': CMAKE_PREFIX_PATH=${CMAKE_PREFIX_PATH}:/home/utilizador/charmie_ws/install/charmie_speakers:/home/utilizador/charmie_ws/install/charmie_ps4_controller:/home/utilizador/charmie_ws/install/charmie_neck_dynamixel:/home/utilizador/charmie_ws/install/charmie_low_level:/home/utilizador/charmie_ws/install/charmie_lidar_hokuyo:/home/utilizador/charmie_ws/install/charmie_debug:/home/utilizador/charmie_ws/install/charmie_audio:/opt/ros/foxy /usr/bin/cmake --build /home/utilizador/charmie_ws/build/charmie_interfaces -- -j8 -l8
[1.422s] INFO:colcon.colcon_core.task.python.build:Building Python package in '/home/utilizador/charmie_ws/src/charmie_audio'
[1.426s] INFO:colcon.colcon_core.shell:Skip shell extension 'powershell' for command environment: Not usable outside of PowerShell
[1.426s] DEBUG:colcon.colcon_core.shell:Skip shell extension 'dsv' for command environment
[1.447s] DEBUG:colcon.colcon_core.event_handler.log_command:Invoking command in '/home/utilizador/charmie_ws/build/charmie_bot': CMAKE_PREFIX_PATH=${CMAKE_PREFIX_PATH}:/home/utilizador/charmie_ws/install/charmie_speakers:/home/utilizador/charmie_ws/install/charmie_ps4_controller:/home/utilizador/charmie_ws/install/charmie_neck_dynamixel:/home/utilizador/charmie_ws/install/charmie_low_level:/home/utilizador/charmie_ws/install/charmie_lidar_hokuyo:/home/utilizador/charmie_ws/install/charmie_debug:/home/utilizador/charmie_ws/install/charmie_audio:/opt/ros/foxy /usr/bin/cmake --build /home/utilizador/charmie_ws/build/charmie_bot -- -j8 -l8
[1.900s] INFO:colcon.colcon_core.task.python.build:Building Python package in '/home/utilizador/charmie_ws/src/charmie_lidar_hokuyo'
[1.904s] INFO:colcon.colcon_core.shell:Skip shell extension 'powershell' for command environment: Not usable outside of PowerShell
[1.904s] DEBUG:colcon.colcon_core.shell:Skip shell extension 'dsv' for command environment
[2.371s] INFO:colcon.colcon_core.task.python.build:Building Python package in '/home/utilizador/charmie_ws/src/charmie_neck_dynamixel'
[2.374s] INFO:colcon.colcon_core.shell:Skip shell extension 'powershell' for command environment: Not usable outside of PowerShell
[2.375s] DEBUG:colcon.colcon_core.shell:Skip shell extension 'dsv' for command environment
[2.775s] INFO:colcon.colcon_core.task.python.build:Building Python package in '/home/utilizador/charmie_ws/src/charmie_ps4_controller'
[2.779s] INFO:colcon.colcon_core.shell:Skip shell extension 'powershell' for command environment: Not usable outside of PowerShell
[2.779s] DEBUG:colcon.colcon_core.shell:Skip shell extension 'dsv' for command environment
[2.803s] DEBUG:colcon.colcon_core.event_handler.log_command:Invoked command in '/home/utilizador/charmie_ws/build/charmie_interfaces' returned '0': CMAKE_PREFIX_PATH=${CMAKE_PREFIX_PATH}:/home/utilizador/charmie_ws/install/charmie_speakers:/home/utilizador/charmie_ws/install/charmie_ps4_controller:/home/utilizador/charmie_ws/install/charmie_neck_dynamixel:/home/utilizador/charmie_ws/install/charmie_low_level:/home/utilizador/charmie_ws/install/charmie_lidar_hokuyo:/home/utilizador/charmie_ws/install/charmie_debug:/home/utilizador/charmie_ws/install/charmie_audio:/opt/ros/foxy /usr/bin/cmake --build /home/utilizador/charmie_ws/build/charmie_interfaces -- -j8 -l8
[2.804s] DEBUG:colcon.colcon_core.event_handler.log_command:Invoked command in '/home/utilizador/charmie_ws/build/charmie_bot' returned '0': CMAKE_PREFIX_PATH=${CMAKE_PREFIX_PATH}:/home/utilizador/charmie_ws/install/charmie_speakers:/home/utilizador/charmie_ws/install/charmie_ps4_controller:/home/utilizador/charmie_ws/install/charmie_neck_dynamixel:/home/utilizador/charmie_ws/install/charmie_low_level:/home/utilizador/charmie_ws/install/charmie_lidar_hokuyo:/home/utilizador/charmie_ws/install/charmie_debug:/home/utilizador/charmie_ws/install/charmie_audio:/opt/ros/foxy /usr/bin/cmake --build /home/utilizador/charmie_ws/build/charmie_bot -- -j8 -l8
[2.873s] DEBUG:colcon.colcon_core.event_handler.log_command:Invoking command in '/home/utilizador/charmie_ws/build/charmie_bot': CMAKE_PREFIX_PATH=${CMAKE_PREFIX_PATH}:/home/utilizador/charmie_ws/install/charmie_speakers:/home/utilizador/charmie_ws/install/charmie_ps4_controller:/home/utilizador/charmie_ws/install/charmie_neck_dynamixel:/home/utilizador/charmie_ws/install/charmie_low_level:/home/utilizador/charmie_ws/install/charmie_lidar_hokuyo:/home/utilizador/charmie_ws/install/charmie_debug:/home/utilizador/charmie_ws/install/charmie_audio:/opt/ros/foxy /usr/bin/cmake --install /home/utilizador/charmie_ws/build/charmie_bot
[2.937s] Level 1:colcon.colcon_core.environment:create_environment_scripts_only(charmie_bot)
[2.939s] DEBUG:colcon.colcon_core.event_handler.log_command:Invoked command in '/home/utilizador/charmie_ws/build/charmie_bot' returned '0': CMAKE_PREFIX_PATH=${CMAKE_PREFIX_PATH}:/home/utilizador/charmie_ws/install/charmie_speakers:/home/utilizador/charmie_ws/install/charmie_ps4_controller:/home/utilizador/charmie_ws/install/charmie_neck_dynamixel:/home/utilizador/charmie_ws/install/charmie_low_level:/home/utilizador/charmie_ws/install/charmie_lidar_hokuyo:/home/utilizador/charmie_ws/install/charmie_debug:/home/utilizador/charmie_ws/install/charmie_audio:/opt/ros/foxy /usr/bin/cmake --install /home/utilizador/charmie_ws/build/charmie_bot
[2.952s] Level 1:colcon.colcon_core.environment:checking '/home/utilizador/charmie_ws/install/charmie_bot' for CMake module files
[2.953s] Level 1:colcon.colcon_core.environment:checking '/home/utilizador/charmie_ws/install/charmie_bot' for CMake config files
[2.953s] Level 1:colcon.colcon_core.shell:create_environment_hook('charmie_bot', 'cmake_prefix_path')
[2.956s] INFO:colcon.colcon_core.shell:Creating environment hook '/home/utilizador/charmie_ws/install/charmie_bot/share/charmie_bot/hook/cmake_prefix_path.ps1'
[2.957s] INFO:colcon.colcon_core.shell:Creating environment descriptor '/home/utilizador/charmie_ws/install/charmie_bot/share/charmie_bot/hook/cmake_prefix_path.dsv'
[2.958s] INFO:colcon.colcon_core.shell:Creating environment hook '/home/utilizador/charmie_ws/install/charmie_bot/share/charmie_bot/hook/cmake_prefix_path.sh'
[2.959s] Level 1:colcon.colcon_core.environment:checking '/home/utilizador/charmie_ws/install/charmie_bot/bin'
[2.959s] Level 1:colcon.colcon_core.environment:checking '/home/utilizador/charmie_ws/install/charmie_bot/lib/pkgconfig/charmie_bot.pc'
[2.959s] Level 1:colcon.colcon_core.environment:checking '/home/utilizador/charmie_ws/install/charmie_bot/lib/python3.8/site-packages'
[2.960s] Level 1:colcon.colcon_core.environment:checking '/home/utilizador/charmie_ws/install/charmie_bot/bin'
[2.964s] INFO:colcon.colcon_core.shell:Creating package script '/home/utilizador/charmie_ws/install/charmie_bot/share/charmie_bot/package.ps1'
[2.968s] INFO:colcon.colcon_core.shell:Creating package descriptor '/home/utilizador/charmie_ws/install/charmie_bot/share/charmie_bot/package.dsv'
[2.969s] INFO:colcon.colcon_core.shell:Creating package script '/home/utilizador/charmie_ws/install/charmie_bot/share/charmie_bot/package.sh'
[2.971s] INFO:colcon.colcon_core.shell:Creating package script '/home/utilizador/charmie_ws/install/charmie_bot/share/charmie_bot/package.bash'
[2.973s] INFO:colcon.colcon_core.shell:Creating package script '/home/utilizador/charmie_ws/install/charmie_bot/share/charmie_bot/package.zsh'
[2.975s] Level 1:colcon.colcon_core.environment:create_file_with_runtime_dependencies(/home/utilizador/charmie_ws/install/charmie_bot/share/colcon-core/packages/charmie_bot)
[3.027s] Level 1:colcon.colcon_core.environment:create_environment_scripts_only(charmie_bot)
[3.031s] Level 1:colcon.colcon_core.environment:checking '/home/utilizador/charmie_ws/install/charmie_bot' for CMake module files
[3.031s] Level 1:colcon.colcon_core.environment:checking '/home/utilizador/charmie_ws/install/charmie_bot' for CMake config files
[3.032s] Level 1:colcon.colcon_core.shell:create_environment_hook('charmie_bot', 'cmake_prefix_path')
[3.035s] INFO:colcon.colcon_core.shell:Creating environment hook '/home/utilizador/charmie_ws/install/charmie_bot/share/charmie_bot/hook/cmake_prefix_path.ps1'
[3.035s] INFO:colcon.colcon_core.shell:Creating environment descriptor '/home/utilizador/charmie_ws/install/charmie_bot/share/charmie_bot/hook/cmake_prefix_path.dsv'
[3.036s] INFO:colcon.colcon_core.shell:Creating environment hook '/home/utilizador/charmie_ws/install/charmie_bot/share/charmie_bot/hook/cmake_prefix_path.sh'
[3.037s] Level 1:colcon.colcon_core.environment:checking '/home/utilizador/charmie_ws/install/charmie_bot/bin'
[3.037s] Level 1:colcon.colcon_core.environment:checking '/home/utilizador/charmie_ws/install/charmie_bot/lib/pkgconfig/charmie_bot.pc'
[3.037s] Level 1:colcon.colcon_core.environment:checking '/home/utilizador/charmie_ws/install/charmie_bot/lib/python3.8/site-packages'
[3.038s] Level 1:colcon.colcon_core.environment:checking '/home/utilizador/charmie_ws/install/charmie_bot/bin'
[3.040s] INFO:colcon.colcon_core.shell:Creating package script '/home/utilizador/charmie_ws/install/charmie_bot/share/charmie_bot/package.ps1'
[3.042s] INFO:colcon.colcon_core.shell:Creating package descriptor '/home/utilizador/charmie_ws/install/charmie_bot/share/charmie_bot/package.dsv'
[3.042s] INFO:colcon.colcon_core.shell:Creating package script '/home/utilizador/charmie_ws/install/charmie_bot/share/charmie_bot/package.sh'
[3.043s] INFO:colcon.colcon_core.shell:Creating package script '/home/utilizador/charmie_ws/install/charmie_bot/share/charmie_bot/package.bash'
[3.044s] INFO:colcon.colcon_core.shell:Creating package script '/home/utilizador/charmie_ws/install/charmie_bot/share/charmie_bot/package.zsh'
[3.044s] Level 1:colcon.colcon_core.environment:create_file_with_runtime_dependencies(/home/utilizador/charmie_ws/install/charmie_bot/share/colcon-core/packages/charmie_bot)
[3.112s] DEBUG:colcon.colcon_core.event_handler.log_command:Invoking command in '/home/utilizador/charmie_ws/build/charmie_interfaces': CMAKE_PREFIX_PATH=${CMAKE_PREFIX_PATH}:/home/utilizador/charmie_ws/install/charmie_speakers:/home/utilizador/charmie_ws/install/charmie_ps4_controller:/home/utilizador/charmie_ws/install/charmie_neck_dynamixel:/home/utilizador/charmie_ws/install/charmie_low_level:/home/utilizador/charmie_ws/install/charmie_lidar_hokuyo:/home/utilizador/charmie_ws/install/charmie_debug:/home/utilizador/charmie_ws/install/charmie_audio:/opt/ros/foxy /usr/bin/cmake --install /home/utilizador/charmie_ws/build/charmie_interfaces
[3.281s] Level 1:colcon.colcon_core.environment:create_environment_scripts_only(charmie_interfaces)
[3.286s] Level 1:colcon.colcon_core.environment:checking '/home/utilizador/charmie_ws/install/charmie_interfaces' for CMake module files
[3.287s] Level 1:colcon.colcon_core.environment:checking '/home/utilizador/charmie_ws/install/charmie_interfaces' for CMake config files
[3.288s] DEBUG:colcon.colcon_core.event_handler.log_command:Invoked command in '/home/utilizador/charmie_ws/build/charmie_interfaces' returned '0': CMAKE_PREFIX_PATH=${CMAKE_PREFIX_PATH}:/home/utilizador/charmie_ws/install/charmie_speakers:/home/utilizador/charmie_ws/install/charmie_ps4_controller:/home/utilizador/charmie_ws/install/charmie_neck_dynamixel:/home/utilizador/charmie_ws/install/charmie_low_level:/home/utilizador/charmie_ws/install/charmie_lidar_hokuyo:/home/utilizador/charmie_ws/install/charmie_debug:/home/utilizador/charmie_ws/install/charmie_audio:/opt/ros/foxy /usr/bin/cmake --install /home/utilizador/charmie_ws/build/charmie_interfaces
[3.289s] Level 1:colcon.colcon_core.shell:create_environment_hook('charmie_interfaces', 'cmake_prefix_path')
[3.293s] INFO:colcon.colcon_core.shell:Creating environment hook '/home/utilizador/charmie_ws/install/charmie_interfaces/share/charmie_interfaces/hook/cmake_prefix_path.ps1'
[3.294s] INFO:colcon.colcon_core.shell:Creating environment descriptor '/home/utilizador/charmie_ws/install/charmie_interfaces/share/charmie_interfaces/hook/cmake_prefix_path.dsv'
[3.295s] INFO:colcon.colcon_core.shell:Creating environment hook '/home/utilizador/charmie_ws/install/charmie_interfaces/share/charmie_interfaces/hook/cmake_prefix_path.sh'
[3.296s] Level 1:colcon.colcon_core.environment:checking '/home/utilizador/charmie_ws/install/charmie_interfaces/lib'
[3.296s] Level 1:colcon.colcon_core.shell:create_environment_hook('charmie_interfaces', 'ld_library_path_lib')
[3.300s] INFO:colcon.colcon_core.shell:Creating environment hook '/home/utilizador/charmie_ws/install/charmie_interfaces/share/charmie_interfaces/hook/ld_library_path_lib.ps1'
[3.302s] INFO:colcon.colcon_core.shell:Creating environment descriptor '/home/utilizador/charmie_ws/install/charmie_interfaces/share/charmie_interfaces/hook/ld_library_path_lib.dsv'
[3.303s] INFO:colcon.colcon_core.shell:Creating environment hook '/home/utilizador/charmie_ws/install/charmie_interfaces/share/charmie_interfaces/hook/ld_library_path_lib.sh'
[3.304s] Level 1:colcon.colcon_core.environment:checking '/home/utilizador/charmie_ws/install/charmie_interfaces/bin'
[3.304s] Level 1:colcon.colcon_core.environment:checking '/home/utilizador/charmie_ws/install/charmie_interfaces/lib/pkgconfig/charmie_interfaces.pc'
[3.304s] Level 1:colcon.colcon_core.environment:checking '/home/utilizador/charmie_ws/install/charmie_interfaces/lib/python3.8/site-packages'
[3.304s] Level 1:colcon.colcon_core.shell:create_environment_hook('charmie_interfaces', 'pythonpath')
[3.308s] INFO:colcon.colcon_core.shell:Creating environment hook '/home/utilizador/charmie_ws/install/charmie_interfaces/share/charmie_interfaces/hook/pythonpath.ps1'
[3.308s] INFO:colcon.colcon_core.shell:Creating environment descriptor '/home/utilizador/charmie_ws/install/charmie_interfaces/share/charmie_interfaces/hook/pythonpath.dsv'
[3.309s] INFO:colcon.colcon_core.shell:Creating environment hook '/home/utilizador/charmie_ws/install/charmie_interfaces/share/charmie_interfaces/hook/pythonpath.sh'
[3.310s] Level 1:colcon.colcon_core.environment:checking '/home/utilizador/charmie_ws/install/charmie_interfaces/bin'
[3.323s] INFO:colcon.colcon_core.shell:Creating package script '/home/utilizador/charmie_ws/install/charmie_interfaces/share/charmie_interfaces/package.ps1'
[3.324s] INFO:colcon.colcon_core.shell:Creating package descriptor '/home/utilizador/charmie_ws/install/charmie_interfaces/share/charmie_interfaces/package.dsv'
[3.325s] INFO:colcon.colcon_core.shell:Creating package script '/home/utilizador/charmie_ws/install/charmie_interfaces/share/charmie_interfaces/package.sh'
[3.326s] INFO:colcon.colcon_core.shell:Creating package script '/home/utilizador/charmie_ws/install/charmie_interfaces/share/charmie_interfaces/package.bash'
[3.326s] INFO:colcon.colcon_core.shell:Creating package script '/home/utilizador/charmie_ws/install/charmie_interfaces/share/charmie_interfaces/package.zsh'
[3.327s] Level 1:colcon.colcon_core.environment:create_file_with_runtime_dependencies(/home/utilizador/charmie_ws/install/charmie_interfaces/share/colcon-core/packages/charmie_interfaces)
[3.816s] Level 1:colcon.colcon_core.environment:create_environment_scripts_only(charmie_interfaces)
[3.821s] Level 1:colcon.colcon_core.environment:checking '/home/utilizador/charmie_ws/install/charmie_interfaces' for CMake module files
[3.822s] Level 1:colcon.colcon_core.environment:checking '/home/utilizador/charmie_ws/install/charmie_interfaces' for CMake config files
[3.823s] Level 1:colcon.colcon_core.shell:create_environment_hook('charmie_interfaces', 'cmake_prefix_path')
[3.826s] INFO:colcon.colcon_core.shell:Creating environment hook '/home/utilizador/charmie_ws/install/charmie_interfaces/share/charmie_interfaces/hook/cmake_prefix_path.ps1'
[3.827s] INFO:colcon.colcon_core.shell:Creating environment descriptor '/home/utilizador/charmie_ws/install/charmie_interfaces/share/charmie_interfaces/hook/cmake_prefix_path.dsv'
[3.828s] INFO:colcon.colcon_core.shell:Creating environment hook '/home/utilizador/charmie_ws/install/charmie_interfaces/share/charmie_interfaces/hook/cmake_prefix_path.sh'
[3.829s] Level 1:colcon.colcon_core.environment:checking '/home/utilizador/charmie_ws/install/charmie_interfaces/lib'
[3.829s] Level 1:colcon.colcon_core.shell:create_environment_hook('charmie_interfaces', 'ld_library_path_lib')
[3.832s] INFO:colcon.colcon_core.shell:Creating environment hook '/home/utilizador/charmie_ws/install/charmie_interfaces/share/charmie_interfaces/hook/ld_library_path_lib.ps1'
[3.834s] INFO:colcon.colcon_core.shell:Creating environment descriptor '/home/utilizador/charmie_ws/install/charmie_interfaces/share/charmie_interfaces/hook/ld_library_path_lib.dsv'
[3.835s] INFO:colcon.colcon_core.shell:Creating environment hook '/home/utilizador/charmie_ws/install/charmie_interfaces/share/charmie_interfaces/hook/ld_library_path_lib.sh'
[3.836s] Level 1:colcon.colcon_core.environment:checking '/home/utilizador/charmie_ws/install/charmie_interfaces/bin'
[3.836s] Level 1:colcon.colcon_core.environment:checking '/home/utilizador/charmie_ws/install/charmie_interfaces/lib/pkgconfig/charmie_interfaces.pc'
[3.837s] Level 1:colcon.colcon_core.environment:checking '/home/utilizador/charmie_ws/install/charmie_interfaces/lib/python3.8/site-packages'
[3.837s] Level 1:colcon.colcon_core.shell:create_environment_hook('charmie_interfaces', 'pythonpath')
[3.841s] INFO:colcon.colcon_core.shell:Creating environment hook '/home/utilizador/charmie_ws/install/charmie_interfaces/share/charmie_interfaces/hook/pythonpath.ps1'
[3.842s] INFO:colcon.colcon_core.shell:Creating environment descriptor '/home/utilizador/charmie_ws/install/charmie_interfaces/share/charmie_interfaces/hook/pythonpath.dsv'
[3.843s] INFO:colcon.colcon_core.shell:Creating environment hook '/home/utilizador/charmie_ws/install/charmie_interfaces/share/charmie_interfaces/hook/pythonpath.sh'
[3.844s] Level 1:colcon.colcon_core.environment:checking '/home/utilizador/charmie_ws/install/charmie_interfaces/bin'
[3.847s] INFO:colcon.colcon_core.shell:Creating package script '/home/utilizador/charmie_ws/install/charmie_interfaces/share/charmie_interfaces/package.ps1'
[3.848s] INFO:colcon.colcon_core.shell:Creating package descriptor '/home/utilizador/charmie_ws/install/charmie_interfaces/share/charmie_interfaces/package.dsv'
[3.850s] INFO:colcon.colcon_core.shell:Creating package script '/home/utilizador/charmie_ws/install/charmie_interfaces/share/charmie_interfaces/package.sh'
[3.851s] INFO:colcon.colcon_core.shell:Creating package script '/home/utilizador/charmie_ws/install/charmie_interfaces/share/charmie_interfaces/package.bash'
[3.852s] INFO:colcon.colcon_core.shell:Creating package script '/home/utilizador/charmie_ws/install/charmie_interfaces/share/charmie_interfaces/package.zsh'
[3.852s] Level 1:colcon.colcon_core.environment:create_file_with_runtime_dependencies(/home/utilizador/charmie_ws/install/charmie_interfaces/share/colcon-core/packages/charmie_interfaces)
[3.855s] INFO:colcon.colcon_ros.task.ament_python.build:Building ROS package in '/home/utilizador/charmie_ws/src/charmie_debug' with build type 'ament_python'
[3.855s] Level 1:colcon.colcon_core.shell:create_environment_hook('charmie_debug', 'ament_prefix_path')
[3.858s] INFO:colcon.colcon_core.shell:Creating environment hook '/home/utilizador/charmie_ws/install/charmie_debug/share/charmie_debug/hook/ament_prefix_path.ps1'
[3.859s] INFO:colcon.colcon_core.shell:Creating environment descriptor '/home/utilizador/charmie_ws/install/charmie_debug/share/charmie_debug/hook/ament_prefix_path.dsv'
[3.859s] INFO:colcon.colcon_core.shell:Creating environment hook '/home/utilizador/charmie_ws/install/charmie_debug/share/charmie_debug/hook/ament_prefix_path.sh'
[3.863s] INFO:colcon.colcon_core.shell:Skip shell extension 'powershell' for command environment: Not usable outside of PowerShell
[3.863s] DEBUG:colcon.colcon_core.shell:Skip shell extension 'dsv' for command environment
[3.875s] INFO:colcon.colcon_ros.task.ament_python.build:Building ROS package in '/home/utilizador/charmie_ws/src/charmie_low_level' with build type 'ament_python'
[3.876s] Level 1:colcon.colcon_core.shell:create_environment_hook('charmie_low_level', 'ament_prefix_path')
[3.881s] INFO:colcon.colcon_core.shell:Creating environment hook '/home/utilizador/charmie_ws/install/charmie_low_level/share/charmie_low_level/hook/ament_prefix_path.ps1'
[3.882s] INFO:colcon.colcon_core.shell:Creating environment descriptor '/home/utilizador/charmie_ws/install/charmie_low_level/share/charmie_low_level/hook/ament_prefix_path.dsv'
[3.884s] INFO:colcon.colcon_core.shell:Creating environment hook '/home/utilizador/charmie_ws/install/charmie_low_level/share/charmie_low_level/hook/ament_prefix_path.sh'
[3.888s] INFO:colcon.colcon_core.shell:Skip shell extension 'powershell' for command environment: Not usable outside of PowerShell
[3.888s] DEBUG:colcon.colcon_core.shell:Skip shell extension 'dsv' for command environment
[3.912s] INFO:colcon.colcon_ros.task.ament_python.build:Building ROS package in '/home/utilizador/charmie_ws/src/charmie_speakers' with build type 'ament_python'
[3.913s] Level 1:colcon.colcon_core.shell:create_environment_hook('charmie_speakers', 'ament_prefix_path')
[3.916s] INFO:colcon.colcon_core.shell:Creating environment hook '/home/utilizador/charmie_ws/install/charmie_speakers/share/charmie_speakers/hook/ament_prefix_path.ps1'
[3.917s] INFO:colcon.colcon_core.shell:Creating environment descriptor '/home/utilizador/charmie_ws/install/charmie_speakers/share/charmie_speakers/hook/ament_prefix_path.dsv'
[3.918s] INFO:colcon.colcon_core.shell:Creating environment hook '/home/utilizador/charmie_ws/install/charmie_speakers/share/charmie_speakers/hook/ament_prefix_path.sh'
[3.922s] INFO:colcon.colcon_core.shell:Skip shell extension 'powershell' for command environment: Not usable outside of PowerShell
[3.923s] DEBUG:colcon.colcon_core.shell:Skip shell extension 'dsv' for command environment
[3.946s] DEBUG:colcon.colcon_core.event_handler.log_command:Invoking command in '/home/utilizador/charmie_ws/src/charmie_ps4_controller': PYTHONPATH=/home/utilizador/charmie_ws/build/charmie_ps4_controller/prefix_override:/home/utilizador/charmie_ws/install/charmie_ps4_controller/lib/python3.8/site-packages:${PYTHONPATH} /usr/bin/python3 setup.py egg_info --egg-base ../../build/charmie_ps4_controller build --build-base /home/utilizador/charmie_ws/build/charmie_ps4_controller/build install --record /home/utilizador/charmie_ws/build/charmie_ps4_controller/install.log --install-scripts $base/lib/charmie_ps4_controller --single-version-externally-managed
[3.958s] DEBUG:colcon.colcon_core.event_handler.log_command:Invoking command in '/home/utilizador/charmie_ws/src/charmie_neck_dynamixel': PYTHONPATH=/home/utilizador/charmie_ws/build/charmie_neck_dynamixel/prefix_override:/home/utilizador/charmie_ws/install/charmie_neck_dynamixel/lib/python3.8/site-packages:${PYTHONPATH} /usr/bin/python3 setup.py egg_info --egg-base ../../build/charmie_neck_dynamixel build --build-base /home/utilizador/charmie_ws/build/charmie_neck_dynamixel/build install --record /home/utilizador/charmie_ws/build/charmie_neck_dynamixel/install.log --install-scripts $base/lib/charmie_neck_dynamixel --single-version-externally-managed
[3.979s] DEBUG:colcon.colcon_core.event_handler.log_command:Invoking command in '/home/utilizador/charmie_ws/src/charmie_audio': PYTHONPATH=/home/utilizador/charmie_ws/build/charmie_audio/prefix_override:/home/utilizador/charmie_ws/install/charmie_audio/lib/python3.8/site-packages:${PYTHONPATH} /usr/bin/python3 setup.py egg_info --egg-base ../../build/charmie_audio build --build-base /home/utilizador/charmie_ws/build/charmie_audio/build install --record /home/utilizador/charmie_ws/build/charmie_audio/install.log --install-scripts $base/lib/charmie_audio --single-version-externally-managed
[4.002s] DEBUG:colcon.colcon_core.event_handler.log_command:Invoking command in '/home/utilizador/charmie_ws/src/charmie_lidar_hokuyo': PYTHONPATH=/home/utilizador/charmie_ws/build/charmie_lidar_hokuyo/prefix_override:/home/utilizador/charmie_ws/install/charmie_lidar_hokuyo/lib/python3.8/site-packages:${PYTHONPATH} /usr/bin/python3 setup.py egg_info --egg-base ../../build/charmie_lidar_hokuyo build --build-base /home/utilizador/charmie_ws/build/charmie_lidar_hokuyo/build install --record /home/utilizador/charmie_ws/build/charmie_lidar_hokuyo/install.log --install-scripts $base/lib/charmie_lidar_hokuyo --single-version-externally-managed
[4.622s] INFO:colcon.colcon_core.task.python.build:Building Python package in '/home/utilizador/charmie_ws/src/charmie_debug'
[4.636s] INFO:colcon.colcon_core.shell:Skip shell extension 'powershell' for command environment: Not usable outside of PowerShell
[4.636s] DEBUG:colcon.colcon_core.shell:Skip shell extension 'dsv' for command environment
[5.057s] INFO:colcon.colcon_core.task.python.build:Building Python package in '/home/utilizador/charmie_ws/src/charmie_low_level'
[5.059s] INFO:colcon.colcon_core.shell:Skip shell extension 'powershell' for command environment: Not usable outside of PowerShell
[5.059s] DEBUG:colcon.colcon_core.shell:Skip shell extension 'dsv' for command environment
[5.354s] INFO:colcon.colcon_core.task.python.build:Building Python package in '/home/utilizador/charmie_ws/src/charmie_speakers'
[5.357s] INFO:colcon.colcon_core.shell:Skip shell extension 'powershell' for command environment: Not usable outside of PowerShell
[5.357s] DEBUG:colcon.colcon_core.shell:Skip shell extension 'dsv' for command environment
[5.375s] Level 1:colcon.colcon_core.environment:checking '/home/utilizador/charmie_ws/install/charmie_lidar_hokuyo' for CMake module files
[5.376s] DEBUG:colcon.colcon_core.event_handler.log_command:Invoked command in '/home/utilizador/charmie_ws/src/charmie_lidar_hokuyo' returned '0': PYTHONPATH=/home/utilizador/charmie_ws/build/charmie_lidar_hokuyo/prefix_override:/home/utilizador/charmie_ws/install/charmie_lidar_hokuyo/lib/python3.8/site-packages:${PYTHONPATH} /usr/bin/python3 setup.py egg_info --egg-base ../../build/charmie_lidar_hokuyo build --build-base /home/utilizador/charmie_ws/build/charmie_lidar_hokuyo/build install --record /home/utilizador/charmie_ws/build/charmie_lidar_hokuyo/install.log --install-scripts $base/lib/charmie_lidar_hokuyo --single-version-externally-managed
[5.377s] Level 1:colcon.colcon_core.environment:checking '/home/utilizador/charmie_ws/install/charmie_lidar_hokuyo' for CMake config files
[5.378s] Level 1:colcon.colcon_core.environment:checking '/home/utilizador/charmie_ws/install/charmie_lidar_hokuyo/lib'
[5.378s] Level 1:colcon.colcon_core.environment:checking '/home/utilizador/charmie_ws/install/charmie_lidar_hokuyo/bin'
[5.378s] Level 1:colcon.colcon_core.environment:checking '/home/utilizador/charmie_ws/install/charmie_lidar_hokuyo/lib/pkgconfig/charmie_lidar_hokuyo.pc'
[5.378s] Level 1:colcon.colcon_core.environment:checking '/home/utilizador/charmie_ws/install/charmie_lidar_hokuyo/lib/python3.8/site-packages'
[5.379s] Level 1:colcon.colcon_core.shell:create_environment_hook('charmie_lidar_hokuyo', 'pythonpath')
[5.382s] INFO:colcon.colcon_core.shell:Creating environment hook '/home/utilizador/charmie_ws/install/charmie_lidar_hokuyo/share/charmie_lidar_hokuyo/hook/pythonpath.ps1'
[5.383s] INFO:colcon.colcon_core.shell:Creating environment descriptor '/home/utilizador/charmie_ws/install/charmie_lidar_hokuyo/share/charmie_lidar_hokuyo/hook/pythonpath.dsv'
[5.383s] INFO:colcon.colcon_core.shell:Creating environment hook '/home/utilizador/charmie_ws/install/charmie_lidar_hokuyo/share/charmie_lidar_hokuyo/hook/pythonpath.sh'
[5.384s] Level 1:colcon.colcon_core.environment:checking '/home/utilizador/charmie_ws/install/charmie_lidar_hokuyo/bin'
[5.384s] Level 1:colcon.colcon_core.environment:create_environment_scripts_only(charmie_lidar_hokuyo)
[5.387s] INFO:colcon.colcon_core.shell:Creating package script '/home/utilizador/charmie_ws/install/charmie_lidar_hokuyo/share/charmie_lidar_hokuyo/package.ps1'
[5.389s] INFO:colcon.colcon_core.shell:Creating package descriptor '/home/utilizador/charmie_ws/install/charmie_lidar_hokuyo/share/charmie_lidar_hokuyo/package.dsv'
[5.389s] INFO:colcon.colcon_core.shell:Creating package script '/home/utilizador/charmie_ws/install/charmie_lidar_hokuyo/share/charmie_lidar_hokuyo/package.sh'
[5.390s] INFO:colcon.colcon_core.shell:Creating package script '/home/utilizador/charmie_ws/install/charmie_lidar_hokuyo/share/charmie_lidar_hokuyo/package.bash'
[5.391s] INFO:colcon.colcon_core.shell:Creating package script '/home/utilizador/charmie_ws/install/charmie_lidar_hokuyo/share/charmie_lidar_hokuyo/package.zsh'
[5.391s] Level 1:colcon.colcon_core.environment:create_file_with_runtime_dependencies(/home/utilizador/charmie_ws/install/charmie_lidar_hokuyo/share/colcon-core/packages/charmie_lidar_hokuyo)
[5.396s] Level 1:colcon.colcon_core.environment:checking '/home/utilizador/charmie_ws/install/charmie_neck_dynamixel' for CMake module files
[5.397s] DEBUG:colcon.colcon_core.event_handler.log_command:Invoked command in '/home/utilizador/charmie_ws/src/charmie_neck_dynamixel' returned '0': PYTHONPATH=/home/utilizador/charmie_ws/build/charmie_neck_dynamixel/prefix_override:/home/utilizador/charmie_ws/install/charmie_neck_dynamixel/lib/python3.8/site-packages:${PYTHONPATH} /usr/bin/python3 setup.py egg_info --egg-base ../../build/charmie_neck_dynamixel build --build-base /home/utilizador/charmie_ws/build/charmie_neck_dynamixel/build install --record /home/utilizador/charmie_ws/build/charmie_neck_dynamixel/install.log --install-scripts $base/lib/charmie_neck_dynamixel --single-version-externally-managed
[5.398s] Level 1:colcon.colcon_core.environment:checking '/home/utilizador/charmie_ws/install/charmie_neck_dynamixel' for CMake config files
[5.399s] Level 1:colcon.colcon_core.environment:checking '/home/utilizador/charmie_ws/install/charmie_neck_dynamixel/lib'
[5.399s] Level 1:colcon.colcon_core.environment:checking '/home/utilizador/charmie_ws/install/charmie_neck_dynamixel/bin'
[5.399s] Level 1:colcon.colcon_core.environment:checking '/home/utilizador/charmie_ws/install/charmie_neck_dynamixel/lib/pkgconfig/charmie_neck_dynamixel.pc'
[5.399s] Level 1:colcon.colcon_core.environment:checking '/home/utilizador/charmie_ws/install/charmie_neck_dynamixel/lib/python3.8/site-packages'
[5.399s] Level 1:colcon.colcon_core.shell:create_environment_hook('charmie_neck_dynamixel', 'pythonpath')
[5.402s] INFO:colcon.colcon_core.shell:Creating environment hook '/home/utilizador/charmie_ws/install/charmie_neck_dynamixel/share/charmie_neck_dynamixel/hook/pythonpath.ps1'
[5.403s] INFO:colcon.colcon_core.shell:Creating environment descriptor '/home/utilizador/charmie_ws/install/charmie_neck_dynamixel/share/charmie_neck_dynamixel/hook/pythonpath.dsv'
[5.403s] INFO:colcon.colcon_core.shell:Creating environment hook '/home/utilizador/charmie_ws/install/charmie_neck_dynamixel/share/charmie_neck_dynamixel/hook/pythonpath.sh'
[5.404s] Level 1:colcon.colcon_core.environment:checking '/home/utilizador/charmie_ws/install/charmie_neck_dynamixel/bin'
[5.404s] Level 1:colcon.colcon_core.environment:create_environment_scripts_only(charmie_neck_dynamixel)
[5.408s] INFO:colcon.colcon_core.shell:Creating package script '/home/utilizador/charmie_ws/install/charmie_neck_dynamixel/share/charmie_neck_dynamixel/package.ps1'
[5.409s] INFO:colcon.colcon_core.shell:Creating package descriptor '/home/utilizador/charmie_ws/install/charmie_neck_dynamixel/share/charmie_neck_dynamixel/package.dsv'
[5.409s] INFO:colcon.colcon_core.shell:Creating package script '/home/utilizador/charmie_ws/install/charmie_neck_dynamixel/share/charmie_neck_dynamixel/package.sh'
[5.410s] INFO:colcon.colcon_core.shell:Creating package script '/home/utilizador/charmie_ws/install/charmie_neck_dynamixel/share/charmie_neck_dynamixel/package.bash'
[5.411s] INFO:colcon.colcon_core.shell:Creating package script '/home/utilizador/charmie_ws/install/charmie_neck_dynamixel/share/charmie_neck_dynamixel/package.zsh'
[5.411s] Level 1:colcon.colcon_core.environment:create_file_with_runtime_dependencies(/home/utilizador/charmie_ws/install/charmie_neck_dynamixel/share/colcon-core/packages/charmie_neck_dynamixel)
[5.416s] Level 1:colcon.colcon_core.environment:checking '/home/utilizador/charmie_ws/install/charmie_audio' for CMake module files
[5.418s] DEBUG:colcon.colcon_core.event_handler.log_command:Invoked command in '/home/utilizador/charmie_ws/src/charmie_audio' returned '0': PYTHONPATH=/home/utilizador/charmie_ws/build/charmie_audio/prefix_override:/home/utilizador/charmie_ws/install/charmie_audio/lib/python3.8/site-packages:${PYTHONPATH} /usr/bin/python3 setup.py egg_info --egg-base ../../build/charmie_audio build --build-base /home/utilizador/charmie_ws/build/charmie_audio/build install --record /home/utilizador/charmie_ws/build/charmie_audio/install.log --install-scripts $base/lib/charmie_audio --single-version-externally-managed
[5.418s] Level 1:colcon.colcon_core.environment:checking '/home/utilizador/charmie_ws/install/charmie_audio' for CMake config files
[5.419s] Level 1:colcon.colcon_core.environment:checking '/home/utilizador/charmie_ws/install/charmie_audio/lib'
[5.419s] Level 1:colcon.colcon_core.environment:checking '/home/utilizador/charmie_ws/install/charmie_audio/bin'
[5.419s] Level 1:colcon.colcon_core.environment:checking '/home/utilizador/charmie_ws/install/charmie_audio/lib/pkgconfig/charmie_audio.pc'
[5.420s] Level 1:colcon.colcon_core.environment:checking '/home/utilizador/charmie_ws/install/charmie_audio/lib/python3.8/site-packages'
[5.420s] Level 1:colcon.colcon_core.shell:create_environment_hook('charmie_audio', 'pythonpath')
[5.423s] INFO:colcon.colcon_core.shell:Creating environment hook '/home/utilizador/charmie_ws/install/charmie_audio/share/charmie_audio/hook/pythonpath.ps1'
[5.424s] INFO:colcon.colcon_core.shell:Creating environment descriptor '/home/utilizador/charmie_ws/install/charmie_audio/share/charmie_audio/hook/pythonpath.dsv'
[5.424s] INFO:colcon.colcon_core.shell:Creating environment hook '/home/utilizador/charmie_ws/install/charmie_audio/share/charmie_audio/hook/pythonpath.sh'
[5.425s] Level 1:colcon.colcon_core.environment:checking '/home/utilizador/charmie_ws/install/charmie_audio/bin'
[5.425s] Level 1:colcon.colcon_core.environment:create_environment_scripts_only(charmie_audio)
[5.427s] INFO:colcon.colcon_core.shell:Creating package script '/home/utilizador/charmie_ws/install/charmie_audio/share/charmie_audio/package.ps1'
[5.427s] INFO:colcon.colcon_core.shell:Creating package descriptor '/home/utilizador/charmie_ws/install/charmie_audio/share/charmie_audio/package.dsv'
[5.428s] INFO:colcon.colcon_core.shell:Creating package script '/home/utilizador/charmie_ws/install/charmie_audio/share/charmie_audio/package.sh'
[5.428s] INFO:colcon.colcon_core.shell:Creating package script '/home/utilizador/charmie_ws/install/charmie_audio/share/charmie_audio/package.bash'
[5.428s] INFO:colcon.colcon_core.shell:Creating package script '/home/utilizador/charmie_ws/install/charmie_audio/share/charmie_audio/package.zsh'
[5.429s] Level 1:colcon.colcon_core.environment:create_file_with_runtime_dependencies(/home/utilizador/charmie_ws/install/charmie_audio/share/colcon-core/packages/charmie_audio)
[5.432s] Level 1:colcon.colcon_core.environment:checking '/home/utilizador/charmie_ws/install/charmie_ps4_controller' for CMake module files
[5.433s] Level 1:colcon.colcon_core.environment:checking '/home/utilizador/charmie_ws/install/charmie_ps4_controller' for CMake config files
[5.433s] DEBUG:colcon.colcon_core.event_handler.log_command:Invoked command in '/home/utilizador/charmie_ws/src/charmie_ps4_controller' returned '0': PYTHONPATH=/home/utilizador/charmie_ws/build/charmie_ps4_controller/prefix_override:/home/utilizador/charmie_ws/install/charmie_ps4_controller/lib/python3.8/site-packages:${PYTHONPATH} /usr/bin/python3 setup.py egg_info --egg-base ../../build/charmie_ps4_controller build --build-base /home/utilizador/charmie_ws/build/charmie_ps4_controller/build install --record /home/utilizador/charmie_ws/build/charmie_ps4_controller/install.log --install-scripts $base/lib/charmie_ps4_controller --single-version-externally-managed
[5.434s] Level 1:colcon.colcon_core.environment:checking '/home/utilizador/charmie_ws/install/charmie_ps4_controller/lib'
[5.434s] Level 1:colcon.colcon_core.environment:checking '/home/utilizador/charmie_ws/install/charmie_ps4_controller/bin'
[5.434s] Level 1:colcon.colcon_core.environment:checking '/home/utilizador/charmie_ws/install/charmie_ps4_controller/lib/pkgconfig/charmie_ps4_controller.pc'
[5.434s] Level 1:colcon.colcon_core.environment:checking '/home/utilizador/charmie_ws/install/charmie_ps4_controller/lib/python3.8/site-packages'
[5.434s] Level 1:colcon.colcon_core.shell:create_environment_hook('charmie_ps4_controller', 'pythonpath')
[5.436s] INFO:colcon.colcon_core.shell:Creating environment hook '/home/utilizador/charmie_ws/install/charmie_ps4_controller/share/charmie_ps4_controller/hook/pythonpath.ps1'
[5.436s] INFO:colcon.colcon_core.shell:Creating environment descriptor '/home/utilizador/charmie_ws/install/charmie_ps4_controller/share/charmie_ps4_controller/hook/pythonpath.dsv'
[5.436s] INFO:colcon.colcon_core.shell:Creating environment hook '/home/utilizador/charmie_ws/install/charmie_ps4_controller/share/charmie_ps4_controller/hook/pythonpath.sh'
[5.437s] Level 1:colcon.colcon_core.environment:checking '/home/utilizador/charmie_ws/install/charmie_ps4_controller/bin'
[5.437s] Level 1:colcon.colcon_core.environment:create_environment_scripts_only(charmie_ps4_controller)
[5.439s] INFO:colcon.colcon_core.shell:Creating package script '/home/utilizador/charmie_ws/install/charmie_ps4_controller/share/charmie_ps4_controller/package.ps1'
[5.439s] INFO:colcon.colcon_core.shell:Creating package descriptor '/home/utilizador/charmie_ws/install/charmie_ps4_controller/share/charmie_ps4_controller/package.dsv'
[5.440s] INFO:colcon.colcon_core.shell:Creating package script '/home/utilizador/charmie_ws/install/charmie_ps4_controller/share/charmie_ps4_controller/package.sh'
[5.440s] INFO:colcon.colcon_core.shell:Creating package script '/home/utilizador/charmie_ws/install/charmie_ps4_controller/share/charmie_ps4_controller/package.bash'
[5.440s] INFO:colcon.colcon_core.shell:Creating package script '/home/utilizador/charmie_ws/install/charmie_ps4_controller/share/charmie_ps4_controller/package.zsh'
[5.441s] Level 1:colcon.colcon_core.environment:create_file_with_runtime_dependencies(/home/utilizador/charmie_ws/install/charmie_ps4_controller/share/colcon-core/packages/charmie_ps4_controller)
[6.023s] DEBUG:colcon.colcon_core.event_handler.log_command:Invoking command in '/home/utilizador/charmie_ws/src/charmie_debug': PYTHONPATH=/home/utilizador/charmie_ws/build/charmie_debug/prefix_override:/home/utilizador/charmie_ws/install/charmie_debug/lib/python3.8/site-packages:/home/utilizador/charmie_ws/install/charmie_interfaces/lib/python3.8/site-packages:/home/utilizador/charmie_ws/install/charmie_speakers/lib/python3.8/site-packages:/home/utilizador/charmie_ws/install/charmie_ps4_controller/lib/python3.8/site-packages:/home/utilizador/charmie_ws/install/charmie_neck_dynamixel/lib/python3.8/site-packages:/home/utilizador/charmie_ws/install/charmie_low_level/lib/python3.8/site-packages:/home/utilizador/charmie_ws/install/charmie_lidar_hokuyo/lib/python3.8/site-packages:/home/utilizador/charmie_ws/install/charmie_debug/lib/python3.8/site-packages:/home/utilizador/charmie_ws/install/charmie_audio/lib/python3.8/site-packages:/opt/ros/foxy/lib/python3.8/site-packages /usr/bin/python3 setup.py egg_info --egg-base ../../build/charmie_debug build --build-base /home/utilizador/charmie_ws/build/charmie_debug/build install --record /home/utilizador/charmie_ws/build/charmie_debug/install.log --install-scripts $base/lib/charmie_debug --single-version-externally-managed
[6.118s] DEBUG:colcon.colcon_core.event_handler.log_command:Invoking command in '/home/utilizador/charmie_ws/src/charmie_speakers': PYTHONPATH=/home/utilizador/charmie_ws/build/charmie_speakers/prefix_override:/home/utilizador/charmie_ws/install/charmie_speakers/lib/python3.8/site-packages:/home/utilizador/charmie_ws/install/charmie_interfaces/lib/python3.8/site-packages:/home/utilizador/charmie_ws/install/charmie_speakers/lib/python3.8/site-packages:/home/utilizador/charmie_ws/install/charmie_ps4_controller/lib/python3.8/site-packages:/home/utilizador/charmie_ws/install/charmie_neck_dynamixel/lib/python3.8/site-packages:/home/utilizador/charmie_ws/install/charmie_low_level/lib/python3.8/site-packages:/home/utilizador/charmie_ws/install/charmie_lidar_hokuyo/lib/python3.8/site-packages:/home/utilizador/charmie_ws/install/charmie_debug/lib/python3.8/site-packages:/home/utilizador/charmie_ws/install/charmie_audio/lib/python3.8/site-packages:/opt/ros/foxy/lib/python3.8/site-packages /usr/bin/python3 setup.py egg_info --egg-base ../../build/charmie_speakers build --build-base /home/utilizador/charmie_ws/build/charmie_speakers/build install --record /home/utilizador/charmie_ws/build/charmie_speakers/install.log --install-scripts $base/lib/charmie_speakers --single-version-externally-managed
[6.123s] DEBUG:colcon.colcon_core.event_handler.log_command:Invoking command in '/home/utilizador/charmie_ws/src/charmie_low_level': PYTHONPATH=/home/utilizador/charmie_ws/build/charmie_low_level/prefix_override:/home/utilizador/charmie_ws/install/charmie_low_level/lib/python3.8/site-packages:/home/utilizador/charmie_ws/install/charmie_interfaces/lib/python3.8/site-packages:/home/utilizador/charmie_ws/install/charmie_speakers/lib/python3.8/site-packages:/home/utilizador/charmie_ws/install/charmie_ps4_controller/lib/python3.8/site-packages:/home/utilizador/charmie_ws/install/charmie_neck_dynamixel/lib/python3.8/site-packages:/home/utilizador/charmie_ws/install/charmie_low_level/lib/python3.8/site-packages:/home/utilizador/charmie_ws/install/charmie_lidar_hokuyo/lib/python3.8/site-packages:/home/utilizador/charmie_ws/install/charmie_debug/lib/python3.8/site-packages:/home/utilizador/charmie_ws/install/charmie_audio/lib/python3.8/site-packages:/opt/ros/foxy/lib/python3.8/site-packages /usr/bin/python3 setup.py egg_info --egg-base ../../build/charmie_low_level build --build-base /home/utilizador/charmie_ws/build/charmie_low_level/build install --record /home/utilizador/charmie_ws/build/charmie_low_level/install.log --install-scripts $base/lib/charmie_low_level --single-version-externally-managed
[6.522s] Level 1:colcon.colcon_core.environment:checking '/home/utilizador/charmie_ws/install/charmie_debug' for CMake module files
[6.523s] DEBUG:colcon.colcon_core.event_handler.log_command:Invoked command in '/home/utilizador/charmie_ws/src/charmie_debug' returned '0': PYTHONPATH=/home/utilizador/charmie_ws/build/charmie_debug/prefix_override:/home/utilizador/charmie_ws/install/charmie_debug/lib/python3.8/site-packages:/home/utilizador/charmie_ws/install/charmie_interfaces/lib/python3.8/site-packages:/home/utilizador/charmie_ws/install/charmie_speakers/lib/python3.8/site-packages:/home/utilizador/charmie_ws/install/charmie_ps4_controller/lib/python3.8/site-packages:/home/utilizador/charmie_ws/install/charmie_neck_dynamixel/lib/python3.8/site-packages:/home/utilizador/charmie_ws/install/charmie_low_level/lib/python3.8/site-packages:/home/utilizador/charmie_ws/install/charmie_lidar_hokuyo/lib/python3.8/site-packages:/home/utilizador/charmie_ws/install/charmie_debug/lib/python3.8/site-packages:/home/utilizador/charmie_ws/install/charmie_audio/lib/python3.8/site-packages:/opt/ros/foxy/lib/python3.8/site-packages /usr/bin/python3 setup.py egg_info --egg-base ../../build/charmie_debug build --build-base /home/utilizador/charmie_ws/build/charmie_debug/build install --record /home/utilizador/charmie_ws/build/charmie_debug/install.log --install-scripts $base/lib/charmie_debug --single-version-externally-managed
[6.524s] Level 1:colcon.colcon_core.environment:checking '/home/utilizador/charmie_ws/install/charmie_debug' for CMake config files
[6.525s] Level 1:colcon.colcon_core.environment:checking '/home/utilizador/charmie_ws/install/charmie_debug/lib'
[6.525s] Level 1:colcon.colcon_core.environment:checking '/home/utilizador/charmie_ws/install/charmie_debug/bin'
[6.525s] Level 1:colcon.colcon_core.environment:checking '/home/utilizador/charmie_ws/install/charmie_debug/lib/pkgconfig/charmie_debug.pc'
[6.525s] Level 1:colcon.colcon_core.environment:checking '/home/utilizador/charmie_ws/install/charmie_debug/lib/python3.8/site-packages'
[6.525s] Level 1:colcon.colcon_core.shell:create_environment_hook('charmie_debug', 'pythonpath')
[6.527s] INFO:colcon.colcon_core.shell:Creating environment hook '/home/utilizador/charmie_ws/install/charmie_debug/share/charmie_debug/hook/pythonpath.ps1'
[6.528s] INFO:colcon.colcon_core.shell:Creating environment descriptor '/home/utilizador/charmie_ws/install/charmie_debug/share/charmie_debug/hook/pythonpath.dsv'
[6.529s] INFO:colcon.colcon_core.shell:Creating environment hook '/home/utilizador/charmie_ws/install/charmie_debug/share/charmie_debug/hook/pythonpath.sh'
[6.529s] Level 1:colcon.colcon_core.environment:checking '/home/utilizador/charmie_ws/install/charmie_debug/bin'
[6.529s] Level 1:colcon.colcon_core.environment:create_environment_scripts_only(charmie_debug)
[6.532s] INFO:colcon.colcon_core.shell:Creating package script '/home/utilizador/charmie_ws/install/charmie_debug/share/charmie_debug/package.ps1'
[6.532s] INFO:colcon.colcon_core.shell:Creating package descriptor '/home/utilizador/charmie_ws/install/charmie_debug/share/charmie_debug/package.dsv'
[6.533s] INFO:colcon.colcon_core.shell:Creating package script '/home/utilizador/charmie_ws/install/charmie_debug/share/charmie_debug/package.sh'
[6.534s] INFO:colcon.colcon_core.shell:Creating package script '/home/utilizador/charmie_ws/install/charmie_debug/share/charmie_debug/package.bash'
[6.534s] INFO:colcon.colcon_core.shell:Creating package script '/home/utilizador/charmie_ws/install/charmie_debug/share/charmie_debug/package.zsh'
[6.535s] Level 1:colcon.colcon_core.environment:create_file_with_runtime_dependencies(/home/utilizador/charmie_ws/install/charmie_debug/share/colcon-core/packages/charmie_debug)
[6.582s] Level 1:colcon.colcon_core.environment:checking '/home/utilizador/charmie_ws/install/charmie_low_level' for CMake module files
[6.583s] DEBUG:colcon.colcon_core.event_handler.log_command:Invoked command in '/home/utilizador/charmie_ws/src/charmie_low_level' returned '0': PYTHONPATH=/home/utilizador/charmie_ws/build/charmie_low_level/prefix_override:/home/utilizador/charmie_ws/install/charmie_low_level/lib/python3.8/site-packages:/home/utilizador/charmie_ws/install/charmie_interfaces/lib/python3.8/site-packages:/home/utilizador/charmie_ws/install/charmie_speakers/lib/python3.8/site-packages:/home/utilizador/charmie_ws/install/charmie_ps4_controller/lib/python3.8/site-packages:/home/utilizador/charmie_ws/install/charmie_neck_dynamixel/lib/python3.8/site-packages:/home/utilizador/charmie_ws/install/charmie_low_level/lib/python3.8/site-packages:/home/utilizador/charmie_ws/install/charmie_lidar_hokuyo/lib/python3.8/site-packages:/home/utilizador/charmie_ws/install/charmie_debug/lib/python3.8/site-packages:/home/utilizador/charmie_ws/install/charmie_audio/lib/python3.8/site-packages:/opt/ros/foxy/lib/python3.8/site-packages /usr/bin/python3 setup.py egg_info --egg-base ../../build/charmie_low_level build --build-base /home/utilizador/charmie_ws/build/charmie_low_level/build install --record /home/utilizador/charmie_ws/build/charmie_low_level/install.log --install-scripts $base/lib/charmie_low_level --single-version-externally-managed
[6.583s] Level 1:colcon.colcon_core.environment:checking '/home/utilizador/charmie_ws/install/charmie_low_level' for CMake config files
[6.584s] Level 1:colcon.colcon_core.environment:checking '/home/utilizador/charmie_ws/install/charmie_low_level/lib'
[6.584s] Level 1:colcon.colcon_core.environment:checking '/home/utilizador/charmie_ws/install/charmie_low_level/bin'
[6.584s] Level 1:colcon.colcon_core.environment:checking '/home/utilizador/charmie_ws/install/charmie_low_level/lib/pkgconfig/charmie_low_level.pc'
[6.584s] Level 1:colcon.colcon_core.environment:checking '/home/utilizador/charmie_ws/install/charmie_low_level/lib/python3.8/site-packages'
[6.585s] Level 1:colcon.colcon_core.shell:create_environment_hook('charmie_low_level', 'pythonpath')
[6.587s] INFO:colcon.colcon_core.shell:Creating environment hook '/home/utilizador/charmie_ws/install/charmie_low_level/share/charmie_low_level/hook/pythonpath.ps1'
[6.587s] INFO:colcon.colcon_core.shell:Creating environment descriptor '/home/utilizador/charmie_ws/install/charmie_low_level/share/charmie_low_level/hook/pythonpath.dsv'
[6.588s] INFO:colcon.colcon_core.shell:Creating environment hook '/home/utilizador/charmie_ws/install/charmie_low_level/share/charmie_low_level/hook/pythonpath.sh'
[6.588s] Level 1:colcon.colcon_core.environment:checking '/home/utilizador/charmie_ws/install/charmie_low_level/bin'
[6.589s] Level 1:colcon.colcon_core.environment:create_environment_scripts_only(charmie_low_level)
[6.591s] INFO:colcon.colcon_core.shell:Creating package script '/home/utilizador/charmie_ws/install/charmie_low_level/share/charmie_low_level/package.ps1'
[6.592s] INFO:colcon.colcon_core.shell:Creating package descriptor '/home/utilizador/charmie_ws/install/charmie_low_level/share/charmie_low_level/package.dsv'
[6.592s] INFO:colcon.colcon_core.shell:Creating package script '/home/utilizador/charmie_ws/install/charmie_low_level/share/charmie_low_level/package.sh'
[6.593s] INFO:colcon.colcon_core.shell:Creating package script '/home/utilizador/charmie_ws/install/charmie_low_level/share/charmie_low_level/package.bash'
[6.594s] INFO:colcon.colcon_core.shell:Creating package script '/home/utilizador/charmie_ws/install/charmie_low_level/share/charmie_low_level/package.zsh'
[6.594s] Level 1:colcon.colcon_core.environment:create_file_with_runtime_dependencies(/home/utilizador/charmie_ws/install/charmie_low_level/share/colcon-core/packages/charmie_low_level)
[6.610s] Level 1:colcon.colcon_core.environment:checking '/home/utilizador/charmie_ws/install/charmie_speakers' for CMake module files
[6.611s] DEBUG:colcon.colcon_core.event_handler.log_command:Invoked command in '/home/utilizador/charmie_ws/src/charmie_speakers' returned '0': PYTHONPATH=/home/utilizador/charmie_ws/build/charmie_speakers/prefix_override:/home/utilizador/charmie_ws/install/charmie_speakers/lib/python3.8/site-packages:/home/utilizador/charmie_ws/install/charmie_interfaces/lib/python3.8/site-packages:/home/utilizador/charmie_ws/install/charmie_speakers/lib/python3.8/site-packages:/home/utilizador/charmie_ws/install/charmie_ps4_controller/lib/python3.8/site-packages:/home/utilizador/charmie_ws/install/charmie_neck_dynamixel/lib/python3.8/site-packages:/home/utilizador/charmie_ws/install/charmie_low_level/lib/python3.8/site-packages:/home/utilizador/charmie_ws/install/charmie_lidar_hokuyo/lib/python3.8/site-packages:/home/utilizador/charmie_ws/install/charmie_debug/lib/python3.8/site-packages:/home/utilizador/charmie_ws/install/charmie_audio/lib/python3.8/site-packages:/opt/ros/foxy/lib/python3.8/site-packages /usr/bin/python3 setup.py egg_info --egg-base ../../build/charmie_speakers build --build-base /home/utilizador/charmie_ws/build/charmie_speakers/build install --record /home/utilizador/charmie_ws/build/charmie_speakers/install.log --install-scripts $base/lib/charmie_speakers --single-version-externally-managed
[6.612s] Level 1:colcon.colcon_core.environment:checking '/home/utilizador/charmie_ws/install/charmie_speakers' for CMake config files
[6.613s] Level 1:colcon.colcon_core.environment:checking '/home/utilizador/charmie_ws/install/charmie_speakers/lib'
[6.613s] Level 1:colcon.colcon_core.environment:checking '/home/utilizador/charmie_ws/install/charmie_speakers/bin'
[6.613s] Level 1:colcon.colcon_core.environment:checking '/home/utilizador/charmie_ws/install/charmie_speakers/lib/pkgconfig/charmie_speakers.pc'
[6.613s] Level 1:colcon.colcon_core.environment:checking '/home/utilizador/charmie_ws/install/charmie_speakers/lib/python3.8/site-packages'
[6.613s] Level 1:colcon.colcon_core.shell:create_environment_hook('charmie_speakers', 'pythonpath')
[6.616s] INFO:colcon.colcon_core.shell:Creating environment hook '/home/utilizador/charmie_ws/install/charmie_speakers/share/charmie_speakers/hook/pythonpath.ps1'
[6.616s] INFO:colcon.colcon_core.shell:Creating environment descriptor '/home/utilizador/charmie_ws/install/charmie_speakers/share/charmie_speakers/hook/pythonpath.dsv'
[6.617s] INFO:colcon.colcon_core.shell:Creating environment hook '/home/utilizador/charmie_ws/install/charmie_speakers/share/charmie_speakers/hook/pythonpath.sh'
[6.618s] Level 1:colcon.colcon_core.environment:checking '/home/utilizador/charmie_ws/install/charmie_speakers/bin'
[6.618s] Level 1:colcon.colcon_core.environment:create_environment_scripts_only(charmie_speakers)
[6.620s] INFO:colcon.colcon_core.shell:Creating package script '/home/utilizador/charmie_ws/install/charmie_speakers/share/charmie_speakers/package.ps1'
[6.621s] INFO:colcon.colcon_core.shell:Creating package descriptor '/home/utilizador/charmie_ws/install/charmie_speakers/share/charmie_speakers/package.dsv'
[6.622s] INFO:colcon.colcon_core.shell:Creating package script '/home/utilizador/charmie_ws/install/charmie_speakers/share/charmie_speakers/package.sh'
[6.623s] INFO:colcon.colcon_core.shell:Creating package script '/home/utilizador/charmie_ws/install/charmie_speakers/share/charmie_speakers/package.bash'
[6.624s] INFO:colcon.colcon_core.shell:Creating package script '/home/utilizador/charmie_ws/install/charmie_speakers/share/charmie_speakers/package.zsh'
[6.624s] Level 1:colcon.colcon_core.environment:create_file_with_runtime_dependencies(/home/utilizador/charmie_ws/install/charmie_speakers/share/colcon-core/packages/charmie_speakers)
[6.625s] DEBUG:colcon.colcon_parallel_executor.executor.parallel:closing loop
[6.625s] DEBUG:colcon.colcon_parallel_executor.executor.parallel:loop closed
[6.625s] DEBUG:colcon.colcon_parallel_executor.executor.parallel:run_until_complete finished with '0'
[6.626s] DEBUG:colcon.colcon_core.event_reactor:joining thread
[6.635s] INFO:colcon.colcon_core.plugin_system:Skipping extension 'colcon_notification.desktop_notification.terminal_notifier': Not used on non-Darwin systems
[6.635s] INFO:colcon.colcon_core.plugin_system:Skipping extension 'colcon_notification.desktop_notification.win32': Not used on non-Windows systems
[6.635s] INFO:colcon.colcon_notification.desktop_notification:Sending desktop notification using 'notify2'
[6.651s] DEBUG:colcon.colcon_core.event_reactor:joined thread
[6.655s] INFO:colcon.colcon_core.shell:Creating prefix script '/home/utilizador/charmie_ws/install/local_setup.ps1'
[6.656s] INFO:colcon.colcon_core.shell:Creating prefix util module '/home/utilizador/charmie_ws/install/_local_setup_util_ps1.py'
[6.660s] INFO:colcon.colcon_core.shell:Creating prefix chain script '/home/utilizador/charmie_ws/install/setup.ps1'
[6.662s] INFO:colcon.colcon_core.shell:Creating prefix script '/home/utilizador/charmie_ws/install/local_setup.sh'
[6.663s] INFO:colcon.colcon_core.shell:Creating prefix util module '/home/utilizador/charmie_ws/install/_local_setup_util_sh.py'
[6.663s] INFO:colcon.colcon_core.shell:Creating prefix chain script '/home/utilizador/charmie_ws/install/setup.sh'
[6.666s] INFO:colcon.colcon_core.shell:Creating prefix script '/home/utilizador/charmie_ws/install/local_setup.bash'
[6.666s] INFO:colcon.colcon_core.shell:Creating prefix chain script '/home/utilizador/charmie_ws/install/setup.bash'
[6.669s] INFO:colcon.colcon_core.shell:Creating prefix script '/home/utilizador/charmie_ws/install/local_setup.zsh'
[6.669s] INFO:colcon.colcon_core.shell:Creating prefix chain script '/home/utilizador/charmie_ws/install/setup.zsh'
