running egg_info
creating ../../build/charmie_person_recognition/charmie_person_recognition.egg-info
writing ../../build/charmie_person_recognition/charmie_person_recognition.egg-info/PKG-INFO
writing dependency_links to ../../build/charmie_person_recognition/charmie_person_recognition.egg-info/dependency_links.txt
writing entry points to ../../build/charmie_person_recognition/charmie_person_recognition.egg-info/entry_points.txt
writing requirements to ../../build/charmie_person_recognition/charmie_person_recognition.egg-info/requires.txt
writing top-level names to ../../build/charmie_person_recognition/charmie_person_recognition.egg-info/top_level.txt
writing manifest file '../../build/charmie_person_recognition/charmie_person_recognition.egg-info/SOURCES.txt'
reading manifest file '../../build/charmie_person_recognition/charmie_person_recognition.egg-info/SOURCES.txt'
writing manifest file '../../build/charmie_person_recognition/charmie_person_recognition.egg-info/SOURCES.txt'
running build
running build_py
creating /home/utilizador/charmie_ws/build/charmie_person_recognition/build
creating /home/utilizador/charmie_ws/build/charmie_person_recognition/build/lib
creating /home/utilizador/charmie_ws/build/charmie_person_recognition/build/lib/charmie_person_recognition
copying charmie_person_recognition/__init__.py -> /home/utilizador/charmie_ws/build/charmie_person_recognition/build/lib/charmie_person_recognition
copying charmie_person_recognition/person_recognition.py -> /home/utilizador/charmie_ws/build/charmie_person_recognition/build/lib/charmie_person_recognition
running install
running install_lib
creating /home/utilizador/charmie_ws/install/charmie_person_recognition/lib/python3.8/site-packages/charmie_person_recognition
copying /home/utilizador/charmie_ws/build/charmie_person_recognition/build/lib/charmie_person_recognition/__init__.py -> /home/utilizador/charmie_ws/install/charmie_person_recognition/lib/python3.8/site-packages/charmie_person_recognition
copying /home/utilizador/charmie_ws/build/charmie_person_recognition/build/lib/charmie_person_recognition/person_recognition.py -> /home/utilizador/charmie_ws/install/charmie_person_recognition/lib/python3.8/site-packages/charmie_person_recognition
byte-compiling /home/utilizador/charmie_ws/install/charmie_person_recognition/lib/python3.8/site-packages/charmie_person_recognition/__init__.py to __init__.cpython-38.pyc
byte-compiling /home/utilizador/charmie_ws/install/charmie_person_recognition/lib/python3.8/site-packages/charmie_person_recognition/person_recognition.py to person_recognition.cpython-38.pyc
running install_data
creating /home/utilizador/charmie_ws/install/charmie_person_recognition/share/ament_index
creating /home/utilizador/charmie_ws/install/charmie_person_recognition/share/ament_index/resource_index
creating /home/utilizador/charmie_ws/install/charmie_person_recognition/share/ament_index/resource_index/packages
copying resource/charmie_person_recognition -> /home/utilizador/charmie_ws/install/charmie_person_recognition/share/ament_index/resource_index/packages
copying package.xml -> /home/utilizador/charmie_ws/install/charmie_person_recognition/share/charmie_person_recognition
running install_egg_info
Copying ../../build/charmie_person_recognition/charmie_person_recognition.egg-info to /home/utilizador/charmie_ws/install/charmie_person_recognition/lib/python3.8/site-packages/charmie_person_recognition-0.0.0-py3.8.egg-info
running install_scripts
Installing person_recognition script to /home/utilizador/charmie_ws/install/charmie_person_recognition/lib/charmie_person_recognition
writing list of installed files to '/home/utilizador/charmie_ws/build/charmie_person_recognition/install.log'
