[3.186s] Invoking command in '/home/utilizador/charmie_ws/build/charmie_diagnostics': PYTHONPATH=/home/utilizador/charmie_ws/build/charmie_diagnostics/prefix_override:/home/utilizador/charmie_ws/install/charmie_diagnostics/lib/python3.8/site-packages:${PYTHONPATH} /usr/bin/python3 setup.py develop --editable --build-directory /home/utilizador/charmie_ws/build/charmie_diagnostics/build --no-deps install_data
[3.726s] /home/utilizador/.local/lib/python3.8/site-packages/setuptools/dist.py:717: UserWarning: Usage of dash-separated 'script-dir' will not be supported in future versions. Please use the underscore name 'script_dir' instead
[3.726s]   warnings.warn(
[3.838s] running develop
[4.200s] running egg_info
[4.201s] creating charmie_diagnostics.egg-info
[4.201s] writing charmie_diagnostics.egg-info/PKG-INFO
[4.201s] writing dependency_links to charmie_diagnostics.egg-info/dependency_links.txt
[4.201s] writing entry points to charmie_diagnostics.egg-info/entry_points.txt
[4.201s] writing requirements to charmie_diagnostics.egg-info/requires.txt
[4.201s] writing top-level names to charmie_diagnostics.egg-info/top_level.txt
[4.202s] writing manifest file 'charmie_diagnostics.egg-info/SOURCES.txt'
[4.205s] reading manifest file 'charmie_diagnostics.egg-info/SOURCES.txt'
[4.207s] writing manifest file 'charmie_diagnostics.egg-info/SOURCES.txt'
[4.282s] running build_ext
[4.282s] Creating /home/utilizador/charmie_ws/install/charmie_diagnostics/lib/python3.8/site-packages/charmie-diagnostics.egg-link (link to .)
[4.283s] Installing diagnostics script to /home/utilizador/charmie_ws/install/charmie_diagnostics/lib/charmie_diagnostics
[4.284s] 
[4.284s] Installed /home/utilizador/charmie_ws/build/charmie_diagnostics
[4.284s] running install_data
[4.285s] creating /home/utilizador/charmie_ws/install/charmie_diagnostics/share/ament_index
[4.285s] creating /home/utilizador/charmie_ws/install/charmie_diagnostics/share/ament_index/resource_index
[4.285s] creating /home/utilizador/charmie_ws/install/charmie_diagnostics/share/ament_index/resource_index/packages
[4.286s] copying resource/charmie_diagnostics -> /home/utilizador/charmie_ws/install/charmie_diagnostics/share/ament_index/resource_index/packages
[4.286s] copying package.xml -> /home/utilizador/charmie_ws/install/charmie_diagnostics/share/charmie_diagnostics
[4.498s] Invoked command in '/home/utilizador/charmie_ws/build/charmie_diagnostics' returned '0': PYTHONPATH=/home/utilizador/charmie_ws/build/charmie_diagnostics/prefix_override:/home/utilizador/charmie_ws/install/charmie_diagnostics/lib/python3.8/site-packages:${PYTHONPATH} /usr/bin/python3 setup.py develop --editable --build-directory /home/utilizador/charmie_ws/build/charmie_diagnostics/build --no-deps install_data
