[2.507s] Invoking command in '/home/utilizador/charmie_ws/src/charmie_carry_luggage': AMENT_PREFIX_PATH=/home/utilizador/charmie_ws/install/charmie_interfaces:${AMENT_PREFIX_PATH} CMAKE_PREFIX_PATH=/home/utilizador/charmie_ws/install/charmie_interfaces LD_LIBRARY_PATH=/home/utilizador/charmie_ws/install/charmie_interfaces/lib:${LD_LIBRARY_PATH} PYTHONPATH=/home/utilizador/charmie_ws/build/charmie_carry_luggage/prefix_override:/home/utilizador/charmie_ws/install/charmie_carry_luggage/lib/python3.8/site-packages:/home/utilizador/charmie_ws/install/charmie_interfaces/lib/python3.8/site-packages:${PYTHONPATH} /usr/bin/python3 setup.py egg_info --egg-base ../../build/charmie_carry_luggage build --build-base /home/utilizador/charmie_ws/build/charmie_carry_luggage/build install --record /home/utilizador/charmie_ws/build/charmie_carry_luggage/install.log --single-version-externally-managed
[2.904s] running egg_info
[2.905s] writing ../../build/charmie_carry_luggage/charmie_carry_luggage.egg-info/PKG-INFO
[2.906s] writing dependency_links to ../../build/charmie_carry_luggage/charmie_carry_luggage.egg-info/dependency_links.txt
[2.906s] writing entry points to ../../build/charmie_carry_luggage/charmie_carry_luggage.egg-info/entry_points.txt
[2.906s] writing requirements to ../../build/charmie_carry_luggage/charmie_carry_luggage.egg-info/requires.txt
[2.907s] writing top-level names to ../../build/charmie_carry_luggage/charmie_carry_luggage.egg-info/top_level.txt
[2.976s] reading manifest file '../../build/charmie_carry_luggage/charmie_carry_luggage.egg-info/SOURCES.txt'
[2.978s] writing manifest file '../../build/charmie_carry_luggage/charmie_carry_luggage.egg-info/SOURCES.txt'
[2.978s] running build
[2.978s] running build_py
[2.979s] running install
[2.980s] running install_lib
[2.982s] running install_data
[2.983s] running install_egg_info
[2.986s] removing '/home/utilizador/charmie_ws/install/charmie_carry_luggage/lib/python3.8/site-packages/charmie_carry_luggage-0.0.0-py3.8.egg-info' (and everything under it)
[2.987s] Copying ../../build/charmie_carry_luggage/charmie_carry_luggage.egg-info to /home/utilizador/charmie_ws/install/charmie_carry_luggage/lib/python3.8/site-packages/charmie_carry_luggage-0.0.0-py3.8.egg-info
[2.988s] running install_scripts
[3.022s] Installing carry_my_luggage script to /home/utilizador/charmie_ws/install/charmie_carry_luggage/lib/charmie_carry_luggage
[3.023s] writing list of installed files to '/home/utilizador/charmie_ws/build/charmie_carry_luggage/install.log'
[3.176s] Invoked command in '/home/utilizador/charmie_ws/src/charmie_carry_luggage' returned '0': AMENT_PREFIX_PATH=/home/utilizador/charmie_ws/install/charmie_interfaces:${AMENT_PREFIX_PATH} CMAKE_PREFIX_PATH=/home/utilizador/charmie_ws/install/charmie_interfaces LD_LIBRARY_PATH=/home/utilizador/charmie_ws/install/charmie_interfaces/lib:${LD_LIBRARY_PATH} PYTHONPATH=/home/utilizador/charmie_ws/build/charmie_carry_luggage/prefix_override:/home/utilizador/charmie_ws/install/charmie_carry_luggage/lib/python3.8/site-packages:/home/utilizador/charmie_ws/install/charmie_interfaces/lib/python3.8/site-packages:${PYTHONPATH} /usr/bin/python3 setup.py egg_info --egg-base ../../build/charmie_carry_luggage build --build-base /home/utilizador/charmie_ws/build/charmie_carry_luggage/build install --record /home/utilizador/charmie_ws/build/charmie_carry_luggage/install.log --single-version-externally-managed
