[3.229s] Invoking command in '/home/utilizador/charmie_ws/build/charmie_diagnostics': PYTHONPATH=/home/utilizador/charmie_ws/build/charmie_diagnostics/prefix_override:/home/utilizador/charmie_ws/install/charmie_diagnostics/lib/python3.8/site-packages:${PYTHONPATH} /usr/bin/python3 setup.py develop --editable --build-directory /home/utilizador/charmie_ws/build/charmie_diagnostics/build --no-deps install_data
[4.057s] running develop
[4.680s] running egg_info
[4.680s] creating charmie_diagnostics.egg-info
[4.681s] writing charmie_diagnostics.egg-info/PKG-INFO
[4.681s] writing dependency_links to charmie_diagnostics.egg-info/dependency_links.txt
[4.681s] writing entry points to charmie_diagnostics.egg-info/entry_points.txt
[4.681s] writing requirements to charmie_diagnostics.egg-info/requires.txt
[4.681s] writing top-level names to charmie_diagnostics.egg-info/top_level.txt
[4.688s] writing manifest file 'charmie_diagnostics.egg-info/SOURCES.txt'
[4.698s] reading manifest file 'charmie_diagnostics.egg-info/SOURCES.txt'
[4.698s] writing manifest file 'charmie_diagnostics.egg-info/SOURCES.txt'
[4.784s] running build_ext
[4.784s] Creating /home/utilizador/charmie_ws/install/charmie_diagnostics/lib/python3.8/site-packages/charmie-diagnostics.egg-link (link to .)
[4.785s] Installing diagnostics script to /home/utilizador/charmie_ws/install/charmie_diagnostics/lib/charmie_diagnostics
[4.786s] 
[4.786s] Installed /home/utilizador/charmie_ws/build/charmie_diagnostics
[4.786s] running install_data
[4.786s] creating /home/utilizador/charmie_ws/install/charmie_diagnostics/share/ament_index
[4.787s] creating /home/utilizador/charmie_ws/install/charmie_diagnostics/share/ament_index/resource_index
[4.787s] creating /home/utilizador/charmie_ws/install/charmie_diagnostics/share/ament_index/resource_index/packages
[4.787s] copying resource/charmie_diagnostics -> /home/utilizador/charmie_ws/install/charmie_diagnostics/share/ament_index/resource_index/packages
[4.787s] copying package.xml -> /home/utilizador/charmie_ws/install/charmie_diagnostics/share/charmie_diagnostics
[5.618s] Invoked command in '/home/utilizador/charmie_ws/build/charmie_diagnostics' returned '0': PYTHONPATH=/home/utilizador/charmie_ws/build/charmie_diagnostics/prefix_override:/home/utilizador/charmie_ws/install/charmie_diagnostics/lib/python3.8/site-packages:${PYTHONPATH} /usr/bin/python3 setup.py develop --editable --build-directory /home/utilizador/charmie_ws/build/charmie_diagnostics/build --no-deps install_data
