[2.484s] Invoking command in '/home/utilizador/charmie_ws/src/charmie_lidar_hokuyo': PYTHONPATH=/home/utilizador/charmie_ws/build/charmie_lidar_hokuyo/prefix_override:/home/utilizador/charmie_ws/install/charmie_lidar_hokuyo/lib/python3.8/site-packages:${PYTHONPATH} /usr/bin/python3 setup.py egg_info --egg-base ../../build/charmie_lidar_hokuyo build --build-base /home/utilizador/charmie_ws/build/charmie_lidar_hokuyo/build install --record /home/utilizador/charmie_ws/build/charmie_lidar_hokuyo/install.log --install-scripts $base/lib/charmie_lidar_hokuyo --single-version-externally-managed
[2.952s] running egg_info
[2.954s] writing ../../build/charmie_lidar_hokuyo/charmie_lidar_hokuyo.egg-info/PKG-INFO
[2.954s] writing dependency_links to ../../build/charmie_lidar_hokuyo/charmie_lidar_hokuyo.egg-info/dependency_links.txt
[2.955s] writing entry points to ../../build/charmie_lidar_hokuyo/charmie_lidar_hokuyo.egg-info/entry_points.txt
[2.955s] writing requirements to ../../build/charmie_lidar_hokuyo/charmie_lidar_hokuyo.egg-info/requires.txt
[2.956s] writing top-level names to ../../build/charmie_lidar_hokuyo/charmie_lidar_hokuyo.egg-info/top_level.txt
[3.029s] reading manifest file '../../build/charmie_lidar_hokuyo/charmie_lidar_hokuyo.egg-info/SOURCES.txt'
[3.031s] writing manifest file '../../build/charmie_lidar_hokuyo/charmie_lidar_hokuyo.egg-info/SOURCES.txt'
[3.032s] running build
[3.032s] running build_py
[3.033s] running install
[3.035s] running install_lib
[3.038s] running install_data
[3.039s] running install_egg_info
[3.042s] removing '/home/utilizador/charmie_ws/install/charmie_lidar_hokuyo/lib/python3.8/site-packages/charmie_lidar_hokuyo-0.0.0-py3.8.egg-info' (and everything under it)
[3.043s] Copying ../../build/charmie_lidar_hokuyo/charmie_lidar_hokuyo.egg-info to /home/utilizador/charmie_ws/install/charmie_lidar_hokuyo/lib/python3.8/site-packages/charmie_lidar_hokuyo-0.0.0-py3.8.egg-info
[3.044s] running install_scripts
[3.076s] Installing lidar_hokuyo script to /home/utilizador/charmie_ws/install/charmie_lidar_hokuyo/lib/charmie_lidar_hokuyo
[3.077s] writing list of installed files to '/home/utilizador/charmie_ws/build/charmie_lidar_hokuyo/install.log'
[3.126s] Invoked command in '/home/utilizador/charmie_ws/src/charmie_lidar_hokuyo' returned '0': PYTHONPATH=/home/utilizador/charmie_ws/build/charmie_lidar_hokuyo/prefix_override:/home/utilizador/charmie_ws/install/charmie_lidar_hokuyo/lib/python3.8/site-packages:${PYTHONPATH} /usr/bin/python3 setup.py egg_info --egg-base ../../build/charmie_lidar_hokuyo build --build-base /home/utilizador/charmie_ws/build/charmie_lidar_hokuyo/build install --record /home/utilizador/charmie_ws/build/charmie_lidar_hokuyo/install.log --install-scripts $base/lib/charmie_lidar_hokuyo --single-version-externally-managed
