[1.769s] Invoking command in '/home/utilizador/charmie_ws/build/charmie_ps4_controller': PYTHONPATH=/home/utilizador/charmie_ws/build/charmie_ps4_controller/prefix_override:/home/utilizador/charmie_ws/install/charmie_ps4_controller/lib/python3.8/site-packages:${PYTHONPATH} /usr/bin/python3 setup.py develop --editable --build-directory /home/utilizador/charmie_ws/build/charmie_ps4_controller/build --no-deps install_data
[2.063s] running develop
[2.240s] running egg_info
[2.240s] creating charmie_ps4_controller.egg-info
[2.241s] writing charmie_ps4_controller.egg-info/PKG-INFO
[2.241s] writing dependency_links to charmie_ps4_controller.egg-info/dependency_links.txt
[2.241s] writing entry points to charmie_ps4_controller.egg-info/entry_points.txt
[2.241s] writing requirements to charmie_ps4_controller.egg-info/requires.txt
[2.241s] writing top-level names to charmie_ps4_controller.egg-info/top_level.txt
[2.242s] writing manifest file 'charmie_ps4_controller.egg-info/SOURCES.txt'
[2.274s] reading manifest file 'charmie_ps4_controller.egg-info/SOURCES.txt'
[2.275s] writing manifest file 'charmie_ps4_controller.egg-info/SOURCES.txt'
[2.312s] running build_ext
[2.313s] Creating /home/utilizador/charmie_ws/install/charmie_ps4_controller/lib/python3.8/site-packages/site.py
[2.315s] Creating /home/utilizador/charmie_ws/install/charmie_ps4_controller/lib/python3.8/site-packages/charmie-ps4-controller.egg-link (link to .)
[2.315s] Installing ps4_controller script to /home/utilizador/charmie_ws/install/charmie_ps4_controller/lib/charmie_ps4_controller
[2.316s] 
[2.316s] Installed /home/utilizador/charmie_ws/build/charmie_ps4_controller
[2.316s] running install_data
[2.316s] creating /home/utilizador/charmie_ws/install/charmie_ps4_controller/share/ament_index
[2.317s] creating /home/utilizador/charmie_ws/install/charmie_ps4_controller/share/ament_index/resource_index
[2.317s] creating /home/utilizador/charmie_ws/install/charmie_ps4_controller/share/ament_index/resource_index/packages
[2.317s] copying resource/charmie_ps4_controller -> /home/utilizador/charmie_ws/install/charmie_ps4_controller/share/ament_index/resource_index/packages
[2.317s] copying package.xml -> /home/utilizador/charmie_ws/install/charmie_ps4_controller/share/charmie_ps4_controller
[2.737s] Invoked command in '/home/utilizador/charmie_ws/build/charmie_ps4_controller' returned '0': PYTHONPATH=/home/utilizador/charmie_ws/build/charmie_ps4_controller/prefix_override:/home/utilizador/charmie_ws/install/charmie_ps4_controller/lib/python3.8/site-packages:${PYTHONPATH} /usr/bin/python3 setup.py develop --editable --build-directory /home/utilizador/charmie_ws/build/charmie_ps4_controller/build --no-deps install_data
