[4.821s] Invoking command in '/home/utilizador/charmie_ws/build/charmie_door_start': PYTHONPATH=/home/utilizador/charmie_ws/build/charmie_door_start/prefix_override:/home/utilizador/charmie_ws/install/charmie_door_start/lib/python3.8/site-packages:${PYTHONPATH} /usr/bin/python3 setup.py develop --uninstall --editable --build-directory /home/utilizador/charmie_ws/build/charmie_door_start/build
[5.642s] running develop
[6.169s] Invoked command in '/home/utilizador/charmie_ws/build/charmie_door_start' returned '0': PYTHONPATH=/home/utilizador/charmie_ws/build/charmie_door_start/prefix_override:/home/utilizador/charmie_ws/install/charmie_door_start/lib/python3.8/site-packages:${PYTHONPATH} /usr/bin/python3 setup.py develop --uninstall --editable --build-directory /home/utilizador/charmie_ws/build/charmie_door_start/build
[6.170s] Invoking command in '/home/utilizador/charmie_ws/src/charmie_door_start': PYTHONPATH=/home/utilizador/charmie_ws/build/charmie_door_start/prefix_override:/home/utilizador/charmie_ws/install/charmie_door_start/lib/python3.8/site-packages:${PYTHONPATH} /usr/bin/python3 setup.py egg_info --egg-base ../../build/charmie_door_start build --build-base /home/utilizador/charmie_ws/build/charmie_door_start/build install --record /home/utilizador/charmie_ws/build/charmie_door_start/install.log --single-version-externally-managed
[7.048s] running egg_info
[7.050s] writing ../../build/charmie_door_start/charmie_door_start.egg-info/PKG-INFO
[7.050s] writing dependency_links to ../../build/charmie_door_start/charmie_door_start.egg-info/dependency_links.txt
[7.051s] writing entry points to ../../build/charmie_door_start/charmie_door_start.egg-info/entry_points.txt
[7.051s] writing requirements to ../../build/charmie_door_start/charmie_door_start.egg-info/requires.txt
[7.051s] writing top-level names to ../../build/charmie_door_start/charmie_door_start.egg-info/top_level.txt
[7.057s] reading manifest file '../../build/charmie_door_start/charmie_door_start.egg-info/SOURCES.txt'
[7.058s] writing manifest file '../../build/charmie_door_start/charmie_door_start.egg-info/SOURCES.txt'
[7.058s] running build
[7.059s] running build_py
[7.059s] running install
[7.064s] running install_lib
[7.065s] running install_data
[7.066s] running install_egg_info
[7.069s] removing '/home/utilizador/charmie_ws/install/charmie_door_start/lib/python3.8/site-packages/charmie_door_start-0.0.0-py3.8.egg-info' (and everything under it)
[7.072s] Copying ../../build/charmie_door_start/charmie_door_start.egg-info to /home/utilizador/charmie_ws/install/charmie_door_start/lib/python3.8/site-packages/charmie_door_start-0.0.0-py3.8.egg-info
[7.072s] running install_scripts
[7.108s] Installing door_start script to /home/utilizador/charmie_ws/install/charmie_door_start/lib/charmie_door_start
[7.108s] writing list of installed files to '/home/utilizador/charmie_ws/build/charmie_door_start/install.log'
[7.344s] Invoked command in '/home/utilizador/charmie_ws/src/charmie_door_start' returned '0': PYTHONPATH=/home/utilizador/charmie_ws/build/charmie_door_start/prefix_override:/home/utilizador/charmie_ws/install/charmie_door_start/lib/python3.8/site-packages:${PYTHONPATH} /usr/bin/python3 setup.py egg_info --egg-base ../../build/charmie_door_start build --build-base /home/utilizador/charmie_ws/build/charmie_door_start/build install --record /home/utilizador/charmie_ws/build/charmie_door_start/install.log --single-version-externally-managed
