[3.354s] Invoking command in '/home/utilizador/charmie_ws/build/charmie_diagnostics': PYTHONPATH=/home/utilizador/charmie_ws/build/charmie_diagnostics/prefix_override:/home/utilizador/charmie_ws/install/charmie_diagnostics/lib/python3.8/site-packages:${PYTHONPATH} /usr/bin/python3 setup.py develop --uninstall --editable --build-directory /home/utilizador/charmie_ws/build/charmie_diagnostics/build
[4.027s] running develop
[4.423s] Removing /home/utilizador/charmie_ws/install/charmie_diagnostics/lib/python3.8/site-packages/charmie-diagnostics.egg-link (link to .)
[4.496s] Invoked command in '/home/utilizador/charmie_ws/build/charmie_diagnostics' returned '0': PYTHONPATH=/home/utilizador/charmie_ws/build/charmie_diagnostics/prefix_override:/home/utilizador/charmie_ws/install/charmie_diagnostics/lib/python3.8/site-packages:${PYTHONPATH} /usr/bin/python3 setup.py develop --uninstall --editable --build-directory /home/utilizador/charmie_ws/build/charmie_diagnostics/build
[4.501s] Invoking command in '/home/utilizador/charmie_ws/src/charmie_diagnostics': PYTHONPATH=/home/utilizador/charmie_ws/build/charmie_diagnostics/prefix_override:/home/utilizador/charmie_ws/install/charmie_diagnostics/lib/python3.8/site-packages:${PYTHONPATH} /usr/bin/python3 setup.py egg_info --egg-base ../../build/charmie_diagnostics build --build-base /home/utilizador/charmie_ws/build/charmie_diagnostics/build install --record /home/utilizador/charmie_ws/build/charmie_diagnostics/install.log --single-version-externally-managed
[5.125s] running egg_info
[5.125s] writing ../../build/charmie_diagnostics/charmie_diagnostics.egg-info/PKG-INFO
[5.125s] writing dependency_links to ../../build/charmie_diagnostics/charmie_diagnostics.egg-info/dependency_links.txt
[5.125s] writing entry points to ../../build/charmie_diagnostics/charmie_diagnostics.egg-info/entry_points.txt
[5.125s] writing requirements to ../../build/charmie_diagnostics/charmie_diagnostics.egg-info/requires.txt
[5.125s] writing top-level names to ../../build/charmie_diagnostics/charmie_diagnostics.egg-info/top_level.txt
[5.135s] reading manifest file '../../build/charmie_diagnostics/charmie_diagnostics.egg-info/SOURCES.txt'
[5.135s] writing manifest file '../../build/charmie_diagnostics/charmie_diagnostics.egg-info/SOURCES.txt'
[5.135s] running build
[5.135s] running build_py
[5.135s] running install
[5.135s] running install_lib
[5.136s] creating /home/utilizador/charmie_ws/install/charmie_diagnostics/lib/python3.8/site-packages/charmie_diagnostics
[5.136s] copying /home/utilizador/charmie_ws/build/charmie_diagnostics/build/lib/charmie_diagnostics/__init__.py -> /home/utilizador/charmie_ws/install/charmie_diagnostics/lib/python3.8/site-packages/charmie_diagnostics
[5.136s] copying /home/utilizador/charmie_ws/build/charmie_diagnostics/build/lib/charmie_diagnostics/diagnostics.py -> /home/utilizador/charmie_ws/install/charmie_diagnostics/lib/python3.8/site-packages/charmie_diagnostics
[5.136s] byte-compiling /home/utilizador/charmie_ws/install/charmie_diagnostics/lib/python3.8/site-packages/charmie_diagnostics/__init__.py to __init__.cpython-38.pyc
[5.136s] byte-compiling /home/utilizador/charmie_ws/install/charmie_diagnostics/lib/python3.8/site-packages/charmie_diagnostics/diagnostics.py to diagnostics.cpython-38.pyc
[5.137s] running install_data
[5.137s] running install_egg_info
[5.137s] Copying ../../build/charmie_diagnostics/charmie_diagnostics.egg-info to /home/utilizador/charmie_ws/install/charmie_diagnostics/lib/python3.8/site-packages/charmie_diagnostics-0.0.0-py3.8.egg-info
[5.137s] running install_scripts
[5.179s] Installing diagnostics script to /home/utilizador/charmie_ws/install/charmie_diagnostics/lib/charmie_diagnostics
[5.179s] writing list of installed files to '/home/utilizador/charmie_ws/build/charmie_diagnostics/install.log'
[5.278s] Invoked command in '/home/utilizador/charmie_ws/src/charmie_diagnostics' returned '0': PYTHONPATH=/home/utilizador/charmie_ws/build/charmie_diagnostics/prefix_override:/home/utilizador/charmie_ws/install/charmie_diagnostics/lib/python3.8/site-packages:${PYTHONPATH} /usr/bin/python3 setup.py egg_info --egg-base ../../build/charmie_diagnostics build --build-base /home/utilizador/charmie_ws/build/charmie_diagnostics/build install --record /home/utilizador/charmie_ws/build/charmie_diagnostics/install.log --single-version-externally-managed
