[10.939s] Invoking command in '/home/utilizador/charmie_ws/build/charmie_odometry': AMENT_PREFIX_PATH=/home/utilizador/charmie_ws/install/charmie_interfaces:${AMENT_PREFIX_PATH} CMAKE_PREFIX_PATH=/home/utilizador/charmie_ws/install/charmie_interfaces LD_LIBRARY_PATH=/home/utilizador/charmie_ws/install/charmie_interfaces/lib:${LD_LIBRARY_PATH} PYTHONPATH=/home/utilizador/charmie_ws/build/charmie_odometry/prefix_override:/home/utilizador/charmie_ws/install/charmie_odometry/lib/python3.8/site-packages:/home/utilizador/charmie_ws/install/charmie_interfaces/lib/python3.8/site-packages:${PYTHONPATH} /usr/bin/python3 setup.py develop --editable --build-directory /home/utilizador/charmie_ws/build/charmie_odometry/build --no-deps install_data
[12.607s] running develop
[13.333s] running egg_info
[13.334s] creating charmie_odometry.egg-info
[13.334s] writing charmie_odometry.egg-info/PKG-INFO
[13.334s] writing dependency_links to charmie_odometry.egg-info/dependency_links.txt
[13.334s] writing entry points to charmie_odometry.egg-info/entry_points.txt
[13.334s] writing requirements to charmie_odometry.egg-info/requires.txt
[13.334s] writing top-level names to charmie_odometry.egg-info/top_level.txt
[13.337s] writing manifest file 'charmie_odometry.egg-info/SOURCES.txt'
[13.339s] reading manifest file 'charmie_odometry.egg-info/SOURCES.txt'
[13.340s] writing manifest file 'charmie_odometry.egg-info/SOURCES.txt'
[13.485s] running build_ext
[13.486s] Creating /home/utilizador/charmie_ws/install/charmie_odometry/lib/python3.8/site-packages/charmie-odometry.egg-link (link to .)
[13.490s] Installing odometry script to /home/utilizador/charmie_ws/install/charmie_odometry/lib/charmie_odometry
[13.492s] 
[13.493s] Installed /home/utilizador/charmie_ws/build/charmie_odometry
[13.493s] running install_data
[13.496s] creating /home/utilizador/charmie_ws/install/charmie_odometry/share/ament_index
[13.497s] creating /home/utilizador/charmie_ws/install/charmie_odometry/share/ament_index/resource_index
[13.497s] creating /home/utilizador/charmie_ws/install/charmie_odometry/share/ament_index/resource_index/packages
[13.498s] copying resource/charmie_odometry -> /home/utilizador/charmie_ws/install/charmie_odometry/share/ament_index/resource_index/packages
[13.498s] copying package.xml -> /home/utilizador/charmie_ws/install/charmie_odometry/share/charmie_odometry
[14.281s] Invoked command in '/home/utilizador/charmie_ws/build/charmie_odometry' returned '0': AMENT_PREFIX_PATH=/home/utilizador/charmie_ws/install/charmie_interfaces:${AMENT_PREFIX_PATH} CMAKE_PREFIX_PATH=/home/utilizador/charmie_ws/install/charmie_interfaces LD_LIBRARY_PATH=/home/utilizador/charmie_ws/install/charmie_interfaces/lib:${LD_LIBRARY_PATH} PYTHONPATH=/home/utilizador/charmie_ws/build/charmie_odometry/prefix_override:/home/utilizador/charmie_ws/install/charmie_odometry/lib/python3.8/site-packages:/home/utilizador/charmie_ws/install/charmie_interfaces/lib/python3.8/site-packages:${PYTHONPATH} /usr/bin/python3 setup.py develop --editable --build-directory /home/utilizador/charmie_ws/build/charmie_odometry/build --no-deps install_data
