[2.653s] Invoking command in '/home/utilizador/charmie_ws/build/charmie_neck_dynamixel': PYTHONPATH=/home/utilizador/charmie_ws/build/charmie_neck_dynamixel/prefix_override:/home/utilizador/charmie_ws/install/charmie_neck_dynamixel/lib/python3.8/site-packages:${PYTHONPATH} /usr/bin/python3 setup.py develop --uninstall --editable --build-directory /home/utilizador/charmie_ws/build/charmie_neck_dynamixel/build
[3.184s] running develop
[3.746s] Invoked command in '/home/utilizador/charmie_ws/build/charmie_neck_dynamixel' returned '0': PYTHONPATH=/home/utilizador/charmie_ws/build/charmie_neck_dynamixel/prefix_override:/home/utilizador/charmie_ws/install/charmie_neck_dynamixel/lib/python3.8/site-packages:${PYTHONPATH} /usr/bin/python3 setup.py develop --uninstall --editable --build-directory /home/utilizador/charmie_ws/build/charmie_neck_dynamixel/build
[3.754s] Invoking command in '/home/utilizador/charmie_ws/src/charmie_neck_dynamixel': PYTHONPATH=/home/utilizador/charmie_ws/build/charmie_neck_dynamixel/prefix_override:/home/utilizador/charmie_ws/install/charmie_neck_dynamixel/lib/python3.8/site-packages:${PYTHONPATH} /usr/bin/python3 setup.py egg_info --egg-base ../../build/charmie_neck_dynamixel build --build-base /home/utilizador/charmie_ws/build/charmie_neck_dynamixel/build install --record /home/utilizador/charmie_ws/build/charmie_neck_dynamixel/install.log --install-scripts $base/lib/charmie_neck_dynamixel --single-version-externally-managed
[4.260s] running egg_info
[4.262s] writing ../../build/charmie_neck_dynamixel/charmie_neck_dynamixel.egg-info/PKG-INFO
[4.262s] writing dependency_links to ../../build/charmie_neck_dynamixel/charmie_neck_dynamixel.egg-info/dependency_links.txt
[4.262s] writing entry points to ../../build/charmie_neck_dynamixel/charmie_neck_dynamixel.egg-info/entry_points.txt
[4.262s] writing requirements to ../../build/charmie_neck_dynamixel/charmie_neck_dynamixel.egg-info/requires.txt
[4.262s] writing top-level names to ../../build/charmie_neck_dynamixel/charmie_neck_dynamixel.egg-info/top_level.txt
[4.331s] reading manifest file '../../build/charmie_neck_dynamixel/charmie_neck_dynamixel.egg-info/SOURCES.txt'
[4.332s] writing manifest file '../../build/charmie_neck_dynamixel/charmie_neck_dynamixel.egg-info/SOURCES.txt'
[4.332s] running build
[4.332s] running build_py
[4.333s] running install
[4.334s] running install_lib
[4.335s] running install_data
[4.336s] running install_egg_info
[4.337s] removing '/home/utilizador/charmie_ws/install/charmie_neck_dynamixel/lib/python3.8/site-packages/charmie_neck_dynamixel-0.0.0-py3.8.egg-info' (and everything under it)
[4.338s] Copying ../../build/charmie_neck_dynamixel/charmie_neck_dynamixel.egg-info to /home/utilizador/charmie_ws/install/charmie_neck_dynamixel/lib/python3.8/site-packages/charmie_neck_dynamixel-0.0.0-py3.8.egg-info
[4.339s] running install_scripts
[4.361s] Installing neck_dynamixel script to /home/utilizador/charmie_ws/install/charmie_neck_dynamixel/lib/charmie_neck_dynamixel
[4.361s] writing list of installed files to '/home/utilizador/charmie_ws/build/charmie_neck_dynamixel/install.log'
[4.750s] Invoked command in '/home/utilizador/charmie_ws/src/charmie_neck_dynamixel' returned '0': PYTHONPATH=/home/utilizador/charmie_ws/build/charmie_neck_dynamixel/prefix_override:/home/utilizador/charmie_ws/install/charmie_neck_dynamixel/lib/python3.8/site-packages:${PYTHONPATH} /usr/bin/python3 setup.py egg_info --egg-base ../../build/charmie_neck_dynamixel build --build-base /home/utilizador/charmie_ws/build/charmie_neck_dynamixel/build install --record /home/utilizador/charmie_ws/build/charmie_neck_dynamixel/install.log --install-scripts $base/lib/charmie_neck_dynamixel --single-version-externally-managed
