running egg_info
creating ../build/charmie_speakers/charmie_speakers.egg-info
writing ../build/charmie_speakers/charmie_speakers.egg-info/PKG-INFO
writing dependency_links to ../build/charmie_speakers/charmie_speakers.egg-info/dependency_links.txt
writing entry points to ../build/charmie_speakers/charmie_speakers.egg-info/entry_points.txt
writing requirements to ../build/charmie_speakers/charmie_speakers.egg-info/requires.txt
writing top-level names to ../build/charmie_speakers/charmie_speakers.egg-info/top_level.txt
writing manifest file '../build/charmie_speakers/charmie_speakers.egg-info/SOURCES.txt'
reading manifest file '../build/charmie_speakers/charmie_speakers.egg-info/SOURCES.txt'
writing manifest file '../build/charmie_speakers/charmie_speakers.egg-info/SOURCES.txt'
running build
running build_py
creating /home/utilizador/charmie_ws/src/build/charmie_speakers/build
creating /home/utilizador/charmie_ws/src/build/charmie_speakers/build/lib
creating /home/utilizador/charmie_ws/src/build/charmie_speakers/build/lib/charmie_speakers
copying charmie_speakers/__init__.py -> /home/utilizador/charmie_ws/src/build/charmie_speakers/build/lib/charmie_speakers
copying charmie_speakers/speakers.py -> /home/utilizador/charmie_ws/src/build/charmie_speakers/build/lib/charmie_speakers
running install
running install_lib
creating /home/utilizador/charmie_ws/src/install/charmie_speakers/lib/python3.8/site-packages/charmie_speakers
copying /home/utilizador/charmie_ws/src/build/charmie_speakers/build/lib/charmie_speakers/__init__.py -> /home/utilizador/charmie_ws/src/install/charmie_speakers/lib/python3.8/site-packages/charmie_speakers
copying /home/utilizador/charmie_ws/src/build/charmie_speakers/build/lib/charmie_speakers/speakers.py -> /home/utilizador/charmie_ws/src/install/charmie_speakers/lib/python3.8/site-packages/charmie_speakers
byte-compiling /home/utilizador/charmie_ws/src/install/charmie_speakers/lib/python3.8/site-packages/charmie_speakers/__init__.py to __init__.cpython-38.pyc
byte-compiling /home/utilizador/charmie_ws/src/install/charmie_speakers/lib/python3.8/site-packages/charmie_speakers/speakers.py to speakers.cpython-38.pyc
running install_data
creating /home/utilizador/charmie_ws/src/install/charmie_speakers/share/ament_index
creating /home/utilizador/charmie_ws/src/install/charmie_speakers/share/ament_index/resource_index
creating /home/utilizador/charmie_ws/src/install/charmie_speakers/share/ament_index/resource_index/packages
copying resource/charmie_speakers -> /home/utilizador/charmie_ws/src/install/charmie_speakers/share/ament_index/resource_index/packages
copying package.xml -> /home/utilizador/charmie_ws/src/install/charmie_speakers/share/charmie_speakers
running install_egg_info
Copying ../build/charmie_speakers/charmie_speakers.egg-info to /home/utilizador/charmie_ws/src/install/charmie_speakers/lib/python3.8/site-packages/charmie_speakers-0.0.0-py3.8.egg-info
running install_scripts
Installing speakers script to /home/utilizador/charmie_ws/src/install/charmie_speakers/lib/charmie_speakers
writing list of installed files to '/home/utilizador/charmie_ws/src/build/charmie_speakers/install.log'
