[1.726s] Invoking command in '/home/utilizador/charmie_ws/src/charmie_speakers': CMAKE_PREFIX_PATH=/home/utilizador/charmie_ws/install/charmie_interfaces:/home/utilizador/charmie_ws/install/realsense2_description:/home/utilizador/charmie_ws/install/realsense2_camera:/home/utilizador/charmie_ws/install/realsense2_camera_msgs:/home/utilizador/charmie_ws/install/charmie_bot LD_LIBRARY_PATH=/home/utilizador/charmie_ws/install/charmie_interfaces/lib:/home/utilizador/charmie_ws/install/realsense2_camera/lib:/home/utilizador/charmie_ws/install/realsense2_camera_msgs/lib:/opt/ros/foxy/opt/yaml_cpp_vendor/lib:/opt/ros/foxy/opt/rviz_ogre_vendor/lib:/opt/ros/foxy/lib/x86_64-linux-gnu:/opt/ros/foxy/lib PYTHONPATH=/home/utilizador/charmie_ws/build/charmie_speakers/prefix_override:/home/utilizador/charmie_ws/install/charmie_speakers/lib/python3.8/site-packages:/home/utilizador/charmie_ws/install/charmie_interfaces/lib/python3.8/site-packages:/home/utilizador/charmie_ws/install/realsense2_camera_msgs/lib/python3.8/site-packages:/home/utilizador/charmie_ws/install/charmie_speakers/lib/python3.8/site-packages:/home/utilizador/charmie_ws/install/charmie_ps4_controller/lib/python3.8/site-packages:/home/utilizador/charmie_ws/install/charmie_neck_dynamixel/lib/python3.8/site-packages:/home/utilizador/charmie_ws/install/charmie_low_level/lib/python3.8/site-packages:/home/utilizador/charmie_ws/install/charmie_lidar_hokuyo/lib/python3.8/site-packages:/home/utilizador/charmie_ws/install/charmie_debug/lib/python3.8/site-packages:/home/utilizador/charmie_ws/install/charmie_audio/lib/python3.8/site-packages:/opt/ros/foxy/lib/python3.8/site-packages /usr/bin/python3 setup.py egg_info --egg-base ../../build/charmie_speakers build --build-base /home/utilizador/charmie_ws/build/charmie_speakers/build install --record /home/utilizador/charmie_ws/build/charmie_speakers/install.log --install-scripts $base/lib/charmie_speakers --single-version-externally-managed
[1.963s] running egg_info
[1.964s] writing ../../build/charmie_speakers/charmie_speakers.egg-info/PKG-INFO
[1.964s] writing dependency_links to ../../build/charmie_speakers/charmie_speakers.egg-info/dependency_links.txt
[1.964s] writing entry points to ../../build/charmie_speakers/charmie_speakers.egg-info/entry_points.txt
[1.965s] writing requirements to ../../build/charmie_speakers/charmie_speakers.egg-info/requires.txt
[1.965s] writing top-level names to ../../build/charmie_speakers/charmie_speakers.egg-info/top_level.txt
[2.002s] reading manifest file '../../build/charmie_speakers/charmie_speakers.egg-info/SOURCES.txt'
[2.003s] writing manifest file '../../build/charmie_speakers/charmie_speakers.egg-info/SOURCES.txt'
[2.003s] running build
[2.003s] running build_py
[2.003s] running install
[2.004s] running install_lib
[2.010s] running install_data
[2.010s] running install_egg_info
[2.010s] removing '/home/utilizador/charmie_ws/install/charmie_speakers/lib/python3.8/site-packages/charmie_speakers-0.0.0-py3.8.egg-info' (and everything under it)
[2.010s] Copying ../../build/charmie_speakers/charmie_speakers.egg-info to /home/utilizador/charmie_ws/install/charmie_speakers/lib/python3.8/site-packages/charmie_speakers-0.0.0-py3.8.egg-info
[2.010s] running install_scripts
[2.031s] Installing speakers script to /home/utilizador/charmie_ws/install/charmie_speakers/lib/charmie_speakers
[2.031s] writing list of installed files to '/home/utilizador/charmie_ws/build/charmie_speakers/install.log'
[2.058s] Invoked command in '/home/utilizador/charmie_ws/src/charmie_speakers' returned '0': CMAKE_PREFIX_PATH=/home/utilizador/charmie_ws/install/charmie_interfaces:/home/utilizador/charmie_ws/install/realsense2_description:/home/utilizador/charmie_ws/install/realsense2_camera:/home/utilizador/charmie_ws/install/realsense2_camera_msgs:/home/utilizador/charmie_ws/install/charmie_bot LD_LIBRARY_PATH=/home/utilizador/charmie_ws/install/charmie_interfaces/lib:/home/utilizador/charmie_ws/install/realsense2_camera/lib:/home/utilizador/charmie_ws/install/realsense2_camera_msgs/lib:/opt/ros/foxy/opt/yaml_cpp_vendor/lib:/opt/ros/foxy/opt/rviz_ogre_vendor/lib:/opt/ros/foxy/lib/x86_64-linux-gnu:/opt/ros/foxy/lib PYTHONPATH=/home/utilizador/charmie_ws/build/charmie_speakers/prefix_override:/home/utilizador/charmie_ws/install/charmie_speakers/lib/python3.8/site-packages:/home/utilizador/charmie_ws/install/charmie_interfaces/lib/python3.8/site-packages:/home/utilizador/charmie_ws/install/realsense2_camera_msgs/lib/python3.8/site-packages:/home/utilizador/charmie_ws/install/charmie_speakers/lib/python3.8/site-packages:/home/utilizador/charmie_ws/install/charmie_ps4_controller/lib/python3.8/site-packages:/home/utilizador/charmie_ws/install/charmie_neck_dynamixel/lib/python3.8/site-packages:/home/utilizador/charmie_ws/install/charmie_low_level/lib/python3.8/site-packages:/home/utilizador/charmie_ws/install/charmie_lidar_hokuyo/lib/python3.8/site-packages:/home/utilizador/charmie_ws/install/charmie_debug/lib/python3.8/site-packages:/home/utilizador/charmie_ws/install/charmie_audio/lib/python3.8/site-packages:/opt/ros/foxy/lib/python3.8/site-packages /usr/bin/python3 setup.py egg_info --egg-base ../../build/charmie_speakers build --build-base /home/utilizador/charmie_ws/build/charmie_speakers/build install --record /home/utilizador/charmie_ws/build/charmie_speakers/install.log --install-scripts $base/lib/charmie_speakers --single-version-externally-managed
