[2.662s] Invoking command in '/home/utilizador/charmie_ws/build/my_robot_controller': PYTHONPATH=/home/utilizador/charmie_ws/build/my_robot_controller/prefix_override:/home/utilizador/charmie_ws/install/my_robot_controller/lib/python3.8/site-packages:${PYTHONPATH} /usr/bin/python3 setup.py develop --uninstall --editable --build-directory /home/utilizador/charmie_ws/build/my_robot_controller/build
[3.268s] running develop
[3.593s] Removing /home/utilizador/charmie_ws/install/my_robot_controller/lib/python3.8/site-packages/my-robot-controller.egg-link (link to .)
[3.653s] Invoked command in '/home/utilizador/charmie_ws/build/my_robot_controller' returned '0': PYTHONPATH=/home/utilizador/charmie_ws/build/my_robot_controller/prefix_override:/home/utilizador/charmie_ws/install/my_robot_controller/lib/python3.8/site-packages:${PYTHONPATH} /usr/bin/python3 setup.py develop --uninstall --editable --build-directory /home/utilizador/charmie_ws/build/my_robot_controller/build
[3.654s] Invoking command in '/home/utilizador/charmie_ws/src/my_robot_controller': PYTHONPATH=/home/utilizador/charmie_ws/build/my_robot_controller/prefix_override:/home/utilizador/charmie_ws/install/my_robot_controller/lib/python3.8/site-packages:${PYTHONPATH} /usr/bin/python3 setup.py egg_info --egg-base ../../build/my_robot_controller build --build-base /home/utilizador/charmie_ws/build/my_robot_controller/build install --record /home/utilizador/charmie_ws/build/my_robot_controller/install.log --install-scripts $base/lib/my_robot_controller --single-version-externally-managed
[4.221s] running egg_info
[4.223s] writing ../../build/my_robot_controller/my_robot_controller.egg-info/PKG-INFO
[4.224s] writing dependency_links to ../../build/my_robot_controller/my_robot_controller.egg-info/dependency_links.txt
[4.225s] writing entry points to ../../build/my_robot_controller/my_robot_controller.egg-info/entry_points.txt
[4.225s] writing requirements to ../../build/my_robot_controller/my_robot_controller.egg-info/requires.txt
[4.226s] writing top-level names to ../../build/my_robot_controller/my_robot_controller.egg-info/top_level.txt
[4.326s] reading manifest file '../../build/my_robot_controller/my_robot_controller.egg-info/SOURCES.txt'
[4.328s] writing manifest file '../../build/my_robot_controller/my_robot_controller.egg-info/SOURCES.txt'
[4.330s] running build
[4.330s] running build_py
[4.331s] running install
[4.333s] running install_lib
[4.335s] creating /home/utilizador/charmie_ws/install/my_robot_controller/lib/python3.8/site-packages/my_robot_controller
[4.340s] copying /home/utilizador/charmie_ws/build/my_robot_controller/build/lib/my_robot_controller/my_first_node.py -> /home/utilizador/charmie_ws/install/my_robot_controller/lib/python3.8/site-packages/my_robot_controller
[4.342s] copying /home/utilizador/charmie_ws/build/my_robot_controller/build/lib/my_robot_controller/turtle_controller.py -> /home/utilizador/charmie_ws/install/my_robot_controller/lib/python3.8/site-packages/my_robot_controller
[4.343s] copying /home/utilizador/charmie_ws/build/my_robot_controller/build/lib/my_robot_controller/__init__.py -> /home/utilizador/charmie_ws/install/my_robot_controller/lib/python3.8/site-packages/my_robot_controller
[4.344s] byte-compiling /home/utilizador/charmie_ws/install/my_robot_controller/lib/python3.8/site-packages/my_robot_controller/my_first_node.py to my_first_node.cpython-38.pyc
[4.348s] byte-compiling /home/utilizador/charmie_ws/install/my_robot_controller/lib/python3.8/site-packages/my_robot_controller/turtle_controller.py to turtle_controller.cpython-38.pyc
[4.356s] byte-compiling /home/utilizador/charmie_ws/install/my_robot_controller/lib/python3.8/site-packages/my_robot_controller/__init__.py to __init__.cpython-38.pyc
[4.357s] running install_data
[4.358s] running install_egg_info
[4.362s] Copying ../../build/my_robot_controller/my_robot_controller.egg-info to /home/utilizador/charmie_ws/install/my_robot_controller/lib/python3.8/site-packages/my_robot_controller-0.0.0-py3.8.egg-info
[4.377s] running install_scripts
[4.420s] Installing test_node script to /home/utilizador/charmie_ws/install/my_robot_controller/lib/my_robot_controller
[4.421s] Installing turtle_controller script to /home/utilizador/charmie_ws/install/my_robot_controller/lib/my_robot_controller
[4.424s] writing list of installed files to '/home/utilizador/charmie_ws/build/my_robot_controller/install.log'
[4.512s] Invoked command in '/home/utilizador/charmie_ws/src/my_robot_controller' returned '0': PYTHONPATH=/home/utilizador/charmie_ws/build/my_robot_controller/prefix_override:/home/utilizador/charmie_ws/install/my_robot_controller/lib/python3.8/site-packages:${PYTHONPATH} /usr/bin/python3 setup.py egg_info --egg-base ../../build/my_robot_controller build --build-base /home/utilizador/charmie_ws/build/my_robot_controller/build install --record /home/utilizador/charmie_ws/build/my_robot_controller/install.log --install-scripts $base/lib/my_robot_controller --single-version-externally-managed
