[0.133s] Invoking command in '/home/utilizador/charmie_ws/build/realsense2_camera_msgs': CMAKE_PREFIX_PATH=${CMAKE_PREFIX_PATH}:/home/utilizador/charmie_ws/install/yolopose:/home/utilizador/charmie_ws/install/yolo_obj:/home/utilizador/charmie_ws/install/charmie_stickler_for_the_rules:/home/utilizador/charmie_ws/install/charmie_speakers_offline:/home/utilizador/charmie_ws/install/charmie_speakers:/home/utilizador/charmie_ws/install/charmie_restaurant:/home/utilizador/charmie_ws/install/charmie_receptionist:/home/utilizador/charmie_ws/install/charmie_ps4_controller:/home/utilizador/charmie_ws/install/charmie_person_localisation:/home/utilizador/charmie_ws/install/charmie_odometry:/home/utilizador/charmie_ws/install/charmie_obstacles:/home/utilizador/charmie_ws/install/charmie_neck_dynamixel:/home/utilizador/charmie_ws/install/charmie_navigation_sdnl:/home/utilizador/charmie_ws/install/charmie_low_level:/home/utilizador/charmie_ws/install/charmie_localisation:/home/utilizador/charmie_ws/install/charmie_lidar_hokuyo:/home/utilizador/charmie_ws/install/charmie_inspection:/home/utilizador/charmie_ws/install/charmie_debug:/home/utilizador/charmie_ws/install/charmie_carry_luggage:/home/utilizador/charmie_ws/install/charmie_audio:/home/utilizador/charmie_ws/install/charmie_face_shiningrgb:/home/utilizador/charmie_ws/install/charmie_door_start:/home/utilizador/charmie_ws/install/charmie_diagnostics:/opt/ros/foxy /home/utilizador/.local/bin/cmake /home/utilizador/charmie_ws/src/realsense-ros/realsense2_camera_msgs -DCMAKE_INSTALL_PREFIX=/home/utilizador/charmie_ws/install/realsense2_camera_msgs
[2.227s] [33mCMake Warning (dev) at /opt/ros/foxy/share/ament_cmake_core/cmake/core/python.cmake:22 (find_package):
[2.227s]   Policy CMP0148 is not set: The FindPythonInterp and FindPythonLibs modules
[2.229s]   are removed.  Run "cmake --help-policy CMP0148" for policy details.  Use
[2.229s]   the cmake_policy command to set the policy and suppress this warning.
[2.230s] 
[2.230s] Call Stack (most recent call first):
[2.231s]   /opt/ros/foxy/share/ament_cmake_core/cmake/core/all.cmake:53 (include)
[2.232s]   /opt/ros/foxy/share/ament_cmake_core/cmake/ament_cmake_core-extras.cmake:17 (include)
[2.232s]   /opt/ros/foxy/share/ament_cmake_core/cmake/ament_cmake_coreConfig.cmake:41 (include)
[2.232s]   /opt/ros/foxy/share/ament_cmake/cmake/ament_cmake_export_dependencies-extras.cmake:15 (find_package)
[2.234s]   /opt/ros/foxy/share/ament_cmake/cmake/ament_cmakeConfig.cmake:41 (include)
[2.234s]   CMakeLists.txt:27 (find_package)
[2.234s] This warning is for project developers.  Use -Wno-dev to suppress it.
[2.235s] [0m
[2.235s] [33mCMake Warning (dev) at /opt/ros/foxy/share/rosidl_adapter/cmake/rosidl_adapt_interfaces.cmake:40 (find_package):
[2.236s]   Policy CMP0148 is not set: The FindPythonInterp and FindPythonLibs modules
[2.236s]   are removed.  Run "cmake --help-policy CMP0148" for policy details.  Use
[2.239s]   the cmake_policy command to set the policy and suppress this warning.
[2.240s] 
[2.241s] Call Stack (most recent call first):
[2.242s]   /opt/ros/foxy/share/rosidl_cmake/cmake/rosidl_generate_interfaces.cmake:130 (rosidl_adapt_interfaces)
[2.242s]   CMakeLists.txt:37 (rosidl_generate_interfaces)
[2.243s] This warning is for project developers.  Use -Wno-dev to suppress it.
[2.243s] [0m
[2.244s] [33mCMake Warning (dev) at /opt/ros/foxy/share/rosidl_generator_py/cmake/rosidl_generator_py_generate_interfaces.cmake:20 (find_package):
[2.246s]   Policy CMP0148 is not set: The FindPythonInterp and FindPythonLibs modules
[2.247s]   are removed.  Run "cmake --help-policy CMP0148" for policy details.  Use
[2.247s]   the cmake_policy command to set the policy and suppress this warning.
[2.247s] 
[2.247s] Call Stack (most recent call first):
[2.248s]   /opt/ros/foxy/share/ament_cmake_core/cmake/core/ament_execute_extensions.cmake:48 (include)
[2.248s]   /opt/ros/foxy/share/rosidl_cmake/cmake/rosidl_generate_interfaces.cmake:286 (ament_execute_extensions)
[2.248s]   CMakeLists.txt:37 (rosidl_generate_interfaces)
[2.248s] This warning is for project developers.  Use -Wno-dev to suppress it.
[2.248s] [0m
[2.248s] [33mCMake Warning (dev) at /opt/ros/foxy/share/python_cmake_module/cmake/Modules/FindPythonExtra.cmake:45 (find_package):
[2.249s]   Policy CMP0148 is not set: The FindPythonInterp and FindPythonLibs modules
[2.249s]   are removed.  Run "cmake --help-policy CMP0148" for policy details.  Use
[2.249s]   the cmake_policy command to set the policy and suppress this warning.
[2.249s] 
[2.249s] Call Stack (most recent call first):
[2.249s]   /opt/ros/foxy/share/rosidl_generator_py/cmake/rosidl_generator_py_generate_interfaces.cmake:23 (find_package)
[2.250s]   /opt/ros/foxy/share/ament_cmake_core/cmake/core/ament_execute_extensions.cmake:48 (include)
[2.250s]   /opt/ros/foxy/share/rosidl_cmake/cmake/rosidl_generate_interfaces.cmake:286 (ament_execute_extensions)
[2.250s]   CMakeLists.txt:37 (rosidl_generate_interfaces)
[2.250s] This warning is for project developers.  Use -Wno-dev to suppress it.
[2.251s] [0m
[2.253s] [33mCMake Warning (dev) at /opt/ros/foxy/share/python_cmake_module/cmake/Modules/FindPythonExtra.cmake:133 (find_package):
[2.253s]   Policy CMP0148 is not set: The FindPythonInterp and FindPythonLibs modules
[2.254s]   are removed.  Run "cmake --help-policy CMP0148" for policy details.  Use
[2.254s]   the cmake_policy command to set the policy and suppress this warning.
[2.255s] 
[2.257s] Call Stack (most recent call first):
[2.258s]   /opt/ros/foxy/share/rosidl_generator_py/cmake/rosidl_generator_py_generate_interfaces.cmake:23 (find_package)
[2.258s]   /opt/ros/foxy/share/ament_cmake_core/cmake/core/ament_execute_extensions.cmake:48 (include)
[2.260s]   /opt/ros/foxy/share/rosidl_cmake/cmake/rosidl_generate_interfaces.cmake:286 (ament_execute_extensions)
[2.260s]   CMakeLists.txt:37 (rosidl_generate_interfaces)
[2.261s] This warning is for project developers.  Use -Wno-dev to suppress it.
[2.262s] [0m
[2.262s] -- Found ament_cmake: 0.9.12 (/opt/ros/foxy/share/ament_cmake/cmake)
[2.262s] -- Found PythonInterp: /usr/bin/python3 (found suitable version "3.8.10", minimum required is "3") 
[2.262s] -- Using PYTHON_EXECUTABLE: /usr/bin/python3
[2.262s] -- Override CMake install command with custom implementation using symlinks instead of copying resources
[2.262s] -- Found rosidl_default_generators: 1.0.1 (/opt/ros/foxy/share/rosidl_default_generators/cmake)
[2.263s] -- Using all available rosidl_typesupport_c: rosidl_typesupport_fastrtps_c;rosidl_typesupport_introspection_c
[2.263s] -- Found rosidl_adapter: 1.3.1 (/opt/ros/foxy/share/rosidl_adapter/cmake)
[2.263s] -- Using all available rosidl_typesupport_cpp: rosidl_typesupport_fastrtps_cpp;rosidl_typesupport_introspection_cpp
[2.263s] -- Found builtin_interfaces: 1.0.0 (/opt/ros/foxy/share/builtin_interfaces/cmake)
[2.263s] -- Found std_msgs: 2.0.5 (/opt/ros/foxy/share/std_msgs/cmake)
[2.263s] -- Found PythonInterp: /usr/bin/python3 (found version "3.8.10") 
[2.263s] -- Found ament_cmake_cppcheck: 0.9.8 (/opt/ros/foxy/share/ament_cmake_cppcheck/cmake)
[2.264s] -- Found ament_cmake_cpplint: 0.9.8 (/opt/ros/foxy/share/ament_cmake_cpplint/cmake)
[2.264s] -- Found ament_cmake_uncrustify: 0.9.8 (/opt/ros/foxy/share/ament_cmake_uncrustify/cmake)
[2.264s] -- Found ament_cmake_ros: 0.9.2 (/opt/ros/foxy/share/ament_cmake_ros/cmake)
[2.264s] -- Using all available rosidl_typesupport_c: rosidl_typesupport_fastrtps_c;rosidl_typesupport_introspection_c
[2.264s] -- Using all available rosidl_typesupport_cpp: rosidl_typesupport_fastrtps_cpp;rosidl_typesupport_introspection_cpp
[2.264s] -- Found PythonInterp: /usr/bin/python3 (found suitable version "3.8.10", minimum required is "3.5") 
[2.264s] -- Found python_cmake_module: 0.8.1 (/opt/ros/foxy/share/python_cmake_module/cmake)
[2.265s] -- Using PYTHON_EXECUTABLE: /usr/bin/python3
[2.265s] -- Using PYTHON_INCLUDE_DIRS: /usr/include/python3.8
[2.265s] -- Using PYTHON_LIBRARIES: /usr/lib/x86_64-linux-gnu/libpython3.8.so
[2.265s] -- Found ament_cmake_flake8: 0.9.8 (/opt/ros/foxy/share/ament_cmake_flake8/cmake)
[2.265s] -- Found ament_cmake_pep257: 0.9.8 (/opt/ros/foxy/share/ament_cmake_pep257/cmake)
[2.265s] -- Configuring done (1.4s)
[2.265s] -- Generating done (0.0s)
[2.266s] -- Build files have been written to: /home/utilizador/charmie_ws/build/realsense2_camera_msgs
[2.283s] Invoked command in '/home/utilizador/charmie_ws/build/realsense2_camera_msgs' returned '0': CMAKE_PREFIX_PATH=${CMAKE_PREFIX_PATH}:/home/utilizador/charmie_ws/install/yolopose:/home/utilizador/charmie_ws/install/yolo_obj:/home/utilizador/charmie_ws/install/charmie_stickler_for_the_rules:/home/utilizador/charmie_ws/install/charmie_speakers_offline:/home/utilizador/charmie_ws/install/charmie_speakers:/home/utilizador/charmie_ws/install/charmie_restaurant:/home/utilizador/charmie_ws/install/charmie_receptionist:/home/utilizador/charmie_ws/install/charmie_ps4_controller:/home/utilizador/charmie_ws/install/charmie_person_localisation:/home/utilizador/charmie_ws/install/charmie_odometry:/home/utilizador/charmie_ws/install/charmie_obstacles:/home/utilizador/charmie_ws/install/charmie_neck_dynamixel:/home/utilizador/charmie_ws/install/charmie_navigation_sdnl:/home/utilizador/charmie_ws/install/charmie_low_level:/home/utilizador/charmie_ws/install/charmie_localisation:/home/utilizador/charmie_ws/install/charmie_lidar_hokuyo:/home/utilizador/charmie_ws/install/charmie_inspection:/home/utilizador/charmie_ws/install/charmie_debug:/home/utilizador/charmie_ws/install/charmie_carry_luggage:/home/utilizador/charmie_ws/install/charmie_audio:/home/utilizador/charmie_ws/install/charmie_face_shiningrgb:/home/utilizador/charmie_ws/install/charmie_door_start:/home/utilizador/charmie_ws/install/charmie_diagnostics:/opt/ros/foxy /home/utilizador/.local/bin/cmake /home/utilizador/charmie_ws/src/realsense-ros/realsense2_camera_msgs -DCMAKE_INSTALL_PREFIX=/home/utilizador/charmie_ws/install/realsense2_camera_msgs
[2.284s] Invoking command in '/home/utilizador/charmie_ws/build/realsense2_camera_msgs': CMAKE_PREFIX_PATH=${CMAKE_PREFIX_PATH}:/home/utilizador/charmie_ws/install/yolopose:/home/utilizador/charmie_ws/install/yolo_obj:/home/utilizador/charmie_ws/install/charmie_stickler_for_the_rules:/home/utilizador/charmie_ws/install/charmie_speakers_offline:/home/utilizador/charmie_ws/install/charmie_speakers:/home/utilizador/charmie_ws/install/charmie_restaurant:/home/utilizador/charmie_ws/install/charmie_receptionist:/home/utilizador/charmie_ws/install/charmie_ps4_controller:/home/utilizador/charmie_ws/install/charmie_person_localisation:/home/utilizador/charmie_ws/install/charmie_odometry:/home/utilizador/charmie_ws/install/charmie_obstacles:/home/utilizador/charmie_ws/install/charmie_neck_dynamixel:/home/utilizador/charmie_ws/install/charmie_navigation_sdnl:/home/utilizador/charmie_ws/install/charmie_low_level:/home/utilizador/charmie_ws/install/charmie_localisation:/home/utilizador/charmie_ws/install/charmie_lidar_hokuyo:/home/utilizador/charmie_ws/install/charmie_inspection:/home/utilizador/charmie_ws/install/charmie_debug:/home/utilizador/charmie_ws/install/charmie_carry_luggage:/home/utilizador/charmie_ws/install/charmie_audio:/home/utilizador/charmie_ws/install/charmie_face_shiningrgb:/home/utilizador/charmie_ws/install/charmie_door_start:/home/utilizador/charmie_ws/install/charmie_diagnostics:/opt/ros/foxy /home/utilizador/.local/bin/cmake --build /home/utilizador/charmie_ws/build/realsense2_camera_msgs -- -j8 -l8
[2.339s] [  1%] Built target realsense2_camera_msgs__cpp
[2.341s] [ 12%] Built target realsense2_camera_msgs__rosidl_generator_c
[2.371s] [ 23%] Built target realsense2_camera_msgs__rosidl_typesupport_cpp
[2.383s] [ 34%] Built target realsense2_camera_msgs__rosidl_typesupport_introspection_cpp
[2.388s] [ 45%] Built target realsense2_camera_msgs__rosidl_typesupport_fastrtps_cpp
[2.415s] [ 56%] Built target realsense2_camera_msgs__rosidl_typesupport_c
[2.422s] [ 67%] Built target realsense2_camera_msgs__rosidl_typesupport_introspection_c
[2.428s] [ 78%] Built target realsense2_camera_msgs__rosidl_typesupport_fastrtps_c
[2.460s] [ 78%] Built target realsense2_camera_msgs
[2.482s] [ 80%] Built target realsense2_camera_msgs__py
[2.514s] [ 89%] Built target realsense2_camera_msgs__python
[2.543s] [ 92%] Built target realsense2_camera_msgs__rosidl_typesupport_c__pyext
[2.556s] [ 96%] Built target realsense2_camera_msgs__rosidl_typesupport_fastrtps_c__pyext
[2.560s] [100%] Built target realsense2_camera_msgs__rosidl_typesupport_introspection_c__pyext
[2.640s] Invoked command in '/home/utilizador/charmie_ws/build/realsense2_camera_msgs' returned '0': CMAKE_PREFIX_PATH=${CMAKE_PREFIX_PATH}:/home/utilizador/charmie_ws/install/yolopose:/home/utilizador/charmie_ws/install/yolo_obj:/home/utilizador/charmie_ws/install/charmie_stickler_for_the_rules:/home/utilizador/charmie_ws/install/charmie_speakers_offline:/home/utilizador/charmie_ws/install/charmie_speakers:/home/utilizador/charmie_ws/install/charmie_restaurant:/home/utilizador/charmie_ws/install/charmie_receptionist:/home/utilizador/charmie_ws/install/charmie_ps4_controller:/home/utilizador/charmie_ws/install/charmie_person_localisation:/home/utilizador/charmie_ws/install/charmie_odometry:/home/utilizador/charmie_ws/install/charmie_obstacles:/home/utilizador/charmie_ws/install/charmie_neck_dynamixel:/home/utilizador/charmie_ws/install/charmie_navigation_sdnl:/home/utilizador/charmie_ws/install/charmie_low_level:/home/utilizador/charmie_ws/install/charmie_localisation:/home/utilizador/charmie_ws/install/charmie_lidar_hokuyo:/home/utilizador/charmie_ws/install/charmie_inspection:/home/utilizador/charmie_ws/install/charmie_debug:/home/utilizador/charmie_ws/install/charmie_carry_luggage:/home/utilizador/charmie_ws/install/charmie_audio:/home/utilizador/charmie_ws/install/charmie_face_shiningrgb:/home/utilizador/charmie_ws/install/charmie_door_start:/home/utilizador/charmie_ws/install/charmie_diagnostics:/opt/ros/foxy /home/utilizador/.local/bin/cmake --build /home/utilizador/charmie_ws/build/realsense2_camera_msgs -- -j8 -l8
[2.900s] Invoking command in '/home/utilizador/charmie_ws/build/realsense2_camera_msgs': CMAKE_PREFIX_PATH=${CMAKE_PREFIX_PATH}:/home/utilizador/charmie_ws/install/yolopose:/home/utilizador/charmie_ws/install/yolo_obj:/home/utilizador/charmie_ws/install/charmie_stickler_for_the_rules:/home/utilizador/charmie_ws/install/charmie_speakers_offline:/home/utilizador/charmie_ws/install/charmie_speakers:/home/utilizador/charmie_ws/install/charmie_restaurant:/home/utilizador/charmie_ws/install/charmie_receptionist:/home/utilizador/charmie_ws/install/charmie_ps4_controller:/home/utilizador/charmie_ws/install/charmie_person_localisation:/home/utilizador/charmie_ws/install/charmie_odometry:/home/utilizador/charmie_ws/install/charmie_obstacles:/home/utilizador/charmie_ws/install/charmie_neck_dynamixel:/home/utilizador/charmie_ws/install/charmie_navigation_sdnl:/home/utilizador/charmie_ws/install/charmie_low_level:/home/utilizador/charmie_ws/install/charmie_localisation:/home/utilizador/charmie_ws/install/charmie_lidar_hokuyo:/home/utilizador/charmie_ws/install/charmie_inspection:/home/utilizador/charmie_ws/install/charmie_debug:/home/utilizador/charmie_ws/install/charmie_carry_luggage:/home/utilizador/charmie_ws/install/charmie_audio:/home/utilizador/charmie_ws/install/charmie_face_shiningrgb:/home/utilizador/charmie_ws/install/charmie_door_start:/home/utilizador/charmie_ws/install/charmie_diagnostics:/opt/ros/foxy /home/utilizador/.local/bin/cmake --install /home/utilizador/charmie_ws/build/realsense2_camera_msgs
[3.001s] -- Install configuration: ""
[3.001s] -- Execute custom install script
[3.001s] -- Up-to-date symlink: /home/utilizador/charmie_ws/install/realsense2_camera_msgs/share/ament_index/resource_index/rosidl_interfaces/realsense2_camera_msgs
[3.002s] -- Up-to-date symlink: /home/utilizador/charmie_ws/install/realsense2_camera_msgs/include/realsense2_camera_msgs/msg/detail/extrinsics__functions.h
[3.002s] -- Up-to-date symlink: /home/utilizador/charmie_ws/install/realsense2_camera_msgs/include/realsense2_camera_msgs/msg/detail/extrinsics__struct.h
[3.004s] -- Up-to-date symlink: /home/utilizador/charmie_ws/install/realsense2_camera_msgs/include/realsense2_camera_msgs/msg/detail/extrinsics__type_support.h
[3.004s] -- Up-to-date symlink: /home/utilizador/charmie_ws/install/realsense2_camera_msgs/include/realsense2_camera_msgs/msg/detail/imu_info__functions.h
[3.005s] -- Up-to-date symlink: /home/utilizador/charmie_ws/install/realsense2_camera_msgs/include/realsense2_camera_msgs/msg/detail/imu_info__struct.h
[3.005s] -- Up-to-date symlink: /home/utilizador/charmie_ws/install/realsense2_camera_msgs/include/realsense2_camera_msgs/msg/detail/imu_info__type_support.h
[3.005s] -- Up-to-date symlink: /home/utilizador/charmie_ws/install/realsense2_camera_msgs/include/realsense2_camera_msgs/msg/detail/metadata__functions.h
[3.005s] -- Up-to-date symlink: /home/utilizador/charmie_ws/install/realsense2_camera_msgs/include/realsense2_camera_msgs/msg/detail/metadata__struct.h
[3.006s] -- Up-to-date symlink: /home/utilizador/charmie_ws/install/realsense2_camera_msgs/include/realsense2_camera_msgs/msg/detail/metadata__type_support.h
[3.006s] -- Up-to-date symlink: /home/utilizador/charmie_ws/install/realsense2_camera_msgs/include/realsense2_camera_msgs/msg/extrinsics.h
[3.006s] -- Up-to-date symlink: /home/utilizador/charmie_ws/install/realsense2_camera_msgs/include/realsense2_camera_msgs/msg/imu_info.h
[3.006s] -- Up-to-date symlink: /home/utilizador/charmie_ws/install/realsense2_camera_msgs/include/realsense2_camera_msgs/msg/metadata.h
[3.007s] -- Up-to-date symlink: /home/utilizador/charmie_ws/install/realsense2_camera_msgs/include/realsense2_camera_msgs/msg/rosidl_generator_c__visibility_control.h
[3.007s] -- Up-to-date symlink: /home/utilizador/charmie_ws/install/realsense2_camera_msgs/include/realsense2_camera_msgs/srv/detail/device_info__functions.h
[3.007s] -- Up-to-date symlink: /home/utilizador/charmie_ws/install/realsense2_camera_msgs/include/realsense2_camera_msgs/srv/detail/device_info__struct.h
[3.007s] -- Up-to-date symlink: /home/utilizador/charmie_ws/install/realsense2_camera_msgs/include/realsense2_camera_msgs/srv/detail/device_info__type_support.h
[3.008s] -- Up-to-date symlink: /home/utilizador/charmie_ws/install/realsense2_camera_msgs/include/realsense2_camera_msgs/srv/device_info.h
[3.008s] -- Up-to-date symlink: /home/utilizador/charmie_ws/install/realsense2_camera_msgs/share/realsense2_camera_msgs/environment/library_path.sh
[3.008s] -- Up-to-date symlink: /home/utilizador/charmie_ws/install/realsense2_camera_msgs/share/realsense2_camera_msgs/environment/library_path.dsv
[3.009s] -- Up-to-date symlink: /home/utilizador/charmie_ws/install/realsense2_camera_msgs/include/realsense2_camera_msgs/msg/detail/extrinsics__rosidl_typesupport_fastrtps_c.h
[3.010s] -- Up-to-date symlink: /home/utilizador/charmie_ws/install/realsense2_camera_msgs/include/realsense2_camera_msgs/msg/detail/imu_info__rosidl_typesupport_fastrtps_c.h
[3.010s] -- Up-to-date symlink: /home/utilizador/charmie_ws/install/realsense2_camera_msgs/include/realsense2_camera_msgs/msg/detail/metadata__rosidl_typesupport_fastrtps_c.h
[3.010s] -- Up-to-date symlink: /home/utilizador/charmie_ws/install/realsense2_camera_msgs/include/realsense2_camera_msgs/msg/rosidl_typesupport_fastrtps_c__visibility_control.h
[3.011s] -- Up-to-date symlink: /home/utilizador/charmie_ws/install/realsense2_camera_msgs/include/realsense2_camera_msgs/srv/detail/device_info__rosidl_typesupport_fastrtps_c.h
[3.011s] -- Up-to-date symlink: /home/utilizador/charmie_ws/install/realsense2_camera_msgs/lib/librealsense2_camera_msgs__rosidl_typesupport_fastrtps_c.so
[3.012s] -- Up-to-date symlink: /home/utilizador/charmie_ws/install/realsense2_camera_msgs/include/realsense2_camera_msgs/msg/detail/extrinsics__rosidl_typesupport_fastrtps_cpp.hpp
[3.013s] -- Up-to-date symlink: /home/utilizador/charmie_ws/install/realsense2_camera_msgs/include/realsense2_camera_msgs/msg/detail/imu_info__rosidl_typesupport_fastrtps_cpp.hpp
[3.013s] -- Up-to-date symlink: /home/utilizador/charmie_ws/install/realsense2_camera_msgs/include/realsense2_camera_msgs/msg/detail/metadata__rosidl_typesupport_fastrtps_cpp.hpp
[3.013s] -- Up-to-date symlink: /home/utilizador/charmie_ws/install/realsense2_camera_msgs/include/realsense2_camera_msgs/msg/rosidl_typesupport_fastrtps_cpp__visibility_control.h
[3.013s] -- Up-to-date symlink: /home/utilizador/charmie_ws/install/realsense2_camera_msgs/include/realsense2_camera_msgs/srv/detail/device_info__rosidl_typesupport_fastrtps_cpp.hpp
[3.014s] -- Up-to-date symlink: /home/utilizador/charmie_ws/install/realsense2_camera_msgs/lib/librealsense2_camera_msgs__rosidl_typesupport_fastrtps_cpp.so
[3.015s] -- Up-to-date symlink: /home/utilizador/charmie_ws/install/realsense2_camera_msgs/include/realsense2_camera_msgs/msg/detail/extrinsics__rosidl_typesupport_introspection_c.h
[3.015s] -- Up-to-date symlink: /home/utilizador/charmie_ws/install/realsense2_camera_msgs/include/realsense2_camera_msgs/msg/detail/imu_info__rosidl_typesupport_introspection_c.h
[3.015s] -- Up-to-date symlink: /home/utilizador/charmie_ws/install/realsense2_camera_msgs/include/realsense2_camera_msgs/msg/detail/metadata__rosidl_typesupport_introspection_c.h
[3.015s] -- Up-to-date symlink: /home/utilizador/charmie_ws/install/realsense2_camera_msgs/include/realsense2_camera_msgs/msg/rosidl_typesupport_introspection_c__visibility_control.h
[3.017s] -- Up-to-date symlink: /home/utilizador/charmie_ws/install/realsense2_camera_msgs/include/realsense2_camera_msgs/srv/detail/device_info__rosidl_typesupport_introspection_c.h
[3.018s] -- Up-to-date symlink: /home/utilizador/charmie_ws/install/realsense2_camera_msgs/include/realsense2_camera_msgs/msg/detail/extrinsics__builder.hpp
[3.018s] -- Up-to-date symlink: /home/utilizador/charmie_ws/install/realsense2_camera_msgs/include/realsense2_camera_msgs/msg/detail/extrinsics__struct.hpp
[3.018s] -- Up-to-date symlink: /home/utilizador/charmie_ws/install/realsense2_camera_msgs/include/realsense2_camera_msgs/msg/detail/extrinsics__traits.hpp
[3.018s] -- Up-to-date symlink: /home/utilizador/charmie_ws/install/realsense2_camera_msgs/include/realsense2_camera_msgs/msg/detail/extrinsics__type_support.hpp
[3.018s] -- Up-to-date symlink: /home/utilizador/charmie_ws/install/realsense2_camera_msgs/include/realsense2_camera_msgs/msg/detail/imu_info__builder.hpp
[3.018s] -- Up-to-date symlink: /home/utilizador/charmie_ws/install/realsense2_camera_msgs/include/realsense2_camera_msgs/msg/detail/imu_info__struct.hpp
[3.019s] -- Up-to-date symlink: /home/utilizador/charmie_ws/install/realsense2_camera_msgs/include/realsense2_camera_msgs/msg/detail/imu_info__traits.hpp
[3.019s] -- Up-to-date symlink: /home/utilizador/charmie_ws/install/realsense2_camera_msgs/include/realsense2_camera_msgs/msg/detail/imu_info__type_support.hpp
[3.020s] -- Up-to-date symlink: /home/utilizador/charmie_ws/install/realsense2_camera_msgs/include/realsense2_camera_msgs/msg/detail/metadata__builder.hpp
[3.020s] -- Up-to-date symlink: /home/utilizador/charmie_ws/install/realsense2_camera_msgs/include/realsense2_camera_msgs/msg/detail/metadata__struct.hpp
[3.020s] -- Up-to-date symlink: /home/utilizador/charmie_ws/install/realsense2_camera_msgs/include/realsense2_camera_msgs/msg/detail/metadata__traits.hpp
[3.020s] -- Up-to-date symlink: /home/utilizador/charmie_ws/install/realsense2_camera_msgs/include/realsense2_camera_msgs/msg/detail/metadata__type_support.hpp
[3.021s] -- Up-to-date symlink: /home/utilizador/charmie_ws/install/realsense2_camera_msgs/include/realsense2_camera_msgs/msg/extrinsics.hpp
[3.021s] -- Up-to-date symlink: /home/utilizador/charmie_ws/install/realsense2_camera_msgs/include/realsense2_camera_msgs/msg/imu_info.hpp
[3.021s] -- Up-to-date symlink: /home/utilizador/charmie_ws/install/realsense2_camera_msgs/include/realsense2_camera_msgs/msg/metadata.hpp
[3.021s] -- Up-to-date symlink: /home/utilizador/charmie_ws/install/realsense2_camera_msgs/include/realsense2_camera_msgs/msg/rosidl_generator_cpp__visibility_control.hpp
[3.022s] -- Up-to-date symlink: /home/utilizador/charmie_ws/install/realsense2_camera_msgs/include/realsense2_camera_msgs/srv/detail/device_info__builder.hpp
[3.022s] -- Up-to-date symlink: /home/utilizador/charmie_ws/install/realsense2_camera_msgs/include/realsense2_camera_msgs/srv/detail/device_info__struct.hpp
[3.022s] -- Up-to-date symlink: /home/utilizador/charmie_ws/install/realsense2_camera_msgs/include/realsense2_camera_msgs/srv/detail/device_info__traits.hpp
[3.022s] -- Up-to-date symlink: /home/utilizador/charmie_ws/install/realsense2_camera_msgs/include/realsense2_camera_msgs/srv/detail/device_info__type_support.hpp
[3.023s] -- Up-to-date symlink: /home/utilizador/charmie_ws/install/realsense2_camera_msgs/include/realsense2_camera_msgs/srv/device_info.hpp
[3.023s] -- Up-to-date symlink: /home/utilizador/charmie_ws/install/realsense2_camera_msgs/include/realsense2_camera_msgs/msg/detail/extrinsics__rosidl_typesupport_introspection_cpp.hpp
[3.024s] -- Up-to-date symlink: /home/utilizador/charmie_ws/install/realsense2_camera_msgs/include/realsense2_camera_msgs/msg/detail/imu_info__rosidl_typesupport_introspection_cpp.hpp
[3.024s] -- Up-to-date symlink: /home/utilizador/charmie_ws/install/realsense2_camera_msgs/include/realsense2_camera_msgs/msg/detail/metadata__rosidl_typesupport_introspection_cpp.hpp
[3.024s] -- Up-to-date symlink: /home/utilizador/charmie_ws/install/realsense2_camera_msgs/include/realsense2_camera_msgs/srv/detail/device_info__rosidl_typesupport_introspection_cpp.hpp
[3.025s] -- Up-to-date symlink: /home/utilizador/charmie_ws/install/realsense2_camera_msgs/share/realsense2_camera_msgs/environment/pythonpath.sh
[3.025s] -- Up-to-date symlink: /home/utilizador/charmie_ws/install/realsense2_camera_msgs/share/realsense2_camera_msgs/environment/pythonpath.dsv
[3.025s] -- Up-to-date symlink: /home/utilizador/charmie_ws/install/realsense2_camera_msgs/lib/python3.8/site-packages/realsense2_camera_msgs/__init__.py
[3.026s] -- Up-to-date symlink: /home/utilizador/charmie_ws/install/realsense2_camera_msgs/lib/python3.8/site-packages/realsense2_camera_msgs/msg/__init__.py
[3.026s] -- Up-to-date symlink: /home/utilizador/charmie_ws/install/realsense2_camera_msgs/lib/python3.8/site-packages/realsense2_camera_msgs/msg/_extrinsics.py
[3.026s] -- Up-to-date symlink: /home/utilizador/charmie_ws/install/realsense2_camera_msgs/lib/python3.8/site-packages/realsense2_camera_msgs/msg/_imu_info.py
[3.027s] -- Up-to-date symlink: /home/utilizador/charmie_ws/install/realsense2_camera_msgs/lib/python3.8/site-packages/realsense2_camera_msgs/msg/_metadata.py
[3.027s] -- Up-to-date symlink: /home/utilizador/charmie_ws/install/realsense2_camera_msgs/lib/python3.8/site-packages/realsense2_camera_msgs/srv/__init__.py
[3.028s] -- Up-to-date symlink: /home/utilizador/charmie_ws/install/realsense2_camera_msgs/lib/python3.8/site-packages/realsense2_camera_msgs/srv/_device_info.py
[3.028s] -- Up-to-date symlink: /home/utilizador/charmie_ws/install/realsense2_camera_msgs/lib/python3.8/site-packages/realsense2_camera_msgs/realsense2_camera_msgs_s__rosidl_typesupport_fastrtps_c.cpython-38-x86_64-linux-gnu.so
[3.029s] -- Up-to-date symlink: /home/utilizador/charmie_ws/install/realsense2_camera_msgs/lib/python3.8/site-packages/realsense2_camera_msgs/realsense2_camera_msgs_s__rosidl_typesupport_introspection_c.cpython-38-x86_64-linux-gnu.so
[3.029s] -- Up-to-date symlink: /home/utilizador/charmie_ws/install/realsense2_camera_msgs/lib/python3.8/site-packages/realsense2_camera_msgs/realsense2_camera_msgs_s__rosidl_typesupport_c.cpython-38-x86_64-linux-gnu.so
[3.030s] -- Up-to-date symlink: /home/utilizador/charmie_ws/install/realsense2_camera_msgs/lib/librealsense2_camera_msgs__python.so
[3.030s] -- Up-to-date symlink: /home/utilizador/charmie_ws/install/realsense2_camera_msgs/share/realsense2_camera_msgs/msg/IMUInfo.idl
[3.030s] -- Up-to-date symlink: /home/utilizador/charmie_ws/install/realsense2_camera_msgs/share/realsense2_camera_msgs/msg/Extrinsics.idl
[3.031s] -- Up-to-date symlink: /home/utilizador/charmie_ws/install/realsense2_camera_msgs/share/realsense2_camera_msgs/msg/Metadata.idl
[3.031s] -- Up-to-date symlink: /home/utilizador/charmie_ws/install/realsense2_camera_msgs/share/realsense2_camera_msgs/srv/DeviceInfo.idl
[3.034s] -- Up-to-date symlink: /home/utilizador/charmie_ws/install/realsense2_camera_msgs/share/realsense2_camera_msgs/msg/IMUInfo.msg
[3.034s] -- Up-to-date symlink: /home/utilizador/charmie_ws/install/realsense2_camera_msgs/share/realsense2_camera_msgs/msg/Extrinsics.msg
[3.034s] -- Up-to-date symlink: /home/utilizador/charmie_ws/install/realsense2_camera_msgs/share/realsense2_camera_msgs/msg/Metadata.msg
[3.034s] -- Up-to-date symlink: /home/utilizador/charmie_ws/install/realsense2_camera_msgs/share/realsense2_camera_msgs/srv/DeviceInfo.srv
[3.034s] -- Up-to-date symlink: /home/utilizador/charmie_ws/install/realsense2_camera_msgs/share/realsense2_camera_msgs/srv/DeviceInfo_Request.msg
[3.035s] -- Up-to-date symlink: /home/utilizador/charmie_ws/install/realsense2_camera_msgs/share/realsense2_camera_msgs/srv/DeviceInfo_Response.msg
[3.035s] -- Up-to-date symlink: /home/utilizador/charmie_ws/install/realsense2_camera_msgs/share/ament_index/resource_index/package_run_dependencies/realsense2_camera_msgs
[3.035s] -- Up-to-date symlink: /home/utilizador/charmie_ws/install/realsense2_camera_msgs/share/ament_index/resource_index/parent_prefix_path/realsense2_camera_msgs
[3.035s] -- Up-to-date symlink: /home/utilizador/charmie_ws/install/realsense2_camera_msgs/share/realsense2_camera_msgs/environment/ament_prefix_path.sh
[3.035s] -- Up-to-date symlink: /home/utilizador/charmie_ws/install/realsense2_camera_msgs/share/realsense2_camera_msgs/environment/ament_prefix_path.dsv
[3.035s] -- Up-to-date symlink: /home/utilizador/charmie_ws/install/realsense2_camera_msgs/share/realsense2_camera_msgs/environment/path.sh
[3.036s] -- Up-to-date symlink: /home/utilizador/charmie_ws/install/realsense2_camera_msgs/share/realsense2_camera_msgs/environment/path.dsv
[3.036s] -- Up-to-date symlink: /home/utilizador/charmie_ws/install/realsense2_camera_msgs/share/realsense2_camera_msgs/local_setup.bash
[3.036s] -- Up-to-date symlink: /home/utilizador/charmie_ws/install/realsense2_camera_msgs/share/realsense2_camera_msgs/local_setup.sh
[3.037s] -- Up-to-date symlink: /home/utilizador/charmie_ws/install/realsense2_camera_msgs/share/realsense2_camera_msgs/local_setup.zsh
[3.037s] -- Up-to-date symlink: /home/utilizador/charmie_ws/install/realsense2_camera_msgs/share/realsense2_camera_msgs/local_setup.dsv
[3.037s] -- Symlinking: /home/utilizador/charmie_ws/install/realsense2_camera_msgs/share/realsense2_camera_msgs/package.dsv
[3.042s] -- Up-to-date symlink: /home/utilizador/charmie_ws/install/realsense2_camera_msgs/share/ament_index/resource_index/packages/realsense2_camera_msgs
[3.043s] -- Up-to-date symlink: /home/utilizador/charmie_ws/install/realsense2_camera_msgs/share/realsense2_camera_msgs/cmake/rosidl_cmake-extras.cmake
[3.043s] -- Up-to-date symlink: /home/utilizador/charmie_ws/install/realsense2_camera_msgs/share/realsense2_camera_msgs/cmake/ament_cmake_export_dependencies-extras.cmake
[3.044s] -- Up-to-date symlink: /home/utilizador/charmie_ws/install/realsense2_camera_msgs/share/realsense2_camera_msgs/cmake/ament_cmake_export_libraries-extras.cmake
[3.044s] -- Up-to-date symlink: /home/utilizador/charmie_ws/install/realsense2_camera_msgs/share/realsense2_camera_msgs/cmake/ament_cmake_export_targets-extras.cmake
[3.044s] -- Up-to-date symlink: /home/utilizador/charmie_ws/install/realsense2_camera_msgs/share/realsense2_camera_msgs/cmake/ament_cmake_export_include_directories-extras.cmake
[3.045s] -- Up-to-date symlink: /home/utilizador/charmie_ws/install/realsense2_camera_msgs/share/realsense2_camera_msgs/cmake/rosidl_cmake_export_typesupport_libraries-extras.cmake
[3.045s] -- Up-to-date symlink: /home/utilizador/charmie_ws/install/realsense2_camera_msgs/share/realsense2_camera_msgs/cmake/rosidl_cmake_export_typesupport_targets-extras.cmake
[3.046s] -- Up-to-date symlink: /home/utilizador/charmie_ws/install/realsense2_camera_msgs/share/realsense2_camera_msgs/cmake/realsense2_camera_msgsConfig.cmake
[3.046s] -- Up-to-date symlink: /home/utilizador/charmie_ws/install/realsense2_camera_msgs/share/realsense2_camera_msgs/cmake/realsense2_camera_msgsConfig-version.cmake
[3.046s] -- Up-to-date symlink: /home/utilizador/charmie_ws/install/realsense2_camera_msgs/share/realsense2_camera_msgs/package.xml
[3.047s] -- Up-to-date: /home/utilizador/charmie_ws/install/realsense2_camera_msgs/lib/librealsense2_camera_msgs__rosidl_generator_c.so
[3.047s] -- Up-to-date: /home/utilizador/charmie_ws/install/realsense2_camera_msgs/lib/librealsense2_camera_msgs__rosidl_typesupport_introspection_c.so
[3.048s] -- Up-to-date: /home/utilizador/charmie_ws/install/realsense2_camera_msgs/lib/librealsense2_camera_msgs__rosidl_typesupport_c.so
[3.048s] -- Up-to-date: /home/utilizador/charmie_ws/install/realsense2_camera_msgs/lib/librealsense2_camera_msgs__rosidl_typesupport_introspection_cpp.so
[3.050s] -- Up-to-date: /home/utilizador/charmie_ws/install/realsense2_camera_msgs/lib/librealsense2_camera_msgs__rosidl_typesupport_cpp.so
[3.156s] Compiling '/home/utilizador/charmie_ws/install/realsense2_camera_msgs/lib/python3.8/site-packages/realsense2_camera_msgs/__init__.py'...
[3.166s] -- Up-to-date: /home/utilizador/charmie_ws/install/realsense2_camera_msgs/share/realsense2_camera_msgs/cmake/realsense2_camera_msgs__rosidl_generator_cExport.cmake
[3.166s] -- Up-to-date: /home/utilizador/charmie_ws/install/realsense2_camera_msgs/share/realsense2_camera_msgs/cmake/realsense2_camera_msgs__rosidl_generator_cExport-noconfig.cmake
[3.167s] -- Up-to-date: /home/utilizador/charmie_ws/install/realsense2_camera_msgs/share/realsense2_camera_msgs/cmake/realsense2_camera_msgs__rosidl_typesupport_introspection_cExport.cmake
[3.167s] -- Up-to-date: /home/utilizador/charmie_ws/install/realsense2_camera_msgs/share/realsense2_camera_msgs/cmake/realsense2_camera_msgs__rosidl_typesupport_introspection_cExport-noconfig.cmake
[3.167s] -- Up-to-date: /home/utilizador/charmie_ws/install/realsense2_camera_msgs/share/realsense2_camera_msgs/cmake/realsense2_camera_msgs__rosidl_typesupport_cExport.cmake
[3.167s] -- Up-to-date: /home/utilizador/charmie_ws/install/realsense2_camera_msgs/share/realsense2_camera_msgs/cmake/realsense2_camera_msgs__rosidl_typesupport_cExport-noconfig.cmake
[3.168s] -- Up-to-date: /home/utilizador/charmie_ws/install/realsense2_camera_msgs/share/realsense2_camera_msgs/cmake/realsense2_camera_msgs__rosidl_generator_cppExport.cmake
[3.168s] -- Up-to-date: /home/utilizador/charmie_ws/install/realsense2_camera_msgs/share/realsense2_camera_msgs/cmake/realsense2_camera_msgs__rosidl_typesupport_introspection_cppExport.cmake
[3.168s] -- Up-to-date: /home/utilizador/charmie_ws/install/realsense2_camera_msgs/share/realsense2_camera_msgs/cmake/realsense2_camera_msgs__rosidl_typesupport_introspection_cppExport-noconfig.cmake
[3.168s] -- Up-to-date: /home/utilizador/charmie_ws/install/realsense2_camera_msgs/share/realsense2_camera_msgs/cmake/realsense2_camera_msgs__rosidl_typesupport_cppExport.cmake
[3.168s] -- Up-to-date: /home/utilizador/charmie_ws/install/realsense2_camera_msgs/share/realsense2_camera_msgs/cmake/realsense2_camera_msgs__rosidl_typesupport_cppExport-noconfig.cmake
[3.602s] Invoked command in '/home/utilizador/charmie_ws/build/realsense2_camera_msgs' returned '0': CMAKE_PREFIX_PATH=${CMAKE_PREFIX_PATH}:/home/utilizador/charmie_ws/install/yolopose:/home/utilizador/charmie_ws/install/yolo_obj:/home/utilizador/charmie_ws/install/charmie_stickler_for_the_rules:/home/utilizador/charmie_ws/install/charmie_speakers_offline:/home/utilizador/charmie_ws/install/charmie_speakers:/home/utilizador/charmie_ws/install/charmie_restaurant:/home/utilizador/charmie_ws/install/charmie_receptionist:/home/utilizador/charmie_ws/install/charmie_ps4_controller:/home/utilizador/charmie_ws/install/charmie_person_localisation:/home/utilizador/charmie_ws/install/charmie_odometry:/home/utilizador/charmie_ws/install/charmie_obstacles:/home/utilizador/charmie_ws/install/charmie_neck_dynamixel:/home/utilizador/charmie_ws/install/charmie_navigation_sdnl:/home/utilizador/charmie_ws/install/charmie_low_level:/home/utilizador/charmie_ws/install/charmie_localisation:/home/utilizador/charmie_ws/install/charmie_lidar_hokuyo:/home/utilizador/charmie_ws/install/charmie_inspection:/home/utilizador/charmie_ws/install/charmie_debug:/home/utilizador/charmie_ws/install/charmie_carry_luggage:/home/utilizador/charmie_ws/install/charmie_audio:/home/utilizador/charmie_ws/install/charmie_face_shiningrgb:/home/utilizador/charmie_ws/install/charmie_door_start:/home/utilizador/charmie_ws/install/charmie_diagnostics:/opt/ros/foxy /home/utilizador/.local/bin/cmake --install /home/utilizador/charmie_ws/build/realsense2_camera_msgs
