running develop
Removing /home/utilizador/charmie_ws/install/charmie_low_level/lib/python3.8/site-packages/charmie-low-level.egg-link (link to .)
running egg_info
writing ../../build/charmie_low_level/charmie_low_level.egg-info/PKG-INFO
writing dependency_links to ../../build/charmie_low_level/charmie_low_level.egg-info/dependency_links.txt
writing entry points to ../../build/charmie_low_level/charmie_low_level.egg-info/entry_points.txt
writing requirements to ../../build/charmie_low_level/charmie_low_level.egg-info/requires.txt
writing top-level names to ../../build/charmie_low_level/charmie_low_level.egg-info/top_level.txt
reading manifest file '../../build/charmie_low_level/charmie_low_level.egg-info/SOURCES.txt'
writing manifest file '../../build/charmie_low_level/charmie_low_level.egg-info/SOURCES.txt'
running build
running build_py
running install
running install_lib
creating /home/utilizador/charmie_ws/install/charmie_low_level/lib/python3.8/site-packages/charmie_low_level
copying /home/utilizador/charmie_ws/build/charmie_low_level/build/lib/charmie_low_level/low_level.py -> /home/utilizador/charmie_ws/install/charmie_low_level/lib/python3.8/site-packages/charmie_low_level
copying /home/utilizador/charmie_ws/build/charmie_low_level/build/lib/charmie_low_level/__init__.py -> /home/utilizador/charmie_ws/install/charmie_low_level/lib/python3.8/site-packages/charmie_low_level
byte-compiling /home/utilizador/charmie_ws/install/charmie_low_level/lib/python3.8/site-packages/charmie_low_level/low_level.py to low_level.cpython-38.pyc
byte-compiling /home/utilizador/charmie_ws/install/charmie_low_level/lib/python3.8/site-packages/charmie_low_level/__init__.py to __init__.cpython-38.pyc
running install_data
running install_egg_info
Copying ../../build/charmie_low_level/charmie_low_level.egg-info to /home/utilizador/charmie_ws/install/charmie_low_level/lib/python3.8/site-packages/charmie_low_level-0.0.0-py3.8.egg-info
running install_scripts
Installing low_level script to /home/utilizador/charmie_ws/install/charmie_low_level/lib/charmie_low_level
writing list of installed files to '/home/utilizador/charmie_ws/build/charmie_low_level/install.log'
