[0.085s] Invoking command in '/home/utilizador/charmie_ws/build/charmie_interfaces': CMAKE_PREFIX_PATH=${CMAKE_PREFIX_PATH}:/home/utilizador/charmie_ws/install/charmie_speakers:/home/utilizador/charmie_ws/install/charmie_ps4_controller:/home/utilizador/charmie_ws/install/charmie_neck_dynamixel:/home/utilizador/charmie_ws/install/charmie_low_level:/home/utilizador/charmie_ws/install/charmie_lidar_hokuyo:/home/utilizador/charmie_ws/install/charmie_debug:/home/utilizador/charmie_ws/install/charmie_audio:/opt/ros/foxy /usr/bin/cmake /home/utilizador/charmie_ws/src/charmie_interfaces -DAMENT_CMAKE_SYMLINK_INSTALL=1 -DCMAKE_INSTALL_PREFIX=/home/utilizador/charmie_ws/install/charmie_interfaces
[1.253s] -- Found ament_cmake: 0.9.11 (/opt/ros/foxy/share/ament_cmake/cmake)
[1.253s] -- Found PythonInterp: /usr/bin/python3 (found suitable version "3.8.10", minimum required is "3") 
[1.254s] -- Using PYTHON_EXECUTABLE: /usr/bin/python3
[1.254s] -- Override CMake install command with custom implementation using symlinks instead of copying resources
[1.254s] -- Found rosidl_default_generators: 1.0.1 (/opt/ros/foxy/share/rosidl_default_generators/cmake)
[1.255s] -- Using all available rosidl_typesupport_c: rosidl_typesupport_fastrtps_c;rosidl_typesupport_introspection_c
[1.255s] -- Found rosidl_adapter: 1.3.0 (/opt/ros/foxy/share/rosidl_adapter/cmake)
[1.256s] -- Using all available rosidl_typesupport_cpp: rosidl_typesupport_fastrtps_cpp;rosidl_typesupport_introspection_cpp
[1.256s] -- Found geometry_msgs: 2.0.5 (/opt/ros/foxy/share/geometry_msgs/cmake)
[1.257s] -- Found PythonInterp: /usr/bin/python3 (found version "3.8.10") 
[1.257s] -- Found ament_cmake_ros: 0.9.2 (/opt/ros/foxy/share/ament_cmake_ros/cmake)
[1.270s] -- Using all available rosidl_typesupport_c: rosidl_typesupport_fastrtps_c;rosidl_typesupport_introspection_c
[1.537s] -- Using all available rosidl_typesupport_cpp: rosidl_typesupport_fastrtps_cpp;rosidl_typesupport_introspection_cpp
[1.604s] -- Found PythonInterp: /usr/bin/python3 (found suitable version "3.8.10", minimum required is "3.5") 
[1.605s] -- Found python_cmake_module: 0.8.1 (/opt/ros/foxy/share/python_cmake_module/cmake)
[1.685s] -- Using PYTHON_EXECUTABLE: /usr/bin/python3
[1.686s] -- Using PYTHON_INCLUDE_DIRS: /usr/include/python3.8
[1.686s] -- Using PYTHON_LIBRARIES: /usr/lib/x86_64-linux-gnu/libpython3.8.so
[1.845s] -- Configuring done
[1.973s] -- Generating done
[1.979s] -- Build files have been written to: /home/utilizador/charmie_ws/build/charmie_interfaces
[1.996s] Invoked command in '/home/utilizador/charmie_ws/build/charmie_interfaces' returned '0': CMAKE_PREFIX_PATH=${CMAKE_PREFIX_PATH}:/home/utilizador/charmie_ws/install/charmie_speakers:/home/utilizador/charmie_ws/install/charmie_ps4_controller:/home/utilizador/charmie_ws/install/charmie_neck_dynamixel:/home/utilizador/charmie_ws/install/charmie_low_level:/home/utilizador/charmie_ws/install/charmie_lidar_hokuyo:/home/utilizador/charmie_ws/install/charmie_debug:/home/utilizador/charmie_ws/install/charmie_audio:/opt/ros/foxy /usr/bin/cmake /home/utilizador/charmie_ws/src/charmie_interfaces -DAMENT_CMAKE_SYMLINK_INSTALL=1 -DCMAKE_INSTALL_PREFIX=/home/utilizador/charmie_ws/install/charmie_interfaces
[2.000s] Invoking command in '/home/utilizador/charmie_ws/build/charmie_interfaces': CMAKE_PREFIX_PATH=${CMAKE_PREFIX_PATH}:/home/utilizador/charmie_ws/install/charmie_speakers:/home/utilizador/charmie_ws/install/charmie_ps4_controller:/home/utilizador/charmie_ws/install/charmie_neck_dynamixel:/home/utilizador/charmie_ws/install/charmie_low_level:/home/utilizador/charmie_ws/install/charmie_lidar_hokuyo:/home/utilizador/charmie_ws/install/charmie_debug:/home/utilizador/charmie_ws/install/charmie_audio:/opt/ros/foxy /usr/bin/cmake --build /home/utilizador/charmie_ws/build/charmie_interfaces -- -j8 -l8
[2.085s] [  1%] Built target charmie_interfaces__cpp
[2.094s] [ 12%] Built target charmie_interfaces__rosidl_generator_c
[2.151s] [ 23%] Built target charmie_interfaces__rosidl_typesupport_cpp
[2.152s] [ 34%] Built target charmie_interfaces__rosidl_typesupport_introspection_cpp
[2.157s] [ 45%] Built target charmie_interfaces__rosidl_typesupport_fastrtps_cpp
[2.166s] [ 56%] Built target charmie_interfaces__rosidl_typesupport_c
[2.182s] [ 67%] Built target charmie_interfaces__rosidl_typesupport_introspection_c
[2.210s] [ 78%] Built target charmie_interfaces__rosidl_typesupport_fastrtps_c
[2.246s] [ 78%] Built target charmie_interfaces
[2.296s] [ 80%] Built target charmie_interfaces__py
[2.348s] [ 89%] Built target charmie_interfaces__python
[2.405s] [ 92%] Built target charmie_interfaces__rosidl_typesupport_c__pyext
[2.409s] [ 96%] Built target charmie_interfaces__rosidl_typesupport_introspection_c__pyext
[2.418s] [100%] Built target charmie_interfaces__rosidl_typesupport_fastrtps_c__pyext
[2.435s] Invoked command in '/home/utilizador/charmie_ws/build/charmie_interfaces' returned '0': CMAKE_PREFIX_PATH=${CMAKE_PREFIX_PATH}:/home/utilizador/charmie_ws/install/charmie_speakers:/home/utilizador/charmie_ws/install/charmie_ps4_controller:/home/utilizador/charmie_ws/install/charmie_neck_dynamixel:/home/utilizador/charmie_ws/install/charmie_low_level:/home/utilizador/charmie_ws/install/charmie_lidar_hokuyo:/home/utilizador/charmie_ws/install/charmie_debug:/home/utilizador/charmie_ws/install/charmie_audio:/opt/ros/foxy /usr/bin/cmake --build /home/utilizador/charmie_ws/build/charmie_interfaces -- -j8 -l8
[2.642s] Invoking command in '/home/utilizador/charmie_ws/build/charmie_interfaces': CMAKE_PREFIX_PATH=${CMAKE_PREFIX_PATH}:/home/utilizador/charmie_ws/install/charmie_speakers:/home/utilizador/charmie_ws/install/charmie_ps4_controller:/home/utilizador/charmie_ws/install/charmie_neck_dynamixel:/home/utilizador/charmie_ws/install/charmie_low_level:/home/utilizador/charmie_ws/install/charmie_lidar_hokuyo:/home/utilizador/charmie_ws/install/charmie_debug:/home/utilizador/charmie_ws/install/charmie_audio:/opt/ros/foxy /usr/bin/cmake --install /home/utilizador/charmie_ws/build/charmie_interfaces
[3.062s] -- Install configuration: ""
[3.062s] -- Execute custom install script
[3.063s] -- Up-to-date symlink: /home/utilizador/charmie_ws/install/charmie_interfaces/share/ament_index/resource_index/rosidl_interfaces/charmie_interfaces
[3.063s] -- Up-to-date symlink: /home/utilizador/charmie_ws/install/charmie_interfaces/include/charmie_interfaces/msg/detail/encoders__functions.h
[3.063s] -- Up-to-date symlink: /home/utilizador/charmie_ws/install/charmie_interfaces/include/charmie_interfaces/msg/detail/encoders__struct.h
[3.064s] -- Up-to-date symlink: /home/utilizador/charmie_ws/install/charmie_interfaces/include/charmie_interfaces/msg/detail/encoders__type_support.h
[3.065s] -- Up-to-date symlink: /home/utilizador/charmie_ws/install/charmie_interfaces/include/charmie_interfaces/msg/detail/example_tr__functions.h
[3.066s] -- Up-to-date symlink: /home/utilizador/charmie_ws/install/charmie_interfaces/include/charmie_interfaces/msg/detail/example_tr__struct.h
[3.066s] -- Up-to-date symlink: /home/utilizador/charmie_ws/install/charmie_interfaces/include/charmie_interfaces/msg/detail/example_tr__type_support.h
[3.070s] -- Up-to-date symlink: /home/utilizador/charmie_ws/install/charmie_interfaces/include/charmie_interfaces/msg/detail/ps4_controller__functions.h
[3.071s] -- Up-to-date symlink: /home/utilizador/charmie_ws/install/charmie_interfaces/include/charmie_interfaces/msg/detail/ps4_controller__struct.h
[3.071s] -- Up-to-date symlink: /home/utilizador/charmie_ws/install/charmie_interfaces/include/charmie_interfaces/msg/detail/ps4_controller__type_support.h
[3.072s] -- Up-to-date symlink: /home/utilizador/charmie_ws/install/charmie_interfaces/include/charmie_interfaces/msg/detail/robot_speech__functions.h
[3.072s] -- Up-to-date symlink: /home/utilizador/charmie_ws/install/charmie_interfaces/include/charmie_interfaces/msg/detail/robot_speech__struct.h
[3.072s] -- Up-to-date symlink: /home/utilizador/charmie_ws/install/charmie_interfaces/include/charmie_interfaces/msg/detail/robot_speech__type_support.h
[3.073s] -- Up-to-date symlink: /home/utilizador/charmie_ws/install/charmie_interfaces/include/charmie_interfaces/msg/encoders.h
[3.073s] -- Up-to-date symlink: /home/utilizador/charmie_ws/install/charmie_interfaces/include/charmie_interfaces/msg/example_tr.h
[3.073s] -- Up-to-date symlink: /home/utilizador/charmie_ws/install/charmie_interfaces/include/charmie_interfaces/msg/ps4_controller.h
[3.073s] -- Up-to-date symlink: /home/utilizador/charmie_ws/install/charmie_interfaces/include/charmie_interfaces/msg/robot_speech.h
[3.073s] -- Up-to-date symlink: /home/utilizador/charmie_ws/install/charmie_interfaces/include/charmie_interfaces/msg/rosidl_generator_c__visibility_control.h
[3.073s] -- Up-to-date symlink: /home/utilizador/charmie_ws/install/charmie_interfaces/share/charmie_interfaces/environment/library_path.sh
[3.073s] -- Up-to-date symlink: /home/utilizador/charmie_ws/install/charmie_interfaces/share/charmie_interfaces/environment/library_path.dsv
[3.073s] -- Up-to-date symlink: /home/utilizador/charmie_ws/install/charmie_interfaces/include/charmie_interfaces/msg/detail/encoders__rosidl_typesupport_fastrtps_c.h
[3.073s] -- Up-to-date symlink: /home/utilizador/charmie_ws/install/charmie_interfaces/include/charmie_interfaces/msg/detail/example_tr__rosidl_typesupport_fastrtps_c.h
[3.074s] -- Up-to-date symlink: /home/utilizador/charmie_ws/install/charmie_interfaces/include/charmie_interfaces/msg/detail/ps4_controller__rosidl_typesupport_fastrtps_c.h
[3.074s] -- Up-to-date symlink: /home/utilizador/charmie_ws/install/charmie_interfaces/include/charmie_interfaces/msg/detail/robot_speech__rosidl_typesupport_fastrtps_c.h
[3.074s] -- Up-to-date symlink: /home/utilizador/charmie_ws/install/charmie_interfaces/include/charmie_interfaces/msg/rosidl_typesupport_fastrtps_c__visibility_control.h
[3.074s] -- Up-to-date symlink: /home/utilizador/charmie_ws/install/charmie_interfaces/lib/libcharmie_interfaces__rosidl_typesupport_fastrtps_c.so
[3.074s] -- Up-to-date symlink: /home/utilizador/charmie_ws/install/charmie_interfaces/include/charmie_interfaces/msg/detail/encoders__rosidl_typesupport_fastrtps_cpp.hpp
[3.074s] -- Up-to-date symlink: /home/utilizador/charmie_ws/install/charmie_interfaces/include/charmie_interfaces/msg/detail/example_tr__rosidl_typesupport_fastrtps_cpp.hpp
[3.074s] -- Up-to-date symlink: /home/utilizador/charmie_ws/install/charmie_interfaces/include/charmie_interfaces/msg/detail/ps4_controller__rosidl_typesupport_fastrtps_cpp.hpp
[3.075s] -- Up-to-date symlink: /home/utilizador/charmie_ws/install/charmie_interfaces/include/charmie_interfaces/msg/detail/robot_speech__rosidl_typesupport_fastrtps_cpp.hpp
[3.075s] -- Up-to-date symlink: /home/utilizador/charmie_ws/install/charmie_interfaces/include/charmie_interfaces/msg/rosidl_typesupport_fastrtps_cpp__visibility_control.h
[3.075s] -- Up-to-date symlink: /home/utilizador/charmie_ws/install/charmie_interfaces/lib/libcharmie_interfaces__rosidl_typesupport_fastrtps_cpp.so
[3.075s] -- Up-to-date symlink: /home/utilizador/charmie_ws/install/charmie_interfaces/include/charmie_interfaces/msg/detail/encoders__rosidl_typesupport_introspection_c.h
[3.075s] -- Up-to-date symlink: /home/utilizador/charmie_ws/install/charmie_interfaces/include/charmie_interfaces/msg/detail/example_tr__rosidl_typesupport_introspection_c.h
[3.075s] -- Up-to-date symlink: /home/utilizador/charmie_ws/install/charmie_interfaces/include/charmie_interfaces/msg/detail/ps4_controller__rosidl_typesupport_introspection_c.h
[3.075s] -- Up-to-date symlink: /home/utilizador/charmie_ws/install/charmie_interfaces/include/charmie_interfaces/msg/detail/robot_speech__rosidl_typesupport_introspection_c.h
[3.075s] -- Up-to-date symlink: /home/utilizador/charmie_ws/install/charmie_interfaces/include/charmie_interfaces/msg/rosidl_typesupport_introspection_c__visibility_control.h
[3.075s] -- Up-to-date symlink: /home/utilizador/charmie_ws/install/charmie_interfaces/include/charmie_interfaces/msg/detail/encoders__builder.hpp
[3.075s] -- Up-to-date symlink: /home/utilizador/charmie_ws/install/charmie_interfaces/include/charmie_interfaces/msg/detail/encoders__struct.hpp
[3.075s] -- Up-to-date symlink: /home/utilizador/charmie_ws/install/charmie_interfaces/include/charmie_interfaces/msg/detail/encoders__traits.hpp
[3.075s] -- Up-to-date symlink: /home/utilizador/charmie_ws/install/charmie_interfaces/include/charmie_interfaces/msg/detail/example_tr__builder.hpp
[3.076s] -- Up-to-date symlink: /home/utilizador/charmie_ws/install/charmie_interfaces/include/charmie_interfaces/msg/detail/example_tr__struct.hpp
[3.076s] -- Up-to-date symlink: /home/utilizador/charmie_ws/install/charmie_interfaces/include/charmie_interfaces/msg/detail/example_tr__traits.hpp
[3.076s] -- Up-to-date symlink: /home/utilizador/charmie_ws/install/charmie_interfaces/include/charmie_interfaces/msg/detail/ps4_controller__builder.hpp
[3.076s] -- Up-to-date symlink: /home/utilizador/charmie_ws/install/charmie_interfaces/include/charmie_interfaces/msg/detail/ps4_controller__struct.hpp
[3.076s] -- Up-to-date symlink: /home/utilizador/charmie_ws/install/charmie_interfaces/include/charmie_interfaces/msg/detail/ps4_controller__traits.hpp
[3.076s] -- Up-to-date symlink: /home/utilizador/charmie_ws/install/charmie_interfaces/include/charmie_interfaces/msg/detail/robot_speech__builder.hpp
[3.076s] -- Up-to-date symlink: /home/utilizador/charmie_ws/install/charmie_interfaces/include/charmie_interfaces/msg/detail/robot_speech__struct.hpp
[3.076s] -- Up-to-date symlink: /home/utilizador/charmie_ws/install/charmie_interfaces/include/charmie_interfaces/msg/detail/robot_speech__traits.hpp
[3.076s] -- Up-to-date symlink: /home/utilizador/charmie_ws/install/charmie_interfaces/include/charmie_interfaces/msg/encoders.hpp
[3.076s] -- Up-to-date symlink: /home/utilizador/charmie_ws/install/charmie_interfaces/include/charmie_interfaces/msg/example_tr.hpp
[3.076s] -- Up-to-date symlink: /home/utilizador/charmie_ws/install/charmie_interfaces/include/charmie_interfaces/msg/ps4_controller.hpp
[3.076s] -- Up-to-date symlink: /home/utilizador/charmie_ws/install/charmie_interfaces/include/charmie_interfaces/msg/robot_speech.hpp
[3.077s] -- Up-to-date symlink: /home/utilizador/charmie_ws/install/charmie_interfaces/include/charmie_interfaces/msg/detail/encoders__rosidl_typesupport_introspection_cpp.hpp
[3.077s] -- Up-to-date symlink: /home/utilizador/charmie_ws/install/charmie_interfaces/include/charmie_interfaces/msg/detail/example_tr__rosidl_typesupport_introspection_cpp.hpp
[3.077s] -- Up-to-date symlink: /home/utilizador/charmie_ws/install/charmie_interfaces/include/charmie_interfaces/msg/detail/ps4_controller__rosidl_typesupport_introspection_cpp.hpp
[3.077s] -- Up-to-date symlink: /home/utilizador/charmie_ws/install/charmie_interfaces/include/charmie_interfaces/msg/detail/robot_speech__rosidl_typesupport_introspection_cpp.hpp
[3.077s] -- Up-to-date symlink: /home/utilizador/charmie_ws/install/charmie_interfaces/share/charmie_interfaces/environment/pythonpath.sh
[3.077s] -- Up-to-date symlink: /home/utilizador/charmie_ws/install/charmie_interfaces/share/charmie_interfaces/environment/pythonpath.dsv
[3.077s] -- Up-to-date symlink: /home/utilizador/charmie_ws/install/charmie_interfaces/lib/python3.8/site-packages/charmie_interfaces/__init__.py
[3.077s] -- Up-to-date symlink: /home/utilizador/charmie_ws/install/charmie_interfaces/lib/python3.8/site-packages/charmie_interfaces/msg/__init__.py
[3.077s] -- Up-to-date symlink: /home/utilizador/charmie_ws/install/charmie_interfaces/lib/python3.8/site-packages/charmie_interfaces/msg/_encoders.py
[3.077s] -- Up-to-date symlink: /home/utilizador/charmie_ws/install/charmie_interfaces/lib/python3.8/site-packages/charmie_interfaces/msg/_example_tr.py
[3.077s] -- Up-to-date symlink: /home/utilizador/charmie_ws/install/charmie_interfaces/lib/python3.8/site-packages/charmie_interfaces/msg/_ps4_controller.py
[3.077s] -- Up-to-date symlink: /home/utilizador/charmie_ws/install/charmie_interfaces/lib/python3.8/site-packages/charmie_interfaces/msg/_robot_speech.py
[3.077s] -- Up-to-date symlink: /home/utilizador/charmie_ws/install/charmie_interfaces/lib/python3.8/site-packages/charmie_interfaces/charmie_interfaces_s__rosidl_typesupport_fastrtps_c.cpython-38-x86_64-linux-gnu.so
[3.078s] -- Up-to-date symlink: /home/utilizador/charmie_ws/install/charmie_interfaces/lib/python3.8/site-packages/charmie_interfaces/charmie_interfaces_s__rosidl_typesupport_introspection_c.cpython-38-x86_64-linux-gnu.so
[3.078s] -- Up-to-date symlink: /home/utilizador/charmie_ws/install/charmie_interfaces/lib/python3.8/site-packages/charmie_interfaces/charmie_interfaces_s__rosidl_typesupport_c.cpython-38-x86_64-linux-gnu.so
[3.078s] -- Up-to-date symlink: /home/utilizador/charmie_ws/install/charmie_interfaces/lib/libcharmie_interfaces__python.so
[3.078s] -- Up-to-date symlink: /home/utilizador/charmie_ws/install/charmie_interfaces/share/charmie_interfaces/msg/ExampleTR.idl
[3.078s] -- Up-to-date symlink: /home/utilizador/charmie_ws/install/charmie_interfaces/share/charmie_interfaces/msg/Encoders.idl
[3.078s] -- Up-to-date symlink: /home/utilizador/charmie_ws/install/charmie_interfaces/share/charmie_interfaces/msg/PS4Controller.idl
[3.078s] -- Up-to-date symlink: /home/utilizador/charmie_ws/install/charmie_interfaces/share/charmie_interfaces/msg/RobotSpeech.idl
[3.078s] -- Up-to-date symlink: /home/utilizador/charmie_ws/install/charmie_interfaces/share/charmie_interfaces/msg/ExampleTR.msg
[3.078s] -- Up-to-date symlink: /home/utilizador/charmie_ws/install/charmie_interfaces/share/charmie_interfaces/msg/Encoders.msg
[3.078s] -- Up-to-date symlink: /home/utilizador/charmie_ws/install/charmie_interfaces/share/charmie_interfaces/msg/PS4Controller.msg
[3.078s] -- Up-to-date symlink: /home/utilizador/charmie_ws/install/charmie_interfaces/share/charmie_interfaces/msg/RobotSpeech.msg
[3.078s] -- Up-to-date symlink: /home/utilizador/charmie_ws/install/charmie_interfaces/share/ament_index/resource_index/package_run_dependencies/charmie_interfaces
[3.078s] -- Up-to-date symlink: /home/utilizador/charmie_ws/install/charmie_interfaces/share/ament_index/resource_index/parent_prefix_path/charmie_interfaces
[3.079s] -- Up-to-date symlink: /home/utilizador/charmie_ws/install/charmie_interfaces/share/charmie_interfaces/environment/ament_prefix_path.sh
[3.079s] -- Up-to-date symlink: /home/utilizador/charmie_ws/install/charmie_interfaces/share/charmie_interfaces/environment/ament_prefix_path.dsv
[3.079s] -- Up-to-date symlink: /home/utilizador/charmie_ws/install/charmie_interfaces/share/charmie_interfaces/environment/path.sh
[3.079s] -- Up-to-date symlink: /home/utilizador/charmie_ws/install/charmie_interfaces/share/charmie_interfaces/environment/path.dsv
[3.079s] -- Up-to-date symlink: /home/utilizador/charmie_ws/install/charmie_interfaces/share/charmie_interfaces/local_setup.bash
[3.079s] -- Up-to-date symlink: /home/utilizador/charmie_ws/install/charmie_interfaces/share/charmie_interfaces/local_setup.sh
[3.079s] -- Up-to-date symlink: /home/utilizador/charmie_ws/install/charmie_interfaces/share/charmie_interfaces/local_setup.zsh
[3.079s] -- Up-to-date symlink: /home/utilizador/charmie_ws/install/charmie_interfaces/share/charmie_interfaces/local_setup.dsv
[3.079s] -- Symlinking: /home/utilizador/charmie_ws/install/charmie_interfaces/share/charmie_interfaces/package.dsv
[3.079s] -- Up-to-date symlink: /home/utilizador/charmie_ws/install/charmie_interfaces/share/ament_index/resource_index/packages/charmie_interfaces
[3.079s] -- Up-to-date symlink: /home/utilizador/charmie_ws/install/charmie_interfaces/share/charmie_interfaces/cmake/rosidl_cmake-extras.cmake
[3.079s] -- Up-to-date symlink: /home/utilizador/charmie_ws/install/charmie_interfaces/share/charmie_interfaces/cmake/ament_cmake_export_dependencies-extras.cmake
[3.079s] -- Up-to-date symlink: /home/utilizador/charmie_ws/install/charmie_interfaces/share/charmie_interfaces/cmake/ament_cmake_export_libraries-extras.cmake
[3.079s] -- Up-to-date symlink: /home/utilizador/charmie_ws/install/charmie_interfaces/share/charmie_interfaces/cmake/ament_cmake_export_targets-extras.cmake
[3.080s] -- Up-to-date symlink: /home/utilizador/charmie_ws/install/charmie_interfaces/share/charmie_interfaces/cmake/ament_cmake_export_include_directories-extras.cmake
[3.080s] -- Up-to-date symlink: /home/utilizador/charmie_ws/install/charmie_interfaces/share/charmie_interfaces/cmake/rosidl_cmake_export_typesupport_libraries-extras.cmake
[3.080s] -- Up-to-date symlink: /home/utilizador/charmie_ws/install/charmie_interfaces/share/charmie_interfaces/cmake/rosidl_cmake_export_typesupport_targets-extras.cmake
[3.080s] -- Up-to-date symlink: /home/utilizador/charmie_ws/install/charmie_interfaces/share/charmie_interfaces/cmake/charmie_interfacesConfig.cmake
[3.080s] -- Up-to-date symlink: /home/utilizador/charmie_ws/install/charmie_interfaces/share/charmie_interfaces/cmake/charmie_interfacesConfig-version.cmake
[3.080s] -- Up-to-date symlink: /home/utilizador/charmie_ws/install/charmie_interfaces/share/charmie_interfaces/package.xml
[3.080s] -- Up-to-date: /home/utilizador/charmie_ws/install/charmie_interfaces/lib/libcharmie_interfaces__rosidl_generator_c.so
[3.080s] -- Up-to-date: /home/utilizador/charmie_ws/install/charmie_interfaces/lib/libcharmie_interfaces__rosidl_typesupport_introspection_c.so
[3.080s] -- Up-to-date: /home/utilizador/charmie_ws/install/charmie_interfaces/lib/libcharmie_interfaces__rosidl_typesupport_c.so
[3.080s] -- Up-to-date: /home/utilizador/charmie_ws/install/charmie_interfaces/lib/libcharmie_interfaces__rosidl_typesupport_introspection_cpp.so
[3.080s] -- Up-to-date: /home/utilizador/charmie_ws/install/charmie_interfaces/lib/libcharmie_interfaces__rosidl_typesupport_cpp.so
[3.081s] Compiling '/home/utilizador/charmie_ws/install/charmie_interfaces/lib/python3.8/site-packages/charmie_interfaces/__init__.py'...
[3.081s] -- Up-to-date: /home/utilizador/charmie_ws/install/charmie_interfaces/share/charmie_interfaces/cmake/charmie_interfaces__rosidl_generator_cExport.cmake
[3.081s] -- Installing: /home/utilizador/charmie_ws/install/charmie_interfaces/share/charmie_interfaces/cmake/charmie_interfaces__rosidl_generator_cExport-noconfig.cmake
[3.081s] -- Up-to-date: /home/utilizador/charmie_ws/install/charmie_interfaces/share/charmie_interfaces/cmake/charmie_interfaces__rosidl_typesupport_introspection_cExport.cmake
[3.081s] -- Installing: /home/utilizador/charmie_ws/install/charmie_interfaces/share/charmie_interfaces/cmake/charmie_interfaces__rosidl_typesupport_introspection_cExport-noconfig.cmake
[3.081s] -- Up-to-date: /home/utilizador/charmie_ws/install/charmie_interfaces/share/charmie_interfaces/cmake/charmie_interfaces__rosidl_typesupport_cExport.cmake
[3.081s] -- Installing: /home/utilizador/charmie_ws/install/charmie_interfaces/share/charmie_interfaces/cmake/charmie_interfaces__rosidl_typesupport_cExport-noconfig.cmake
[3.081s] -- Up-to-date: /home/utilizador/charmie_ws/install/charmie_interfaces/share/charmie_interfaces/cmake/charmie_interfaces__rosidl_generator_cppExport.cmake
[3.081s] -- Up-to-date: /home/utilizador/charmie_ws/install/charmie_interfaces/share/charmie_interfaces/cmake/charmie_interfaces__rosidl_typesupport_introspection_cppExport.cmake
[3.081s] -- Installing: /home/utilizador/charmie_ws/install/charmie_interfaces/share/charmie_interfaces/cmake/charmie_interfaces__rosidl_typesupport_introspection_cppExport-noconfig.cmake
[3.081s] -- Up-to-date: /home/utilizador/charmie_ws/install/charmie_interfaces/share/charmie_interfaces/cmake/charmie_interfaces__rosidl_typesupport_cppExport.cmake
[3.081s] -- Installing: /home/utilizador/charmie_ws/install/charmie_interfaces/share/charmie_interfaces/cmake/charmie_interfaces__rosidl_typesupport_cppExport-noconfig.cmake
[3.102s] Invoked command in '/home/utilizador/charmie_ws/build/charmie_interfaces' returned '0': CMAKE_PREFIX_PATH=${CMAKE_PREFIX_PATH}:/home/utilizador/charmie_ws/install/charmie_speakers:/home/utilizador/charmie_ws/install/charmie_ps4_controller:/home/utilizador/charmie_ws/install/charmie_neck_dynamixel:/home/utilizador/charmie_ws/install/charmie_low_level:/home/utilizador/charmie_ws/install/charmie_lidar_hokuyo:/home/utilizador/charmie_ws/install/charmie_debug:/home/utilizador/charmie_ws/install/charmie_audio:/opt/ros/foxy /usr/bin/cmake --install /home/utilizador/charmie_ws/build/charmie_interfaces
