[2.585s] Invoking command in '/home/utilizador/charmie_ws/build/charmie_lidar_hokuyo': PYTHONPATH=/home/utilizador/charmie_ws/build/charmie_lidar_hokuyo/prefix_override:/home/utilizador/charmie_ws/install/charmie_lidar_hokuyo/lib/python3.8/site-packages:${PYTHONPATH} /usr/bin/python3 setup.py develop --editable --build-directory /home/utilizador/charmie_ws/build/charmie_lidar_hokuyo/build --no-deps install_data
[3.238s] running develop
[3.609s] running egg_info
[3.609s] creating charmie_lidar_hokuyo.egg-info
[3.609s] writing charmie_lidar_hokuyo.egg-info/PKG-INFO
[3.610s] writing dependency_links to charmie_lidar_hokuyo.egg-info/dependency_links.txt
[3.610s] writing entry points to charmie_lidar_hokuyo.egg-info/entry_points.txt
[3.610s] writing requirements to charmie_lidar_hokuyo.egg-info/requires.txt
[3.611s] writing top-level names to charmie_lidar_hokuyo.egg-info/top_level.txt
[3.613s] writing manifest file 'charmie_lidar_hokuyo.egg-info/SOURCES.txt'
[3.616s] reading manifest file 'charmie_lidar_hokuyo.egg-info/SOURCES.txt'
[3.617s] writing manifest file 'charmie_lidar_hokuyo.egg-info/SOURCES.txt'
[3.690s] running build_ext
[3.691s] Creating /home/utilizador/charmie_ws/install/charmie_lidar_hokuyo/lib/python3.8/site-packages/charmie-lidar-hokuyo.egg-link (link to .)
[3.693s] Installing lidar_hokuyo script to /home/utilizador/charmie_ws/install/charmie_lidar_hokuyo/lib/charmie_lidar_hokuyo
[3.694s] 
[3.694s] Installed /home/utilizador/charmie_ws/build/charmie_lidar_hokuyo
[3.694s] running install_data
[3.695s] creating /home/utilizador/charmie_ws/install/charmie_lidar_hokuyo/share/ament_index
[3.695s] creating /home/utilizador/charmie_ws/install/charmie_lidar_hokuyo/share/ament_index/resource_index
[3.696s] creating /home/utilizador/charmie_ws/install/charmie_lidar_hokuyo/share/ament_index/resource_index/packages
[3.696s] copying resource/charmie_lidar_hokuyo -> /home/utilizador/charmie_ws/install/charmie_lidar_hokuyo/share/ament_index/resource_index/packages
[3.697s] copying package.xml -> /home/utilizador/charmie_ws/install/charmie_lidar_hokuyo/share/charmie_lidar_hokuyo
[3.849s] Invoked command in '/home/utilizador/charmie_ws/build/charmie_lidar_hokuyo' returned '0': PYTHONPATH=/home/utilizador/charmie_ws/build/charmie_lidar_hokuyo/prefix_override:/home/utilizador/charmie_ws/install/charmie_lidar_hokuyo/lib/python3.8/site-packages:${PYTHONPATH} /usr/bin/python3 setup.py develop --editable --build-directory /home/utilizador/charmie_ws/build/charmie_lidar_hokuyo/build --no-deps install_data
