[6.811s] Invoking command in '/home/utilizador/charmie_ws/build/charmie_receptionist': AMENT_PREFIX_PATH=/home/utilizador/charmie_ws/install/charmie_interfaces:${AMENT_PREFIX_PATH} CMAKE_PREFIX_PATH=/home/utilizador/charmie_ws/install/charmie_interfaces LD_LIBRARY_PATH=/home/utilizador/charmie_ws/install/charmie_interfaces/lib:${LD_LIBRARY_PATH} PYTHONPATH=/home/utilizador/charmie_ws/build/charmie_receptionist/prefix_override:/home/utilizador/charmie_ws/install/charmie_receptionist/lib/python3.8/site-packages:/home/utilizador/charmie_ws/install/charmie_interfaces/lib/python3.8/site-packages:${PYTHONPATH} /usr/bin/python3 setup.py develop --editable --build-directory /home/utilizador/charmie_ws/build/charmie_receptionist/build --no-deps install_data
[7.748s] running develop
[8.153s] running egg_info
[8.153s] creating charmie_receptionist.egg-info
[8.154s] writing charmie_receptionist.egg-info/PKG-INFO
[8.154s] writing dependency_links to charmie_receptionist.egg-info/dependency_links.txt
[8.154s] writing entry points to charmie_receptionist.egg-info/entry_points.txt
[8.155s] writing requirements to charmie_receptionist.egg-info/requires.txt
[8.155s] writing top-level names to charmie_receptionist.egg-info/top_level.txt
[8.157s] writing manifest file 'charmie_receptionist.egg-info/SOURCES.txt'
[8.233s] reading manifest file 'charmie_receptionist.egg-info/SOURCES.txt'
[8.234s] writing manifest file 'charmie_receptionist.egg-info/SOURCES.txt'
[8.404s] running build_ext
[8.404s] Creating /home/utilizador/charmie_ws/install/charmie_receptionist/lib/python3.8/site-packages/site.py
[8.408s] Creating /home/utilizador/charmie_ws/install/charmie_receptionist/lib/python3.8/site-packages/charmie-receptionist.egg-link (link to .)
[8.410s] Installing receptionist script to /home/utilizador/charmie_ws/install/charmie_receptionist/lib/charmie_receptionist
[8.410s] 
[8.410s] Installed /home/utilizador/charmie_ws/build/charmie_receptionist
[8.411s] running install_data
[8.411s] creating /home/utilizador/charmie_ws/install/charmie_receptionist/share/ament_index
[8.411s] creating /home/utilizador/charmie_ws/install/charmie_receptionist/share/ament_index/resource_index
[8.411s] creating /home/utilizador/charmie_ws/install/charmie_receptionist/share/ament_index/resource_index/packages
[8.411s] copying resource/charmie_receptionist -> /home/utilizador/charmie_ws/install/charmie_receptionist/share/ament_index/resource_index/packages
[8.412s] copying package.xml -> /home/utilizador/charmie_ws/install/charmie_receptionist/share/charmie_receptionist
[8.534s] Invoked command in '/home/utilizador/charmie_ws/build/charmie_receptionist' returned '0': AMENT_PREFIX_PATH=/home/utilizador/charmie_ws/install/charmie_interfaces:${AMENT_PREFIX_PATH} CMAKE_PREFIX_PATH=/home/utilizador/charmie_ws/install/charmie_interfaces LD_LIBRARY_PATH=/home/utilizador/charmie_ws/install/charmie_interfaces/lib:${LD_LIBRARY_PATH} PYTHONPATH=/home/utilizador/charmie_ws/build/charmie_receptionist/prefix_override:/home/utilizador/charmie_ws/install/charmie_receptionist/lib/python3.8/site-packages:/home/utilizador/charmie_ws/install/charmie_interfaces/lib/python3.8/site-packages:${PYTHONPATH} /usr/bin/python3 setup.py develop --editable --build-directory /home/utilizador/charmie_ws/build/charmie_receptionist/build --no-deps install_data
