[1.060s] Invoking command in '/home/utilizador/charmie_ws/src/charmie_navigation_sdnl': AMENT_PREFIX_PATH=/home/utilizador/charmie_ws/install/charmie_interfaces:${AMENT_PREFIX_PATH} CMAKE_PREFIX_PATH=/home/utilizador/charmie_ws/install/charmie_interfaces LD_LIBRARY_PATH=/home/utilizador/charmie_ws/install/charmie_interfaces/lib:${LD_LIBRARY_PATH} PYTHONPATH=/home/utilizador/charmie_ws/build/charmie_navigation_sdnl/prefix_override:/home/utilizador/charmie_ws/install/charmie_navigation_sdnl/lib/python3.8/site-packages:/home/utilizador/charmie_ws/install/charmie_interfaces/lib/python3.8/site-packages:${PYTHONPATH} /usr/bin/python3 setup.py egg_info --egg-base ../../build/charmie_navigation_sdnl build --build-base /home/utilizador/charmie_ws/build/charmie_navigation_sdnl/build install --record /home/utilizador/charmie_ws/build/charmie_navigation_sdnl/install.log --single-version-externally-managed
[1.463s] running egg_info
[1.464s] writing ../../build/charmie_navigation_sdnl/charmie_navigation_sdnl.egg-info/PKG-INFO
[1.465s] writing dependency_links to ../../build/charmie_navigation_sdnl/charmie_navigation_sdnl.egg-info/dependency_links.txt
[1.465s] writing entry points to ../../build/charmie_navigation_sdnl/charmie_navigation_sdnl.egg-info/entry_points.txt
[1.465s] writing requirements to ../../build/charmie_navigation_sdnl/charmie_navigation_sdnl.egg-info/requires.txt
[1.465s] writing top-level names to ../../build/charmie_navigation_sdnl/charmie_navigation_sdnl.egg-info/top_level.txt
[1.518s] reading manifest file '../../build/charmie_navigation_sdnl/charmie_navigation_sdnl.egg-info/SOURCES.txt'
[1.519s] writing manifest file '../../build/charmie_navigation_sdnl/charmie_navigation_sdnl.egg-info/SOURCES.txt'
[1.519s] running build
[1.519s] running build_py
[1.520s] running install
[1.520s] running install_lib
[1.521s] running install_data
[1.522s] running install_egg_info
[1.529s] removing '/home/utilizador/charmie_ws/install/charmie_navigation_sdnl/lib/python3.8/site-packages/charmie_navigation_sdnl-0.0.0-py3.8.egg-info' (and everything under it)
[1.529s] Copying ../../build/charmie_navigation_sdnl/charmie_navigation_sdnl.egg-info to /home/utilizador/charmie_ws/install/charmie_navigation_sdnl/lib/python3.8/site-packages/charmie_navigation_sdnl-0.0.0-py3.8.egg-info
[1.529s] running install_scripts
[1.547s] Installing navigation script to /home/utilizador/charmie_ws/install/charmie_navigation_sdnl/lib/charmie_navigation_sdnl
[1.548s] writing list of installed files to '/home/utilizador/charmie_ws/build/charmie_navigation_sdnl/install.log'
[1.885s] Invoked command in '/home/utilizador/charmie_ws/src/charmie_navigation_sdnl' returned '0': AMENT_PREFIX_PATH=/home/utilizador/charmie_ws/install/charmie_interfaces:${AMENT_PREFIX_PATH} CMAKE_PREFIX_PATH=/home/utilizador/charmie_ws/install/charmie_interfaces LD_LIBRARY_PATH=/home/utilizador/charmie_ws/install/charmie_interfaces/lib:${LD_LIBRARY_PATH} PYTHONPATH=/home/utilizador/charmie_ws/build/charmie_navigation_sdnl/prefix_override:/home/utilizador/charmie_ws/install/charmie_navigation_sdnl/lib/python3.8/site-packages:/home/utilizador/charmie_ws/install/charmie_interfaces/lib/python3.8/site-packages:${PYTHONPATH} /usr/bin/python3 setup.py egg_info --egg-base ../../build/charmie_navigation_sdnl build --build-base /home/utilizador/charmie_ws/build/charmie_navigation_sdnl/build install --record /home/utilizador/charmie_ws/build/charmie_navigation_sdnl/install.log --single-version-externally-managed
