[2.155s] Invoking command in '/home/utilizador/charmie_ws/src/charmie_low_level': PYTHONPATH=/home/utilizador/charmie_ws/build/charmie_low_level/prefix_override:/home/utilizador/charmie_ws/install/charmie_low_level/lib/python3.8/site-packages:${PYTHONPATH} /usr/bin/python3 setup.py egg_info --egg-base ../../build/charmie_low_level build --build-base /home/utilizador/charmie_ws/build/charmie_low_level/build install --record /home/utilizador/charmie_ws/build/charmie_low_level/install.log --install-scripts $base/lib/charmie_low_level --single-version-externally-managed
[2.442s] running egg_info
[2.443s] creating ../../build/charmie_low_level/charmie_low_level.egg-info
[2.443s] writing ../../build/charmie_low_level/charmie_low_level.egg-info/PKG-INFO
[2.443s] writing dependency_links to ../../build/charmie_low_level/charmie_low_level.egg-info/dependency_links.txt
[2.443s] writing entry points to ../../build/charmie_low_level/charmie_low_level.egg-info/entry_points.txt
[2.444s] writing requirements to ../../build/charmie_low_level/charmie_low_level.egg-info/requires.txt
[2.444s] writing top-level names to ../../build/charmie_low_level/charmie_low_level.egg-info/top_level.txt
[2.446s] writing manifest file '../../build/charmie_low_level/charmie_low_level.egg-info/SOURCES.txt'
[2.489s] reading manifest file '../../build/charmie_low_level/charmie_low_level.egg-info/SOURCES.txt'
[2.490s] writing manifest file '../../build/charmie_low_level/charmie_low_level.egg-info/SOURCES.txt'
[2.490s] running build
[2.491s] running build_py
[2.491s] creating /home/utilizador/charmie_ws/build/charmie_low_level/build
[2.491s] creating /home/utilizador/charmie_ws/build/charmie_low_level/build/lib
[2.491s] creating /home/utilizador/charmie_ws/build/charmie_low_level/build/lib/charmie_low_level
[2.491s] copying charmie_low_level/low_level.py -> /home/utilizador/charmie_ws/build/charmie_low_level/build/lib/charmie_low_level
[2.492s] copying charmie_low_level/__init__.py -> /home/utilizador/charmie_ws/build/charmie_low_level/build/lib/charmie_low_level
[2.492s] running install
[2.493s] running install_lib
[2.494s] creating /home/utilizador/charmie_ws/install/charmie_low_level/lib/python3.8/site-packages/charmie_low_level
[2.494s] copying /home/utilizador/charmie_ws/build/charmie_low_level/build/lib/charmie_low_level/low_level.py -> /home/utilizador/charmie_ws/install/charmie_low_level/lib/python3.8/site-packages/charmie_low_level
[2.494s] copying /home/utilizador/charmie_ws/build/charmie_low_level/build/lib/charmie_low_level/__init__.py -> /home/utilizador/charmie_ws/install/charmie_low_level/lib/python3.8/site-packages/charmie_low_level
[2.495s] byte-compiling /home/utilizador/charmie_ws/install/charmie_low_level/lib/python3.8/site-packages/charmie_low_level/low_level.py to low_level.cpython-38.pyc
[2.496s] byte-compiling /home/utilizador/charmie_ws/install/charmie_low_level/lib/python3.8/site-packages/charmie_low_level/__init__.py to __init__.cpython-38.pyc
[2.497s] running install_data
[2.497s] creating /home/utilizador/charmie_ws/install/charmie_low_level/share/ament_index
[2.497s] creating /home/utilizador/charmie_ws/install/charmie_low_level/share/ament_index/resource_index
[2.498s] creating /home/utilizador/charmie_ws/install/charmie_low_level/share/ament_index/resource_index/packages
[2.498s] copying resource/charmie_low_level -> /home/utilizador/charmie_ws/install/charmie_low_level/share/ament_index/resource_index/packages
[2.498s] copying package.xml -> /home/utilizador/charmie_ws/install/charmie_low_level/share/charmie_low_level
[2.498s] running install_egg_info
[2.500s] Copying ../../build/charmie_low_level/charmie_low_level.egg-info to /home/utilizador/charmie_ws/install/charmie_low_level/lib/python3.8/site-packages/charmie_low_level-0.0.0-py3.8.egg-info
[2.501s] running install_scripts
[2.527s] Installing low_level script to /home/utilizador/charmie_ws/install/charmie_low_level/lib/charmie_low_level
[2.527s] writing list of installed files to '/home/utilizador/charmie_ws/build/charmie_low_level/install.log'
[2.563s] Invoked command in '/home/utilizador/charmie_ws/src/charmie_low_level' returned '0': PYTHONPATH=/home/utilizador/charmie_ws/build/charmie_low_level/prefix_override:/home/utilizador/charmie_ws/install/charmie_low_level/lib/python3.8/site-packages:${PYTHONPATH} /usr/bin/python3 setup.py egg_info --egg-base ../../build/charmie_low_level build --build-base /home/utilizador/charmie_ws/build/charmie_low_level/build install --record /home/utilizador/charmie_ws/build/charmie_low_level/install.log --install-scripts $base/lib/charmie_low_level --single-version-externally-managed
