[1.687s] Invoking command in '/home/utilizador/charmie_ws/src/charmie_low_level': CMAKE_PREFIX_PATH=/home/utilizador/charmie_ws/install/charmie_interfaces:/home/utilizador/charmie_ws/install/realsense2_description:/home/utilizador/charmie_ws/install/realsense2_camera:/home/utilizador/charmie_ws/install/realsense2_camera_msgs:/home/utilizador/charmie_ws/install/charmie_bot LD_LIBRARY_PATH=/home/utilizador/charmie_ws/install/charmie_interfaces/lib:/home/utilizador/charmie_ws/install/realsense2_camera/lib:/home/utilizador/charmie_ws/install/realsense2_camera_msgs/lib:/opt/ros/foxy/opt/yaml_cpp_vendor/lib:/opt/ros/foxy/opt/rviz_ogre_vendor/lib:/opt/ros/foxy/lib/x86_64-linux-gnu:/opt/ros/foxy/lib PYTHONPATH=/home/utilizador/charmie_ws/build/charmie_low_level/prefix_override:/home/utilizador/charmie_ws/install/charmie_low_level/lib/python3.8/site-packages:/home/utilizador/charmie_ws/install/charmie_interfaces/lib/python3.8/site-packages:/home/utilizador/charmie_ws/install/realsense2_camera_msgs/lib/python3.8/site-packages:/home/utilizador/charmie_ws/install/charmie_speakers/lib/python3.8/site-packages:/home/utilizador/charmie_ws/install/charmie_ps4_controller/lib/python3.8/site-packages:/home/utilizador/charmie_ws/install/charmie_neck_dynamixel/lib/python3.8/site-packages:/home/utilizador/charmie_ws/install/charmie_low_level/lib/python3.8/site-packages:/home/utilizador/charmie_ws/install/charmie_lidar_hokuyo/lib/python3.8/site-packages:/home/utilizador/charmie_ws/install/charmie_debug/lib/python3.8/site-packages:/home/utilizador/charmie_ws/install/charmie_audio/lib/python3.8/site-packages:/opt/ros/foxy/lib/python3.8/site-packages /usr/bin/python3 setup.py egg_info --egg-base ../../build/charmie_low_level build --build-base /home/utilizador/charmie_ws/build/charmie_low_level/build install --record /home/utilizador/charmie_ws/build/charmie_low_level/install.log --install-scripts $base/lib/charmie_low_level --single-version-externally-managed
[1.932s] running egg_info
[1.933s] writing ../../build/charmie_low_level/charmie_low_level.egg-info/PKG-INFO
[1.933s] writing dependency_links to ../../build/charmie_low_level/charmie_low_level.egg-info/dependency_links.txt
[1.933s] writing entry points to ../../build/charmie_low_level/charmie_low_level.egg-info/entry_points.txt
[1.933s] writing requirements to ../../build/charmie_low_level/charmie_low_level.egg-info/requires.txt
[1.933s] writing top-level names to ../../build/charmie_low_level/charmie_low_level.egg-info/top_level.txt
[1.969s] reading manifest file '../../build/charmie_low_level/charmie_low_level.egg-info/SOURCES.txt'
[1.970s] writing manifest file '../../build/charmie_low_level/charmie_low_level.egg-info/SOURCES.txt'
[1.970s] running build
[1.970s] running build_py
[1.971s] running install
[1.972s] running install_lib
[1.973s] running install_data
[1.974s] running install_egg_info
[1.975s] removing '/home/utilizador/charmie_ws/install/charmie_low_level/lib/python3.8/site-packages/charmie_low_level-0.0.0-py3.8.egg-info' (and everything under it)
[1.976s] Copying ../../build/charmie_low_level/charmie_low_level.egg-info to /home/utilizador/charmie_ws/install/charmie_low_level/lib/python3.8/site-packages/charmie_low_level-0.0.0-py3.8.egg-info
[1.977s] running install_scripts
[1.996s] Installing low_level script to /home/utilizador/charmie_ws/install/charmie_low_level/lib/charmie_low_level
[1.996s] writing list of installed files to '/home/utilizador/charmie_ws/build/charmie_low_level/install.log'
[2.028s] Invoked command in '/home/utilizador/charmie_ws/src/charmie_low_level' returned '0': CMAKE_PREFIX_PATH=/home/utilizador/charmie_ws/install/charmie_interfaces:/home/utilizador/charmie_ws/install/realsense2_description:/home/utilizador/charmie_ws/install/realsense2_camera:/home/utilizador/charmie_ws/install/realsense2_camera_msgs:/home/utilizador/charmie_ws/install/charmie_bot LD_LIBRARY_PATH=/home/utilizador/charmie_ws/install/charmie_interfaces/lib:/home/utilizador/charmie_ws/install/realsense2_camera/lib:/home/utilizador/charmie_ws/install/realsense2_camera_msgs/lib:/opt/ros/foxy/opt/yaml_cpp_vendor/lib:/opt/ros/foxy/opt/rviz_ogre_vendor/lib:/opt/ros/foxy/lib/x86_64-linux-gnu:/opt/ros/foxy/lib PYTHONPATH=/home/utilizador/charmie_ws/build/charmie_low_level/prefix_override:/home/utilizador/charmie_ws/install/charmie_low_level/lib/python3.8/site-packages:/home/utilizador/charmie_ws/install/charmie_interfaces/lib/python3.8/site-packages:/home/utilizador/charmie_ws/install/realsense2_camera_msgs/lib/python3.8/site-packages:/home/utilizador/charmie_ws/install/charmie_speakers/lib/python3.8/site-packages:/home/utilizador/charmie_ws/install/charmie_ps4_controller/lib/python3.8/site-packages:/home/utilizador/charmie_ws/install/charmie_neck_dynamixel/lib/python3.8/site-packages:/home/utilizador/charmie_ws/install/charmie_low_level/lib/python3.8/site-packages:/home/utilizador/charmie_ws/install/charmie_lidar_hokuyo/lib/python3.8/site-packages:/home/utilizador/charmie_ws/install/charmie_debug/lib/python3.8/site-packages:/home/utilizador/charmie_ws/install/charmie_audio/lib/python3.8/site-packages:/opt/ros/foxy/lib/python3.8/site-packages /usr/bin/python3 setup.py egg_info --egg-base ../../build/charmie_low_level build --build-base /home/utilizador/charmie_ws/build/charmie_low_level/build install --record /home/utilizador/charmie_ws/build/charmie_low_level/install.log --install-scripts $base/lib/charmie_low_level --single-version-externally-managed
