[3.479s] Invoking command in '/home/utilizador/charmie_ws/build/charmie_neck_dynamixel': PYTHONPATH=/home/utilizador/charmie_ws/build/charmie_neck_dynamixel/prefix_override:/home/utilizador/charmie_ws/install/charmie_neck_dynamixel/lib/python3.8/site-packages:${PYTHONPATH} /usr/bin/python3 setup.py develop --uninstall --editable --build-directory /home/utilizador/charmie_ws/build/charmie_neck_dynamixel/build
[4.186s] running develop
[4.582s] Removing /home/utilizador/charmie_ws/install/charmie_neck_dynamixel/lib/python3.8/site-packages/charmie-neck-dynamixel.egg-link (link to .)
[4.697s] Invoked command in '/home/utilizador/charmie_ws/build/charmie_neck_dynamixel' returned '0': PYTHONPATH=/home/utilizador/charmie_ws/build/charmie_neck_dynamixel/prefix_override:/home/utilizador/charmie_ws/install/charmie_neck_dynamixel/lib/python3.8/site-packages:${PYTHONPATH} /usr/bin/python3 setup.py develop --uninstall --editable --build-directory /home/utilizador/charmie_ws/build/charmie_neck_dynamixel/build
[4.699s] Invoking command in '/home/utilizador/charmie_ws/src/charmie_neck_dynamixel': PYTHONPATH=/home/utilizador/charmie_ws/build/charmie_neck_dynamixel/prefix_override:/home/utilizador/charmie_ws/install/charmie_neck_dynamixel/lib/python3.8/site-packages:${PYTHONPATH} /usr/bin/python3 setup.py egg_info --egg-base ../../build/charmie_neck_dynamixel build --build-base /home/utilizador/charmie_ws/build/charmie_neck_dynamixel/build install --record /home/utilizador/charmie_ws/build/charmie_neck_dynamixel/install.log --single-version-externally-managed
[5.406s] running egg_info
[5.412s] writing ../../build/charmie_neck_dynamixel/charmie_neck_dynamixel.egg-info/PKG-INFO
[5.413s] writing dependency_links to ../../build/charmie_neck_dynamixel/charmie_neck_dynamixel.egg-info/dependency_links.txt
[5.413s] writing entry points to ../../build/charmie_neck_dynamixel/charmie_neck_dynamixel.egg-info/entry_points.txt
[5.415s] writing requirements to ../../build/charmie_neck_dynamixel/charmie_neck_dynamixel.egg-info/requires.txt
[5.415s] writing top-level names to ../../build/charmie_neck_dynamixel/charmie_neck_dynamixel.egg-info/top_level.txt
[5.426s] reading manifest file '../../build/charmie_neck_dynamixel/charmie_neck_dynamixel.egg-info/SOURCES.txt'
[5.428s] writing manifest file '../../build/charmie_neck_dynamixel/charmie_neck_dynamixel.egg-info/SOURCES.txt'
[5.429s] running build
[5.429s] running build_py
[5.430s] creating /home/utilizador/charmie_ws/build/charmie_neck_dynamixel/build
[5.430s] creating /home/utilizador/charmie_ws/build/charmie_neck_dynamixel/build/lib
[5.431s] creating /home/utilizador/charmie_ws/build/charmie_neck_dynamixel/build/lib/charmie_neck_dynamixel
[5.432s] copying charmie_neck_dynamixel/__init__.py -> /home/utilizador/charmie_ws/build/charmie_neck_dynamixel/build/lib/charmie_neck_dynamixel
[5.432s] copying charmie_neck_dynamixel/neck_dynamixel.py -> /home/utilizador/charmie_ws/build/charmie_neck_dynamixel/build/lib/charmie_neck_dynamixel
[5.433s] running install
[5.435s] running install_lib
[5.437s] creating /home/utilizador/charmie_ws/install/charmie_neck_dynamixel/lib/python3.8/site-packages/charmie_neck_dynamixel
[5.438s] copying /home/utilizador/charmie_ws/build/charmie_neck_dynamixel/build/lib/charmie_neck_dynamixel/__init__.py -> /home/utilizador/charmie_ws/install/charmie_neck_dynamixel/lib/python3.8/site-packages/charmie_neck_dynamixel
[5.438s] copying /home/utilizador/charmie_ws/build/charmie_neck_dynamixel/build/lib/charmie_neck_dynamixel/neck_dynamixel.py -> /home/utilizador/charmie_ws/install/charmie_neck_dynamixel/lib/python3.8/site-packages/charmie_neck_dynamixel
[5.440s] byte-compiling /home/utilizador/charmie_ws/install/charmie_neck_dynamixel/lib/python3.8/site-packages/charmie_neck_dynamixel/__init__.py to __init__.cpython-38.pyc
[5.441s] byte-compiling /home/utilizador/charmie_ws/install/charmie_neck_dynamixel/lib/python3.8/site-packages/charmie_neck_dynamixel/neck_dynamixel.py to neck_dynamixel.cpython-38.pyc
[5.444s] running install_data
[5.445s] running install_egg_info
[5.449s] Copying ../../build/charmie_neck_dynamixel/charmie_neck_dynamixel.egg-info to /home/utilizador/charmie_ws/install/charmie_neck_dynamixel/lib/python3.8/site-packages/charmie_neck_dynamixel-0.0.0-py3.8.egg-info
[5.450s] running install_scripts
[5.495s] Installing neck_dynamixel script to /home/utilizador/charmie_ws/install/charmie_neck_dynamixel/lib/charmie_neck_dynamixel
[5.496s] writing list of installed files to '/home/utilizador/charmie_ws/build/charmie_neck_dynamixel/install.log'
[5.701s] Invoked command in '/home/utilizador/charmie_ws/src/charmie_neck_dynamixel' returned '0': PYTHONPATH=/home/utilizador/charmie_ws/build/charmie_neck_dynamixel/prefix_override:/home/utilizador/charmie_ws/install/charmie_neck_dynamixel/lib/python3.8/site-packages:${PYTHONPATH} /usr/bin/python3 setup.py egg_info --egg-base ../../build/charmie_neck_dynamixel build --build-base /home/utilizador/charmie_ws/build/charmie_neck_dynamixel/build install --record /home/utilizador/charmie_ws/build/charmie_neck_dynamixel/install.log --single-version-externally-managed
