[0.132s] Invoking command in '/home/utilizador/charmie_ws/build/charmie_bot': CMAKE_PREFIX_PATH=${CMAKE_PREFIX_PATH}:/home/utilizador/charmie_ws/install/yolopose:/home/utilizador/charmie_ws/install/yolo_obj:/home/utilizador/charmie_ws/install/charmie_yolo_objects:/home/utilizador/charmie_ws/install/charmie_stickler_for_the_rules:/home/utilizador/charmie_ws/install/charmie_speakers_offline:/home/utilizador/charmie_ws/install/charmie_speakers:/home/utilizador/charmie_ws/install/charmie_restaurant:/home/utilizador/charmie_ws/install/charmie_receptionist:/home/utilizador/charmie_ws/install/charmie_ps4_controller:/home/utilizador/charmie_ws/install/charmie_person_localisation:/home/utilizador/charmie_ws/install/charmie_odometry:/home/utilizador/charmie_ws/install/charmie_obstacles:/home/utilizador/charmie_ws/install/charmie_neck_dynamixel:/home/utilizador/charmie_ws/install/charmie_navigation_sdnl:/home/utilizador/charmie_ws/install/charmie_low_level:/home/utilizador/charmie_ws/install/charmie_localisation:/home/utilizador/charmie_ws/install/charmie_lidar_hokuyo:/home/utilizador/charmie_ws/install/charmie_inspection:/home/utilizador/charmie_ws/install/charmie_debug:/home/utilizador/charmie_ws/install/charmie_carry_luggage:/home/utilizador/charmie_ws/install/charmie_audio:/home/utilizador/charmie_ws/install/charmie_face_shiningrgb:/home/utilizador/charmie_ws/install/charmie_door_start:/home/utilizador/charmie_ws/install/charmie_diagnostics:/opt/ros/foxy /home/utilizador/.local/bin/cmake --build /home/utilizador/charmie_ws/build/charmie_bot -- -j8 -l8
[2.089s] Invoked command in '/home/utilizador/charmie_ws/build/charmie_bot' returned '0': CMAKE_PREFIX_PATH=${CMAKE_PREFIX_PATH}:/home/utilizador/charmie_ws/install/yolopose:/home/utilizador/charmie_ws/install/yolo_obj:/home/utilizador/charmie_ws/install/charmie_yolo_objects:/home/utilizador/charmie_ws/install/charmie_stickler_for_the_rules:/home/utilizador/charmie_ws/install/charmie_speakers_offline:/home/utilizador/charmie_ws/install/charmie_speakers:/home/utilizador/charmie_ws/install/charmie_restaurant:/home/utilizador/charmie_ws/install/charmie_receptionist:/home/utilizador/charmie_ws/install/charmie_ps4_controller:/home/utilizador/charmie_ws/install/charmie_person_localisation:/home/utilizador/charmie_ws/install/charmie_odometry:/home/utilizador/charmie_ws/install/charmie_obstacles:/home/utilizador/charmie_ws/install/charmie_neck_dynamixel:/home/utilizador/charmie_ws/install/charmie_navigation_sdnl:/home/utilizador/charmie_ws/install/charmie_low_level:/home/utilizador/charmie_ws/install/charmie_localisation:/home/utilizador/charmie_ws/install/charmie_lidar_hokuyo:/home/utilizador/charmie_ws/install/charmie_inspection:/home/utilizador/charmie_ws/install/charmie_debug:/home/utilizador/charmie_ws/install/charmie_carry_luggage:/home/utilizador/charmie_ws/install/charmie_audio:/home/utilizador/charmie_ws/install/charmie_face_shiningrgb:/home/utilizador/charmie_ws/install/charmie_door_start:/home/utilizador/charmie_ws/install/charmie_diagnostics:/opt/ros/foxy /home/utilizador/.local/bin/cmake --build /home/utilizador/charmie_ws/build/charmie_bot -- -j8 -l8
[2.288s] Invoking command in '/home/utilizador/charmie_ws/build/charmie_bot': CMAKE_PREFIX_PATH=${CMAKE_PREFIX_PATH}:/home/utilizador/charmie_ws/install/yolopose:/home/utilizador/charmie_ws/install/yolo_obj:/home/utilizador/charmie_ws/install/charmie_yolo_objects:/home/utilizador/charmie_ws/install/charmie_stickler_for_the_rules:/home/utilizador/charmie_ws/install/charmie_speakers_offline:/home/utilizador/charmie_ws/install/charmie_speakers:/home/utilizador/charmie_ws/install/charmie_restaurant:/home/utilizador/charmie_ws/install/charmie_receptionist:/home/utilizador/charmie_ws/install/charmie_ps4_controller:/home/utilizador/charmie_ws/install/charmie_person_localisation:/home/utilizador/charmie_ws/install/charmie_odometry:/home/utilizador/charmie_ws/install/charmie_obstacles:/home/utilizador/charmie_ws/install/charmie_neck_dynamixel:/home/utilizador/charmie_ws/install/charmie_navigation_sdnl:/home/utilizador/charmie_ws/install/charmie_low_level:/home/utilizador/charmie_ws/install/charmie_localisation:/home/utilizador/charmie_ws/install/charmie_lidar_hokuyo:/home/utilizador/charmie_ws/install/charmie_inspection:/home/utilizador/charmie_ws/install/charmie_debug:/home/utilizador/charmie_ws/install/charmie_carry_luggage:/home/utilizador/charmie_ws/install/charmie_audio:/home/utilizador/charmie_ws/install/charmie_face_shiningrgb:/home/utilizador/charmie_ws/install/charmie_door_start:/home/utilizador/charmie_ws/install/charmie_diagnostics:/opt/ros/foxy /home/utilizador/.local/bin/cmake --install /home/utilizador/charmie_ws/build/charmie_bot
[2.375s] -- Install configuration: ""
[2.376s] -- Execute custom install script
[2.377s] -- Up-to-date symlink: /home/utilizador/charmie_ws/install/charmie_bot/share/charmie_bot/config/amcl_config.yaml
[2.378s] -- Up-to-date symlink: /home/utilizador/charmie_ws/install/charmie_bot/share/charmie_bot/config/config_2.rviz
[2.378s] -- Up-to-date symlink: /home/utilizador/charmie_ws/install/charmie_bot/share/charmie_bot/config/controller_config.yaml
[2.378s] -- Up-to-date symlink: /home/utilizador/charmie_ws/install/charmie_bot/share/charmie_bot/config/empty.yaml
[2.378s] -- Up-to-date symlink: /home/utilizador/charmie_ws/install/charmie_bot/share/charmie_bot/config/joystick.yaml
[2.379s] -- Up-to-date symlink: /home/utilizador/charmie_ws/install/charmie_bot/share/charmie_bot/config/mapper_params_online_async.yaml
[2.379s] -- Up-to-date symlink: /home/utilizador/charmie_ws/install/charmie_bot/share/charmie_bot/config/tiago_rviz.rviz
[2.379s] -- Up-to-date symlink: /home/utilizador/charmie_ws/install/charmie_bot/share/charmie_bot/config/twist_mux.yaml
[2.379s] -- Up-to-date symlink: /home/utilizador/charmie_ws/install/charmie_bot/share/charmie_bot/config/view_bot.rviz
[2.380s] -- Up-to-date symlink: /home/utilizador/charmie_ws/install/charmie_bot/share/charmie_bot/description/depth_camera.xacro
[2.380s] -- Up-to-date symlink: /home/utilizador/charmie_ws/install/charmie_bot/share/charmie_bot/description/gazebo_control.xacro
[2.381s] -- Up-to-date symlink: /home/utilizador/charmie_ws/install/charmie_bot/share/charmie_bot/description/inertial_macros.xacro
[2.381s] -- Up-to-date symlink: /home/utilizador/charmie_ws/install/charmie_bot/share/charmie_bot/description/lidar.xacro
[2.381s] -- Up-to-date symlink: /home/utilizador/charmie_ws/install/charmie_bot/share/charmie_bot/description/meshes/lidar.stl
[2.381s] -- Up-to-date symlink: /home/utilizador/charmie_ws/install/charmie_bot/share/charmie_bot/description/meshes/omni_wheel.stl
[2.381s] -- Up-to-date symlink: /home/utilizador/charmie_ws/install/charmie_bot/share/charmie_bot/description/robot.urdf.xacro
[2.382s] -- Up-to-date symlink: /home/utilizador/charmie_ws/install/charmie_bot/share/charmie_bot/description/robot_core.xacro
[2.382s] -- Up-to-date symlink: /home/utilizador/charmie_ws/install/charmie_bot/share/charmie_bot/description/robot_wheels.xacro
[2.382s] -- Up-to-date symlink: /home/utilizador/charmie_ws/install/charmie_bot/share/charmie_bot/description/ros2_control.xacro
[2.383s] -- Up-to-date symlink: /home/utilizador/charmie_ws/install/charmie_bot/share/charmie_bot/launch/joystick.launch.py
[2.383s] -- Up-to-date symlink: /home/utilizador/charmie_ws/install/charmie_bot/share/charmie_bot/launch/launch_real.launch.py
[2.383s] -- Up-to-date symlink: /home/utilizador/charmie_ws/install/charmie_bot/share/charmie_bot/launch/launch_sim.launch.py
[2.384s] -- Up-to-date symlink: /home/utilizador/charmie_ws/install/charmie_bot/share/charmie_bot/launch/rsp.launch.py
[2.384s] -- Up-to-date symlink: /home/utilizador/charmie_ws/install/charmie_bot/share/charmie_bot/worlds/empty.world
[2.385s] -- Up-to-date symlink: /home/utilizador/charmie_ws/install/charmie_bot/share/charmie_bot/worlds/lar_home.world
[2.385s] -- Up-to-date symlink: /home/utilizador/charmie_ws/install/charmie_bot/share/charmie_bot/worlds/robocup_house.world
[2.386s] -- Up-to-date symlink: /home/utilizador/charmie_ws/install/charmie_bot/share/charmie_bot/worlds/robocup_objects.world
[2.386s] -- Up-to-date symlink: /home/utilizador/charmie_ws/install/charmie_bot/share/charmie_bot/worlds/world_test.world
[2.388s] -- Up-to-date symlink: /home/utilizador/charmie_ws/install/charmie_bot/share/ament_index/resource_index/package_run_dependencies/charmie_bot
[2.388s] -- Up-to-date symlink: /home/utilizador/charmie_ws/install/charmie_bot/share/ament_index/resource_index/parent_prefix_path/charmie_bot
[2.388s] -- Up-to-date symlink: /home/utilizador/charmie_ws/install/charmie_bot/share/charmie_bot/environment/ament_prefix_path.sh
[2.388s] -- Up-to-date symlink: /home/utilizador/charmie_ws/install/charmie_bot/share/charmie_bot/environment/ament_prefix_path.dsv
[2.389s] -- Up-to-date symlink: /home/utilizador/charmie_ws/install/charmie_bot/share/charmie_bot/environment/path.sh
[2.389s] -- Up-to-date symlink: /home/utilizador/charmie_ws/install/charmie_bot/share/charmie_bot/environment/path.dsv
[2.390s] -- Up-to-date symlink: /home/utilizador/charmie_ws/install/charmie_bot/share/charmie_bot/local_setup.bash
[2.390s] -- Up-to-date symlink: /home/utilizador/charmie_ws/install/charmie_bot/share/charmie_bot/local_setup.sh
[2.390s] -- Up-to-date symlink: /home/utilizador/charmie_ws/install/charmie_bot/share/charmie_bot/local_setup.zsh
[2.390s] -- Up-to-date symlink: /home/utilizador/charmie_ws/install/charmie_bot/share/charmie_bot/local_setup.dsv
[2.390s] -- Symlinking: /home/utilizador/charmie_ws/install/charmie_bot/share/charmie_bot/package.dsv
[2.396s] -- Up-to-date symlink: /home/utilizador/charmie_ws/install/charmie_bot/share/ament_index/resource_index/packages/charmie_bot
[2.396s] -- Up-to-date symlink: /home/utilizador/charmie_ws/install/charmie_bot/share/charmie_bot/cmake/charmie_botConfig.cmake
[2.396s] -- Up-to-date symlink: /home/utilizador/charmie_ws/install/charmie_bot/share/charmie_bot/cmake/charmie_botConfig-version.cmake
[2.397s] -- Up-to-date symlink: /home/utilizador/charmie_ws/install/charmie_bot/share/charmie_bot/package.xml
[2.413s] Invoked command in '/home/utilizador/charmie_ws/build/charmie_bot' returned '0': CMAKE_PREFIX_PATH=${CMAKE_PREFIX_PATH}:/home/utilizador/charmie_ws/install/yolopose:/home/utilizador/charmie_ws/install/yolo_obj:/home/utilizador/charmie_ws/install/charmie_yolo_objects:/home/utilizador/charmie_ws/install/charmie_stickler_for_the_rules:/home/utilizador/charmie_ws/install/charmie_speakers_offline:/home/utilizador/charmie_ws/install/charmie_speakers:/home/utilizador/charmie_ws/install/charmie_restaurant:/home/utilizador/charmie_ws/install/charmie_receptionist:/home/utilizador/charmie_ws/install/charmie_ps4_controller:/home/utilizador/charmie_ws/install/charmie_person_localisation:/home/utilizador/charmie_ws/install/charmie_odometry:/home/utilizador/charmie_ws/install/charmie_obstacles:/home/utilizador/charmie_ws/install/charmie_neck_dynamixel:/home/utilizador/charmie_ws/install/charmie_navigation_sdnl:/home/utilizador/charmie_ws/install/charmie_low_level:/home/utilizador/charmie_ws/install/charmie_localisation:/home/utilizador/charmie_ws/install/charmie_lidar_hokuyo:/home/utilizador/charmie_ws/install/charmie_inspection:/home/utilizador/charmie_ws/install/charmie_debug:/home/utilizador/charmie_ws/install/charmie_carry_luggage:/home/utilizador/charmie_ws/install/charmie_audio:/home/utilizador/charmie_ws/install/charmie_face_shiningrgb:/home/utilizador/charmie_ws/install/charmie_door_start:/home/utilizador/charmie_ws/install/charmie_diagnostics:/opt/ros/foxy /home/utilizador/.local/bin/cmake --install /home/utilizador/charmie_ws/build/charmie_bot
