[10.055s] Invoking command in '/home/utilizador/charmie_ws/build/charmie_obstacles': AMENT_PREFIX_PATH=/home/utilizador/charmie_ws/install/charmie_interfaces:${AMENT_PREFIX_PATH} CMAKE_PREFIX_PATH=/home/utilizador/charmie_ws/install/charmie_interfaces LD_LIBRARY_PATH=/home/utilizador/charmie_ws/install/charmie_interfaces/lib:${LD_LIBRARY_PATH} PYTHONPATH=/home/utilizador/charmie_ws/build/charmie_obstacles/prefix_override:/home/utilizador/charmie_ws/install/charmie_obstacles/lib/python3.8/site-packages:/home/utilizador/charmie_ws/install/charmie_interfaces/lib/python3.8/site-packages:${PYTHONPATH} /usr/bin/python3 setup.py develop --editable --build-directory /home/utilizador/charmie_ws/build/charmie_obstacles/build --no-deps install_data
[12.619s] running develop
[13.500s] running egg_info
[13.500s] creating charmie_obstacles.egg-info
[13.501s] writing charmie_obstacles.egg-info/PKG-INFO
[13.502s] writing dependency_links to charmie_obstacles.egg-info/dependency_links.txt
[13.503s] writing entry points to charmie_obstacles.egg-info/entry_points.txt
[13.503s] writing requirements to charmie_obstacles.egg-info/requires.txt
[13.504s] writing top-level names to charmie_obstacles.egg-info/top_level.txt
[13.516s] writing manifest file 'charmie_obstacles.egg-info/SOURCES.txt'
[13.522s] reading manifest file 'charmie_obstacles.egg-info/SOURCES.txt'
[13.524s] writing manifest file 'charmie_obstacles.egg-info/SOURCES.txt'
[13.678s] running build_ext
[13.679s] Creating /home/utilizador/charmie_ws/install/charmie_obstacles/lib/python3.8/site-packages/charmie-obstacles.egg-link (link to .)
[13.680s] Installing obstacles script to /home/utilizador/charmie_ws/install/charmie_obstacles/lib/charmie_obstacles
[13.681s] 
[13.682s] Installed /home/utilizador/charmie_ws/build/charmie_obstacles
[13.683s] running install_data
[13.685s] creating /home/utilizador/charmie_ws/install/charmie_obstacles/share/ament_index
[13.686s] creating /home/utilizador/charmie_ws/install/charmie_obstacles/share/ament_index/resource_index
[13.687s] creating /home/utilizador/charmie_ws/install/charmie_obstacles/share/ament_index/resource_index/packages
[13.689s] copying resource/charmie_obstacles -> /home/utilizador/charmie_ws/install/charmie_obstacles/share/ament_index/resource_index/packages
[13.691s] copying package.xml -> /home/utilizador/charmie_ws/install/charmie_obstacles/share/charmie_obstacles
[13.935s] Invoked command in '/home/utilizador/charmie_ws/build/charmie_obstacles' returned '0': AMENT_PREFIX_PATH=/home/utilizador/charmie_ws/install/charmie_interfaces:${AMENT_PREFIX_PATH} CMAKE_PREFIX_PATH=/home/utilizador/charmie_ws/install/charmie_interfaces LD_LIBRARY_PATH=/home/utilizador/charmie_ws/install/charmie_interfaces/lib:${LD_LIBRARY_PATH} PYTHONPATH=/home/utilizador/charmie_ws/build/charmie_obstacles/prefix_override:/home/utilizador/charmie_ws/install/charmie_obstacles/lib/python3.8/site-packages:/home/utilizador/charmie_ws/install/charmie_interfaces/lib/python3.8/site-packages:${PYTHONPATH} /usr/bin/python3 setup.py develop --editable --build-directory /home/utilizador/charmie_ws/build/charmie_obstacles/build --no-deps install_data
