[2.717s] Invoking command in '/home/utilizador/charmie_ws/build/charmie_lidar_hokuyo': PYTHONPATH=/home/utilizador/charmie_ws/build/charmie_lidar_hokuyo/prefix_override:/home/utilizador/charmie_ws/install/charmie_lidar_hokuyo/lib/python3.8/site-packages:${PYTHONPATH} /usr/bin/python3 setup.py develop --uninstall --editable --build-directory /home/utilizador/charmie_ws/build/charmie_lidar_hokuyo/build
[3.214s] running develop
[3.521s] Removing /home/utilizador/charmie_ws/install/charmie_lidar_hokuyo/lib/python3.8/site-packages/charmie-lidar-hokuyo.egg-link (link to .)
[3.588s] Invoked command in '/home/utilizador/charmie_ws/build/charmie_lidar_hokuyo' returned '0': PYTHONPATH=/home/utilizador/charmie_ws/build/charmie_lidar_hokuyo/prefix_override:/home/utilizador/charmie_ws/install/charmie_lidar_hokuyo/lib/python3.8/site-packages:${PYTHONPATH} /usr/bin/python3 setup.py develop --uninstall --editable --build-directory /home/utilizador/charmie_ws/build/charmie_lidar_hokuyo/build
[3.593s] Invoking command in '/home/utilizador/charmie_ws/src/charmie_lidar_hokuyo': PYTHONPATH=/home/utilizador/charmie_ws/build/charmie_lidar_hokuyo/prefix_override:/home/utilizador/charmie_ws/install/charmie_lidar_hokuyo/lib/python3.8/site-packages:${PYTHONPATH} /usr/bin/python3 setup.py egg_info --egg-base ../../build/charmie_lidar_hokuyo build --build-base /home/utilizador/charmie_ws/build/charmie_lidar_hokuyo/build install --record /home/utilizador/charmie_ws/build/charmie_lidar_hokuyo/install.log --install-scripts $base/lib/charmie_lidar_hokuyo --single-version-externally-managed
[4.062s] running egg_info
[4.063s] writing ../../build/charmie_lidar_hokuyo/charmie_lidar_hokuyo.egg-info/PKG-INFO
[4.064s] writing dependency_links to ../../build/charmie_lidar_hokuyo/charmie_lidar_hokuyo.egg-info/dependency_links.txt
[4.064s] writing entry points to ../../build/charmie_lidar_hokuyo/charmie_lidar_hokuyo.egg-info/entry_points.txt
[4.064s] writing requirements to ../../build/charmie_lidar_hokuyo/charmie_lidar_hokuyo.egg-info/requires.txt
[4.064s] writing top-level names to ../../build/charmie_lidar_hokuyo/charmie_lidar_hokuyo.egg-info/top_level.txt
[4.134s] reading manifest file '../../build/charmie_lidar_hokuyo/charmie_lidar_hokuyo.egg-info/SOURCES.txt'
[4.137s] writing manifest file '../../build/charmie_lidar_hokuyo/charmie_lidar_hokuyo.egg-info/SOURCES.txt'
[4.137s] running build
[4.137s] running build_py
[4.137s] running install
[4.139s] running install_lib
[4.141s] creating /home/utilizador/charmie_ws/install/charmie_lidar_hokuyo/lib/python3.8/site-packages/charmie_lidar_hokuyo
[4.142s] copying /home/utilizador/charmie_ws/build/charmie_lidar_hokuyo/build/lib/charmie_lidar_hokuyo/lidar_hokuyo.py -> /home/utilizador/charmie_ws/install/charmie_lidar_hokuyo/lib/python3.8/site-packages/charmie_lidar_hokuyo
[4.142s] copying /home/utilizador/charmie_ws/build/charmie_lidar_hokuyo/build/lib/charmie_lidar_hokuyo/__init__.py -> /home/utilizador/charmie_ws/install/charmie_lidar_hokuyo/lib/python3.8/site-packages/charmie_lidar_hokuyo
[4.143s] byte-compiling /home/utilizador/charmie_ws/install/charmie_lidar_hokuyo/lib/python3.8/site-packages/charmie_lidar_hokuyo/lidar_hokuyo.py to lidar_hokuyo.cpython-38.pyc
[4.151s] byte-compiling /home/utilizador/charmie_ws/install/charmie_lidar_hokuyo/lib/python3.8/site-packages/charmie_lidar_hokuyo/__init__.py to __init__.cpython-38.pyc
[4.151s] running install_data
[4.152s] running install_egg_info
[4.155s] Copying ../../build/charmie_lidar_hokuyo/charmie_lidar_hokuyo.egg-info to /home/utilizador/charmie_ws/install/charmie_lidar_hokuyo/lib/python3.8/site-packages/charmie_lidar_hokuyo-0.0.0-py3.8.egg-info
[4.157s] running install_scripts
[4.190s] Installing lidar_hokuyo script to /home/utilizador/charmie_ws/install/charmie_lidar_hokuyo/lib/charmie_lidar_hokuyo
[4.190s] writing list of installed files to '/home/utilizador/charmie_ws/build/charmie_lidar_hokuyo/install.log'
[4.287s] Invoked command in '/home/utilizador/charmie_ws/src/charmie_lidar_hokuyo' returned '0': PYTHONPATH=/home/utilizador/charmie_ws/build/charmie_lidar_hokuyo/prefix_override:/home/utilizador/charmie_ws/install/charmie_lidar_hokuyo/lib/python3.8/site-packages:${PYTHONPATH} /usr/bin/python3 setup.py egg_info --egg-base ../../build/charmie_lidar_hokuyo build --build-base /home/utilizador/charmie_ws/build/charmie_lidar_hokuyo/build install --record /home/utilizador/charmie_ws/build/charmie_lidar_hokuyo/install.log --install-scripts $base/lib/charmie_lidar_hokuyo --single-version-externally-managed
