[0.023s] Invoking command in '/home/utilizador/charmie_ws/build/realsense2_description': CMAKE_PREFIX_PATH=/home/utilizador/charmie_ws/install/realsense2_camera_msgs:/home/utilizador/charmie_ws/install/realsense2_description:/home/utilizador/charmie_ws/install/realsense2_camera:/home/utilizador/charmie_ws/install/charmie_interfaces:/home/utilizador/charmie_ws/install/charmie_bot:/home/utilizador/charmie_ws/install/charmie_speakers:/home/utilizador/charmie_ws/install/charmie_receptionist:/home/utilizador/charmie_ws/install/charmie_ps4_controller:/home/utilizador/charmie_ws/install/charmie_odometry:/home/utilizador/charmie_ws/install/charmie_obstacles:/home/utilizador/charmie_ws/install/charmie_neck_dynamixel:/home/utilizador/charmie_ws/install/charmie_low_level:/home/utilizador/charmie_ws/install/charmie_lidar_hokuyo:/home/utilizador/charmie_ws/install/charmie_debug:/home/utilizador/charmie_ws/install/charmie_audio:/home/utilizador/charmie_ws/install/charmie_face_shiningrgb:/opt/ros/foxy LD_LIBRARY_PATH=/home/utilizador/charmie_ws/install/realsense2_camera_msgs/lib:/home/utilizador/charmie_ws/install/realsense2_camera/lib:/home/utilizador/charmie_ws/install/charmie_interfaces/lib:/opt/ros/foxy/opt/yaml_cpp_vendor/lib:/opt/ros/foxy/opt/rviz_ogre_vendor/lib:/opt/ros/foxy/lib/x86_64-linux-gnu:/opt/ros/foxy/lib /usr/bin/cmake /home/utilizador/charmie_ws/src/realsense-ros/realsense2_description -DAMENT_CMAKE_SYMLINK_INSTALL=1 -DCMAKE_INSTALL_PREFIX=/home/utilizador/charmie_ws/install/realsense2_description
[0.038s] -- Found ament_cmake: 0.9.11 (/opt/ros/foxy/share/ament_cmake/cmake)
[0.072s] -- Using PYTHON_EXECUTABLE: /usr/bin/python3
[0.293s] -- Override CMake install command with custom implementation using symlinks instead of copying resources
[0.378s] -- Configuring done
[0.382s] -- Generating done
[0.383s] -- Build files have been written to: /home/utilizador/charmie_ws/build/realsense2_description
[1.523s] Invoked command in '/home/utilizador/charmie_ws/build/realsense2_description' returned '0': CMAKE_PREFIX_PATH=/home/utilizador/charmie_ws/install/realsense2_camera_msgs:/home/utilizador/charmie_ws/install/realsense2_description:/home/utilizador/charmie_ws/install/realsense2_camera:/home/utilizador/charmie_ws/install/charmie_interfaces:/home/utilizador/charmie_ws/install/charmie_bot:/home/utilizador/charmie_ws/install/charmie_speakers:/home/utilizador/charmie_ws/install/charmie_receptionist:/home/utilizador/charmie_ws/install/charmie_ps4_controller:/home/utilizador/charmie_ws/install/charmie_odometry:/home/utilizador/charmie_ws/install/charmie_obstacles:/home/utilizador/charmie_ws/install/charmie_neck_dynamixel:/home/utilizador/charmie_ws/install/charmie_low_level:/home/utilizador/charmie_ws/install/charmie_lidar_hokuyo:/home/utilizador/charmie_ws/install/charmie_debug:/home/utilizador/charmie_ws/install/charmie_audio:/home/utilizador/charmie_ws/install/charmie_face_shiningrgb:/opt/ros/foxy LD_LIBRARY_PATH=/home/utilizador/charmie_ws/install/realsense2_camera_msgs/lib:/home/utilizador/charmie_ws/install/realsense2_camera/lib:/home/utilizador/charmie_ws/install/charmie_interfaces/lib:/opt/ros/foxy/opt/yaml_cpp_vendor/lib:/opt/ros/foxy/opt/rviz_ogre_vendor/lib:/opt/ros/foxy/lib/x86_64-linux-gnu:/opt/ros/foxy/lib /usr/bin/cmake /home/utilizador/charmie_ws/src/realsense-ros/realsense2_description -DAMENT_CMAKE_SYMLINK_INSTALL=1 -DCMAKE_INSTALL_PREFIX=/home/utilizador/charmie_ws/install/realsense2_description
[1.527s] Invoking command in '/home/utilizador/charmie_ws/build/realsense2_description': CMAKE_PREFIX_PATH=/home/utilizador/charmie_ws/install/realsense2_camera_msgs:/home/utilizador/charmie_ws/install/realsense2_description:/home/utilizador/charmie_ws/install/realsense2_camera:/home/utilizador/charmie_ws/install/charmie_interfaces:/home/utilizador/charmie_ws/install/charmie_bot:/home/utilizador/charmie_ws/install/charmie_speakers:/home/utilizador/charmie_ws/install/charmie_receptionist:/home/utilizador/charmie_ws/install/charmie_ps4_controller:/home/utilizador/charmie_ws/install/charmie_odometry:/home/utilizador/charmie_ws/install/charmie_obstacles:/home/utilizador/charmie_ws/install/charmie_neck_dynamixel:/home/utilizador/charmie_ws/install/charmie_low_level:/home/utilizador/charmie_ws/install/charmie_lidar_hokuyo:/home/utilizador/charmie_ws/install/charmie_debug:/home/utilizador/charmie_ws/install/charmie_audio:/home/utilizador/charmie_ws/install/charmie_face_shiningrgb:/opt/ros/foxy LD_LIBRARY_PATH=/home/utilizador/charmie_ws/install/realsense2_camera_msgs/lib:/home/utilizador/charmie_ws/install/realsense2_camera/lib:/home/utilizador/charmie_ws/install/charmie_interfaces/lib:/opt/ros/foxy/opt/yaml_cpp_vendor/lib:/opt/ros/foxy/opt/rviz_ogre_vendor/lib:/opt/ros/foxy/lib/x86_64-linux-gnu:/opt/ros/foxy/lib /usr/bin/cmake --build /home/utilizador/charmie_ws/build/realsense2_description -- -j8 -l8
[1.863s] Invoked command in '/home/utilizador/charmie_ws/build/realsense2_description' returned '0': CMAKE_PREFIX_PATH=/home/utilizador/charmie_ws/install/realsense2_camera_msgs:/home/utilizador/charmie_ws/install/realsense2_description:/home/utilizador/charmie_ws/install/realsense2_camera:/home/utilizador/charmie_ws/install/charmie_interfaces:/home/utilizador/charmie_ws/install/charmie_bot:/home/utilizador/charmie_ws/install/charmie_speakers:/home/utilizador/charmie_ws/install/charmie_receptionist:/home/utilizador/charmie_ws/install/charmie_ps4_controller:/home/utilizador/charmie_ws/install/charmie_odometry:/home/utilizador/charmie_ws/install/charmie_obstacles:/home/utilizador/charmie_ws/install/charmie_neck_dynamixel:/home/utilizador/charmie_ws/install/charmie_low_level:/home/utilizador/charmie_ws/install/charmie_lidar_hokuyo:/home/utilizador/charmie_ws/install/charmie_debug:/home/utilizador/charmie_ws/install/charmie_audio:/home/utilizador/charmie_ws/install/charmie_face_shiningrgb:/opt/ros/foxy LD_LIBRARY_PATH=/home/utilizador/charmie_ws/install/realsense2_camera_msgs/lib:/home/utilizador/charmie_ws/install/realsense2_camera/lib:/home/utilizador/charmie_ws/install/charmie_interfaces/lib:/opt/ros/foxy/opt/yaml_cpp_vendor/lib:/opt/ros/foxy/opt/rviz_ogre_vendor/lib:/opt/ros/foxy/lib/x86_64-linux-gnu:/opt/ros/foxy/lib /usr/bin/cmake --build /home/utilizador/charmie_ws/build/realsense2_description -- -j8 -l8
[1.903s] Invoking command in '/home/utilizador/charmie_ws/build/realsense2_description': CMAKE_PREFIX_PATH=/home/utilizador/charmie_ws/install/realsense2_camera_msgs:/home/utilizador/charmie_ws/install/realsense2_description:/home/utilizador/charmie_ws/install/realsense2_camera:/home/utilizador/charmie_ws/install/charmie_interfaces:/home/utilizador/charmie_ws/install/charmie_bot:/home/utilizador/charmie_ws/install/charmie_speakers:/home/utilizador/charmie_ws/install/charmie_receptionist:/home/utilizador/charmie_ws/install/charmie_ps4_controller:/home/utilizador/charmie_ws/install/charmie_odometry:/home/utilizador/charmie_ws/install/charmie_obstacles:/home/utilizador/charmie_ws/install/charmie_neck_dynamixel:/home/utilizador/charmie_ws/install/charmie_low_level:/home/utilizador/charmie_ws/install/charmie_lidar_hokuyo:/home/utilizador/charmie_ws/install/charmie_debug:/home/utilizador/charmie_ws/install/charmie_audio:/home/utilizador/charmie_ws/install/charmie_face_shiningrgb:/opt/ros/foxy LD_LIBRARY_PATH=/home/utilizador/charmie_ws/install/realsense2_camera_msgs/lib:/home/utilizador/charmie_ws/install/realsense2_camera/lib:/home/utilizador/charmie_ws/install/charmie_interfaces/lib:/opt/ros/foxy/opt/yaml_cpp_vendor/lib:/opt/ros/foxy/opt/rviz_ogre_vendor/lib:/opt/ros/foxy/lib/x86_64-linux-gnu:/opt/ros/foxy/lib /usr/bin/cmake --install /home/utilizador/charmie_ws/build/realsense2_description
[1.921s] -- Install configuration: ""
[1.922s] -- Execute custom install script
[1.924s] -- Up-to-date symlink: /home/utilizador/charmie_ws/install/realsense2_description/share/realsense2_description/launch/launch_utils.py
[1.925s] -- Up-to-date symlink: /home/utilizador/charmie_ws/install/realsense2_description/share/realsense2_description/launch/view_model.launch.py
[1.927s] -- Up-to-date symlink: /home/utilizador/charmie_ws/install/realsense2_description/share/realsense2_description/meshes/d415.stl
[1.927s] -- Up-to-date symlink: /home/utilizador/charmie_ws/install/realsense2_description/share/realsense2_description/meshes/d435.dae
[1.928s] -- Up-to-date symlink: /home/utilizador/charmie_ws/install/realsense2_description/share/realsense2_description/meshes/d455.stl
[1.929s] -- Up-to-date symlink: /home/utilizador/charmie_ws/install/realsense2_description/share/realsense2_description/meshes/l515.dae
[1.930s] -- Up-to-date symlink: /home/utilizador/charmie_ws/install/realsense2_description/share/realsense2_description/meshes/plug.stl
[1.931s] -- Up-to-date symlink: /home/utilizador/charmie_ws/install/realsense2_description/share/realsense2_description/meshes/plug_collision.stl
[1.932s] -- Up-to-date symlink: /home/utilizador/charmie_ws/install/realsense2_description/share/realsense2_description/rviz/urdf.rviz
[1.934s] -- Up-to-date symlink: /home/utilizador/charmie_ws/install/realsense2_description/share/realsense2_description/urdf/_d415.urdf.xacro
[1.935s] -- Up-to-date symlink: /home/utilizador/charmie_ws/install/realsense2_description/share/realsense2_description/urdf/_d435.urdf.xacro
[1.936s] -- Up-to-date symlink: /home/utilizador/charmie_ws/install/realsense2_description/share/realsense2_description/urdf/_d435i.urdf.xacro
[1.937s] -- Up-to-date symlink: /home/utilizador/charmie_ws/install/realsense2_description/share/realsense2_description/urdf/_d435i_imu_modules.urdf.xacro
[1.937s] -- Up-to-date symlink: /home/utilizador/charmie_ws/install/realsense2_description/share/realsense2_description/urdf/_d455.urdf.xacro
[1.938s] -- Up-to-date symlink: /home/utilizador/charmie_ws/install/realsense2_description/share/realsense2_description/urdf/_l515.urdf.xacro
[1.939s] -- Up-to-date symlink: /home/utilizador/charmie_ws/install/realsense2_description/share/realsense2_description/urdf/_materials.urdf.xacro
[1.940s] -- Up-to-date symlink: /home/utilizador/charmie_ws/install/realsense2_description/share/realsense2_description/urdf/_r410.urdf.xacro
[1.940s] -- Up-to-date symlink: /home/utilizador/charmie_ws/install/realsense2_description/share/realsense2_description/urdf/_r430.urdf.xacro
[1.941s] -- Up-to-date symlink: /home/utilizador/charmie_ws/install/realsense2_description/share/realsense2_description/urdf/_usb_plug.urdf.xacro
[1.942s] -- Up-to-date symlink: /home/utilizador/charmie_ws/install/realsense2_description/share/realsense2_description/urdf/test_d415_camera.urdf.xacro
[1.943s] -- Up-to-date symlink: /home/utilizador/charmie_ws/install/realsense2_description/share/realsense2_description/urdf/test_d435_camera.urdf.xacro
[1.943s] -- Up-to-date symlink: /home/utilizador/charmie_ws/install/realsense2_description/share/realsense2_description/urdf/test_d435_multiple_cameras.urdf.xacro
[1.943s] -- Up-to-date symlink: /home/utilizador/charmie_ws/install/realsense2_description/share/realsense2_description/urdf/test_d435i_camera.urdf.xacro
[1.944s] -- Up-to-date symlink: /home/utilizador/charmie_ws/install/realsense2_description/share/realsense2_description/urdf/test_d455_camera.urdf.xacro
[1.944s] -- Up-to-date symlink: /home/utilizador/charmie_ws/install/realsense2_description/share/realsense2_description/urdf/test_l515_camera.urdf.xacro
[1.944s] -- Up-to-date symlink: /home/utilizador/charmie_ws/install/realsense2_description/share/realsense2_description/urdf/test_r410_camera.urdf.xacro
[1.945s] -- Up-to-date symlink: /home/utilizador/charmie_ws/install/realsense2_description/share/realsense2_description/urdf/test_r430_camera.urdf.xacro
[1.945s] -- Up-to-date symlink: /home/utilizador/charmie_ws/install/realsense2_description/share/ament_index/resource_index/package_run_dependencies/realsense2_description
[1.946s] -- Up-to-date symlink: /home/utilizador/charmie_ws/install/realsense2_description/share/ament_index/resource_index/parent_prefix_path/realsense2_description
[1.947s] -- Up-to-date symlink: /home/utilizador/charmie_ws/install/realsense2_description/share/realsense2_description/environment/ament_prefix_path.sh
[1.947s] -- Up-to-date symlink: /home/utilizador/charmie_ws/install/realsense2_description/share/realsense2_description/environment/ament_prefix_path.dsv
[1.948s] -- Up-to-date symlink: /home/utilizador/charmie_ws/install/realsense2_description/share/realsense2_description/environment/path.sh
[1.949s] -- Up-to-date symlink: /home/utilizador/charmie_ws/install/realsense2_description/share/realsense2_description/environment/path.dsv
[1.950s] -- Up-to-date symlink: /home/utilizador/charmie_ws/install/realsense2_description/share/realsense2_description/local_setup.bash
[1.951s] -- Up-to-date symlink: /home/utilizador/charmie_ws/install/realsense2_description/share/realsense2_description/local_setup.sh
[1.951s] -- Up-to-date symlink: /home/utilizador/charmie_ws/install/realsense2_description/share/realsense2_description/local_setup.zsh
[1.952s] -- Up-to-date symlink: /home/utilizador/charmie_ws/install/realsense2_description/share/realsense2_description/local_setup.dsv
[1.952s] -- Symlinking: /home/utilizador/charmie_ws/install/realsense2_description/share/realsense2_description/package.dsv
[1.979s] -- Up-to-date symlink: /home/utilizador/charmie_ws/install/realsense2_description/share/ament_index/resource_index/packages/realsense2_description
[1.980s] -- Up-to-date symlink: /home/utilizador/charmie_ws/install/realsense2_description/share/realsense2_description/cmake/realsense2_descriptionConfig.cmake
[1.980s] -- Up-to-date symlink: /home/utilizador/charmie_ws/install/realsense2_description/share/realsense2_description/cmake/realsense2_descriptionConfig-version.cmake
[1.981s] -- Up-to-date symlink: /home/utilizador/charmie_ws/install/realsense2_description/share/realsense2_description/package.xml
[1.994s] Invoked command in '/home/utilizador/charmie_ws/build/realsense2_description' returned '0': CMAKE_PREFIX_PATH=/home/utilizador/charmie_ws/install/realsense2_camera_msgs:/home/utilizador/charmie_ws/install/realsense2_description:/home/utilizador/charmie_ws/install/realsense2_camera:/home/utilizador/charmie_ws/install/charmie_interfaces:/home/utilizador/charmie_ws/install/charmie_bot:/home/utilizador/charmie_ws/install/charmie_speakers:/home/utilizador/charmie_ws/install/charmie_receptionist:/home/utilizador/charmie_ws/install/charmie_ps4_controller:/home/utilizador/charmie_ws/install/charmie_odometry:/home/utilizador/charmie_ws/install/charmie_obstacles:/home/utilizador/charmie_ws/install/charmie_neck_dynamixel:/home/utilizador/charmie_ws/install/charmie_low_level:/home/utilizador/charmie_ws/install/charmie_lidar_hokuyo:/home/utilizador/charmie_ws/install/charmie_debug:/home/utilizador/charmie_ws/install/charmie_audio:/home/utilizador/charmie_ws/install/charmie_face_shiningrgb:/opt/ros/foxy LD_LIBRARY_PATH=/home/utilizador/charmie_ws/install/realsense2_camera_msgs/lib:/home/utilizador/charmie_ws/install/realsense2_camera/lib:/home/utilizador/charmie_ws/install/charmie_interfaces/lib:/opt/ros/foxy/opt/yaml_cpp_vendor/lib:/opt/ros/foxy/opt/rviz_ogre_vendor/lib:/opt/ros/foxy/lib/x86_64-linux-gnu:/opt/ros/foxy/lib /usr/bin/cmake --install /home/utilizador/charmie_ws/build/realsense2_description
