[4.768s] Invoking command in '/home/utilizador/charmie_ws/build/charmie_diagnostics': PYTHONPATH=/home/utilizador/charmie_ws/build/charmie_diagnostics/prefix_override:/home/utilizador/charmie_ws/install/charmie_diagnostics/lib/python3.8/site-packages:${PYTHONPATH} /usr/bin/python3 setup.py develop --uninstall --editable --build-directory /home/utilizador/charmie_ws/build/charmie_diagnostics/build
[6.015s] running develop
[6.588s] Invoked command in '/home/utilizador/charmie_ws/build/charmie_diagnostics' returned '0': PYTHONPATH=/home/utilizador/charmie_ws/build/charmie_diagnostics/prefix_override:/home/utilizador/charmie_ws/install/charmie_diagnostics/lib/python3.8/site-packages:${PYTHONPATH} /usr/bin/python3 setup.py develop --uninstall --editable --build-directory /home/utilizador/charmie_ws/build/charmie_diagnostics/build
[6.589s] Invoking command in '/home/utilizador/charmie_ws/src/charmie_diagnostics': PYTHONPATH=/home/utilizador/charmie_ws/build/charmie_diagnostics/prefix_override:/home/utilizador/charmie_ws/install/charmie_diagnostics/lib/python3.8/site-packages:${PYTHONPATH} /usr/bin/python3 setup.py egg_info --egg-base ../../build/charmie_diagnostics build --build-base /home/utilizador/charmie_ws/build/charmie_diagnostics/build install --record /home/utilizador/charmie_ws/build/charmie_diagnostics/install.log --single-version-externally-managed
[8.256s] running egg_info
[8.258s] writing ../../build/charmie_diagnostics/charmie_diagnostics.egg-info/PKG-INFO
[8.259s] writing dependency_links to ../../build/charmie_diagnostics/charmie_diagnostics.egg-info/dependency_links.txt
[8.260s] writing entry points to ../../build/charmie_diagnostics/charmie_diagnostics.egg-info/entry_points.txt
[8.260s] writing requirements to ../../build/charmie_diagnostics/charmie_diagnostics.egg-info/requires.txt
[8.260s] writing top-level names to ../../build/charmie_diagnostics/charmie_diagnostics.egg-info/top_level.txt
[8.280s] reading manifest file '../../build/charmie_diagnostics/charmie_diagnostics.egg-info/SOURCES.txt'
[8.283s] writing manifest file '../../build/charmie_diagnostics/charmie_diagnostics.egg-info/SOURCES.txt'
[8.283s] running build
[8.284s] running build_py
[8.291s] running install
[8.294s] running install_lib
[8.304s] running install_data
[8.307s] running install_egg_info
[8.318s] removing '/home/utilizador/charmie_ws/install/charmie_diagnostics/lib/python3.8/site-packages/charmie_diagnostics-0.0.0-py3.8.egg-info' (and everything under it)
[8.329s] Copying ../../build/charmie_diagnostics/charmie_diagnostics.egg-info to /home/utilizador/charmie_ws/install/charmie_diagnostics/lib/python3.8/site-packages/charmie_diagnostics-0.0.0-py3.8.egg-info
[8.330s] running install_scripts
[8.399s] Installing diagnostics script to /home/utilizador/charmie_ws/install/charmie_diagnostics/lib/charmie_diagnostics
[8.400s] writing list of installed files to '/home/utilizador/charmie_ws/build/charmie_diagnostics/install.log'
[9.184s] Invoked command in '/home/utilizador/charmie_ws/src/charmie_diagnostics' returned '0': PYTHONPATH=/home/utilizador/charmie_ws/build/charmie_diagnostics/prefix_override:/home/utilizador/charmie_ws/install/charmie_diagnostics/lib/python3.8/site-packages:${PYTHONPATH} /usr/bin/python3 setup.py egg_info --egg-base ../../build/charmie_diagnostics build --build-base /home/utilizador/charmie_ws/build/charmie_diagnostics/build install --record /home/utilizador/charmie_ws/build/charmie_diagnostics/install.log --single-version-externally-managed
