running develop
Removing /home/utilizador/charmie_ws/install/charmie_audio/lib/python3.8/site-packages/charmie-audio.egg-link (link to .)
running egg_info
writing ../../build/charmie_audio/charmie_audio.egg-info/PKG-INFO
writing dependency_links to ../../build/charmie_audio/charmie_audio.egg-info/dependency_links.txt
writing entry points to ../../build/charmie_audio/charmie_audio.egg-info/entry_points.txt
writing requirements to ../../build/charmie_audio/charmie_audio.egg-info/requires.txt
writing top-level names to ../../build/charmie_audio/charmie_audio.egg-info/top_level.txt
reading manifest file '../../build/charmie_audio/charmie_audio.egg-info/SOURCES.txt'
writing manifest file '../../build/charmie_audio/charmie_audio.egg-info/SOURCES.txt'
running build
running build_py
copying charmie_audio/audio.py -> /home/utilizador/charmie_ws/build/charmie_audio/build/lib/charmie_audio
copying charmie_audio/words_dict.py -> /home/utilizador/charmie_ws/build/charmie_audio/build/lib/charmie_audio
running install
running install_lib
creating /home/utilizador/charmie_ws/install/charmie_audio/lib/python3.8/site-packages/charmie_audio
copying /home/utilizador/charmie_ws/build/charmie_audio/build/lib/charmie_audio/audio.py -> /home/utilizador/charmie_ws/install/charmie_audio/lib/python3.8/site-packages/charmie_audio
copying /home/utilizador/charmie_ws/build/charmie_audio/build/lib/charmie_audio/words_dict.py -> /home/utilizador/charmie_ws/install/charmie_audio/lib/python3.8/site-packages/charmie_audio
copying /home/utilizador/charmie_ws/build/charmie_audio/build/lib/charmie_audio/__init__.py -> /home/utilizador/charmie_ws/install/charmie_audio/lib/python3.8/site-packages/charmie_audio
byte-compiling /home/utilizador/charmie_ws/install/charmie_audio/lib/python3.8/site-packages/charmie_audio/audio.py to audio.cpython-38.pyc
byte-compiling /home/utilizador/charmie_ws/install/charmie_audio/lib/python3.8/site-packages/charmie_audio/words_dict.py to words_dict.cpython-38.pyc
byte-compiling /home/utilizador/charmie_ws/install/charmie_audio/lib/python3.8/site-packages/charmie_audio/__init__.py to __init__.cpython-38.pyc
running install_data
running install_egg_info
Copying ../../build/charmie_audio/charmie_audio.egg-info to /home/utilizador/charmie_ws/install/charmie_audio/lib/python3.8/site-packages/charmie_audio-0.0.0-py3.8.egg-info
running install_scripts
Installing audio script to /home/utilizador/charmie_ws/install/charmie_audio/lib/charmie_audio
writing list of installed files to '/home/utilizador/charmie_ws/build/charmie_audio/install.log'
