[4.399s] Invoking command in '/home/utilizador/charmie_ws/build/charmie_neck_dynamixel': PYTHONPATH=/home/utilizador/charmie_ws/build/charmie_neck_dynamixel/prefix_override:/home/utilizador/charmie_ws/install/charmie_neck_dynamixel/lib/python3.8/site-packages:${PYTHONPATH} /usr/bin/python3 setup.py develop --uninstall --editable --build-directory /home/utilizador/charmie_ws/build/charmie_neck_dynamixel/build
[6.690s] running develop
[9.895s] Invoked command in '/home/utilizador/charmie_ws/build/charmie_neck_dynamixel' returned '0': PYTHONPATH=/home/utilizador/charmie_ws/build/charmie_neck_dynamixel/prefix_override:/home/utilizador/charmie_ws/install/charmie_neck_dynamixel/lib/python3.8/site-packages:${PYTHONPATH} /usr/bin/python3 setup.py develop --uninstall --editable --build-directory /home/utilizador/charmie_ws/build/charmie_neck_dynamixel/build
[9.897s] Invoking command in '/home/utilizador/charmie_ws/src/charmie_neck_dynamixel': PYTHONPATH=/home/utilizador/charmie_ws/build/charmie_neck_dynamixel/prefix_override:/home/utilizador/charmie_ws/install/charmie_neck_dynamixel/lib/python3.8/site-packages:${PYTHONPATH} /usr/bin/python3 setup.py egg_info --egg-base ../../build/charmie_neck_dynamixel build --build-base /home/utilizador/charmie_ws/build/charmie_neck_dynamixel/build install --record /home/utilizador/charmie_ws/build/charmie_neck_dynamixel/install.log --single-version-externally-managed
[11.559s] running egg_info
[11.562s] writing ../../build/charmie_neck_dynamixel/charmie_neck_dynamixel.egg-info/PKG-INFO
[11.562s] writing dependency_links to ../../build/charmie_neck_dynamixel/charmie_neck_dynamixel.egg-info/dependency_links.txt
[11.563s] writing entry points to ../../build/charmie_neck_dynamixel/charmie_neck_dynamixel.egg-info/entry_points.txt
[11.564s] writing requirements to ../../build/charmie_neck_dynamixel/charmie_neck_dynamixel.egg-info/requires.txt
[11.564s] writing top-level names to ../../build/charmie_neck_dynamixel/charmie_neck_dynamixel.egg-info/top_level.txt
[11.585s] reading manifest file '../../build/charmie_neck_dynamixel/charmie_neck_dynamixel.egg-info/SOURCES.txt'
[11.588s] writing manifest file '../../build/charmie_neck_dynamixel/charmie_neck_dynamixel.egg-info/SOURCES.txt'
[11.588s] running build
[11.588s] running build_py
[11.589s] running install
[11.592s] running install_lib
[11.597s] running install_data
[11.599s] running install_egg_info
[11.603s] removing '/home/utilizador/charmie_ws/install/charmie_neck_dynamixel/lib/python3.8/site-packages/charmie_neck_dynamixel-0.0.0-py3.8.egg-info' (and everything under it)
[11.608s] Copying ../../build/charmie_neck_dynamixel/charmie_neck_dynamixel.egg-info to /home/utilizador/charmie_ws/install/charmie_neck_dynamixel/lib/python3.8/site-packages/charmie_neck_dynamixel-0.0.0-py3.8.egg-info
[11.619s] running install_scripts
[11.678s] Installing neck_dynamixel script to /home/utilizador/charmie_ws/install/charmie_neck_dynamixel/lib/charmie_neck_dynamixel
[11.679s] writing list of installed files to '/home/utilizador/charmie_ws/build/charmie_neck_dynamixel/install.log'
[11.877s] Invoked command in '/home/utilizador/charmie_ws/src/charmie_neck_dynamixel' returned '0': PYTHONPATH=/home/utilizador/charmie_ws/build/charmie_neck_dynamixel/prefix_override:/home/utilizador/charmie_ws/install/charmie_neck_dynamixel/lib/python3.8/site-packages:${PYTHONPATH} /usr/bin/python3 setup.py egg_info --egg-base ../../build/charmie_neck_dynamixel build --build-base /home/utilizador/charmie_ws/build/charmie_neck_dynamixel/build install --record /home/utilizador/charmie_ws/build/charmie_neck_dynamixel/install.log --single-version-externally-managed
