[3.451s] Invoking command in '/home/utilizador/charmie_ws/build/charmie_door_start': PYTHONPATH=/home/utilizador/charmie_ws/build/charmie_door_start/prefix_override:/home/utilizador/charmie_ws/install/charmie_door_start/lib/python3.8/site-packages:${PYTHONPATH} /usr/bin/python3 setup.py develop --uninstall --editable --build-directory /home/utilizador/charmie_ws/build/charmie_door_start/build
[4.106s] running develop
[4.453s] Removing /home/utilizador/charmie_ws/install/charmie_door_start/lib/python3.8/site-packages/charmie-door-start.egg-link (link to .)
[4.515s] Invoked command in '/home/utilizador/charmie_ws/build/charmie_door_start' returned '0': PYTHONPATH=/home/utilizador/charmie_ws/build/charmie_door_start/prefix_override:/home/utilizador/charmie_ws/install/charmie_door_start/lib/python3.8/site-packages:${PYTHONPATH} /usr/bin/python3 setup.py develop --uninstall --editable --build-directory /home/utilizador/charmie_ws/build/charmie_door_start/build
[4.516s] Invoking command in '/home/utilizador/charmie_ws/src/charmie_door_start': PYTHONPATH=/home/utilizador/charmie_ws/build/charmie_door_start/prefix_override:/home/utilizador/charmie_ws/install/charmie_door_start/lib/python3.8/site-packages:${PYTHONPATH} /usr/bin/python3 setup.py egg_info --egg-base ../../build/charmie_door_start build --build-base /home/utilizador/charmie_ws/build/charmie_door_start/build install --record /home/utilizador/charmie_ws/build/charmie_door_start/install.log --single-version-externally-managed
[5.183s] running egg_info
[5.185s] writing ../../build/charmie_door_start/charmie_door_start.egg-info/PKG-INFO
[5.185s] writing dependency_links to ../../build/charmie_door_start/charmie_door_start.egg-info/dependency_links.txt
[5.185s] writing entry points to ../../build/charmie_door_start/charmie_door_start.egg-info/entry_points.txt
[5.186s] writing requirements to ../../build/charmie_door_start/charmie_door_start.egg-info/requires.txt
[5.186s] writing top-level names to ../../build/charmie_door_start/charmie_door_start.egg-info/top_level.txt
[5.192s] reading manifest file '../../build/charmie_door_start/charmie_door_start.egg-info/SOURCES.txt'
[5.194s] writing manifest file '../../build/charmie_door_start/charmie_door_start.egg-info/SOURCES.txt'
[5.194s] running build
[5.194s] running build_py
[5.194s] running install
[5.197s] running install_lib
[5.198s] creating /home/utilizador/charmie_ws/install/charmie_door_start/lib/python3.8/site-packages/charmie_door_start
[5.199s] copying /home/utilizador/charmie_ws/build/charmie_door_start/build/lib/charmie_door_start/__init__.py -> /home/utilizador/charmie_ws/install/charmie_door_start/lib/python3.8/site-packages/charmie_door_start
[5.199s] copying /home/utilizador/charmie_ws/build/charmie_door_start/build/lib/charmie_door_start/door_start.py -> /home/utilizador/charmie_ws/install/charmie_door_start/lib/python3.8/site-packages/charmie_door_start
[5.201s] byte-compiling /home/utilizador/charmie_ws/install/charmie_door_start/lib/python3.8/site-packages/charmie_door_start/__init__.py to __init__.cpython-38.pyc
[5.201s] byte-compiling /home/utilizador/charmie_ws/install/charmie_door_start/lib/python3.8/site-packages/charmie_door_start/door_start.py to door_start.cpython-38.pyc
[5.203s] running install_data
[5.204s] running install_egg_info
[5.208s] Copying ../../build/charmie_door_start/charmie_door_start.egg-info to /home/utilizador/charmie_ws/install/charmie_door_start/lib/python3.8/site-packages/charmie_door_start-0.0.0-py3.8.egg-info
[5.209s] running install_scripts
[5.248s] Installing door_start script to /home/utilizador/charmie_ws/install/charmie_door_start/lib/charmie_door_start
[5.249s] writing list of installed files to '/home/utilizador/charmie_ws/build/charmie_door_start/install.log'
[5.743s] Invoked command in '/home/utilizador/charmie_ws/src/charmie_door_start' returned '0': PYTHONPATH=/home/utilizador/charmie_ws/build/charmie_door_start/prefix_override:/home/utilizador/charmie_ws/install/charmie_door_start/lib/python3.8/site-packages:${PYTHONPATH} /usr/bin/python3 setup.py egg_info --egg-base ../../build/charmie_door_start build --build-base /home/utilizador/charmie_ws/build/charmie_door_start/build install --record /home/utilizador/charmie_ws/build/charmie_door_start/install.log --single-version-externally-managed
