[2.604s] Invoking command in '/home/utilizador/charmie_ws/src/charmie_face_shiningrgb': PYTHONPATH=/home/utilizador/charmie_ws/build/charmie_face_shiningrgb/prefix_override:/home/utilizador/charmie_ws/install/charmie_face_shiningrgb/lib/python3.8/site-packages:${PYTHONPATH} /usr/bin/python3 setup.py egg_info --egg-base ../../build/charmie_face_shiningrgb build --build-base /home/utilizador/charmie_ws/build/charmie_face_shiningrgb/build install --record /home/utilizador/charmie_ws/build/charmie_face_shiningrgb/install.log --install-scripts $base/lib/charmie_face_shiningrgb --single-version-externally-managed
[2.860s] running egg_info
[2.861s] writing ../../build/charmie_face_shiningrgb/charmie_face_shiningrgb.egg-info/PKG-INFO
[2.861s] writing dependency_links to ../../build/charmie_face_shiningrgb/charmie_face_shiningrgb.egg-info/dependency_links.txt
[2.861s] writing entry points to ../../build/charmie_face_shiningrgb/charmie_face_shiningrgb.egg-info/entry_points.txt
[2.862s] writing requirements to ../../build/charmie_face_shiningrgb/charmie_face_shiningrgb.egg-info/requires.txt
[2.862s] writing top-level names to ../../build/charmie_face_shiningrgb/charmie_face_shiningrgb.egg-info/top_level.txt
[2.907s] reading manifest file '../../build/charmie_face_shiningrgb/charmie_face_shiningrgb.egg-info/SOURCES.txt'
[2.908s] writing manifest file '../../build/charmie_face_shiningrgb/charmie_face_shiningrgb.egg-info/SOURCES.txt'
[2.909s] running build
[2.909s] running build_py
[2.909s] running install
[2.910s] running install_lib
[2.912s] running install_data
[2.913s] running install_egg_info
[2.916s] removing '/home/utilizador/charmie_ws/install/charmie_face_shiningrgb/lib/python3.8/site-packages/charmie_face_shiningrgb-0.0.0-py3.8.egg-info' (and everything under it)
[2.917s] Copying ../../build/charmie_face_shiningrgb/charmie_face_shiningrgb.egg-info to /home/utilizador/charmie_ws/install/charmie_face_shiningrgb/lib/python3.8/site-packages/charmie_face_shiningrgb-0.0.0-py3.8.egg-info
[2.918s] running install_scripts
[2.949s] Installing face_shiningrgb script to /home/utilizador/charmie_ws/install/charmie_face_shiningrgb/lib/charmie_face_shiningrgb
[2.950s] writing list of installed files to '/home/utilizador/charmie_ws/build/charmie_face_shiningrgb/install.log'
[3.169s] Invoked command in '/home/utilizador/charmie_ws/src/charmie_face_shiningrgb' returned '0': PYTHONPATH=/home/utilizador/charmie_ws/build/charmie_face_shiningrgb/prefix_override:/home/utilizador/charmie_ws/install/charmie_face_shiningrgb/lib/python3.8/site-packages:${PYTHONPATH} /usr/bin/python3 setup.py egg_info --egg-base ../../build/charmie_face_shiningrgb build --build-base /home/utilizador/charmie_ws/build/charmie_face_shiningrgb/build install --record /home/utilizador/charmie_ws/build/charmie_face_shiningrgb/install.log --install-scripts $base/lib/charmie_face_shiningrgb --single-version-externally-managed
