[0.019s] Invoking command in '/home/utilizador/charmie_ws/build/realsense2_camera': AMENT_PREFIX_PATH=/home/utilizador/charmie_ws/install/realsense2_camera_msgs:${AMENT_PREFIX_PATH} CMAKE_PREFIX_PATH=/home/utilizador/charmie_ws/install/realsense2_camera_msgs:/opt/ros/foxy LD_LIBRARY_PATH=/home/utilizador/charmie_ws/install/realsense2_camera_msgs/lib:${LD_LIBRARY_PATH} PYTHONPATH=/home/utilizador/charmie_ws/install/realsense2_camera_msgs/lib/python3.8/site-packages:${PYTHONPATH} /usr/bin/cmake /home/utilizador/charmie_ws/src/realsense-ros/realsense2_camera -DCMAKE_INSTALL_PREFIX=/home/utilizador/charmie_ws/install/realsense2_camera
[0.077s] -- The C compiler identification is GNU 9.4.0
[0.135s] -- The CXX compiler identification is GNU 9.4.0
[0.140s] -- Check for working C compiler: /usr/bin/cc
[0.216s] -- Check for working C compiler: /usr/bin/cc -- works
[0.217s] -- Detecting C compiler ABI info
[0.287s] -- Detecting C compiler ABI info - done
[0.300s] -- Detecting C compile features
[0.300s] -- Detecting C compile features - done
[0.303s] -- Check for working CXX compiler: /usr/bin/c++
[0.391s] -- Check for working CXX compiler: /usr/bin/c++ -- works
[0.392s] -- Detecting CXX compiler ABI info
[0.473s] -- Detecting CXX compiler ABI info - done
[0.486s] -- Detecting CXX compile features
[0.486s] -- Detecting CXX compile features - done
[0.487s] -- Create Release Build.
[0.488s] -- Found ament_cmake: 0.9.11 (/opt/ros/foxy/share/ament_cmake/cmake)
[0.514s] -- Found PythonInterp: /usr/bin/python3 (found suitable version "3.8.10", minimum required is "3") 
[0.514s] -- Using PYTHON_EXECUTABLE: /usr/bin/python3
[0.729s] -- Found builtin_interfaces: 1.0.0 (/opt/ros/foxy/share/builtin_interfaces/cmake)
[0.756s] -- Using all available rosidl_typesupport_c: rosidl_typesupport_fastrtps_c;rosidl_typesupport_introspection_c
[0.763s] -- Found rosidl_adapter: 1.3.0 (/opt/ros/foxy/share/rosidl_adapter/cmake)
[0.852s] -- Found OpenSSL: /usr/lib/x86_64-linux-gnu/libcrypto.so (found version "1.1.1f")  
[0.898s] -- Found FastRTPS: /opt/ros/foxy/include  
[1.002s] -- Using all available rosidl_typesupport_cpp: rosidl_typesupport_fastrtps_cpp;rosidl_typesupport_introspection_cpp
[1.031s] -- Found cv_bridge: 3.0.7 (/opt/ros/foxy/share/cv_bridge/cmake)
[1.214s] -- Found image_transport: 2.4.0 (/opt/ros/foxy/share/image_transport/cmake)
[1.276s] -- Found rmw_implementation_cmake: 1.0.4 (/opt/ros/foxy/share/rmw_implementation_cmake/cmake)
[1.278s] -- Using RMW implementation 'rmw_fastrtps_cpp' as default
[1.280s] -- Looking for pthread.h
[1.358s] -- Looking for pthread.h - found
[1.358s] -- Performing Test CMAKE_HAVE_LIBC_PTHREAD
[1.432s] -- Performing Test CMAKE_HAVE_LIBC_PTHREAD - Failed
[1.433s] -- Looking for pthread_create in pthreads
[1.492s] -- Looking for pthread_create in pthreads - not found
[1.492s] -- Looking for pthread_create in pthread
[1.563s] -- Looking for pthread_create in pthread - found
[1.564s] -- Found Threads: TRUE  
[1.877s] -- Found rclcpp_components: 2.4.2 (/opt/ros/foxy/share/rclcpp_components/cmake)
[1.940s] -- Found realsense2_camera_msgs: 4.51.1 (/home/utilizador/charmie_ws/install/realsense2_camera_msgs/share/realsense2_camera_msgs/cmake)
[1.981s] -- Found nav_msgs: 2.0.5 (/opt/ros/foxy/share/nav_msgs/cmake)
[2.063s] -- Found tf2_ros: 0.13.14 (/opt/ros/foxy/share/tf2_ros/cmake)
[2.400s] -- Found diagnostic_updater: 3.1.2 (/opt/ros/foxy/share/diagnostic_updater/cmake)
[2.530s] -- Build for ROS2 Foxy
[2.669s] -- Configuring done
[2.728s] -- Generating done
[2.729s] -- Build files have been written to: /home/utilizador/charmie_ws/build/realsense2_camera
[2.743s] Invoked command in '/home/utilizador/charmie_ws/build/realsense2_camera' returned '0': AMENT_PREFIX_PATH=/home/utilizador/charmie_ws/install/realsense2_camera_msgs:${AMENT_PREFIX_PATH} CMAKE_PREFIX_PATH=/home/utilizador/charmie_ws/install/realsense2_camera_msgs:/opt/ros/foxy LD_LIBRARY_PATH=/home/utilizador/charmie_ws/install/realsense2_camera_msgs/lib:${LD_LIBRARY_PATH} PYTHONPATH=/home/utilizador/charmie_ws/install/realsense2_camera_msgs/lib/python3.8/site-packages:${PYTHONPATH} /usr/bin/cmake /home/utilizador/charmie_ws/src/realsense-ros/realsense2_camera -DCMAKE_INSTALL_PREFIX=/home/utilizador/charmie_ws/install/realsense2_camera
[2.746s] Invoking command in '/home/utilizador/charmie_ws/build/realsense2_camera': AMENT_PREFIX_PATH=/home/utilizador/charmie_ws/install/realsense2_camera_msgs:${AMENT_PREFIX_PATH} CMAKE_PREFIX_PATH=/home/utilizador/charmie_ws/install/realsense2_camera_msgs:/opt/ros/foxy LD_LIBRARY_PATH=/home/utilizador/charmie_ws/install/realsense2_camera_msgs/lib:${LD_LIBRARY_PATH} PYTHONPATH=/home/utilizador/charmie_ws/install/realsense2_camera_msgs/lib/python3.8/site-packages:${PYTHONPATH} /usr/bin/cmake --build /home/utilizador/charmie_ws/build/realsense2_camera -- -j8 -l8
[2.791s] [35m[1mScanning dependencies of target realsense2_camera_node[0m
[2.791s] [35m[1mScanning dependencies of target realsense2_camera[0m
[2.865s] [  6%] [32mBuilding CXX object CMakeFiles/realsense2_camera_node.dir/rclcpp_components/node_main_realsense2_camera_node.cpp.o[0m
[2.981s] [ 12%] [32mBuilding CXX object CMakeFiles/realsense2_camera.dir/src/dynamic_params.cpp.o[0m
[2.982s] [ 18%] [32mBuilding CXX object CMakeFiles/realsense2_camera.dir/src/base_realsense_node.cpp.o[0m
[2.982s] [ 25%] [32mBuilding CXX object CMakeFiles/realsense2_camera.dir/src/realsense_node_factory.cpp.o[0m
[2.983s] [ 31%] [32mBuilding CXX object CMakeFiles/realsense2_camera.dir/src/rs_node_setup.cpp.o[0m
[2.983s] [ 37%] [32mBuilding CXX object CMakeFiles/realsense2_camera.dir/src/ros_sensor.cpp.o[0m
[2.984s] [ 43%] [32mBuilding CXX object CMakeFiles/realsense2_camera.dir/src/parameters.cpp.o[0m
[2.995s] [ 50%] [32mBuilding CXX object CMakeFiles/realsense2_camera.dir/src/ros_utils.cpp.o[0m
[7.343s] [ 56%] [32m[1mLinking CXX executable realsense2_camera_node[0m
[7.588s] [ 56%] Built target realsense2_camera_node
[7.603s] [ 62%] [32mBuilding CXX object CMakeFiles/realsense2_camera.dir/src/sensor_params.cpp.o[0m
[7.802s] [ 68%] [32mBuilding CXX object CMakeFiles/realsense2_camera.dir/src/named_filter.cpp.o[0m
[11.489s] [ 75%] [32mBuilding CXX object CMakeFiles/realsense2_camera.dir/src/profile_manager.cpp.o[0m
[13.353s] [ 81%] [32mBuilding CXX object CMakeFiles/realsense2_camera.dir/src/image_publisher.cpp.o[0m
[13.536s] [ 87%] [32mBuilding CXX object CMakeFiles/realsense2_camera.dir/src/tfs.cpp.o[0m
[15.983s] [ 93%] [32mBuilding CXX object CMakeFiles/realsense2_camera.dir/src/ros_param_backend_foxy.cpp.o[0m
[25.149s] [100%] [32m[1mLinking CXX shared library librealsense2_camera.so[0m
[25.941s] [100%] Built target realsense2_camera
[25.954s] Invoked command in '/home/utilizador/charmie_ws/build/realsense2_camera' returned '0': AMENT_PREFIX_PATH=/home/utilizador/charmie_ws/install/realsense2_camera_msgs:${AMENT_PREFIX_PATH} CMAKE_PREFIX_PATH=/home/utilizador/charmie_ws/install/realsense2_camera_msgs:/opt/ros/foxy LD_LIBRARY_PATH=/home/utilizador/charmie_ws/install/realsense2_camera_msgs/lib:${LD_LIBRARY_PATH} PYTHONPATH=/home/utilizador/charmie_ws/install/realsense2_camera_msgs/lib/python3.8/site-packages:${PYTHONPATH} /usr/bin/cmake --build /home/utilizador/charmie_ws/build/realsense2_camera -- -j8 -l8
[26.006s] Invoking command in '/home/utilizador/charmie_ws/build/realsense2_camera': AMENT_PREFIX_PATH=/home/utilizador/charmie_ws/install/realsense2_camera_msgs:${AMENT_PREFIX_PATH} CMAKE_PREFIX_PATH=/home/utilizador/charmie_ws/install/realsense2_camera_msgs:/opt/ros/foxy LD_LIBRARY_PATH=/home/utilizador/charmie_ws/install/realsense2_camera_msgs/lib:${LD_LIBRARY_PATH} PYTHONPATH=/home/utilizador/charmie_ws/install/realsense2_camera_msgs/lib/python3.8/site-packages:${PYTHONPATH} /usr/bin/cmake --install /home/utilizador/charmie_ws/build/realsense2_camera
[26.016s] -- Install configuration: "Release"
[26.016s] -- Installing: /home/utilizador/charmie_ws/install/realsense2_camera/lib/realsense2_camera/realsense2_camera_node
[26.016s] -- Set runtime path of "/home/utilizador/charmie_ws/install/realsense2_camera/lib/realsense2_camera/realsense2_camera_node" to ""
[26.017s] -- Installing: /home/utilizador/charmie_ws/install/realsense2_camera/lib/librealsense2_camera.so
[26.020s] -- Set runtime path of "/home/utilizador/charmie_ws/install/realsense2_camera/lib/librealsense2_camera.so" to ""
[26.020s] -- Installing: /home/utilizador/charmie_ws/install/realsense2_camera/include
[26.020s] -- Installing: /home/utilizador/charmie_ws/install/realsense2_camera/include/constants.h
[26.020s] -- Installing: /home/utilizador/charmie_ws/install/realsense2_camera/include/dynamic_params.h
[26.020s] -- Installing: /home/utilizador/charmie_ws/install/realsense2_camera/include/realsense_node_factory.h
[26.020s] -- Installing: /home/utilizador/charmie_ws/install/realsense2_camera/include/sensor_params.h
[26.020s] -- Installing: /home/utilizador/charmie_ws/install/realsense2_camera/include/image_publisher.h
[26.020s] -- Installing: /home/utilizador/charmie_ws/install/realsense2_camera/include/ros_sensor.h
[26.021s] -- Installing: /home/utilizador/charmie_ws/install/realsense2_camera/include/base_realsense_node.h
[26.021s] -- Installing: /home/utilizador/charmie_ws/install/realsense2_camera/include/named_filter.h
[26.021s] -- Installing: /home/utilizador/charmie_ws/install/realsense2_camera/include/ros_param_backend.h
[26.021s] -- Installing: /home/utilizador/charmie_ws/install/realsense2_camera/include/profile_manager.h
[26.021s] -- Installing: /home/utilizador/charmie_ws/install/realsense2_camera/include/ros_utils.h
[26.021s] -- Installing: /home/utilizador/charmie_ws/install/realsense2_camera/share/realsense2_camera/launch
[26.021s] -- Installing: /home/utilizador/charmie_ws/install/realsense2_camera/share/realsense2_camera/launch/default.rviz
[26.021s] -- Installing: /home/utilizador/charmie_ws/install/realsense2_camera/share/realsense2_camera/launch/rs_multi_camera_launch.py
[26.021s] -- Installing: /home/utilizador/charmie_ws/install/realsense2_camera/share/realsense2_camera/launch/rs_intra_process_demo_launch.py
[26.021s] -- Installing: /home/utilizador/charmie_ws/install/realsense2_camera/share/realsense2_camera/launch/rs_launch.py
[26.021s] -- Installing: /home/utilizador/charmie_ws/install/realsense2_camera/share/realsense2_camera/environment/library_path.sh
[26.021s] -- Installing: /home/utilizador/charmie_ws/install/realsense2_camera/share/realsense2_camera/environment/library_path.dsv
[26.022s] -- Installing: /home/utilizador/charmie_ws/install/realsense2_camera/share/ament_index/resource_index/package_run_dependencies/realsense2_camera
[26.022s] -- Installing: /home/utilizador/charmie_ws/install/realsense2_camera/share/ament_index/resource_index/parent_prefix_path/realsense2_camera
[26.022s] -- Installing: /home/utilizador/charmie_ws/install/realsense2_camera/share/realsense2_camera/environment/ament_prefix_path.sh
[26.022s] -- Installing: /home/utilizador/charmie_ws/install/realsense2_camera/share/realsense2_camera/environment/ament_prefix_path.dsv
[26.022s] -- Installing: /home/utilizador/charmie_ws/install/realsense2_camera/share/realsense2_camera/environment/path.sh
[26.022s] -- Installing: /home/utilizador/charmie_ws/install/realsense2_camera/share/realsense2_camera/environment/path.dsv
[26.022s] -- Installing: /home/utilizador/charmie_ws/install/realsense2_camera/share/realsense2_camera/local_setup.bash
[26.023s] -- Installing: /home/utilizador/charmie_ws/install/realsense2_camera/share/realsense2_camera/local_setup.sh
[26.023s] -- Installing: /home/utilizador/charmie_ws/install/realsense2_camera/share/realsense2_camera/local_setup.zsh
[26.023s] -- Installing: /home/utilizador/charmie_ws/install/realsense2_camera/share/realsense2_camera/local_setup.dsv
[26.023s] -- Installing: /home/utilizador/charmie_ws/install/realsense2_camera/share/realsense2_camera/package.dsv
[26.023s] -- Installing: /home/utilizador/charmie_ws/install/realsense2_camera/share/ament_index/resource_index/packages/realsense2_camera
[26.023s] -- Installing: /home/utilizador/charmie_ws/install/realsense2_camera/share/ament_index/resource_index/rclcpp_components/realsense2_camera
[26.023s] -- Installing: /home/utilizador/charmie_ws/install/realsense2_camera/share/realsense2_camera/cmake/ament_cmake_export_include_directories-extras.cmake
[26.024s] -- Installing: /home/utilizador/charmie_ws/install/realsense2_camera/share/realsense2_camera/cmake/ament_cmake_export_libraries-extras.cmake
[26.024s] -- Installing: /home/utilizador/charmie_ws/install/realsense2_camera/share/realsense2_camera/cmake/ament_cmake_export_dependencies-extras.cmake
[26.024s] -- Installing: /home/utilizador/charmie_ws/install/realsense2_camera/share/realsense2_camera/cmake/realsense2_cameraConfig.cmake
[26.024s] -- Installing: /home/utilizador/charmie_ws/install/realsense2_camera/share/realsense2_camera/cmake/realsense2_cameraConfig-version.cmake
[26.024s] -- Installing: /home/utilizador/charmie_ws/install/realsense2_camera/share/realsense2_camera/package.xml
[26.029s] Invoked command in '/home/utilizador/charmie_ws/build/realsense2_camera' returned '0': AMENT_PREFIX_PATH=/home/utilizador/charmie_ws/install/realsense2_camera_msgs:${AMENT_PREFIX_PATH} CMAKE_PREFIX_PATH=/home/utilizador/charmie_ws/install/realsense2_camera_msgs:/opt/ros/foxy LD_LIBRARY_PATH=/home/utilizador/charmie_ws/install/realsense2_camera_msgs/lib:${LD_LIBRARY_PATH} PYTHONPATH=/home/utilizador/charmie_ws/install/realsense2_camera_msgs/lib/python3.8/site-packages:${PYTHONPATH} /usr/bin/cmake --install /home/utilizador/charmie_ws/build/realsense2_camera
