[3.089s] Invoking command in '/home/utilizador/charmie_ws/src/charmie_audio': PYTHONPATH=/home/utilizador/charmie_ws/build/charmie_audio/prefix_override:/home/utilizador/charmie_ws/install/charmie_audio/lib/python3.8/site-packages:${PYTHONPATH} /usr/bin/python3 setup.py egg_info --egg-base ../../build/charmie_audio build --build-base /home/utilizador/charmie_ws/build/charmie_audio/build install --record /home/utilizador/charmie_ws/build/charmie_audio/install.log --install-scripts $base/lib/charmie_audio --single-version-externally-managed
[3.693s] running egg_info
[3.694s] writing ../../build/charmie_audio/charmie_audio.egg-info/PKG-INFO
[3.695s] writing dependency_links to ../../build/charmie_audio/charmie_audio.egg-info/dependency_links.txt
[3.696s] writing entry points to ../../build/charmie_audio/charmie_audio.egg-info/entry_points.txt
[3.697s] writing requirements to ../../build/charmie_audio/charmie_audio.egg-info/requires.txt
[3.697s] writing top-level names to ../../build/charmie_audio/charmie_audio.egg-info/top_level.txt
[3.790s] reading manifest file '../../build/charmie_audio/charmie_audio.egg-info/SOURCES.txt'
[3.791s] writing manifest file '../../build/charmie_audio/charmie_audio.egg-info/SOURCES.txt'
[3.791s] running build
[3.791s] running build_py
[3.802s] running install
[3.802s] running install_lib
[3.806s] running install_data
[3.808s] running install_egg_info
[3.811s] removing '/home/utilizador/charmie_ws/install/charmie_audio/lib/python3.8/site-packages/charmie_audio-0.0.0-py3.8.egg-info' (and everything under it)
[3.812s] Copying ../../build/charmie_audio/charmie_audio.egg-info to /home/utilizador/charmie_ws/install/charmie_audio/lib/python3.8/site-packages/charmie_audio-0.0.0-py3.8.egg-info
[3.815s] running install_scripts
[3.861s] Installing audio script to /home/utilizador/charmie_ws/install/charmie_audio/lib/charmie_audio
[3.862s] writing list of installed files to '/home/utilizador/charmie_ws/build/charmie_audio/install.log'
[4.529s] Invoked command in '/home/utilizador/charmie_ws/src/charmie_audio' returned '0': PYTHONPATH=/home/utilizador/charmie_ws/build/charmie_audio/prefix_override:/home/utilizador/charmie_ws/install/charmie_audio/lib/python3.8/site-packages:${PYTHONPATH} /usr/bin/python3 setup.py egg_info --egg-base ../../build/charmie_audio build --build-base /home/utilizador/charmie_ws/build/charmie_audio/build install --record /home/utilizador/charmie_ws/build/charmie_audio/install.log --install-scripts $base/lib/charmie_audio --single-version-externally-managed
