[2.777s] Invoking command in '/home/utilizador/charmie_ws/src/charmie_audio': AMENT_PREFIX_PATH=/home/utilizador/charmie_ws/install/charmie_interfaces:${AMENT_PREFIX_PATH} CMAKE_PREFIX_PATH=/home/utilizador/charmie_ws/install/charmie_interfaces LD_LIBRARY_PATH=/home/utilizador/charmie_ws/install/charmie_interfaces/lib:${LD_LIBRARY_PATH} PYTHONPATH=/home/utilizador/charmie_ws/build/charmie_audio/prefix_override:/home/utilizador/charmie_ws/install/charmie_audio/lib/python3.8/site-packages:/home/utilizador/charmie_ws/install/charmie_interfaces/lib/python3.8/site-packages:${PYTHONPATH} /usr/bin/python3 setup.py egg_info --egg-base ../../build/charmie_audio build --build-base /home/utilizador/charmie_ws/build/charmie_audio/build install --record /home/utilizador/charmie_ws/build/charmie_audio/install.log --install-scripts $base/lib/charmie_audio --single-version-externally-managed
[3.601s] running egg_info
[3.602s] creating ../../build/charmie_audio/charmie_audio.egg-info
[3.602s] writing ../../build/charmie_audio/charmie_audio.egg-info/PKG-INFO
[3.602s] writing dependency_links to ../../build/charmie_audio/charmie_audio.egg-info/dependency_links.txt
[3.602s] writing entry points to ../../build/charmie_audio/charmie_audio.egg-info/entry_points.txt
[3.602s] writing requirements to ../../build/charmie_audio/charmie_audio.egg-info/requires.txt
[3.602s] writing top-level names to ../../build/charmie_audio/charmie_audio.egg-info/top_level.txt
[3.603s] writing manifest file '../../build/charmie_audio/charmie_audio.egg-info/SOURCES.txt'
[3.709s] reading manifest file '../../build/charmie_audio/charmie_audio.egg-info/SOURCES.txt'
[3.709s] writing manifest file '../../build/charmie_audio/charmie_audio.egg-info/SOURCES.txt'
[3.710s] running build
[3.710s] running build_py
[3.710s] creating /home/utilizador/charmie_ws/build/charmie_audio/build
[3.710s] creating /home/utilizador/charmie_ws/build/charmie_audio/build/lib
[3.710s] creating /home/utilizador/charmie_ws/build/charmie_audio/build/lib/charmie_audio
[3.711s] copying charmie_audio/audio.py -> /home/utilizador/charmie_ws/build/charmie_audio/build/lib/charmie_audio
[3.715s] copying charmie_audio/words_dict.py -> /home/utilizador/charmie_ws/build/charmie_audio/build/lib/charmie_audio
[3.716s] copying charmie_audio/__init__.py -> /home/utilizador/charmie_ws/build/charmie_audio/build/lib/charmie_audio
[3.716s] running install
[3.721s] running install_lib
[3.721s] creating /home/utilizador/charmie_ws/install/charmie_audio/lib/python3.8/site-packages/charmie_audio
[3.722s] copying /home/utilizador/charmie_ws/build/charmie_audio/build/lib/charmie_audio/audio.py -> /home/utilizador/charmie_ws/install/charmie_audio/lib/python3.8/site-packages/charmie_audio
[3.722s] copying /home/utilizador/charmie_ws/build/charmie_audio/build/lib/charmie_audio/words_dict.py -> /home/utilizador/charmie_ws/install/charmie_audio/lib/python3.8/site-packages/charmie_audio
[3.722s] copying /home/utilizador/charmie_ws/build/charmie_audio/build/lib/charmie_audio/__init__.py -> /home/utilizador/charmie_ws/install/charmie_audio/lib/python3.8/site-packages/charmie_audio
[3.722s] byte-compiling /home/utilizador/charmie_ws/install/charmie_audio/lib/python3.8/site-packages/charmie_audio/audio.py to audio.cpython-38.pyc
[3.724s] byte-compiling /home/utilizador/charmie_ws/install/charmie_audio/lib/python3.8/site-packages/charmie_audio/words_dict.py to words_dict.cpython-38.pyc
[3.730s] byte-compiling /home/utilizador/charmie_ws/install/charmie_audio/lib/python3.8/site-packages/charmie_audio/__init__.py to __init__.cpython-38.pyc
[3.731s] running install_data
[3.731s] creating /home/utilizador/charmie_ws/install/charmie_audio/share/ament_index
[3.731s] creating /home/utilizador/charmie_ws/install/charmie_audio/share/ament_index/resource_index
[3.731s] creating /home/utilizador/charmie_ws/install/charmie_audio/share/ament_index/resource_index/packages
[3.731s] copying resource/charmie_audio -> /home/utilizador/charmie_ws/install/charmie_audio/share/ament_index/resource_index/packages
[3.743s] copying package.xml -> /home/utilizador/charmie_ws/install/charmie_audio/share/charmie_audio
[3.743s] running install_egg_info
[3.745s] Copying ../../build/charmie_audio/charmie_audio.egg-info to /home/utilizador/charmie_ws/install/charmie_audio/lib/python3.8/site-packages/charmie_audio-0.0.0-py3.8.egg-info
[3.747s] running install_scripts
[3.838s] Installing audio script to /home/utilizador/charmie_ws/install/charmie_audio/lib/charmie_audio
[3.839s] writing list of installed files to '/home/utilizador/charmie_ws/build/charmie_audio/install.log'
[4.747s] Invoked command in '/home/utilizador/charmie_ws/src/charmie_audio' returned '0': AMENT_PREFIX_PATH=/home/utilizador/charmie_ws/install/charmie_interfaces:${AMENT_PREFIX_PATH} CMAKE_PREFIX_PATH=/home/utilizador/charmie_ws/install/charmie_interfaces LD_LIBRARY_PATH=/home/utilizador/charmie_ws/install/charmie_interfaces/lib:${LD_LIBRARY_PATH} PYTHONPATH=/home/utilizador/charmie_ws/build/charmie_audio/prefix_override:/home/utilizador/charmie_ws/install/charmie_audio/lib/python3.8/site-packages:/home/utilizador/charmie_ws/install/charmie_interfaces/lib/python3.8/site-packages:${PYTHONPATH} /usr/bin/python3 setup.py egg_info --egg-base ../../build/charmie_audio build --build-base /home/utilizador/charmie_ws/build/charmie_audio/build install --record /home/utilizador/charmie_ws/build/charmie_audio/install.log --install-scripts $base/lib/charmie_audio --single-version-externally-managed
