[7.526s] Invoking command in '/home/utilizador/charmie_ws/build/charmie_speakers': AMENT_PREFIX_PATH=/home/utilizador/charmie_ws/install/charmie_interfaces:${AMENT_PREFIX_PATH} CMAKE_PREFIX_PATH=/home/utilizador/charmie_ws/install/charmie_interfaces LD_LIBRARY_PATH=/home/utilizador/charmie_ws/install/charmie_interfaces/lib:${LD_LIBRARY_PATH} PYTHONPATH=/home/utilizador/charmie_ws/build/charmie_speakers/prefix_override:/home/utilizador/charmie_ws/install/charmie_speakers/lib/python3.8/site-packages:/home/utilizador/charmie_ws/install/charmie_interfaces/lib/python3.8/site-packages:${PYTHONPATH} /usr/bin/python3 setup.py develop --editable --build-directory /home/utilizador/charmie_ws/build/charmie_speakers/build --no-deps install_data
[8.528s] running develop
[8.924s] running egg_info
[8.925s] creating charmie_speakers.egg-info
[8.925s] writing charmie_speakers.egg-info/PKG-INFO
[8.926s] writing dependency_links to charmie_speakers.egg-info/dependency_links.txt
[8.926s] writing entry points to charmie_speakers.egg-info/entry_points.txt
[8.927s] writing requirements to charmie_speakers.egg-info/requires.txt
[8.927s] writing top-level names to charmie_speakers.egg-info/top_level.txt
[8.930s] writing manifest file 'charmie_speakers.egg-info/SOURCES.txt'
[9.025s] reading manifest file 'charmie_speakers.egg-info/SOURCES.txt'
[9.026s] writing manifest file 'charmie_speakers.egg-info/SOURCES.txt'
[9.114s] running build_ext
[9.115s] Creating /home/utilizador/charmie_ws/install/charmie_speakers/lib/python3.8/site-packages/site.py
[9.119s] Creating /home/utilizador/charmie_ws/install/charmie_speakers/lib/python3.8/site-packages/charmie-speakers.egg-link (link to .)
[9.120s] Installing speakers script to /home/utilizador/charmie_ws/install/charmie_speakers/lib/charmie_speakers
[9.121s] 
[9.121s] Installed /home/utilizador/charmie_ws/build/charmie_speakers
[9.121s] running install_data
[9.121s] creating /home/utilizador/charmie_ws/install/charmie_speakers/share/ament_index
[9.121s] creating /home/utilizador/charmie_ws/install/charmie_speakers/share/ament_index/resource_index
[9.122s] creating /home/utilizador/charmie_ws/install/charmie_speakers/share/ament_index/resource_index/packages
[9.122s] copying resource/charmie_speakers -> /home/utilizador/charmie_ws/install/charmie_speakers/share/ament_index/resource_index/packages
[9.122s] copying package.xml -> /home/utilizador/charmie_ws/install/charmie_speakers/share/charmie_speakers
[9.190s] Invoked command in '/home/utilizador/charmie_ws/build/charmie_speakers' returned '0': AMENT_PREFIX_PATH=/home/utilizador/charmie_ws/install/charmie_interfaces:${AMENT_PREFIX_PATH} CMAKE_PREFIX_PATH=/home/utilizador/charmie_ws/install/charmie_interfaces LD_LIBRARY_PATH=/home/utilizador/charmie_ws/install/charmie_interfaces/lib:${LD_LIBRARY_PATH} PYTHONPATH=/home/utilizador/charmie_ws/build/charmie_speakers/prefix_override:/home/utilizador/charmie_ws/install/charmie_speakers/lib/python3.8/site-packages:/home/utilizador/charmie_ws/install/charmie_interfaces/lib/python3.8/site-packages:${PYTHONPATH} /usr/bin/python3 setup.py develop --editable --build-directory /home/utilizador/charmie_ws/build/charmie_speakers/build --no-deps install_data
