[3.140s] Invoking command in '/home/utilizador/charmie_ws/build/charmie_neck_dynamixel': PYTHONPATH=/home/utilizador/charmie_ws/build/charmie_neck_dynamixel/prefix_override:/home/utilizador/charmie_ws/install/charmie_neck_dynamixel/lib/python3.8/site-packages:${PYTHONPATH} /usr/bin/python3 setup.py develop --editable --build-directory /home/utilizador/charmie_ws/build/charmie_neck_dynamixel/build --no-deps install_data
[3.846s] running develop
[4.302s] running egg_info
[4.302s] creating charmie_neck_dynamixel.egg-info
[4.302s] writing charmie_neck_dynamixel.egg-info/PKG-INFO
[4.303s] writing dependency_links to charmie_neck_dynamixel.egg-info/dependency_links.txt
[4.303s] writing entry points to charmie_neck_dynamixel.egg-info/entry_points.txt
[4.303s] writing requirements to charmie_neck_dynamixel.egg-info/requires.txt
[4.303s] writing top-level names to charmie_neck_dynamixel.egg-info/top_level.txt
[4.304s] writing manifest file 'charmie_neck_dynamixel.egg-info/SOURCES.txt'
[4.315s] reading manifest file 'charmie_neck_dynamixel.egg-info/SOURCES.txt'
[4.315s] writing manifest file 'charmie_neck_dynamixel.egg-info/SOURCES.txt'
[4.387s] running build_ext
[4.387s] Creating /home/utilizador/charmie_ws/install/charmie_neck_dynamixel/lib/python3.8/site-packages/charmie-neck-dynamixel.egg-link (link to .)
[4.390s] Installing neck_dynamixel script to /home/utilizador/charmie_ws/install/charmie_neck_dynamixel/lib/charmie_neck_dynamixel
[4.391s] 
[4.391s] Installed /home/utilizador/charmie_ws/build/charmie_neck_dynamixel
[4.391s] running install_data
[4.391s] creating /home/utilizador/charmie_ws/install/charmie_neck_dynamixel/share/ament_index
[4.391s] creating /home/utilizador/charmie_ws/install/charmie_neck_dynamixel/share/ament_index/resource_index
[4.391s] creating /home/utilizador/charmie_ws/install/charmie_neck_dynamixel/share/ament_index/resource_index/packages
[4.391s] copying resource/charmie_neck_dynamixel -> /home/utilizador/charmie_ws/install/charmie_neck_dynamixel/share/ament_index/resource_index/packages
[4.392s] copying package.xml -> /home/utilizador/charmie_ws/install/charmie_neck_dynamixel/share/charmie_neck_dynamixel
[4.476s] Invoked command in '/home/utilizador/charmie_ws/build/charmie_neck_dynamixel' returned '0': PYTHONPATH=/home/utilizador/charmie_ws/build/charmie_neck_dynamixel/prefix_override:/home/utilizador/charmie_ws/install/charmie_neck_dynamixel/lib/python3.8/site-packages:${PYTHONPATH} /usr/bin/python3 setup.py develop --editable --build-directory /home/utilizador/charmie_ws/build/charmie_neck_dynamixel/build --no-deps install_data
