[3.103s] Invoking command in '/home/utilizador/charmie_ws/build/charmie_inspection': CMAKE_PREFIX_PATH=/home/utilizador/charmie_ws/install/charmie_interfaces:/home/utilizador/charmie_ws/install/realsense2_description:/home/utilizador/charmie_ws/install/realsense2_camera:/home/utilizador/charmie_ws/install/realsense2_camera_msgs:/home/utilizador/charmie_ws/install/charmie_bot LD_LIBRARY_PATH=/home/utilizador/charmie_ws/install/charmie_interfaces/lib:/home/utilizador/charmie_ws/install/realsense2_camera/lib:/home/utilizador/charmie_ws/install/realsense2_camera_msgs/lib:/opt/ros/foxy/opt/yaml_cpp_vendor/lib:/opt/ros/foxy/opt/rviz_ogre_vendor/lib:/opt/ros/foxy/lib/x86_64-linux-gnu:/opt/ros/foxy/lib PYTHONPATH=/home/utilizador/charmie_ws/build/charmie_inspection/prefix_override:/home/utilizador/charmie_ws/install/charmie_inspection/lib/python3.8/site-packages:/home/utilizador/charmie_ws/install/charmie_interfaces/lib/python3.8/site-packages:/home/utilizador/charmie_ws/install/realsense2_camera_msgs/lib/python3.8/site-packages:/home/utilizador/charmie_ws/build/charmie_speakers:/home/utilizador/charmie_ws/install/charmie_speakers/lib/python3.8/site-packages:/home/utilizador/charmie_ws/build/charmie_receptionist:/home/utilizador/charmie_ws/install/charmie_receptionist/lib/python3.8/site-packages:/home/utilizador/charmie_ws/build/charmie_ps4_controller:/home/utilizador/charmie_ws/install/charmie_ps4_controller/lib/python3.8/site-packages:/home/utilizador/charmie_ws/build/charmie_odometry:/home/utilizador/charmie_ws/install/charmie_odometry/lib/python3.8/site-packages:/home/utilizador/charmie_ws/build/charmie_obstacles:/home/utilizador/charmie_ws/install/charmie_obstacles/lib/python3.8/site-packages:/home/utilizador/charmie_ws/build/charmie_neck_dynamixel:/home/utilizador/charmie_ws/install/charmie_neck_dynamixel/lib/python3.8/site-packages:/home/utilizador/charmie_ws/build/charmie_navigation_sdnl:/home/utilizador/charmie_ws/install/charmie_navigation_sdnl/lib/python3.8/site-packages:/home/utilizador/charmie_ws/build/charmie_low_level:/home/utilizador/charmie_ws/install/charmie_low_level/lib/python3.8/site-packages:/home/utilizador/charmie_ws/build/charmie_lidar_hokuyo:/home/utilizador/charmie_ws/install/charmie_lidar_hokuyo/lib/python3.8/site-packages:/home/utilizador/charmie_ws/build/charmie_debug:/home/utilizador/charmie_ws/install/charmie_debug/lib/python3.8/site-packages:/home/utilizador/charmie_ws/build/charmie_audio:/home/utilizador/charmie_ws/install/charmie_audio/lib/python3.8/site-packages:/home/utilizador/charmie_ws/build/charmie_face_shiningrgb:/home/utilizador/charmie_ws/install/charmie_face_shiningrgb/lib/python3.8/site-packages:/opt/ros/foxy/lib/python3.8/site-packages /usr/bin/python3 setup.py develop --editable --build-directory /home/utilizador/charmie_ws/build/charmie_inspection/build --no-deps install_data
[3.807s] running develop
[4.225s] running egg_info
[4.225s] creating charmie_inspection.egg-info
[4.225s] writing charmie_inspection.egg-info/PKG-INFO
[4.225s] writing dependency_links to charmie_inspection.egg-info/dependency_links.txt
[4.226s] writing entry points to charmie_inspection.egg-info/entry_points.txt
[4.226s] writing requirements to charmie_inspection.egg-info/requires.txt
[4.226s] writing top-level names to charmie_inspection.egg-info/top_level.txt
[4.228s] writing manifest file 'charmie_inspection.egg-info/SOURCES.txt'
[4.264s] reading manifest file 'charmie_inspection.egg-info/SOURCES.txt'
[4.265s] writing manifest file 'charmie_inspection.egg-info/SOURCES.txt'
[4.304s] running build_ext
[4.304s] Creating /home/utilizador/charmie_ws/install/charmie_inspection/lib/python3.8/site-packages/site.py
[4.307s] Creating /home/utilizador/charmie_ws/install/charmie_inspection/lib/python3.8/site-packages/charmie-inspection.egg-link (link to .)
[4.308s] Installing inspection script to /home/utilizador/charmie_ws/install/charmie_inspection/lib/charmie_inspection
[4.308s] 
[4.308s] Installed /home/utilizador/charmie_ws/build/charmie_inspection
[4.308s] running install_data
[4.308s] creating /home/utilizador/charmie_ws/install/charmie_inspection/share/ament_index
[4.308s] creating /home/utilizador/charmie_ws/install/charmie_inspection/share/ament_index/resource_index
[4.309s] creating /home/utilizador/charmie_ws/install/charmie_inspection/share/ament_index/resource_index/packages
[4.309s] copying resource/charmie_inspection -> /home/utilizador/charmie_ws/install/charmie_inspection/share/ament_index/resource_index/packages
[4.309s] copying package.xml -> /home/utilizador/charmie_ws/install/charmie_inspection/share/charmie_inspection
[4.309s] creating /home/utilizador/charmie_ws/install/charmie_inspection/share/charmie_inspection/launch
[4.309s] copying launch/inspection_launch.launch.py -> /home/utilizador/charmie_ws/install/charmie_inspection/share/charmie_inspection/launch
[4.475s] Invoked command in '/home/utilizador/charmie_ws/build/charmie_inspection' returned '0': CMAKE_PREFIX_PATH=/home/utilizador/charmie_ws/install/charmie_interfaces:/home/utilizador/charmie_ws/install/realsense2_description:/home/utilizador/charmie_ws/install/realsense2_camera:/home/utilizador/charmie_ws/install/realsense2_camera_msgs:/home/utilizador/charmie_ws/install/charmie_bot LD_LIBRARY_PATH=/home/utilizador/charmie_ws/install/charmie_interfaces/lib:/home/utilizador/charmie_ws/install/realsense2_camera/lib:/home/utilizador/charmie_ws/install/realsense2_camera_msgs/lib:/opt/ros/foxy/opt/yaml_cpp_vendor/lib:/opt/ros/foxy/opt/rviz_ogre_vendor/lib:/opt/ros/foxy/lib/x86_64-linux-gnu:/opt/ros/foxy/lib PYTHONPATH=/home/utilizador/charmie_ws/build/charmie_inspection/prefix_override:/home/utilizador/charmie_ws/install/charmie_inspection/lib/python3.8/site-packages:/home/utilizador/charmie_ws/install/charmie_interfaces/lib/python3.8/site-packages:/home/utilizador/charmie_ws/install/realsense2_camera_msgs/lib/python3.8/site-packages:/home/utilizador/charmie_ws/build/charmie_speakers:/home/utilizador/charmie_ws/install/charmie_speakers/lib/python3.8/site-packages:/home/utilizador/charmie_ws/build/charmie_receptionist:/home/utilizador/charmie_ws/install/charmie_receptionist/lib/python3.8/site-packages:/home/utilizador/charmie_ws/build/charmie_ps4_controller:/home/utilizador/charmie_ws/install/charmie_ps4_controller/lib/python3.8/site-packages:/home/utilizador/charmie_ws/build/charmie_odometry:/home/utilizador/charmie_ws/install/charmie_odometry/lib/python3.8/site-packages:/home/utilizador/charmie_ws/build/charmie_obstacles:/home/utilizador/charmie_ws/install/charmie_obstacles/lib/python3.8/site-packages:/home/utilizador/charmie_ws/build/charmie_neck_dynamixel:/home/utilizador/charmie_ws/install/charmie_neck_dynamixel/lib/python3.8/site-packages:/home/utilizador/charmie_ws/build/charmie_navigation_sdnl:/home/utilizador/charmie_ws/install/charmie_navigation_sdnl/lib/python3.8/site-packages:/home/utilizador/charmie_ws/build/charmie_low_level:/home/utilizador/charmie_ws/install/charmie_low_level/lib/python3.8/site-packages:/home/utilizador/charmie_ws/build/charmie_lidar_hokuyo:/home/utilizador/charmie_ws/install/charmie_lidar_hokuyo/lib/python3.8/site-packages:/home/utilizador/charmie_ws/build/charmie_debug:/home/utilizador/charmie_ws/install/charmie_debug/lib/python3.8/site-packages:/home/utilizador/charmie_ws/build/charmie_audio:/home/utilizador/charmie_ws/install/charmie_audio/lib/python3.8/site-packages:/home/utilizador/charmie_ws/build/charmie_face_shiningrgb:/home/utilizador/charmie_ws/install/charmie_face_shiningrgb/lib/python3.8/site-packages:/opt/ros/foxy/lib/python3.8/site-packages /usr/bin/python3 setup.py develop --editable --build-directory /home/utilizador/charmie_ws/build/charmie_inspection/build --no-deps install_data
