running develop
Removing /home/utilizador/charmie_ws/install/charmie_debug/lib/python3.8/site-packages/charmie-debug.egg-link (link to .)
running egg_info
writing ../../build/charmie_debug/charmie_debug.egg-info/PKG-INFO
writing dependency_links to ../../build/charmie_debug/charmie_debug.egg-info/dependency_links.txt
writing entry points to ../../build/charmie_debug/charmie_debug.egg-info/entry_points.txt
writing requirements to ../../build/charmie_debug/charmie_debug.egg-info/requires.txt
writing top-level names to ../../build/charmie_debug/charmie_debug.egg-info/top_level.txt
reading manifest file '../../build/charmie_debug/charmie_debug.egg-info/SOURCES.txt'
writing manifest file '../../build/charmie_debug/charmie_debug.egg-info/SOURCES.txt'
running build
running build_py
copying charmie_debug/debug_main.py -> /home/utilizador/charmie_ws/build/charmie_debug/build/lib/charmie_debug
running install
running install_lib
creating /home/utilizador/charmie_ws/install/charmie_debug/lib/python3.8/site-packages/charmie_debug
copying /home/utilizador/charmie_ws/build/charmie_debug/build/lib/charmie_debug/debug_main.py -> /home/utilizador/charmie_ws/install/charmie_debug/lib/python3.8/site-packages/charmie_debug
copying /home/utilizador/charmie_ws/build/charmie_debug/build/lib/charmie_debug/__init__.py -> /home/utilizador/charmie_ws/install/charmie_debug/lib/python3.8/site-packages/charmie_debug
byte-compiling /home/utilizador/charmie_ws/install/charmie_debug/lib/python3.8/site-packages/charmie_debug/debug_main.py to debug_main.cpython-38.pyc
byte-compiling /home/utilizador/charmie_ws/install/charmie_debug/lib/python3.8/site-packages/charmie_debug/__init__.py to __init__.cpython-38.pyc
running install_data
copying package.xml -> /home/utilizador/charmie_ws/install/charmie_debug/share/charmie_debug
running install_egg_info
Copying ../../build/charmie_debug/charmie_debug.egg-info to /home/utilizador/charmie_ws/install/charmie_debug/lib/python3.8/site-packages/charmie_debug-0.0.0-py3.8.egg-info
running install_scripts
Installing debug_main script to /home/utilizador/charmie_ws/install/charmie_debug/lib/charmie_debug
writing list of installed files to '/home/utilizador/charmie_ws/build/charmie_debug/install.log'
