[2.554s] Invoking command in '/home/utilizador/charmie_ws/build/charmie_audio': PYTHONPATH=/home/utilizador/charmie_ws/build/charmie_audio/prefix_override:/home/utilizador/charmie_ws/install/charmie_audio/lib/python3.8/site-packages:${PYTHONPATH} /usr/bin/python3 setup.py develop --uninstall --editable --build-directory /home/utilizador/charmie_ws/build/charmie_audio/build
[3.058s] running develop
[3.486s] Removing /home/utilizador/charmie_ws/install/charmie_audio/lib/python3.8/site-packages/charmie-audio.egg-link (link to .)
[3.650s] Invoked command in '/home/utilizador/charmie_ws/build/charmie_audio' returned '0': PYTHONPATH=/home/utilizador/charmie_ws/build/charmie_audio/prefix_override:/home/utilizador/charmie_ws/install/charmie_audio/lib/python3.8/site-packages:${PYTHONPATH} /usr/bin/python3 setup.py develop --uninstall --editable --build-directory /home/utilizador/charmie_ws/build/charmie_audio/build
[3.652s] Invoking command in '/home/utilizador/charmie_ws/src/charmie_audio': PYTHONPATH=/home/utilizador/charmie_ws/build/charmie_audio/prefix_override:/home/utilizador/charmie_ws/install/charmie_audio/lib/python3.8/site-packages:${PYTHONPATH} /usr/bin/python3 setup.py egg_info --egg-base ../../build/charmie_audio build --build-base /home/utilizador/charmie_ws/build/charmie_audio/build install --record /home/utilizador/charmie_ws/build/charmie_audio/install.log --install-scripts $base/lib/charmie_audio --single-version-externally-managed
[4.542s] running egg_info
[4.542s] writing ../../build/charmie_audio/charmie_audio.egg-info/PKG-INFO
[4.543s] writing dependency_links to ../../build/charmie_audio/charmie_audio.egg-info/dependency_links.txt
[4.543s] writing entry points to ../../build/charmie_audio/charmie_audio.egg-info/entry_points.txt
[4.543s] writing requirements to ../../build/charmie_audio/charmie_audio.egg-info/requires.txt
[4.543s] writing top-level names to ../../build/charmie_audio/charmie_audio.egg-info/top_level.txt
[4.673s] reading manifest file '../../build/charmie_audio/charmie_audio.egg-info/SOURCES.txt'
[4.679s] writing manifest file '../../build/charmie_audio/charmie_audio.egg-info/SOURCES.txt'
[4.679s] running build
[4.679s] running build_py
[4.679s] running install
[4.681s] running install_lib
[4.687s] creating /home/utilizador/charmie_ws/install/charmie_audio/lib/python3.8/site-packages/charmie_audio
[4.688s] copying /home/utilizador/charmie_ws/build/charmie_audio/build/lib/charmie_audio/audio.py -> /home/utilizador/charmie_ws/install/charmie_audio/lib/python3.8/site-packages/charmie_audio
[4.688s] copying /home/utilizador/charmie_ws/build/charmie_audio/build/lib/charmie_audio/__init__.py -> /home/utilizador/charmie_ws/install/charmie_audio/lib/python3.8/site-packages/charmie_audio
[4.694s] byte-compiling /home/utilizador/charmie_ws/install/charmie_audio/lib/python3.8/site-packages/charmie_audio/audio.py to audio.cpython-38.pyc
[4.695s] byte-compiling /home/utilizador/charmie_ws/install/charmie_audio/lib/python3.8/site-packages/charmie_audio/__init__.py to __init__.cpython-38.pyc
[4.695s] running install_data
[4.695s] running install_egg_info
[4.696s] Copying ../../build/charmie_audio/charmie_audio.egg-info to /home/utilizador/charmie_ws/install/charmie_audio/lib/python3.8/site-packages/charmie_audio-0.0.0-py3.8.egg-info
[4.698s] running install_scripts
[4.748s] Installing audio script to /home/utilizador/charmie_ws/install/charmie_audio/lib/charmie_audio
[4.749s] writing list of installed files to '/home/utilizador/charmie_ws/build/charmie_audio/install.log'
[4.822s] Invoked command in '/home/utilizador/charmie_ws/src/charmie_audio' returned '0': PYTHONPATH=/home/utilizador/charmie_ws/build/charmie_audio/prefix_override:/home/utilizador/charmie_ws/install/charmie_audio/lib/python3.8/site-packages:${PYTHONPATH} /usr/bin/python3 setup.py egg_info --egg-base ../../build/charmie_audio build --build-base /home/utilizador/charmie_ws/build/charmie_audio/build install --record /home/utilizador/charmie_ws/build/charmie_audio/install.log --install-scripts $base/lib/charmie_audio --single-version-externally-managed
