[2.132s] Invoking command in '/home/utilizador/charmie_ws/src/charmie_audio': AMENT_PREFIX_PATH=/home/utilizador/charmie_ws/install/charmie_interfaces:${AMENT_PREFIX_PATH} CMAKE_PREFIX_PATH=/home/utilizador/charmie_ws/install/charmie_interfaces LD_LIBRARY_PATH=/home/utilizador/charmie_ws/install/charmie_interfaces/lib:${LD_LIBRARY_PATH} PYTHONPATH=/home/utilizador/charmie_ws/build/charmie_audio/prefix_override:/home/utilizador/charmie_ws/install/charmie_audio/lib/python3.8/site-packages:/home/utilizador/charmie_ws/install/charmie_interfaces/lib/python3.8/site-packages:${PYTHONPATH} /usr/bin/python3 setup.py egg_info --egg-base ../../build/charmie_audio build --build-base /home/utilizador/charmie_ws/build/charmie_audio/build install --record /home/utilizador/charmie_ws/build/charmie_audio/install.log --install-scripts $base/lib/charmie_audio --single-version-externally-managed
[2.526s] running egg_info
[2.527s] creating ../../build/charmie_audio/charmie_audio.egg-info
[2.527s] writing ../../build/charmie_audio/charmie_audio.egg-info/PKG-INFO
[2.527s] writing dependency_links to ../../build/charmie_audio/charmie_audio.egg-info/dependency_links.txt
[2.527s] writing entry points to ../../build/charmie_audio/charmie_audio.egg-info/entry_points.txt
[2.528s] writing requirements to ../../build/charmie_audio/charmie_audio.egg-info/requires.txt
[2.528s] writing top-level names to ../../build/charmie_audio/charmie_audio.egg-info/top_level.txt
[2.530s] writing manifest file '../../build/charmie_audio/charmie_audio.egg-info/SOURCES.txt'
[2.593s] reading manifest file '../../build/charmie_audio/charmie_audio.egg-info/SOURCES.txt'
[2.594s] writing manifest file '../../build/charmie_audio/charmie_audio.egg-info/SOURCES.txt'
[2.595s] running build
[2.595s] running build_py
[2.595s] creating /home/utilizador/charmie_ws/build/charmie_audio/build
[2.595s] creating /home/utilizador/charmie_ws/build/charmie_audio/build/lib
[2.595s] creating /home/utilizador/charmie_ws/build/charmie_audio/build/lib/charmie_audio
[2.595s] copying charmie_audio/audio.py -> /home/utilizador/charmie_ws/build/charmie_audio/build/lib/charmie_audio
[2.595s] copying charmie_audio/words_dict.py -> /home/utilizador/charmie_ws/build/charmie_audio/build/lib/charmie_audio
[2.596s] copying charmie_audio/__init__.py -> /home/utilizador/charmie_ws/build/charmie_audio/build/lib/charmie_audio
[2.596s] running install
[2.597s] running install_lib
[2.598s] creating /home/utilizador/charmie_ws/install/charmie_audio/lib/python3.8/site-packages/charmie_audio
[2.598s] copying /home/utilizador/charmie_ws/build/charmie_audio/build/lib/charmie_audio/audio.py -> /home/utilizador/charmie_ws/install/charmie_audio/lib/python3.8/site-packages/charmie_audio
[2.599s] copying /home/utilizador/charmie_ws/build/charmie_audio/build/lib/charmie_audio/words_dict.py -> /home/utilizador/charmie_ws/install/charmie_audio/lib/python3.8/site-packages/charmie_audio
[2.599s] copying /home/utilizador/charmie_ws/build/charmie_audio/build/lib/charmie_audio/__init__.py -> /home/utilizador/charmie_ws/install/charmie_audio/lib/python3.8/site-packages/charmie_audio
[2.599s] byte-compiling /home/utilizador/charmie_ws/install/charmie_audio/lib/python3.8/site-packages/charmie_audio/audio.py to audio.cpython-38.pyc
[2.603s] byte-compiling /home/utilizador/charmie_ws/install/charmie_audio/lib/python3.8/site-packages/charmie_audio/words_dict.py to words_dict.cpython-38.pyc
[2.604s] byte-compiling /home/utilizador/charmie_ws/install/charmie_audio/lib/python3.8/site-packages/charmie_audio/__init__.py to __init__.cpython-38.pyc
[2.604s] running install_data
[2.605s] creating /home/utilizador/charmie_ws/install/charmie_audio/share/ament_index
[2.605s] creating /home/utilizador/charmie_ws/install/charmie_audio/share/ament_index/resource_index
[2.605s] creating /home/utilizador/charmie_ws/install/charmie_audio/share/ament_index/resource_index/packages
[2.605s] copying resource/charmie_audio -> /home/utilizador/charmie_ws/install/charmie_audio/share/ament_index/resource_index/packages
[2.606s] copying package.xml -> /home/utilizador/charmie_ws/install/charmie_audio/share/charmie_audio
[2.606s] running install_egg_info
[2.608s] Copying ../../build/charmie_audio/charmie_audio.egg-info to /home/utilizador/charmie_ws/install/charmie_audio/lib/python3.8/site-packages/charmie_audio-0.0.0-py3.8.egg-info
[2.609s] running install_scripts
[2.637s] Installing audio script to /home/utilizador/charmie_ws/install/charmie_audio/lib/charmie_audio
[2.638s] writing list of installed files to '/home/utilizador/charmie_ws/build/charmie_audio/install.log'
[2.678s] Invoked command in '/home/utilizador/charmie_ws/src/charmie_audio' returned '0': AMENT_PREFIX_PATH=/home/utilizador/charmie_ws/install/charmie_interfaces:${AMENT_PREFIX_PATH} CMAKE_PREFIX_PATH=/home/utilizador/charmie_ws/install/charmie_interfaces LD_LIBRARY_PATH=/home/utilizador/charmie_ws/install/charmie_interfaces/lib:${LD_LIBRARY_PATH} PYTHONPATH=/home/utilizador/charmie_ws/build/charmie_audio/prefix_override:/home/utilizador/charmie_ws/install/charmie_audio/lib/python3.8/site-packages:/home/utilizador/charmie_ws/install/charmie_interfaces/lib/python3.8/site-packages:${PYTHONPATH} /usr/bin/python3 setup.py egg_info --egg-base ../../build/charmie_audio build --build-base /home/utilizador/charmie_ws/build/charmie_audio/build install --record /home/utilizador/charmie_ws/build/charmie_audio/install.log --install-scripts $base/lib/charmie_audio --single-version-externally-managed
