running develop
Removing /home/utilizador/charmie_ws/install/charmie_carry_luggage/lib/python3.8/site-packages/charmie-carry-luggage.egg-link (link to .)
running egg_info
writing ../../build/charmie_carry_luggage/charmie_carry_luggage.egg-info/PKG-INFO
writing dependency_links to ../../build/charmie_carry_luggage/charmie_carry_luggage.egg-info/dependency_links.txt
writing entry points to ../../build/charmie_carry_luggage/charmie_carry_luggage.egg-info/entry_points.txt
writing requirements to ../../build/charmie_carry_luggage/charmie_carry_luggage.egg-info/requires.txt
writing top-level names to ../../build/charmie_carry_luggage/charmie_carry_luggage.egg-info/top_level.txt
reading manifest file '../../build/charmie_carry_luggage/charmie_carry_luggage.egg-info/SOURCES.txt'
writing manifest file '../../build/charmie_carry_luggage/charmie_carry_luggage.egg-info/SOURCES.txt'
running build
running build_py
creating /home/utilizador/charmie_ws/build/charmie_carry_luggage/build
creating /home/utilizador/charmie_ws/build/charmie_carry_luggage/build/lib
creating /home/utilizador/charmie_ws/build/charmie_carry_luggage/build/lib/charmie_carry_luggage
copying charmie_carry_luggage/__init__.py -> /home/utilizador/charmie_ws/build/charmie_carry_luggage/build/lib/charmie_carry_luggage
copying charmie_carry_luggage/carry_my_luggage.py -> /home/utilizador/charmie_ws/build/charmie_carry_luggage/build/lib/charmie_carry_luggage
running install
running install_lib
creating /home/utilizador/charmie_ws/install/charmie_carry_luggage/lib/python3.8/site-packages/charmie_carry_luggage
copying /home/utilizador/charmie_ws/build/charmie_carry_luggage/build/lib/charmie_carry_luggage/__init__.py -> /home/utilizador/charmie_ws/install/charmie_carry_luggage/lib/python3.8/site-packages/charmie_carry_luggage
copying /home/utilizador/charmie_ws/build/charmie_carry_luggage/build/lib/charmie_carry_luggage/carry_my_luggage.py -> /home/utilizador/charmie_ws/install/charmie_carry_luggage/lib/python3.8/site-packages/charmie_carry_luggage
byte-compiling /home/utilizador/charmie_ws/install/charmie_carry_luggage/lib/python3.8/site-packages/charmie_carry_luggage/__init__.py to __init__.cpython-38.pyc
byte-compiling /home/utilizador/charmie_ws/install/charmie_carry_luggage/lib/python3.8/site-packages/charmie_carry_luggage/carry_my_luggage.py to carry_my_luggage.cpython-38.pyc
running install_data
running install_egg_info
Copying ../../build/charmie_carry_luggage/charmie_carry_luggage.egg-info to /home/utilizador/charmie_ws/install/charmie_carry_luggage/lib/python3.8/site-packages/charmie_carry_luggage-0.0.0-py3.8.egg-info
running install_scripts
Installing carry_my_luggage script to /home/utilizador/charmie_ws/install/charmie_carry_luggage/lib/charmie_carry_luggage
writing list of installed files to '/home/utilizador/charmie_ws/build/charmie_carry_luggage/install.log'
