[2.693s] Invoking command in '/home/utilizador/charmie_ws/build/my_robot_controller': PYTHONPATH=/home/utilizador/charmie_ws/build/my_robot_controller/prefix_override:/home/utilizador/charmie_ws/install/my_robot_controller/lib/python3.8/site-packages:${PYTHONPATH} /usr/bin/python3 setup.py develop --uninstall --editable --build-directory /home/utilizador/charmie_ws/build/my_robot_controller/build
[3.501s] running develop
[3.884s] Removing /home/utilizador/charmie_ws/install/my_robot_controller/lib/python3.8/site-packages/my-robot-controller.egg-link (link to .)
[3.937s] Invoked command in '/home/utilizador/charmie_ws/build/my_robot_controller' returned '0': PYTHONPATH=/home/utilizador/charmie_ws/build/my_robot_controller/prefix_override:/home/utilizador/charmie_ws/install/my_robot_controller/lib/python3.8/site-packages:${PYTHONPATH} /usr/bin/python3 setup.py develop --uninstall --editable --build-directory /home/utilizador/charmie_ws/build/my_robot_controller/build
[3.939s] Invoking command in '/home/utilizador/charmie_ws/src/my_robot_controller': PYTHONPATH=/home/utilizador/charmie_ws/build/my_robot_controller/prefix_override:/home/utilizador/charmie_ws/install/my_robot_controller/lib/python3.8/site-packages:${PYTHONPATH} /usr/bin/python3 setup.py egg_info --egg-base ../../build/my_robot_controller build --build-base /home/utilizador/charmie_ws/build/my_robot_controller/build install --record /home/utilizador/charmie_ws/build/my_robot_controller/install.log --install-scripts $base/lib/my_robot_controller --single-version-externally-managed
[4.593s] running egg_info
[4.595s] writing ../../build/my_robot_controller/my_robot_controller.egg-info/PKG-INFO
[4.596s] writing dependency_links to ../../build/my_robot_controller/my_robot_controller.egg-info/dependency_links.txt
[4.596s] writing entry points to ../../build/my_robot_controller/my_robot_controller.egg-info/entry_points.txt
[4.596s] writing requirements to ../../build/my_robot_controller/my_robot_controller.egg-info/requires.txt
[4.596s] writing top-level names to ../../build/my_robot_controller/my_robot_controller.egg-info/top_level.txt
[4.664s] reading manifest file '../../build/my_robot_controller/my_robot_controller.egg-info/SOURCES.txt'
[4.666s] writing manifest file '../../build/my_robot_controller/my_robot_controller.egg-info/SOURCES.txt'
[4.666s] running build
[4.666s] running build_py
[4.667s] running install
[4.669s] running install_lib
[4.670s] creating /home/utilizador/charmie_ws/install/my_robot_controller/lib/python3.8/site-packages/my_robot_controller
[4.671s] copying /home/utilizador/charmie_ws/build/my_robot_controller/build/lib/my_robot_controller/my_first_node.py -> /home/utilizador/charmie_ws/install/my_robot_controller/lib/python3.8/site-packages/my_robot_controller
[4.671s] copying /home/utilizador/charmie_ws/build/my_robot_controller/build/lib/my_robot_controller/turtle_controller.py -> /home/utilizador/charmie_ws/install/my_robot_controller/lib/python3.8/site-packages/my_robot_controller
[4.671s] copying /home/utilizador/charmie_ws/build/my_robot_controller/build/lib/my_robot_controller/__init__.py -> /home/utilizador/charmie_ws/install/my_robot_controller/lib/python3.8/site-packages/my_robot_controller
[4.672s] byte-compiling /home/utilizador/charmie_ws/install/my_robot_controller/lib/python3.8/site-packages/my_robot_controller/my_first_node.py to my_first_node.cpython-38.pyc
[4.674s] byte-compiling /home/utilizador/charmie_ws/install/my_robot_controller/lib/python3.8/site-packages/my_robot_controller/turtle_controller.py to turtle_controller.cpython-38.pyc
[4.675s] byte-compiling /home/utilizador/charmie_ws/install/my_robot_controller/lib/python3.8/site-packages/my_robot_controller/__init__.py to __init__.cpython-38.pyc
[4.675s] running install_data
[4.677s] running install_egg_info
[4.682s] Copying ../../build/my_robot_controller/my_robot_controller.egg-info to /home/utilizador/charmie_ws/install/my_robot_controller/lib/python3.8/site-packages/my_robot_controller-0.0.0-py3.8.egg-info
[4.684s] running install_scripts
[4.739s] Installing test_node script to /home/utilizador/charmie_ws/install/my_robot_controller/lib/my_robot_controller
[4.739s] Installing turtle_controller script to /home/utilizador/charmie_ws/install/my_robot_controller/lib/my_robot_controller
[4.739s] writing list of installed files to '/home/utilizador/charmie_ws/build/my_robot_controller/install.log'
[4.794s] Invoked command in '/home/utilizador/charmie_ws/src/my_robot_controller' returned '0': PYTHONPATH=/home/utilizador/charmie_ws/build/my_robot_controller/prefix_override:/home/utilizador/charmie_ws/install/my_robot_controller/lib/python3.8/site-packages:${PYTHONPATH} /usr/bin/python3 setup.py egg_info --egg-base ../../build/my_robot_controller build --build-base /home/utilizador/charmie_ws/build/my_robot_controller/build install --record /home/utilizador/charmie_ws/build/my_robot_controller/install.log --install-scripts $base/lib/my_robot_controller --single-version-externally-managed
