[2.436s] Invoking command in '/home/utilizador/charmie_ws/src/charmie_door_start': PYTHONPATH=/home/utilizador/charmie_ws/build/charmie_door_start/prefix_override:/home/utilizador/charmie_ws/install/charmie_door_start/lib/python3.8/site-packages:${PYTHONPATH} /usr/bin/python3 setup.py egg_info --egg-base ../../build/charmie_door_start build --build-base /home/utilizador/charmie_ws/build/charmie_door_start/build install --record /home/utilizador/charmie_ws/build/charmie_door_start/install.log --install-scripts $base/lib/charmie_door_start --single-version-externally-managed
[2.862s] running egg_info
[2.864s] creating ../../build/charmie_door_start/charmie_door_start.egg-info
[2.864s] writing ../../build/charmie_door_start/charmie_door_start.egg-info/PKG-INFO
[2.864s] writing dependency_links to ../../build/charmie_door_start/charmie_door_start.egg-info/dependency_links.txt
[2.865s] writing entry points to ../../build/charmie_door_start/charmie_door_start.egg-info/entry_points.txt
[2.865s] writing requirements to ../../build/charmie_door_start/charmie_door_start.egg-info/requires.txt
[2.865s] writing top-level names to ../../build/charmie_door_start/charmie_door_start.egg-info/top_level.txt
[2.867s] writing manifest file '../../build/charmie_door_start/charmie_door_start.egg-info/SOURCES.txt'
[2.936s] reading manifest file '../../build/charmie_door_start/charmie_door_start.egg-info/SOURCES.txt'
[2.937s] writing manifest file '../../build/charmie_door_start/charmie_door_start.egg-info/SOURCES.txt'
[2.938s] running build
[2.938s] running build_py
[2.938s] creating /home/utilizador/charmie_ws/build/charmie_door_start/build
[2.938s] creating /home/utilizador/charmie_ws/build/charmie_door_start/build/lib
[2.938s] creating /home/utilizador/charmie_ws/build/charmie_door_start/build/lib/charmie_door_start
[2.939s] copying charmie_door_start/door_start.py -> /home/utilizador/charmie_ws/build/charmie_door_start/build/lib/charmie_door_start
[2.939s] copying charmie_door_start/__init__.py -> /home/utilizador/charmie_ws/build/charmie_door_start/build/lib/charmie_door_start
[2.939s] running install
[2.940s] running install_lib
[2.942s] creating /home/utilizador/charmie_ws/install/charmie_door_start/lib/python3.8/site-packages/charmie_door_start
[2.942s] copying /home/utilizador/charmie_ws/build/charmie_door_start/build/lib/charmie_door_start/door_start.py -> /home/utilizador/charmie_ws/install/charmie_door_start/lib/python3.8/site-packages/charmie_door_start
[2.942s] copying /home/utilizador/charmie_ws/build/charmie_door_start/build/lib/charmie_door_start/__init__.py -> /home/utilizador/charmie_ws/install/charmie_door_start/lib/python3.8/site-packages/charmie_door_start
[2.943s] byte-compiling /home/utilizador/charmie_ws/install/charmie_door_start/lib/python3.8/site-packages/charmie_door_start/door_start.py to door_start.cpython-38.pyc
[2.946s] byte-compiling /home/utilizador/charmie_ws/install/charmie_door_start/lib/python3.8/site-packages/charmie_door_start/__init__.py to __init__.cpython-38.pyc
[2.946s] running install_data
[2.948s] creating /home/utilizador/charmie_ws/install/charmie_door_start/share/ament_index
[2.948s] creating /home/utilizador/charmie_ws/install/charmie_door_start/share/ament_index/resource_index
[2.948s] creating /home/utilizador/charmie_ws/install/charmie_door_start/share/ament_index/resource_index/packages
[2.948s] copying resource/charmie_door_start -> /home/utilizador/charmie_ws/install/charmie_door_start/share/ament_index/resource_index/packages
[2.948s] copying package.xml -> /home/utilizador/charmie_ws/install/charmie_door_start/share/charmie_door_start
[2.948s] running install_egg_info
[2.951s] Copying ../../build/charmie_door_start/charmie_door_start.egg-info to /home/utilizador/charmie_ws/install/charmie_door_start/lib/python3.8/site-packages/charmie_door_start-0.0.0-py3.8.egg-info
[2.952s] running install_scripts
[2.987s] Installing door_start script to /home/utilizador/charmie_ws/install/charmie_door_start/lib/charmie_door_start
[2.987s] writing list of installed files to '/home/utilizador/charmie_ws/build/charmie_door_start/install.log'
[3.052s] Invoked command in '/home/utilizador/charmie_ws/src/charmie_door_start' returned '0': PYTHONPATH=/home/utilizador/charmie_ws/build/charmie_door_start/prefix_override:/home/utilizador/charmie_ws/install/charmie_door_start/lib/python3.8/site-packages:${PYTHONPATH} /usr/bin/python3 setup.py egg_info --egg-base ../../build/charmie_door_start build --build-base /home/utilizador/charmie_ws/build/charmie_door_start/build install --record /home/utilizador/charmie_ws/build/charmie_door_start/install.log --install-scripts $base/lib/charmie_door_start --single-version-externally-managed
