[2.696s] Invoking command in '/home/utilizador/charmie_ws/build/charmie_camera_realsense': PYTHONPATH=/home/utilizador/charmie_ws/build/charmie_camera_realsense/prefix_override:/home/utilizador/charmie_ws/install/charmie_camera_realsense/lib/python3.8/site-packages:${PYTHONPATH} /usr/bin/python3 setup.py develop --uninstall --editable --build-directory /home/utilizador/charmie_ws/build/charmie_camera_realsense/build
[3.250s] running develop
[3.699s] Removing /home/utilizador/charmie_ws/install/charmie_camera_realsense/lib/python3.8/site-packages/charmie-camera-realsense.egg-link (link to .)
[3.754s] Invoked command in '/home/utilizador/charmie_ws/build/charmie_camera_realsense' returned '0': PYTHONPATH=/home/utilizador/charmie_ws/build/charmie_camera_realsense/prefix_override:/home/utilizador/charmie_ws/install/charmie_camera_realsense/lib/python3.8/site-packages:${PYTHONPATH} /usr/bin/python3 setup.py develop --uninstall --editable --build-directory /home/utilizador/charmie_ws/build/charmie_camera_realsense/build
[3.758s] Invoking command in '/home/utilizador/charmie_ws/src/charmie_camera_realsense': PYTHONPATH=/home/utilizador/charmie_ws/build/charmie_camera_realsense/prefix_override:/home/utilizador/charmie_ws/install/charmie_camera_realsense/lib/python3.8/site-packages:${PYTHONPATH} /usr/bin/python3 setup.py egg_info --egg-base ../../build/charmie_camera_realsense build --build-base /home/utilizador/charmie_ws/build/charmie_camera_realsense/build install --record /home/utilizador/charmie_ws/build/charmie_camera_realsense/install.log --install-scripts $base/lib/charmie_camera_realsense --single-version-externally-managed
[4.612s] running egg_info
[4.613s] writing ../../build/charmie_camera_realsense/charmie_camera_realsense.egg-info/PKG-INFO
[4.614s] writing dependency_links to ../../build/charmie_camera_realsense/charmie_camera_realsense.egg-info/dependency_links.txt
[4.614s] writing entry points to ../../build/charmie_camera_realsense/charmie_camera_realsense.egg-info/entry_points.txt
[4.614s] writing requirements to ../../build/charmie_camera_realsense/charmie_camera_realsense.egg-info/requires.txt
[4.614s] writing top-level names to ../../build/charmie_camera_realsense/charmie_camera_realsense.egg-info/top_level.txt
[4.759s] reading manifest file '../../build/charmie_camera_realsense/charmie_camera_realsense.egg-info/SOURCES.txt'
[4.760s] writing manifest file '../../build/charmie_camera_realsense/charmie_camera_realsense.egg-info/SOURCES.txt'
[4.761s] running build
[4.761s] running build_py
[4.761s] creating /home/utilizador/charmie_ws/build/charmie_camera_realsense/build
[4.763s] creating /home/utilizador/charmie_ws/build/charmie_camera_realsense/build/lib
[4.763s] creating /home/utilizador/charmie_ws/build/charmie_camera_realsense/build/lib/charmie_camera_realsense
[4.763s] copying charmie_camera_realsense/camera_realsense.py -> /home/utilizador/charmie_ws/build/charmie_camera_realsense/build/lib/charmie_camera_realsense
[4.763s] copying charmie_camera_realsense/__init__.py -> /home/utilizador/charmie_ws/build/charmie_camera_realsense/build/lib/charmie_camera_realsense
[4.763s] running install
[4.771s] running install_lib
[4.772s] creating /home/utilizador/charmie_ws/install/charmie_camera_realsense/lib/python3.8/site-packages/charmie_camera_realsense
[4.773s] copying /home/utilizador/charmie_ws/build/charmie_camera_realsense/build/lib/charmie_camera_realsense/camera_realsense.py -> /home/utilizador/charmie_ws/install/charmie_camera_realsense/lib/python3.8/site-packages/charmie_camera_realsense
[4.773s] copying /home/utilizador/charmie_ws/build/charmie_camera_realsense/build/lib/charmie_camera_realsense/__init__.py -> /home/utilizador/charmie_ws/install/charmie_camera_realsense/lib/python3.8/site-packages/charmie_camera_realsense
[4.774s] byte-compiling /home/utilizador/charmie_ws/install/charmie_camera_realsense/lib/python3.8/site-packages/charmie_camera_realsense/camera_realsense.py to camera_realsense.cpython-38.pyc
[4.786s] byte-compiling /home/utilizador/charmie_ws/install/charmie_camera_realsense/lib/python3.8/site-packages/charmie_camera_realsense/__init__.py to __init__.cpython-38.pyc
[4.786s] running install_data
[4.786s] running install_egg_info
[4.786s] Copying ../../build/charmie_camera_realsense/charmie_camera_realsense.egg-info to /home/utilizador/charmie_ws/install/charmie_camera_realsense/lib/python3.8/site-packages/charmie_camera_realsense-0.0.0-py3.8.egg-info
[4.786s] running install_scripts
[4.819s] Installing camera_realsense script to /home/utilizador/charmie_ws/install/charmie_camera_realsense/lib/charmie_camera_realsense
[4.820s] writing list of installed files to '/home/utilizador/charmie_ws/build/charmie_camera_realsense/install.log'
[4.895s] Invoked command in '/home/utilizador/charmie_ws/src/charmie_camera_realsense' returned '0': PYTHONPATH=/home/utilizador/charmie_ws/build/charmie_camera_realsense/prefix_override:/home/utilizador/charmie_ws/install/charmie_camera_realsense/lib/python3.8/site-packages:${PYTHONPATH} /usr/bin/python3 setup.py egg_info --egg-base ../../build/charmie_camera_realsense build --build-base /home/utilizador/charmie_ws/build/charmie_camera_realsense/build install --record /home/utilizador/charmie_ws/build/charmie_camera_realsense/install.log --install-scripts $base/lib/charmie_camera_realsense --single-version-externally-managed
