[1.293s] Invoking command in '/home/utilizador/charmie_ws/src/charmie_low_level': PYTHONPATH=/home/utilizador/charmie_ws/build/charmie_low_level/prefix_override:/home/utilizador/charmie_ws/install/charmie_low_level/lib/python3.8/site-packages:/home/utilizador/charmie_ws/install/charmie_interfaces/lib/python3.8/site-packages:/home/utilizador/charmie_ws/install/test2/lib/python3.8/site-packages:/home/utilizador/charmie_ws/install/my_robot_controller/lib/python3.8/site-packages:/home/utilizador/charmie_ws/install/charmie_speakers/lib/python3.8/site-packages:/home/utilizador/charmie_ws/install/charmie_ps4_controller/lib/python3.8/site-packages:/home/utilizador/charmie_ws/install/charmie_neck_dynamixel/lib/python3.8/site-packages:/home/utilizador/charmie_ws/install/charmie_low_level/lib/python3.8/site-packages:/home/utilizador/charmie_ws/install/charmie_lidar_hokuyo/lib/python3.8/site-packages:/home/utilizador/charmie_ws/install/charmie_debug/lib/python3.8/site-packages:/home/utilizador/charmie_ws/install/charmie_camera_realsense/lib/python3.8/site-packages:/home/utilizador/charmie_ws/install/charmie_audio/lib/python3.8/site-packages:/opt/ros/foxy/lib/python3.8/site-packages /usr/bin/python3 setup.py egg_info --egg-base ../../build/charmie_low_level build --build-base /home/utilizador/charmie_ws/build/charmie_low_level/build install --record /home/utilizador/charmie_ws/build/charmie_low_level/install.log --install-scripts $base/lib/charmie_low_level --single-version-externally-managed
[1.530s] running egg_info
[1.530s] creating ../../build/charmie_low_level/charmie_low_level.egg-info
[1.531s] writing ../../build/charmie_low_level/charmie_low_level.egg-info/PKG-INFO
[1.531s] writing dependency_links to ../../build/charmie_low_level/charmie_low_level.egg-info/dependency_links.txt
[1.531s] writing entry points to ../../build/charmie_low_level/charmie_low_level.egg-info/entry_points.txt
[1.531s] writing requirements to ../../build/charmie_low_level/charmie_low_level.egg-info/requires.txt
[1.531s] writing top-level names to ../../build/charmie_low_level/charmie_low_level.egg-info/top_level.txt
[1.532s] writing manifest file '../../build/charmie_low_level/charmie_low_level.egg-info/SOURCES.txt'
[1.566s] reading manifest file '../../build/charmie_low_level/charmie_low_level.egg-info/SOURCES.txt'
[1.567s] writing manifest file '../../build/charmie_low_level/charmie_low_level.egg-info/SOURCES.txt'
[1.567s] running build
[1.568s] running build_py
[1.568s] creating /home/utilizador/charmie_ws/build/charmie_low_level/build
[1.568s] creating /home/utilizador/charmie_ws/build/charmie_low_level/build/lib
[1.568s] creating /home/utilizador/charmie_ws/build/charmie_low_level/build/lib/charmie_low_level
[1.568s] copying charmie_low_level/low_level.py -> /home/utilizador/charmie_ws/build/charmie_low_level/build/lib/charmie_low_level
[1.569s] copying charmie_low_level/__init__.py -> /home/utilizador/charmie_ws/build/charmie_low_level/build/lib/charmie_low_level
[1.569s] running install
[1.570s] running install_lib
[1.571s] creating /home/utilizador/charmie_ws/install/charmie_low_level/lib/python3.8/site-packages/charmie_low_level
[1.571s] copying /home/utilizador/charmie_ws/build/charmie_low_level/build/lib/charmie_low_level/low_level.py -> /home/utilizador/charmie_ws/install/charmie_low_level/lib/python3.8/site-packages/charmie_low_level
[1.571s] copying /home/utilizador/charmie_ws/build/charmie_low_level/build/lib/charmie_low_level/__init__.py -> /home/utilizador/charmie_ws/install/charmie_low_level/lib/python3.8/site-packages/charmie_low_level
[1.571s] byte-compiling /home/utilizador/charmie_ws/install/charmie_low_level/lib/python3.8/site-packages/charmie_low_level/low_level.py to low_level.cpython-38.pyc
[1.574s] byte-compiling /home/utilizador/charmie_ws/install/charmie_low_level/lib/python3.8/site-packages/charmie_low_level/__init__.py to __init__.cpython-38.pyc
[1.574s] running install_data
[1.574s] creating /home/utilizador/charmie_ws/install/charmie_low_level/share/ament_index
[1.575s] creating /home/utilizador/charmie_ws/install/charmie_low_level/share/ament_index/resource_index
[1.575s] creating /home/utilizador/charmie_ws/install/charmie_low_level/share/ament_index/resource_index/packages
[1.575s] copying resource/charmie_low_level -> /home/utilizador/charmie_ws/install/charmie_low_level/share/ament_index/resource_index/packages
[1.575s] copying package.xml -> /home/utilizador/charmie_ws/install/charmie_low_level/share/charmie_low_level
[1.575s] running install_egg_info
[1.576s] Copying ../../build/charmie_low_level/charmie_low_level.egg-info to /home/utilizador/charmie_ws/install/charmie_low_level/lib/python3.8/site-packages/charmie_low_level-0.0.0-py3.8.egg-info
[1.577s] running install_scripts
[1.597s] Installing low_level script to /home/utilizador/charmie_ws/install/charmie_low_level/lib/charmie_low_level
[1.597s] writing list of installed files to '/home/utilizador/charmie_ws/build/charmie_low_level/install.log'
[1.654s] Invoked command in '/home/utilizador/charmie_ws/src/charmie_low_level' returned '0': PYTHONPATH=/home/utilizador/charmie_ws/build/charmie_low_level/prefix_override:/home/utilizador/charmie_ws/install/charmie_low_level/lib/python3.8/site-packages:/home/utilizador/charmie_ws/install/charmie_interfaces/lib/python3.8/site-packages:/home/utilizador/charmie_ws/install/test2/lib/python3.8/site-packages:/home/utilizador/charmie_ws/install/my_robot_controller/lib/python3.8/site-packages:/home/utilizador/charmie_ws/install/charmie_speakers/lib/python3.8/site-packages:/home/utilizador/charmie_ws/install/charmie_ps4_controller/lib/python3.8/site-packages:/home/utilizador/charmie_ws/install/charmie_neck_dynamixel/lib/python3.8/site-packages:/home/utilizador/charmie_ws/install/charmie_low_level/lib/python3.8/site-packages:/home/utilizador/charmie_ws/install/charmie_lidar_hokuyo/lib/python3.8/site-packages:/home/utilizador/charmie_ws/install/charmie_debug/lib/python3.8/site-packages:/home/utilizador/charmie_ws/install/charmie_camera_realsense/lib/python3.8/site-packages:/home/utilizador/charmie_ws/install/charmie_audio/lib/python3.8/site-packages:/opt/ros/foxy/lib/python3.8/site-packages /usr/bin/python3 setup.py egg_info --egg-base ../../build/charmie_low_level build --build-base /home/utilizador/charmie_ws/build/charmie_low_level/build install --record /home/utilizador/charmie_ws/build/charmie_low_level/install.log --install-scripts $base/lib/charmie_low_level --single-version-externally-managed
