[2.109s] Invoking command in '/home/utilizador/charmie_ws/src/charmie_obstacles': AMENT_PREFIX_PATH=/home/utilizador/charmie_ws/install/charmie_interfaces:${AMENT_PREFIX_PATH} CMAKE_PREFIX_PATH=/home/utilizador/charmie_ws/install/charmie_interfaces LD_LIBRARY_PATH=/home/utilizador/charmie_ws/install/charmie_interfaces/lib:${LD_LIBRARY_PATH} PYTHONPATH=/home/utilizador/charmie_ws/build/charmie_obstacles/prefix_override:/home/utilizador/charmie_ws/install/charmie_obstacles/lib/python3.8/site-packages:/home/utilizador/charmie_ws/install/charmie_interfaces/lib/python3.8/site-packages:${PYTHONPATH} /usr/bin/python3 setup.py egg_info --egg-base ../../build/charmie_obstacles build --build-base /home/utilizador/charmie_ws/build/charmie_obstacles/build install --record /home/utilizador/charmie_ws/build/charmie_obstacles/install.log --single-version-externally-managed
[2.326s] running egg_info
[2.326s] writing ../../build/charmie_obstacles/charmie_obstacles.egg-info/PKG-INFO
[2.327s] writing dependency_links to ../../build/charmie_obstacles/charmie_obstacles.egg-info/dependency_links.txt
[2.327s] writing entry points to ../../build/charmie_obstacles/charmie_obstacles.egg-info/entry_points.txt
[2.327s] writing requirements to ../../build/charmie_obstacles/charmie_obstacles.egg-info/requires.txt
[2.327s] writing top-level names to ../../build/charmie_obstacles/charmie_obstacles.egg-info/top_level.txt
[2.363s] reading manifest file '../../build/charmie_obstacles/charmie_obstacles.egg-info/SOURCES.txt'
[2.365s] writing manifest file '../../build/charmie_obstacles/charmie_obstacles.egg-info/SOURCES.txt'
[2.366s] running build
[2.366s] running build_py
[2.366s] running install
[2.367s] running install_lib
[2.367s] running install_data
[2.369s] running install_egg_info
[2.370s] removing '/home/utilizador/charmie_ws/install/charmie_obstacles/lib/python3.8/site-packages/charmie_obstacles-0.0.0-py3.8.egg-info' (and everything under it)
[2.371s] Copying ../../build/charmie_obstacles/charmie_obstacles.egg-info to /home/utilizador/charmie_ws/install/charmie_obstacles/lib/python3.8/site-packages/charmie_obstacles-0.0.0-py3.8.egg-info
[2.372s] running install_scripts
[2.389s] Installing obstacles script to /home/utilizador/charmie_ws/install/charmie_obstacles/lib/charmie_obstacles
[2.389s] writing list of installed files to '/home/utilizador/charmie_ws/build/charmie_obstacles/install.log'
[2.649s] Invoked command in '/home/utilizador/charmie_ws/src/charmie_obstacles' returned '0': AMENT_PREFIX_PATH=/home/utilizador/charmie_ws/install/charmie_interfaces:${AMENT_PREFIX_PATH} CMAKE_PREFIX_PATH=/home/utilizador/charmie_ws/install/charmie_interfaces LD_LIBRARY_PATH=/home/utilizador/charmie_ws/install/charmie_interfaces/lib:${LD_LIBRARY_PATH} PYTHONPATH=/home/utilizador/charmie_ws/build/charmie_obstacles/prefix_override:/home/utilizador/charmie_ws/install/charmie_obstacles/lib/python3.8/site-packages:/home/utilizador/charmie_ws/install/charmie_interfaces/lib/python3.8/site-packages:${PYTHONPATH} /usr/bin/python3 setup.py egg_info --egg-base ../../build/charmie_obstacles build --build-base /home/utilizador/charmie_ws/build/charmie_obstacles/build install --record /home/utilizador/charmie_ws/build/charmie_obstacles/install.log --single-version-externally-managed
