[0.361s] Invoking command in '/home/utilizador/charmie_ws/src/build/charmie_bot': CMAKE_PREFIX_PATH=${CMAKE_PREFIX_PATH}:/home/utilizador/charmie_ws/install/charmie_speakers:/home/utilizador/charmie_ws/install/charmie_ps4_controller:/home/utilizador/charmie_ws/install/charmie_neck_dynamixel:/home/utilizador/charmie_ws/install/charmie_low_level:/home/utilizador/charmie_ws/install/charmie_lidar_hokuyo:/home/utilizador/charmie_ws/install/charmie_debug:/home/utilizador/charmie_ws/install/charmie_audio:/opt/ros/foxy /usr/bin/cmake /home/utilizador/charmie_ws/src/charmie_bot -DAMENT_CMAKE_SYMLINK_INSTALL=1 -DCMAKE_INSTALL_PREFIX=/home/utilizador/charmie_ws/src/install/charmie_bot
[1.368s] -- The C compiler identification is GNU 9.4.0
[1.371s] -- The CXX compiler identification is GNU 9.4.0
[1.371s] -- Check for working C compiler: /usr/bin/cc
[1.371s] -- Check for working C compiler: /usr/bin/cc -- works
[1.372s] -- Detecting C compiler ABI info
[1.372s] -- Detecting C compiler ABI info - done
[1.372s] -- Detecting C compile features
[1.372s] -- Detecting C compile features - done
[1.373s] -- Check for working CXX compiler: /usr/bin/c++
[1.373s] -- Check for working CXX compiler: /usr/bin/c++ -- works
[1.373s] -- Detecting CXX compiler ABI info
[1.373s] -- Detecting CXX compiler ABI info - done
[1.373s] -- Detecting CXX compile features
[1.373s] -- Detecting CXX compile features - done
[1.373s] -- Found ament_cmake: 0.9.11 (/opt/ros/foxy/share/ament_cmake/cmake)
[1.374s] -- Found PythonInterp: /usr/bin/python3 (found suitable version "3.8.10", minimum required is "3") 
[1.374s] -- Using PYTHON_EXECUTABLE: /usr/bin/python3
[1.374s] -- Override CMake install command with custom implementation using symlinks instead of copying resources
[1.374s] -- Found ament_lint_auto: 0.9.8 (/opt/ros/foxy/share/ament_lint_auto/cmake)
[1.386s] -- Added test 'copyright' to check source files copyright and LICENSE
[1.392s] -- Added test 'flake8' to check Python code syntax and style conventions
[1.394s] -- Added test 'lint_cmake' to check CMake code style
[1.395s] -- Added test 'pep257' to check Python code against some of the style conventions in PEP 257
[1.399s] -- Added test 'xmllint' to check XML markup files
[1.404s] -- Configuring done
[1.410s] -- Generating done
[1.412s] -- Build files have been written to: /home/utilizador/charmie_ws/src/build/charmie_bot
[1.418s] Invoked command in '/home/utilizador/charmie_ws/src/build/charmie_bot' returned '0': CMAKE_PREFIX_PATH=${CMAKE_PREFIX_PATH}:/home/utilizador/charmie_ws/install/charmie_speakers:/home/utilizador/charmie_ws/install/charmie_ps4_controller:/home/utilizador/charmie_ws/install/charmie_neck_dynamixel:/home/utilizador/charmie_ws/install/charmie_low_level:/home/utilizador/charmie_ws/install/charmie_lidar_hokuyo:/home/utilizador/charmie_ws/install/charmie_debug:/home/utilizador/charmie_ws/install/charmie_audio:/opt/ros/foxy /usr/bin/cmake /home/utilizador/charmie_ws/src/charmie_bot -DAMENT_CMAKE_SYMLINK_INSTALL=1 -DCMAKE_INSTALL_PREFIX=/home/utilizador/charmie_ws/src/install/charmie_bot
[1.424s] Invoking command in '/home/utilizador/charmie_ws/src/build/charmie_bot': CMAKE_PREFIX_PATH=${CMAKE_PREFIX_PATH}:/home/utilizador/charmie_ws/install/charmie_speakers:/home/utilizador/charmie_ws/install/charmie_ps4_controller:/home/utilizador/charmie_ws/install/charmie_neck_dynamixel:/home/utilizador/charmie_ws/install/charmie_low_level:/home/utilizador/charmie_ws/install/charmie_lidar_hokuyo:/home/utilizador/charmie_ws/install/charmie_debug:/home/utilizador/charmie_ws/install/charmie_audio:/opt/ros/foxy /usr/bin/cmake --build /home/utilizador/charmie_ws/src/build/charmie_bot -- -j8 -l8
[1.492s] Invoked command in '/home/utilizador/charmie_ws/src/build/charmie_bot' returned '0': CMAKE_PREFIX_PATH=${CMAKE_PREFIX_PATH}:/home/utilizador/charmie_ws/install/charmie_speakers:/home/utilizador/charmie_ws/install/charmie_ps4_controller:/home/utilizador/charmie_ws/install/charmie_neck_dynamixel:/home/utilizador/charmie_ws/install/charmie_low_level:/home/utilizador/charmie_ws/install/charmie_lidar_hokuyo:/home/utilizador/charmie_ws/install/charmie_debug:/home/utilizador/charmie_ws/install/charmie_audio:/opt/ros/foxy /usr/bin/cmake --build /home/utilizador/charmie_ws/src/build/charmie_bot -- -j8 -l8
[1.563s] Invoking command in '/home/utilizador/charmie_ws/src/build/charmie_bot': CMAKE_PREFIX_PATH=${CMAKE_PREFIX_PATH}:/home/utilizador/charmie_ws/install/charmie_speakers:/home/utilizador/charmie_ws/install/charmie_ps4_controller:/home/utilizador/charmie_ws/install/charmie_neck_dynamixel:/home/utilizador/charmie_ws/install/charmie_low_level:/home/utilizador/charmie_ws/install/charmie_lidar_hokuyo:/home/utilizador/charmie_ws/install/charmie_debug:/home/utilizador/charmie_ws/install/charmie_audio:/opt/ros/foxy /usr/bin/cmake --install /home/utilizador/charmie_ws/src/build/charmie_bot
[1.579s] -- Install configuration: ""
[1.580s] -- Execute custom install script
[1.581s] -- Symlinking: /home/utilizador/charmie_ws/src/install/charmie_bot/share/charmie_bot/config/empty.yaml
[1.598s] -- Symlinking: /home/utilizador/charmie_ws/src/install/charmie_bot/share/charmie_bot/config/joystick.yaml
[1.616s] -- Symlinking: /home/utilizador/charmie_ws/src/install/charmie_bot/share/charmie_bot/config/main.rviz
[1.632s] -- Symlinking: /home/utilizador/charmie_ws/src/install/charmie_bot/share/charmie_bot/config/mapper_params_online_async.yaml
[1.649s] -- Symlinking: /home/utilizador/charmie_ws/src/install/charmie_bot/share/charmie_bot/config/slam_nav.rviz
[1.665s] -- Symlinking: /home/utilizador/charmie_ws/src/install/charmie_bot/share/charmie_bot/config/twist_mux.yaml
[1.683s] -- Symlinking: /home/utilizador/charmie_ws/src/install/charmie_bot/share/charmie_bot/description/arms.xacro
[1.702s] -- Symlinking: /home/utilizador/charmie_ws/src/install/charmie_bot/share/charmie_bot/description/camera.xacro
[1.718s] -- Symlinking: /home/utilizador/charmie_ws/src/install/charmie_bot/share/charmie_bot/description/depth_camera.xacro
[1.733s] -- Symlinking: /home/utilizador/charmie_ws/src/install/charmie_bot/share/charmie_bot/description/gazebo_control.xacro
[1.750s] -- Symlinking: /home/utilizador/charmie_ws/src/install/charmie_bot/share/charmie_bot/description/inertial_macros.xacro
[1.765s] -- Symlinking: /home/utilizador/charmie_ws/src/install/charmie_bot/share/charmie_bot/description/left_arm.xacro
[1.781s] -- Symlinking: /home/utilizador/charmie_ws/src/install/charmie_bot/share/charmie_bot/description/lidar.xacro
[1.797s] -- Symlinking: /home/utilizador/charmie_ws/src/install/charmie_bot/share/charmie_bot/description/right_arm.xacro
[1.815s] -- Symlinking: /home/utilizador/charmie_ws/src/install/charmie_bot/share/charmie_bot/description/robot.urdf.xacro
[1.832s] -- Symlinking: /home/utilizador/charmie_ws/src/install/charmie_bot/share/charmie_bot/description/robot_core.xacro
[1.847s] -- Symlinking: /home/utilizador/charmie_ws/src/install/charmie_bot/share/charmie_bot/description/robot_core_Rui.xacro
[1.865s] -- Symlinking: /home/utilizador/charmie_ws/src/install/charmie_bot/share/charmie_bot/launch/joystick.launch.py
[1.880s] -- Symlinking: /home/utilizador/charmie_ws/src/install/charmie_bot/share/charmie_bot/launch/launch_sim.launch.py
[1.894s] -- Symlinking: /home/utilizador/charmie_ws/src/install/charmie_bot/share/charmie_bot/launch/rsp.launch.py
[1.912s] -- Symlinking: /home/utilizador/charmie_ws/src/install/charmie_bot/share/charmie_bot/worlds/empty.world
[1.928s] -- Symlinking: /home/utilizador/charmie_ws/src/install/charmie_bot/share/charmie_bot/worlds/robocup_house.world
[1.945s] -- Symlinking: /home/utilizador/charmie_ws/src/install/charmie_bot/share/charmie_bot/worlds/world_test.world
[1.968s] -- Symlinking: /home/utilizador/charmie_ws/src/install/charmie_bot/share/ament_index/resource_index/package_run_dependencies/charmie_bot
[1.983s] -- Symlinking: /home/utilizador/charmie_ws/src/install/charmie_bot/share/ament_index/resource_index/parent_prefix_path/charmie_bot
[2.007s] -- Symlinking: /home/utilizador/charmie_ws/src/install/charmie_bot/share/charmie_bot/environment/ament_prefix_path.sh
[2.024s] -- Symlinking: /home/utilizador/charmie_ws/src/install/charmie_bot/share/charmie_bot/environment/ament_prefix_path.dsv
[2.042s] -- Symlinking: /home/utilizador/charmie_ws/src/install/charmie_bot/share/charmie_bot/environment/path.sh
[2.059s] -- Symlinking: /home/utilizador/charmie_ws/src/install/charmie_bot/share/charmie_bot/environment/path.dsv
[2.078s] -- Symlinking: /home/utilizador/charmie_ws/src/install/charmie_bot/share/charmie_bot/local_setup.bash
[2.099s] -- Symlinking: /home/utilizador/charmie_ws/src/install/charmie_bot/share/charmie_bot/local_setup.sh
[2.119s] -- Symlinking: /home/utilizador/charmie_ws/src/install/charmie_bot/share/charmie_bot/local_setup.zsh
[2.140s] -- Symlinking: /home/utilizador/charmie_ws/src/install/charmie_bot/share/charmie_bot/local_setup.dsv
[2.157s] -- Symlinking: /home/utilizador/charmie_ws/src/install/charmie_bot/share/charmie_bot/package.dsv
[2.178s] -- Symlinking: /home/utilizador/charmie_ws/src/install/charmie_bot/share/ament_index/resource_index/packages/charmie_bot
[2.193s] -- Symlinking: /home/utilizador/charmie_ws/src/install/charmie_bot/share/charmie_bot/cmake/charmie_botConfig.cmake
[2.208s] -- Symlinking: /home/utilizador/charmie_ws/src/install/charmie_bot/share/charmie_bot/cmake/charmie_botConfig-version.cmake
[2.232s] -- Symlinking: /home/utilizador/charmie_ws/src/install/charmie_bot/share/charmie_bot/package.xml
[2.288s] Invoked command in '/home/utilizador/charmie_ws/src/build/charmie_bot' returned '0': CMAKE_PREFIX_PATH=${CMAKE_PREFIX_PATH}:/home/utilizador/charmie_ws/install/charmie_speakers:/home/utilizador/charmie_ws/install/charmie_ps4_controller:/home/utilizador/charmie_ws/install/charmie_neck_dynamixel:/home/utilizador/charmie_ws/install/charmie_low_level:/home/utilizador/charmie_ws/install/charmie_lidar_hokuyo:/home/utilizador/charmie_ws/install/charmie_debug:/home/utilizador/charmie_ws/install/charmie_audio:/opt/ros/foxy /usr/bin/cmake --install /home/utilizador/charmie_ws/src/build/charmie_bot
