[0.118s] Invoking command in '/home/utilizador/charmie_ws/build/charmie_bot': CMAKE_PREFIX_PATH=${CMAKE_PREFIX_PATH}:/home/utilizador/charmie_ws/install/yolopose:/home/utilizador/charmie_ws/install/yolo_obj:/home/utilizador/charmie_ws/install/charmie_speakers:/home/utilizador/charmie_ws/install/charmie_receptionist:/home/utilizador/charmie_ws/install/charmie_ps4_controller:/home/utilizador/charmie_ws/install/charmie_odometry:/home/utilizador/charmie_ws/install/charmie_obstacles:/home/utilizador/charmie_ws/install/charmie_neck_dynamixel:/home/utilizador/charmie_ws/install/charmie_navigation_sdnl:/home/utilizador/charmie_ws/install/charmie_low_level:/home/utilizador/charmie_ws/install/charmie_localisation:/home/utilizador/charmie_ws/install/charmie_lidar_hokuyo:/home/utilizador/charmie_ws/install/charmie_inspection:/home/utilizador/charmie_ws/install/charmie_debug:/home/utilizador/charmie_ws/install/charmie_audio:/home/utilizador/charmie_ws/install/charmie_face_shiningrgb:/home/utilizador/charmie_ws/install/charmie_door_start:/opt/ros/foxy /usr/bin/cmake --build /home/utilizador/charmie_ws/build/charmie_bot -- -j8 -l8
[1.739s] Invoked command in '/home/utilizador/charmie_ws/build/charmie_bot' returned '0': CMAKE_PREFIX_PATH=${CMAKE_PREFIX_PATH}:/home/utilizador/charmie_ws/install/yolopose:/home/utilizador/charmie_ws/install/yolo_obj:/home/utilizador/charmie_ws/install/charmie_speakers:/home/utilizador/charmie_ws/install/charmie_receptionist:/home/utilizador/charmie_ws/install/charmie_ps4_controller:/home/utilizador/charmie_ws/install/charmie_odometry:/home/utilizador/charmie_ws/install/charmie_obstacles:/home/utilizador/charmie_ws/install/charmie_neck_dynamixel:/home/utilizador/charmie_ws/install/charmie_navigation_sdnl:/home/utilizador/charmie_ws/install/charmie_low_level:/home/utilizador/charmie_ws/install/charmie_localisation:/home/utilizador/charmie_ws/install/charmie_lidar_hokuyo:/home/utilizador/charmie_ws/install/charmie_inspection:/home/utilizador/charmie_ws/install/charmie_debug:/home/utilizador/charmie_ws/install/charmie_audio:/home/utilizador/charmie_ws/install/charmie_face_shiningrgb:/home/utilizador/charmie_ws/install/charmie_door_start:/opt/ros/foxy /usr/bin/cmake --build /home/utilizador/charmie_ws/build/charmie_bot -- -j8 -l8
[1.789s] Invoking command in '/home/utilizador/charmie_ws/build/charmie_bot': CMAKE_PREFIX_PATH=${CMAKE_PREFIX_PATH}:/home/utilizador/charmie_ws/install/yolopose:/home/utilizador/charmie_ws/install/yolo_obj:/home/utilizador/charmie_ws/install/charmie_speakers:/home/utilizador/charmie_ws/install/charmie_receptionist:/home/utilizador/charmie_ws/install/charmie_ps4_controller:/home/utilizador/charmie_ws/install/charmie_odometry:/home/utilizador/charmie_ws/install/charmie_obstacles:/home/utilizador/charmie_ws/install/charmie_neck_dynamixel:/home/utilizador/charmie_ws/install/charmie_navigation_sdnl:/home/utilizador/charmie_ws/install/charmie_low_level:/home/utilizador/charmie_ws/install/charmie_localisation:/home/utilizador/charmie_ws/install/charmie_lidar_hokuyo:/home/utilizador/charmie_ws/install/charmie_inspection:/home/utilizador/charmie_ws/install/charmie_debug:/home/utilizador/charmie_ws/install/charmie_audio:/home/utilizador/charmie_ws/install/charmie_face_shiningrgb:/home/utilizador/charmie_ws/install/charmie_door_start:/opt/ros/foxy /usr/bin/cmake --install /home/utilizador/charmie_ws/build/charmie_bot
[1.812s] -- Install configuration: ""
[1.813s] -- Execute custom install script
[1.815s] -- Up-to-date symlink: /home/utilizador/charmie_ws/install/charmie_bot/share/charmie_bot/config/amcl_config.yaml
[1.815s] -- Up-to-date symlink: /home/utilizador/charmie_ws/install/charmie_bot/share/charmie_bot/config/controller_config.yaml
[1.816s] -- Up-to-date symlink: /home/utilizador/charmie_ws/install/charmie_bot/share/charmie_bot/config/empty.yaml
[1.817s] -- Up-to-date symlink: /home/utilizador/charmie_ws/install/charmie_bot/share/charmie_bot/config/joystick.yaml
[1.817s] -- Up-to-date symlink: /home/utilizador/charmie_ws/install/charmie_bot/share/charmie_bot/config/mapper_params_online_async.yaml
[1.818s] -- Up-to-date symlink: /home/utilizador/charmie_ws/install/charmie_bot/share/charmie_bot/config/twist_mux.yaml
[1.819s] -- Up-to-date symlink: /home/utilizador/charmie_ws/install/charmie_bot/share/charmie_bot/config/view_bot.rviz
[1.820s] -- Up-to-date symlink: /home/utilizador/charmie_ws/install/charmie_bot/share/charmie_bot/description/depth_camera.xacro
[1.821s] -- Up-to-date symlink: /home/utilizador/charmie_ws/install/charmie_bot/share/charmie_bot/description/gazebo_control.xacro
[1.821s] -- Up-to-date symlink: /home/utilizador/charmie_ws/install/charmie_bot/share/charmie_bot/description/inertial_macros.xacro
[1.822s] -- Up-to-date symlink: /home/utilizador/charmie_ws/install/charmie_bot/share/charmie_bot/description/lidar.xacro
[1.822s] -- Up-to-date symlink: /home/utilizador/charmie_ws/install/charmie_bot/share/charmie_bot/description/meshes/lidar.stl
[1.823s] -- Up-to-date symlink: /home/utilizador/charmie_ws/install/charmie_bot/share/charmie_bot/description/meshes/omni_wheel.stl
[1.823s] -- Up-to-date symlink: /home/utilizador/charmie_ws/install/charmie_bot/share/charmie_bot/description/robot.urdf.xacro
[1.823s] -- Up-to-date symlink: /home/utilizador/charmie_ws/install/charmie_bot/share/charmie_bot/description/robot_core.xacro
[1.824s] -- Up-to-date symlink: /home/utilizador/charmie_ws/install/charmie_bot/share/charmie_bot/description/robot_wheels.xacro
[1.825s] -- Up-to-date symlink: /home/utilizador/charmie_ws/install/charmie_bot/share/charmie_bot/description/ros2_control.xacro
[1.826s] -- Up-to-date symlink: /home/utilizador/charmie_ws/install/charmie_bot/share/charmie_bot/launch/joystick.launch.py
[1.827s] -- Up-to-date symlink: /home/utilizador/charmie_ws/install/charmie_bot/share/charmie_bot/launch/launch_real.launch.py
[1.828s] -- Up-to-date symlink: /home/utilizador/charmie_ws/install/charmie_bot/share/charmie_bot/launch/launch_sim.launch.py
[1.828s] -- Up-to-date symlink: /home/utilizador/charmie_ws/install/charmie_bot/share/charmie_bot/launch/rsp.launch.py
[1.829s] -- Up-to-date symlink: /home/utilizador/charmie_ws/install/charmie_bot/share/charmie_bot/worlds/empty.world
[1.830s] -- Up-to-date symlink: /home/utilizador/charmie_ws/install/charmie_bot/share/charmie_bot/worlds/lar_home.world
[1.831s] -- Up-to-date symlink: /home/utilizador/charmie_ws/install/charmie_bot/share/charmie_bot/worlds/robocup_house.world
[1.832s] -- Up-to-date symlink: /home/utilizador/charmie_ws/install/charmie_bot/share/charmie_bot/worlds/robocup_objects.world
[1.833s] -- Up-to-date symlink: /home/utilizador/charmie_ws/install/charmie_bot/share/charmie_bot/worlds/world_test.world
[1.834s] -- Up-to-date symlink: /home/utilizador/charmie_ws/install/charmie_bot/share/ament_index/resource_index/package_run_dependencies/charmie_bot
[1.835s] -- Up-to-date symlink: /home/utilizador/charmie_ws/install/charmie_bot/share/ament_index/resource_index/parent_prefix_path/charmie_bot
[1.836s] -- Up-to-date symlink: /home/utilizador/charmie_ws/install/charmie_bot/share/charmie_bot/environment/ament_prefix_path.sh
[1.837s] -- Up-to-date symlink: /home/utilizador/charmie_ws/install/charmie_bot/share/charmie_bot/environment/ament_prefix_path.dsv
[1.838s] -- Up-to-date symlink: /home/utilizador/charmie_ws/install/charmie_bot/share/charmie_bot/environment/path.sh
[1.838s] -- Up-to-date symlink: /home/utilizador/charmie_ws/install/charmie_bot/share/charmie_bot/environment/path.dsv
[1.839s] -- Up-to-date symlink: /home/utilizador/charmie_ws/install/charmie_bot/share/charmie_bot/local_setup.bash
[1.840s] -- Up-to-date symlink: /home/utilizador/charmie_ws/install/charmie_bot/share/charmie_bot/local_setup.sh
[1.841s] -- Up-to-date symlink: /home/utilizador/charmie_ws/install/charmie_bot/share/charmie_bot/local_setup.zsh
[1.841s] -- Up-to-date symlink: /home/utilizador/charmie_ws/install/charmie_bot/share/charmie_bot/local_setup.dsv
[1.841s] -- Symlinking: /home/utilizador/charmie_ws/install/charmie_bot/share/charmie_bot/package.dsv
[1.858s] -- Up-to-date symlink: /home/utilizador/charmie_ws/install/charmie_bot/share/ament_index/resource_index/packages/charmie_bot
[1.858s] -- Up-to-date symlink: /home/utilizador/charmie_ws/install/charmie_bot/share/charmie_bot/cmake/charmie_botConfig.cmake
[1.859s] -- Up-to-date symlink: /home/utilizador/charmie_ws/install/charmie_bot/share/charmie_bot/cmake/charmie_botConfig-version.cmake
[1.860s] -- Up-to-date symlink: /home/utilizador/charmie_ws/install/charmie_bot/share/charmie_bot/package.xml
[1.864s] Invoked command in '/home/utilizador/charmie_ws/build/charmie_bot' returned '0': CMAKE_PREFIX_PATH=${CMAKE_PREFIX_PATH}:/home/utilizador/charmie_ws/install/yolopose:/home/utilizador/charmie_ws/install/yolo_obj:/home/utilizador/charmie_ws/install/charmie_speakers:/home/utilizador/charmie_ws/install/charmie_receptionist:/home/utilizador/charmie_ws/install/charmie_ps4_controller:/home/utilizador/charmie_ws/install/charmie_odometry:/home/utilizador/charmie_ws/install/charmie_obstacles:/home/utilizador/charmie_ws/install/charmie_neck_dynamixel:/home/utilizador/charmie_ws/install/charmie_navigation_sdnl:/home/utilizador/charmie_ws/install/charmie_low_level:/home/utilizador/charmie_ws/install/charmie_localisation:/home/utilizador/charmie_ws/install/charmie_lidar_hokuyo:/home/utilizador/charmie_ws/install/charmie_inspection:/home/utilizador/charmie_ws/install/charmie_debug:/home/utilizador/charmie_ws/install/charmie_audio:/home/utilizador/charmie_ws/install/charmie_face_shiningrgb:/home/utilizador/charmie_ws/install/charmie_door_start:/opt/ros/foxy /usr/bin/cmake --install /home/utilizador/charmie_ws/build/charmie_bot
