[9.462s] Invoking command in '/home/utilizador/charmie_ws/build/charmie_restaurant': AMENT_PREFIX_PATH=/home/utilizador/charmie_ws/install/charmie_interfaces:${AMENT_PREFIX_PATH} CMAKE_PREFIX_PATH=/home/utilizador/charmie_ws/install/charmie_interfaces LD_LIBRARY_PATH=/home/utilizador/charmie_ws/install/charmie_interfaces/lib:${LD_LIBRARY_PATH} PYTHONPATH=/home/utilizador/charmie_ws/build/charmie_restaurant/prefix_override:/home/utilizador/charmie_ws/install/charmie_restaurant/lib/python3.8/site-packages:/home/utilizador/charmie_ws/install/charmie_interfaces/lib/python3.8/site-packages:${PYTHONPATH} /usr/bin/python3 setup.py develop --editable --build-directory /home/utilizador/charmie_ws/build/charmie_restaurant/build --no-deps install_data
[11.456s] running develop
[12.388s] running egg_info
[12.389s] creating charmie_restaurant.egg-info
[12.390s] writing charmie_restaurant.egg-info/PKG-INFO
[12.391s] writing dependency_links to charmie_restaurant.egg-info/dependency_links.txt
[12.392s] writing entry points to charmie_restaurant.egg-info/entry_points.txt
[12.393s] writing requirements to charmie_restaurant.egg-info/requires.txt
[12.400s] writing top-level names to charmie_restaurant.egg-info/top_level.txt
[12.400s] writing manifest file 'charmie_restaurant.egg-info/SOURCES.txt'
[12.401s] reading manifest file 'charmie_restaurant.egg-info/SOURCES.txt'
[12.401s] writing manifest file 'charmie_restaurant.egg-info/SOURCES.txt'
[12.583s] running build_ext
[12.583s] Creating /home/utilizador/charmie_ws/install/charmie_restaurant/lib/python3.8/site-packages/charmie-restaurant.egg-link (link to .)
[12.584s] Installing restaurant script to /home/utilizador/charmie_ws/install/charmie_restaurant/lib/charmie_restaurant
[12.584s] 
[12.584s] Installed /home/utilizador/charmie_ws/build/charmie_restaurant
[12.585s] running install_data
[12.585s] creating /home/utilizador/charmie_ws/install/charmie_restaurant/share/ament_index
[12.585s] creating /home/utilizador/charmie_ws/install/charmie_restaurant/share/ament_index/resource_index
[12.585s] creating /home/utilizador/charmie_ws/install/charmie_restaurant/share/ament_index/resource_index/packages
[12.585s] copying resource/charmie_restaurant -> /home/utilizador/charmie_ws/install/charmie_restaurant/share/ament_index/resource_index/packages
[12.585s] copying package.xml -> /home/utilizador/charmie_ws/install/charmie_restaurant/share/charmie_restaurant
[13.305s] Invoked command in '/home/utilizador/charmie_ws/build/charmie_restaurant' returned '0': AMENT_PREFIX_PATH=/home/utilizador/charmie_ws/install/charmie_interfaces:${AMENT_PREFIX_PATH} CMAKE_PREFIX_PATH=/home/utilizador/charmie_ws/install/charmie_interfaces LD_LIBRARY_PATH=/home/utilizador/charmie_ws/install/charmie_interfaces/lib:${LD_LIBRARY_PATH} PYTHONPATH=/home/utilizador/charmie_ws/build/charmie_restaurant/prefix_override:/home/utilizador/charmie_ws/install/charmie_restaurant/lib/python3.8/site-packages:/home/utilizador/charmie_ws/install/charmie_interfaces/lib/python3.8/site-packages:${PYTHONPATH} /usr/bin/python3 setup.py develop --editable --build-directory /home/utilizador/charmie_ws/build/charmie_restaurant/build --no-deps install_data
