running develop
running egg_info
creating charmie_inspection.egg-info
writing charmie_inspection.egg-info/PKG-INFO
writing dependency_links to charmie_inspection.egg-info/dependency_links.txt
writing entry points to charmie_inspection.egg-info/entry_points.txt
writing requirements to charmie_inspection.egg-info/requires.txt
writing top-level names to charmie_inspection.egg-info/top_level.txt
writing manifest file 'charmie_inspection.egg-info/SOURCES.txt'
reading manifest file 'charmie_inspection.egg-info/SOURCES.txt'
writing manifest file 'charmie_inspection.egg-info/SOURCES.txt'
running build_ext
Creating /home/utilizador/charmie_ws/install/charmie_inspection/lib/python3.8/site-packages/site.py
Creating /home/utilizador/charmie_ws/install/charmie_inspection/lib/python3.8/site-packages/charmie-inspection.egg-link (link to .)
Installing inspection script to /home/utilizador/charmie_ws/install/charmie_inspection/lib/charmie_inspection

Installed /home/utilizador/charmie_ws/build/charmie_inspection
running install_data
creating /home/utilizador/charmie_ws/install/charmie_inspection/share/ament_index
creating /home/utilizador/charmie_ws/install/charmie_inspection/share/ament_index/resource_index
creating /home/utilizador/charmie_ws/install/charmie_inspection/share/ament_index/resource_index/packages
copying resource/charmie_inspection -> /home/utilizador/charmie_ws/install/charmie_inspection/share/ament_index/resource_index/packages
copying package.xml -> /home/utilizador/charmie_ws/install/charmie_inspection/share/charmie_inspection
creating /home/utilizador/charmie_ws/install/charmie_inspection/share/charmie_inspection/launch
copying launch/inspection_launch.launch.py -> /home/utilizador/charmie_ws/install/charmie_inspection/share/charmie_inspection/launch
