[1.847s] Invoking command in '/home/utilizador/charmie_ws/src/charmie_lidar_hokuyo': PYTHONPATH=/home/utilizador/charmie_ws/build/charmie_lidar_hokuyo/prefix_override:/home/utilizador/charmie_ws/install/charmie_lidar_hokuyo/lib/python3.8/site-packages:${PYTHONPATH} /usr/bin/python3 setup.py egg_info --egg-base ../../build/charmie_lidar_hokuyo build --build-base /home/utilizador/charmie_ws/build/charmie_lidar_hokuyo/build install --record /home/utilizador/charmie_ws/build/charmie_lidar_hokuyo/install.log --install-scripts $base/lib/charmie_lidar_hokuyo --single-version-externally-managed
[2.227s] running egg_info
[2.228s] creating ../../build/charmie_lidar_hokuyo/charmie_lidar_hokuyo.egg-info
[2.228s] writing ../../build/charmie_lidar_hokuyo/charmie_lidar_hokuyo.egg-info/PKG-INFO
[2.229s] writing dependency_links to ../../build/charmie_lidar_hokuyo/charmie_lidar_hokuyo.egg-info/dependency_links.txt
[2.229s] writing entry points to ../../build/charmie_lidar_hokuyo/charmie_lidar_hokuyo.egg-info/entry_points.txt
[2.229s] writing requirements to ../../build/charmie_lidar_hokuyo/charmie_lidar_hokuyo.egg-info/requires.txt
[2.229s] writing top-level names to ../../build/charmie_lidar_hokuyo/charmie_lidar_hokuyo.egg-info/top_level.txt
[2.231s] writing manifest file '../../build/charmie_lidar_hokuyo/charmie_lidar_hokuyo.egg-info/SOURCES.txt'
[2.267s] reading manifest file '../../build/charmie_lidar_hokuyo/charmie_lidar_hokuyo.egg-info/SOURCES.txt'
[2.268s] writing manifest file '../../build/charmie_lidar_hokuyo/charmie_lidar_hokuyo.egg-info/SOURCES.txt'
[2.268s] running build
[2.268s] running build_py
[2.268s] creating /home/utilizador/charmie_ws/build/charmie_lidar_hokuyo/build
[2.269s] creating /home/utilizador/charmie_ws/build/charmie_lidar_hokuyo/build/lib
[2.269s] creating /home/utilizador/charmie_ws/build/charmie_lidar_hokuyo/build/lib/charmie_lidar_hokuyo
[2.269s] copying charmie_lidar_hokuyo/lidar_hokuyo.py -> /home/utilizador/charmie_ws/build/charmie_lidar_hokuyo/build/lib/charmie_lidar_hokuyo
[2.269s] copying charmie_lidar_hokuyo/__init__.py -> /home/utilizador/charmie_ws/build/charmie_lidar_hokuyo/build/lib/charmie_lidar_hokuyo
[2.269s] running install
[2.270s] running install_lib
[2.271s] creating /home/utilizador/charmie_ws/install/charmie_lidar_hokuyo/lib/python3.8/site-packages/charmie_lidar_hokuyo
[2.271s] copying /home/utilizador/charmie_ws/build/charmie_lidar_hokuyo/build/lib/charmie_lidar_hokuyo/lidar_hokuyo.py -> /home/utilizador/charmie_ws/install/charmie_lidar_hokuyo/lib/python3.8/site-packages/charmie_lidar_hokuyo
[2.271s] copying /home/utilizador/charmie_ws/build/charmie_lidar_hokuyo/build/lib/charmie_lidar_hokuyo/__init__.py -> /home/utilizador/charmie_ws/install/charmie_lidar_hokuyo/lib/python3.8/site-packages/charmie_lidar_hokuyo
[2.272s] byte-compiling /home/utilizador/charmie_ws/install/charmie_lidar_hokuyo/lib/python3.8/site-packages/charmie_lidar_hokuyo/lidar_hokuyo.py to lidar_hokuyo.cpython-38.pyc
[2.276s] byte-compiling /home/utilizador/charmie_ws/install/charmie_lidar_hokuyo/lib/python3.8/site-packages/charmie_lidar_hokuyo/__init__.py to __init__.cpython-38.pyc
[2.276s] running install_data
[2.277s] creating /home/utilizador/charmie_ws/install/charmie_lidar_hokuyo/share/ament_index
[2.277s] creating /home/utilizador/charmie_ws/install/charmie_lidar_hokuyo/share/ament_index/resource_index
[2.277s] creating /home/utilizador/charmie_ws/install/charmie_lidar_hokuyo/share/ament_index/resource_index/packages
[2.277s] copying resource/charmie_lidar_hokuyo -> /home/utilizador/charmie_ws/install/charmie_lidar_hokuyo/share/ament_index/resource_index/packages
[2.277s] copying package.xml -> /home/utilizador/charmie_ws/install/charmie_lidar_hokuyo/share/charmie_lidar_hokuyo
[2.277s] running install_egg_info
[2.278s] Copying ../../build/charmie_lidar_hokuyo/charmie_lidar_hokuyo.egg-info to /home/utilizador/charmie_ws/install/charmie_lidar_hokuyo/lib/python3.8/site-packages/charmie_lidar_hokuyo-0.0.0-py3.8.egg-info
[2.279s] running install_scripts
[2.299s] Installing lidar_hokuyo script to /home/utilizador/charmie_ws/install/charmie_lidar_hokuyo/lib/charmie_lidar_hokuyo
[2.299s] writing list of installed files to '/home/utilizador/charmie_ws/build/charmie_lidar_hokuyo/install.log'
[2.330s] Invoked command in '/home/utilizador/charmie_ws/src/charmie_lidar_hokuyo' returned '0': PYTHONPATH=/home/utilizador/charmie_ws/build/charmie_lidar_hokuyo/prefix_override:/home/utilizador/charmie_ws/install/charmie_lidar_hokuyo/lib/python3.8/site-packages:${PYTHONPATH} /usr/bin/python3 setup.py egg_info --egg-base ../../build/charmie_lidar_hokuyo build --build-base /home/utilizador/charmie_ws/build/charmie_lidar_hokuyo/build install --record /home/utilizador/charmie_ws/build/charmie_lidar_hokuyo/install.log --install-scripts $base/lib/charmie_lidar_hokuyo --single-version-externally-managed
