-- Found ament_cmake: 0.9.11 (/opt/ros/foxy/share/ament_cmake/cmake)
-- Found PythonInterp: /usr/bin/python3 (found suitable version "3.8.10", minimum required is "3") 
-- Using PYTHON_EXECUTABLE: /usr/bin/python3
-- Override CMake install command with custom implementation using symlinks instead of copying resources
-- Found rosidl_default_generators: 1.0.1 (/opt/ros/foxy/share/rosidl_default_generators/cmake)
-- Using all available rosidl_typesupport_c: rosidl_typesupport_fastrtps_c;rosidl_typesupport_introspection_c
-- Found rosidl_adapter: 1.3.0 (/opt/ros/foxy/share/rosidl_adapter/cmake)
-- Using all available rosidl_typesupport_cpp: rosidl_typesupport_fastrtps_cpp;rosidl_typesupport_introspection_cpp
-- Found geometry_msgs: 2.0.5 (/opt/ros/foxy/share/geometry_msgs/cmake)
-- Found PythonInterp: /usr/bin/python3 (found version "3.8.10") 
-- Found ament_cmake_ros: 0.9.2 (/opt/ros/foxy/share/ament_cmake_ros/cmake)
-- Using all available rosidl_typesupport_c: rosidl_typesupport_fastrtps_c;rosidl_typesupport_introspection_c
-- Using all available rosidl_typesupport_cpp: rosidl_typesupport_fastrtps_cpp;rosidl_typesupport_introspection_cpp
-- Found PythonInterp: /usr/bin/python3 (found suitable version "3.8.10", minimum required is "3.5") 
-- Found python_cmake_module: 0.8.1 (/opt/ros/foxy/share/python_cmake_module/cmake)
-- Using PYTHON_EXECUTABLE: /usr/bin/python3
-- Using PYTHON_INCLUDE_DIRS: /usr/include/python3.8
-- Using PYTHON_LIBRARIES: /usr/lib/x86_64-linux-gnu/libpython3.8.so
-- Configuring done
-- Generating done
-- Build files have been written to: /home/utilizador/charmie_ws/build/charmie_interfaces
[  1%] [34m[1mGenerating C code for ROS interfaces[0m
[  1%] [34m[1mGenerating C++ code for ROS interfaces[0m
[  1%] Built target charmie_interfaces__cpp
[  2%] [34m[1mGenerating C++ introspection for ROS interfaces[0m
[  2%] [34m[1mGenerating C++ type support for eProsima Fast-RTPS[0m
[  3%] [34m[1mGenerating C++ type support dispatch for ROS interfaces[0m
[35m[1mScanning dependencies of target charmie_interfaces__rosidl_generator_c[0m
[  4%] [32mBuilding C object CMakeFiles/charmie_interfaces__rosidl_generator_c.dir/rosidl_generator_c/charmie_interfaces/msg/detail/example_tr__functions.c.o[0m
[  6%] [32mBuilding C object CMakeFiles/charmie_interfaces__rosidl_generator_c.dir/rosidl_generator_c/charmie_interfaces/msg/detail/multi_objects__functions.c.o[0m
[  6%] [32mBuilding C object CMakeFiles/charmie_interfaces__rosidl_generator_c.dir/rosidl_generator_c/charmie_interfaces/msg/detail/encoders__functions.c.o[0m
[  7%] [32mBuilding C object CMakeFiles/charmie_interfaces__rosidl_generator_c.dir/rosidl_generator_c/charmie_interfaces/msg/detail/obstacle_info__functions.c.o[0m
[  7%] [32mBuilding C object CMakeFiles/charmie_interfaces__rosidl_generator_c.dir/rosidl_generator_c/charmie_interfaces/msg/detail/keypoints__functions.c.o[0m
[ 11%] [32mBuilding C object CMakeFiles/charmie_interfaces__rosidl_generator_c.dir/rosidl_generator_c/charmie_interfaces/msg/detail/obstacles__functions.c.o[0m
[ 11%] [32mBuilding C object CMakeFiles/charmie_interfaces__rosidl_generator_c.dir/rosidl_generator_c/charmie_interfaces/msg/detail/robot_speech__functions.c.o[0m
[ 11%] [32mBuilding C object CMakeFiles/charmie_interfaces__rosidl_generator_c.dir/rosidl_generator_c/charmie_interfaces/msg/detail/tar_nav_sdnl__functions.c.o[0m
[ 11%] [32mBuilding C object CMakeFiles/charmie_interfaces__rosidl_generator_c.dir/rosidl_generator_c/charmie_interfaces/msg/detail/speech_type__functions.c.o[0m
[ 11%] [32mBuilding C object CMakeFiles/charmie_interfaces__rosidl_generator_c.dir/rosidl_generator_c/charmie_interfaces/msg/detail/ps4_controller__functions.c.o[0m
[ 12%] [32mBuilding C object CMakeFiles/charmie_interfaces__rosidl_generator_c.dir/rosidl_generator_c/charmie_interfaces/msg/detail/yolov8_pose_array__functions.c.o[0m
[ 13%] [32mBuilding C object CMakeFiles/charmie_interfaces__rosidl_generator_c.dir/rosidl_generator_c/charmie_interfaces/msg/detail/yolov8_pose__functions.c.o[0m
[ 14%] [32m[1mLinking C shared library libcharmie_interfaces__rosidl_generator_c.so[0m
[ 14%] Built target charmie_interfaces__rosidl_generator_c
[ 15%] [34m[1mGenerating C introspection for ROS interfaces[0m
[ 16%] [34m[1mGenerating C type support dispatch for ROS interfaces[0m
[35m[1mScanning dependencies of target charmie_interfaces__rosidl_typesupport_cpp[0m
[ 19%] [32mBuilding CXX object CMakeFiles/charmie_interfaces__rosidl_typesupport_cpp.dir/rosidl_typesupport_cpp/charmie_interfaces/msg/keypoints__type_support.cpp.o[0m
[ 19%] [32mBuilding CXX object CMakeFiles/charmie_interfaces__rosidl_typesupport_cpp.dir/rosidl_typesupport_cpp/charmie_interfaces/msg/example_tr__type_support.cpp.o[0m
[ 19%] [32mBuilding CXX object CMakeFiles/charmie_interfaces__rosidl_typesupport_cpp.dir/rosidl_typesupport_cpp/charmie_interfaces/msg/encoders__type_support.cpp.o[0m
[ 20%] [32mBuilding CXX object CMakeFiles/charmie_interfaces__rosidl_typesupport_cpp.dir/rosidl_typesupport_cpp/charmie_interfaces/msg/multi_objects__type_support.cpp.o[0m
[35m[1mScanning dependencies of target charmie_interfaces__rosidl_typesupport_introspection_cpp[0m
[ 20%] [32mBuilding CXX object CMakeFiles/charmie_interfaces__rosidl_typesupport_introspection_cpp.dir/rosidl_typesupport_introspection_cpp/charmie_interfaces/msg/detail/encoders__type_support.cpp.o[0m
[ 20%] [32mBuilding CXX object CMakeFiles/charmie_interfaces__rosidl_typesupport_cpp.dir/rosidl_typesupport_cpp/charmie_interfaces/msg/obstacle_info__type_support.cpp.o[0m
[ 21%] [32mBuilding CXX object CMakeFiles/charmie_interfaces__rosidl_typesupport_introspection_cpp.dir/rosidl_typesupport_introspection_cpp/charmie_interfaces/msg/detail/example_tr__type_support.cpp.o[0m
[ 22%] [32mBuilding CXX object CMakeFiles/charmie_interfaces__rosidl_typesupport_cpp.dir/rosidl_typesupport_cpp/charmie_interfaces/msg/obstacles__type_support.cpp.o[0m
[ 23%] [32mBuilding CXX object CMakeFiles/charmie_interfaces__rosidl_typesupport_introspection_cpp.dir/rosidl_typesupport_introspection_cpp/charmie_interfaces/msg/detail/keypoints__type_support.cpp.o[0m
[35m[1mScanning dependencies of target charmie_interfaces__rosidl_typesupport_fastrtps_cpp[0m
[ 24%] [32mBuilding CXX object CMakeFiles/charmie_interfaces__rosidl_typesupport_fastrtps_cpp.dir/rosidl_typesupport_fastrtps_cpp/charmie_interfaces/msg/detail/dds_fastrtps/encoders__type_support.cpp.o[0m
[35m[1mScanning dependencies of target charmie_interfaces__rosidl_typesupport_c[0m
[ 25%] [32mBuilding CXX object CMakeFiles/charmie_interfaces__rosidl_typesupport_c.dir/rosidl_typesupport_c/charmie_interfaces/msg/encoders__type_support.cpp.o[0m
[ 25%] [32mBuilding CXX object CMakeFiles/charmie_interfaces__rosidl_typesupport_c.dir/rosidl_typesupport_c/charmie_interfaces/msg/example_tr__type_support.cpp.o[0m
[ 26%] [32mBuilding CXX object CMakeFiles/charmie_interfaces__rosidl_typesupport_c.dir/rosidl_typesupport_c/charmie_interfaces/msg/keypoints__type_support.cpp.o[0m
[ 27%] [32mBuilding CXX object CMakeFiles/charmie_interfaces__rosidl_typesupport_introspection_cpp.dir/rosidl_typesupport_introspection_cpp/charmie_interfaces/msg/detail/multi_objects__type_support.cpp.o[0m
[ 28%] [32mBuilding CXX object CMakeFiles/charmie_interfaces__rosidl_typesupport_cpp.dir/rosidl_typesupport_cpp/charmie_interfaces/msg/ps4_controller__type_support.cpp.o[0m
[ 29%] [32mBuilding CXX object CMakeFiles/charmie_interfaces__rosidl_typesupport_c.dir/rosidl_typesupport_c/charmie_interfaces/msg/multi_objects__type_support.cpp.o[0m
[ 30%] [32mBuilding CXX object CMakeFiles/charmie_interfaces__rosidl_typesupport_cpp.dir/rosidl_typesupport_cpp/charmie_interfaces/msg/robot_speech__type_support.cpp.o[0m
[ 31%] [32mBuilding CXX object CMakeFiles/charmie_interfaces__rosidl_typesupport_introspection_cpp.dir/rosidl_typesupport_introspection_cpp/charmie_interfaces/msg/detail/obstacle_info__type_support.cpp.o[0m
[ 32%] [32mBuilding CXX object CMakeFiles/charmie_interfaces__rosidl_typesupport_introspection_cpp.dir/rosidl_typesupport_introspection_cpp/charmie_interfaces/msg/detail/obstacles__type_support.cpp.o[0m
[ 33%] [32mBuilding CXX object CMakeFiles/charmie_interfaces__rosidl_typesupport_c.dir/rosidl_typesupport_c/charmie_interfaces/msg/obstacle_info__type_support.cpp.o[0m
[ 34%] [32mBuilding CXX object CMakeFiles/charmie_interfaces__rosidl_typesupport_c.dir/rosidl_typesupport_c/charmie_interfaces/msg/obstacles__type_support.cpp.o[0m
[35m[1mScanning dependencies of target charmie_interfaces__rosidl_typesupport_introspection_c[0m
[ 35%] [32mBuilding CXX object CMakeFiles/charmie_interfaces__rosidl_typesupport_c.dir/rosidl_typesupport_c/charmie_interfaces/msg/ps4_controller__type_support.cpp.o[0m
[ 36%] [32mBuilding C object CMakeFiles/charmie_interfaces__rosidl_typesupport_introspection_c.dir/rosidl_typesupport_introspection_c/charmie_interfaces/msg/detail/encoders__type_support.c.o[0m
[ 36%] [32mBuilding CXX object CMakeFiles/charmie_interfaces__rosidl_typesupport_c.dir/rosidl_typesupport_c/charmie_interfaces/msg/robot_speech__type_support.cpp.o[0m
[ 37%] [32mBuilding C object CMakeFiles/charmie_interfaces__rosidl_typesupport_introspection_c.dir/rosidl_typesupport_introspection_c/charmie_interfaces/msg/detail/example_tr__type_support.c.o[0m
[ 38%] [32mBuilding CXX object CMakeFiles/charmie_interfaces__rosidl_typesupport_c.dir/rosidl_typesupport_c/charmie_interfaces/msg/speech_type__type_support.cpp.o[0m
[ 39%] [32mBuilding C object CMakeFiles/charmie_interfaces__rosidl_typesupport_introspection_c.dir/rosidl_typesupport_introspection_c/charmie_interfaces/msg/detail/keypoints__type_support.c.o[0m
[ 40%] [32mBuilding CXX object CMakeFiles/charmie_interfaces__rosidl_typesupport_c.dir/rosidl_typesupport_c/charmie_interfaces/msg/tar_nav_sdnl__type_support.cpp.o[0m
[ 40%] [32mBuilding C object CMakeFiles/charmie_interfaces__rosidl_typesupport_introspection_c.dir/rosidl_typesupport_introspection_c/charmie_interfaces/msg/detail/multi_objects__type_support.c.o[0m
[ 42%] [32mBuilding CXX object CMakeFiles/charmie_interfaces__rosidl_typesupport_c.dir/rosidl_typesupport_c/charmie_interfaces/msg/yolov8_pose__type_support.cpp.o[0m
[ 42%] [32mBuilding CXX object CMakeFiles/charmie_interfaces__rosidl_typesupport_fastrtps_cpp.dir/rosidl_typesupport_fastrtps_cpp/charmie_interfaces/msg/detail/dds_fastrtps/example_tr__type_support.cpp.o[0m
[ 43%] [32mBuilding C object CMakeFiles/charmie_interfaces__rosidl_typesupport_introspection_c.dir/rosidl_typesupport_introspection_c/charmie_interfaces/msg/detail/obstacle_info__type_support.c.o[0m
[ 44%] [32mBuilding CXX object CMakeFiles/charmie_interfaces__rosidl_typesupport_c.dir/rosidl_typesupport_c/charmie_interfaces/msg/yolov8_pose_array__type_support.cpp.o[0m
[ 45%] [32mBuilding C object CMakeFiles/charmie_interfaces__rosidl_typesupport_introspection_c.dir/rosidl_typesupport_introspection_c/charmie_interfaces/msg/detail/obstacles__type_support.c.o[0m
[ 46%] [32m[1mLinking CXX shared library libcharmie_interfaces__rosidl_typesupport_c.so[0m
[ 47%] [32mBuilding C object CMakeFiles/charmie_interfaces__rosidl_typesupport_introspection_c.dir/rosidl_typesupport_introspection_c/charmie_interfaces/msg/detail/ps4_controller__type_support.c.o[0m
[ 48%] [32mBuilding CXX object CMakeFiles/charmie_interfaces__rosidl_typesupport_cpp.dir/rosidl_typesupport_cpp/charmie_interfaces/msg/speech_type__type_support.cpp.o[0m
[ 48%] Built target charmie_interfaces__rosidl_typesupport_c
[ 49%] [32mBuilding CXX object CMakeFiles/charmie_interfaces__rosidl_typesupport_cpp.dir/rosidl_typesupport_cpp/charmie_interfaces/msg/yolov8_pose__type_support.cpp.o[0m
[ 49%] [32mBuilding CXX object CMakeFiles/charmie_interfaces__rosidl_typesupport_cpp.dir/rosidl_typesupport_cpp/charmie_interfaces/msg/tar_nav_sdnl__type_support.cpp.o[0m
[ 49%] [32mBuilding CXX object CMakeFiles/charmie_interfaces__rosidl_typesupport_introspection_cpp.dir/rosidl_typesupport_introspection_cpp/charmie_interfaces/msg/detail/ps4_controller__type_support.cpp.o[0m
[ 50%] [32mBuilding C object CMakeFiles/charmie_interfaces__rosidl_typesupport_introspection_c.dir/rosidl_typesupport_introspection_c/charmie_interfaces/msg/detail/robot_speech__type_support.c.o[0m
[ 51%] [32mBuilding C object CMakeFiles/charmie_interfaces__rosidl_typesupport_introspection_c.dir/rosidl_typesupport_introspection_c/charmie_interfaces/msg/detail/speech_type__type_support.c.o[0m
[ 52%] [32mBuilding C object CMakeFiles/charmie_interfaces__rosidl_typesupport_introspection_c.dir/rosidl_typesupport_introspection_c/charmie_interfaces/msg/detail/tar_nav_sdnl__type_support.c.o[0m
[ 52%] [32mBuilding C object CMakeFiles/charmie_interfaces__rosidl_typesupport_introspection_c.dir/rosidl_typesupport_introspection_c/charmie_interfaces/msg/detail/yolov8_pose__type_support.c.o[0m
[ 53%] [32mBuilding C object CMakeFiles/charmie_interfaces__rosidl_typesupport_introspection_c.dir/rosidl_typesupport_introspection_c/charmie_interfaces/msg/detail/yolov8_pose_array__type_support.c.o[0m
[ 54%] [32mBuilding CXX object CMakeFiles/charmie_interfaces__rosidl_typesupport_introspection_cpp.dir/rosidl_typesupport_introspection_cpp/charmie_interfaces/msg/detail/robot_speech__type_support.cpp.o[0m
[ 55%] [32mBuilding CXX object CMakeFiles/charmie_interfaces__rosidl_typesupport_introspection_cpp.dir/rosidl_typesupport_introspection_cpp/charmie_interfaces/msg/detail/speech_type__type_support.cpp.o[0m
[ 56%] [32m[1mLinking C shared library libcharmie_interfaces__rosidl_typesupport_introspection_c.so[0m
[ 56%] Built target charmie_interfaces__rosidl_typesupport_introspection_c
[ 57%] [32mBuilding CXX object CMakeFiles/charmie_interfaces__rosidl_typesupport_introspection_cpp.dir/rosidl_typesupport_introspection_cpp/charmie_interfaces/msg/detail/tar_nav_sdnl__type_support.cpp.o[0m
[ 58%] [32mBuilding CXX object CMakeFiles/charmie_interfaces__rosidl_typesupport_cpp.dir/rosidl_typesupport_cpp/charmie_interfaces/msg/yolov8_pose_array__type_support.cpp.o[0m
[ 59%] [32mBuilding CXX object CMakeFiles/charmie_interfaces__rosidl_typesupport_introspection_cpp.dir/rosidl_typesupport_introspection_cpp/charmie_interfaces/msg/detail/yolov8_pose__type_support.cpp.o[0m
[ 60%] [32mBuilding CXX object CMakeFiles/charmie_interfaces__rosidl_typesupport_introspection_cpp.dir/rosidl_typesupport_introspection_cpp/charmie_interfaces/msg/detail/yolov8_pose_array__type_support.cpp.o[0m
[ 61%] [32mBuilding CXX object CMakeFiles/charmie_interfaces__rosidl_typesupport_fastrtps_cpp.dir/rosidl_typesupport_fastrtps_cpp/charmie_interfaces/msg/detail/dds_fastrtps/keypoints__type_support.cpp.o[0m
[ 62%] [32mBuilding CXX object CMakeFiles/charmie_interfaces__rosidl_typesupport_fastrtps_cpp.dir/rosidl_typesupport_fastrtps_cpp/charmie_interfaces/msg/detail/dds_fastrtps/multi_objects__type_support.cpp.o[0m
[ 63%] [32mBuilding CXX object CMakeFiles/charmie_interfaces__rosidl_typesupport_fastrtps_cpp.dir/rosidl_typesupport_fastrtps_cpp/charmie_interfaces/msg/detail/dds_fastrtps/obstacle_info__type_support.cpp.o[0m
[ 63%] [32mBuilding CXX object CMakeFiles/charmie_interfaces__rosidl_typesupport_fastrtps_cpp.dir/rosidl_typesupport_fastrtps_cpp/charmie_interfaces/msg/detail/dds_fastrtps/obstacles__type_support.cpp.o[0m
[ 64%] [32mBuilding CXX object CMakeFiles/charmie_interfaces__rosidl_typesupport_fastrtps_cpp.dir/rosidl_typesupport_fastrtps_cpp/charmie_interfaces/msg/detail/dds_fastrtps/ps4_controller__type_support.cpp.o[0m
[ 65%] [32m[1mLinking CXX shared library libcharmie_interfaces__rosidl_typesupport_cpp.so[0m
[ 65%] Built target charmie_interfaces__rosidl_typesupport_cpp
[ 66%] [32mBuilding CXX object CMakeFiles/charmie_interfaces__rosidl_typesupport_fastrtps_cpp.dir/rosidl_typesupport_fastrtps_cpp/charmie_interfaces/msg/detail/dds_fastrtps/robot_speech__type_support.cpp.o[0m
[ 67%] [32mBuilding CXX object CMakeFiles/charmie_interfaces__rosidl_typesupport_fastrtps_cpp.dir/rosidl_typesupport_fastrtps_cpp/charmie_interfaces/msg/detail/dds_fastrtps/speech_type__type_support.cpp.o[0m
[ 68%] [32m[1mLinking CXX shared library libcharmie_interfaces__rosidl_typesupport_introspection_cpp.so[0m
[ 68%] Built target charmie_interfaces__rosidl_typesupport_introspection_cpp
[ 70%] [32mBuilding CXX object CMakeFiles/charmie_interfaces__rosidl_typesupport_fastrtps_cpp.dir/rosidl_typesupport_fastrtps_cpp/charmie_interfaces/msg/detail/dds_fastrtps/yolov8_pose__type_support.cpp.o[0m
[ 70%] [32mBuilding CXX object CMakeFiles/charmie_interfaces__rosidl_typesupport_fastrtps_cpp.dir/rosidl_typesupport_fastrtps_cpp/charmie_interfaces/msg/detail/dds_fastrtps/tar_nav_sdnl__type_support.cpp.o[0m
[ 70%] [32mBuilding CXX object CMakeFiles/charmie_interfaces__rosidl_typesupport_fastrtps_cpp.dir/rosidl_typesupport_fastrtps_cpp/charmie_interfaces/msg/detail/dds_fastrtps/yolov8_pose_array__type_support.cpp.o[0m
[ 71%] [32m[1mLinking CXX shared library libcharmie_interfaces__rosidl_typesupport_fastrtps_cpp.so[0m
[ 71%] Built target charmie_interfaces__rosidl_typesupport_fastrtps_cpp
[ 72%] [34m[1mGenerating C type support for eProsima Fast-RTPS[0m
[35m[1mScanning dependencies of target charmie_interfaces__rosidl_typesupport_fastrtps_c[0m
[ 73%] [32mBuilding CXX object CMakeFiles/charmie_interfaces__rosidl_typesupport_fastrtps_c.dir/rosidl_typesupport_fastrtps_c/charmie_interfaces/msg/detail/example_tr__type_support_c.cpp.o[0m
[ 74%] [32mBuilding CXX object CMakeFiles/charmie_interfaces__rosidl_typesupport_fastrtps_c.dir/rosidl_typesupport_fastrtps_c/charmie_interfaces/msg/detail/ps4_controller__type_support_c.cpp.o[0m
[ 75%] [32mBuilding CXX object CMakeFiles/charmie_interfaces__rosidl_typesupport_fastrtps_c.dir/rosidl_typesupport_fastrtps_c/charmie_interfaces/msg/detail/obstacles__type_support_c.cpp.o[0m
[ 76%] [32mBuilding CXX object CMakeFiles/charmie_interfaces__rosidl_typesupport_fastrtps_c.dir/rosidl_typesupport_fastrtps_c/charmie_interfaces/msg/detail/robot_speech__type_support_c.cpp.o[0m
[ 73%] [32mBuilding CXX object CMakeFiles/charmie_interfaces__rosidl_typesupport_fastrtps_c.dir/rosidl_typesupport_fastrtps_c/charmie_interfaces/msg/detail/keypoints__type_support_c.cpp.o[0m
[ 77%] [32mBuilding CXX object CMakeFiles/charmie_interfaces__rosidl_typesupport_fastrtps_c.dir/rosidl_typesupport_fastrtps_c/charmie_interfaces/msg/detail/encoders__type_support_c.cpp.o[0m
[ 78%] [32mBuilding CXX object CMakeFiles/charmie_interfaces__rosidl_typesupport_fastrtps_c.dir/rosidl_typesupport_fastrtps_c/charmie_interfaces/msg/detail/obstacle_info__type_support_c.cpp.o[0m
[ 79%] [32mBuilding CXX object CMakeFiles/charmie_interfaces__rosidl_typesupport_fastrtps_c.dir/rosidl_typesupport_fastrtps_c/charmie_interfaces/msg/detail/multi_objects__type_support_c.cpp.o[0m
[ 79%] [32mBuilding CXX object CMakeFiles/charmie_interfaces__rosidl_typesupport_fastrtps_c.dir/rosidl_typesupport_fastrtps_c/charmie_interfaces/msg/detail/speech_type__type_support_c.cpp.o[0m
[ 80%] [32mBuilding CXX object CMakeFiles/charmie_interfaces__rosidl_typesupport_fastrtps_c.dir/rosidl_typesupport_fastrtps_c/charmie_interfaces/msg/detail/tar_nav_sdnl__type_support_c.cpp.o[0m
[ 81%] [32mBuilding CXX object CMakeFiles/charmie_interfaces__rosidl_typesupport_fastrtps_c.dir/rosidl_typesupport_fastrtps_c/charmie_interfaces/msg/detail/yolov8_pose_array__type_support_c.cpp.o[0m
[ 82%] [32mBuilding CXX object CMakeFiles/charmie_interfaces__rosidl_typesupport_fastrtps_c.dir/rosidl_typesupport_fastrtps_c/charmie_interfaces/msg/detail/yolov8_pose__type_support_c.cpp.o[0m
[ 83%] [32m[1mLinking CXX shared library libcharmie_interfaces__rosidl_typesupport_fastrtps_c.so[0m
[ 83%] Built target charmie_interfaces__rosidl_typesupport_fastrtps_c
[ 83%] Built target charmie_interfaces
[ 84%] [34m[1mGenerating Python code for ROS interfaces[0m
[ 84%] Built target charmie_interfaces__py
[35m[1mScanning dependencies of target charmie_interfaces__python[0m
[ 85%] [32mBuilding C object CMakeFiles/charmie_interfaces__python.dir/rosidl_generator_py/charmie_interfaces/msg/_encoders_s.c.o[0m
[ 86%] [32mBuilding C object CMakeFiles/charmie_interfaces__python.dir/rosidl_generator_py/charmie_interfaces/msg/_example_tr_s.c.o[0m
[ 87%] [32mBuilding C object CMakeFiles/charmie_interfaces__python.dir/rosidl_generator_py/charmie_interfaces/msg/_multi_objects_s.c.o[0m
[ 88%] [32mBuilding C object CMakeFiles/charmie_interfaces__python.dir/rosidl_generator_py/charmie_interfaces/msg/_keypoints_s.c.o[0m
[ 88%] [32mBuilding C object CMakeFiles/charmie_interfaces__python.dir/rosidl_generator_py/charmie_interfaces/msg/_obstacle_info_s.c.o[0m
[ 89%] [32mBuilding C object CMakeFiles/charmie_interfaces__python.dir/rosidl_generator_py/charmie_interfaces/msg/_obstacles_s.c.o[0m
[ 90%] [32mBuilding C object CMakeFiles/charmie_interfaces__python.dir/rosidl_generator_py/charmie_interfaces/msg/_ps4_controller_s.c.o[0m
[ 91%] [32mBuilding C object CMakeFiles/charmie_interfaces__python.dir/rosidl_generator_py/charmie_interfaces/msg/_robot_speech_s.c.o[0m
[ 92%] [32mBuilding C object CMakeFiles/charmie_interfaces__python.dir/rosidl_generator_py/charmie_interfaces/msg/_speech_type_s.c.o[0m
[ 93%] [32mBuilding C object CMakeFiles/charmie_interfaces__python.dir/rosidl_generator_py/charmie_interfaces/msg/_tar_nav_sdnl_s.c.o[0m
[ 93%] [32mBuilding C object CMakeFiles/charmie_interfaces__python.dir/rosidl_generator_py/charmie_interfaces/msg/_yolov8_pose_s.c.o[0m
[ 94%] [32mBuilding C object CMakeFiles/charmie_interfaces__python.dir/rosidl_generator_py/charmie_interfaces/msg/_yolov8_pose_array_s.c.o[0m
[ 95%] [32m[1mLinking C shared library rosidl_generator_py/charmie_interfaces/libcharmie_interfaces__python.so[0m
[ 95%] Built target charmie_interfaces__python
[35m[1mScanning dependencies of target charmie_interfaces__rosidl_typesupport_fastrtps_c__pyext[0m
[35m[1mScanning dependencies of target charmie_interfaces__rosidl_typesupport_c__pyext[0m
[35m[1mScanning dependencies of target charmie_interfaces__rosidl_typesupport_introspection_c__pyext[0m
[ 96%] [32mBuilding C object CMakeFiles/charmie_interfaces__rosidl_typesupport_introspection_c__pyext.dir/rosidl_generator_py/charmie_interfaces/_charmie_interfaces_s.ep.rosidl_typesupport_introspection_c.c.o[0m
[ 96%] [32mBuilding C object CMakeFiles/charmie_interfaces__rosidl_typesupport_c__pyext.dir/rosidl_generator_py/charmie_interfaces/_charmie_interfaces_s.ep.rosidl_typesupport_c.c.o[0m
[ 97%] [32mBuilding C object CMakeFiles/charmie_interfaces__rosidl_typesupport_fastrtps_c__pyext.dir/rosidl_generator_py/charmie_interfaces/_charmie_interfaces_s.ep.rosidl_typesupport_fastrtps_c.c.o[0m
[ 98%] [32m[1mLinking C shared library rosidl_generator_py/charmie_interfaces/charmie_interfaces_s__rosidl_typesupport_introspection_c.cpython-38-x86_64-linux-gnu.so[0m
[ 99%] [32m[1mLinking C shared library rosidl_generator_py/charmie_interfaces/charmie_interfaces_s__rosidl_typesupport_c.cpython-38-x86_64-linux-gnu.so[0m
[100%] [32m[1mLinking CXX shared library rosidl_generator_py/charmie_interfaces/charmie_interfaces_s__rosidl_typesupport_fastrtps_c.cpython-38-x86_64-linux-gnu.so[0m
[100%] Built target charmie_interfaces__rosidl_typesupport_c__pyext
[100%] Built target charmie_interfaces__rosidl_typesupport_introspection_c__pyext
[100%] Built target charmie_interfaces__rosidl_typesupport_fastrtps_c__pyext
-- Install configuration: ""
-- Execute custom install script
-- Up-to-date symlink: /home/utilizador/charmie_ws/install/charmie_interfaces/share/ament_index/resource_index/rosidl_interfaces/charmie_interfaces
-- Up-to-date symlink: /home/utilizador/charmie_ws/install/charmie_interfaces/include/charmie_interfaces/msg/detail/encoders__functions.h
-- Up-to-date symlink: /home/utilizador/charmie_ws/install/charmie_interfaces/include/charmie_interfaces/msg/detail/encoders__struct.h
-- Up-to-date symlink: /home/utilizador/charmie_ws/install/charmie_interfaces/include/charmie_interfaces/msg/detail/encoders__type_support.h
-- Up-to-date symlink: /home/utilizador/charmie_ws/install/charmie_interfaces/include/charmie_interfaces/msg/detail/example_tr__functions.h
-- Up-to-date symlink: /home/utilizador/charmie_ws/install/charmie_interfaces/include/charmie_interfaces/msg/detail/example_tr__struct.h
-- Up-to-date symlink: /home/utilizador/charmie_ws/install/charmie_interfaces/include/charmie_interfaces/msg/detail/example_tr__type_support.h
-- Up-to-date symlink: /home/utilizador/charmie_ws/install/charmie_interfaces/include/charmie_interfaces/msg/detail/keypoints__functions.h
-- Up-to-date symlink: /home/utilizador/charmie_ws/install/charmie_interfaces/include/charmie_interfaces/msg/detail/keypoints__struct.h
-- Up-to-date symlink: /home/utilizador/charmie_ws/install/charmie_interfaces/include/charmie_interfaces/msg/detail/keypoints__type_support.h
-- Up-to-date symlink: /home/utilizador/charmie_ws/install/charmie_interfaces/include/charmie_interfaces/msg/detail/multi_objects__functions.h
-- Up-to-date symlink: /home/utilizador/charmie_ws/install/charmie_interfaces/include/charmie_interfaces/msg/detail/multi_objects__struct.h
-- Up-to-date symlink: /home/utilizador/charmie_ws/install/charmie_interfaces/include/charmie_interfaces/msg/detail/multi_objects__type_support.h
-- Up-to-date symlink: /home/utilizador/charmie_ws/install/charmie_interfaces/include/charmie_interfaces/msg/detail/obstacle_info__functions.h
-- Up-to-date symlink: /home/utilizador/charmie_ws/install/charmie_interfaces/include/charmie_interfaces/msg/detail/obstacle_info__struct.h
-- Up-to-date symlink: /home/utilizador/charmie_ws/install/charmie_interfaces/include/charmie_interfaces/msg/detail/obstacle_info__type_support.h
-- Up-to-date symlink: /home/utilizador/charmie_ws/install/charmie_interfaces/include/charmie_interfaces/msg/detail/obstacles__functions.h
-- Up-to-date symlink: /home/utilizador/charmie_ws/install/charmie_interfaces/include/charmie_interfaces/msg/detail/obstacles__struct.h
-- Up-to-date symlink: /home/utilizador/charmie_ws/install/charmie_interfaces/include/charmie_interfaces/msg/detail/obstacles__type_support.h
-- Up-to-date symlink: /home/utilizador/charmie_ws/install/charmie_interfaces/include/charmie_interfaces/msg/detail/ps4_controller__functions.h
-- Up-to-date symlink: /home/utilizador/charmie_ws/install/charmie_interfaces/include/charmie_interfaces/msg/detail/ps4_controller__struct.h
-- Up-to-date symlink: /home/utilizador/charmie_ws/install/charmie_interfaces/include/charmie_interfaces/msg/detail/ps4_controller__type_support.h
-- Up-to-date symlink: /home/utilizador/charmie_ws/install/charmie_interfaces/include/charmie_interfaces/msg/detail/robot_speech__functions.h
-- Up-to-date symlink: /home/utilizador/charmie_ws/install/charmie_interfaces/include/charmie_interfaces/msg/detail/robot_speech__struct.h
-- Up-to-date symlink: /home/utilizador/charmie_ws/install/charmie_interfaces/include/charmie_interfaces/msg/detail/robot_speech__type_support.h
-- Up-to-date symlink: /home/utilizador/charmie_ws/install/charmie_interfaces/include/charmie_interfaces/msg/detail/speech_type__functions.h
-- Up-to-date symlink: /home/utilizador/charmie_ws/install/charmie_interfaces/include/charmie_interfaces/msg/detail/speech_type__struct.h
-- Up-to-date symlink: /home/utilizador/charmie_ws/install/charmie_interfaces/include/charmie_interfaces/msg/detail/speech_type__type_support.h
-- Up-to-date symlink: /home/utilizador/charmie_ws/install/charmie_interfaces/include/charmie_interfaces/msg/detail/tar_nav_sdnl__functions.h
-- Up-to-date symlink: /home/utilizador/charmie_ws/install/charmie_interfaces/include/charmie_interfaces/msg/detail/tar_nav_sdnl__struct.h
-- Up-to-date symlink: /home/utilizador/charmie_ws/install/charmie_interfaces/include/charmie_interfaces/msg/detail/tar_nav_sdnl__type_support.h
-- Up-to-date symlink: /home/utilizador/charmie_ws/install/charmie_interfaces/include/charmie_interfaces/msg/detail/yolov8_pose__functions.h
-- Up-to-date symlink: /home/utilizador/charmie_ws/install/charmie_interfaces/include/charmie_interfaces/msg/detail/yolov8_pose__struct.h
-- Up-to-date symlink: /home/utilizador/charmie_ws/install/charmie_interfaces/include/charmie_interfaces/msg/detail/yolov8_pose__type_support.h
-- Up-to-date symlink: /home/utilizador/charmie_ws/install/charmie_interfaces/include/charmie_interfaces/msg/detail/yolov8_pose_array__functions.h
-- Up-to-date symlink: /home/utilizador/charmie_ws/install/charmie_interfaces/include/charmie_interfaces/msg/detail/yolov8_pose_array__struct.h
-- Up-to-date symlink: /home/utilizador/charmie_ws/install/charmie_interfaces/include/charmie_interfaces/msg/detail/yolov8_pose_array__type_support.h
-- Up-to-date symlink: /home/utilizador/charmie_ws/install/charmie_interfaces/include/charmie_interfaces/msg/encoders.h
-- Up-to-date symlink: /home/utilizador/charmie_ws/install/charmie_interfaces/include/charmie_interfaces/msg/example_tr.h
-- Up-to-date symlink: /home/utilizador/charmie_ws/install/charmie_interfaces/include/charmie_interfaces/msg/keypoints.h
-- Up-to-date symlink: /home/utilizador/charmie_ws/install/charmie_interfaces/include/charmie_interfaces/msg/multi_objects.h
-- Up-to-date symlink: /home/utilizador/charmie_ws/install/charmie_interfaces/include/charmie_interfaces/msg/obstacle_info.h
-- Up-to-date symlink: /home/utilizador/charmie_ws/install/charmie_interfaces/include/charmie_interfaces/msg/obstacles.h
-- Up-to-date symlink: /home/utilizador/charmie_ws/install/charmie_interfaces/include/charmie_interfaces/msg/ps4_controller.h
-- Up-to-date symlink: /home/utilizador/charmie_ws/install/charmie_interfaces/include/charmie_interfaces/msg/robot_speech.h
-- Up-to-date symlink: /home/utilizador/charmie_ws/install/charmie_interfaces/include/charmie_interfaces/msg/rosidl_generator_c__visibility_control.h
-- Up-to-date symlink: /home/utilizador/charmie_ws/install/charmie_interfaces/include/charmie_interfaces/msg/speech_type.h
-- Up-to-date symlink: /home/utilizador/charmie_ws/install/charmie_interfaces/include/charmie_interfaces/msg/tar_nav_sdnl.h
-- Up-to-date symlink: /home/utilizador/charmie_ws/install/charmie_interfaces/include/charmie_interfaces/msg/yolov8_pose.h
-- Up-to-date symlink: /home/utilizador/charmie_ws/install/charmie_interfaces/include/charmie_interfaces/msg/yolov8_pose_array.h
-- Up-to-date symlink: /home/utilizador/charmie_ws/install/charmie_interfaces/share/charmie_interfaces/environment/library_path.sh
-- Up-to-date symlink: /home/utilizador/charmie_ws/install/charmie_interfaces/share/charmie_interfaces/environment/library_path.dsv
-- Up-to-date symlink: /home/utilizador/charmie_ws/install/charmie_interfaces/include/charmie_interfaces/msg/detail/encoders__rosidl_typesupport_fastrtps_c.h
-- Up-to-date symlink: /home/utilizador/charmie_ws/install/charmie_interfaces/include/charmie_interfaces/msg/detail/example_tr__rosidl_typesupport_fastrtps_c.h
-- Up-to-date symlink: /home/utilizador/charmie_ws/install/charmie_interfaces/include/charmie_interfaces/msg/detail/keypoints__rosidl_typesupport_fastrtps_c.h
-- Up-to-date symlink: /home/utilizador/charmie_ws/install/charmie_interfaces/include/charmie_interfaces/msg/detail/multi_objects__rosidl_typesupport_fastrtps_c.h
-- Up-to-date symlink: /home/utilizador/charmie_ws/install/charmie_interfaces/include/charmie_interfaces/msg/detail/obstacle_info__rosidl_typesupport_fastrtps_c.h
-- Up-to-date symlink: /home/utilizador/charmie_ws/install/charmie_interfaces/include/charmie_interfaces/msg/detail/obstacles__rosidl_typesupport_fastrtps_c.h
-- Up-to-date symlink: /home/utilizador/charmie_ws/install/charmie_interfaces/include/charmie_interfaces/msg/detail/ps4_controller__rosidl_typesupport_fastrtps_c.h
-- Up-to-date symlink: /home/utilizador/charmie_ws/install/charmie_interfaces/include/charmie_interfaces/msg/detail/robot_speech__rosidl_typesupport_fastrtps_c.h
-- Up-to-date symlink: /home/utilizador/charmie_ws/install/charmie_interfaces/include/charmie_interfaces/msg/detail/speech_type__rosidl_typesupport_fastrtps_c.h
-- Up-to-date symlink: /home/utilizador/charmie_ws/install/charmie_interfaces/include/charmie_interfaces/msg/detail/tar_nav_sdnl__rosidl_typesupport_fastrtps_c.h
-- Up-to-date symlink: /home/utilizador/charmie_ws/install/charmie_interfaces/include/charmie_interfaces/msg/detail/yolov8_pose__rosidl_typesupport_fastrtps_c.h
-- Up-to-date symlink: /home/utilizador/charmie_ws/install/charmie_interfaces/include/charmie_interfaces/msg/detail/yolov8_pose_array__rosidl_typesupport_fastrtps_c.h
-- Up-to-date symlink: /home/utilizador/charmie_ws/install/charmie_interfaces/include/charmie_interfaces/msg/rosidl_typesupport_fastrtps_c__visibility_control.h
-- Up-to-date symlink: /home/utilizador/charmie_ws/install/charmie_interfaces/lib/libcharmie_interfaces__rosidl_typesupport_fastrtps_c.so
-- Up-to-date symlink: /home/utilizador/charmie_ws/install/charmie_interfaces/include/charmie_interfaces/msg/detail/encoders__rosidl_typesupport_fastrtps_cpp.hpp
-- Up-to-date symlink: /home/utilizador/charmie_ws/install/charmie_interfaces/include/charmie_interfaces/msg/detail/example_tr__rosidl_typesupport_fastrtps_cpp.hpp
-- Up-to-date symlink: /home/utilizador/charmie_ws/install/charmie_interfaces/include/charmie_interfaces/msg/detail/keypoints__rosidl_typesupport_fastrtps_cpp.hpp
-- Up-to-date symlink: /home/utilizador/charmie_ws/install/charmie_interfaces/include/charmie_interfaces/msg/detail/multi_objects__rosidl_typesupport_fastrtps_cpp.hpp
-- Up-to-date symlink: /home/utilizador/charmie_ws/install/charmie_interfaces/include/charmie_interfaces/msg/detail/obstacle_info__rosidl_typesupport_fastrtps_cpp.hpp
-- Up-to-date symlink: /home/utilizador/charmie_ws/install/charmie_interfaces/include/charmie_interfaces/msg/detail/obstacles__rosidl_typesupport_fastrtps_cpp.hpp
-- Up-to-date symlink: /home/utilizador/charmie_ws/install/charmie_interfaces/include/charmie_interfaces/msg/detail/ps4_controller__rosidl_typesupport_fastrtps_cpp.hpp
-- Up-to-date symlink: /home/utilizador/charmie_ws/install/charmie_interfaces/include/charmie_interfaces/msg/detail/robot_speech__rosidl_typesupport_fastrtps_cpp.hpp
-- Up-to-date symlink: /home/utilizador/charmie_ws/install/charmie_interfaces/include/charmie_interfaces/msg/detail/speech_type__rosidl_typesupport_fastrtps_cpp.hpp
-- Up-to-date symlink: /home/utilizador/charmie_ws/install/charmie_interfaces/include/charmie_interfaces/msg/detail/tar_nav_sdnl__rosidl_typesupport_fastrtps_cpp.hpp
-- Up-to-date symlink: /home/utilizador/charmie_ws/install/charmie_interfaces/include/charmie_interfaces/msg/detail/yolov8_pose__rosidl_typesupport_fastrtps_cpp.hpp
-- Up-to-date symlink: /home/utilizador/charmie_ws/install/charmie_interfaces/include/charmie_interfaces/msg/detail/yolov8_pose_array__rosidl_typesupport_fastrtps_cpp.hpp
-- Up-to-date symlink: /home/utilizador/charmie_ws/install/charmie_interfaces/include/charmie_interfaces/msg/rosidl_typesupport_fastrtps_cpp__visibility_control.h
-- Up-to-date symlink: /home/utilizador/charmie_ws/install/charmie_interfaces/lib/libcharmie_interfaces__rosidl_typesupport_fastrtps_cpp.so
-- Up-to-date symlink: /home/utilizador/charmie_ws/install/charmie_interfaces/include/charmie_interfaces/msg/detail/encoders__rosidl_typesupport_introspection_c.h
-- Up-to-date symlink: /home/utilizador/charmie_ws/install/charmie_interfaces/include/charmie_interfaces/msg/detail/example_tr__rosidl_typesupport_introspection_c.h
-- Up-to-date symlink: /home/utilizador/charmie_ws/install/charmie_interfaces/include/charmie_interfaces/msg/detail/keypoints__rosidl_typesupport_introspection_c.h
-- Up-to-date symlink: /home/utilizador/charmie_ws/install/charmie_interfaces/include/charmie_interfaces/msg/detail/multi_objects__rosidl_typesupport_introspection_c.h
-- Up-to-date symlink: /home/utilizador/charmie_ws/install/charmie_interfaces/include/charmie_interfaces/msg/detail/obstacle_info__rosidl_typesupport_introspection_c.h
-- Up-to-date symlink: /home/utilizador/charmie_ws/install/charmie_interfaces/include/charmie_interfaces/msg/detail/obstacles__rosidl_typesupport_introspection_c.h
-- Up-to-date symlink: /home/utilizador/charmie_ws/install/charmie_interfaces/include/charmie_interfaces/msg/detail/ps4_controller__rosidl_typesupport_introspection_c.h
-- Up-to-date symlink: /home/utilizador/charmie_ws/install/charmie_interfaces/include/charmie_interfaces/msg/detail/robot_speech__rosidl_typesupport_introspection_c.h
-- Up-to-date symlink: /home/utilizador/charmie_ws/install/charmie_interfaces/include/charmie_interfaces/msg/detail/speech_type__rosidl_typesupport_introspection_c.h
-- Up-to-date symlink: /home/utilizador/charmie_ws/install/charmie_interfaces/include/charmie_interfaces/msg/detail/tar_nav_sdnl__rosidl_typesupport_introspection_c.h
-- Up-to-date symlink: /home/utilizador/charmie_ws/install/charmie_interfaces/include/charmie_interfaces/msg/detail/yolov8_pose__rosidl_typesupport_introspection_c.h
-- Up-to-date symlink: /home/utilizador/charmie_ws/install/charmie_interfaces/include/charmie_interfaces/msg/detail/yolov8_pose_array__rosidl_typesupport_introspection_c.h
-- Up-to-date symlink: /home/utilizador/charmie_ws/install/charmie_interfaces/include/charmie_interfaces/msg/rosidl_typesupport_introspection_c__visibility_control.h
-- Up-to-date symlink: /home/utilizador/charmie_ws/install/charmie_interfaces/include/charmie_interfaces/msg/detail/encoders__builder.hpp
-- Up-to-date symlink: /home/utilizador/charmie_ws/install/charmie_interfaces/include/charmie_interfaces/msg/detail/encoders__struct.hpp
-- Up-to-date symlink: /home/utilizador/charmie_ws/install/charmie_interfaces/include/charmie_interfaces/msg/detail/encoders__traits.hpp
-- Up-to-date symlink: /home/utilizador/charmie_ws/install/charmie_interfaces/include/charmie_interfaces/msg/detail/example_tr__builder.hpp
-- Up-to-date symlink: /home/utilizador/charmie_ws/install/charmie_interfaces/include/charmie_interfaces/msg/detail/example_tr__struct.hpp
-- Up-to-date symlink: /home/utilizador/charmie_ws/install/charmie_interfaces/include/charmie_interfaces/msg/detail/example_tr__traits.hpp
-- Up-to-date symlink: /home/utilizador/charmie_ws/install/charmie_interfaces/include/charmie_interfaces/msg/detail/keypoints__builder.hpp
-- Up-to-date symlink: /home/utilizador/charmie_ws/install/charmie_interfaces/include/charmie_interfaces/msg/detail/keypoints__struct.hpp
-- Up-to-date symlink: /home/utilizador/charmie_ws/install/charmie_interfaces/include/charmie_interfaces/msg/detail/keypoints__traits.hpp
-- Up-to-date symlink: /home/utilizador/charmie_ws/install/charmie_interfaces/include/charmie_interfaces/msg/detail/multi_objects__builder.hpp
-- Up-to-date symlink: /home/utilizador/charmie_ws/install/charmie_interfaces/include/charmie_interfaces/msg/detail/multi_objects__struct.hpp
-- Up-to-date symlink: /home/utilizador/charmie_ws/install/charmie_interfaces/include/charmie_interfaces/msg/detail/multi_objects__traits.hpp
-- Up-to-date symlink: /home/utilizador/charmie_ws/install/charmie_interfaces/include/charmie_interfaces/msg/detail/obstacle_info__builder.hpp
-- Up-to-date symlink: /home/utilizador/charmie_ws/install/charmie_interfaces/include/charmie_interfaces/msg/detail/obstacle_info__struct.hpp
-- Up-to-date symlink: /home/utilizador/charmie_ws/install/charmie_interfaces/include/charmie_interfaces/msg/detail/obstacle_info__traits.hpp
-- Up-to-date symlink: /home/utilizador/charmie_ws/install/charmie_interfaces/include/charmie_interfaces/msg/detail/obstacles__builder.hpp
-- Up-to-date symlink: /home/utilizador/charmie_ws/install/charmie_interfaces/include/charmie_interfaces/msg/detail/obstacles__struct.hpp
-- Up-to-date symlink: /home/utilizador/charmie_ws/install/charmie_interfaces/include/charmie_interfaces/msg/detail/obstacles__traits.hpp
-- Up-to-date symlink: /home/utilizador/charmie_ws/install/charmie_interfaces/include/charmie_interfaces/msg/detail/ps4_controller__builder.hpp
-- Up-to-date symlink: /home/utilizador/charmie_ws/install/charmie_interfaces/include/charmie_interfaces/msg/detail/ps4_controller__struct.hpp
-- Up-to-date symlink: /home/utilizador/charmie_ws/install/charmie_interfaces/include/charmie_interfaces/msg/detail/ps4_controller__traits.hpp
-- Up-to-date symlink: /home/utilizador/charmie_ws/install/charmie_interfaces/include/charmie_interfaces/msg/detail/robot_speech__builder.hpp
-- Up-to-date symlink: /home/utilizador/charmie_ws/install/charmie_interfaces/include/charmie_interfaces/msg/detail/robot_speech__struct.hpp
-- Up-to-date symlink: /home/utilizador/charmie_ws/install/charmie_interfaces/include/charmie_interfaces/msg/detail/robot_speech__traits.hpp
-- Up-to-date symlink: /home/utilizador/charmie_ws/install/charmie_interfaces/include/charmie_interfaces/msg/detail/speech_type__builder.hpp
-- Up-to-date symlink: /home/utilizador/charmie_ws/install/charmie_interfaces/include/charmie_interfaces/msg/detail/speech_type__struct.hpp
-- Up-to-date symlink: /home/utilizador/charmie_ws/install/charmie_interfaces/include/charmie_interfaces/msg/detail/speech_type__traits.hpp
-- Up-to-date symlink: /home/utilizador/charmie_ws/install/charmie_interfaces/include/charmie_interfaces/msg/detail/tar_nav_sdnl__builder.hpp
-- Up-to-date symlink: /home/utilizador/charmie_ws/install/charmie_interfaces/include/charmie_interfaces/msg/detail/tar_nav_sdnl__struct.hpp
-- Up-to-date symlink: /home/utilizador/charmie_ws/install/charmie_interfaces/include/charmie_interfaces/msg/detail/tar_nav_sdnl__traits.hpp
-- Up-to-date symlink: /home/utilizador/charmie_ws/install/charmie_interfaces/include/charmie_interfaces/msg/detail/yolov8_pose__builder.hpp
-- Up-to-date symlink: /home/utilizador/charmie_ws/install/charmie_interfaces/include/charmie_interfaces/msg/detail/yolov8_pose__struct.hpp
-- Up-to-date symlink: /home/utilizador/charmie_ws/install/charmie_interfaces/include/charmie_interfaces/msg/detail/yolov8_pose__traits.hpp
-- Up-to-date symlink: /home/utilizador/charmie_ws/install/charmie_interfaces/include/charmie_interfaces/msg/detail/yolov8_pose_array__builder.hpp
-- Up-to-date symlink: /home/utilizador/charmie_ws/install/charmie_interfaces/include/charmie_interfaces/msg/detail/yolov8_pose_array__struct.hpp
-- Up-to-date symlink: /home/utilizador/charmie_ws/install/charmie_interfaces/include/charmie_interfaces/msg/detail/yolov8_pose_array__traits.hpp
-- Up-to-date symlink: /home/utilizador/charmie_ws/install/charmie_interfaces/include/charmie_interfaces/msg/encoders.hpp
-- Up-to-date symlink: /home/utilizador/charmie_ws/install/charmie_interfaces/include/charmie_interfaces/msg/example_tr.hpp
-- Up-to-date symlink: /home/utilizador/charmie_ws/install/charmie_interfaces/include/charmie_interfaces/msg/keypoints.hpp
-- Up-to-date symlink: /home/utilizador/charmie_ws/install/charmie_interfaces/include/charmie_interfaces/msg/multi_objects.hpp
-- Up-to-date symlink: /home/utilizador/charmie_ws/install/charmie_interfaces/include/charmie_interfaces/msg/obstacle_info.hpp
-- Up-to-date symlink: /home/utilizador/charmie_ws/install/charmie_interfaces/include/charmie_interfaces/msg/obstacles.hpp
-- Up-to-date symlink: /home/utilizador/charmie_ws/install/charmie_interfaces/include/charmie_interfaces/msg/ps4_controller.hpp
-- Up-to-date symlink: /home/utilizador/charmie_ws/install/charmie_interfaces/include/charmie_interfaces/msg/robot_speech.hpp
-- Up-to-date symlink: /home/utilizador/charmie_ws/install/charmie_interfaces/include/charmie_interfaces/msg/speech_type.hpp
-- Up-to-date symlink: /home/utilizador/charmie_ws/install/charmie_interfaces/include/charmie_interfaces/msg/tar_nav_sdnl.hpp
-- Up-to-date symlink: /home/utilizador/charmie_ws/install/charmie_interfaces/include/charmie_interfaces/msg/yolov8_pose.hpp
-- Up-to-date symlink: /home/utilizador/charmie_ws/install/charmie_interfaces/include/charmie_interfaces/msg/yolov8_pose_array.hpp
-- Up-to-date symlink: /home/utilizador/charmie_ws/install/charmie_interfaces/include/charmie_interfaces/msg/detail/encoders__rosidl_typesupport_introspection_cpp.hpp
-- Up-to-date symlink: /home/utilizador/charmie_ws/install/charmie_interfaces/include/charmie_interfaces/msg/detail/example_tr__rosidl_typesupport_introspection_cpp.hpp
-- Up-to-date symlink: /home/utilizador/charmie_ws/install/charmie_interfaces/include/charmie_interfaces/msg/detail/keypoints__rosidl_typesupport_introspection_cpp.hpp
-- Up-to-date symlink: /home/utilizador/charmie_ws/install/charmie_interfaces/include/charmie_interfaces/msg/detail/multi_objects__rosidl_typesupport_introspection_cpp.hpp
-- Up-to-date symlink: /home/utilizador/charmie_ws/install/charmie_interfaces/include/charmie_interfaces/msg/detail/obstacle_info__rosidl_typesupport_introspection_cpp.hpp
-- Up-to-date symlink: /home/utilizador/charmie_ws/install/charmie_interfaces/include/charmie_interfaces/msg/detail/obstacles__rosidl_typesupport_introspection_cpp.hpp
-- Up-to-date symlink: /home/utilizador/charmie_ws/install/charmie_interfaces/include/charmie_interfaces/msg/detail/ps4_controller__rosidl_typesupport_introspection_cpp.hpp
-- Up-to-date symlink: /home/utilizador/charmie_ws/install/charmie_interfaces/include/charmie_interfaces/msg/detail/robot_speech__rosidl_typesupport_introspection_cpp.hpp
-- Up-to-date symlink: /home/utilizador/charmie_ws/install/charmie_interfaces/include/charmie_interfaces/msg/detail/speech_type__rosidl_typesupport_introspection_cpp.hpp
-- Up-to-date symlink: /home/utilizador/charmie_ws/install/charmie_interfaces/include/charmie_interfaces/msg/detail/tar_nav_sdnl__rosidl_typesupport_introspection_cpp.hpp
-- Up-to-date symlink: /home/utilizador/charmie_ws/install/charmie_interfaces/include/charmie_interfaces/msg/detail/yolov8_pose__rosidl_typesupport_introspection_cpp.hpp
-- Up-to-date symlink: /home/utilizador/charmie_ws/install/charmie_interfaces/include/charmie_interfaces/msg/detail/yolov8_pose_array__rosidl_typesupport_introspection_cpp.hpp
-- Up-to-date symlink: /home/utilizador/charmie_ws/install/charmie_interfaces/share/charmie_interfaces/environment/pythonpath.sh
-- Up-to-date symlink: /home/utilizador/charmie_ws/install/charmie_interfaces/share/charmie_interfaces/environment/pythonpath.dsv
-- Up-to-date symlink: /home/utilizador/charmie_ws/install/charmie_interfaces/lib/python3.8/site-packages/charmie_interfaces/__init__.py
-- Up-to-date symlink: /home/utilizador/charmie_ws/install/charmie_interfaces/lib/python3.8/site-packages/charmie_interfaces/msg/__init__.py
-- Up-to-date symlink: /home/utilizador/charmie_ws/install/charmie_interfaces/lib/python3.8/site-packages/charmie_interfaces/msg/_encoders.py
-- Up-to-date symlink: /home/utilizador/charmie_ws/install/charmie_interfaces/lib/python3.8/site-packages/charmie_interfaces/msg/_example_tr.py
-- Up-to-date symlink: /home/utilizador/charmie_ws/install/charmie_interfaces/lib/python3.8/site-packages/charmie_interfaces/msg/_keypoints.py
-- Up-to-date symlink: /home/utilizador/charmie_ws/install/charmie_interfaces/lib/python3.8/site-packages/charmie_interfaces/msg/_multi_objects.py
-- Up-to-date symlink: /home/utilizador/charmie_ws/install/charmie_interfaces/lib/python3.8/site-packages/charmie_interfaces/msg/_obstacle_info.py
-- Up-to-date symlink: /home/utilizador/charmie_ws/install/charmie_interfaces/lib/python3.8/site-packages/charmie_interfaces/msg/_obstacles.py
-- Up-to-date symlink: /home/utilizador/charmie_ws/install/charmie_interfaces/lib/python3.8/site-packages/charmie_interfaces/msg/_ps4_controller.py
-- Up-to-date symlink: /home/utilizador/charmie_ws/install/charmie_interfaces/lib/python3.8/site-packages/charmie_interfaces/msg/_robot_speech.py
-- Up-to-date symlink: /home/utilizador/charmie_ws/install/charmie_interfaces/lib/python3.8/site-packages/charmie_interfaces/msg/_speech_type.py
-- Up-to-date symlink: /home/utilizador/charmie_ws/install/charmie_interfaces/lib/python3.8/site-packages/charmie_interfaces/msg/_tar_nav_sdnl.py
-- Up-to-date symlink: /home/utilizador/charmie_ws/install/charmie_interfaces/lib/python3.8/site-packages/charmie_interfaces/msg/_yolov8_pose.py
-- Up-to-date symlink: /home/utilizador/charmie_ws/install/charmie_interfaces/lib/python3.8/site-packages/charmie_interfaces/msg/_yolov8_pose_array.py
-- Up-to-date symlink: /home/utilizador/charmie_ws/install/charmie_interfaces/lib/python3.8/site-packages/charmie_interfaces/charmie_interfaces_s__rosidl_typesupport_fastrtps_c.cpython-38-x86_64-linux-gnu.so
-- Up-to-date symlink: /home/utilizador/charmie_ws/install/charmie_interfaces/lib/python3.8/site-packages/charmie_interfaces/charmie_interfaces_s__rosidl_typesupport_introspection_c.cpython-38-x86_64-linux-gnu.so
-- Up-to-date symlink: /home/utilizador/charmie_ws/install/charmie_interfaces/lib/python3.8/site-packages/charmie_interfaces/charmie_interfaces_s__rosidl_typesupport_c.cpython-38-x86_64-linux-gnu.so
-- Up-to-date symlink: /home/utilizador/charmie_ws/install/charmie_interfaces/lib/libcharmie_interfaces__python.so
-- Up-to-date symlink: /home/utilizador/charmie_ws/install/charmie_interfaces/share/charmie_interfaces/msg/Encoders.idl
-- Up-to-date symlink: /home/utilizador/charmie_ws/install/charmie_interfaces/share/charmie_interfaces/msg/ExampleTR.idl
-- Up-to-date symlink: /home/utilizador/charmie_ws/install/charmie_interfaces/share/charmie_interfaces/msg/Keypoints.idl
-- Up-to-date symlink: /home/utilizador/charmie_ws/install/charmie_interfaces/share/charmie_interfaces/msg/MultiObjects.idl
-- Up-to-date symlink: /home/utilizador/charmie_ws/install/charmie_interfaces/share/charmie_interfaces/msg/ObstacleInfo.idl
-- Up-to-date symlink: /home/utilizador/charmie_ws/install/charmie_interfaces/share/charmie_interfaces/msg/Obstacles.idl
-- Up-to-date symlink: /home/utilizador/charmie_ws/install/charmie_interfaces/share/charmie_interfaces/msg/PS4Controller.idl
-- Up-to-date symlink: /home/utilizador/charmie_ws/install/charmie_interfaces/share/charmie_interfaces/msg/RobotSpeech.idl
-- Up-to-date symlink: /home/utilizador/charmie_ws/install/charmie_interfaces/share/charmie_interfaces/msg/SpeechType.idl
-- Up-to-date symlink: /home/utilizador/charmie_ws/install/charmie_interfaces/share/charmie_interfaces/msg/TarNavSDNL.idl
-- Up-to-date symlink: /home/utilizador/charmie_ws/install/charmie_interfaces/share/charmie_interfaces/msg/Yolov8Pose.idl
-- Up-to-date symlink: /home/utilizador/charmie_ws/install/charmie_interfaces/share/charmie_interfaces/msg/Yolov8PoseArray.idl
-- Up-to-date symlink: /home/utilizador/charmie_ws/install/charmie_interfaces/share/charmie_interfaces/msg/Encoders.msg
-- Up-to-date symlink: /home/utilizador/charmie_ws/install/charmie_interfaces/share/charmie_interfaces/msg/ExampleTR.msg
-- Up-to-date symlink: /home/utilizador/charmie_ws/install/charmie_interfaces/share/charmie_interfaces/msg/Keypoints.msg
-- Up-to-date symlink: /home/utilizador/charmie_ws/install/charmie_interfaces/share/charmie_interfaces/msg/MultiObjects.msg
-- Up-to-date symlink: /home/utilizador/charmie_ws/install/charmie_interfaces/share/charmie_interfaces/msg/ObstacleInfo.msg
-- Up-to-date symlink: /home/utilizador/charmie_ws/install/charmie_interfaces/share/charmie_interfaces/msg/Obstacles.msg
-- Up-to-date symlink: /home/utilizador/charmie_ws/install/charmie_interfaces/share/charmie_interfaces/msg/PS4Controller.msg
-- Up-to-date symlink: /home/utilizador/charmie_ws/install/charmie_interfaces/share/charmie_interfaces/msg/RobotSpeech.msg
-- Up-to-date symlink: /home/utilizador/charmie_ws/install/charmie_interfaces/share/charmie_interfaces/msg/SpeechType.msg
-- Up-to-date symlink: /home/utilizador/charmie_ws/install/charmie_interfaces/share/charmie_interfaces/msg/TarNavSDNL.msg
-- Up-to-date symlink: /home/utilizador/charmie_ws/install/charmie_interfaces/share/charmie_interfaces/msg/Yolov8Pose.msg
-- Up-to-date symlink: /home/utilizador/charmie_ws/install/charmie_interfaces/share/charmie_interfaces/msg/Yolov8PoseArray.msg
-- Up-to-date symlink: /home/utilizador/charmie_ws/install/charmie_interfaces/share/ament_index/resource_index/package_run_dependencies/charmie_interfaces
-- Up-to-date symlink: /home/utilizador/charmie_ws/install/charmie_interfaces/share/ament_index/resource_index/parent_prefix_path/charmie_interfaces
-- Up-to-date symlink: /home/utilizador/charmie_ws/install/charmie_interfaces/share/charmie_interfaces/environment/ament_prefix_path.sh
-- Up-to-date symlink: /home/utilizador/charmie_ws/install/charmie_interfaces/share/charmie_interfaces/environment/ament_prefix_path.dsv
-- Up-to-date symlink: /home/utilizador/charmie_ws/install/charmie_interfaces/share/charmie_interfaces/environment/path.sh
-- Up-to-date symlink: /home/utilizador/charmie_ws/install/charmie_interfaces/share/charmie_interfaces/environment/path.dsv
-- Up-to-date symlink: /home/utilizador/charmie_ws/install/charmie_interfaces/share/charmie_interfaces/local_setup.bash
-- Up-to-date symlink: /home/utilizador/charmie_ws/install/charmie_interfaces/share/charmie_interfaces/local_setup.sh
-- Up-to-date symlink: /home/utilizador/charmie_ws/install/charmie_interfaces/share/charmie_interfaces/local_setup.zsh
-- Up-to-date symlink: /home/utilizador/charmie_ws/install/charmie_interfaces/share/charmie_interfaces/local_setup.dsv
-- Symlinking: /home/utilizador/charmie_ws/install/charmie_interfaces/share/charmie_interfaces/package.dsv
-- Up-to-date symlink: /home/utilizador/charmie_ws/install/charmie_interfaces/share/ament_index/resource_index/packages/charmie_interfaces
-- Up-to-date symlink: /home/utilizador/charmie_ws/install/charmie_interfaces/share/charmie_interfaces/cmake/rosidl_cmake-extras.cmake
-- Up-to-date symlink: /home/utilizador/charmie_ws/install/charmie_interfaces/share/charmie_interfaces/cmake/ament_cmake_export_dependencies-extras.cmake
-- Up-to-date symlink: /home/utilizador/charmie_ws/install/charmie_interfaces/share/charmie_interfaces/cmake/ament_cmake_export_libraries-extras.cmake
-- Up-to-date symlink: /home/utilizador/charmie_ws/install/charmie_interfaces/share/charmie_interfaces/cmake/ament_cmake_export_targets-extras.cmake
-- Up-to-date symlink: /home/utilizador/charmie_ws/install/charmie_interfaces/share/charmie_interfaces/cmake/ament_cmake_export_include_directories-extras.cmake
-- Up-to-date symlink: /home/utilizador/charmie_ws/install/charmie_interfaces/share/charmie_interfaces/cmake/rosidl_cmake_export_typesupport_libraries-extras.cmake
-- Up-to-date symlink: /home/utilizador/charmie_ws/install/charmie_interfaces/share/charmie_interfaces/cmake/rosidl_cmake_export_typesupport_targets-extras.cmake
-- Up-to-date symlink: /home/utilizador/charmie_ws/install/charmie_interfaces/share/charmie_interfaces/cmake/charmie_interfacesConfig.cmake
-- Up-to-date symlink: /home/utilizador/charmie_ws/install/charmie_interfaces/share/charmie_interfaces/cmake/charmie_interfacesConfig-version.cmake
-- Up-to-date symlink: /home/utilizador/charmie_ws/install/charmie_interfaces/share/charmie_interfaces/package.xml
-- Installing: /home/utilizador/charmie_ws/install/charmie_interfaces/lib/libcharmie_interfaces__rosidl_generator_c.so
-- Set runtime path of "/home/utilizador/charmie_ws/install/charmie_interfaces/lib/libcharmie_interfaces__rosidl_generator_c.so" to ""
-- Installing: /home/utilizador/charmie_ws/install/charmie_interfaces/lib/libcharmie_interfaces__rosidl_typesupport_introspection_c.so
-- Set runtime path of "/home/utilizador/charmie_ws/install/charmie_interfaces/lib/libcharmie_interfaces__rosidl_typesupport_introspection_c.so" to ""
-- Installing: /home/utilizador/charmie_ws/install/charmie_interfaces/lib/libcharmie_interfaces__rosidl_typesupport_c.so
-- Set runtime path of "/home/utilizador/charmie_ws/install/charmie_interfaces/lib/libcharmie_interfaces__rosidl_typesupport_c.so" to ""
-- Installing: /home/utilizador/charmie_ws/install/charmie_interfaces/lib/libcharmie_interfaces__rosidl_typesupport_introspection_cpp.so
-- Set runtime path of "/home/utilizador/charmie_ws/install/charmie_interfaces/lib/libcharmie_interfaces__rosidl_typesupport_introspection_cpp.so" to ""
-- Installing: /home/utilizador/charmie_ws/install/charmie_interfaces/lib/libcharmie_interfaces__rosidl_typesupport_cpp.so
-- Set runtime path of "/home/utilizador/charmie_ws/install/charmie_interfaces/lib/libcharmie_interfaces__rosidl_typesupport_cpp.so" to ""
Compiling '/home/utilizador/charmie_ws/install/charmie_interfaces/lib/python3.8/site-packages/charmie_interfaces/__init__.py'...
-- Up-to-date: /home/utilizador/charmie_ws/install/charmie_interfaces/share/charmie_interfaces/cmake/charmie_interfaces__rosidl_generator_cExport.cmake
-- Installing: /home/utilizador/charmie_ws/install/charmie_interfaces/share/charmie_interfaces/cmake/charmie_interfaces__rosidl_generator_cExport-noconfig.cmake
-- Up-to-date: /home/utilizador/charmie_ws/install/charmie_interfaces/share/charmie_interfaces/cmake/charmie_interfaces__rosidl_typesupport_introspection_cExport.cmake
-- Installing: /home/utilizador/charmie_ws/install/charmie_interfaces/share/charmie_interfaces/cmake/charmie_interfaces__rosidl_typesupport_introspection_cExport-noconfig.cmake
-- Up-to-date: /home/utilizador/charmie_ws/install/charmie_interfaces/share/charmie_interfaces/cmake/charmie_interfaces__rosidl_typesupport_cExport.cmake
-- Installing: /home/utilizador/charmie_ws/install/charmie_interfaces/share/charmie_interfaces/cmake/charmie_interfaces__rosidl_typesupport_cExport-noconfig.cmake
-- Up-to-date: /home/utilizador/charmie_ws/install/charmie_interfaces/share/charmie_interfaces/cmake/charmie_interfaces__rosidl_generator_cppExport.cmake
-- Up-to-date: /home/utilizador/charmie_ws/install/charmie_interfaces/share/charmie_interfaces/cmake/charmie_interfaces__rosidl_typesupport_introspection_cppExport.cmake
-- Installing: /home/utilizador/charmie_ws/install/charmie_interfaces/share/charmie_interfaces/cmake/charmie_interfaces__rosidl_typesupport_introspection_cppExport-noconfig.cmake
-- Up-to-date: /home/utilizador/charmie_ws/install/charmie_interfaces/share/charmie_interfaces/cmake/charmie_interfaces__rosidl_typesupport_cppExport.cmake
-- Installing: /home/utilizador/charmie_ws/install/charmie_interfaces/share/charmie_interfaces/cmake/charmie_interfaces__rosidl_typesupport_cppExport-noconfig.cmake
