[2.778s] Invoking command in '/home/utilizador/charmie_ws/build/charmie_neck_dynamixel': PYTHONPATH=/home/utilizador/charmie_ws/build/charmie_neck_dynamixel/prefix_override:/home/utilizador/charmie_ws/install/charmie_neck_dynamixel/lib/python3.8/site-packages:${PYTHONPATH} /usr/bin/python3 setup.py develop --uninstall --editable --build-directory /home/utilizador/charmie_ws/build/charmie_neck_dynamixel/build
[3.209s] running develop
[3.496s] Removing /home/utilizador/charmie_ws/install/charmie_neck_dynamixel/lib/python3.8/site-packages/charmie-neck-dynamixel.egg-link (link to .)
[3.541s] Invoked command in '/home/utilizador/charmie_ws/build/charmie_neck_dynamixel' returned '0': PYTHONPATH=/home/utilizador/charmie_ws/build/charmie_neck_dynamixel/prefix_override:/home/utilizador/charmie_ws/install/charmie_neck_dynamixel/lib/python3.8/site-packages:${PYTHONPATH} /usr/bin/python3 setup.py develop --uninstall --editable --build-directory /home/utilizador/charmie_ws/build/charmie_neck_dynamixel/build
[3.543s] Invoking command in '/home/utilizador/charmie_ws/src/charmie_neck_dynamixel': PYTHONPATH=/home/utilizador/charmie_ws/build/charmie_neck_dynamixel/prefix_override:/home/utilizador/charmie_ws/install/charmie_neck_dynamixel/lib/python3.8/site-packages:${PYTHONPATH} /usr/bin/python3 setup.py egg_info --egg-base ../../build/charmie_neck_dynamixel build --build-base /home/utilizador/charmie_ws/build/charmie_neck_dynamixel/build install --record /home/utilizador/charmie_ws/build/charmie_neck_dynamixel/install.log --install-scripts $base/lib/charmie_neck_dynamixel --single-version-externally-managed
[4.019s] running egg_info
[4.020s] writing ../../build/charmie_neck_dynamixel/charmie_neck_dynamixel.egg-info/PKG-INFO
[4.021s] writing dependency_links to ../../build/charmie_neck_dynamixel/charmie_neck_dynamixel.egg-info/dependency_links.txt
[4.021s] writing entry points to ../../build/charmie_neck_dynamixel/charmie_neck_dynamixel.egg-info/entry_points.txt
[4.022s] writing requirements to ../../build/charmie_neck_dynamixel/charmie_neck_dynamixel.egg-info/requires.txt
[4.023s] writing top-level names to ../../build/charmie_neck_dynamixel/charmie_neck_dynamixel.egg-info/top_level.txt
[4.100s] reading manifest file '../../build/charmie_neck_dynamixel/charmie_neck_dynamixel.egg-info/SOURCES.txt'
[4.102s] writing manifest file '../../build/charmie_neck_dynamixel/charmie_neck_dynamixel.egg-info/SOURCES.txt'
[4.103s] running build
[4.103s] running build_py
[4.104s] running install
[4.106s] running install_lib
[4.108s] creating /home/utilizador/charmie_ws/install/charmie_neck_dynamixel/lib/python3.8/site-packages/charmie_neck_dynamixel
[4.108s] copying /home/utilizador/charmie_ws/build/charmie_neck_dynamixel/build/lib/charmie_neck_dynamixel/neck_dynamixel.py -> /home/utilizador/charmie_ws/install/charmie_neck_dynamixel/lib/python3.8/site-packages/charmie_neck_dynamixel
[4.109s] copying /home/utilizador/charmie_ws/build/charmie_neck_dynamixel/build/lib/charmie_neck_dynamixel/__init__.py -> /home/utilizador/charmie_ws/install/charmie_neck_dynamixel/lib/python3.8/site-packages/charmie_neck_dynamixel
[4.111s] byte-compiling /home/utilizador/charmie_ws/install/charmie_neck_dynamixel/lib/python3.8/site-packages/charmie_neck_dynamixel/neck_dynamixel.py to neck_dynamixel.cpython-38.pyc
[4.116s] byte-compiling /home/utilizador/charmie_ws/install/charmie_neck_dynamixel/lib/python3.8/site-packages/charmie_neck_dynamixel/__init__.py to __init__.cpython-38.pyc
[4.118s] running install_data
[4.119s] running install_egg_info
[4.122s] Copying ../../build/charmie_neck_dynamixel/charmie_neck_dynamixel.egg-info to /home/utilizador/charmie_ws/install/charmie_neck_dynamixel/lib/python3.8/site-packages/charmie_neck_dynamixel-0.0.0-py3.8.egg-info
[4.131s] running install_scripts
[4.166s] Installing neck_dynamixel script to /home/utilizador/charmie_ws/install/charmie_neck_dynamixel/lib/charmie_neck_dynamixel
[4.166s] writing list of installed files to '/home/utilizador/charmie_ws/build/charmie_neck_dynamixel/install.log'
[4.276s] Invoked command in '/home/utilizador/charmie_ws/src/charmie_neck_dynamixel' returned '0': PYTHONPATH=/home/utilizador/charmie_ws/build/charmie_neck_dynamixel/prefix_override:/home/utilizador/charmie_ws/install/charmie_neck_dynamixel/lib/python3.8/site-packages:${PYTHONPATH} /usr/bin/python3 setup.py egg_info --egg-base ../../build/charmie_neck_dynamixel build --build-base /home/utilizador/charmie_ws/build/charmie_neck_dynamixel/build install --record /home/utilizador/charmie_ws/build/charmie_neck_dynamixel/install.log --install-scripts $base/lib/charmie_neck_dynamixel --single-version-externally-managed
