[1.742s] Invoking command in '/home/utilizador/charmie_ws/src/charmie_low_level': PYTHONPATH=/home/utilizador/charmie_ws/build/charmie_low_level/prefix_override:/home/utilizador/charmie_ws/install/charmie_low_level/lib/python3.8/site-packages:/home/utilizador/charmie_ws/install/charmie_interfaces/lib/python3.8/site-packages:/home/utilizador/charmie_ws/install/test2/lib/python3.8/site-packages:/home/utilizador/charmie_ws/install/my_robot_controller/lib/python3.8/site-packages:/home/utilizador/charmie_ws/install/charmie_speakers/lib/python3.8/site-packages:/home/utilizador/charmie_ws/install/charmie_ps4_controller/lib/python3.8/site-packages:/home/utilizador/charmie_ws/install/charmie_neck_dynamixel/lib/python3.8/site-packages:/home/utilizador/charmie_ws/install/charmie_low_level/lib/python3.8/site-packages:/home/utilizador/charmie_ws/install/charmie_lidar_hokuyo/lib/python3.8/site-packages:/home/utilizador/charmie_ws/install/charmie_debug/lib/python3.8/site-packages:/home/utilizador/charmie_ws/install/charmie_camera_realsense/lib/python3.8/site-packages:/home/utilizador/charmie_ws/install/charmie_audio/lib/python3.8/site-packages:/opt/ros/foxy/lib/python3.8/site-packages /usr/bin/python3 setup.py egg_info --egg-base ../../build/charmie_low_level build --build-base /home/utilizador/charmie_ws/build/charmie_low_level/build install --record /home/utilizador/charmie_ws/build/charmie_low_level/install.log --install-scripts $base/lib/charmie_low_level --single-version-externally-managed
[1.982s] running egg_info
[1.983s] writing ../../build/charmie_low_level/charmie_low_level.egg-info/PKG-INFO
[1.983s] writing dependency_links to ../../build/charmie_low_level/charmie_low_level.egg-info/dependency_links.txt
[1.983s] writing entry points to ../../build/charmie_low_level/charmie_low_level.egg-info/entry_points.txt
[1.983s] writing requirements to ../../build/charmie_low_level/charmie_low_level.egg-info/requires.txt
[1.983s] writing top-level names to ../../build/charmie_low_level/charmie_low_level.egg-info/top_level.txt
[2.019s] reading manifest file '../../build/charmie_low_level/charmie_low_level.egg-info/SOURCES.txt'
[2.020s] writing manifest file '../../build/charmie_low_level/charmie_low_level.egg-info/SOURCES.txt'
[2.020s] running build
[2.020s] running build_py
[2.021s] running install
[2.021s] running install_lib
[2.023s] running install_data
[2.024s] running install_egg_info
[2.026s] removing '/home/utilizador/charmie_ws/install/charmie_low_level/lib/python3.8/site-packages/charmie_low_level-0.0.0-py3.8.egg-info' (and everything under it)
[2.026s] Copying ../../build/charmie_low_level/charmie_low_level.egg-info to /home/utilizador/charmie_ws/install/charmie_low_level/lib/python3.8/site-packages/charmie_low_level-0.0.0-py3.8.egg-info
[2.027s] running install_scripts
[2.047s] Installing low_level script to /home/utilizador/charmie_ws/install/charmie_low_level/lib/charmie_low_level
[2.047s] writing list of installed files to '/home/utilizador/charmie_ws/build/charmie_low_level/install.log'
[2.100s] Invoked command in '/home/utilizador/charmie_ws/src/charmie_low_level' returned '0': PYTHONPATH=/home/utilizador/charmie_ws/build/charmie_low_level/prefix_override:/home/utilizador/charmie_ws/install/charmie_low_level/lib/python3.8/site-packages:/home/utilizador/charmie_ws/install/charmie_interfaces/lib/python3.8/site-packages:/home/utilizador/charmie_ws/install/test2/lib/python3.8/site-packages:/home/utilizador/charmie_ws/install/my_robot_controller/lib/python3.8/site-packages:/home/utilizador/charmie_ws/install/charmie_speakers/lib/python3.8/site-packages:/home/utilizador/charmie_ws/install/charmie_ps4_controller/lib/python3.8/site-packages:/home/utilizador/charmie_ws/install/charmie_neck_dynamixel/lib/python3.8/site-packages:/home/utilizador/charmie_ws/install/charmie_low_level/lib/python3.8/site-packages:/home/utilizador/charmie_ws/install/charmie_lidar_hokuyo/lib/python3.8/site-packages:/home/utilizador/charmie_ws/install/charmie_debug/lib/python3.8/site-packages:/home/utilizador/charmie_ws/install/charmie_camera_realsense/lib/python3.8/site-packages:/home/utilizador/charmie_ws/install/charmie_audio/lib/python3.8/site-packages:/opt/ros/foxy/lib/python3.8/site-packages /usr/bin/python3 setup.py egg_info --egg-base ../../build/charmie_low_level build --build-base /home/utilizador/charmie_ws/build/charmie_low_level/build install --record /home/utilizador/charmie_ws/build/charmie_low_level/install.log --install-scripts $base/lib/charmie_low_level --single-version-externally-managed
