[2.569s] Invoking command in '/home/utilizador/charmie_ws/src/charmie_ps4_controller': PYTHONPATH=/home/utilizador/charmie_ws/build/charmie_ps4_controller/prefix_override:/home/utilizador/charmie_ws/install/charmie_ps4_controller/lib/python3.8/site-packages:${PYTHONPATH} /usr/bin/python3 setup.py egg_info --egg-base ../../build/charmie_ps4_controller build --build-base /home/utilizador/charmie_ws/build/charmie_ps4_controller/build install --record /home/utilizador/charmie_ws/build/charmie_ps4_controller/install.log --install-scripts $base/lib/charmie_ps4_controller --single-version-externally-managed
[2.987s] running egg_info
[2.988s] writing ../../build/charmie_ps4_controller/charmie_ps4_controller.egg-info/PKG-INFO
[2.989s] writing dependency_links to ../../build/charmie_ps4_controller/charmie_ps4_controller.egg-info/dependency_links.txt
[2.989s] writing entry points to ../../build/charmie_ps4_controller/charmie_ps4_controller.egg-info/entry_points.txt
[2.990s] writing requirements to ../../build/charmie_ps4_controller/charmie_ps4_controller.egg-info/requires.txt
[2.990s] writing top-level names to ../../build/charmie_ps4_controller/charmie_ps4_controller.egg-info/top_level.txt
[3.061s] reading manifest file '../../build/charmie_ps4_controller/charmie_ps4_controller.egg-info/SOURCES.txt'
[3.062s] writing manifest file '../../build/charmie_ps4_controller/charmie_ps4_controller.egg-info/SOURCES.txt'
[3.062s] running build
[3.062s] running build_py
[3.062s] running install
[3.063s] running install_lib
[3.065s] running install_data
[3.068s] running install_egg_info
[3.072s] removing '/home/utilizador/charmie_ws/install/charmie_ps4_controller/lib/python3.8/site-packages/charmie_ps4_controller-0.0.0-py3.8.egg-info' (and everything under it)
[3.072s] Copying ../../build/charmie_ps4_controller/charmie_ps4_controller.egg-info to /home/utilizador/charmie_ws/install/charmie_ps4_controller/lib/python3.8/site-packages/charmie_ps4_controller-0.0.0-py3.8.egg-info
[3.072s] running install_scripts
[3.107s] Installing ps4_controller script to /home/utilizador/charmie_ws/install/charmie_ps4_controller/lib/charmie_ps4_controller
[3.113s] writing list of installed files to '/home/utilizador/charmie_ws/build/charmie_ps4_controller/install.log'
[3.272s] Invoked command in '/home/utilizador/charmie_ws/src/charmie_ps4_controller' returned '0': PYTHONPATH=/home/utilizador/charmie_ws/build/charmie_ps4_controller/prefix_override:/home/utilizador/charmie_ws/install/charmie_ps4_controller/lib/python3.8/site-packages:${PYTHONPATH} /usr/bin/python3 setup.py egg_info --egg-base ../../build/charmie_ps4_controller build --build-base /home/utilizador/charmie_ws/build/charmie_ps4_controller/build install --record /home/utilizador/charmie_ws/build/charmie_ps4_controller/install.log --install-scripts $base/lib/charmie_ps4_controller --single-version-externally-managed
