[7.542s] Invoking command in '/home/utilizador/charmie_ws/build/charmie_low_level': AMENT_PREFIX_PATH=/home/utilizador/charmie_ws/install/charmie_interfaces:${AMENT_PREFIX_PATH} CMAKE_PREFIX_PATH=/home/utilizador/charmie_ws/install/charmie_interfaces LD_LIBRARY_PATH=/home/utilizador/charmie_ws/install/charmie_interfaces/lib:${LD_LIBRARY_PATH} PYTHONPATH=/home/utilizador/charmie_ws/build/charmie_low_level/prefix_override:/home/utilizador/charmie_ws/install/charmie_low_level/lib/python3.8/site-packages:/home/utilizador/charmie_ws/install/charmie_interfaces/lib/python3.8/site-packages:${PYTHONPATH} /usr/bin/python3 setup.py develop --editable --build-directory /home/utilizador/charmie_ws/build/charmie_low_level/build --no-deps install_data
[8.529s] running develop
[9.266s] running egg_info
[9.266s] creating charmie_low_level.egg-info
[9.268s] writing charmie_low_level.egg-info/PKG-INFO
[9.268s] writing dependency_links to charmie_low_level.egg-info/dependency_links.txt
[9.268s] writing entry points to charmie_low_level.egg-info/entry_points.txt
[9.268s] writing requirements to charmie_low_level.egg-info/requires.txt
[9.269s] writing top-level names to charmie_low_level.egg-info/top_level.txt
[9.270s] writing manifest file 'charmie_low_level.egg-info/SOURCES.txt'
[9.437s] reading manifest file 'charmie_low_level.egg-info/SOURCES.txt'
[9.452s] writing manifest file 'charmie_low_level.egg-info/SOURCES.txt'
[9.604s] running build_ext
[9.604s] Creating /home/utilizador/charmie_ws/install/charmie_low_level/lib/python3.8/site-packages/site.py
[9.608s] Creating /home/utilizador/charmie_ws/install/charmie_low_level/lib/python3.8/site-packages/charmie-low-level.egg-link (link to .)
[9.609s] Installing low_level script to /home/utilizador/charmie_ws/install/charmie_low_level/lib/charmie_low_level
[9.610s] 
[9.610s] Installed /home/utilizador/charmie_ws/build/charmie_low_level
[9.610s] running install_data
[9.615s] creating /home/utilizador/charmie_ws/install/charmie_low_level/share/ament_index
[9.615s] creating /home/utilizador/charmie_ws/install/charmie_low_level/share/ament_index/resource_index
[9.616s] creating /home/utilizador/charmie_ws/install/charmie_low_level/share/ament_index/resource_index/packages
[9.616s] copying resource/charmie_low_level -> /home/utilizador/charmie_ws/install/charmie_low_level/share/ament_index/resource_index/packages
[9.616s] copying package.xml -> /home/utilizador/charmie_ws/install/charmie_low_level/share/charmie_low_level
[10.464s] Invoked command in '/home/utilizador/charmie_ws/build/charmie_low_level' returned '0': AMENT_PREFIX_PATH=/home/utilizador/charmie_ws/install/charmie_interfaces:${AMENT_PREFIX_PATH} CMAKE_PREFIX_PATH=/home/utilizador/charmie_ws/install/charmie_interfaces LD_LIBRARY_PATH=/home/utilizador/charmie_ws/install/charmie_interfaces/lib:${LD_LIBRARY_PATH} PYTHONPATH=/home/utilizador/charmie_ws/build/charmie_low_level/prefix_override:/home/utilizador/charmie_ws/install/charmie_low_level/lib/python3.8/site-packages:/home/utilizador/charmie_ws/install/charmie_interfaces/lib/python3.8/site-packages:${PYTHONPATH} /usr/bin/python3 setup.py develop --editable --build-directory /home/utilizador/charmie_ws/build/charmie_low_level/build --no-deps install_data
