[0.096s] Invoking command in '/home/utilizador/charmie_ws/build/realsense2_camera_msgs': CMAKE_PREFIX_PATH=${CMAKE_PREFIX_PATH}:/home/utilizador/charmie_ws/install/yolopose:/home/utilizador/charmie_ws/install/yolo_obj:/home/utilizador/charmie_ws/install/charmie_speakers:/home/utilizador/charmie_ws/install/charmie_receptionist:/home/utilizador/charmie_ws/install/charmie_ps4_controller:/home/utilizador/charmie_ws/install/charmie_odometry:/home/utilizador/charmie_ws/install/charmie_obstacles:/home/utilizador/charmie_ws/install/charmie_neck_dynamixel:/home/utilizador/charmie_ws/install/charmie_navigation_sdnl:/home/utilizador/charmie_ws/install/charmie_low_level:/home/utilizador/charmie_ws/install/charmie_localisation:/home/utilizador/charmie_ws/install/charmie_lidar_hokuyo:/home/utilizador/charmie_ws/install/charmie_inspection:/home/utilizador/charmie_ws/install/charmie_debug:/home/utilizador/charmie_ws/install/charmie_audio:/home/utilizador/charmie_ws/install/charmie_face_shiningrgb:/home/utilizador/charmie_ws/install/charmie_door_start:/opt/ros/foxy /usr/bin/cmake --build /home/utilizador/charmie_ws/build/realsense2_camera_msgs -- -j8 -l8
[1.675s] [  1%] Built target realsense2_camera_msgs__cpp
[1.676s] [ 12%] Built target realsense2_camera_msgs__rosidl_generator_c
[1.677s] [ 23%] Built target realsense2_camera_msgs__rosidl_typesupport_cpp
[1.677s] [ 34%] Built target realsense2_camera_msgs__rosidl_typesupport_introspection_cpp
[1.679s] [ 45%] Built target realsense2_camera_msgs__rosidl_typesupport_fastrtps_cpp
[1.680s] [ 56%] Built target realsense2_camera_msgs__rosidl_typesupport_c
[1.681s] [ 67%] Built target realsense2_camera_msgs__rosidl_typesupport_introspection_c
[1.682s] [ 78%] Built target realsense2_camera_msgs__rosidl_typesupport_fastrtps_c
[1.682s] [ 78%] Built target realsense2_camera_msgs
[1.683s] [ 80%] Built target realsense2_camera_msgs__py
[1.685s] [ 89%] Built target realsense2_camera_msgs__python
[1.686s] [ 92%] Built target realsense2_camera_msgs__rosidl_typesupport_fastrtps_c__pyext
[1.688s] [ 96%] Built target realsense2_camera_msgs__rosidl_typesupport_introspection_c__pyext
[1.688s] [100%] Built target realsense2_camera_msgs__rosidl_typesupport_c__pyext
[1.691s] Invoked command in '/home/utilizador/charmie_ws/build/realsense2_camera_msgs' returned '0': CMAKE_PREFIX_PATH=${CMAKE_PREFIX_PATH}:/home/utilizador/charmie_ws/install/yolopose:/home/utilizador/charmie_ws/install/yolo_obj:/home/utilizador/charmie_ws/install/charmie_speakers:/home/utilizador/charmie_ws/install/charmie_receptionist:/home/utilizador/charmie_ws/install/charmie_ps4_controller:/home/utilizador/charmie_ws/install/charmie_odometry:/home/utilizador/charmie_ws/install/charmie_obstacles:/home/utilizador/charmie_ws/install/charmie_neck_dynamixel:/home/utilizador/charmie_ws/install/charmie_navigation_sdnl:/home/utilizador/charmie_ws/install/charmie_low_level:/home/utilizador/charmie_ws/install/charmie_localisation:/home/utilizador/charmie_ws/install/charmie_lidar_hokuyo:/home/utilizador/charmie_ws/install/charmie_inspection:/home/utilizador/charmie_ws/install/charmie_debug:/home/utilizador/charmie_ws/install/charmie_audio:/home/utilizador/charmie_ws/install/charmie_face_shiningrgb:/home/utilizador/charmie_ws/install/charmie_door_start:/opt/ros/foxy /usr/bin/cmake --build /home/utilizador/charmie_ws/build/realsense2_camera_msgs -- -j8 -l8
[1.866s] Invoking command in '/home/utilizador/charmie_ws/build/realsense2_camera_msgs': CMAKE_PREFIX_PATH=${CMAKE_PREFIX_PATH}:/home/utilizador/charmie_ws/install/yolopose:/home/utilizador/charmie_ws/install/yolo_obj:/home/utilizador/charmie_ws/install/charmie_speakers:/home/utilizador/charmie_ws/install/charmie_receptionist:/home/utilizador/charmie_ws/install/charmie_ps4_controller:/home/utilizador/charmie_ws/install/charmie_odometry:/home/utilizador/charmie_ws/install/charmie_obstacles:/home/utilizador/charmie_ws/install/charmie_neck_dynamixel:/home/utilizador/charmie_ws/install/charmie_navigation_sdnl:/home/utilizador/charmie_ws/install/charmie_low_level:/home/utilizador/charmie_ws/install/charmie_localisation:/home/utilizador/charmie_ws/install/charmie_lidar_hokuyo:/home/utilizador/charmie_ws/install/charmie_inspection:/home/utilizador/charmie_ws/install/charmie_debug:/home/utilizador/charmie_ws/install/charmie_audio:/home/utilizador/charmie_ws/install/charmie_face_shiningrgb:/home/utilizador/charmie_ws/install/charmie_door_start:/opt/ros/foxy /usr/bin/cmake --install /home/utilizador/charmie_ws/build/realsense2_camera_msgs
[1.881s] -- Install configuration: ""
[1.882s] -- Execute custom install script
[1.883s] -- Up-to-date symlink: /home/utilizador/charmie_ws/install/realsense2_camera_msgs/share/ament_index/resource_index/rosidl_interfaces/realsense2_camera_msgs
[1.884s] -- Up-to-date symlink: /home/utilizador/charmie_ws/install/realsense2_camera_msgs/include/realsense2_camera_msgs/msg/detail/extrinsics__functions.h
[1.884s] -- Up-to-date symlink: /home/utilizador/charmie_ws/install/realsense2_camera_msgs/include/realsense2_camera_msgs/msg/detail/extrinsics__struct.h
[1.885s] -- Up-to-date symlink: /home/utilizador/charmie_ws/install/realsense2_camera_msgs/include/realsense2_camera_msgs/msg/detail/extrinsics__type_support.h
[1.885s] -- Up-to-date symlink: /home/utilizador/charmie_ws/install/realsense2_camera_msgs/include/realsense2_camera_msgs/msg/detail/imu_info__functions.h
[1.886s] -- Up-to-date symlink: /home/utilizador/charmie_ws/install/realsense2_camera_msgs/include/realsense2_camera_msgs/msg/detail/imu_info__struct.h
[1.886s] -- Up-to-date symlink: /home/utilizador/charmie_ws/install/realsense2_camera_msgs/include/realsense2_camera_msgs/msg/detail/imu_info__type_support.h
[1.886s] -- Up-to-date symlink: /home/utilizador/charmie_ws/install/realsense2_camera_msgs/include/realsense2_camera_msgs/msg/detail/metadata__functions.h
[1.887s] -- Up-to-date symlink: /home/utilizador/charmie_ws/install/realsense2_camera_msgs/include/realsense2_camera_msgs/msg/detail/metadata__struct.h
[1.887s] -- Up-to-date symlink: /home/utilizador/charmie_ws/install/realsense2_camera_msgs/include/realsense2_camera_msgs/msg/detail/metadata__type_support.h
[1.887s] -- Up-to-date symlink: /home/utilizador/charmie_ws/install/realsense2_camera_msgs/include/realsense2_camera_msgs/msg/extrinsics.h
[1.888s] -- Up-to-date symlink: /home/utilizador/charmie_ws/install/realsense2_camera_msgs/include/realsense2_camera_msgs/msg/imu_info.h
[1.888s] -- Up-to-date symlink: /home/utilizador/charmie_ws/install/realsense2_camera_msgs/include/realsense2_camera_msgs/msg/metadata.h
[1.898s] -- Up-to-date symlink: /home/utilizador/charmie_ws/install/realsense2_camera_msgs/include/realsense2_camera_msgs/msg/rosidl_generator_c__visibility_control.h
[1.899s] -- Up-to-date symlink: /home/utilizador/charmie_ws/install/realsense2_camera_msgs/include/realsense2_camera_msgs/srv/detail/device_info__functions.h
[1.899s] -- Up-to-date symlink: /home/utilizador/charmie_ws/install/realsense2_camera_msgs/include/realsense2_camera_msgs/srv/detail/device_info__struct.h
[1.900s] -- Up-to-date symlink: /home/utilizador/charmie_ws/install/realsense2_camera_msgs/include/realsense2_camera_msgs/srv/detail/device_info__type_support.h
[1.900s] -- Up-to-date symlink: /home/utilizador/charmie_ws/install/realsense2_camera_msgs/include/realsense2_camera_msgs/srv/device_info.h
[1.900s] -- Up-to-date symlink: /home/utilizador/charmie_ws/install/realsense2_camera_msgs/share/realsense2_camera_msgs/environment/library_path.sh
[1.900s] -- Up-to-date symlink: /home/utilizador/charmie_ws/install/realsense2_camera_msgs/share/realsense2_camera_msgs/environment/library_path.dsv
[1.900s] -- Up-to-date symlink: /home/utilizador/charmie_ws/install/realsense2_camera_msgs/include/realsense2_camera_msgs/msg/detail/extrinsics__rosidl_typesupport_fastrtps_c.h
[1.901s] -- Up-to-date symlink: /home/utilizador/charmie_ws/install/realsense2_camera_msgs/include/realsense2_camera_msgs/msg/detail/imu_info__rosidl_typesupport_fastrtps_c.h
[1.901s] -- Up-to-date symlink: /home/utilizador/charmie_ws/install/realsense2_camera_msgs/include/realsense2_camera_msgs/msg/detail/metadata__rosidl_typesupport_fastrtps_c.h
[1.901s] -- Up-to-date symlink: /home/utilizador/charmie_ws/install/realsense2_camera_msgs/include/realsense2_camera_msgs/msg/rosidl_typesupport_fastrtps_c__visibility_control.h
[1.901s] -- Up-to-date symlink: /home/utilizador/charmie_ws/install/realsense2_camera_msgs/include/realsense2_camera_msgs/srv/detail/device_info__rosidl_typesupport_fastrtps_c.h
[1.901s] -- Up-to-date symlink: /home/utilizador/charmie_ws/install/realsense2_camera_msgs/lib/librealsense2_camera_msgs__rosidl_typesupport_fastrtps_c.so
[1.901s] -- Up-to-date symlink: /home/utilizador/charmie_ws/install/realsense2_camera_msgs/include/realsense2_camera_msgs/msg/detail/extrinsics__rosidl_typesupport_fastrtps_cpp.hpp
[1.902s] -- Up-to-date symlink: /home/utilizador/charmie_ws/install/realsense2_camera_msgs/include/realsense2_camera_msgs/msg/detail/imu_info__rosidl_typesupport_fastrtps_cpp.hpp
[1.902s] -- Up-to-date symlink: /home/utilizador/charmie_ws/install/realsense2_camera_msgs/include/realsense2_camera_msgs/msg/detail/metadata__rosidl_typesupport_fastrtps_cpp.hpp
[1.902s] -- Up-to-date symlink: /home/utilizador/charmie_ws/install/realsense2_camera_msgs/include/realsense2_camera_msgs/msg/rosidl_typesupport_fastrtps_cpp__visibility_control.h
[1.902s] -- Up-to-date symlink: /home/utilizador/charmie_ws/install/realsense2_camera_msgs/include/realsense2_camera_msgs/srv/detail/device_info__rosidl_typesupport_fastrtps_cpp.hpp
[1.902s] -- Up-to-date symlink: /home/utilizador/charmie_ws/install/realsense2_camera_msgs/lib/librealsense2_camera_msgs__rosidl_typesupport_fastrtps_cpp.so
[1.902s] -- Up-to-date symlink: /home/utilizador/charmie_ws/install/realsense2_camera_msgs/include/realsense2_camera_msgs/msg/detail/extrinsics__rosidl_typesupport_introspection_c.h
[1.902s] -- Up-to-date symlink: /home/utilizador/charmie_ws/install/realsense2_camera_msgs/include/realsense2_camera_msgs/msg/detail/imu_info__rosidl_typesupport_introspection_c.h
[1.902s] -- Up-to-date symlink: /home/utilizador/charmie_ws/install/realsense2_camera_msgs/include/realsense2_camera_msgs/msg/detail/metadata__rosidl_typesupport_introspection_c.h
[1.903s] -- Up-to-date symlink: /home/utilizador/charmie_ws/install/realsense2_camera_msgs/include/realsense2_camera_msgs/msg/rosidl_typesupport_introspection_c__visibility_control.h
[1.903s] -- Up-to-date symlink: /home/utilizador/charmie_ws/install/realsense2_camera_msgs/include/realsense2_camera_msgs/srv/detail/device_info__rosidl_typesupport_introspection_c.h
[1.903s] -- Up-to-date symlink: /home/utilizador/charmie_ws/install/realsense2_camera_msgs/include/realsense2_camera_msgs/msg/detail/extrinsics__builder.hpp
[1.910s] -- Up-to-date symlink: /home/utilizador/charmie_ws/install/realsense2_camera_msgs/include/realsense2_camera_msgs/msg/detail/extrinsics__struct.hpp
[1.911s] -- Up-to-date symlink: /home/utilizador/charmie_ws/install/realsense2_camera_msgs/include/realsense2_camera_msgs/msg/detail/extrinsics__traits.hpp
[1.911s] -- Up-to-date symlink: /home/utilizador/charmie_ws/install/realsense2_camera_msgs/include/realsense2_camera_msgs/msg/detail/imu_info__builder.hpp
[1.911s] -- Up-to-date symlink: /home/utilizador/charmie_ws/install/realsense2_camera_msgs/include/realsense2_camera_msgs/msg/detail/imu_info__struct.hpp
[1.911s] -- Up-to-date symlink: /home/utilizador/charmie_ws/install/realsense2_camera_msgs/include/realsense2_camera_msgs/msg/detail/imu_info__traits.hpp
[1.911s] -- Up-to-date symlink: /home/utilizador/charmie_ws/install/realsense2_camera_msgs/include/realsense2_camera_msgs/msg/detail/metadata__builder.hpp
[1.914s] -- Up-to-date symlink: /home/utilizador/charmie_ws/install/realsense2_camera_msgs/include/realsense2_camera_msgs/msg/detail/metadata__struct.hpp
[1.914s] -- Up-to-date symlink: /home/utilizador/charmie_ws/install/realsense2_camera_msgs/include/realsense2_camera_msgs/msg/detail/metadata__traits.hpp
[1.914s] -- Up-to-date symlink: /home/utilizador/charmie_ws/install/realsense2_camera_msgs/include/realsense2_camera_msgs/msg/extrinsics.hpp
[1.915s] -- Up-to-date symlink: /home/utilizador/charmie_ws/install/realsense2_camera_msgs/include/realsense2_camera_msgs/msg/imu_info.hpp
[1.916s] -- Up-to-date symlink: /home/utilizador/charmie_ws/install/realsense2_camera_msgs/include/realsense2_camera_msgs/msg/metadata.hpp
[1.918s] -- Up-to-date symlink: /home/utilizador/charmie_ws/install/realsense2_camera_msgs/include/realsense2_camera_msgs/srv/detail/device_info__builder.hpp
[1.918s] -- Up-to-date symlink: /home/utilizador/charmie_ws/install/realsense2_camera_msgs/include/realsense2_camera_msgs/srv/detail/device_info__struct.hpp
[1.924s] -- Up-to-date symlink: /home/utilizador/charmie_ws/install/realsense2_camera_msgs/include/realsense2_camera_msgs/srv/detail/device_info__traits.hpp
[1.925s] -- Up-to-date symlink: /home/utilizador/charmie_ws/install/realsense2_camera_msgs/include/realsense2_camera_msgs/srv/device_info.hpp
[1.925s] -- Up-to-date symlink: /home/utilizador/charmie_ws/install/realsense2_camera_msgs/include/realsense2_camera_msgs/msg/detail/extrinsics__rosidl_typesupport_introspection_cpp.hpp
[1.926s] -- Up-to-date symlink: /home/utilizador/charmie_ws/install/realsense2_camera_msgs/include/realsense2_camera_msgs/msg/detail/imu_info__rosidl_typesupport_introspection_cpp.hpp
[1.927s] -- Up-to-date symlink: /home/utilizador/charmie_ws/install/realsense2_camera_msgs/include/realsense2_camera_msgs/msg/detail/metadata__rosidl_typesupport_introspection_cpp.hpp
[1.927s] -- Up-to-date symlink: /home/utilizador/charmie_ws/install/realsense2_camera_msgs/include/realsense2_camera_msgs/srv/detail/device_info__rosidl_typesupport_introspection_cpp.hpp
[1.927s] -- Up-to-date symlink: /home/utilizador/charmie_ws/install/realsense2_camera_msgs/share/realsense2_camera_msgs/environment/pythonpath.sh
[1.928s] -- Up-to-date symlink: /home/utilizador/charmie_ws/install/realsense2_camera_msgs/share/realsense2_camera_msgs/environment/pythonpath.dsv
[1.928s] -- Up-to-date symlink: /home/utilizador/charmie_ws/install/realsense2_camera_msgs/lib/python3.8/site-packages/realsense2_camera_msgs/__init__.py
[1.930s] -- Up-to-date symlink: /home/utilizador/charmie_ws/install/realsense2_camera_msgs/lib/python3.8/site-packages/realsense2_camera_msgs/msg/__init__.py
[1.930s] -- Up-to-date symlink: /home/utilizador/charmie_ws/install/realsense2_camera_msgs/lib/python3.8/site-packages/realsense2_camera_msgs/msg/_extrinsics.py
[1.930s] -- Up-to-date symlink: /home/utilizador/charmie_ws/install/realsense2_camera_msgs/lib/python3.8/site-packages/realsense2_camera_msgs/msg/_imu_info.py
[1.932s] -- Up-to-date symlink: /home/utilizador/charmie_ws/install/realsense2_camera_msgs/lib/python3.8/site-packages/realsense2_camera_msgs/msg/_metadata.py
[1.932s] -- Up-to-date symlink: /home/utilizador/charmie_ws/install/realsense2_camera_msgs/lib/python3.8/site-packages/realsense2_camera_msgs/srv/__init__.py
[1.933s] -- Up-to-date symlink: /home/utilizador/charmie_ws/install/realsense2_camera_msgs/lib/python3.8/site-packages/realsense2_camera_msgs/srv/_device_info.py
[1.933s] -- Up-to-date symlink: /home/utilizador/charmie_ws/install/realsense2_camera_msgs/lib/python3.8/site-packages/realsense2_camera_msgs/realsense2_camera_msgs_s__rosidl_typesupport_fastrtps_c.cpython-38-x86_64-linux-gnu.so
[1.934s] -- Up-to-date symlink: /home/utilizador/charmie_ws/install/realsense2_camera_msgs/lib/python3.8/site-packages/realsense2_camera_msgs/realsense2_camera_msgs_s__rosidl_typesupport_introspection_c.cpython-38-x86_64-linux-gnu.so
[1.935s] -- Up-to-date symlink: /home/utilizador/charmie_ws/install/realsense2_camera_msgs/lib/python3.8/site-packages/realsense2_camera_msgs/realsense2_camera_msgs_s__rosidl_typesupport_c.cpython-38-x86_64-linux-gnu.so
[1.935s] -- Up-to-date symlink: /home/utilizador/charmie_ws/install/realsense2_camera_msgs/lib/librealsense2_camera_msgs__python.so
[1.936s] -- Up-to-date symlink: /home/utilizador/charmie_ws/install/realsense2_camera_msgs/share/realsense2_camera_msgs/msg/IMUInfo.idl
[1.936s] -- Up-to-date symlink: /home/utilizador/charmie_ws/install/realsense2_camera_msgs/share/realsense2_camera_msgs/msg/Extrinsics.idl
[1.937s] -- Up-to-date symlink: /home/utilizador/charmie_ws/install/realsense2_camera_msgs/share/realsense2_camera_msgs/msg/Metadata.idl
[1.938s] -- Up-to-date symlink: /home/utilizador/charmie_ws/install/realsense2_camera_msgs/share/realsense2_camera_msgs/srv/DeviceInfo.idl
[1.938s] -- Up-to-date symlink: /home/utilizador/charmie_ws/install/realsense2_camera_msgs/share/realsense2_camera_msgs/msg/IMUInfo.msg
[1.939s] -- Up-to-date symlink: /home/utilizador/charmie_ws/install/realsense2_camera_msgs/share/realsense2_camera_msgs/msg/Extrinsics.msg
[1.939s] -- Up-to-date symlink: /home/utilizador/charmie_ws/install/realsense2_camera_msgs/share/realsense2_camera_msgs/msg/Metadata.msg
[1.940s] -- Up-to-date symlink: /home/utilizador/charmie_ws/install/realsense2_camera_msgs/share/realsense2_camera_msgs/srv/DeviceInfo.srv
[1.940s] -- Up-to-date symlink: /home/utilizador/charmie_ws/install/realsense2_camera_msgs/share/realsense2_camera_msgs/srv/DeviceInfo_Request.msg
[1.941s] -- Up-to-date symlink: /home/utilizador/charmie_ws/install/realsense2_camera_msgs/share/realsense2_camera_msgs/srv/DeviceInfo_Response.msg
[1.941s] -- Up-to-date symlink: /home/utilizador/charmie_ws/install/realsense2_camera_msgs/share/ament_index/resource_index/package_run_dependencies/realsense2_camera_msgs
[1.942s] -- Up-to-date symlink: /home/utilizador/charmie_ws/install/realsense2_camera_msgs/share/ament_index/resource_index/parent_prefix_path/realsense2_camera_msgs
[1.942s] -- Up-to-date symlink: /home/utilizador/charmie_ws/install/realsense2_camera_msgs/share/realsense2_camera_msgs/environment/ament_prefix_path.sh
[1.943s] -- Up-to-date symlink: /home/utilizador/charmie_ws/install/realsense2_camera_msgs/share/realsense2_camera_msgs/environment/ament_prefix_path.dsv
[1.943s] -- Up-to-date symlink: /home/utilizador/charmie_ws/install/realsense2_camera_msgs/share/realsense2_camera_msgs/environment/path.sh
[1.944s] -- Up-to-date symlink: /home/utilizador/charmie_ws/install/realsense2_camera_msgs/share/realsense2_camera_msgs/environment/path.dsv
[1.944s] -- Up-to-date symlink: /home/utilizador/charmie_ws/install/realsense2_camera_msgs/share/realsense2_camera_msgs/local_setup.bash
[1.945s] -- Up-to-date symlink: /home/utilizador/charmie_ws/install/realsense2_camera_msgs/share/realsense2_camera_msgs/local_setup.sh
[1.945s] -- Up-to-date symlink: /home/utilizador/charmie_ws/install/realsense2_camera_msgs/share/realsense2_camera_msgs/local_setup.zsh
[1.946s] -- Up-to-date symlink: /home/utilizador/charmie_ws/install/realsense2_camera_msgs/share/realsense2_camera_msgs/local_setup.dsv
[1.946s] -- Symlinking: /home/utilizador/charmie_ws/install/realsense2_camera_msgs/share/realsense2_camera_msgs/package.dsv
[1.969s] -- Up-to-date symlink: /home/utilizador/charmie_ws/install/realsense2_camera_msgs/share/ament_index/resource_index/packages/realsense2_camera_msgs
[1.969s] -- Up-to-date symlink: /home/utilizador/charmie_ws/install/realsense2_camera_msgs/share/realsense2_camera_msgs/cmake/rosidl_cmake-extras.cmake
[1.969s] -- Up-to-date symlink: /home/utilizador/charmie_ws/install/realsense2_camera_msgs/share/realsense2_camera_msgs/cmake/ament_cmake_export_dependencies-extras.cmake
[1.970s] -- Up-to-date symlink: /home/utilizador/charmie_ws/install/realsense2_camera_msgs/share/realsense2_camera_msgs/cmake/ament_cmake_export_libraries-extras.cmake
[1.970s] -- Up-to-date symlink: /home/utilizador/charmie_ws/install/realsense2_camera_msgs/share/realsense2_camera_msgs/cmake/ament_cmake_export_targets-extras.cmake
[1.971s] -- Up-to-date symlink: /home/utilizador/charmie_ws/install/realsense2_camera_msgs/share/realsense2_camera_msgs/cmake/ament_cmake_export_include_directories-extras.cmake
[1.971s] -- Up-to-date symlink: /home/utilizador/charmie_ws/install/realsense2_camera_msgs/share/realsense2_camera_msgs/cmake/rosidl_cmake_export_typesupport_libraries-extras.cmake
[1.971s] -- Up-to-date symlink: /home/utilizador/charmie_ws/install/realsense2_camera_msgs/share/realsense2_camera_msgs/cmake/rosidl_cmake_export_typesupport_targets-extras.cmake
[1.972s] -- Up-to-date symlink: /home/utilizador/charmie_ws/install/realsense2_camera_msgs/share/realsense2_camera_msgs/cmake/realsense2_camera_msgsConfig.cmake
[1.972s] -- Up-to-date symlink: /home/utilizador/charmie_ws/install/realsense2_camera_msgs/share/realsense2_camera_msgs/cmake/realsense2_camera_msgsConfig-version.cmake
[1.973s] -- Up-to-date symlink: /home/utilizador/charmie_ws/install/realsense2_camera_msgs/share/realsense2_camera_msgs/package.xml
[1.973s] -- Up-to-date: /home/utilizador/charmie_ws/install/realsense2_camera_msgs/lib/librealsense2_camera_msgs__rosidl_generator_c.so
[1.974s] -- Up-to-date: /home/utilizador/charmie_ws/install/realsense2_camera_msgs/lib/librealsense2_camera_msgs__rosidl_typesupport_introspection_c.so
[1.974s] -- Up-to-date: /home/utilizador/charmie_ws/install/realsense2_camera_msgs/lib/librealsense2_camera_msgs__rosidl_typesupport_c.so
[1.975s] -- Up-to-date: /home/utilizador/charmie_ws/install/realsense2_camera_msgs/lib/librealsense2_camera_msgs__rosidl_typesupport_introspection_cpp.so
[1.976s] -- Up-to-date: /home/utilizador/charmie_ws/install/realsense2_camera_msgs/lib/librealsense2_camera_msgs__rosidl_typesupport_cpp.so
[2.103s] -- Up-to-date: /home/utilizador/charmie_ws/install/realsense2_camera_msgs/share/realsense2_camera_msgs/cmake/realsense2_camera_msgs__rosidl_generator_cExport.cmake
[2.103s] -- Up-to-date: /home/utilizador/charmie_ws/install/realsense2_camera_msgs/share/realsense2_camera_msgs/cmake/realsense2_camera_msgs__rosidl_generator_cExport-noconfig.cmake
[2.103s] -- Up-to-date: /home/utilizador/charmie_ws/install/realsense2_camera_msgs/share/realsense2_camera_msgs/cmake/realsense2_camera_msgs__rosidl_typesupport_introspection_cExport.cmake
[2.104s] -- Up-to-date: /home/utilizador/charmie_ws/install/realsense2_camera_msgs/share/realsense2_camera_msgs/cmake/realsense2_camera_msgs__rosidl_typesupport_introspection_cExport-noconfig.cmake
[2.104s] -- Up-to-date: /home/utilizador/charmie_ws/install/realsense2_camera_msgs/share/realsense2_camera_msgs/cmake/realsense2_camera_msgs__rosidl_typesupport_cExport.cmake
[2.104s] -- Up-to-date: /home/utilizador/charmie_ws/install/realsense2_camera_msgs/share/realsense2_camera_msgs/cmake/realsense2_camera_msgs__rosidl_typesupport_cExport-noconfig.cmake
[2.104s] -- Up-to-date: /home/utilizador/charmie_ws/install/realsense2_camera_msgs/share/realsense2_camera_msgs/cmake/realsense2_camera_msgs__rosidl_generator_cppExport.cmake
[2.105s] -- Up-to-date: /home/utilizador/charmie_ws/install/realsense2_camera_msgs/share/realsense2_camera_msgs/cmake/realsense2_camera_msgs__rosidl_typesupport_introspection_cppExport.cmake
[2.105s] -- Up-to-date: /home/utilizador/charmie_ws/install/realsense2_camera_msgs/share/realsense2_camera_msgs/cmake/realsense2_camera_msgs__rosidl_typesupport_introspection_cppExport-noconfig.cmake
[2.105s] -- Up-to-date: /home/utilizador/charmie_ws/install/realsense2_camera_msgs/share/realsense2_camera_msgs/cmake/realsense2_camera_msgs__rosidl_typesupport_cppExport.cmake
[2.105s] -- Up-to-date: /home/utilizador/charmie_ws/install/realsense2_camera_msgs/share/realsense2_camera_msgs/cmake/realsense2_camera_msgs__rosidl_typesupport_cppExport-noconfig.cmake
[2.114s] Invoked command in '/home/utilizador/charmie_ws/build/realsense2_camera_msgs' returned '0': CMAKE_PREFIX_PATH=${CMAKE_PREFIX_PATH}:/home/utilizador/charmie_ws/install/yolopose:/home/utilizador/charmie_ws/install/yolo_obj:/home/utilizador/charmie_ws/install/charmie_speakers:/home/utilizador/charmie_ws/install/charmie_receptionist:/home/utilizador/charmie_ws/install/charmie_ps4_controller:/home/utilizador/charmie_ws/install/charmie_odometry:/home/utilizador/charmie_ws/install/charmie_obstacles:/home/utilizador/charmie_ws/install/charmie_neck_dynamixel:/home/utilizador/charmie_ws/install/charmie_navigation_sdnl:/home/utilizador/charmie_ws/install/charmie_low_level:/home/utilizador/charmie_ws/install/charmie_localisation:/home/utilizador/charmie_ws/install/charmie_lidar_hokuyo:/home/utilizador/charmie_ws/install/charmie_inspection:/home/utilizador/charmie_ws/install/charmie_debug:/home/utilizador/charmie_ws/install/charmie_audio:/home/utilizador/charmie_ws/install/charmie_face_shiningrgb:/home/utilizador/charmie_ws/install/charmie_door_start:/opt/ros/foxy /usr/bin/cmake --install /home/utilizador/charmie_ws/build/realsense2_camera_msgs
