[2.624s] Invoking command in '/home/utilizador/charmie_ws/build/charmie_face_shiningrgb': PYTHONPATH=/home/utilizador/charmie_ws/build/charmie_face_shiningrgb/prefix_override:/home/utilizador/charmie_ws/install/charmie_face_shiningrgb/lib/python3.8/site-packages:${PYTHONPATH} /usr/bin/python3 setup.py develop --editable --build-directory /home/utilizador/charmie_ws/build/charmie_face_shiningrgb/build --no-deps install_data
[3.269s] running develop
[3.743s] running egg_info
[3.743s] creating charmie_face_shiningrgb.egg-info
[3.744s] writing charmie_face_shiningrgb.egg-info/PKG-INFO
[3.745s] writing dependency_links to charmie_face_shiningrgb.egg-info/dependency_links.txt
[3.745s] writing entry points to charmie_face_shiningrgb.egg-info/entry_points.txt
[3.746s] writing requirements to charmie_face_shiningrgb.egg-info/requires.txt
[3.746s] writing top-level names to charmie_face_shiningrgb.egg-info/top_level.txt
[3.749s] writing manifest file 'charmie_face_shiningrgb.egg-info/SOURCES.txt'
[3.752s] reading manifest file 'charmie_face_shiningrgb.egg-info/SOURCES.txt'
[3.753s] writing manifest file 'charmie_face_shiningrgb.egg-info/SOURCES.txt'
[3.853s] running build_ext
[3.853s] Creating /home/utilizador/charmie_ws/install/charmie_face_shiningrgb/lib/python3.8/site-packages/charmie-face-shiningrgb.egg-link (link to .)
[3.861s] Installing face_shiningrgb script to /home/utilizador/charmie_ws/install/charmie_face_shiningrgb/lib/charmie_face_shiningrgb
[3.862s] 
[3.862s] Installed /home/utilizador/charmie_ws/build/charmie_face_shiningrgb
[3.862s] running install_data
[3.862s] creating /home/utilizador/charmie_ws/install/charmie_face_shiningrgb/share/ament_index
[3.862s] creating /home/utilizador/charmie_ws/install/charmie_face_shiningrgb/share/ament_index/resource_index
[3.862s] creating /home/utilizador/charmie_ws/install/charmie_face_shiningrgb/share/ament_index/resource_index/packages
[3.862s] copying resource/charmie_face_shiningrgb -> /home/utilizador/charmie_ws/install/charmie_face_shiningrgb/share/ament_index/resource_index/packages
[3.862s] copying package.xml -> /home/utilizador/charmie_ws/install/charmie_face_shiningrgb/share/charmie_face_shiningrgb
[4.479s] Invoked command in '/home/utilizador/charmie_ws/build/charmie_face_shiningrgb' returned '0': PYTHONPATH=/home/utilizador/charmie_ws/build/charmie_face_shiningrgb/prefix_override:/home/utilizador/charmie_ws/install/charmie_face_shiningrgb/lib/python3.8/site-packages:${PYTHONPATH} /usr/bin/python3 setup.py develop --editable --build-directory /home/utilizador/charmie_ws/build/charmie_face_shiningrgb/build --no-deps install_data
