[0.104s] Invoking command in '/home/utilizador/charmie_ws/build/realsense2_camera_msgs': CMAKE_PREFIX_PATH=${CMAKE_PREFIX_PATH}:/home/utilizador/charmie_ws/install/yolo_obj:/home/utilizador/charmie_ws/install/charmie_speakers:/home/utilizador/charmie_ws/install/charmie_receptionist:/home/utilizador/charmie_ws/install/charmie_ps4_controller:/home/utilizador/charmie_ws/install/charmie_odometry:/home/utilizador/charmie_ws/install/charmie_obstacles:/home/utilizador/charmie_ws/install/charmie_neck_dynamixel:/home/utilizador/charmie_ws/install/charmie_navigation_sdnl:/home/utilizador/charmie_ws/install/charmie_low_level:/home/utilizador/charmie_ws/install/charmie_localisation:/home/utilizador/charmie_ws/install/charmie_lidar_hokuyo:/home/utilizador/charmie_ws/install/charmie_inspection:/home/utilizador/charmie_ws/install/charmie_debug:/home/utilizador/charmie_ws/install/charmie_audio:/home/utilizador/charmie_ws/install/charmie_face_shiningrgb:/home/utilizador/charmie_ws/install/charmie_door_start:/opt/ros/foxy /usr/bin/cmake /home/utilizador/charmie_ws/src/realsense-ros/realsense2_camera_msgs -DCMAKE_INSTALL_PREFIX=/home/utilizador/charmie_ws/install/realsense2_camera_msgs
[1.649s] -- The C compiler identification is GNU 9.4.0
[1.649s] -- The CXX compiler identification is GNU 9.4.0
[1.652s] -- Check for working C compiler: /usr/bin/cc
[1.652s] -- Check for working C compiler: /usr/bin/cc -- works
[1.652s] -- Detecting C compiler ABI info
[1.652s] -- Detecting C compiler ABI info - done
[1.653s] -- Detecting C compile features
[1.653s] -- Detecting C compile features - done
[1.653s] -- Check for working CXX compiler: /usr/bin/c++
[1.653s] -- Check for working CXX compiler: /usr/bin/c++ -- works
[1.654s] -- Detecting CXX compiler ABI info
[1.654s] -- Detecting CXX compiler ABI info - done
[1.654s] -- Detecting CXX compile features
[1.654s] -- Detecting CXX compile features - done
[1.654s] -- Found ament_cmake: 0.9.11 (/opt/ros/foxy/share/ament_cmake/cmake)
[1.654s] -- Found PythonInterp: /usr/bin/python3 (found suitable version "3.8.10", minimum required is "3") 
[1.654s] -- Using PYTHON_EXECUTABLE: /usr/bin/python3
[1.654s] -- Found rosidl_default_generators: 1.0.1 (/opt/ros/foxy/share/rosidl_default_generators/cmake)
[1.655s] -- Using all available rosidl_typesupport_c: rosidl_typesupport_fastrtps_c;rosidl_typesupport_introspection_c
[1.655s] -- Found rosidl_adapter: 1.3.0 (/opt/ros/foxy/share/rosidl_adapter/cmake)
[1.655s] -- Found OpenSSL: /usr/lib/x86_64-linux-gnu/libcrypto.so (found version "1.1.1f")  
[1.655s] -- Found FastRTPS: /opt/ros/foxy/include  
[1.655s] -- Using all available rosidl_typesupport_cpp: rosidl_typesupport_fastrtps_cpp;rosidl_typesupport_introspection_cpp
[1.655s] -- Found builtin_interfaces: 1.0.0 (/opt/ros/foxy/share/builtin_interfaces/cmake)
[1.655s] -- Found std_msgs: 2.0.5 (/opt/ros/foxy/share/std_msgs/cmake)
[1.655s] -- Found PythonInterp: /usr/bin/python3 (found version "3.8.10") 
[1.656s] -- Found ament_cmake_cppcheck: 0.9.8 (/opt/ros/foxy/share/ament_cmake_cppcheck/cmake)
[1.656s] -- Found ament_cmake_cpplint: 0.9.8 (/opt/ros/foxy/share/ament_cmake_cpplint/cmake)
[1.657s] -- Found ament_cmake_uncrustify: 0.9.8 (/opt/ros/foxy/share/ament_cmake_uncrustify/cmake)
[1.658s] -- Found ament_cmake_ros: 0.9.2 (/opt/ros/foxy/share/ament_cmake_ros/cmake)
[1.663s] -- Using all available rosidl_typesupport_c: rosidl_typesupport_fastrtps_c;rosidl_typesupport_introspection_c
[1.819s] -- Using all available rosidl_typesupport_cpp: rosidl_typesupport_fastrtps_cpp;rosidl_typesupport_introspection_cpp
[1.876s] -- Found PythonInterp: /usr/bin/python3 (found suitable version "3.8.10", minimum required is "3.5") 
[1.879s] -- Found python_cmake_module: 0.8.1 (/opt/ros/foxy/share/python_cmake_module/cmake)
[1.935s] -- Found PythonLibs: /usr/lib/x86_64-linux-gnu/libpython3.8.so (found suitable version "3.8.10", minimum required is "3.5") 
[1.935s] -- Using PYTHON_EXECUTABLE: /usr/bin/python3
[1.936s] -- Using PYTHON_INCLUDE_DIRS: /usr/include/python3.8
[1.936s] -- Using PYTHON_LIBRARIES: /usr/lib/x86_64-linux-gnu/libpython3.8.so
[1.976s] -- Found PythonExtra: .so  
[2.130s] -- Found ament_cmake_flake8: 0.9.8 (/opt/ros/foxy/share/ament_cmake_flake8/cmake)
[2.134s] -- Found ament_cmake_pep257: 0.9.8 (/opt/ros/foxy/share/ament_cmake_pep257/cmake)
[2.154s] -- Configuring done
[2.260s] -- Generating done
[2.265s] -- Build files have been written to: /home/utilizador/charmie_ws/build/realsense2_camera_msgs
[2.287s] Invoked command in '/home/utilizador/charmie_ws/build/realsense2_camera_msgs' returned '0': CMAKE_PREFIX_PATH=${CMAKE_PREFIX_PATH}:/home/utilizador/charmie_ws/install/yolo_obj:/home/utilizador/charmie_ws/install/charmie_speakers:/home/utilizador/charmie_ws/install/charmie_receptionist:/home/utilizador/charmie_ws/install/charmie_ps4_controller:/home/utilizador/charmie_ws/install/charmie_odometry:/home/utilizador/charmie_ws/install/charmie_obstacles:/home/utilizador/charmie_ws/install/charmie_neck_dynamixel:/home/utilizador/charmie_ws/install/charmie_navigation_sdnl:/home/utilizador/charmie_ws/install/charmie_low_level:/home/utilizador/charmie_ws/install/charmie_localisation:/home/utilizador/charmie_ws/install/charmie_lidar_hokuyo:/home/utilizador/charmie_ws/install/charmie_inspection:/home/utilizador/charmie_ws/install/charmie_debug:/home/utilizador/charmie_ws/install/charmie_audio:/home/utilizador/charmie_ws/install/charmie_face_shiningrgb:/home/utilizador/charmie_ws/install/charmie_door_start:/opt/ros/foxy /usr/bin/cmake /home/utilizador/charmie_ws/src/realsense-ros/realsense2_camera_msgs -DCMAKE_INSTALL_PREFIX=/home/utilizador/charmie_ws/install/realsense2_camera_msgs
[2.288s] Invoking command in '/home/utilizador/charmie_ws/build/realsense2_camera_msgs': CMAKE_PREFIX_PATH=${CMAKE_PREFIX_PATH}:/home/utilizador/charmie_ws/install/yolo_obj:/home/utilizador/charmie_ws/install/charmie_speakers:/home/utilizador/charmie_ws/install/charmie_receptionist:/home/utilizador/charmie_ws/install/charmie_ps4_controller:/home/utilizador/charmie_ws/install/charmie_odometry:/home/utilizador/charmie_ws/install/charmie_obstacles:/home/utilizador/charmie_ws/install/charmie_neck_dynamixel:/home/utilizador/charmie_ws/install/charmie_navigation_sdnl:/home/utilizador/charmie_ws/install/charmie_low_level:/home/utilizador/charmie_ws/install/charmie_localisation:/home/utilizador/charmie_ws/install/charmie_lidar_hokuyo:/home/utilizador/charmie_ws/install/charmie_inspection:/home/utilizador/charmie_ws/install/charmie_debug:/home/utilizador/charmie_ws/install/charmie_audio:/home/utilizador/charmie_ws/install/charmie_face_shiningrgb:/home/utilizador/charmie_ws/install/charmie_door_start:/opt/ros/foxy /usr/bin/cmake --build /home/utilizador/charmie_ws/build/realsense2_camera_msgs -- -j8 -l8
[2.356s] [  1%] [34m[1mGenerating C code for ROS interfaces[0m
[2.356s] [35m[1mScanning dependencies of target realsense2_camera_msgs__cpp[0m
[2.376s] [  3%] [34m[1mGenerating C++ code for ROS interfaces[0m
[3.257s] [  3%] Built target realsense2_camera_msgs__cpp
[3.276s] [  5%] [34m[1mGenerating C++ type support for eProsima Fast-RTPS[0m
[3.276s] [  7%] [34m[1mGenerating C++ type support dispatch for ROS interfaces[0m
[3.293s] [  9%] [34m[1mGenerating C++ introspection for ROS interfaces[0m
[3.312s] [35m[1mScanning dependencies of target realsense2_camera_msgs__rosidl_generator_c[0m
[3.334s] [ 10%] [32mBuilding C object CMakeFiles/realsense2_camera_msgs__rosidl_generator_c.dir/rosidl_generator_c/realsense2_camera_msgs/msg/detail/extrinsics__functions.c.o[0m
[3.335s] [ 12%] [32mBuilding C object CMakeFiles/realsense2_camera_msgs__rosidl_generator_c.dir/rosidl_generator_c/realsense2_camera_msgs/msg/detail/imu_info__functions.c.o[0m
[3.340s] [ 14%] [32mBuilding C object CMakeFiles/realsense2_camera_msgs__rosidl_generator_c.dir/rosidl_generator_c/realsense2_camera_msgs/msg/detail/metadata__functions.c.o[0m
[3.348s] [ 16%] [32mBuilding C object CMakeFiles/realsense2_camera_msgs__rosidl_generator_c.dir/rosidl_generator_c/realsense2_camera_msgs/srv/detail/device_info__functions.c.o[0m
[3.459s] [ 18%] [32m[1mLinking C shared library librealsense2_camera_msgs__rosidl_generator_c.so[0m
[3.499s] [ 18%] Built target realsense2_camera_msgs__rosidl_generator_c
[3.511s] [ 20%] [34m[1mGenerating C introspection for ROS interfaces[0m
[3.516s] [ 21%] [34m[1mGenerating C type support dispatch for ROS interfaces[0m
[3.963s] [35m[1mScanning dependencies of target realsense2_camera_msgs__rosidl_typesupport_cpp[0m
[3.991s] [ 23%] [32mBuilding CXX object CMakeFiles/realsense2_camera_msgs__rosidl_typesupport_cpp.dir/rosidl_typesupport_cpp/realsense2_camera_msgs/msg/imu_info__type_support.cpp.o[0m
[4.004s] [ 25%] [32mBuilding CXX object CMakeFiles/realsense2_camera_msgs__rosidl_typesupport_cpp.dir/rosidl_typesupport_cpp/realsense2_camera_msgs/msg/extrinsics__type_support.cpp.o[0m
[4.020s] [ 27%] [32mBuilding CXX object CMakeFiles/realsense2_camera_msgs__rosidl_typesupport_cpp.dir/rosidl_typesupport_cpp/realsense2_camera_msgs/msg/metadata__type_support.cpp.o[0m
[4.028s] [ 29%] [32mBuilding CXX object CMakeFiles/realsense2_camera_msgs__rosidl_typesupport_cpp.dir/rosidl_typesupport_cpp/realsense2_camera_msgs/srv/device_info__type_support.cpp.o[0m
[4.269s] [35m[1mScanning dependencies of target realsense2_camera_msgs__rosidl_typesupport_introspection_cpp[0m
[4.273s] [35m[1mScanning dependencies of target realsense2_camera_msgs__rosidl_typesupport_fastrtps_cpp[0m
[4.308s] [35m[1mScanning dependencies of target realsense2_camera_msgs__rosidl_typesupport_c[0m
[4.329s] [ 30%] [32mBuilding CXX object CMakeFiles/realsense2_camera_msgs__rosidl_typesupport_introspection_cpp.dir/rosidl_typesupport_introspection_cpp/realsense2_camera_msgs/msg/detail/imu_info__type_support.cpp.o[0m
[4.340s] [ 32%] [32mBuilding CXX object CMakeFiles/realsense2_camera_msgs__rosidl_typesupport_fastrtps_cpp.dir/rosidl_typesupport_fastrtps_cpp/realsense2_camera_msgs/msg/detail/dds_fastrtps/imu_info__type_support.cpp.o[0m
[4.380s] [ 34%] [32mBuilding CXX object CMakeFiles/realsense2_camera_msgs__rosidl_typesupport_c.dir/rosidl_typesupport_c/realsense2_camera_msgs/msg/imu_info__type_support.cpp.o[0m
[4.517s] [ 36%] [32mBuilding CXX object CMakeFiles/realsense2_camera_msgs__rosidl_typesupport_c.dir/rosidl_typesupport_c/realsense2_camera_msgs/msg/extrinsics__type_support.cpp.o[0m
[4.644s] [ 38%] [32mBuilding CXX object CMakeFiles/realsense2_camera_msgs__rosidl_typesupport_c.dir/rosidl_typesupport_c/realsense2_camera_msgs/msg/metadata__type_support.cpp.o[0m
[4.658s] [ 40%] [32mBuilding CXX object CMakeFiles/realsense2_camera_msgs__rosidl_typesupport_fastrtps_cpp.dir/rosidl_typesupport_fastrtps_cpp/realsense2_camera_msgs/msg/detail/dds_fastrtps/extrinsics__type_support.cpp.o[0m
[4.691s] [35m[1mScanning dependencies of target realsense2_camera_msgs__rosidl_typesupport_introspection_c[0m
[4.751s] [ 41%] [32mBuilding C object CMakeFiles/realsense2_camera_msgs__rosidl_typesupport_introspection_c.dir/rosidl_typesupport_introspection_c/realsense2_camera_msgs/msg/detail/imu_info__type_support.c.o[0m
[4.788s] [ 43%] [32mBuilding CXX object CMakeFiles/realsense2_camera_msgs__rosidl_typesupport_c.dir/rosidl_typesupport_c/realsense2_camera_msgs/srv/device_info__type_support.cpp.o[0m
[4.862s] [ 45%] [32mBuilding C object CMakeFiles/realsense2_camera_msgs__rosidl_typesupport_introspection_c.dir/rosidl_typesupport_introspection_c/realsense2_camera_msgs/msg/detail/extrinsics__type_support.c.o[0m
[4.896s] [ 47%] [32mBuilding C object CMakeFiles/realsense2_camera_msgs__rosidl_typesupport_introspection_c.dir/rosidl_typesupport_introspection_c/realsense2_camera_msgs/msg/detail/metadata__type_support.c.o[0m
[4.960s] [ 49%] [32mBuilding C object CMakeFiles/realsense2_camera_msgs__rosidl_typesupport_introspection_c.dir/rosidl_typesupport_introspection_c/realsense2_camera_msgs/srv/detail/device_info__type_support.c.o[0m
[4.960s] [ 50%] [32m[1mLinking CXX shared library librealsense2_camera_msgs__rosidl_typesupport_cpp.so[0m
[4.997s] [ 52%] [32m[1mLinking CXX shared library librealsense2_camera_msgs__rosidl_typesupport_c.so[0m
[5.021s] [ 54%] [32mBuilding CXX object CMakeFiles/realsense2_camera_msgs__rosidl_typesupport_fastrtps_cpp.dir/rosidl_typesupport_fastrtps_cpp/realsense2_camera_msgs/msg/detail/dds_fastrtps/metadata__type_support.cpp.o[0m
[5.045s] [ 56%] [32mBuilding CXX object CMakeFiles/realsense2_camera_msgs__rosidl_typesupport_fastrtps_cpp.dir/rosidl_typesupport_fastrtps_cpp/realsense2_camera_msgs/srv/detail/dds_fastrtps/device_info__type_support.cpp.o[0m
[5.097s] [ 58%] [32m[1mLinking C shared library librealsense2_camera_msgs__rosidl_typesupport_introspection_c.so[0m
[5.114s] [ 58%] Built target realsense2_camera_msgs__rosidl_typesupport_cpp
[5.129s] [ 60%] [32mBuilding CXX object CMakeFiles/realsense2_camera_msgs__rosidl_typesupport_introspection_cpp.dir/rosidl_typesupport_introspection_cpp/realsense2_camera_msgs/msg/detail/extrinsics__type_support.cpp.o[0m
[5.150s] [ 61%] [32mBuilding CXX object CMakeFiles/realsense2_camera_msgs__rosidl_typesupport_introspection_cpp.dir/rosidl_typesupport_introspection_cpp/realsense2_camera_msgs/msg/detail/metadata__type_support.cpp.o[0m
[5.217s] [ 61%] Built target realsense2_camera_msgs__rosidl_typesupport_introspection_c
[5.233s] [ 63%] [32mBuilding CXX object CMakeFiles/realsense2_camera_msgs__rosidl_typesupport_introspection_cpp.dir/rosidl_typesupport_introspection_cpp/realsense2_camera_msgs/srv/detail/device_info__type_support.cpp.o[0m
[5.247s] [ 63%] Built target realsense2_camera_msgs__rosidl_typesupport_c
[6.070s] [ 65%] [32m[1mLinking CXX shared library librealsense2_camera_msgs__rosidl_typesupport_introspection_cpp.so[0m
[6.305s] [ 67%] [32m[1mLinking CXX shared library librealsense2_camera_msgs__rosidl_typesupport_fastrtps_cpp.so[0m
[6.375s] [ 67%] Built target realsense2_camera_msgs__rosidl_typesupport_introspection_cpp
[6.555s] [ 67%] Built target realsense2_camera_msgs__rosidl_typesupport_fastrtps_cpp
[6.578s] [ 69%] [34m[1mGenerating C type support for eProsima Fast-RTPS[0m
[7.776s] [35m[1mScanning dependencies of target realsense2_camera_msgs__rosidl_typesupport_fastrtps_c[0m
[7.847s] [ 70%] [32mBuilding CXX object CMakeFiles/realsense2_camera_msgs__rosidl_typesupport_fastrtps_c.dir/rosidl_typesupport_fastrtps_c/realsense2_camera_msgs/msg/detail/extrinsics__type_support_c.cpp.o[0m
[7.860s] [ 72%] [32mBuilding CXX object CMakeFiles/realsense2_camera_msgs__rosidl_typesupport_fastrtps_c.dir/rosidl_typesupport_fastrtps_c/realsense2_camera_msgs/msg/detail/imu_info__type_support_c.cpp.o[0m
[7.900s] [ 74%] [32mBuilding CXX object CMakeFiles/realsense2_camera_msgs__rosidl_typesupport_fastrtps_c.dir/rosidl_typesupport_fastrtps_c/realsense2_camera_msgs/msg/detail/metadata__type_support_c.cpp.o[0m
[7.914s] [ 76%] [32mBuilding CXX object CMakeFiles/realsense2_camera_msgs__rosidl_typesupport_fastrtps_c.dir/rosidl_typesupport_fastrtps_c/realsense2_camera_msgs/srv/detail/device_info__type_support_c.cpp.o[0m
[9.080s] [ 78%] [32m[1mLinking CXX shared library librealsense2_camera_msgs__rosidl_typesupport_fastrtps_c.so[0m
[9.270s] [ 78%] Built target realsense2_camera_msgs__rosidl_typesupport_fastrtps_c
[9.290s] [35m[1mScanning dependencies of target realsense2_camera_msgs[0m
[9.310s] [ 78%] Built target realsense2_camera_msgs
[9.330s] [35m[1mScanning dependencies of target realsense2_camera_msgs__py[0m
[9.351s] [ 80%] [34m[1mGenerating Python code for ROS interfaces[0m
[10.396s] [ 80%] Built target realsense2_camera_msgs__py
[10.409s] [35m[1mScanning dependencies of target realsense2_camera_msgs__python[0m
[10.438s] [ 81%] [32mBuilding C object CMakeFiles/realsense2_camera_msgs__python.dir/rosidl_generator_py/realsense2_camera_msgs/msg/_extrinsics_s.c.o[0m
[10.442s] [ 85%] [32mBuilding C object CMakeFiles/realsense2_camera_msgs__python.dir/rosidl_generator_py/realsense2_camera_msgs/msg/_imu_info_s.c.o[0m
[10.442s] [ 85%] [32mBuilding C object CMakeFiles/realsense2_camera_msgs__python.dir/rosidl_generator_py/realsense2_camera_msgs/msg/_metadata_s.c.o[0m
[10.442s] [ 87%] [32mBuilding C object CMakeFiles/realsense2_camera_msgs__python.dir/rosidl_generator_py/realsense2_camera_msgs/srv/_device_info_s.c.o[0m
[10.635s] [ 89%] [32m[1mLinking C shared library rosidl_generator_py/realsense2_camera_msgs/librealsense2_camera_msgs__python.so[0m
[10.708s] [ 89%] Built target realsense2_camera_msgs__python
[10.730s] [35m[1mScanning dependencies of target realsense2_camera_msgs__rosidl_typesupport_introspection_c__pyext[0m
[10.751s] [35m[1mScanning dependencies of target realsense2_camera_msgs__rosidl_typesupport_c__pyext[0m
[10.759s] [35m[1mScanning dependencies of target realsense2_camera_msgs__rosidl_typesupport_fastrtps_c__pyext[0m
[10.823s] [ 90%] [32mBuilding C object CMakeFiles/realsense2_camera_msgs__rosidl_typesupport_introspection_c__pyext.dir/rosidl_generator_py/realsense2_camera_msgs/_realsense2_camera_msgs_s.ep.rosidl_typesupport_introspection_c.c.o[0m
[10.831s] [ 92%] [32mBuilding C object CMakeFiles/realsense2_camera_msgs__rosidl_typesupport_fastrtps_c__pyext.dir/rosidl_generator_py/realsense2_camera_msgs/_realsense2_camera_msgs_s.ep.rosidl_typesupport_fastrtps_c.c.o[0m
[10.841s] [ 94%] [32mBuilding C object CMakeFiles/realsense2_camera_msgs__rosidl_typesupport_c__pyext.dir/rosidl_generator_py/realsense2_camera_msgs/_realsense2_camera_msgs_s.ep.rosidl_typesupport_c.c.o[0m
[11.133s] [ 96%] [32m[1mLinking C shared library rosidl_generator_py/realsense2_camera_msgs/realsense2_camera_msgs_s__rosidl_typesupport_introspection_c.cpython-38-x86_64-linux-gnu.so[0m
[11.141s] [ 98%] [32m[1mLinking C shared library rosidl_generator_py/realsense2_camera_msgs/realsense2_camera_msgs_s__rosidl_typesupport_c.cpython-38-x86_64-linux-gnu.so[0m
[11.171s] [100%] [32m[1mLinking CXX shared library rosidl_generator_py/realsense2_camera_msgs/realsense2_camera_msgs_s__rosidl_typesupport_fastrtps_c.cpython-38-x86_64-linux-gnu.so[0m
[11.286s] [100%] Built target realsense2_camera_msgs__rosidl_typesupport_introspection_c__pyext
[11.344s] [100%] Built target realsense2_camera_msgs__rosidl_typesupport_c__pyext
[11.361s] [100%] Built target realsense2_camera_msgs__rosidl_typesupport_fastrtps_c__pyext
[11.404s] Invoked command in '/home/utilizador/charmie_ws/build/realsense2_camera_msgs' returned '0': CMAKE_PREFIX_PATH=${CMAKE_PREFIX_PATH}:/home/utilizador/charmie_ws/install/yolo_obj:/home/utilizador/charmie_ws/install/charmie_speakers:/home/utilizador/charmie_ws/install/charmie_receptionist:/home/utilizador/charmie_ws/install/charmie_ps4_controller:/home/utilizador/charmie_ws/install/charmie_odometry:/home/utilizador/charmie_ws/install/charmie_obstacles:/home/utilizador/charmie_ws/install/charmie_neck_dynamixel:/home/utilizador/charmie_ws/install/charmie_navigation_sdnl:/home/utilizador/charmie_ws/install/charmie_low_level:/home/utilizador/charmie_ws/install/charmie_localisation:/home/utilizador/charmie_ws/install/charmie_lidar_hokuyo:/home/utilizador/charmie_ws/install/charmie_inspection:/home/utilizador/charmie_ws/install/charmie_debug:/home/utilizador/charmie_ws/install/charmie_audio:/home/utilizador/charmie_ws/install/charmie_face_shiningrgb:/home/utilizador/charmie_ws/install/charmie_door_start:/opt/ros/foxy /usr/bin/cmake --build /home/utilizador/charmie_ws/build/realsense2_camera_msgs -- -j8 -l8
[11.615s] Invoking command in '/home/utilizador/charmie_ws/build/realsense2_camera_msgs': CMAKE_PREFIX_PATH=${CMAKE_PREFIX_PATH}:/home/utilizador/charmie_ws/install/yolo_obj:/home/utilizador/charmie_ws/install/charmie_speakers:/home/utilizador/charmie_ws/install/charmie_receptionist:/home/utilizador/charmie_ws/install/charmie_ps4_controller:/home/utilizador/charmie_ws/install/charmie_odometry:/home/utilizador/charmie_ws/install/charmie_obstacles:/home/utilizador/charmie_ws/install/charmie_neck_dynamixel:/home/utilizador/charmie_ws/install/charmie_navigation_sdnl:/home/utilizador/charmie_ws/install/charmie_low_level:/home/utilizador/charmie_ws/install/charmie_localisation:/home/utilizador/charmie_ws/install/charmie_lidar_hokuyo:/home/utilizador/charmie_ws/install/charmie_inspection:/home/utilizador/charmie_ws/install/charmie_debug:/home/utilizador/charmie_ws/install/charmie_audio:/home/utilizador/charmie_ws/install/charmie_face_shiningrgb:/home/utilizador/charmie_ws/install/charmie_door_start:/opt/ros/foxy /usr/bin/cmake --install /home/utilizador/charmie_ws/build/realsense2_camera_msgs
[11.627s] -- Install configuration: ""
[11.627s] -- Installing: /home/utilizador/charmie_ws/install/realsense2_camera_msgs/share/ament_index/resource_index/rosidl_interfaces/realsense2_camera_msgs
[11.627s] -- Installing: /home/utilizador/charmie_ws/install/realsense2_camera_msgs/include/realsense2_camera_msgs
[11.627s] -- Installing: /home/utilizador/charmie_ws/install/realsense2_camera_msgs/include/realsense2_camera_msgs/srv
[11.627s] -- Installing: /home/utilizador/charmie_ws/install/realsense2_camera_msgs/include/realsense2_camera_msgs/srv/device_info.h
[11.627s] -- Installing: /home/utilizador/charmie_ws/install/realsense2_camera_msgs/include/realsense2_camera_msgs/srv/detail
[11.628s] -- Installing: /home/utilizador/charmie_ws/install/realsense2_camera_msgs/include/realsense2_camera_msgs/srv/detail/device_info__functions.h
[11.628s] -- Installing: /home/utilizador/charmie_ws/install/realsense2_camera_msgs/include/realsense2_camera_msgs/srv/detail/device_info__functions.c
[11.628s] -- Installing: /home/utilizador/charmie_ws/install/realsense2_camera_msgs/include/realsense2_camera_msgs/srv/detail/device_info__type_support.h
[11.628s] -- Installing: /home/utilizador/charmie_ws/install/realsense2_camera_msgs/include/realsense2_camera_msgs/srv/detail/device_info__struct.h
[11.628s] -- Installing: /home/utilizador/charmie_ws/install/realsense2_camera_msgs/include/realsense2_camera_msgs/msg
[11.628s] -- Installing: /home/utilizador/charmie_ws/install/realsense2_camera_msgs/include/realsense2_camera_msgs/msg/metadata.h
[11.628s] -- Installing: /home/utilizador/charmie_ws/install/realsense2_camera_msgs/include/realsense2_camera_msgs/msg/extrinsics.h
[11.629s] -- Installing: /home/utilizador/charmie_ws/install/realsense2_camera_msgs/include/realsense2_camera_msgs/msg/imu_info.h
[11.629s] -- Installing: /home/utilizador/charmie_ws/install/realsense2_camera_msgs/include/realsense2_camera_msgs/msg/rosidl_generator_c__visibility_control.h
[11.629s] -- Installing: /home/utilizador/charmie_ws/install/realsense2_camera_msgs/include/realsense2_camera_msgs/msg/detail
[11.629s] -- Installing: /home/utilizador/charmie_ws/install/realsense2_camera_msgs/include/realsense2_camera_msgs/msg/detail/extrinsics__struct.h
[11.629s] -- Installing: /home/utilizador/charmie_ws/install/realsense2_camera_msgs/include/realsense2_camera_msgs/msg/detail/extrinsics__functions.h
[11.629s] -- Installing: /home/utilizador/charmie_ws/install/realsense2_camera_msgs/include/realsense2_camera_msgs/msg/detail/metadata__struct.h
[11.629s] -- Installing: /home/utilizador/charmie_ws/install/realsense2_camera_msgs/include/realsense2_camera_msgs/msg/detail/imu_info__functions.h
[11.630s] -- Installing: /home/utilizador/charmie_ws/install/realsense2_camera_msgs/include/realsense2_camera_msgs/msg/detail/metadata__type_support.h
[11.630s] -- Installing: /home/utilizador/charmie_ws/install/realsense2_camera_msgs/include/realsense2_camera_msgs/msg/detail/extrinsics__type_support.h
[11.630s] -- Installing: /home/utilizador/charmie_ws/install/realsense2_camera_msgs/include/realsense2_camera_msgs/msg/detail/imu_info__type_support.h
[11.630s] -- Installing: /home/utilizador/charmie_ws/install/realsense2_camera_msgs/include/realsense2_camera_msgs/msg/detail/metadata__functions.c
[11.630s] -- Installing: /home/utilizador/charmie_ws/install/realsense2_camera_msgs/include/realsense2_camera_msgs/msg/detail/extrinsics__functions.c
[11.630s] -- Installing: /home/utilizador/charmie_ws/install/realsense2_camera_msgs/include/realsense2_camera_msgs/msg/detail/metadata__functions.h
[11.630s] -- Installing: /home/utilizador/charmie_ws/install/realsense2_camera_msgs/include/realsense2_camera_msgs/msg/detail/imu_info__struct.h
[11.630s] -- Installing: /home/utilizador/charmie_ws/install/realsense2_camera_msgs/include/realsense2_camera_msgs/msg/detail/imu_info__functions.c
[11.630s] -- Installing: /home/utilizador/charmie_ws/install/realsense2_camera_msgs/share/realsense2_camera_msgs/environment/library_path.sh
[11.630s] -- Installing: /home/utilizador/charmie_ws/install/realsense2_camera_msgs/share/realsense2_camera_msgs/environment/library_path.dsv
[11.631s] -- Installing: /home/utilizador/charmie_ws/install/realsense2_camera_msgs/lib/librealsense2_camera_msgs__rosidl_generator_c.so
[11.631s] -- Set runtime path of "/home/utilizador/charmie_ws/install/realsense2_camera_msgs/lib/librealsense2_camera_msgs__rosidl_generator_c.so" to ""
[11.631s] -- Up-to-date: /home/utilizador/charmie_ws/install/realsense2_camera_msgs/include/realsense2_camera_msgs
[11.631s] -- Up-to-date: /home/utilizador/charmie_ws/install/realsense2_camera_msgs/include/realsense2_camera_msgs/srv
[11.631s] -- Up-to-date: /home/utilizador/charmie_ws/install/realsense2_camera_msgs/include/realsense2_camera_msgs/srv/detail
[11.631s] -- Installing: /home/utilizador/charmie_ws/install/realsense2_camera_msgs/include/realsense2_camera_msgs/srv/detail/device_info__rosidl_typesupport_fastrtps_c.h
[11.631s] -- Up-to-date: /home/utilizador/charmie_ws/install/realsense2_camera_msgs/include/realsense2_camera_msgs/msg
[11.632s] -- Installing: /home/utilizador/charmie_ws/install/realsense2_camera_msgs/include/realsense2_camera_msgs/msg/rosidl_typesupport_fastrtps_c__visibility_control.h
[11.632s] -- Up-to-date: /home/utilizador/charmie_ws/install/realsense2_camera_msgs/include/realsense2_camera_msgs/msg/detail
[11.632s] -- Installing: /home/utilizador/charmie_ws/install/realsense2_camera_msgs/include/realsense2_camera_msgs/msg/detail/extrinsics__rosidl_typesupport_fastrtps_c.h
[11.632s] -- Installing: /home/utilizador/charmie_ws/install/realsense2_camera_msgs/include/realsense2_camera_msgs/msg/detail/imu_info__rosidl_typesupport_fastrtps_c.h
[11.632s] -- Installing: /home/utilizador/charmie_ws/install/realsense2_camera_msgs/include/realsense2_camera_msgs/msg/detail/metadata__rosidl_typesupport_fastrtps_c.h
[11.632s] -- Installing: /home/utilizador/charmie_ws/install/realsense2_camera_msgs/lib/librealsense2_camera_msgs__rosidl_typesupport_fastrtps_c.so
[11.633s] -- Set runtime path of "/home/utilizador/charmie_ws/install/realsense2_camera_msgs/lib/librealsense2_camera_msgs__rosidl_typesupport_fastrtps_c.so" to ""
[11.633s] -- Up-to-date: /home/utilizador/charmie_ws/install/realsense2_camera_msgs/include/realsense2_camera_msgs
[11.633s] -- Up-to-date: /home/utilizador/charmie_ws/install/realsense2_camera_msgs/include/realsense2_camera_msgs/srv
[11.633s] -- Up-to-date: /home/utilizador/charmie_ws/install/realsense2_camera_msgs/include/realsense2_camera_msgs/srv/detail
[11.633s] -- Installing: /home/utilizador/charmie_ws/install/realsense2_camera_msgs/include/realsense2_camera_msgs/srv/detail/dds_fastrtps
[11.633s] -- Installing: /home/utilizador/charmie_ws/install/realsense2_camera_msgs/include/realsense2_camera_msgs/srv/detail/device_info__rosidl_typesupport_fastrtps_cpp.hpp
[11.634s] -- Up-to-date: /home/utilizador/charmie_ws/install/realsense2_camera_msgs/include/realsense2_camera_msgs/msg
[11.634s] -- Installing: /home/utilizador/charmie_ws/install/realsense2_camera_msgs/include/realsense2_camera_msgs/msg/rosidl_typesupport_fastrtps_cpp__visibility_control.h
[11.634s] -- Up-to-date: /home/utilizador/charmie_ws/install/realsense2_camera_msgs/include/realsense2_camera_msgs/msg/detail
[11.634s] -- Installing: /home/utilizador/charmie_ws/install/realsense2_camera_msgs/include/realsense2_camera_msgs/msg/detail/extrinsics__rosidl_typesupport_fastrtps_cpp.hpp
[11.634s] -- Installing: /home/utilizador/charmie_ws/install/realsense2_camera_msgs/include/realsense2_camera_msgs/msg/detail/dds_fastrtps
[11.634s] -- Installing: /home/utilizador/charmie_ws/install/realsense2_camera_msgs/include/realsense2_camera_msgs/msg/detail/metadata__rosidl_typesupport_fastrtps_cpp.hpp
[11.634s] -- Installing: /home/utilizador/charmie_ws/install/realsense2_camera_msgs/include/realsense2_camera_msgs/msg/detail/imu_info__rosidl_typesupport_fastrtps_cpp.hpp
[11.635s] -- Installing: /home/utilizador/charmie_ws/install/realsense2_camera_msgs/lib/librealsense2_camera_msgs__rosidl_typesupport_fastrtps_cpp.so
[11.635s] -- Set runtime path of "/home/utilizador/charmie_ws/install/realsense2_camera_msgs/lib/librealsense2_camera_msgs__rosidl_typesupport_fastrtps_cpp.so" to ""
[11.635s] -- Up-to-date: /home/utilizador/charmie_ws/install/realsense2_camera_msgs/include/realsense2_camera_msgs
[11.635s] -- Up-to-date: /home/utilizador/charmie_ws/install/realsense2_camera_msgs/include/realsense2_camera_msgs/srv
[11.635s] -- Up-to-date: /home/utilizador/charmie_ws/install/realsense2_camera_msgs/include/realsense2_camera_msgs/srv/detail
[11.635s] -- Installing: /home/utilizador/charmie_ws/install/realsense2_camera_msgs/include/realsense2_camera_msgs/srv/detail/device_info__rosidl_typesupport_introspection_c.h
[11.635s] -- Installing: /home/utilizador/charmie_ws/install/realsense2_camera_msgs/include/realsense2_camera_msgs/srv/detail/device_info__type_support.c
[11.635s] -- Up-to-date: /home/utilizador/charmie_ws/install/realsense2_camera_msgs/include/realsense2_camera_msgs/msg
[11.635s] -- Installing: /home/utilizador/charmie_ws/install/realsense2_camera_msgs/include/realsense2_camera_msgs/msg/rosidl_typesupport_introspection_c__visibility_control.h
[11.636s] -- Up-to-date: /home/utilizador/charmie_ws/install/realsense2_camera_msgs/include/realsense2_camera_msgs/msg/detail
[11.636s] -- Installing: /home/utilizador/charmie_ws/install/realsense2_camera_msgs/include/realsense2_camera_msgs/msg/detail/extrinsics__rosidl_typesupport_introspection_c.h
[11.636s] -- Installing: /home/utilizador/charmie_ws/install/realsense2_camera_msgs/include/realsense2_camera_msgs/msg/detail/extrinsics__type_support.c
[11.636s] -- Installing: /home/utilizador/charmie_ws/install/realsense2_camera_msgs/include/realsense2_camera_msgs/msg/detail/metadata__rosidl_typesupport_introspection_c.h
[11.636s] -- Installing: /home/utilizador/charmie_ws/install/realsense2_camera_msgs/include/realsense2_camera_msgs/msg/detail/metadata__type_support.c
[11.636s] -- Installing: /home/utilizador/charmie_ws/install/realsense2_camera_msgs/include/realsense2_camera_msgs/msg/detail/imu_info__rosidl_typesupport_introspection_c.h
[11.636s] -- Installing: /home/utilizador/charmie_ws/install/realsense2_camera_msgs/include/realsense2_camera_msgs/msg/detail/imu_info__type_support.c
[11.636s] -- Installing: /home/utilizador/charmie_ws/install/realsense2_camera_msgs/lib/librealsense2_camera_msgs__rosidl_typesupport_introspection_c.so
[11.636s] -- Set runtime path of "/home/utilizador/charmie_ws/install/realsense2_camera_msgs/lib/librealsense2_camera_msgs__rosidl_typesupport_introspection_c.so" to ""
[11.636s] -- Installing: /home/utilizador/charmie_ws/install/realsense2_camera_msgs/lib/librealsense2_camera_msgs__rosidl_typesupport_c.so
[11.637s] -- Set runtime path of "/home/utilizador/charmie_ws/install/realsense2_camera_msgs/lib/librealsense2_camera_msgs__rosidl_typesupport_c.so" to ""
[11.637s] -- Up-to-date: /home/utilizador/charmie_ws/install/realsense2_camera_msgs/include/realsense2_camera_msgs
[11.637s] -- Up-to-date: /home/utilizador/charmie_ws/install/realsense2_camera_msgs/include/realsense2_camera_msgs/srv
[11.637s] -- Installing: /home/utilizador/charmie_ws/install/realsense2_camera_msgs/include/realsense2_camera_msgs/srv/device_info.hpp
[11.637s] -- Up-to-date: /home/utilizador/charmie_ws/install/realsense2_camera_msgs/include/realsense2_camera_msgs/srv/detail
[11.637s] -- Installing: /home/utilizador/charmie_ws/install/realsense2_camera_msgs/include/realsense2_camera_msgs/srv/detail/device_info__struct.hpp
[11.637s] -- Installing: /home/utilizador/charmie_ws/install/realsense2_camera_msgs/include/realsense2_camera_msgs/srv/detail/device_info__traits.hpp
[11.637s] -- Installing: /home/utilizador/charmie_ws/install/realsense2_camera_msgs/include/realsense2_camera_msgs/srv/detail/device_info__builder.hpp
[11.637s] -- Up-to-date: /home/utilizador/charmie_ws/install/realsense2_camera_msgs/include/realsense2_camera_msgs/msg
[11.638s] -- Installing: /home/utilizador/charmie_ws/install/realsense2_camera_msgs/include/realsense2_camera_msgs/msg/extrinsics.hpp
[11.638s] -- Installing: /home/utilizador/charmie_ws/install/realsense2_camera_msgs/include/realsense2_camera_msgs/msg/imu_info.hpp
[11.638s] -- Installing: /home/utilizador/charmie_ws/install/realsense2_camera_msgs/include/realsense2_camera_msgs/msg/metadata.hpp
[11.638s] -- Up-to-date: /home/utilizador/charmie_ws/install/realsense2_camera_msgs/include/realsense2_camera_msgs/msg/detail
[11.638s] -- Installing: /home/utilizador/charmie_ws/install/realsense2_camera_msgs/include/realsense2_camera_msgs/msg/detail/metadata__struct.hpp
[11.638s] -- Installing: /home/utilizador/charmie_ws/install/realsense2_camera_msgs/include/realsense2_camera_msgs/msg/detail/imu_info__builder.hpp
[11.638s] -- Installing: /home/utilizador/charmie_ws/install/realsense2_camera_msgs/include/realsense2_camera_msgs/msg/detail/imu_info__traits.hpp
[11.638s] -- Installing: /home/utilizador/charmie_ws/install/realsense2_camera_msgs/include/realsense2_camera_msgs/msg/detail/extrinsics__builder.hpp
[11.639s] -- Installing: /home/utilizador/charmie_ws/install/realsense2_camera_msgs/include/realsense2_camera_msgs/msg/detail/extrinsics__struct.hpp
[11.639s] -- Installing: /home/utilizador/charmie_ws/install/realsense2_camera_msgs/include/realsense2_camera_msgs/msg/detail/extrinsics__traits.hpp
[11.639s] -- Installing: /home/utilizador/charmie_ws/install/realsense2_camera_msgs/include/realsense2_camera_msgs/msg/detail/metadata__traits.hpp
[11.639s] -- Installing: /home/utilizador/charmie_ws/install/realsense2_camera_msgs/include/realsense2_camera_msgs/msg/detail/metadata__builder.hpp
[11.639s] -- Installing: /home/utilizador/charmie_ws/install/realsense2_camera_msgs/include/realsense2_camera_msgs/msg/detail/imu_info__struct.hpp
[11.639s] -- Up-to-date: /home/utilizador/charmie_ws/install/realsense2_camera_msgs/include/realsense2_camera_msgs
[11.639s] -- Up-to-date: /home/utilizador/charmie_ws/install/realsense2_camera_msgs/include/realsense2_camera_msgs/srv
[11.639s] -- Up-to-date: /home/utilizador/charmie_ws/install/realsense2_camera_msgs/include/realsense2_camera_msgs/srv/detail
[11.640s] -- Installing: /home/utilizador/charmie_ws/install/realsense2_camera_msgs/include/realsense2_camera_msgs/srv/detail/device_info__type_support.cpp
[11.640s] -- Installing: /home/utilizador/charmie_ws/install/realsense2_camera_msgs/include/realsense2_camera_msgs/srv/detail/device_info__rosidl_typesupport_introspection_cpp.hpp
[11.640s] -- Up-to-date: /home/utilizador/charmie_ws/install/realsense2_camera_msgs/include/realsense2_camera_msgs/msg
[11.640s] -- Up-to-date: /home/utilizador/charmie_ws/install/realsense2_camera_msgs/include/realsense2_camera_msgs/msg/detail
[11.640s] -- Installing: /home/utilizador/charmie_ws/install/realsense2_camera_msgs/include/realsense2_camera_msgs/msg/detail/imu_info__rosidl_typesupport_introspection_cpp.hpp
[11.640s] -- Installing: /home/utilizador/charmie_ws/install/realsense2_camera_msgs/include/realsense2_camera_msgs/msg/detail/metadata__type_support.cpp
[11.640s] -- Installing: /home/utilizador/charmie_ws/install/realsense2_camera_msgs/include/realsense2_camera_msgs/msg/detail/metadata__rosidl_typesupport_introspection_cpp.hpp
[11.640s] -- Installing: /home/utilizador/charmie_ws/install/realsense2_camera_msgs/include/realsense2_camera_msgs/msg/detail/extrinsics__rosidl_typesupport_introspection_cpp.hpp
[11.640s] -- Installing: /home/utilizador/charmie_ws/install/realsense2_camera_msgs/include/realsense2_camera_msgs/msg/detail/extrinsics__type_support.cpp
[11.641s] -- Installing: /home/utilizador/charmie_ws/install/realsense2_camera_msgs/include/realsense2_camera_msgs/msg/detail/imu_info__type_support.cpp
[11.641s] -- Installing: /home/utilizador/charmie_ws/install/realsense2_camera_msgs/lib/librealsense2_camera_msgs__rosidl_typesupport_introspection_cpp.so
[11.641s] -- Set runtime path of "/home/utilizador/charmie_ws/install/realsense2_camera_msgs/lib/librealsense2_camera_msgs__rosidl_typesupport_introspection_cpp.so" to ""
[11.641s] -- Installing: /home/utilizador/charmie_ws/install/realsense2_camera_msgs/lib/librealsense2_camera_msgs__rosidl_typesupport_cpp.so
[11.642s] -- Set runtime path of "/home/utilizador/charmie_ws/install/realsense2_camera_msgs/lib/librealsense2_camera_msgs__rosidl_typesupport_cpp.so" to ""
[11.642s] -- Installing: /home/utilizador/charmie_ws/install/realsense2_camera_msgs/share/realsense2_camera_msgs/environment/pythonpath.sh
[11.642s] -- Installing: /home/utilizador/charmie_ws/install/realsense2_camera_msgs/share/realsense2_camera_msgs/environment/pythonpath.dsv
[11.642s] -- Installing: /home/utilizador/charmie_ws/install/realsense2_camera_msgs/lib/python3.8/site-packages/realsense2_camera_msgs/__init__.py
[11.684s] Compiling '/home/utilizador/charmie_ws/install/realsense2_camera_msgs/lib/python3.8/site-packages/realsense2_camera_msgs/__init__.py'...
[11.690s] -- Installing: /home/utilizador/charmie_ws/install/realsense2_camera_msgs/lib/python3.8/site-packages/realsense2_camera_msgs/msg
[11.690s] -- Installing: /home/utilizador/charmie_ws/install/realsense2_camera_msgs/lib/python3.8/site-packages/realsense2_camera_msgs/msg/_extrinsics.py
[11.690s] -- Installing: /home/utilizador/charmie_ws/install/realsense2_camera_msgs/lib/python3.8/site-packages/realsense2_camera_msgs/msg/_metadata.py
[11.690s] -- Installing: /home/utilizador/charmie_ws/install/realsense2_camera_msgs/lib/python3.8/site-packages/realsense2_camera_msgs/msg/_extrinsics_s.c
[11.691s] -- Installing: /home/utilizador/charmie_ws/install/realsense2_camera_msgs/lib/python3.8/site-packages/realsense2_camera_msgs/msg/_imu_info.py
[11.691s] -- Installing: /home/utilizador/charmie_ws/install/realsense2_camera_msgs/lib/python3.8/site-packages/realsense2_camera_msgs/msg/_imu_info_s.c
[11.691s] -- Installing: /home/utilizador/charmie_ws/install/realsense2_camera_msgs/lib/python3.8/site-packages/realsense2_camera_msgs/msg/__init__.py
[11.691s] -- Installing: /home/utilizador/charmie_ws/install/realsense2_camera_msgs/lib/python3.8/site-packages/realsense2_camera_msgs/msg/_metadata_s.c
[11.691s] -- Installing: /home/utilizador/charmie_ws/install/realsense2_camera_msgs/lib/python3.8/site-packages/realsense2_camera_msgs/srv
[11.691s] -- Installing: /home/utilizador/charmie_ws/install/realsense2_camera_msgs/lib/python3.8/site-packages/realsense2_camera_msgs/srv/_device_info_s.c
[11.691s] -- Installing: /home/utilizador/charmie_ws/install/realsense2_camera_msgs/lib/python3.8/site-packages/realsense2_camera_msgs/srv/_device_info.py
[11.691s] -- Installing: /home/utilizador/charmie_ws/install/realsense2_camera_msgs/lib/python3.8/site-packages/realsense2_camera_msgs/srv/__init__.py
[11.692s] -- Installing: /home/utilizador/charmie_ws/install/realsense2_camera_msgs/lib/python3.8/site-packages/realsense2_camera_msgs/realsense2_camera_msgs_s__rosidl_typesupport_fastrtps_c.cpython-38-x86_64-linux-gnu.so
[11.692s] -- Set runtime path of "/home/utilizador/charmie_ws/install/realsense2_camera_msgs/lib/python3.8/site-packages/realsense2_camera_msgs/realsense2_camera_msgs_s__rosidl_typesupport_fastrtps_c.cpython-38-x86_64-linux-gnu.so" to ""
[11.693s] -- Installing: /home/utilizador/charmie_ws/install/realsense2_camera_msgs/lib/python3.8/site-packages/realsense2_camera_msgs/realsense2_camera_msgs_s__rosidl_typesupport_introspection_c.cpython-38-x86_64-linux-gnu.so
[11.693s] -- Set runtime path of "/home/utilizador/charmie_ws/install/realsense2_camera_msgs/lib/python3.8/site-packages/realsense2_camera_msgs/realsense2_camera_msgs_s__rosidl_typesupport_introspection_c.cpython-38-x86_64-linux-gnu.so" to ""
[11.694s] -- Installing: /home/utilizador/charmie_ws/install/realsense2_camera_msgs/lib/python3.8/site-packages/realsense2_camera_msgs/realsense2_camera_msgs_s__rosidl_typesupport_c.cpython-38-x86_64-linux-gnu.so
[11.694s] -- Set runtime path of "/home/utilizador/charmie_ws/install/realsense2_camera_msgs/lib/python3.8/site-packages/realsense2_camera_msgs/realsense2_camera_msgs_s__rosidl_typesupport_c.cpython-38-x86_64-linux-gnu.so" to ""
[11.695s] -- Installing: /home/utilizador/charmie_ws/install/realsense2_camera_msgs/lib/librealsense2_camera_msgs__python.so
[11.695s] -- Set runtime path of "/home/utilizador/charmie_ws/install/realsense2_camera_msgs/lib/librealsense2_camera_msgs__python.so" to ""
[11.695s] -- Installing: /home/utilizador/charmie_ws/install/realsense2_camera_msgs/share/realsense2_camera_msgs/msg/IMUInfo.idl
[11.695s] -- Installing: /home/utilizador/charmie_ws/install/realsense2_camera_msgs/share/realsense2_camera_msgs/msg/Extrinsics.idl
[11.695s] -- Installing: /home/utilizador/charmie_ws/install/realsense2_camera_msgs/share/realsense2_camera_msgs/msg/Metadata.idl
[11.696s] -- Installing: /home/utilizador/charmie_ws/install/realsense2_camera_msgs/share/realsense2_camera_msgs/srv/DeviceInfo.idl
[11.696s] -- Installing: /home/utilizador/charmie_ws/install/realsense2_camera_msgs/share/realsense2_camera_msgs/msg/IMUInfo.msg
[11.696s] -- Installing: /home/utilizador/charmie_ws/install/realsense2_camera_msgs/share/realsense2_camera_msgs/msg/Extrinsics.msg
[11.696s] -- Installing: /home/utilizador/charmie_ws/install/realsense2_camera_msgs/share/realsense2_camera_msgs/msg/Metadata.msg
[11.696s] -- Installing: /home/utilizador/charmie_ws/install/realsense2_camera_msgs/share/realsense2_camera_msgs/srv/DeviceInfo.srv
[11.696s] -- Installing: /home/utilizador/charmie_ws/install/realsense2_camera_msgs/share/realsense2_camera_msgs/srv/DeviceInfo_Request.msg
[11.697s] -- Installing: /home/utilizador/charmie_ws/install/realsense2_camera_msgs/share/realsense2_camera_msgs/srv/DeviceInfo_Response.msg
[11.697s] -- Installing: /home/utilizador/charmie_ws/install/realsense2_camera_msgs/share/ament_index/resource_index/package_run_dependencies/realsense2_camera_msgs
[11.697s] -- Installing: /home/utilizador/charmie_ws/install/realsense2_camera_msgs/share/ament_index/resource_index/parent_prefix_path/realsense2_camera_msgs
[11.697s] -- Installing: /home/utilizador/charmie_ws/install/realsense2_camera_msgs/share/realsense2_camera_msgs/environment/ament_prefix_path.sh
[11.697s] -- Installing: /home/utilizador/charmie_ws/install/realsense2_camera_msgs/share/realsense2_camera_msgs/environment/ament_prefix_path.dsv
[11.697s] -- Installing: /home/utilizador/charmie_ws/install/realsense2_camera_msgs/share/realsense2_camera_msgs/environment/path.sh
[11.698s] -- Installing: /home/utilizador/charmie_ws/install/realsense2_camera_msgs/share/realsense2_camera_msgs/environment/path.dsv
[11.698s] -- Installing: /home/utilizador/charmie_ws/install/realsense2_camera_msgs/share/realsense2_camera_msgs/local_setup.bash
[11.698s] -- Installing: /home/utilizador/charmie_ws/install/realsense2_camera_msgs/share/realsense2_camera_msgs/local_setup.sh
[11.698s] -- Installing: /home/utilizador/charmie_ws/install/realsense2_camera_msgs/share/realsense2_camera_msgs/local_setup.zsh
[11.698s] -- Installing: /home/utilizador/charmie_ws/install/realsense2_camera_msgs/share/realsense2_camera_msgs/local_setup.dsv
[11.699s] -- Installing: /home/utilizador/charmie_ws/install/realsense2_camera_msgs/share/realsense2_camera_msgs/package.dsv
[11.699s] -- Installing: /home/utilizador/charmie_ws/install/realsense2_camera_msgs/share/ament_index/resource_index/packages/realsense2_camera_msgs
[11.699s] -- Installing: /home/utilizador/charmie_ws/install/realsense2_camera_msgs/share/realsense2_camera_msgs/cmake/realsense2_camera_msgs__rosidl_generator_cExport.cmake
[11.699s] -- Installing: /home/utilizador/charmie_ws/install/realsense2_camera_msgs/share/realsense2_camera_msgs/cmake/realsense2_camera_msgs__rosidl_generator_cExport-noconfig.cmake
[11.699s] -- Installing: /home/utilizador/charmie_ws/install/realsense2_camera_msgs/share/realsense2_camera_msgs/cmake/realsense2_camera_msgs__rosidl_typesupport_introspection_cExport.cmake
[11.700s] -- Installing: /home/utilizador/charmie_ws/install/realsense2_camera_msgs/share/realsense2_camera_msgs/cmake/realsense2_camera_msgs__rosidl_typesupport_introspection_cExport-noconfig.cmake
[11.700s] -- Installing: /home/utilizador/charmie_ws/install/realsense2_camera_msgs/share/realsense2_camera_msgs/cmake/realsense2_camera_msgs__rosidl_typesupport_cExport.cmake
[11.700s] -- Installing: /home/utilizador/charmie_ws/install/realsense2_camera_msgs/share/realsense2_camera_msgs/cmake/realsense2_camera_msgs__rosidl_typesupport_cExport-noconfig.cmake
[11.700s] -- Installing: /home/utilizador/charmie_ws/install/realsense2_camera_msgs/share/realsense2_camera_msgs/cmake/realsense2_camera_msgs__rosidl_generator_cppExport.cmake
[11.701s] -- Installing: /home/utilizador/charmie_ws/install/realsense2_camera_msgs/share/realsense2_camera_msgs/cmake/realsense2_camera_msgs__rosidl_typesupport_introspection_cppExport.cmake
[11.701s] -- Installing: /home/utilizador/charmie_ws/install/realsense2_camera_msgs/share/realsense2_camera_msgs/cmake/realsense2_camera_msgs__rosidl_typesupport_introspection_cppExport-noconfig.cmake
[11.701s] -- Installing: /home/utilizador/charmie_ws/install/realsense2_camera_msgs/share/realsense2_camera_msgs/cmake/realsense2_camera_msgs__rosidl_typesupport_cppExport.cmake
[11.701s] -- Installing: /home/utilizador/charmie_ws/install/realsense2_camera_msgs/share/realsense2_camera_msgs/cmake/realsense2_camera_msgs__rosidl_typesupport_cppExport-noconfig.cmake
[11.701s] -- Installing: /home/utilizador/charmie_ws/install/realsense2_camera_msgs/share/realsense2_camera_msgs/cmake/rosidl_cmake-extras.cmake
[11.702s] -- Installing: /home/utilizador/charmie_ws/install/realsense2_camera_msgs/share/realsense2_camera_msgs/cmake/ament_cmake_export_dependencies-extras.cmake
[11.702s] -- Installing: /home/utilizador/charmie_ws/install/realsense2_camera_msgs/share/realsense2_camera_msgs/cmake/ament_cmake_export_libraries-extras.cmake
[11.702s] -- Installing: /home/utilizador/charmie_ws/install/realsense2_camera_msgs/share/realsense2_camera_msgs/cmake/ament_cmake_export_targets-extras.cmake
[11.702s] -- Installing: /home/utilizador/charmie_ws/install/realsense2_camera_msgs/share/realsense2_camera_msgs/cmake/ament_cmake_export_include_directories-extras.cmake
[11.702s] -- Installing: /home/utilizador/charmie_ws/install/realsense2_camera_msgs/share/realsense2_camera_msgs/cmake/rosidl_cmake_export_typesupport_libraries-extras.cmake
[11.703s] -- Installing: /home/utilizador/charmie_ws/install/realsense2_camera_msgs/share/realsense2_camera_msgs/cmake/rosidl_cmake_export_typesupport_targets-extras.cmake
[11.703s] -- Installing: /home/utilizador/charmie_ws/install/realsense2_camera_msgs/share/realsense2_camera_msgs/cmake/realsense2_camera_msgsConfig.cmake
[11.703s] -- Installing: /home/utilizador/charmie_ws/install/realsense2_camera_msgs/share/realsense2_camera_msgs/cmake/realsense2_camera_msgsConfig-version.cmake
[11.703s] -- Installing: /home/utilizador/charmie_ws/install/realsense2_camera_msgs/share/realsense2_camera_msgs/package.xml
[11.709s] Invoked command in '/home/utilizador/charmie_ws/build/realsense2_camera_msgs' returned '0': CMAKE_PREFIX_PATH=${CMAKE_PREFIX_PATH}:/home/utilizador/charmie_ws/install/yolo_obj:/home/utilizador/charmie_ws/install/charmie_speakers:/home/utilizador/charmie_ws/install/charmie_receptionist:/home/utilizador/charmie_ws/install/charmie_ps4_controller:/home/utilizador/charmie_ws/install/charmie_odometry:/home/utilizador/charmie_ws/install/charmie_obstacles:/home/utilizador/charmie_ws/install/charmie_neck_dynamixel:/home/utilizador/charmie_ws/install/charmie_navigation_sdnl:/home/utilizador/charmie_ws/install/charmie_low_level:/home/utilizador/charmie_ws/install/charmie_localisation:/home/utilizador/charmie_ws/install/charmie_lidar_hokuyo:/home/utilizador/charmie_ws/install/charmie_inspection:/home/utilizador/charmie_ws/install/charmie_debug:/home/utilizador/charmie_ws/install/charmie_audio:/home/utilizador/charmie_ws/install/charmie_face_shiningrgb:/home/utilizador/charmie_ws/install/charmie_door_start:/opt/ros/foxy /usr/bin/cmake --install /home/utilizador/charmie_ws/build/realsense2_camera_msgs
