[4.383s] Invoking command in '/home/utilizador/charmie_ws/build/charmie_speakers_offline': AMENT_PREFIX_PATH=/home/utilizador/charmie_ws/install/charmie_interfaces:${AMENT_PREFIX_PATH} CMAKE_PREFIX_PATH=/home/utilizador/charmie_ws/install/charmie_interfaces LD_LIBRARY_PATH=/home/utilizador/charmie_ws/install/charmie_interfaces/lib:${LD_LIBRARY_PATH} PYTHONPATH=/home/utilizador/charmie_ws/build/charmie_speakers_offline/prefix_override:/home/utilizador/charmie_ws/install/charmie_speakers_offline/lib/python3.8/site-packages:/home/utilizador/charmie_ws/install/charmie_interfaces/lib/python3.8/site-packages:${PYTHONPATH} /usr/bin/python3 setup.py develop --editable --build-directory /home/utilizador/charmie_ws/build/charmie_speakers_offline/build --no-deps install_data
[5.616s] running develop
[6.233s] running egg_info
[6.233s] creating charmie_speakers_offline.egg-info
[6.233s] writing charmie_speakers_offline.egg-info/PKG-INFO
[6.233s] writing dependency_links to charmie_speakers_offline.egg-info/dependency_links.txt
[6.234s] writing entry points to charmie_speakers_offline.egg-info/entry_points.txt
[6.234s] writing requirements to charmie_speakers_offline.egg-info/requires.txt
[6.234s] writing top-level names to charmie_speakers_offline.egg-info/top_level.txt
[6.236s] writing manifest file 'charmie_speakers_offline.egg-info/SOURCES.txt'
[6.239s] reading manifest file 'charmie_speakers_offline.egg-info/SOURCES.txt'
[6.241s] writing manifest file 'charmie_speakers_offline.egg-info/SOURCES.txt'
[6.412s] running build_ext
[6.414s] Creating /home/utilizador/charmie_ws/install/charmie_speakers_offline/lib/python3.8/site-packages/charmie-speakers-offline.egg-link (link to .)
[6.419s] Installing speakers script to /home/utilizador/charmie_ws/install/charmie_speakers_offline/lib/charmie_speakers_offline
[6.420s] 
[6.421s] Installed /home/utilizador/charmie_ws/build/charmie_speakers_offline
[6.421s] running install_data
[6.421s] creating /home/utilizador/charmie_ws/install/charmie_speakers_offline/share/ament_index
[6.421s] creating /home/utilizador/charmie_ws/install/charmie_speakers_offline/share/ament_index/resource_index
[6.422s] creating /home/utilizador/charmie_ws/install/charmie_speakers_offline/share/ament_index/resource_index/packages
[6.422s] copying resource/charmie_speakers_offline -> /home/utilizador/charmie_ws/install/charmie_speakers_offline/share/ament_index/resource_index/packages
[6.422s] copying package.xml -> /home/utilizador/charmie_ws/install/charmie_speakers_offline/share/charmie_speakers_offline
[6.532s] Invoked command in '/home/utilizador/charmie_ws/build/charmie_speakers_offline' returned '0': AMENT_PREFIX_PATH=/home/utilizador/charmie_ws/install/charmie_interfaces:${AMENT_PREFIX_PATH} CMAKE_PREFIX_PATH=/home/utilizador/charmie_ws/install/charmie_interfaces LD_LIBRARY_PATH=/home/utilizador/charmie_ws/install/charmie_interfaces/lib:${LD_LIBRARY_PATH} PYTHONPATH=/home/utilizador/charmie_ws/build/charmie_speakers_offline/prefix_override:/home/utilizador/charmie_ws/install/charmie_speakers_offline/lib/python3.8/site-packages:/home/utilizador/charmie_ws/install/charmie_interfaces/lib/python3.8/site-packages:${PYTHONPATH} /usr/bin/python3 setup.py develop --editable --build-directory /home/utilizador/charmie_ws/build/charmie_speakers_offline/build --no-deps install_data
