[0.554s] Invoking command in '/home/utilizador/charmie_ws/build/realsense2_camera': AMENT_PREFIX_PATH=/home/utilizador/charmie_ws/install/realsense2_camera_msgs:${AMENT_PREFIX_PATH} CMAKE_PREFIX_PATH=/home/utilizador/charmie_ws/install/realsense2_camera_msgs:/opt/ros/foxy LD_LIBRARY_PATH=/home/utilizador/charmie_ws/install/realsense2_camera_msgs/lib:${LD_LIBRARY_PATH} PYTHONPATH=/home/utilizador/charmie_ws/install/realsense2_camera_msgs/lib/python3.8/site-packages:${PYTHONPATH} /usr/bin/cmake /home/utilizador/charmie_ws/src/realsense-ros/realsense2_camera -DCMAKE_INSTALL_PREFIX=/home/utilizador/charmie_ws/install/realsense2_camera
[0.578s] -- Create Release Build.
[0.579s] -- Found ament_cmake: 0.9.12 (/opt/ros/foxy/share/ament_cmake/cmake)
[0.621s] -- Using PYTHON_EXECUTABLE: /usr/bin/python3
[0.980s] -- Found builtin_interfaces: 1.0.0 (/opt/ros/foxy/share/builtin_interfaces/cmake)
[1.028s] -- Using all available rosidl_typesupport_c: rosidl_typesupport_fastrtps_c;rosidl_typesupport_introspection_c
[1.036s] -- Found rosidl_adapter: 1.3.1 (/opt/ros/foxy/share/rosidl_adapter/cmake)
[1.262s] -- Using all available rosidl_typesupport_cpp: rosidl_typesupport_fastrtps_cpp;rosidl_typesupport_introspection_cpp
[1.298s] -- Found cv_bridge: 3.0.7 (/opt/ros/foxy/share/cv_bridge/cmake)
[1.625s] -- Found image_transport: 2.4.0 (/opt/ros/foxy/share/image_transport/cmake)
[1.709s] -- Found rmw_implementation_cmake: 1.0.4 (/opt/ros/foxy/share/rmw_implementation_cmake/cmake)
[1.712s] -- Using RMW implementation 'rmw_fastrtps_cpp' as default
[2.006s] -- Found rclcpp_components: 2.4.3 (/opt/ros/foxy/share/rclcpp_components/cmake)
[2.061s] -- Found realsense2_camera_msgs: 4.51.1 (/home/utilizador/charmie_ws/install/realsense2_camera_msgs/share/realsense2_camera_msgs/cmake)
[2.099s] -- Found nav_msgs: 2.0.5 (/opt/ros/foxy/share/nav_msgs/cmake)
[2.174s] -- Found tf2_ros: 0.13.14 (/opt/ros/foxy/share/tf2_ros/cmake)
[2.471s] -- Found diagnostic_updater: 3.1.2 (/opt/ros/foxy/share/diagnostic_updater/cmake)
[2.554s] CMake Warning at CMakeLists.txt:119 (find_package):
[2.554s]   By not providing "Findrealsense2.cmake" in CMAKE_MODULE_PATH this project
[2.554s]   has asked CMake to find a package configuration file provided by
[2.554s]   "realsense2", but CMake did not find one.
[2.555s] 
[2.555s]   Could not find a package configuration file provided by "realsense2"
[2.555s]   (requested version 2.51.1) with any of the following names:
[2.555s] 
[2.555s]     realsense2Config.cmake
[2.555s]     realsense2-config.cmake
[2.555s] 
[2.555s]   Add the installation prefix of "realsense2" to CMAKE_PREFIX_PATH or set
[2.555s]   "realsense2_DIR" to a directory containing one of the above files.  If
[2.555s]   "realsense2" provides a separate development package or SDK, be sure it has
[2.555s]   been installed.
[2.555s] 
[2.555s] 
[2.555s] CMake Error at CMakeLists.txt:121 (message):
[2.555s]   
[2.555s] 
[2.556s]   
[2.556s] 
[2.556s]    Intel RealSense SDK 2.0 is missing, please install it from https://github.com/IntelRealSense/librealsense/releases
[2.556s] 
[2.556s]   
[2.556s] 
[2.556s] 
[2.556s] 
[2.556s] -- Configuring incomplete, errors occurred!
[2.556s] See also "/home/utilizador/charmie_ws/build/realsense2_camera/CMakeFiles/CMakeOutput.log".
[2.557s] See also "/home/utilizador/charmie_ws/build/realsense2_camera/CMakeFiles/CMakeError.log".
[2.568s] Invoked command in '/home/utilizador/charmie_ws/build/realsense2_camera' returned '1': AMENT_PREFIX_PATH=/home/utilizador/charmie_ws/install/realsense2_camera_msgs:${AMENT_PREFIX_PATH} CMAKE_PREFIX_PATH=/home/utilizador/charmie_ws/install/realsense2_camera_msgs:/opt/ros/foxy LD_LIBRARY_PATH=/home/utilizador/charmie_ws/install/realsense2_camera_msgs/lib:${LD_LIBRARY_PATH} PYTHONPATH=/home/utilizador/charmie_ws/install/realsense2_camera_msgs/lib/python3.8/site-packages:${PYTHONPATH} /usr/bin/cmake /home/utilizador/charmie_ws/src/realsense-ros/realsense2_camera -DCMAKE_INSTALL_PREFIX=/home/utilizador/charmie_ws/install/realsense2_camera
