[2.556s] Invoking command in '/home/utilizador/charmie_ws/src/charmie_door_start': PYTHONPATH=/home/utilizador/charmie_ws/build/charmie_door_start/prefix_override:/home/utilizador/charmie_ws/install/charmie_door_start/lib/python3.8/site-packages:${PYTHONPATH} /usr/bin/python3 setup.py egg_info --egg-base ../../build/charmie_door_start build --build-base /home/utilizador/charmie_ws/build/charmie_door_start/build install --record /home/utilizador/charmie_ws/build/charmie_door_start/install.log --install-scripts $base/lib/charmie_door_start --single-version-externally-managed
[3.075s] running egg_info
[3.076s] writing ../../build/charmie_door_start/charmie_door_start.egg-info/PKG-INFO
[3.076s] writing dependency_links to ../../build/charmie_door_start/charmie_door_start.egg-info/dependency_links.txt
[3.077s] writing entry points to ../../build/charmie_door_start/charmie_door_start.egg-info/entry_points.txt
[3.077s] writing requirements to ../../build/charmie_door_start/charmie_door_start.egg-info/requires.txt
[3.077s] writing top-level names to ../../build/charmie_door_start/charmie_door_start.egg-info/top_level.txt
[3.148s] reading manifest file '../../build/charmie_door_start/charmie_door_start.egg-info/SOURCES.txt'
[3.150s] writing manifest file '../../build/charmie_door_start/charmie_door_start.egg-info/SOURCES.txt'
[3.150s] running build
[3.150s] running build_py
[3.150s] copying charmie_door_start/door_start.py -> /home/utilizador/charmie_ws/build/charmie_door_start/build/lib/charmie_door_start
[3.151s] running install
[3.152s] running install_lib
[3.154s] copying /home/utilizador/charmie_ws/build/charmie_door_start/build/lib/charmie_door_start/door_start.py -> /home/utilizador/charmie_ws/install/charmie_door_start/lib/python3.8/site-packages/charmie_door_start
[3.155s] byte-compiling /home/utilizador/charmie_ws/install/charmie_door_start/lib/python3.8/site-packages/charmie_door_start/door_start.py to door_start.cpython-38.pyc
[3.158s] running install_data
[3.159s] running install_egg_info
[3.162s] removing '/home/utilizador/charmie_ws/install/charmie_door_start/lib/python3.8/site-packages/charmie_door_start-0.0.0-py3.8.egg-info' (and everything under it)
[3.163s] Copying ../../build/charmie_door_start/charmie_door_start.egg-info to /home/utilizador/charmie_ws/install/charmie_door_start/lib/python3.8/site-packages/charmie_door_start-0.0.0-py3.8.egg-info
[3.164s] running install_scripts
[3.202s] Installing door_start script to /home/utilizador/charmie_ws/install/charmie_door_start/lib/charmie_door_start
[3.202s] writing list of installed files to '/home/utilizador/charmie_ws/build/charmie_door_start/install.log'
[3.293s] Invoked command in '/home/utilizador/charmie_ws/src/charmie_door_start' returned '0': PYTHONPATH=/home/utilizador/charmie_ws/build/charmie_door_start/prefix_override:/home/utilizador/charmie_ws/install/charmie_door_start/lib/python3.8/site-packages:${PYTHONPATH} /usr/bin/python3 setup.py egg_info --egg-base ../../build/charmie_door_start build --build-base /home/utilizador/charmie_ws/build/charmie_door_start/build install --record /home/utilizador/charmie_ws/build/charmie_door_start/install.log --install-scripts $base/lib/charmie_door_start --single-version-externally-managed
