[0.022s] Invoking command in '/home/utilizador/charmie_ws/src/build/realsense2_description': AMENT_PREFIX_PATH=/home/utilizador/charmie_ws/src/install/realsense2_camera_msgs:${AMENT_PREFIX_PATH} CMAKE_PREFIX_PATH=/home/utilizador/charmie_ws/src/install/realsense2_camera_msgs:/home/utilizador/charmie_ws/install/charmie_interfaces:/home/utilizador/charmie_ws/install/charmie_bot:/home/utilizador/charmie_ws/install/charmie_speakers:/home/utilizador/charmie_ws/install/charmie_ps4_controller:/home/utilizador/charmie_ws/install/charmie_neck_dynamixel:/home/utilizador/charmie_ws/install/charmie_low_level:/home/utilizador/charmie_ws/install/charmie_lidar_hokuyo:/home/utilizador/charmie_ws/install/charmie_debug:/home/utilizador/charmie_ws/install/charmie_audio:/opt/ros/foxy LD_LIBRARY_PATH=/home/utilizador/charmie_ws/src/install/realsense2_camera_msgs/lib:${LD_LIBRARY_PATH} PYTHONPATH=/home/utilizador/charmie_ws/src/install/realsense2_camera_msgs/lib/python3.8/site-packages:${PYTHONPATH} /usr/bin/cmake /home/utilizador/charmie_ws/src/realsense-ros/realsense2_description -DAMENT_CMAKE_SYMLINK_INSTALL=1 -DCMAKE_INSTALL_PREFIX=/home/utilizador/charmie_ws/src/install/realsense2_description
[0.082s] -- The C compiler identification is GNU 9.4.0
[0.152s] -- The CXX compiler identification is GNU 9.4.0
[0.158s] -- Check for working C compiler: /usr/bin/cc
[0.234s] -- Check for working C compiler: /usr/bin/cc -- works
[0.235s] -- Detecting C compiler ABI info
[0.313s] -- Detecting C compiler ABI info - done
[0.331s] -- Detecting C compile features
[0.331s] -- Detecting C compile features - done
[0.335s] -- Check for working CXX compiler: /usr/bin/c++
[0.432s] -- Check for working CXX compiler: /usr/bin/c++ -- works
[0.433s] -- Detecting CXX compiler ABI info
[0.523s] -- Detecting CXX compiler ABI info - done
[0.536s] -- Detecting CXX compile features
[0.537s] -- Detecting CXX compile features - done
[0.540s] -- Found ament_cmake: 0.9.11 (/opt/ros/foxy/share/ament_cmake/cmake)
[0.572s] -- Found PythonInterp: /usr/bin/python3 (found suitable version "3.8.10", minimum required is "3") 
[0.572s] -- Using PYTHON_EXECUTABLE: /usr/bin/python3
[0.869s] -- Override CMake install command with custom implementation using symlinks instead of copying resources
[1.034s] -- Configuring done
[1.036s] -- Generating done
[1.041s] -- Build files have been written to: /home/utilizador/charmie_ws/src/build/realsense2_description
[1.434s] Invoked command in '/home/utilizador/charmie_ws/src/build/realsense2_description' returned '0': AMENT_PREFIX_PATH=/home/utilizador/charmie_ws/src/install/realsense2_camera_msgs:${AMENT_PREFIX_PATH} CMAKE_PREFIX_PATH=/home/utilizador/charmie_ws/src/install/realsense2_camera_msgs:/home/utilizador/charmie_ws/install/charmie_interfaces:/home/utilizador/charmie_ws/install/charmie_bot:/home/utilizador/charmie_ws/install/charmie_speakers:/home/utilizador/charmie_ws/install/charmie_ps4_controller:/home/utilizador/charmie_ws/install/charmie_neck_dynamixel:/home/utilizador/charmie_ws/install/charmie_low_level:/home/utilizador/charmie_ws/install/charmie_lidar_hokuyo:/home/utilizador/charmie_ws/install/charmie_debug:/home/utilizador/charmie_ws/install/charmie_audio:/opt/ros/foxy LD_LIBRARY_PATH=/home/utilizador/charmie_ws/src/install/realsense2_camera_msgs/lib:${LD_LIBRARY_PATH} PYTHONPATH=/home/utilizador/charmie_ws/src/install/realsense2_camera_msgs/lib/python3.8/site-packages:${PYTHONPATH} /usr/bin/cmake /home/utilizador/charmie_ws/src/realsense-ros/realsense2_description -DAMENT_CMAKE_SYMLINK_INSTALL=1 -DCMAKE_INSTALL_PREFIX=/home/utilizador/charmie_ws/src/install/realsense2_description
[1.436s] Invoking command in '/home/utilizador/charmie_ws/src/build/realsense2_description': AMENT_PREFIX_PATH=/home/utilizador/charmie_ws/src/install/realsense2_camera_msgs:${AMENT_PREFIX_PATH} CMAKE_PREFIX_PATH=/home/utilizador/charmie_ws/src/install/realsense2_camera_msgs:/home/utilizador/charmie_ws/install/charmie_interfaces:/home/utilizador/charmie_ws/install/charmie_bot:/home/utilizador/charmie_ws/install/charmie_speakers:/home/utilizador/charmie_ws/install/charmie_ps4_controller:/home/utilizador/charmie_ws/install/charmie_neck_dynamixel:/home/utilizador/charmie_ws/install/charmie_low_level:/home/utilizador/charmie_ws/install/charmie_lidar_hokuyo:/home/utilizador/charmie_ws/install/charmie_debug:/home/utilizador/charmie_ws/install/charmie_audio:/opt/ros/foxy LD_LIBRARY_PATH=/home/utilizador/charmie_ws/src/install/realsense2_camera_msgs/lib:${LD_LIBRARY_PATH} PYTHONPATH=/home/utilizador/charmie_ws/src/install/realsense2_camera_msgs/lib/python3.8/site-packages:${PYTHONPATH} /usr/bin/cmake --build /home/utilizador/charmie_ws/src/build/realsense2_description -- -j8 -l8
[1.499s] Invoked command in '/home/utilizador/charmie_ws/src/build/realsense2_description' returned '0': AMENT_PREFIX_PATH=/home/utilizador/charmie_ws/src/install/realsense2_camera_msgs:${AMENT_PREFIX_PATH} CMAKE_PREFIX_PATH=/home/utilizador/charmie_ws/src/install/realsense2_camera_msgs:/home/utilizador/charmie_ws/install/charmie_interfaces:/home/utilizador/charmie_ws/install/charmie_bot:/home/utilizador/charmie_ws/install/charmie_speakers:/home/utilizador/charmie_ws/install/charmie_ps4_controller:/home/utilizador/charmie_ws/install/charmie_neck_dynamixel:/home/utilizador/charmie_ws/install/charmie_low_level:/home/utilizador/charmie_ws/install/charmie_lidar_hokuyo:/home/utilizador/charmie_ws/install/charmie_debug:/home/utilizador/charmie_ws/install/charmie_audio:/opt/ros/foxy LD_LIBRARY_PATH=/home/utilizador/charmie_ws/src/install/realsense2_camera_msgs/lib:${LD_LIBRARY_PATH} PYTHONPATH=/home/utilizador/charmie_ws/src/install/realsense2_camera_msgs/lib/python3.8/site-packages:${PYTHONPATH} /usr/bin/cmake --build /home/utilizador/charmie_ws/src/build/realsense2_description -- -j8 -l8
[1.538s] Invoking command in '/home/utilizador/charmie_ws/src/build/realsense2_description': AMENT_PREFIX_PATH=/home/utilizador/charmie_ws/src/install/realsense2_camera_msgs:${AMENT_PREFIX_PATH} CMAKE_PREFIX_PATH=/home/utilizador/charmie_ws/src/install/realsense2_camera_msgs:/home/utilizador/charmie_ws/install/charmie_interfaces:/home/utilizador/charmie_ws/install/charmie_bot:/home/utilizador/charmie_ws/install/charmie_speakers:/home/utilizador/charmie_ws/install/charmie_ps4_controller:/home/utilizador/charmie_ws/install/charmie_neck_dynamixel:/home/utilizador/charmie_ws/install/charmie_low_level:/home/utilizador/charmie_ws/install/charmie_lidar_hokuyo:/home/utilizador/charmie_ws/install/charmie_debug:/home/utilizador/charmie_ws/install/charmie_audio:/opt/ros/foxy LD_LIBRARY_PATH=/home/utilizador/charmie_ws/src/install/realsense2_camera_msgs/lib:${LD_LIBRARY_PATH} PYTHONPATH=/home/utilizador/charmie_ws/src/install/realsense2_camera_msgs/lib/python3.8/site-packages:${PYTHONPATH} /usr/bin/cmake --install /home/utilizador/charmie_ws/src/build/realsense2_description
[1.552s] -- Install configuration: ""
[1.553s] -- Execute custom install script
[1.558s] -- Symlinking: /home/utilizador/charmie_ws/src/install/realsense2_description/share/realsense2_description/launch/launch_utils.py
[1.570s] -- Symlinking: /home/utilizador/charmie_ws/src/install/realsense2_description/share/realsense2_description/launch/view_model.launch.py
[1.583s] -- Symlinking: /home/utilizador/charmie_ws/src/install/realsense2_description/share/realsense2_description/meshes/d415.stl
[1.597s] -- Symlinking: /home/utilizador/charmie_ws/src/install/realsense2_description/share/realsense2_description/meshes/d435.dae
[1.616s] -- Symlinking: /home/utilizador/charmie_ws/src/install/realsense2_description/share/realsense2_description/meshes/d455.stl
[1.637s] -- Symlinking: /home/utilizador/charmie_ws/src/install/realsense2_description/share/realsense2_description/meshes/l515.dae
[1.651s] -- Symlinking: /home/utilizador/charmie_ws/src/install/realsense2_description/share/realsense2_description/meshes/plug.stl
[1.664s] -- Symlinking: /home/utilizador/charmie_ws/src/install/realsense2_description/share/realsense2_description/meshes/plug_collision.stl
[1.678s] -- Symlinking: /home/utilizador/charmie_ws/src/install/realsense2_description/share/realsense2_description/rviz/urdf.rviz
[1.691s] -- Symlinking: /home/utilizador/charmie_ws/src/install/realsense2_description/share/realsense2_description/urdf/_d415.urdf.xacro
[1.707s] -- Symlinking: /home/utilizador/charmie_ws/src/install/realsense2_description/share/realsense2_description/urdf/_d435.urdf.xacro
[1.725s] -- Symlinking: /home/utilizador/charmie_ws/src/install/realsense2_description/share/realsense2_description/urdf/_d435i.urdf.xacro
[1.743s] -- Symlinking: /home/utilizador/charmie_ws/src/install/realsense2_description/share/realsense2_description/urdf/_d435i_imu_modules.urdf.xacro
[1.754s] -- Symlinking: /home/utilizador/charmie_ws/src/install/realsense2_description/share/realsense2_description/urdf/_d455.urdf.xacro
[1.766s] -- Symlinking: /home/utilizador/charmie_ws/src/install/realsense2_description/share/realsense2_description/urdf/_l515.urdf.xacro
[1.777s] -- Symlinking: /home/utilizador/charmie_ws/src/install/realsense2_description/share/realsense2_description/urdf/_materials.urdf.xacro
[1.788s] -- Symlinking: /home/utilizador/charmie_ws/src/install/realsense2_description/share/realsense2_description/urdf/_r410.urdf.xacro
[1.804s] -- Symlinking: /home/utilizador/charmie_ws/src/install/realsense2_description/share/realsense2_description/urdf/_r430.urdf.xacro
[1.829s] -- Symlinking: /home/utilizador/charmie_ws/src/install/realsense2_description/share/realsense2_description/urdf/_usb_plug.urdf.xacro
[1.850s] -- Symlinking: /home/utilizador/charmie_ws/src/install/realsense2_description/share/realsense2_description/urdf/test_d415_camera.urdf.xacro
[1.866s] -- Symlinking: /home/utilizador/charmie_ws/src/install/realsense2_description/share/realsense2_description/urdf/test_d435_camera.urdf.xacro
[1.883s] -- Symlinking: /home/utilizador/charmie_ws/src/install/realsense2_description/share/realsense2_description/urdf/test_d435_multiple_cameras.urdf.xacro
[1.899s] -- Symlinking: /home/utilizador/charmie_ws/src/install/realsense2_description/share/realsense2_description/urdf/test_d435i_camera.urdf.xacro
[1.916s] -- Symlinking: /home/utilizador/charmie_ws/src/install/realsense2_description/share/realsense2_description/urdf/test_d455_camera.urdf.xacro
[1.931s] -- Symlinking: /home/utilizador/charmie_ws/src/install/realsense2_description/share/realsense2_description/urdf/test_l515_camera.urdf.xacro
[1.943s] -- Symlinking: /home/utilizador/charmie_ws/src/install/realsense2_description/share/realsense2_description/urdf/test_r410_camera.urdf.xacro
[1.959s] -- Symlinking: /home/utilizador/charmie_ws/src/install/realsense2_description/share/realsense2_description/urdf/test_r430_camera.urdf.xacro
[1.982s] -- Symlinking: /home/utilizador/charmie_ws/src/install/realsense2_description/share/ament_index/resource_index/package_run_dependencies/realsense2_description
[1.999s] -- Symlinking: /home/utilizador/charmie_ws/src/install/realsense2_description/share/ament_index/resource_index/parent_prefix_path/realsense2_description
[2.018s] -- Symlinking: /home/utilizador/charmie_ws/src/install/realsense2_description/share/realsense2_description/environment/ament_prefix_path.sh
[2.036s] -- Symlinking: /home/utilizador/charmie_ws/src/install/realsense2_description/share/realsense2_description/environment/ament_prefix_path.dsv
[2.049s] -- Symlinking: /home/utilizador/charmie_ws/src/install/realsense2_description/share/realsense2_description/environment/path.sh
[2.067s] -- Symlinking: /home/utilizador/charmie_ws/src/install/realsense2_description/share/realsense2_description/environment/path.dsv
[2.083s] -- Symlinking: /home/utilizador/charmie_ws/src/install/realsense2_description/share/realsense2_description/local_setup.bash
[2.102s] -- Symlinking: /home/utilizador/charmie_ws/src/install/realsense2_description/share/realsense2_description/local_setup.sh
[2.118s] -- Symlinking: /home/utilizador/charmie_ws/src/install/realsense2_description/share/realsense2_description/local_setup.zsh
[2.139s] -- Symlinking: /home/utilizador/charmie_ws/src/install/realsense2_description/share/realsense2_description/local_setup.dsv
[2.156s] -- Symlinking: /home/utilizador/charmie_ws/src/install/realsense2_description/share/realsense2_description/package.dsv
[2.174s] -- Symlinking: /home/utilizador/charmie_ws/src/install/realsense2_description/share/ament_index/resource_index/packages/realsense2_description
[2.191s] -- Symlinking: /home/utilizador/charmie_ws/src/install/realsense2_description/share/realsense2_description/cmake/realsense2_descriptionConfig.cmake
[2.204s] -- Symlinking: /home/utilizador/charmie_ws/src/install/realsense2_description/share/realsense2_description/cmake/realsense2_descriptionConfig-version.cmake
[2.220s] -- Symlinking: /home/utilizador/charmie_ws/src/install/realsense2_description/share/realsense2_description/package.xml
[2.244s] Invoked command in '/home/utilizador/charmie_ws/src/build/realsense2_description' returned '0': AMENT_PREFIX_PATH=/home/utilizador/charmie_ws/src/install/realsense2_camera_msgs:${AMENT_PREFIX_PATH} CMAKE_PREFIX_PATH=/home/utilizador/charmie_ws/src/install/realsense2_camera_msgs:/home/utilizador/charmie_ws/install/charmie_interfaces:/home/utilizador/charmie_ws/install/charmie_bot:/home/utilizador/charmie_ws/install/charmie_speakers:/home/utilizador/charmie_ws/install/charmie_ps4_controller:/home/utilizador/charmie_ws/install/charmie_neck_dynamixel:/home/utilizador/charmie_ws/install/charmie_low_level:/home/utilizador/charmie_ws/install/charmie_lidar_hokuyo:/home/utilizador/charmie_ws/install/charmie_debug:/home/utilizador/charmie_ws/install/charmie_audio:/opt/ros/foxy LD_LIBRARY_PATH=/home/utilizador/charmie_ws/src/install/realsense2_camera_msgs/lib:${LD_LIBRARY_PATH} PYTHONPATH=/home/utilizador/charmie_ws/src/install/realsense2_camera_msgs/lib/python3.8/site-packages:${PYTHONPATH} /usr/bin/cmake --install /home/utilizador/charmie_ws/src/build/realsense2_description
