[0.097s] Invoking command in '/home/utilizador/charmie_ws/src/build/charmie_interfaces': CMAKE_PREFIX_PATH=${CMAKE_PREFIX_PATH}:/home/utilizador/charmie_ws/install/charmie_speakers:/home/utilizador/charmie_ws/install/charmie_ps4_controller:/home/utilizador/charmie_ws/install/charmie_neck_dynamixel:/home/utilizador/charmie_ws/install/charmie_low_level:/home/utilizador/charmie_ws/install/charmie_lidar_hokuyo:/home/utilizador/charmie_ws/install/charmie_debug:/home/utilizador/charmie_ws/install/charmie_audio:/opt/ros/foxy /usr/bin/cmake --build /home/utilizador/charmie_ws/src/build/charmie_interfaces -- -j8 -l8
[1.356s] [  1%] Built target charmie_interfaces__cpp
[1.357s] [ 12%] Built target charmie_interfaces__rosidl_generator_c
[1.358s] [ 23%] Built target charmie_interfaces__rosidl_typesupport_cpp
[1.358s] [ 34%] Built target charmie_interfaces__rosidl_typesupport_introspection_cpp
[1.359s] [ 45%] Built target charmie_interfaces__rosidl_typesupport_introspection_c
[1.359s] [ 56%] Built target charmie_interfaces__rosidl_typesupport_c
[1.361s] [ 67%] Built target charmie_interfaces__rosidl_typesupport_fastrtps_cpp
[1.362s] [ 78%] Built target charmie_interfaces__rosidl_typesupport_fastrtps_c
[1.362s] [ 78%] Built target charmie_interfaces
[1.362s] [ 80%] Built target charmie_interfaces__py
[1.362s] [ 89%] Built target charmie_interfaces__python
[1.362s] [ 92%] Built target charmie_interfaces__rosidl_typesupport_fastrtps_c__pyext
[1.362s] [ 96%] Built target charmie_interfaces__rosidl_typesupport_introspection_c__pyext
[1.363s] [100%] Built target charmie_interfaces__rosidl_typesupport_c__pyext
[1.375s] Invoked command in '/home/utilizador/charmie_ws/src/build/charmie_interfaces' returned '0': CMAKE_PREFIX_PATH=${CMAKE_PREFIX_PATH}:/home/utilizador/charmie_ws/install/charmie_speakers:/home/utilizador/charmie_ws/install/charmie_ps4_controller:/home/utilizador/charmie_ws/install/charmie_neck_dynamixel:/home/utilizador/charmie_ws/install/charmie_low_level:/home/utilizador/charmie_ws/install/charmie_lidar_hokuyo:/home/utilizador/charmie_ws/install/charmie_debug:/home/utilizador/charmie_ws/install/charmie_audio:/opt/ros/foxy /usr/bin/cmake --build /home/utilizador/charmie_ws/src/build/charmie_interfaces -- -j8 -l8
[1.536s] Invoking command in '/home/utilizador/charmie_ws/src/build/charmie_interfaces': CMAKE_PREFIX_PATH=${CMAKE_PREFIX_PATH}:/home/utilizador/charmie_ws/install/charmie_speakers:/home/utilizador/charmie_ws/install/charmie_ps4_controller:/home/utilizador/charmie_ws/install/charmie_neck_dynamixel:/home/utilizador/charmie_ws/install/charmie_low_level:/home/utilizador/charmie_ws/install/charmie_lidar_hokuyo:/home/utilizador/charmie_ws/install/charmie_debug:/home/utilizador/charmie_ws/install/charmie_audio:/opt/ros/foxy /usr/bin/cmake --install /home/utilizador/charmie_ws/src/build/charmie_interfaces
[1.554s] -- Install configuration: ""
[1.555s] -- Execute custom install script
[1.558s] -- Up-to-date symlink: /home/utilizador/charmie_ws/src/install/charmie_interfaces/share/ament_index/resource_index/rosidl_interfaces/charmie_interfaces
[1.562s] -- Up-to-date symlink: /home/utilizador/charmie_ws/src/install/charmie_interfaces/include/charmie_interfaces/msg/detail/encoders__functions.h
[1.562s] -- Up-to-date symlink: /home/utilizador/charmie_ws/src/install/charmie_interfaces/include/charmie_interfaces/msg/detail/encoders__struct.h
[1.563s] -- Up-to-date symlink: /home/utilizador/charmie_ws/src/install/charmie_interfaces/include/charmie_interfaces/msg/detail/encoders__type_support.h
[1.563s] -- Up-to-date symlink: /home/utilizador/charmie_ws/src/install/charmie_interfaces/include/charmie_interfaces/msg/detail/example_tr__functions.h
[1.563s] -- Up-to-date symlink: /home/utilizador/charmie_ws/src/install/charmie_interfaces/include/charmie_interfaces/msg/detail/example_tr__struct.h
[1.563s] -- Up-to-date symlink: /home/utilizador/charmie_ws/src/install/charmie_interfaces/include/charmie_interfaces/msg/detail/example_tr__type_support.h
[1.564s] -- Up-to-date symlink: /home/utilizador/charmie_ws/src/install/charmie_interfaces/include/charmie_interfaces/msg/detail/ps4_controller__functions.h
[1.564s] -- Up-to-date symlink: /home/utilizador/charmie_ws/src/install/charmie_interfaces/include/charmie_interfaces/msg/detail/ps4_controller__struct.h
[1.565s] -- Up-to-date symlink: /home/utilizador/charmie_ws/src/install/charmie_interfaces/include/charmie_interfaces/msg/detail/ps4_controller__type_support.h
[1.565s] -- Up-to-date symlink: /home/utilizador/charmie_ws/src/install/charmie_interfaces/include/charmie_interfaces/msg/detail/robot_speech__functions.h
[1.565s] -- Up-to-date symlink: /home/utilizador/charmie_ws/src/install/charmie_interfaces/include/charmie_interfaces/msg/detail/robot_speech__struct.h
[1.565s] -- Up-to-date symlink: /home/utilizador/charmie_ws/src/install/charmie_interfaces/include/charmie_interfaces/msg/detail/robot_speech__type_support.h
[1.565s] -- Up-to-date symlink: /home/utilizador/charmie_ws/src/install/charmie_interfaces/include/charmie_interfaces/msg/encoders.h
[1.565s] -- Up-to-date symlink: /home/utilizador/charmie_ws/src/install/charmie_interfaces/include/charmie_interfaces/msg/example_tr.h
[1.566s] -- Up-to-date symlink: /home/utilizador/charmie_ws/src/install/charmie_interfaces/include/charmie_interfaces/msg/ps4_controller.h
[1.566s] -- Up-to-date symlink: /home/utilizador/charmie_ws/src/install/charmie_interfaces/include/charmie_interfaces/msg/robot_speech.h
[1.566s] -- Up-to-date symlink: /home/utilizador/charmie_ws/src/install/charmie_interfaces/include/charmie_interfaces/msg/rosidl_generator_c__visibility_control.h
[1.569s] -- Up-to-date symlink: /home/utilizador/charmie_ws/src/install/charmie_interfaces/share/charmie_interfaces/environment/library_path.sh
[1.569s] -- Up-to-date symlink: /home/utilizador/charmie_ws/src/install/charmie_interfaces/share/charmie_interfaces/environment/library_path.dsv
[1.569s] -- Up-to-date symlink: /home/utilizador/charmie_ws/src/install/charmie_interfaces/include/charmie_interfaces/msg/detail/encoders__rosidl_typesupport_fastrtps_c.h
[1.570s] -- Up-to-date symlink: /home/utilizador/charmie_ws/src/install/charmie_interfaces/include/charmie_interfaces/msg/detail/example_tr__rosidl_typesupport_fastrtps_c.h
[1.570s] -- Up-to-date symlink: /home/utilizador/charmie_ws/src/install/charmie_interfaces/include/charmie_interfaces/msg/detail/ps4_controller__rosidl_typesupport_fastrtps_c.h
[1.570s] -- Up-to-date symlink: /home/utilizador/charmie_ws/src/install/charmie_interfaces/include/charmie_interfaces/msg/detail/robot_speech__rosidl_typesupport_fastrtps_c.h
[1.570s] -- Up-to-date symlink: /home/utilizador/charmie_ws/src/install/charmie_interfaces/include/charmie_interfaces/msg/rosidl_typesupport_fastrtps_c__visibility_control.h
[1.570s] -- Up-to-date symlink: /home/utilizador/charmie_ws/src/install/charmie_interfaces/lib/libcharmie_interfaces__rosidl_typesupport_fastrtps_c.so
[1.571s] -- Up-to-date symlink: /home/utilizador/charmie_ws/src/install/charmie_interfaces/include/charmie_interfaces/msg/detail/encoders__rosidl_typesupport_fastrtps_cpp.hpp
[1.571s] -- Up-to-date symlink: /home/utilizador/charmie_ws/src/install/charmie_interfaces/include/charmie_interfaces/msg/detail/example_tr__rosidl_typesupport_fastrtps_cpp.hpp
[1.571s] -- Up-to-date symlink: /home/utilizador/charmie_ws/src/install/charmie_interfaces/include/charmie_interfaces/msg/detail/ps4_controller__rosidl_typesupport_fastrtps_cpp.hpp
[1.571s] -- Up-to-date symlink: /home/utilizador/charmie_ws/src/install/charmie_interfaces/include/charmie_interfaces/msg/detail/robot_speech__rosidl_typesupport_fastrtps_cpp.hpp
[1.572s] -- Up-to-date symlink: /home/utilizador/charmie_ws/src/install/charmie_interfaces/include/charmie_interfaces/msg/rosidl_typesupport_fastrtps_cpp__visibility_control.h
[1.572s] -- Up-to-date symlink: /home/utilizador/charmie_ws/src/install/charmie_interfaces/lib/libcharmie_interfaces__rosidl_typesupport_fastrtps_cpp.so
[1.572s] -- Up-to-date symlink: /home/utilizador/charmie_ws/src/install/charmie_interfaces/include/charmie_interfaces/msg/detail/encoders__rosidl_typesupport_introspection_c.h
[1.573s] -- Up-to-date symlink: /home/utilizador/charmie_ws/src/install/charmie_interfaces/include/charmie_interfaces/msg/detail/example_tr__rosidl_typesupport_introspection_c.h
[1.573s] -- Up-to-date symlink: /home/utilizador/charmie_ws/src/install/charmie_interfaces/include/charmie_interfaces/msg/detail/ps4_controller__rosidl_typesupport_introspection_c.h
[1.574s] -- Up-to-date symlink: /home/utilizador/charmie_ws/src/install/charmie_interfaces/include/charmie_interfaces/msg/detail/robot_speech__rosidl_typesupport_introspection_c.h
[1.574s] -- Up-to-date symlink: /home/utilizador/charmie_ws/src/install/charmie_interfaces/include/charmie_interfaces/msg/rosidl_typesupport_introspection_c__visibility_control.h
[1.575s] -- Up-to-date symlink: /home/utilizador/charmie_ws/src/install/charmie_interfaces/include/charmie_interfaces/msg/detail/encoders__builder.hpp
[1.575s] -- Up-to-date symlink: /home/utilizador/charmie_ws/src/install/charmie_interfaces/include/charmie_interfaces/msg/detail/encoders__struct.hpp
[1.576s] -- Up-to-date symlink: /home/utilizador/charmie_ws/src/install/charmie_interfaces/include/charmie_interfaces/msg/detail/encoders__traits.hpp
[1.577s] -- Up-to-date symlink: /home/utilizador/charmie_ws/src/install/charmie_interfaces/include/charmie_interfaces/msg/detail/example_tr__builder.hpp
[1.577s] -- Up-to-date symlink: /home/utilizador/charmie_ws/src/install/charmie_interfaces/include/charmie_interfaces/msg/detail/example_tr__struct.hpp
[1.578s] -- Up-to-date symlink: /home/utilizador/charmie_ws/src/install/charmie_interfaces/include/charmie_interfaces/msg/detail/example_tr__traits.hpp
[1.578s] -- Up-to-date symlink: /home/utilizador/charmie_ws/src/install/charmie_interfaces/include/charmie_interfaces/msg/detail/ps4_controller__builder.hpp
[1.579s] -- Up-to-date symlink: /home/utilizador/charmie_ws/src/install/charmie_interfaces/include/charmie_interfaces/msg/detail/ps4_controller__struct.hpp
[1.587s] -- Up-to-date symlink: /home/utilizador/charmie_ws/src/install/charmie_interfaces/include/charmie_interfaces/msg/detail/ps4_controller__traits.hpp
[1.588s] -- Up-to-date symlink: /home/utilizador/charmie_ws/src/install/charmie_interfaces/include/charmie_interfaces/msg/detail/robot_speech__builder.hpp
[1.589s] -- Up-to-date symlink: /home/utilizador/charmie_ws/src/install/charmie_interfaces/include/charmie_interfaces/msg/detail/robot_speech__struct.hpp
[1.589s] -- Up-to-date symlink: /home/utilizador/charmie_ws/src/install/charmie_interfaces/include/charmie_interfaces/msg/detail/robot_speech__traits.hpp
[1.589s] -- Up-to-date symlink: /home/utilizador/charmie_ws/src/install/charmie_interfaces/include/charmie_interfaces/msg/encoders.hpp
[1.589s] -- Up-to-date symlink: /home/utilizador/charmie_ws/src/install/charmie_interfaces/include/charmie_interfaces/msg/example_tr.hpp
[1.590s] -- Up-to-date symlink: /home/utilizador/charmie_ws/src/install/charmie_interfaces/include/charmie_interfaces/msg/ps4_controller.hpp
[1.590s] -- Up-to-date symlink: /home/utilizador/charmie_ws/src/install/charmie_interfaces/include/charmie_interfaces/msg/robot_speech.hpp
[1.602s] -- Up-to-date symlink: /home/utilizador/charmie_ws/src/install/charmie_interfaces/include/charmie_interfaces/msg/detail/encoders__rosidl_typesupport_introspection_cpp.hpp
[1.603s] -- Up-to-date symlink: /home/utilizador/charmie_ws/src/install/charmie_interfaces/include/charmie_interfaces/msg/detail/example_tr__rosidl_typesupport_introspection_cpp.hpp
[1.603s] -- Up-to-date symlink: /home/utilizador/charmie_ws/src/install/charmie_interfaces/include/charmie_interfaces/msg/detail/ps4_controller__rosidl_typesupport_introspection_cpp.hpp
[1.603s] -- Up-to-date symlink: /home/utilizador/charmie_ws/src/install/charmie_interfaces/include/charmie_interfaces/msg/detail/robot_speech__rosidl_typesupport_introspection_cpp.hpp
[1.603s] -- Up-to-date symlink: /home/utilizador/charmie_ws/src/install/charmie_interfaces/share/charmie_interfaces/environment/pythonpath.sh
[1.604s] -- Up-to-date symlink: /home/utilizador/charmie_ws/src/install/charmie_interfaces/share/charmie_interfaces/environment/pythonpath.dsv
[1.604s] -- Up-to-date symlink: /home/utilizador/charmie_ws/src/install/charmie_interfaces/lib/python3.8/site-packages/charmie_interfaces/__init__.py
[1.604s] -- Up-to-date symlink: /home/utilizador/charmie_ws/src/install/charmie_interfaces/lib/python3.8/site-packages/charmie_interfaces/msg/__init__.py
[1.604s] -- Up-to-date symlink: /home/utilizador/charmie_ws/src/install/charmie_interfaces/lib/python3.8/site-packages/charmie_interfaces/msg/_encoders.py
[1.604s] -- Up-to-date symlink: /home/utilizador/charmie_ws/src/install/charmie_interfaces/lib/python3.8/site-packages/charmie_interfaces/msg/_example_tr.py
[1.605s] -- Up-to-date symlink: /home/utilizador/charmie_ws/src/install/charmie_interfaces/lib/python3.8/site-packages/charmie_interfaces/msg/_ps4_controller.py
[1.605s] -- Up-to-date symlink: /home/utilizador/charmie_ws/src/install/charmie_interfaces/lib/python3.8/site-packages/charmie_interfaces/msg/_robot_speech.py
[1.605s] -- Up-to-date symlink: /home/utilizador/charmie_ws/src/install/charmie_interfaces/lib/python3.8/site-packages/charmie_interfaces/charmie_interfaces_s__rosidl_typesupport_fastrtps_c.cpython-38-x86_64-linux-gnu.so
[1.605s] -- Up-to-date symlink: /home/utilizador/charmie_ws/src/install/charmie_interfaces/lib/python3.8/site-packages/charmie_interfaces/charmie_interfaces_s__rosidl_typesupport_introspection_c.cpython-38-x86_64-linux-gnu.so
[1.607s] -- Up-to-date symlink: /home/utilizador/charmie_ws/src/install/charmie_interfaces/lib/python3.8/site-packages/charmie_interfaces/charmie_interfaces_s__rosidl_typesupport_c.cpython-38-x86_64-linux-gnu.so
[1.608s] -- Up-to-date symlink: /home/utilizador/charmie_ws/src/install/charmie_interfaces/lib/libcharmie_interfaces__python.so
[1.608s] -- Up-to-date symlink: /home/utilizador/charmie_ws/src/install/charmie_interfaces/share/charmie_interfaces/msg/ExampleTR.idl
[1.609s] -- Up-to-date symlink: /home/utilizador/charmie_ws/src/install/charmie_interfaces/share/charmie_interfaces/msg/Encoders.idl
[1.609s] -- Up-to-date symlink: /home/utilizador/charmie_ws/src/install/charmie_interfaces/share/charmie_interfaces/msg/PS4Controller.idl
[1.609s] -- Up-to-date symlink: /home/utilizador/charmie_ws/src/install/charmie_interfaces/share/charmie_interfaces/msg/RobotSpeech.idl
[1.609s] -- Up-to-date symlink: /home/utilizador/charmie_ws/src/install/charmie_interfaces/share/charmie_interfaces/msg/ExampleTR.msg
[1.610s] -- Up-to-date symlink: /home/utilizador/charmie_ws/src/install/charmie_interfaces/share/charmie_interfaces/msg/Encoders.msg
[1.610s] -- Up-to-date symlink: /home/utilizador/charmie_ws/src/install/charmie_interfaces/share/charmie_interfaces/msg/PS4Controller.msg
[1.610s] -- Up-to-date symlink: /home/utilizador/charmie_ws/src/install/charmie_interfaces/share/charmie_interfaces/msg/RobotSpeech.msg
[1.611s] -- Up-to-date symlink: /home/utilizador/charmie_ws/src/install/charmie_interfaces/share/ament_index/resource_index/package_run_dependencies/charmie_interfaces
[1.611s] -- Up-to-date symlink: /home/utilizador/charmie_ws/src/install/charmie_interfaces/share/ament_index/resource_index/parent_prefix_path/charmie_interfaces
[1.612s] -- Up-to-date symlink: /home/utilizador/charmie_ws/src/install/charmie_interfaces/share/charmie_interfaces/environment/ament_prefix_path.sh
[1.612s] -- Up-to-date symlink: /home/utilizador/charmie_ws/src/install/charmie_interfaces/share/charmie_interfaces/environment/ament_prefix_path.dsv
[1.612s] -- Up-to-date symlink: /home/utilizador/charmie_ws/src/install/charmie_interfaces/share/charmie_interfaces/environment/path.sh
[1.612s] -- Up-to-date symlink: /home/utilizador/charmie_ws/src/install/charmie_interfaces/share/charmie_interfaces/environment/path.dsv
[1.612s] -- Up-to-date symlink: /home/utilizador/charmie_ws/src/install/charmie_interfaces/share/charmie_interfaces/local_setup.bash
[1.612s] -- Up-to-date symlink: /home/utilizador/charmie_ws/src/install/charmie_interfaces/share/charmie_interfaces/local_setup.sh
[1.612s] -- Up-to-date symlink: /home/utilizador/charmie_ws/src/install/charmie_interfaces/share/charmie_interfaces/local_setup.zsh
[1.620s] -- Up-to-date symlink: /home/utilizador/charmie_ws/src/install/charmie_interfaces/share/charmie_interfaces/local_setup.dsv
[1.620s] -- Symlinking: /home/utilizador/charmie_ws/src/install/charmie_interfaces/share/charmie_interfaces/package.dsv
[1.623s] -- Up-to-date symlink: /home/utilizador/charmie_ws/src/install/charmie_interfaces/share/ament_index/resource_index/packages/charmie_interfaces
[1.623s] -- Up-to-date symlink: /home/utilizador/charmie_ws/src/install/charmie_interfaces/share/charmie_interfaces/cmake/rosidl_cmake-extras.cmake
[1.623s] -- Up-to-date symlink: /home/utilizador/charmie_ws/src/install/charmie_interfaces/share/charmie_interfaces/cmake/ament_cmake_export_dependencies-extras.cmake
[1.623s] -- Up-to-date symlink: /home/utilizador/charmie_ws/src/install/charmie_interfaces/share/charmie_interfaces/cmake/ament_cmake_export_libraries-extras.cmake
[1.623s] -- Up-to-date symlink: /home/utilizador/charmie_ws/src/install/charmie_interfaces/share/charmie_interfaces/cmake/ament_cmake_export_targets-extras.cmake
[1.623s] -- Up-to-date symlink: /home/utilizador/charmie_ws/src/install/charmie_interfaces/share/charmie_interfaces/cmake/ament_cmake_export_include_directories-extras.cmake
[1.624s] -- Up-to-date symlink: /home/utilizador/charmie_ws/src/install/charmie_interfaces/share/charmie_interfaces/cmake/rosidl_cmake_export_typesupport_libraries-extras.cmake
[1.624s] -- Up-to-date symlink: /home/utilizador/charmie_ws/src/install/charmie_interfaces/share/charmie_interfaces/cmake/rosidl_cmake_export_typesupport_targets-extras.cmake
[1.624s] -- Up-to-date symlink: /home/utilizador/charmie_ws/src/install/charmie_interfaces/share/charmie_interfaces/cmake/charmie_interfacesConfig.cmake
[1.624s] -- Up-to-date symlink: /home/utilizador/charmie_ws/src/install/charmie_interfaces/share/charmie_interfaces/cmake/charmie_interfacesConfig-version.cmake
[1.624s] -- Up-to-date symlink: /home/utilizador/charmie_ws/src/install/charmie_interfaces/share/charmie_interfaces/package.xml
[1.625s] -- Up-to-date: /home/utilizador/charmie_ws/src/install/charmie_interfaces/lib/libcharmie_interfaces__rosidl_generator_c.so
[1.625s] -- Up-to-date: /home/utilizador/charmie_ws/src/install/charmie_interfaces/lib/libcharmie_interfaces__rosidl_typesupport_introspection_c.so
[1.626s] -- Up-to-date: /home/utilizador/charmie_ws/src/install/charmie_interfaces/lib/libcharmie_interfaces__rosidl_typesupport_c.so
[1.626s] -- Up-to-date: /home/utilizador/charmie_ws/src/install/charmie_interfaces/lib/libcharmie_interfaces__rosidl_typesupport_introspection_cpp.so
[1.627s] -- Up-to-date: /home/utilizador/charmie_ws/src/install/charmie_interfaces/lib/libcharmie_interfaces__rosidl_typesupport_cpp.so
[1.693s] -- Up-to-date: /home/utilizador/charmie_ws/src/install/charmie_interfaces/share/charmie_interfaces/cmake/charmie_interfaces__rosidl_generator_cExport.cmake
[1.693s] -- Up-to-date: /home/utilizador/charmie_ws/src/install/charmie_interfaces/share/charmie_interfaces/cmake/charmie_interfaces__rosidl_generator_cExport-noconfig.cmake
[1.705s] -- Up-to-date: /home/utilizador/charmie_ws/src/install/charmie_interfaces/share/charmie_interfaces/cmake/charmie_interfaces__rosidl_typesupport_introspection_cExport.cmake
[1.706s] -- Up-to-date: /home/utilizador/charmie_ws/src/install/charmie_interfaces/share/charmie_interfaces/cmake/charmie_interfaces__rosidl_typesupport_introspection_cExport-noconfig.cmake
[1.706s] -- Up-to-date: /home/utilizador/charmie_ws/src/install/charmie_interfaces/share/charmie_interfaces/cmake/charmie_interfaces__rosidl_typesupport_cExport.cmake
[1.706s] -- Up-to-date: /home/utilizador/charmie_ws/src/install/charmie_interfaces/share/charmie_interfaces/cmake/charmie_interfaces__rosidl_typesupport_cExport-noconfig.cmake
[1.707s] -- Up-to-date: /home/utilizador/charmie_ws/src/install/charmie_interfaces/share/charmie_interfaces/cmake/charmie_interfaces__rosidl_generator_cppExport.cmake
[1.707s] -- Up-to-date: /home/utilizador/charmie_ws/src/install/charmie_interfaces/share/charmie_interfaces/cmake/charmie_interfaces__rosidl_typesupport_introspection_cppExport.cmake
[1.707s] -- Up-to-date: /home/utilizador/charmie_ws/src/install/charmie_interfaces/share/charmie_interfaces/cmake/charmie_interfaces__rosidl_typesupport_introspection_cppExport-noconfig.cmake
[1.707s] -- Up-to-date: /home/utilizador/charmie_ws/src/install/charmie_interfaces/share/charmie_interfaces/cmake/charmie_interfaces__rosidl_typesupport_cppExport.cmake
[1.708s] -- Up-to-date: /home/utilizador/charmie_ws/src/install/charmie_interfaces/share/charmie_interfaces/cmake/charmie_interfaces__rosidl_typesupport_cppExport-noconfig.cmake
[1.723s] Invoked command in '/home/utilizador/charmie_ws/src/build/charmie_interfaces' returned '0': CMAKE_PREFIX_PATH=${CMAKE_PREFIX_PATH}:/home/utilizador/charmie_ws/install/charmie_speakers:/home/utilizador/charmie_ws/install/charmie_ps4_controller:/home/utilizador/charmie_ws/install/charmie_neck_dynamixel:/home/utilizador/charmie_ws/install/charmie_low_level:/home/utilizador/charmie_ws/install/charmie_lidar_hokuyo:/home/utilizador/charmie_ws/install/charmie_debug:/home/utilizador/charmie_ws/install/charmie_audio:/opt/ros/foxy /usr/bin/cmake --install /home/utilizador/charmie_ws/src/build/charmie_interfaces
