[2.377s] Invoking command in '/home/utilizador/charmie_ws/build/charmie_neck_dynamixel': PYTHONPATH=/home/utilizador/charmie_ws/build/charmie_neck_dynamixel/prefix_override:/home/utilizador/charmie_ws/install/charmie_neck_dynamixel/lib/python3.8/site-packages:${PYTHONPATH} /usr/bin/python3 setup.py develop --uninstall --editable --build-directory /home/utilizador/charmie_ws/build/charmie_neck_dynamixel/build
[2.857s] running develop
[3.151s] Removing /home/utilizador/charmie_ws/install/charmie_neck_dynamixel/lib/python3.8/site-packages/charmie-neck-dynamixel.egg-link (link to .)
[3.220s] Invoked command in '/home/utilizador/charmie_ws/build/charmie_neck_dynamixel' returned '0': PYTHONPATH=/home/utilizador/charmie_ws/build/charmie_neck_dynamixel/prefix_override:/home/utilizador/charmie_ws/install/charmie_neck_dynamixel/lib/python3.8/site-packages:${PYTHONPATH} /usr/bin/python3 setup.py develop --uninstall --editable --build-directory /home/utilizador/charmie_ws/build/charmie_neck_dynamixel/build
[3.224s] Invoking command in '/home/utilizador/charmie_ws/src/charmie_neck_dynamixel': PYTHONPATH=/home/utilizador/charmie_ws/build/charmie_neck_dynamixel/prefix_override:/home/utilizador/charmie_ws/install/charmie_neck_dynamixel/lib/python3.8/site-packages:${PYTHONPATH} /usr/bin/python3 setup.py egg_info --egg-base ../../build/charmie_neck_dynamixel build --build-base /home/utilizador/charmie_ws/build/charmie_neck_dynamixel/build install --record /home/utilizador/charmie_ws/build/charmie_neck_dynamixel/install.log --install-scripts $base/lib/charmie_neck_dynamixel --single-version-externally-managed
[3.657s] running egg_info
[3.658s] writing ../../build/charmie_neck_dynamixel/charmie_neck_dynamixel.egg-info/PKG-INFO
[3.659s] writing dependency_links to ../../build/charmie_neck_dynamixel/charmie_neck_dynamixel.egg-info/dependency_links.txt
[3.659s] writing entry points to ../../build/charmie_neck_dynamixel/charmie_neck_dynamixel.egg-info/entry_points.txt
[3.659s] writing requirements to ../../build/charmie_neck_dynamixel/charmie_neck_dynamixel.egg-info/requires.txt
[3.659s] writing top-level names to ../../build/charmie_neck_dynamixel/charmie_neck_dynamixel.egg-info/top_level.txt
[3.726s] reading manifest file '../../build/charmie_neck_dynamixel/charmie_neck_dynamixel.egg-info/SOURCES.txt'
[3.730s] writing manifest file '../../build/charmie_neck_dynamixel/charmie_neck_dynamixel.egg-info/SOURCES.txt'
[3.731s] running build
[3.731s] running build_py
[3.731s] running install
[3.731s] running install_lib
[3.732s] creating /home/utilizador/charmie_ws/install/charmie_neck_dynamixel/lib/python3.8/site-packages/charmie_neck_dynamixel
[3.732s] copying /home/utilizador/charmie_ws/build/charmie_neck_dynamixel/build/lib/charmie_neck_dynamixel/neck_dynamixel.py -> /home/utilizador/charmie_ws/install/charmie_neck_dynamixel/lib/python3.8/site-packages/charmie_neck_dynamixel
[3.732s] copying /home/utilizador/charmie_ws/build/charmie_neck_dynamixel/build/lib/charmie_neck_dynamixel/__init__.py -> /home/utilizador/charmie_ws/install/charmie_neck_dynamixel/lib/python3.8/site-packages/charmie_neck_dynamixel
[3.733s] byte-compiling /home/utilizador/charmie_ws/install/charmie_neck_dynamixel/lib/python3.8/site-packages/charmie_neck_dynamixel/neck_dynamixel.py to neck_dynamixel.cpython-38.pyc
[3.737s] byte-compiling /home/utilizador/charmie_ws/install/charmie_neck_dynamixel/lib/python3.8/site-packages/charmie_neck_dynamixel/__init__.py to __init__.cpython-38.pyc
[3.738s] running install_data
[3.738s] running install_egg_info
[3.743s] Copying ../../build/charmie_neck_dynamixel/charmie_neck_dynamixel.egg-info to /home/utilizador/charmie_ws/install/charmie_neck_dynamixel/lib/python3.8/site-packages/charmie_neck_dynamixel-0.0.0-py3.8.egg-info
[3.743s] running install_scripts
[3.775s] Installing neck_dynamixel script to /home/utilizador/charmie_ws/install/charmie_neck_dynamixel/lib/charmie_neck_dynamixel
[3.776s] writing list of installed files to '/home/utilizador/charmie_ws/build/charmie_neck_dynamixel/install.log'
[4.088s] Invoked command in '/home/utilizador/charmie_ws/src/charmie_neck_dynamixel' returned '0': PYTHONPATH=/home/utilizador/charmie_ws/build/charmie_neck_dynamixel/prefix_override:/home/utilizador/charmie_ws/install/charmie_neck_dynamixel/lib/python3.8/site-packages:${PYTHONPATH} /usr/bin/python3 setup.py egg_info --egg-base ../../build/charmie_neck_dynamixel build --build-base /home/utilizador/charmie_ws/build/charmie_neck_dynamixel/build install --record /home/utilizador/charmie_ws/build/charmie_neck_dynamixel/install.log --install-scripts $base/lib/charmie_neck_dynamixel --single-version-externally-managed
