[0.089s] Invoking command in '/home/utilizador/charmie_ws/build/charmie_interfaces': CMAKE_PREFIX_PATH=/opt/ros/foxy /home/utilizador/.local/bin/cmake /home/utilizador/charmie_ws/src/charmie_interfaces -DAMENT_CMAKE_SYMLINK_INSTALL=1 -DCMAKE_INSTALL_PREFIX=/home/utilizador/charmie_ws/install/charmie_interfaces
[1.768s] -- The C compiler identification is GNU 9.4.0
[1.769s] -- The CXX compiler identification is GNU 9.4.0
[1.769s] -- Detecting C compiler ABI info
[1.770s] -- Detecting C compiler ABI info - done
[1.771s] -- Check for working C compiler: /usr/bin/cc - skipped
[1.772s] -- Detecting C compile features
[1.773s] -- Detecting C compile features - done
[1.773s] -- Detecting CXX compiler ABI info
[1.776s] -- Detecting CXX compiler ABI info - done
[1.776s] -- Check for working CXX compiler: /usr/bin/c++ - skipped
[1.776s] -- Detecting CXX compile features
[1.777s] -- Detecting CXX compile features - done
[1.778s] -- Found ament_cmake: 0.9.12 (/opt/ros/foxy/share/ament_cmake/cmake)
[1.779s] -- Found PythonInterp: /usr/bin/python3 (found suitable version "3.8.10", minimum required is "3") 
[1.779s] -- Using PYTHON_EXECUTABLE: /usr/bin/python3
[1.780s] -- Override CMake install command with custom implementation using symlinks instead of copying resources
[1.780s] -- Found rosidl_default_generators: 1.0.1 (/opt/ros/foxy/share/rosidl_default_generators/cmake)
[1.782s] -- Using all available rosidl_typesupport_c: rosidl_typesupport_fastrtps_c;rosidl_typesupport_introspection_c
[1.783s] -- Found rosidl_adapter: 1.3.1 (/opt/ros/foxy/share/rosidl_adapter/cmake)
[1.783s] -- Found OpenSSL: /usr/lib/x86_64-linux-gnu/libcrypto.so (found version "1.1.1f")  
[1.785s] -- Found FastRTPS: /opt/ros/foxy/include  
[1.786s] -- Using all available rosidl_typesupport_cpp: rosidl_typesupport_fastrtps_cpp;rosidl_typesupport_introspection_cpp
[1.786s] -- Found geometry_msgs: 2.0.5 (/opt/ros/foxy/share/geometry_msgs/cmake)
[1.786s] -- Found PythonInterp: /usr/bin/python3 (found version "3.8.10") 
[1.787s] -- Found ament_cmake_ros: 0.9.2 (/opt/ros/foxy/share/ament_cmake_ros/cmake)
[1.787s] -- Using all available rosidl_typesupport_c: rosidl_typesupport_fastrtps_c;rosidl_typesupport_introspection_c
[1.789s] [33mCMake Warning (dev) at /opt/ros/foxy/share/ament_cmake_core/cmake/core/python.cmake:22 (find_package):
[1.790s]   Policy CMP0148 is not set: The FindPythonInterp and FindPythonLibs modules
[1.790s]   are removed.  Run "cmake --help-policy CMP0148" for policy details.  Use
[1.790s]   the cmake_policy command to set the policy and suppress this warning.
[1.791s] 
[1.792s] Call Stack (most recent call first):
[1.792s]   /opt/ros/foxy/share/ament_cmake_core/cmake/core/all.cmake:53 (include)
[1.794s]   /opt/ros/foxy/share/ament_cmake_core/cmake/ament_cmake_core-extras.cmake:17 (include)
[1.794s]   /opt/ros/foxy/share/ament_cmake_core/cmake/ament_cmake_coreConfig.cmake:41 (include)
[1.795s]   /opt/ros/foxy/share/ament_cmake/cmake/ament_cmake_export_dependencies-extras.cmake:15 (find_package)
[1.797s]   /opt/ros/foxy/share/ament_cmake/cmake/ament_cmakeConfig.cmake:41 (include)
[1.798s]   CMakeLists.txt:19 (find_package)
[1.798s] This warning is for project developers.  Use -Wno-dev to suppress it.
[1.798s] [0m
[1.798s] [33mCMake Warning (dev) at /opt/ros/foxy/share/rosidl_adapter/cmake/rosidl_adapt_interfaces.cmake:40 (find_package):
[1.799s]   Policy CMP0148 is not set: The FindPythonInterp and FindPythonLibs modules
[1.799s]   are removed.  Run "cmake --help-policy CMP0148" for policy details.  Use
[1.799s]   the cmake_policy command to set the policy and suppress this warning.
[1.799s] 
[1.800s] Call Stack (most recent call first):
[1.800s]   /opt/ros/foxy/share/rosidl_cmake/cmake/rosidl_generate_interfaces.cmake:130 (rosidl_adapt_interfaces)
[1.800s]   CMakeLists.txt:24 (rosidl_generate_interfaces)
[1.800s] This warning is for project developers.  Use -Wno-dev to suppress it.
[1.800s] [0m
[1.878s] -- Using all available rosidl_typesupport_cpp: rosidl_typesupport_fastrtps_cpp;rosidl_typesupport_introspection_cpp
[1.888s] [33mCMake Warning (dev) at /opt/ros/foxy/share/rosidl_generator_py/cmake/rosidl_generator_py_generate_interfaces.cmake:20 (find_package):
[1.888s]   Policy CMP0148 is not set: The FindPythonInterp and FindPythonLibs modules
[1.888s]   are removed.  Run "cmake --help-policy CMP0148" for policy details.  Use
[1.888s]   the cmake_policy command to set the policy and suppress this warning.
[1.889s] 
[1.889s] Call Stack (most recent call first):
[1.890s]   /opt/ros/foxy/share/ament_cmake_core/cmake/core/ament_execute_extensions.cmake:48 (include)
[1.890s]   /opt/ros/foxy/share/rosidl_cmake/cmake/rosidl_generate_interfaces.cmake:286 (ament_execute_extensions)
[1.890s]   CMakeLists.txt:24 (rosidl_generate_interfaces)
[1.890s] This warning is for project developers.  Use -Wno-dev to suppress it.
[1.890s] [0m
[1.927s] -- Found PythonInterp: /usr/bin/python3 (found suitable version "3.8.10", minimum required is "3.5") 
[1.929s] -- Found python_cmake_module: 0.8.1 (/opt/ros/foxy/share/python_cmake_module/cmake)
[1.930s] [33mCMake Warning (dev) at /opt/ros/foxy/share/python_cmake_module/cmake/Modules/FindPythonExtra.cmake:45 (find_package):
[1.930s]   Policy CMP0148 is not set: The FindPythonInterp and FindPythonLibs modules
[1.930s]   are removed.  Run "cmake --help-policy CMP0148" for policy details.  Use
[1.930s]   the cmake_policy command to set the policy and suppress this warning.
[1.930s] 
[1.931s] Call Stack (most recent call first):
[1.931s]   /opt/ros/foxy/share/rosidl_generator_py/cmake/rosidl_generator_py_generate_interfaces.cmake:23 (find_package)
[1.931s]   /opt/ros/foxy/share/ament_cmake_core/cmake/core/ament_execute_extensions.cmake:48 (include)
[1.931s]   /opt/ros/foxy/share/rosidl_cmake/cmake/rosidl_generate_interfaces.cmake:286 (ament_execute_extensions)
[1.931s]   CMakeLists.txt:24 (rosidl_generate_interfaces)
[1.931s] This warning is for project developers.  Use -Wno-dev to suppress it.
[1.931s] [0m
[1.969s] [33mCMake Warning (dev) at /opt/ros/foxy/share/python_cmake_module/cmake/Modules/FindPythonExtra.cmake:133 (find_package):
[1.969s]   Policy CMP0148 is not set: The FindPythonInterp and FindPythonLibs modules
[1.969s]   are removed.  Run "cmake --help-policy CMP0148" for policy details.  Use
[1.969s]   the cmake_policy command to set the policy and suppress this warning.
[1.969s] 
[1.970s] Call Stack (most recent call first):
[1.970s]   /opt/ros/foxy/share/rosidl_generator_py/cmake/rosidl_generator_py_generate_interfaces.cmake:23 (find_package)
[1.970s]   /opt/ros/foxy/share/ament_cmake_core/cmake/core/ament_execute_extensions.cmake:48 (include)
[1.970s]   /opt/ros/foxy/share/rosidl_cmake/cmake/rosidl_generate_interfaces.cmake:286 (ament_execute_extensions)
[1.970s]   CMakeLists.txt:24 (rosidl_generate_interfaces)
[1.970s] This warning is for project developers.  Use -Wno-dev to suppress it.
[1.971s] [0m
[1.981s] -- Found PythonLibs: /usr/lib/x86_64-linux-gnu/libpython3.8.so (found suitable version "3.8.10", minimum required is "3.5") 
[1.981s] -- Using PYTHON_EXECUTABLE: /usr/bin/python3
[1.981s] -- Using PYTHON_INCLUDE_DIRS: /usr/include/python3.8
[1.981s] -- Using PYTHON_LIBRARIES: /usr/lib/x86_64-linux-gnu/libpython3.8.so
[2.021s] -- Found PythonExtra: .so  
[2.236s] -- Configuring done (2.1s)
[2.382s] -- Generating done (0.1s)
[2.387s] -- Build files have been written to: /home/utilizador/charmie_ws/build/charmie_interfaces
[2.413s] Invoked command in '/home/utilizador/charmie_ws/build/charmie_interfaces' returned '0': CMAKE_PREFIX_PATH=/opt/ros/foxy /home/utilizador/.local/bin/cmake /home/utilizador/charmie_ws/src/charmie_interfaces -DAMENT_CMAKE_SYMLINK_INSTALL=1 -DCMAKE_INSTALL_PREFIX=/home/utilizador/charmie_ws/install/charmie_interfaces
[2.414s] Invoking command in '/home/utilizador/charmie_ws/build/charmie_interfaces': CMAKE_PREFIX_PATH=/opt/ros/foxy /home/utilizador/.local/bin/cmake --build /home/utilizador/charmie_ws/build/charmie_interfaces -- -j8 -l8
[2.564s] [  1%] [34m[1mGenerating C code for ROS interfaces[0m
[2.572s] [  1%] [34m[1mGenerating C++ code for ROS interfaces[0m
[4.713s] [  1%] Built target charmie_interfaces__cpp
[4.760s] [  2%] [34m[1mGenerating C++ type support dispatch for ROS interfaces[0m
[4.771s] [  2%] [34m[1mGenerating C++ type support for eProsima Fast-RTPS[0m
[4.778s] [  3%] [34m[1mGenerating C++ introspection for ROS interfaces[0m
[5.680s] [  4%] [32mBuilding C object CMakeFiles/charmie_interfaces__rosidl_generator_c.dir/rosidl_generator_c/charmie_interfaces/msg/detail/encoders__functions.c.o[0m
[5.712s] [  5%] [32mBuilding C object CMakeFiles/charmie_interfaces__rosidl_generator_c.dir/rosidl_generator_c/charmie_interfaces/msg/detail/example_tr__functions.c.o[0m
[5.748s] [  6%] [32mBuilding C object CMakeFiles/charmie_interfaces__rosidl_generator_c.dir/rosidl_generator_c/charmie_interfaces/msg/detail/detected_person__functions.c.o[0m
[5.764s] [  7%] [32mBuilding C object CMakeFiles/charmie_interfaces__rosidl_generator_c.dir/rosidl_generator_c/charmie_interfaces/msg/detail/multi_objects__functions.c.o[0m
[5.801s] [  8%] [32mBuilding C object CMakeFiles/charmie_interfaces__rosidl_generator_c.dir/rosidl_generator_c/charmie_interfaces/msg/detail/obstacle_info__functions.c.o[0m
[5.891s] [  9%] [32mBuilding C object CMakeFiles/charmie_interfaces__rosidl_generator_c.dir/rosidl_generator_c/charmie_interfaces/msg/detail/ps4_controller__functions.c.o[0m
[5.895s] [  9%] [32mBuilding C object CMakeFiles/charmie_interfaces__rosidl_generator_c.dir/rosidl_generator_c/charmie_interfaces/msg/detail/obstacles__functions.c.o[0m
[5.948s] [ 10%] [32mBuilding C object CMakeFiles/charmie_interfaces__rosidl_generator_c.dir/rosidl_generator_c/charmie_interfaces/msg/detail/robot_speech__functions.c.o[0m
[6.005s] [ 11%] [32mBuilding C object CMakeFiles/charmie_interfaces__rosidl_generator_c.dir/rosidl_generator_c/charmie_interfaces/msg/detail/tar_nav_sdnl__functions.c.o[0m
[6.008s] [ 12%] [32mBuilding C object CMakeFiles/charmie_interfaces__rosidl_generator_c.dir/rosidl_generator_c/charmie_interfaces/msg/detail/speech_type__functions.c.o[0m
[6.060s] [ 13%] [32mBuilding C object CMakeFiles/charmie_interfaces__rosidl_generator_c.dir/rosidl_generator_c/charmie_interfaces/msg/detail/yolov8_pose__functions.c.o[0m
[6.182s] [ 14%] [32m[1mLinking C shared library libcharmie_interfaces__rosidl_generator_c.so[0m
[6.242s] [ 14%] Built target charmie_interfaces__rosidl_generator_c
[6.252s] [ 15%] [34m[1mGenerating C introspection for ROS interfaces[0m
[6.259s] [ 16%] [34m[1mGenerating C type support dispatch for ROS interfaces[0m
[6.352s] [ 17%] [32mBuilding CXX object CMakeFiles/charmie_interfaces__rosidl_typesupport_cpp.dir/rosidl_typesupport_cpp/charmie_interfaces/msg/encoders__type_support.cpp.o[0m
[6.373s] [ 18%] [32mBuilding CXX object CMakeFiles/charmie_interfaces__rosidl_typesupport_cpp.dir/rosidl_typesupport_cpp/charmie_interfaces/msg/example_tr__type_support.cpp.o[0m
[6.396s] [ 19%] [32mBuilding CXX object CMakeFiles/charmie_interfaces__rosidl_typesupport_cpp.dir/rosidl_typesupport_cpp/charmie_interfaces/msg/detected_person__type_support.cpp.o[0m
[6.401s] [ 20%] [32mBuilding CXX object CMakeFiles/charmie_interfaces__rosidl_typesupport_cpp.dir/rosidl_typesupport_cpp/charmie_interfaces/msg/multi_objects__type_support.cpp.o[0m
[6.880s] [ 21%] [32mBuilding CXX object CMakeFiles/charmie_interfaces__rosidl_typesupport_introspection_cpp.dir/rosidl_typesupport_introspection_cpp/charmie_interfaces/msg/detail/encoders__type_support.cpp.o[0m
[6.960s] [ 21%] [32mBuilding CXX object CMakeFiles/charmie_interfaces__rosidl_typesupport_introspection_cpp.dir/rosidl_typesupport_introspection_cpp/charmie_interfaces/msg/detail/example_tr__type_support.cpp.o[0m
[7.003s] [ 22%] [32mBuilding CXX object CMakeFiles/charmie_interfaces__rosidl_typesupport_introspection_cpp.dir/rosidl_typesupport_introspection_cpp/charmie_interfaces/msg/detail/detected_person__type_support.cpp.o[0m
[7.039s] [ 23%] [32mBuilding CXX object CMakeFiles/charmie_interfaces__rosidl_typesupport_cpp.dir/rosidl_typesupport_cpp/charmie_interfaces/msg/obstacle_info__type_support.cpp.o[0m
[7.088s] [ 24%] [32mBuilding CXX object CMakeFiles/charmie_interfaces__rosidl_typesupport_introspection_cpp.dir/rosidl_typesupport_introspection_cpp/charmie_interfaces/msg/detail/multi_objects__type_support.cpp.o[0m
[7.297s] [ 25%] [32mBuilding CXX object CMakeFiles/charmie_interfaces__rosidl_typesupport_fastrtps_cpp.dir/rosidl_typesupport_fastrtps_cpp/charmie_interfaces/msg/detail/dds_fastrtps/encoders__type_support.cpp.o[0m
[7.433s] [ 26%] [32mBuilding CXX object CMakeFiles/charmie_interfaces__rosidl_typesupport_c.dir/rosidl_typesupport_c/charmie_interfaces/msg/encoders__type_support.cpp.o[0m
[7.486s] [ 27%] [32mBuilding CXX object CMakeFiles/charmie_interfaces__rosidl_typesupport_c.dir/rosidl_typesupport_c/charmie_interfaces/msg/example_tr__type_support.cpp.o[0m
[7.507s] [ 27%] [32mBuilding CXX object CMakeFiles/charmie_interfaces__rosidl_typesupport_c.dir/rosidl_typesupport_c/charmie_interfaces/msg/detected_person__type_support.cpp.o[0m
[7.566s] [ 28%] [32mBuilding CXX object CMakeFiles/charmie_interfaces__rosidl_typesupport_introspection_cpp.dir/rosidl_typesupport_introspection_cpp/charmie_interfaces/msg/detail/obstacle_info__type_support.cpp.o[0m
[7.570s] [ 29%] [32mBuilding CXX object CMakeFiles/charmie_interfaces__rosidl_typesupport_c.dir/rosidl_typesupport_c/charmie_interfaces/msg/multi_objects__type_support.cpp.o[0m
[7.574s] [ 30%] [32mBuilding CXX object CMakeFiles/charmie_interfaces__rosidl_typesupport_cpp.dir/rosidl_typesupport_cpp/charmie_interfaces/msg/obstacles__type_support.cpp.o[0m
[7.621s] [ 31%] [32mBuilding CXX object CMakeFiles/charmie_interfaces__rosidl_typesupport_c.dir/rosidl_typesupport_c/charmie_interfaces/msg/obstacle_info__type_support.cpp.o[0m
[7.661s] [ 32%] [32mBuilding CXX object CMakeFiles/charmie_interfaces__rosidl_typesupport_c.dir/rosidl_typesupport_c/charmie_interfaces/msg/obstacles__type_support.cpp.o[0m
[7.666s] [ 33%] [32mBuilding CXX object CMakeFiles/charmie_interfaces__rosidl_typesupport_introspection_cpp.dir/rosidl_typesupport_introspection_cpp/charmie_interfaces/msg/detail/obstacles__type_support.cpp.o[0m
[7.732s] [ 34%] [32mBuilding C object CMakeFiles/charmie_interfaces__rosidl_typesupport_introspection_c.dir/rosidl_typesupport_introspection_c/charmie_interfaces/msg/detail/encoders__type_support.c.o[0m
[7.738s] [ 35%] [32mBuilding CXX object CMakeFiles/charmie_interfaces__rosidl_typesupport_c.dir/rosidl_typesupport_c/charmie_interfaces/msg/ps4_controller__type_support.cpp.o[0m
[7.787s] [ 36%] [32mBuilding C object CMakeFiles/charmie_interfaces__rosidl_typesupport_introspection_c.dir/rosidl_typesupport_introspection_c/charmie_interfaces/msg/detail/example_tr__type_support.c.o[0m
[7.793s] [ 37%] [32mBuilding C object CMakeFiles/charmie_interfaces__rosidl_typesupport_introspection_c.dir/rosidl_typesupport_introspection_c/charmie_interfaces/msg/detail/detected_person__type_support.c.o[0m
[7.814s] [ 38%] [32mBuilding CXX object CMakeFiles/charmie_interfaces__rosidl_typesupport_c.dir/rosidl_typesupport_c/charmie_interfaces/msg/robot_speech__type_support.cpp.o[0m
[7.830s] [ 39%] [32mBuilding CXX object CMakeFiles/charmie_interfaces__rosidl_typesupport_introspection_cpp.dir/rosidl_typesupport_introspection_cpp/charmie_interfaces/msg/detail/ps4_controller__type_support.cpp.o[0m
[7.840s] [ 40%] [32mBuilding C object CMakeFiles/charmie_interfaces__rosidl_typesupport_introspection_c.dir/rosidl_typesupport_introspection_c/charmie_interfaces/msg/detail/multi_objects__type_support.c.o[0m
[7.849s] [ 41%] [32mBuilding CXX object CMakeFiles/charmie_interfaces__rosidl_typesupport_introspection_cpp.dir/rosidl_typesupport_introspection_cpp/charmie_interfaces/msg/detail/robot_speech__type_support.cpp.o[0m
[7.880s] [ 42%] [32mBuilding CXX object CMakeFiles/charmie_interfaces__rosidl_typesupport_c.dir/rosidl_typesupport_c/charmie_interfaces/msg/speech_type__type_support.cpp.o[0m
[7.913s] [ 43%] [32mBuilding C object CMakeFiles/charmie_interfaces__rosidl_typesupport_introspection_c.dir/rosidl_typesupport_introspection_c/charmie_interfaces/msg/detail/obstacle_info__type_support.c.o[0m
[7.950s] [ 44%] [32mBuilding CXX object CMakeFiles/charmie_interfaces__rosidl_typesupport_c.dir/rosidl_typesupport_c/charmie_interfaces/msg/tar_nav_sdnl__type_support.cpp.o[0m
[7.984s] [ 45%] [32mBuilding C object CMakeFiles/charmie_interfaces__rosidl_typesupport_introspection_c.dir/rosidl_typesupport_introspection_c/charmie_interfaces/msg/detail/obstacles__type_support.c.o[0m
[8.025s] [ 46%] [32mBuilding CXX object CMakeFiles/charmie_interfaces__rosidl_typesupport_c.dir/rosidl_typesupport_c/charmie_interfaces/msg/yolov8_pose__type_support.cpp.o[0m
[8.065s] [ 46%] [32mBuilding C object CMakeFiles/charmie_interfaces__rosidl_typesupport_introspection_c.dir/rosidl_typesupport_introspection_c/charmie_interfaces/msg/detail/ps4_controller__type_support.c.o[0m
[8.066s] [ 47%] [32m[1mLinking CXX shared library libcharmie_interfaces__rosidl_typesupport_c.so[0m
[8.079s] [ 48%] [32mBuilding CXX object CMakeFiles/charmie_interfaces__rosidl_typesupport_fastrtps_cpp.dir/rosidl_typesupport_fastrtps_cpp/charmie_interfaces/msg/detail/dds_fastrtps/example_tr__type_support.cpp.o[0m
[8.096s] [ 49%] [32mBuilding C object CMakeFiles/charmie_interfaces__rosidl_typesupport_introspection_c.dir/rosidl_typesupport_introspection_c/charmie_interfaces/msg/detail/robot_speech__type_support.c.o[0m
[8.131s] [ 50%] [32mBuilding CXX object CMakeFiles/charmie_interfaces__rosidl_typesupport_cpp.dir/rosidl_typesupport_cpp/charmie_interfaces/msg/ps4_controller__type_support.cpp.o[0m
[8.159s] [ 50%] Built target charmie_interfaces__rosidl_typesupport_c
[8.178s] [ 51%] [32mBuilding C object CMakeFiles/charmie_interfaces__rosidl_typesupport_introspection_c.dir/rosidl_typesupport_introspection_c/charmie_interfaces/msg/detail/speech_type__type_support.c.o[0m
[8.178s] [ 51%] [32mBuilding CXX object CMakeFiles/charmie_interfaces__rosidl_typesupport_cpp.dir/rosidl_typesupport_cpp/charmie_interfaces/msg/robot_speech__type_support.cpp.o[0m
[8.184s] [ 52%] [32mBuilding CXX object CMakeFiles/charmie_interfaces__rosidl_typesupport_cpp.dir/rosidl_typesupport_cpp/charmie_interfaces/msg/speech_type__type_support.cpp.o[0m
[8.299s] [ 53%] [32mBuilding C object CMakeFiles/charmie_interfaces__rosidl_typesupport_introspection_c.dir/rosidl_typesupport_introspection_c/charmie_interfaces/msg/detail/tar_nav_sdnl__type_support.c.o[0m
[8.438s] [ 54%] [32mBuilding C object CMakeFiles/charmie_interfaces__rosidl_typesupport_introspection_c.dir/rosidl_typesupport_introspection_c/charmie_interfaces/msg/detail/yolov8_pose__type_support.c.o[0m
[8.442s] [ 55%] [32mBuilding CXX object CMakeFiles/charmie_interfaces__rosidl_typesupport_cpp.dir/rosidl_typesupport_cpp/charmie_interfaces/msg/tar_nav_sdnl__type_support.cpp.o[0m
[8.496s] [ 56%] [32mBuilding CXX object CMakeFiles/charmie_interfaces__rosidl_typesupport_introspection_cpp.dir/rosidl_typesupport_introspection_cpp/charmie_interfaces/msg/detail/speech_type__type_support.cpp.o[0m
[8.508s] [ 57%] [32mBuilding CXX object CMakeFiles/charmie_interfaces__rosidl_typesupport_fastrtps_cpp.dir/rosidl_typesupport_fastrtps_cpp/charmie_interfaces/msg/detail/dds_fastrtps/detected_person__type_support.cpp.o[0m
[8.529s] [ 58%] [32m[1mLinking C shared library libcharmie_interfaces__rosidl_typesupport_introspection_c.so[0m
[8.681s] [ 58%] Built target charmie_interfaces__rosidl_typesupport_introspection_c
[8.725s] [ 59%] [32mBuilding CXX object CMakeFiles/charmie_interfaces__rosidl_typesupport_fastrtps_cpp.dir/rosidl_typesupport_fastrtps_cpp/charmie_interfaces/msg/detail/dds_fastrtps/multi_objects__type_support.cpp.o[0m
[8.884s] [ 60%] [32mBuilding CXX object CMakeFiles/charmie_interfaces__rosidl_typesupport_cpp.dir/rosidl_typesupport_cpp/charmie_interfaces/msg/yolov8_pose__type_support.cpp.o[0m
[8.932s] [ 61%] [32mBuilding CXX object CMakeFiles/charmie_interfaces__rosidl_typesupport_fastrtps_cpp.dir/rosidl_typesupport_fastrtps_cpp/charmie_interfaces/msg/detail/dds_fastrtps/obstacle_info__type_support.cpp.o[0m
[9.047s] [ 62%] [32mBuilding CXX object CMakeFiles/charmie_interfaces__rosidl_typesupport_fastrtps_cpp.dir/rosidl_typesupport_fastrtps_cpp/charmie_interfaces/msg/detail/dds_fastrtps/obstacles__type_support.cpp.o[0m
[9.054s] [ 63%] [32mBuilding CXX object CMakeFiles/charmie_interfaces__rosidl_typesupport_introspection_cpp.dir/rosidl_typesupport_introspection_cpp/charmie_interfaces/msg/detail/tar_nav_sdnl__type_support.cpp.o[0m
[9.204s] [ 64%] [32mBuilding CXX object CMakeFiles/charmie_interfaces__rosidl_typesupport_fastrtps_cpp.dir/rosidl_typesupport_fastrtps_cpp/charmie_interfaces/msg/detail/dds_fastrtps/ps4_controller__type_support.cpp.o[0m
[9.225s] [ 65%] [32mBuilding CXX object CMakeFiles/charmie_interfaces__rosidl_typesupport_introspection_cpp.dir/rosidl_typesupport_introspection_cpp/charmie_interfaces/msg/detail/yolov8_pose__type_support.cpp.o[0m
[9.475s] [ 66%] [32m[1mLinking CXX shared library libcharmie_interfaces__rosidl_typesupport_cpp.so[0m
[9.534s] [ 66%] Built target charmie_interfaces__rosidl_typesupport_cpp
[9.539s] [ 67%] [32mBuilding CXX object CMakeFiles/charmie_interfaces__rosidl_typesupport_fastrtps_cpp.dir/rosidl_typesupport_fastrtps_cpp/charmie_interfaces/msg/detail/dds_fastrtps/robot_speech__type_support.cpp.o[0m
[9.582s] [ 68%] [32mBuilding CXX object CMakeFiles/charmie_interfaces__rosidl_typesupport_fastrtps_cpp.dir/rosidl_typesupport_fastrtps_cpp/charmie_interfaces/msg/detail/dds_fastrtps/speech_type__type_support.cpp.o[0m
[9.588s] [ 68%] [32mBuilding CXX object CMakeFiles/charmie_interfaces__rosidl_typesupport_fastrtps_cpp.dir/rosidl_typesupport_fastrtps_cpp/charmie_interfaces/msg/detail/dds_fastrtps/tar_nav_sdnl__type_support.cpp.o[0m
[9.814s] [ 69%] [32mBuilding CXX object CMakeFiles/charmie_interfaces__rosidl_typesupport_fastrtps_cpp.dir/rosidl_typesupport_fastrtps_cpp/charmie_interfaces/msg/detail/dds_fastrtps/yolov8_pose__type_support.cpp.o[0m
[9.909s] [ 70%] [32m[1mLinking CXX shared library libcharmie_interfaces__rosidl_typesupport_introspection_cpp.so[0m
[10.045s] [ 70%] Built target charmie_interfaces__rosidl_typesupport_introspection_cpp
[10.529s] [ 71%] [32m[1mLinking CXX shared library libcharmie_interfaces__rosidl_typesupport_fastrtps_cpp.so[0m
[10.623s] [ 71%] Built target charmie_interfaces__rosidl_typesupport_fastrtps_cpp
[10.627s] [ 72%] [34m[1mGenerating C type support for eProsima Fast-RTPS[0m
[11.358s] [ 73%] [32mBuilding CXX object CMakeFiles/charmie_interfaces__rosidl_typesupport_fastrtps_c.dir/rosidl_typesupport_fastrtps_c/charmie_interfaces/msg/detail/encoders__type_support_c.cpp.o[0m
[11.358s] [ 75%] [32mBuilding CXX object CMakeFiles/charmie_interfaces__rosidl_typesupport_fastrtps_c.dir/rosidl_typesupport_fastrtps_c/charmie_interfaces/msg/detail/multi_objects__type_support_c.cpp.o[0m
[11.359s] [ 75%] [32mBuilding CXX object CMakeFiles/charmie_interfaces__rosidl_typesupport_fastrtps_c.dir/rosidl_typesupport_fastrtps_c/charmie_interfaces/msg/detail/detected_person__type_support_c.cpp.o[0m
[11.359s] [ 75%] [32mBuilding CXX object CMakeFiles/charmie_interfaces__rosidl_typesupport_fastrtps_c.dir/rosidl_typesupport_fastrtps_c/charmie_interfaces/msg/detail/obstacle_info__type_support_c.cpp.o[0m
[11.359s] [ 76%] [32mBuilding CXX object CMakeFiles/charmie_interfaces__rosidl_typesupport_fastrtps_c.dir/rosidl_typesupport_fastrtps_c/charmie_interfaces/msg/detail/example_tr__type_support_c.cpp.o[0m
[11.359s] [ 77%] [32mBuilding CXX object CMakeFiles/charmie_interfaces__rosidl_typesupport_fastrtps_c.dir/rosidl_typesupport_fastrtps_c/charmie_interfaces/msg/detail/obstacles__type_support_c.cpp.o[0m
[11.360s] [ 78%] [32mBuilding CXX object CMakeFiles/charmie_interfaces__rosidl_typesupport_fastrtps_c.dir/rosidl_typesupport_fastrtps_c/charmie_interfaces/msg/detail/ps4_controller__type_support_c.cpp.o[0m
[11.362s] [ 79%] [32mBuilding CXX object CMakeFiles/charmie_interfaces__rosidl_typesupport_fastrtps_c.dir/rosidl_typesupport_fastrtps_c/charmie_interfaces/msg/detail/robot_speech__type_support_c.cpp.o[0m
[12.028s] [ 80%] [32mBuilding CXX object CMakeFiles/charmie_interfaces__rosidl_typesupport_fastrtps_c.dir/rosidl_typesupport_fastrtps_c/charmie_interfaces/msg/detail/speech_type__type_support_c.cpp.o[0m
[12.031s] [ 81%] [32mBuilding CXX object CMakeFiles/charmie_interfaces__rosidl_typesupport_fastrtps_c.dir/rosidl_typesupport_fastrtps_c/charmie_interfaces/msg/detail/tar_nav_sdnl__type_support_c.cpp.o[0m
[12.055s] [ 82%] [32mBuilding CXX object CMakeFiles/charmie_interfaces__rosidl_typesupport_fastrtps_c.dir/rosidl_typesupport_fastrtps_c/charmie_interfaces/msg/detail/yolov8_pose__type_support_c.cpp.o[0m
[12.583s] [ 83%] [32m[1mLinking CXX shared library libcharmie_interfaces__rosidl_typesupport_fastrtps_c.so[0m
[12.686s] [ 83%] Built target charmie_interfaces__rosidl_typesupport_fastrtps_c
[12.695s] [ 83%] Built target charmie_interfaces
[12.704s] [ 84%] [34m[1mGenerating Python code for ROS interfaces[0m
[14.361s] [ 84%] Built target charmie_interfaces__py
[14.371s] [ 86%] [32mBuilding C object CMakeFiles/charmie_interfaces__python.dir/rosidl_generator_py/charmie_interfaces/msg/_obstacle_info_s.c.o[0m
[14.371s] [ 86%] [32mBuilding C object CMakeFiles/charmie_interfaces__python.dir/rosidl_generator_py/charmie_interfaces/msg/_encoders_s.c.o[0m
[14.371s] [ 87%] [32mBuilding C object CMakeFiles/charmie_interfaces__python.dir/rosidl_generator_py/charmie_interfaces/msg/_example_tr_s.c.o[0m
[14.371s] [ 89%] [32mBuilding C object CMakeFiles/charmie_interfaces__python.dir/rosidl_generator_py/charmie_interfaces/msg/_multi_objects_s.c.o[0m
[14.371s] [ 89%] [32mBuilding C object CMakeFiles/charmie_interfaces__python.dir/rosidl_generator_py/charmie_interfaces/msg/_detected_person_s.c.o[0m
[14.371s] [ 90%] [32mBuilding C object CMakeFiles/charmie_interfaces__python.dir/rosidl_generator_py/charmie_interfaces/msg/_obstacles_s.c.o[0m
[14.374s] [ 91%] [32mBuilding C object CMakeFiles/charmie_interfaces__python.dir/rosidl_generator_py/charmie_interfaces/msg/_ps4_controller_s.c.o[0m
[14.378s] [ 92%] [32mBuilding C object CMakeFiles/charmie_interfaces__python.dir/rosidl_generator_py/charmie_interfaces/msg/_robot_speech_s.c.o[0m
[14.525s] [ 92%] [32mBuilding C object CMakeFiles/charmie_interfaces__python.dir/rosidl_generator_py/charmie_interfaces/msg/_speech_type_s.c.o[0m
[14.527s] [ 93%] [32mBuilding C object CMakeFiles/charmie_interfaces__python.dir/rosidl_generator_py/charmie_interfaces/msg/_tar_nav_sdnl_s.c.o[0m
[14.549s] [ 94%] [32mBuilding C object CMakeFiles/charmie_interfaces__python.dir/rosidl_generator_py/charmie_interfaces/msg/_yolov8_pose_s.c.o[0m
[14.666s] [ 95%] [32m[1mLinking C shared library rosidl_generator_py/charmie_interfaces/libcharmie_interfaces__python.so[0m
[14.704s] [ 95%] Built target charmie_interfaces__python
[14.713s] [ 97%] [32mBuilding C object CMakeFiles/charmie_interfaces__rosidl_typesupport_c__pyext.dir/rosidl_generator_py/charmie_interfaces/_charmie_interfaces_s.ep.rosidl_typesupport_c.c.o[0m
[14.713s] [ 97%] [32mBuilding C object CMakeFiles/charmie_interfaces__rosidl_typesupport_introspection_c__pyext.dir/rosidl_generator_py/charmie_interfaces/_charmie_interfaces_s.ep.rosidl_typesupport_introspection_c.c.o[0m
[14.713s] [ 97%] [32mBuilding C object CMakeFiles/charmie_interfaces__rosidl_typesupport_fastrtps_c__pyext.dir/rosidl_generator_py/charmie_interfaces/_charmie_interfaces_s.ep.rosidl_typesupport_fastrtps_c.c.o[0m
[14.828s] [ 98%] [32m[1mLinking CXX shared library rosidl_generator_py/charmie_interfaces/charmie_interfaces_s__rosidl_typesupport_fastrtps_c.cpython-38-x86_64-linux-gnu.so[0m
[14.916s] [ 99%] [32m[1mLinking C shared library rosidl_generator_py/charmie_interfaces/charmie_interfaces_s__rosidl_typesupport_introspection_c.cpython-38-x86_64-linux-gnu.so[0m
[14.920s] [100%] [32m[1mLinking C shared library rosidl_generator_py/charmie_interfaces/charmie_interfaces_s__rosidl_typesupport_c.cpython-38-x86_64-linux-gnu.so[0m
[14.942s] [100%] Built target charmie_interfaces__rosidl_typesupport_fastrtps_c__pyext
[14.969s] [100%] Built target charmie_interfaces__rosidl_typesupport_introspection_c__pyext
[14.982s] [100%] Built target charmie_interfaces__rosidl_typesupport_c__pyext
[15.005s] Invoked command in '/home/utilizador/charmie_ws/build/charmie_interfaces' returned '0': CMAKE_PREFIX_PATH=/opt/ros/foxy /home/utilizador/.local/bin/cmake --build /home/utilizador/charmie_ws/build/charmie_interfaces -- -j8 -l8
[15.358s] Invoking command in '/home/utilizador/charmie_ws/build/charmie_interfaces': CMAKE_PREFIX_PATH=/opt/ros/foxy /home/utilizador/.local/bin/cmake --install /home/utilizador/charmie_ws/build/charmie_interfaces
[15.403s] -- Install configuration: ""
[15.405s] -- Execute custom install script
[15.405s] -- Symlinking: /home/utilizador/charmie_ws/install/charmie_interfaces/share/ament_index/resource_index/rosidl_interfaces/charmie_interfaces
[15.411s] -- Symlinking: /home/utilizador/charmie_ws/install/charmie_interfaces/include/charmie_interfaces/msg/detail/detected_person__functions.h
[15.422s] -- Symlinking: /home/utilizador/charmie_ws/install/charmie_interfaces/include/charmie_interfaces/msg/detail/detected_person__struct.h
[15.424s] -- Symlinking: /home/utilizador/charmie_ws/install/charmie_interfaces/include/charmie_interfaces/msg/detail/detected_person__type_support.h
[15.429s] -- Symlinking: /home/utilizador/charmie_ws/install/charmie_interfaces/include/charmie_interfaces/msg/detail/encoders__functions.h
[15.432s] -- Symlinking: /home/utilizador/charmie_ws/install/charmie_interfaces/include/charmie_interfaces/msg/detail/encoders__struct.h
[15.436s] -- Symlinking: /home/utilizador/charmie_ws/install/charmie_interfaces/include/charmie_interfaces/msg/detail/encoders__type_support.h
[15.440s] -- Symlinking: /home/utilizador/charmie_ws/install/charmie_interfaces/include/charmie_interfaces/msg/detail/example_tr__functions.h
[15.444s] -- Symlinking: /home/utilizador/charmie_ws/install/charmie_interfaces/include/charmie_interfaces/msg/detail/example_tr__struct.h
[15.448s] -- Symlinking: /home/utilizador/charmie_ws/install/charmie_interfaces/include/charmie_interfaces/msg/detail/example_tr__type_support.h
[15.452s] -- Symlinking: /home/utilizador/charmie_ws/install/charmie_interfaces/include/charmie_interfaces/msg/detail/multi_objects__functions.h
[15.456s] -- Symlinking: /home/utilizador/charmie_ws/install/charmie_interfaces/include/charmie_interfaces/msg/detail/multi_objects__struct.h
[15.460s] -- Symlinking: /home/utilizador/charmie_ws/install/charmie_interfaces/include/charmie_interfaces/msg/detail/multi_objects__type_support.h
[15.464s] -- Symlinking: /home/utilizador/charmie_ws/install/charmie_interfaces/include/charmie_interfaces/msg/detail/obstacle_info__functions.h
[15.468s] -- Symlinking: /home/utilizador/charmie_ws/install/charmie_interfaces/include/charmie_interfaces/msg/detail/obstacle_info__struct.h
[15.473s] -- Symlinking: /home/utilizador/charmie_ws/install/charmie_interfaces/include/charmie_interfaces/msg/detail/obstacle_info__type_support.h
[15.477s] -- Symlinking: /home/utilizador/charmie_ws/install/charmie_interfaces/include/charmie_interfaces/msg/detail/obstacles__functions.h
[15.481s] -- Symlinking: /home/utilizador/charmie_ws/install/charmie_interfaces/include/charmie_interfaces/msg/detail/obstacles__struct.h
[15.486s] -- Symlinking: /home/utilizador/charmie_ws/install/charmie_interfaces/include/charmie_interfaces/msg/detail/obstacles__type_support.h
[15.490s] -- Symlinking: /home/utilizador/charmie_ws/install/charmie_interfaces/include/charmie_interfaces/msg/detail/ps4_controller__functions.h
[15.495s] -- Symlinking: /home/utilizador/charmie_ws/install/charmie_interfaces/include/charmie_interfaces/msg/detail/ps4_controller__struct.h
[15.499s] -- Symlinking: /home/utilizador/charmie_ws/install/charmie_interfaces/include/charmie_interfaces/msg/detail/ps4_controller__type_support.h
[15.505s] -- Symlinking: /home/utilizador/charmie_ws/install/charmie_interfaces/include/charmie_interfaces/msg/detail/robot_speech__functions.h
[15.509s] -- Symlinking: /home/utilizador/charmie_ws/install/charmie_interfaces/include/charmie_interfaces/msg/detail/robot_speech__struct.h
[15.514s] -- Symlinking: /home/utilizador/charmie_ws/install/charmie_interfaces/include/charmie_interfaces/msg/detail/robot_speech__type_support.h
[15.521s] -- Symlinking: /home/utilizador/charmie_ws/install/charmie_interfaces/include/charmie_interfaces/msg/detail/speech_type__functions.h
[15.526s] -- Symlinking: /home/utilizador/charmie_ws/install/charmie_interfaces/include/charmie_interfaces/msg/detail/speech_type__struct.h
[15.530s] -- Symlinking: /home/utilizador/charmie_ws/install/charmie_interfaces/include/charmie_interfaces/msg/detail/speech_type__type_support.h
[15.534s] -- Symlinking: /home/utilizador/charmie_ws/install/charmie_interfaces/include/charmie_interfaces/msg/detail/tar_nav_sdnl__functions.h
[15.539s] -- Symlinking: /home/utilizador/charmie_ws/install/charmie_interfaces/include/charmie_interfaces/msg/detail/tar_nav_sdnl__struct.h
[15.543s] -- Symlinking: /home/utilizador/charmie_ws/install/charmie_interfaces/include/charmie_interfaces/msg/detail/tar_nav_sdnl__type_support.h
[15.547s] -- Symlinking: /home/utilizador/charmie_ws/install/charmie_interfaces/include/charmie_interfaces/msg/detail/yolov8_pose__functions.h
[15.552s] -- Symlinking: /home/utilizador/charmie_ws/install/charmie_interfaces/include/charmie_interfaces/msg/detail/yolov8_pose__struct.h
[15.556s] -- Symlinking: /home/utilizador/charmie_ws/install/charmie_interfaces/include/charmie_interfaces/msg/detail/yolov8_pose__type_support.h
[15.560s] -- Symlinking: /home/utilizador/charmie_ws/install/charmie_interfaces/include/charmie_interfaces/msg/detected_person.h
[15.580s] -- Symlinking: /home/utilizador/charmie_ws/install/charmie_interfaces/include/charmie_interfaces/msg/encoders.h
[15.601s] -- Symlinking: /home/utilizador/charmie_ws/install/charmie_interfaces/include/charmie_interfaces/msg/example_tr.h
[15.621s] -- Symlinking: /home/utilizador/charmie_ws/install/charmie_interfaces/include/charmie_interfaces/msg/multi_objects.h
[15.641s] -- Symlinking: /home/utilizador/charmie_ws/install/charmie_interfaces/include/charmie_interfaces/msg/obstacle_info.h
[15.659s] -- Symlinking: /home/utilizador/charmie_ws/install/charmie_interfaces/include/charmie_interfaces/msg/obstacles.h
[15.681s] -- Symlinking: /home/utilizador/charmie_ws/install/charmie_interfaces/include/charmie_interfaces/msg/ps4_controller.h
[15.701s] -- Symlinking: /home/utilizador/charmie_ws/install/charmie_interfaces/include/charmie_interfaces/msg/robot_speech.h
[15.726s] -- Symlinking: /home/utilizador/charmie_ws/install/charmie_interfaces/include/charmie_interfaces/msg/rosidl_generator_c__visibility_control.h
[15.745s] -- Symlinking: /home/utilizador/charmie_ws/install/charmie_interfaces/include/charmie_interfaces/msg/speech_type.h
[15.765s] -- Symlinking: /home/utilizador/charmie_ws/install/charmie_interfaces/include/charmie_interfaces/msg/tar_nav_sdnl.h
[15.790s] -- Symlinking: /home/utilizador/charmie_ws/install/charmie_interfaces/include/charmie_interfaces/msg/yolov8_pose.h
[15.802s] -- Symlinking: /home/utilizador/charmie_ws/install/charmie_interfaces/share/charmie_interfaces/environment/library_path.sh
[15.826s] -- Symlinking: /home/utilizador/charmie_ws/install/charmie_interfaces/share/charmie_interfaces/environment/library_path.dsv
[15.847s] -- Symlinking: /home/utilizador/charmie_ws/install/charmie_interfaces/include/charmie_interfaces/msg/detail/detected_person__rosidl_typesupport_fastrtps_c.h
[15.877s] -- Symlinking: /home/utilizador/charmie_ws/install/charmie_interfaces/include/charmie_interfaces/msg/detail/encoders__rosidl_typesupport_fastrtps_c.h
[15.900s] -- Symlinking: /home/utilizador/charmie_ws/install/charmie_interfaces/include/charmie_interfaces/msg/detail/example_tr__rosidl_typesupport_fastrtps_c.h
[15.913s] -- Symlinking: /home/utilizador/charmie_ws/install/charmie_interfaces/include/charmie_interfaces/msg/detail/multi_objects__rosidl_typesupport_fastrtps_c.h
[15.938s] -- Symlinking: /home/utilizador/charmie_ws/install/charmie_interfaces/include/charmie_interfaces/msg/detail/obstacle_info__rosidl_typesupport_fastrtps_c.h
[15.957s] -- Symlinking: /home/utilizador/charmie_ws/install/charmie_interfaces/include/charmie_interfaces/msg/detail/obstacles__rosidl_typesupport_fastrtps_c.h
[15.977s] -- Symlinking: /home/utilizador/charmie_ws/install/charmie_interfaces/include/charmie_interfaces/msg/detail/ps4_controller__rosidl_typesupport_fastrtps_c.h
[15.993s] -- Symlinking: /home/utilizador/charmie_ws/install/charmie_interfaces/include/charmie_interfaces/msg/detail/robot_speech__rosidl_typesupport_fastrtps_c.h
[16.005s] -- Symlinking: /home/utilizador/charmie_ws/install/charmie_interfaces/include/charmie_interfaces/msg/detail/speech_type__rosidl_typesupport_fastrtps_c.h
[16.041s] -- Symlinking: /home/utilizador/charmie_ws/install/charmie_interfaces/include/charmie_interfaces/msg/detail/tar_nav_sdnl__rosidl_typesupport_fastrtps_c.h
[16.061s] -- Symlinking: /home/utilizador/charmie_ws/install/charmie_interfaces/include/charmie_interfaces/msg/detail/yolov8_pose__rosidl_typesupport_fastrtps_c.h
[16.085s] -- Symlinking: /home/utilizador/charmie_ws/install/charmie_interfaces/include/charmie_interfaces/msg/rosidl_typesupport_fastrtps_c__visibility_control.h
[16.106s] -- Symlinking: /home/utilizador/charmie_ws/install/charmie_interfaces/lib/libcharmie_interfaces__rosidl_typesupport_fastrtps_c.so
[16.131s] -- Symlinking: /home/utilizador/charmie_ws/install/charmie_interfaces/include/charmie_interfaces/msg/detail/detected_person__rosidl_typesupport_fastrtps_cpp.hpp
[16.149s] -- Symlinking: /home/utilizador/charmie_ws/install/charmie_interfaces/include/charmie_interfaces/msg/detail/encoders__rosidl_typesupport_fastrtps_cpp.hpp
[16.169s] -- Symlinking: /home/utilizador/charmie_ws/install/charmie_interfaces/include/charmie_interfaces/msg/detail/example_tr__rosidl_typesupport_fastrtps_cpp.hpp
[16.193s] -- Symlinking: /home/utilizador/charmie_ws/install/charmie_interfaces/include/charmie_interfaces/msg/detail/multi_objects__rosidl_typesupport_fastrtps_cpp.hpp
[16.213s] -- Symlinking: /home/utilizador/charmie_ws/install/charmie_interfaces/include/charmie_interfaces/msg/detail/obstacle_info__rosidl_typesupport_fastrtps_cpp.hpp
[16.233s] -- Symlinking: /home/utilizador/charmie_ws/install/charmie_interfaces/include/charmie_interfaces/msg/detail/obstacles__rosidl_typesupport_fastrtps_cpp.hpp
[16.257s] -- Symlinking: /home/utilizador/charmie_ws/install/charmie_interfaces/include/charmie_interfaces/msg/detail/ps4_controller__rosidl_typesupport_fastrtps_cpp.hpp
[16.265s] -- Symlinking: /home/utilizador/charmie_ws/install/charmie_interfaces/include/charmie_interfaces/msg/detail/robot_speech__rosidl_typesupport_fastrtps_cpp.hpp
[16.285s] -- Symlinking: /home/utilizador/charmie_ws/install/charmie_interfaces/include/charmie_interfaces/msg/detail/speech_type__rosidl_typesupport_fastrtps_cpp.hpp
[16.301s] -- Symlinking: /home/utilizador/charmie_ws/install/charmie_interfaces/include/charmie_interfaces/msg/detail/tar_nav_sdnl__rosidl_typesupport_fastrtps_cpp.hpp
[16.317s] -- Symlinking: /home/utilizador/charmie_ws/install/charmie_interfaces/include/charmie_interfaces/msg/detail/yolov8_pose__rosidl_typesupport_fastrtps_cpp.hpp
[16.341s] -- Symlinking: /home/utilizador/charmie_ws/install/charmie_interfaces/include/charmie_interfaces/msg/rosidl_typesupport_fastrtps_cpp__visibility_control.h
[16.355s] -- Symlinking: /home/utilizador/charmie_ws/install/charmie_interfaces/lib/libcharmie_interfaces__rosidl_typesupport_fastrtps_cpp.so
[16.378s] -- Symlinking: /home/utilizador/charmie_ws/install/charmie_interfaces/include/charmie_interfaces/msg/detail/detected_person__rosidl_typesupport_introspection_c.h
[16.397s] -- Symlinking: /home/utilizador/charmie_ws/install/charmie_interfaces/include/charmie_interfaces/msg/detail/encoders__rosidl_typesupport_introspection_c.h
[16.423s] -- Symlinking: /home/utilizador/charmie_ws/install/charmie_interfaces/include/charmie_interfaces/msg/detail/example_tr__rosidl_typesupport_introspection_c.h
[16.445s] -- Symlinking: /home/utilizador/charmie_ws/install/charmie_interfaces/include/charmie_interfaces/msg/detail/multi_objects__rosidl_typesupport_introspection_c.h
[16.465s] -- Symlinking: /home/utilizador/charmie_ws/install/charmie_interfaces/include/charmie_interfaces/msg/detail/obstacle_info__rosidl_typesupport_introspection_c.h
[16.481s] -- Symlinking: /home/utilizador/charmie_ws/install/charmie_interfaces/include/charmie_interfaces/msg/detail/obstacles__rosidl_typesupport_introspection_c.h
[16.497s] -- Symlinking: /home/utilizador/charmie_ws/install/charmie_interfaces/include/charmie_interfaces/msg/detail/ps4_controller__rosidl_typesupport_introspection_c.h
[16.513s] -- Symlinking: /home/utilizador/charmie_ws/install/charmie_interfaces/include/charmie_interfaces/msg/detail/robot_speech__rosidl_typesupport_introspection_c.h
[16.529s] -- Symlinking: /home/utilizador/charmie_ws/install/charmie_interfaces/include/charmie_interfaces/msg/detail/speech_type__rosidl_typesupport_introspection_c.h
[16.553s] -- Symlinking: /home/utilizador/charmie_ws/install/charmie_interfaces/include/charmie_interfaces/msg/detail/tar_nav_sdnl__rosidl_typesupport_introspection_c.h
[16.573s] -- Symlinking: /home/utilizador/charmie_ws/install/charmie_interfaces/include/charmie_interfaces/msg/detail/yolov8_pose__rosidl_typesupport_introspection_c.h
[16.593s] -- Symlinking: /home/utilizador/charmie_ws/install/charmie_interfaces/include/charmie_interfaces/msg/rosidl_typesupport_introspection_c__visibility_control.h
[16.614s] -- Symlinking: /home/utilizador/charmie_ws/install/charmie_interfaces/include/charmie_interfaces/msg/detail/detected_person__builder.hpp
[16.638s] -- Symlinking: /home/utilizador/charmie_ws/install/charmie_interfaces/include/charmie_interfaces/msg/detail/detected_person__struct.hpp
[16.643s] -- Symlinking: /home/utilizador/charmie_ws/install/charmie_interfaces/include/charmie_interfaces/msg/detail/detected_person__traits.hpp
[16.647s] -- Symlinking: /home/utilizador/charmie_ws/install/charmie_interfaces/include/charmie_interfaces/msg/detail/detected_person__type_support.hpp
[16.652s] -- Symlinking: /home/utilizador/charmie_ws/install/charmie_interfaces/include/charmie_interfaces/msg/detail/encoders__builder.hpp
[16.657s] -- Symlinking: /home/utilizador/charmie_ws/install/charmie_interfaces/include/charmie_interfaces/msg/detail/encoders__struct.hpp
[16.662s] -- Symlinking: /home/utilizador/charmie_ws/install/charmie_interfaces/include/charmie_interfaces/msg/detail/encoders__traits.hpp
[16.667s] -- Symlinking: /home/utilizador/charmie_ws/install/charmie_interfaces/include/charmie_interfaces/msg/detail/encoders__type_support.hpp
[16.672s] -- Symlinking: /home/utilizador/charmie_ws/install/charmie_interfaces/include/charmie_interfaces/msg/detail/example_tr__builder.hpp
[16.677s] -- Symlinking: /home/utilizador/charmie_ws/install/charmie_interfaces/include/charmie_interfaces/msg/detail/example_tr__struct.hpp
[16.681s] -- Symlinking: /home/utilizador/charmie_ws/install/charmie_interfaces/include/charmie_interfaces/msg/detail/example_tr__traits.hpp
[16.686s] -- Symlinking: /home/utilizador/charmie_ws/install/charmie_interfaces/include/charmie_interfaces/msg/detail/example_tr__type_support.hpp
[16.692s] -- Symlinking: /home/utilizador/charmie_ws/install/charmie_interfaces/include/charmie_interfaces/msg/detail/multi_objects__builder.hpp
[16.697s] -- Symlinking: /home/utilizador/charmie_ws/install/charmie_interfaces/include/charmie_interfaces/msg/detail/multi_objects__struct.hpp
[16.702s] -- Symlinking: /home/utilizador/charmie_ws/install/charmie_interfaces/include/charmie_interfaces/msg/detail/multi_objects__traits.hpp
[16.707s] -- Symlinking: /home/utilizador/charmie_ws/install/charmie_interfaces/include/charmie_interfaces/msg/detail/multi_objects__type_support.hpp
[16.712s] -- Symlinking: /home/utilizador/charmie_ws/install/charmie_interfaces/include/charmie_interfaces/msg/detail/obstacle_info__builder.hpp
[16.717s] -- Symlinking: /home/utilizador/charmie_ws/install/charmie_interfaces/include/charmie_interfaces/msg/detail/obstacle_info__struct.hpp
[16.722s] -- Symlinking: /home/utilizador/charmie_ws/install/charmie_interfaces/include/charmie_interfaces/msg/detail/obstacle_info__traits.hpp
[16.727s] -- Symlinking: /home/utilizador/charmie_ws/install/charmie_interfaces/include/charmie_interfaces/msg/detail/obstacle_info__type_support.hpp
[16.732s] -- Symlinking: /home/utilizador/charmie_ws/install/charmie_interfaces/include/charmie_interfaces/msg/detail/obstacles__builder.hpp
[16.737s] -- Symlinking: /home/utilizador/charmie_ws/install/charmie_interfaces/include/charmie_interfaces/msg/detail/obstacles__struct.hpp
[16.742s] -- Symlinking: /home/utilizador/charmie_ws/install/charmie_interfaces/include/charmie_interfaces/msg/detail/obstacles__traits.hpp
[16.747s] -- Symlinking: /home/utilizador/charmie_ws/install/charmie_interfaces/include/charmie_interfaces/msg/detail/obstacles__type_support.hpp
[16.752s] -- Symlinking: /home/utilizador/charmie_ws/install/charmie_interfaces/include/charmie_interfaces/msg/detail/ps4_controller__builder.hpp
[16.757s] -- Symlinking: /home/utilizador/charmie_ws/install/charmie_interfaces/include/charmie_interfaces/msg/detail/ps4_controller__struct.hpp
[16.762s] -- Symlinking: /home/utilizador/charmie_ws/install/charmie_interfaces/include/charmie_interfaces/msg/detail/ps4_controller__traits.hpp
[16.767s] -- Symlinking: /home/utilizador/charmie_ws/install/charmie_interfaces/include/charmie_interfaces/msg/detail/ps4_controller__type_support.hpp
[16.772s] -- Symlinking: /home/utilizador/charmie_ws/install/charmie_interfaces/include/charmie_interfaces/msg/detail/robot_speech__builder.hpp
[16.776s] -- Symlinking: /home/utilizador/charmie_ws/install/charmie_interfaces/include/charmie_interfaces/msg/detail/robot_speech__struct.hpp
[16.781s] -- Symlinking: /home/utilizador/charmie_ws/install/charmie_interfaces/include/charmie_interfaces/msg/detail/robot_speech__traits.hpp
[16.786s] -- Symlinking: /home/utilizador/charmie_ws/install/charmie_interfaces/include/charmie_interfaces/msg/detail/robot_speech__type_support.hpp
[16.791s] -- Symlinking: /home/utilizador/charmie_ws/install/charmie_interfaces/include/charmie_interfaces/msg/detail/speech_type__builder.hpp
[16.796s] -- Symlinking: /home/utilizador/charmie_ws/install/charmie_interfaces/include/charmie_interfaces/msg/detail/speech_type__struct.hpp
[16.801s] -- Symlinking: /home/utilizador/charmie_ws/install/charmie_interfaces/include/charmie_interfaces/msg/detail/speech_type__traits.hpp
[16.807s] -- Symlinking: /home/utilizador/charmie_ws/install/charmie_interfaces/include/charmie_interfaces/msg/detail/speech_type__type_support.hpp
[16.812s] -- Symlinking: /home/utilizador/charmie_ws/install/charmie_interfaces/include/charmie_interfaces/msg/detail/tar_nav_sdnl__builder.hpp
[16.816s] -- Symlinking: /home/utilizador/charmie_ws/install/charmie_interfaces/include/charmie_interfaces/msg/detail/tar_nav_sdnl__struct.hpp
[16.824s] -- Symlinking: /home/utilizador/charmie_ws/install/charmie_interfaces/include/charmie_interfaces/msg/detail/tar_nav_sdnl__traits.hpp
[16.829s] -- Symlinking: /home/utilizador/charmie_ws/install/charmie_interfaces/include/charmie_interfaces/msg/detail/tar_nav_sdnl__type_support.hpp
[16.834s] -- Symlinking: /home/utilizador/charmie_ws/install/charmie_interfaces/include/charmie_interfaces/msg/detail/yolov8_pose__builder.hpp
[16.839s] -- Symlinking: /home/utilizador/charmie_ws/install/charmie_interfaces/include/charmie_interfaces/msg/detail/yolov8_pose__struct.hpp
[16.844s] -- Symlinking: /home/utilizador/charmie_ws/install/charmie_interfaces/include/charmie_interfaces/msg/detail/yolov8_pose__traits.hpp
[16.849s] -- Symlinking: /home/utilizador/charmie_ws/install/charmie_interfaces/include/charmie_interfaces/msg/detail/yolov8_pose__type_support.hpp
[16.854s] -- Symlinking: /home/utilizador/charmie_ws/install/charmie_interfaces/include/charmie_interfaces/msg/detected_person.hpp
[16.859s] -- Symlinking: /home/utilizador/charmie_ws/install/charmie_interfaces/include/charmie_interfaces/msg/encoders.hpp
[16.864s] -- Symlinking: /home/utilizador/charmie_ws/install/charmie_interfaces/include/charmie_interfaces/msg/example_tr.hpp
[16.869s] -- Symlinking: /home/utilizador/charmie_ws/install/charmie_interfaces/include/charmie_interfaces/msg/multi_objects.hpp
[16.874s] -- Symlinking: /home/utilizador/charmie_ws/install/charmie_interfaces/include/charmie_interfaces/msg/obstacle_info.hpp
[16.880s] -- Symlinking: /home/utilizador/charmie_ws/install/charmie_interfaces/include/charmie_interfaces/msg/obstacles.hpp
[16.885s] -- Symlinking: /home/utilizador/charmie_ws/install/charmie_interfaces/include/charmie_interfaces/msg/ps4_controller.hpp
[16.889s] -- Symlinking: /home/utilizador/charmie_ws/install/charmie_interfaces/include/charmie_interfaces/msg/robot_speech.hpp
[16.909s] -- Symlinking: /home/utilizador/charmie_ws/install/charmie_interfaces/include/charmie_interfaces/msg/rosidl_generator_cpp__visibility_control.hpp
[16.933s] -- Symlinking: /home/utilizador/charmie_ws/install/charmie_interfaces/include/charmie_interfaces/msg/speech_type.hpp
[16.951s] -- Symlinking: /home/utilizador/charmie_ws/install/charmie_interfaces/include/charmie_interfaces/msg/tar_nav_sdnl.hpp
[16.966s] -- Symlinking: /home/utilizador/charmie_ws/install/charmie_interfaces/include/charmie_interfaces/msg/yolov8_pose.hpp
[16.990s] -- Symlinking: /home/utilizador/charmie_ws/install/charmie_interfaces/include/charmie_interfaces/msg/detail/detected_person__rosidl_typesupport_introspection_cpp.hpp
[17.017s] -- Symlinking: /home/utilizador/charmie_ws/install/charmie_interfaces/include/charmie_interfaces/msg/detail/encoders__rosidl_typesupport_introspection_cpp.hpp
[17.033s] -- Symlinking: /home/utilizador/charmie_ws/install/charmie_interfaces/include/charmie_interfaces/msg/detail/example_tr__rosidl_typesupport_introspection_cpp.hpp
[17.053s] -- Symlinking: /home/utilizador/charmie_ws/install/charmie_interfaces/include/charmie_interfaces/msg/detail/multi_objects__rosidl_typesupport_introspection_cpp.hpp
[17.069s] -- Symlinking: /home/utilizador/charmie_ws/install/charmie_interfaces/include/charmie_interfaces/msg/detail/obstacle_info__rosidl_typesupport_introspection_cpp.hpp
[17.086s] -- Symlinking: /home/utilizador/charmie_ws/install/charmie_interfaces/include/charmie_interfaces/msg/detail/obstacles__rosidl_typesupport_introspection_cpp.hpp
[17.109s] -- Symlinking: /home/utilizador/charmie_ws/install/charmie_interfaces/include/charmie_interfaces/msg/detail/ps4_controller__rosidl_typesupport_introspection_cpp.hpp
[17.133s] -- Symlinking: /home/utilizador/charmie_ws/install/charmie_interfaces/include/charmie_interfaces/msg/detail/robot_speech__rosidl_typesupport_introspection_cpp.hpp
[17.157s] -- Symlinking: /home/utilizador/charmie_ws/install/charmie_interfaces/include/charmie_interfaces/msg/detail/speech_type__rosidl_typesupport_introspection_cpp.hpp
[17.173s] -- Symlinking: /home/utilizador/charmie_ws/install/charmie_interfaces/include/charmie_interfaces/msg/detail/tar_nav_sdnl__rosidl_typesupport_introspection_cpp.hpp
[17.189s] -- Symlinking: /home/utilizador/charmie_ws/install/charmie_interfaces/include/charmie_interfaces/msg/detail/yolov8_pose__rosidl_typesupport_introspection_cpp.hpp
[17.210s] -- Symlinking: /home/utilizador/charmie_ws/install/charmie_interfaces/share/charmie_interfaces/environment/pythonpath.sh
[17.233s] -- Symlinking: /home/utilizador/charmie_ws/install/charmie_interfaces/share/charmie_interfaces/environment/pythonpath.dsv
[17.249s] -- Symlinking: /home/utilizador/charmie_ws/install/charmie_interfaces/lib/python3.8/site-packages/charmie_interfaces/__init__.py
[17.266s] -- Symlinking: /home/utilizador/charmie_ws/install/charmie_interfaces/lib/python3.8/site-packages/charmie_interfaces/msg/__init__.py
[17.281s] -- Symlinking: /home/utilizador/charmie_ws/install/charmie_interfaces/lib/python3.8/site-packages/charmie_interfaces/msg/_detected_person.py
[17.305s] -- Symlinking: /home/utilizador/charmie_ws/install/charmie_interfaces/lib/python3.8/site-packages/charmie_interfaces/msg/_encoders.py
[17.329s] -- Symlinking: /home/utilizador/charmie_ws/install/charmie_interfaces/lib/python3.8/site-packages/charmie_interfaces/msg/_example_tr.py
[17.345s] -- Symlinking: /home/utilizador/charmie_ws/install/charmie_interfaces/lib/python3.8/site-packages/charmie_interfaces/msg/_multi_objects.py
[17.373s] -- Symlinking: /home/utilizador/charmie_ws/install/charmie_interfaces/lib/python3.8/site-packages/charmie_interfaces/msg/_obstacle_info.py
[17.389s] -- Symlinking: /home/utilizador/charmie_ws/install/charmie_interfaces/lib/python3.8/site-packages/charmie_interfaces/msg/_obstacles.py
[17.405s] -- Symlinking: /home/utilizador/charmie_ws/install/charmie_interfaces/lib/python3.8/site-packages/charmie_interfaces/msg/_ps4_controller.py
[17.425s] -- Symlinking: /home/utilizador/charmie_ws/install/charmie_interfaces/lib/python3.8/site-packages/charmie_interfaces/msg/_robot_speech.py
[17.449s] -- Symlinking: /home/utilizador/charmie_ws/install/charmie_interfaces/lib/python3.8/site-packages/charmie_interfaces/msg/_speech_type.py
[17.477s] -- Symlinking: /home/utilizador/charmie_ws/install/charmie_interfaces/lib/python3.8/site-packages/charmie_interfaces/msg/_tar_nav_sdnl.py
[17.491s] -- Symlinking: /home/utilizador/charmie_ws/install/charmie_interfaces/lib/python3.8/site-packages/charmie_interfaces/msg/_yolov8_pose.py
[17.509s] -- Symlinking: /home/utilizador/charmie_ws/install/charmie_interfaces/lib/python3.8/site-packages/charmie_interfaces/charmie_interfaces_s__rosidl_typesupport_fastrtps_c.cpython-38-x86_64-linux-gnu.so
[17.533s] -- Symlinking: /home/utilizador/charmie_ws/install/charmie_interfaces/lib/python3.8/site-packages/charmie_interfaces/charmie_interfaces_s__rosidl_typesupport_introspection_c.cpython-38-x86_64-linux-gnu.so
[17.558s] -- Symlinking: /home/utilizador/charmie_ws/install/charmie_interfaces/lib/python3.8/site-packages/charmie_interfaces/charmie_interfaces_s__rosidl_typesupport_c.cpython-38-x86_64-linux-gnu.so
[17.582s] -- Symlinking: /home/utilizador/charmie_ws/install/charmie_interfaces/lib/libcharmie_interfaces__python.so
[17.601s] -- Symlinking: /home/utilizador/charmie_ws/install/charmie_interfaces/share/charmie_interfaces/msg/Encoders.idl
[17.623s] -- Symlinking: /home/utilizador/charmie_ws/install/charmie_interfaces/share/charmie_interfaces/msg/ExampleTR.idl
[17.650s] -- Symlinking: /home/utilizador/charmie_ws/install/charmie_interfaces/share/charmie_interfaces/msg/DetectedPerson.idl
[17.669s] -- Symlinking: /home/utilizador/charmie_ws/install/charmie_interfaces/share/charmie_interfaces/msg/MultiObjects.idl
[17.685s] -- Symlinking: /home/utilizador/charmie_ws/install/charmie_interfaces/share/charmie_interfaces/msg/ObstacleInfo.idl
[17.702s] -- Symlinking: /home/utilizador/charmie_ws/install/charmie_interfaces/share/charmie_interfaces/msg/Obstacles.idl
[17.722s] -- Symlinking: /home/utilizador/charmie_ws/install/charmie_interfaces/share/charmie_interfaces/msg/PS4Controller.idl
[17.746s] -- Symlinking: /home/utilizador/charmie_ws/install/charmie_interfaces/share/charmie_interfaces/msg/RobotSpeech.idl
[17.778s] -- Symlinking: /home/utilizador/charmie_ws/install/charmie_interfaces/share/charmie_interfaces/msg/SpeechType.idl
[17.798s] -- Symlinking: /home/utilizador/charmie_ws/install/charmie_interfaces/share/charmie_interfaces/msg/TarNavSDNL.idl
[17.817s] -- Symlinking: /home/utilizador/charmie_ws/install/charmie_interfaces/share/charmie_interfaces/msg/Yolov8Pose.idl
[17.833s] -- Symlinking: /home/utilizador/charmie_ws/install/charmie_interfaces/share/charmie_interfaces/msg/Encoders.msg
[17.857s] -- Symlinking: /home/utilizador/charmie_ws/install/charmie_interfaces/share/charmie_interfaces/msg/ExampleTR.msg
[17.877s] -- Symlinking: /home/utilizador/charmie_ws/install/charmie_interfaces/share/charmie_interfaces/msg/DetectedPerson.msg
[17.897s] -- Symlinking: /home/utilizador/charmie_ws/install/charmie_interfaces/share/charmie_interfaces/msg/MultiObjects.msg
[17.917s] -- Symlinking: /home/utilizador/charmie_ws/install/charmie_interfaces/share/charmie_interfaces/msg/ObstacleInfo.msg
[17.937s] -- Symlinking: /home/utilizador/charmie_ws/install/charmie_interfaces/share/charmie_interfaces/msg/Obstacles.msg
[17.953s] -- Symlinking: /home/utilizador/charmie_ws/install/charmie_interfaces/share/charmie_interfaces/msg/PS4Controller.msg
[17.973s] -- Symlinking: /home/utilizador/charmie_ws/install/charmie_interfaces/share/charmie_interfaces/msg/RobotSpeech.msg
[17.999s] -- Symlinking: /home/utilizador/charmie_ws/install/charmie_interfaces/share/charmie_interfaces/msg/SpeechType.msg
[18.014s] -- Symlinking: /home/utilizador/charmie_ws/install/charmie_interfaces/share/charmie_interfaces/msg/TarNavSDNL.msg
[18.030s] -- Symlinking: /home/utilizador/charmie_ws/install/charmie_interfaces/share/charmie_interfaces/msg/Yolov8Pose.msg
[18.050s] -- Symlinking: /home/utilizador/charmie_ws/install/charmie_interfaces/share/ament_index/resource_index/package_run_dependencies/charmie_interfaces
[18.073s] -- Symlinking: /home/utilizador/charmie_ws/install/charmie_interfaces/share/ament_index/resource_index/parent_prefix_path/charmie_interfaces
[18.094s] -- Symlinking: /home/utilizador/charmie_ws/install/charmie_interfaces/share/charmie_interfaces/environment/ament_prefix_path.sh
[18.114s] -- Symlinking: /home/utilizador/charmie_ws/install/charmie_interfaces/share/charmie_interfaces/environment/ament_prefix_path.dsv
[18.137s] -- Symlinking: /home/utilizador/charmie_ws/install/charmie_interfaces/share/charmie_interfaces/environment/path.sh
[18.162s] -- Symlinking: /home/utilizador/charmie_ws/install/charmie_interfaces/share/charmie_interfaces/environment/path.dsv
[18.177s] -- Symlinking: /home/utilizador/charmie_ws/install/charmie_interfaces/share/charmie_interfaces/local_setup.bash
[18.195s] -- Symlinking: /home/utilizador/charmie_ws/install/charmie_interfaces/share/charmie_interfaces/local_setup.sh
[18.205s] -- Symlinking: /home/utilizador/charmie_ws/install/charmie_interfaces/share/charmie_interfaces/local_setup.zsh
[18.229s] -- Symlinking: /home/utilizador/charmie_ws/install/charmie_interfaces/share/charmie_interfaces/local_setup.dsv
[18.250s] -- Symlinking: /home/utilizador/charmie_ws/install/charmie_interfaces/share/charmie_interfaces/package.dsv
[18.285s] -- Symlinking: /home/utilizador/charmie_ws/install/charmie_interfaces/share/ament_index/resource_index/packages/charmie_interfaces
[18.302s] -- Symlinking: /home/utilizador/charmie_ws/install/charmie_interfaces/share/charmie_interfaces/cmake/rosidl_cmake-extras.cmake
[18.326s] -- Symlinking: /home/utilizador/charmie_ws/install/charmie_interfaces/share/charmie_interfaces/cmake/ament_cmake_export_dependencies-extras.cmake
[18.345s] -- Symlinking: /home/utilizador/charmie_ws/install/charmie_interfaces/share/charmie_interfaces/cmake/ament_cmake_export_libraries-extras.cmake
[18.366s] -- Symlinking: /home/utilizador/charmie_ws/install/charmie_interfaces/share/charmie_interfaces/cmake/ament_cmake_export_targets-extras.cmake
[18.390s] -- Symlinking: /home/utilizador/charmie_ws/install/charmie_interfaces/share/charmie_interfaces/cmake/ament_cmake_export_include_directories-extras.cmake
[18.413s] -- Symlinking: /home/utilizador/charmie_ws/install/charmie_interfaces/share/charmie_interfaces/cmake/rosidl_cmake_export_typesupport_libraries-extras.cmake
[18.434s] -- Symlinking: /home/utilizador/charmie_ws/install/charmie_interfaces/share/charmie_interfaces/cmake/rosidl_cmake_export_typesupport_targets-extras.cmake
[18.453s] -- Symlinking: /home/utilizador/charmie_ws/install/charmie_interfaces/share/charmie_interfaces/cmake/charmie_interfacesConfig.cmake
[18.457s] -- Symlinking: /home/utilizador/charmie_ws/install/charmie_interfaces/share/charmie_interfaces/cmake/charmie_interfacesConfig-version.cmake
[18.462s] -- Symlinking: /home/utilizador/charmie_ws/install/charmie_interfaces/share/charmie_interfaces/package.xml
[18.466s] -- Installing: /home/utilizador/charmie_ws/install/charmie_interfaces/lib/libcharmie_interfaces__rosidl_generator_c.so
[18.467s] -- Set runtime path of "/home/utilizador/charmie_ws/install/charmie_interfaces/lib/libcharmie_interfaces__rosidl_generator_c.so" to ""
[18.467s] -- Installing: /home/utilizador/charmie_ws/install/charmie_interfaces/lib/libcharmie_interfaces__rosidl_typesupport_introspection_c.so
[18.467s] -- Set runtime path of "/home/utilizador/charmie_ws/install/charmie_interfaces/lib/libcharmie_interfaces__rosidl_typesupport_introspection_c.so" to ""
[18.467s] -- Installing: /home/utilizador/charmie_ws/install/charmie_interfaces/lib/libcharmie_interfaces__rosidl_typesupport_c.so
[18.468s] -- Set runtime path of "/home/utilizador/charmie_ws/install/charmie_interfaces/lib/libcharmie_interfaces__rosidl_typesupport_c.so" to ""
[18.468s] -- Installing: /home/utilizador/charmie_ws/install/charmie_interfaces/lib/libcharmie_interfaces__rosidl_typesupport_introspection_cpp.so
[18.469s] -- Set runtime path of "/home/utilizador/charmie_ws/install/charmie_interfaces/lib/libcharmie_interfaces__rosidl_typesupport_introspection_cpp.so" to ""
[18.470s] -- Installing: /home/utilizador/charmie_ws/install/charmie_interfaces/lib/libcharmie_interfaces__rosidl_typesupport_cpp.so
[18.470s] -- Set runtime path of "/home/utilizador/charmie_ws/install/charmie_interfaces/lib/libcharmie_interfaces__rosidl_typesupport_cpp.so" to ""
[18.526s] Compiling '/home/utilizador/charmie_ws/install/charmie_interfaces/lib/python3.8/site-packages/charmie_interfaces/__init__.py'...
[18.534s] -- Installing: /home/utilizador/charmie_ws/install/charmie_interfaces/share/charmie_interfaces/cmake/charmie_interfaces__rosidl_generator_cExport.cmake
[18.535s] -- Installing: /home/utilizador/charmie_ws/install/charmie_interfaces/share/charmie_interfaces/cmake/charmie_interfaces__rosidl_generator_cExport-noconfig.cmake
[18.536s] -- Installing: /home/utilizador/charmie_ws/install/charmie_interfaces/share/charmie_interfaces/cmake/charmie_interfaces__rosidl_typesupport_introspection_cExport.cmake
[18.536s] -- Installing: /home/utilizador/charmie_ws/install/charmie_interfaces/share/charmie_interfaces/cmake/charmie_interfaces__rosidl_typesupport_introspection_cExport-noconfig.cmake
[18.537s] -- Installing: /home/utilizador/charmie_ws/install/charmie_interfaces/share/charmie_interfaces/cmake/charmie_interfaces__rosidl_typesupport_cExport.cmake
[18.538s] -- Installing: /home/utilizador/charmie_ws/install/charmie_interfaces/share/charmie_interfaces/cmake/charmie_interfaces__rosidl_typesupport_cExport-noconfig.cmake
[18.538s] -- Installing: /home/utilizador/charmie_ws/install/charmie_interfaces/share/charmie_interfaces/cmake/charmie_interfaces__rosidl_generator_cppExport.cmake
[18.539s] -- Installing: /home/utilizador/charmie_ws/install/charmie_interfaces/share/charmie_interfaces/cmake/charmie_interfaces__rosidl_typesupport_introspection_cppExport.cmake
[18.539s] -- Installing: /home/utilizador/charmie_ws/install/charmie_interfaces/share/charmie_interfaces/cmake/charmie_interfaces__rosidl_typesupport_introspection_cppExport-noconfig.cmake
[18.540s] -- Installing: /home/utilizador/charmie_ws/install/charmie_interfaces/share/charmie_interfaces/cmake/charmie_interfaces__rosidl_typesupport_cppExport.cmake
[18.541s] -- Installing: /home/utilizador/charmie_ws/install/charmie_interfaces/share/charmie_interfaces/cmake/charmie_interfaces__rosidl_typesupport_cppExport-noconfig.cmake
[18.555s] Invoked command in '/home/utilizador/charmie_ws/build/charmie_interfaces' returned '0': CMAKE_PREFIX_PATH=/opt/ros/foxy /home/utilizador/.local/bin/cmake --install /home/utilizador/charmie_ws/build/charmie_interfaces
