[0.035s] Invoking command in '/home/utilizador/charmie_ws/build/realsense2_camera': CMAKE_PREFIX_PATH=/home/utilizador/charmie_ws/install/realsense2_camera_msgs:/home/utilizador/charmie_ws/install/realsense2_description:/home/utilizador/charmie_ws/install/realsense2_camera:/home/utilizador/charmie_ws/install/charmie_interfaces:/home/utilizador/charmie_ws/install/charmie_bot:/home/utilizador/charmie_ws/install/charmie_speakers:/home/utilizador/charmie_ws/install/charmie_receptionist:/home/utilizador/charmie_ws/install/charmie_ps4_controller:/home/utilizador/charmie_ws/install/charmie_odometry:/home/utilizador/charmie_ws/install/charmie_obstacles:/home/utilizador/charmie_ws/install/charmie_neck_dynamixel:/home/utilizador/charmie_ws/install/charmie_low_level:/home/utilizador/charmie_ws/install/charmie_lidar_hokuyo:/home/utilizador/charmie_ws/install/charmie_debug:/home/utilizador/charmie_ws/install/charmie_audio:/home/utilizador/charmie_ws/install/charmie_face_shiningrgb:/opt/ros/foxy LD_LIBRARY_PATH=/home/utilizador/charmie_ws/install/realsense2_camera_msgs/lib:/home/utilizador/charmie_ws/install/realsense2_camera/lib:/home/utilizador/charmie_ws/install/charmie_interfaces/lib:/opt/ros/foxy/opt/yaml_cpp_vendor/lib:/opt/ros/foxy/opt/rviz_ogre_vendor/lib:/opt/ros/foxy/lib/x86_64-linux-gnu:/opt/ros/foxy/lib /usr/bin/cmake --build /home/utilizador/charmie_ws/build/realsense2_camera -- -j8 -l8
[0.161s] [ 12%] Built target realsense2_camera_node
[0.217s] [100%] Built target realsense2_camera
[0.771s] Invoked command in '/home/utilizador/charmie_ws/build/realsense2_camera' returned '0': CMAKE_PREFIX_PATH=/home/utilizador/charmie_ws/install/realsense2_camera_msgs:/home/utilizador/charmie_ws/install/realsense2_description:/home/utilizador/charmie_ws/install/realsense2_camera:/home/utilizador/charmie_ws/install/charmie_interfaces:/home/utilizador/charmie_ws/install/charmie_bot:/home/utilizador/charmie_ws/install/charmie_speakers:/home/utilizador/charmie_ws/install/charmie_receptionist:/home/utilizador/charmie_ws/install/charmie_ps4_controller:/home/utilizador/charmie_ws/install/charmie_odometry:/home/utilizador/charmie_ws/install/charmie_obstacles:/home/utilizador/charmie_ws/install/charmie_neck_dynamixel:/home/utilizador/charmie_ws/install/charmie_low_level:/home/utilizador/charmie_ws/install/charmie_lidar_hokuyo:/home/utilizador/charmie_ws/install/charmie_debug:/home/utilizador/charmie_ws/install/charmie_audio:/home/utilizador/charmie_ws/install/charmie_face_shiningrgb:/opt/ros/foxy LD_LIBRARY_PATH=/home/utilizador/charmie_ws/install/realsense2_camera_msgs/lib:/home/utilizador/charmie_ws/install/realsense2_camera/lib:/home/utilizador/charmie_ws/install/charmie_interfaces/lib:/opt/ros/foxy/opt/yaml_cpp_vendor/lib:/opt/ros/foxy/opt/rviz_ogre_vendor/lib:/opt/ros/foxy/lib/x86_64-linux-gnu:/opt/ros/foxy/lib /usr/bin/cmake --build /home/utilizador/charmie_ws/build/realsense2_camera -- -j8 -l8
[0.917s] Invoking command in '/home/utilizador/charmie_ws/build/realsense2_camera': CMAKE_PREFIX_PATH=/home/utilizador/charmie_ws/install/realsense2_camera_msgs:/home/utilizador/charmie_ws/install/realsense2_description:/home/utilizador/charmie_ws/install/realsense2_camera:/home/utilizador/charmie_ws/install/charmie_interfaces:/home/utilizador/charmie_ws/install/charmie_bot:/home/utilizador/charmie_ws/install/charmie_speakers:/home/utilizador/charmie_ws/install/charmie_receptionist:/home/utilizador/charmie_ws/install/charmie_ps4_controller:/home/utilizador/charmie_ws/install/charmie_odometry:/home/utilizador/charmie_ws/install/charmie_obstacles:/home/utilizador/charmie_ws/install/charmie_neck_dynamixel:/home/utilizador/charmie_ws/install/charmie_low_level:/home/utilizador/charmie_ws/install/charmie_lidar_hokuyo:/home/utilizador/charmie_ws/install/charmie_debug:/home/utilizador/charmie_ws/install/charmie_audio:/home/utilizador/charmie_ws/install/charmie_face_shiningrgb:/opt/ros/foxy LD_LIBRARY_PATH=/home/utilizador/charmie_ws/install/realsense2_camera_msgs/lib:/home/utilizador/charmie_ws/install/realsense2_camera/lib:/home/utilizador/charmie_ws/install/charmie_interfaces/lib:/opt/ros/foxy/opt/yaml_cpp_vendor/lib:/opt/ros/foxy/opt/rviz_ogre_vendor/lib:/opt/ros/foxy/lib/x86_64-linux-gnu:/opt/ros/foxy/lib /usr/bin/cmake --install /home/utilizador/charmie_ws/build/realsense2_camera
[0.937s] -- Install configuration: "Release"
[0.938s] -- Execute custom install script
[0.939s] -- Up-to-date symlink: /home/utilizador/charmie_ws/install/realsense2_camera/lib/realsense2_camera/realsense2_camera_node
[0.940s] -- Up-to-date symlink: /home/utilizador/charmie_ws/install/realsense2_camera/lib/librealsense2_camera.so
[0.942s] -- Up-to-date symlink: /home/utilizador/charmie_ws/install/realsense2_camera/include/base_realsense_node.h
[0.942s] -- Up-to-date symlink: /home/utilizador/charmie_ws/install/realsense2_camera/include/constants.h
[0.943s] -- Up-to-date symlink: /home/utilizador/charmie_ws/install/realsense2_camera/include/dynamic_params.h
[0.943s] -- Up-to-date symlink: /home/utilizador/charmie_ws/install/realsense2_camera/include/image_publisher.h
[0.943s] -- Up-to-date symlink: /home/utilizador/charmie_ws/install/realsense2_camera/include/named_filter.h
[0.944s] -- Up-to-date symlink: /home/utilizador/charmie_ws/install/realsense2_camera/include/profile_manager.h
[0.944s] -- Up-to-date symlink: /home/utilizador/charmie_ws/install/realsense2_camera/include/realsense_node_factory.h
[0.945s] -- Up-to-date symlink: /home/utilizador/charmie_ws/install/realsense2_camera/include/ros_param_backend.h
[0.945s] -- Up-to-date symlink: /home/utilizador/charmie_ws/install/realsense2_camera/include/ros_sensor.h
[0.946s] -- Up-to-date symlink: /home/utilizador/charmie_ws/install/realsense2_camera/include/ros_utils.h
[0.946s] -- Up-to-date symlink: /home/utilizador/charmie_ws/install/realsense2_camera/include/sensor_params.h
[0.947s] -- Up-to-date symlink: /home/utilizador/charmie_ws/install/realsense2_camera/share/realsense2_camera/launch/default.rviz
[0.948s] -- Up-to-date symlink: /home/utilizador/charmie_ws/install/realsense2_camera/share/realsense2_camera/launch/rs_intra_process_demo_launch.py
[0.948s] -- Up-to-date symlink: /home/utilizador/charmie_ws/install/realsense2_camera/share/realsense2_camera/launch/rs_launch.py
[0.949s] -- Up-to-date symlink: /home/utilizador/charmie_ws/install/realsense2_camera/share/realsense2_camera/launch/rs_multi_camera_launch.py
[0.949s] -- Up-to-date symlink: /home/utilizador/charmie_ws/install/realsense2_camera/share/realsense2_camera/environment/library_path.sh
[0.950s] -- Up-to-date symlink: /home/utilizador/charmie_ws/install/realsense2_camera/share/realsense2_camera/environment/library_path.dsv
[0.950s] -- Up-to-date symlink: /home/utilizador/charmie_ws/install/realsense2_camera/share/ament_index/resource_index/package_run_dependencies/realsense2_camera
[0.951s] -- Up-to-date symlink: /home/utilizador/charmie_ws/install/realsense2_camera/share/ament_index/resource_index/parent_prefix_path/realsense2_camera
[0.952s] -- Up-to-date symlink: /home/utilizador/charmie_ws/install/realsense2_camera/share/realsense2_camera/environment/ament_prefix_path.sh
[0.952s] -- Up-to-date symlink: /home/utilizador/charmie_ws/install/realsense2_camera/share/realsense2_camera/environment/ament_prefix_path.dsv
[0.953s] -- Up-to-date symlink: /home/utilizador/charmie_ws/install/realsense2_camera/share/realsense2_camera/environment/path.sh
[0.953s] -- Up-to-date symlink: /home/utilizador/charmie_ws/install/realsense2_camera/share/realsense2_camera/environment/path.dsv
[0.954s] -- Up-to-date symlink: /home/utilizador/charmie_ws/install/realsense2_camera/share/realsense2_camera/local_setup.bash
[0.954s] -- Up-to-date symlink: /home/utilizador/charmie_ws/install/realsense2_camera/share/realsense2_camera/local_setup.sh
[0.955s] -- Up-to-date symlink: /home/utilizador/charmie_ws/install/realsense2_camera/share/realsense2_camera/local_setup.zsh
[0.956s] -- Up-to-date symlink: /home/utilizador/charmie_ws/install/realsense2_camera/share/realsense2_camera/local_setup.dsv
[0.956s] -- Symlinking: /home/utilizador/charmie_ws/install/realsense2_camera/share/realsense2_camera/package.dsv
[0.973s] -- Up-to-date symlink: /home/utilizador/charmie_ws/install/realsense2_camera/share/ament_index/resource_index/packages/realsense2_camera
[0.973s] -- Up-to-date symlink: /home/utilizador/charmie_ws/install/realsense2_camera/share/ament_index/resource_index/rclcpp_components/realsense2_camera
[0.974s] -- Up-to-date symlink: /home/utilizador/charmie_ws/install/realsense2_camera/share/realsense2_camera/cmake/ament_cmake_export_include_directories-extras.cmake
[0.975s] -- Up-to-date symlink: /home/utilizador/charmie_ws/install/realsense2_camera/share/realsense2_camera/cmake/ament_cmake_export_libraries-extras.cmake
[0.975s] -- Up-to-date symlink: /home/utilizador/charmie_ws/install/realsense2_camera/share/realsense2_camera/cmake/ament_cmake_export_dependencies-extras.cmake
[0.976s] -- Up-to-date symlink: /home/utilizador/charmie_ws/install/realsense2_camera/share/realsense2_camera/cmake/realsense2_cameraConfig.cmake
[0.976s] -- Up-to-date symlink: /home/utilizador/charmie_ws/install/realsense2_camera/share/realsense2_camera/cmake/realsense2_cameraConfig-version.cmake
[0.977s] -- Up-to-date symlink: /home/utilizador/charmie_ws/install/realsense2_camera/share/realsense2_camera/package.xml
[1.447s] Invoked command in '/home/utilizador/charmie_ws/build/realsense2_camera' returned '0': CMAKE_PREFIX_PATH=/home/utilizador/charmie_ws/install/realsense2_camera_msgs:/home/utilizador/charmie_ws/install/realsense2_description:/home/utilizador/charmie_ws/install/realsense2_camera:/home/utilizador/charmie_ws/install/charmie_interfaces:/home/utilizador/charmie_ws/install/charmie_bot:/home/utilizador/charmie_ws/install/charmie_speakers:/home/utilizador/charmie_ws/install/charmie_receptionist:/home/utilizador/charmie_ws/install/charmie_ps4_controller:/home/utilizador/charmie_ws/install/charmie_odometry:/home/utilizador/charmie_ws/install/charmie_obstacles:/home/utilizador/charmie_ws/install/charmie_neck_dynamixel:/home/utilizador/charmie_ws/install/charmie_low_level:/home/utilizador/charmie_ws/install/charmie_lidar_hokuyo:/home/utilizador/charmie_ws/install/charmie_debug:/home/utilizador/charmie_ws/install/charmie_audio:/home/utilizador/charmie_ws/install/charmie_face_shiningrgb:/opt/ros/foxy LD_LIBRARY_PATH=/home/utilizador/charmie_ws/install/realsense2_camera_msgs/lib:/home/utilizador/charmie_ws/install/realsense2_camera/lib:/home/utilizador/charmie_ws/install/charmie_interfaces/lib:/opt/ros/foxy/opt/yaml_cpp_vendor/lib:/opt/ros/foxy/opt/rviz_ogre_vendor/lib:/opt/ros/foxy/lib/x86_64-linux-gnu:/opt/ros/foxy/lib /usr/bin/cmake --install /home/utilizador/charmie_ws/build/realsense2_camera
