[4.040s] Invoking command in '/home/utilizador/charmie_ws/src/charmie_odometry': CMAKE_PREFIX_PATH=/home/utilizador/charmie_ws/install/charmie_interfaces:/home/utilizador/charmie_ws/install/realsense2_description:/home/utilizador/charmie_ws/install/realsense2_camera:/home/utilizador/charmie_ws/install/realsense2_camera_msgs:/home/utilizador/charmie_ws/install/charmie_bot LD_LIBRARY_PATH=/home/utilizador/charmie_ws/install/charmie_interfaces/lib:/home/utilizador/charmie_ws/install/realsense2_camera/lib:/home/utilizador/charmie_ws/install/realsense2_camera_msgs/lib:/opt/ros/foxy/opt/yaml_cpp_vendor/lib:/opt/ros/foxy/opt/rviz_ogre_vendor/lib:/opt/ros/foxy/lib/x86_64-linux-gnu:/opt/ros/foxy/lib PYTHONPATH=/home/utilizador/charmie_ws/build/charmie_odometry/prefix_override:/home/utilizador/charmie_ws/install/charmie_odometry/lib/python3.8/site-packages:/home/utilizador/charmie_ws/install/charmie_interfaces/lib/python3.8/site-packages:/home/utilizador/charmie_ws/install/yolo_obj/lib/python3.8/site-packages:/home/utilizador/charmie_ws/install/realsense2_camera_msgs/lib/python3.8/site-packages:/home/utilizador/charmie_ws/install/charmie_speakers/lib/python3.8/site-packages:/home/utilizador/charmie_ws/install/charmie_receptionist/lib/python3.8/site-packages:/home/utilizador/charmie_ws/install/charmie_ps4_controller/lib/python3.8/site-packages:/home/utilizador/charmie_ws/install/charmie_odometry/lib/python3.8/site-packages:/home/utilizador/charmie_ws/install/charmie_obstacles/lib/python3.8/site-packages:/home/utilizador/charmie_ws/install/charmie_neck_dynamixel/lib/python3.8/site-packages:/home/utilizador/charmie_ws/install/charmie_navigation_sdnl/lib/python3.8/site-packages:/home/utilizador/charmie_ws/install/charmie_low_level/lib/python3.8/site-packages:/home/utilizador/charmie_ws/install/charmie_localisation/lib/python3.8/site-packages:/home/utilizador/charmie_ws/install/charmie_lidar_hokuyo/lib/python3.8/site-packages:/home/utilizador/charmie_ws/install/charmie_inspection/lib/python3.8/site-packages:/home/utilizador/charmie_ws/install/charmie_debug/lib/python3.8/site-packages:/home/utilizador/charmie_ws/install/charmie_audio/lib/python3.8/site-packages:/home/utilizador/charmie_ws/install/charmie_face_shiningrgb/lib/python3.8/site-packages:/home/utilizador/charmie_ws/install/charmie_door_start/lib/python3.8/site-packages:/opt/ros/foxy/lib/python3.8/site-packages /usr/bin/python3 setup.py egg_info --egg-base ../../build/charmie_odometry build --build-base /home/utilizador/charmie_ws/build/charmie_odometry/build install --record /home/utilizador/charmie_ws/build/charmie_odometry/install.log --install-scripts $base/lib/charmie_odometry --single-version-externally-managed
[4.976s] running egg_info
[4.977s] creating ../../build/charmie_odometry/charmie_odometry.egg-info
[4.978s] writing ../../build/charmie_odometry/charmie_odometry.egg-info/PKG-INFO
[4.978s] writing dependency_links to ../../build/charmie_odometry/charmie_odometry.egg-info/dependency_links.txt
[4.983s] writing entry points to ../../build/charmie_odometry/charmie_odometry.egg-info/entry_points.txt
[4.983s] writing requirements to ../../build/charmie_odometry/charmie_odometry.egg-info/requires.txt
[4.983s] writing top-level names to ../../build/charmie_odometry/charmie_odometry.egg-info/top_level.txt
[4.986s] writing manifest file '../../build/charmie_odometry/charmie_odometry.egg-info/SOURCES.txt'
[5.113s] reading manifest file '../../build/charmie_odometry/charmie_odometry.egg-info/SOURCES.txt'
[5.115s] writing manifest file '../../build/charmie_odometry/charmie_odometry.egg-info/SOURCES.txt'
[5.116s] running build
[5.116s] running build_py
[5.117s] creating /home/utilizador/charmie_ws/build/charmie_odometry/build
[5.117s] creating /home/utilizador/charmie_ws/build/charmie_odometry/build/lib
[5.117s] creating /home/utilizador/charmie_ws/build/charmie_odometry/build/lib/charmie_odometry
[5.118s] copying charmie_odometry/__init__.py -> /home/utilizador/charmie_ws/build/charmie_odometry/build/lib/charmie_odometry
[5.118s] copying charmie_odometry/odometry.py -> /home/utilizador/charmie_ws/build/charmie_odometry/build/lib/charmie_odometry
[5.119s] running install
[5.121s] running install_lib
[5.123s] creating /home/utilizador/charmie_ws/install/charmie_odometry/lib/python3.8/site-packages/charmie_odometry
[5.124s] copying /home/utilizador/charmie_ws/build/charmie_odometry/build/lib/charmie_odometry/__init__.py -> /home/utilizador/charmie_ws/install/charmie_odometry/lib/python3.8/site-packages/charmie_odometry
[5.124s] copying /home/utilizador/charmie_ws/build/charmie_odometry/build/lib/charmie_odometry/odometry.py -> /home/utilizador/charmie_ws/install/charmie_odometry/lib/python3.8/site-packages/charmie_odometry
[5.126s] byte-compiling /home/utilizador/charmie_ws/install/charmie_odometry/lib/python3.8/site-packages/charmie_odometry/__init__.py to __init__.cpython-38.pyc
[5.129s] byte-compiling /home/utilizador/charmie_ws/install/charmie_odometry/lib/python3.8/site-packages/charmie_odometry/odometry.py to odometry.cpython-38.pyc
[5.133s] running install_data
[5.135s] creating /home/utilizador/charmie_ws/install/charmie_odometry/share/ament_index
[5.135s] creating /home/utilizador/charmie_ws/install/charmie_odometry/share/ament_index/resource_index
[5.136s] creating /home/utilizador/charmie_ws/install/charmie_odometry/share/ament_index/resource_index/packages
[5.136s] copying resource/charmie_odometry -> /home/utilizador/charmie_ws/install/charmie_odometry/share/ament_index/resource_index/packages
[5.137s] copying package.xml -> /home/utilizador/charmie_ws/install/charmie_odometry/share/charmie_odometry
[5.137s] running install_egg_info
[5.141s] Copying ../../build/charmie_odometry/charmie_odometry.egg-info to /home/utilizador/charmie_ws/install/charmie_odometry/lib/python3.8/site-packages/charmie_odometry-0.0.0-py3.8.egg-info
[5.143s] running install_scripts
[5.182s] Installing odometry script to /home/utilizador/charmie_ws/install/charmie_odometry/lib/charmie_odometry
[5.183s] writing list of installed files to '/home/utilizador/charmie_ws/build/charmie_odometry/install.log'
[5.243s] Invoked command in '/home/utilizador/charmie_ws/src/charmie_odometry' returned '0': CMAKE_PREFIX_PATH=/home/utilizador/charmie_ws/install/charmie_interfaces:/home/utilizador/charmie_ws/install/realsense2_description:/home/utilizador/charmie_ws/install/realsense2_camera:/home/utilizador/charmie_ws/install/realsense2_camera_msgs:/home/utilizador/charmie_ws/install/charmie_bot LD_LIBRARY_PATH=/home/utilizador/charmie_ws/install/charmie_interfaces/lib:/home/utilizador/charmie_ws/install/realsense2_camera/lib:/home/utilizador/charmie_ws/install/realsense2_camera_msgs/lib:/opt/ros/foxy/opt/yaml_cpp_vendor/lib:/opt/ros/foxy/opt/rviz_ogre_vendor/lib:/opt/ros/foxy/lib/x86_64-linux-gnu:/opt/ros/foxy/lib PYTHONPATH=/home/utilizador/charmie_ws/build/charmie_odometry/prefix_override:/home/utilizador/charmie_ws/install/charmie_odometry/lib/python3.8/site-packages:/home/utilizador/charmie_ws/install/charmie_interfaces/lib/python3.8/site-packages:/home/utilizador/charmie_ws/install/yolo_obj/lib/python3.8/site-packages:/home/utilizador/charmie_ws/install/realsense2_camera_msgs/lib/python3.8/site-packages:/home/utilizador/charmie_ws/install/charmie_speakers/lib/python3.8/site-packages:/home/utilizador/charmie_ws/install/charmie_receptionist/lib/python3.8/site-packages:/home/utilizador/charmie_ws/install/charmie_ps4_controller/lib/python3.8/site-packages:/home/utilizador/charmie_ws/install/charmie_odometry/lib/python3.8/site-packages:/home/utilizador/charmie_ws/install/charmie_obstacles/lib/python3.8/site-packages:/home/utilizador/charmie_ws/install/charmie_neck_dynamixel/lib/python3.8/site-packages:/home/utilizador/charmie_ws/install/charmie_navigation_sdnl/lib/python3.8/site-packages:/home/utilizador/charmie_ws/install/charmie_low_level/lib/python3.8/site-packages:/home/utilizador/charmie_ws/install/charmie_localisation/lib/python3.8/site-packages:/home/utilizador/charmie_ws/install/charmie_lidar_hokuyo/lib/python3.8/site-packages:/home/utilizador/charmie_ws/install/charmie_inspection/lib/python3.8/site-packages:/home/utilizador/charmie_ws/install/charmie_debug/lib/python3.8/site-packages:/home/utilizador/charmie_ws/install/charmie_audio/lib/python3.8/site-packages:/home/utilizador/charmie_ws/install/charmie_face_shiningrgb/lib/python3.8/site-packages:/home/utilizador/charmie_ws/install/charmie_door_start/lib/python3.8/site-packages:/opt/ros/foxy/lib/python3.8/site-packages /usr/bin/python3 setup.py egg_info --egg-base ../../build/charmie_odometry build --build-base /home/utilizador/charmie_ws/build/charmie_odometry/build install --record /home/utilizador/charmie_ws/build/charmie_odometry/install.log --install-scripts $base/lib/charmie_odometry --single-version-externally-managed
