[3.447s] Invoking command in '/home/utilizador/charmie_ws/build/charmie_face_shiningrgb': PYTHONPATH=/home/utilizador/charmie_ws/build/charmie_face_shiningrgb/prefix_override:/home/utilizador/charmie_ws/install/charmie_face_shiningrgb/lib/python3.8/site-packages:${PYTHONPATH} /usr/bin/python3 setup.py develop --uninstall --editable --build-directory /home/utilizador/charmie_ws/build/charmie_face_shiningrgb/build
[4.084s] running develop
[4.829s] Invoked command in '/home/utilizador/charmie_ws/build/charmie_face_shiningrgb' returned '0': PYTHONPATH=/home/utilizador/charmie_ws/build/charmie_face_shiningrgb/prefix_override:/home/utilizador/charmie_ws/install/charmie_face_shiningrgb/lib/python3.8/site-packages:${PYTHONPATH} /usr/bin/python3 setup.py develop --uninstall --editable --build-directory /home/utilizador/charmie_ws/build/charmie_face_shiningrgb/build
[4.832s] Invoking command in '/home/utilizador/charmie_ws/src/charmie_face_shiningrgb': PYTHONPATH=/home/utilizador/charmie_ws/build/charmie_face_shiningrgb/prefix_override:/home/utilizador/charmie_ws/install/charmie_face_shiningrgb/lib/python3.8/site-packages:${PYTHONPATH} /usr/bin/python3 setup.py egg_info --egg-base ../../build/charmie_face_shiningrgb build --build-base /home/utilizador/charmie_ws/build/charmie_face_shiningrgb/build install --record /home/utilizador/charmie_ws/build/charmie_face_shiningrgb/install.log --single-version-externally-managed
[5.494s] running egg_info
[5.496s] writing ../../build/charmie_face_shiningrgb/charmie_face_shiningrgb.egg-info/PKG-INFO
[5.496s] writing dependency_links to ../../build/charmie_face_shiningrgb/charmie_face_shiningrgb.egg-info/dependency_links.txt
[5.496s] writing entry points to ../../build/charmie_face_shiningrgb/charmie_face_shiningrgb.egg-info/entry_points.txt
[5.497s] writing requirements to ../../build/charmie_face_shiningrgb/charmie_face_shiningrgb.egg-info/requires.txt
[5.497s] writing top-level names to ../../build/charmie_face_shiningrgb/charmie_face_shiningrgb.egg-info/top_level.txt
[5.503s] reading manifest file '../../build/charmie_face_shiningrgb/charmie_face_shiningrgb.egg-info/SOURCES.txt'
[5.505s] writing manifest file '../../build/charmie_face_shiningrgb/charmie_face_shiningrgb.egg-info/SOURCES.txt'
[5.505s] running build
[5.505s] running build_py
[5.505s] running install
[5.508s] running install_lib
[5.512s] running install_data
[5.513s] running install_egg_info
[5.517s] removing '/home/utilizador/charmie_ws/install/charmie_face_shiningrgb/lib/python3.8/site-packages/charmie_face_shiningrgb-0.0.0-py3.8.egg-info' (and everything under it)
[5.517s] Copying ../../build/charmie_face_shiningrgb/charmie_face_shiningrgb.egg-info to /home/utilizador/charmie_ws/install/charmie_face_shiningrgb/lib/python3.8/site-packages/charmie_face_shiningrgb-0.0.0-py3.8.egg-info
[5.519s] running install_scripts
[5.562s] Installing face_shiningrgb script to /home/utilizador/charmie_ws/install/charmie_face_shiningrgb/lib/charmie_face_shiningrgb
[5.563s] writing list of installed files to '/home/utilizador/charmie_ws/build/charmie_face_shiningrgb/install.log'
[5.720s] Invoked command in '/home/utilizador/charmie_ws/src/charmie_face_shiningrgb' returned '0': PYTHONPATH=/home/utilizador/charmie_ws/build/charmie_face_shiningrgb/prefix_override:/home/utilizador/charmie_ws/install/charmie_face_shiningrgb/lib/python3.8/site-packages:${PYTHONPATH} /usr/bin/python3 setup.py egg_info --egg-base ../../build/charmie_face_shiningrgb build --build-base /home/utilizador/charmie_ws/build/charmie_face_shiningrgb/build install --record /home/utilizador/charmie_ws/build/charmie_face_shiningrgb/install.log --single-version-externally-managed
