/home/utilizador/.local/lib/python3.8/site-packages/setuptools/dist.py:717: UserWarning: Usage of dash-separated 'script-dir' will not be supported in future versions. Please use the underscore name 'script_dir' instead
  warnings.warn(
running develop
Removing /home/utilizador/charmie_ws/install/charmie_diagnostics/lib/python3.8/site-packages/charmie-diagnostics.egg-link (link to .)
/home/utilizador/.local/lib/python3.8/site-packages/setuptools/dist.py:717: UserWarning: Usage of dash-separated 'script-dir' will not be supported in future versions. Please use the underscore name 'script_dir' instead
  warnings.warn(
running egg_info
writing ../../build/charmie_diagnostics/charmie_diagnostics.egg-info/PKG-INFO
writing dependency_links to ../../build/charmie_diagnostics/charmie_diagnostics.egg-info/dependency_links.txt
writing entry points to ../../build/charmie_diagnostics/charmie_diagnostics.egg-info/entry_points.txt
writing requirements to ../../build/charmie_diagnostics/charmie_diagnostics.egg-info/requires.txt
writing top-level names to ../../build/charmie_diagnostics/charmie_diagnostics.egg-info/top_level.txt
reading manifest file '../../build/charmie_diagnostics/charmie_diagnostics.egg-info/SOURCES.txt'
writing manifest file '../../build/charmie_diagnostics/charmie_diagnostics.egg-info/SOURCES.txt'
running build
running build_py
creating /home/utilizador/charmie_ws/build/charmie_diagnostics/build
creating /home/utilizador/charmie_ws/build/charmie_diagnostics/build/lib
creating /home/utilizador/charmie_ws/build/charmie_diagnostics/build/lib/charmie_diagnostics
copying charmie_diagnostics/__init__.py -> /home/utilizador/charmie_ws/build/charmie_diagnostics/build/lib/charmie_diagnostics
copying charmie_diagnostics/diagnostics.py -> /home/utilizador/charmie_ws/build/charmie_diagnostics/build/lib/charmie_diagnostics
running install
running install_lib
creating /home/utilizador/charmie_ws/install/charmie_diagnostics/lib/python3.8/site-packages/charmie_diagnostics
copying /home/utilizador/charmie_ws/build/charmie_diagnostics/build/lib/charmie_diagnostics/__init__.py -> /home/utilizador/charmie_ws/install/charmie_diagnostics/lib/python3.8/site-packages/charmie_diagnostics
copying /home/utilizador/charmie_ws/build/charmie_diagnostics/build/lib/charmie_diagnostics/diagnostics.py -> /home/utilizador/charmie_ws/install/charmie_diagnostics/lib/python3.8/site-packages/charmie_diagnostics
byte-compiling /home/utilizador/charmie_ws/install/charmie_diagnostics/lib/python3.8/site-packages/charmie_diagnostics/__init__.py to __init__.cpython-38.pyc
byte-compiling /home/utilizador/charmie_ws/install/charmie_diagnostics/lib/python3.8/site-packages/charmie_diagnostics/diagnostics.py to diagnostics.cpython-38.pyc
running install_data
running install_egg_info
Copying ../../build/charmie_diagnostics/charmie_diagnostics.egg-info to /home/utilizador/charmie_ws/install/charmie_diagnostics/lib/python3.8/site-packages/charmie_diagnostics-0.0.0-py3.8.egg-info
running install_scripts
Installing diagnostics script to /home/utilizador/charmie_ws/install/charmie_diagnostics/lib/charmie_diagnostics
writing list of installed files to '/home/utilizador/charmie_ws/build/charmie_diagnostics/install.log'
