[1.685s] Invoking command in '/home/utilizador/charmie_ws/build/charmie_ps4_controller': PYTHONPATH=/home/utilizador/charmie_ws/build/charmie_ps4_controller/prefix_override:/home/utilizador/charmie_ws/install/charmie_ps4_controller/lib/python3.8/site-packages:${PYTHONPATH} /usr/bin/python3 setup.py develop --editable --build-directory /home/utilizador/charmie_ws/build/charmie_ps4_controller/build --no-deps install_data
[2.959s] running develop
[3.785s] running egg_info
[3.786s] creating charmie_ps4_controller.egg-info
[3.787s] writing charmie_ps4_controller.egg-info/PKG-INFO
[3.787s] writing dependency_links to charmie_ps4_controller.egg-info/dependency_links.txt
[3.789s] writing entry points to charmie_ps4_controller.egg-info/entry_points.txt
[3.791s] writing requirements to charmie_ps4_controller.egg-info/requires.txt
[3.793s] writing top-level names to charmie_ps4_controller.egg-info/top_level.txt
[3.803s] writing manifest file 'charmie_ps4_controller.egg-info/SOURCES.txt'
[3.813s] reading manifest file 'charmie_ps4_controller.egg-info/SOURCES.txt'
[3.818s] writing manifest file 'charmie_ps4_controller.egg-info/SOURCES.txt'
[3.995s] running build_ext
[3.998s] Creating /home/utilizador/charmie_ws/install/charmie_ps4_controller/lib/python3.8/site-packages/charmie-ps4-controller.egg-link (link to .)
[4.004s] Installing ps4_controller script to /home/utilizador/charmie_ws/install/charmie_ps4_controller/lib/charmie_ps4_controller
[4.006s] 
[4.006s] Installed /home/utilizador/charmie_ws/build/charmie_ps4_controller
[4.007s] running install_data
[4.007s] creating /home/utilizador/charmie_ws/install/charmie_ps4_controller/share/ament_index
[4.009s] creating /home/utilizador/charmie_ws/install/charmie_ps4_controller/share/ament_index/resource_index
[4.010s] creating /home/utilizador/charmie_ws/install/charmie_ps4_controller/share/ament_index/resource_index/packages
[4.012s] copying resource/charmie_ps4_controller -> /home/utilizador/charmie_ws/install/charmie_ps4_controller/share/ament_index/resource_index/packages
[4.013s] copying package.xml -> /home/utilizador/charmie_ws/install/charmie_ps4_controller/share/charmie_ps4_controller
[4.161s] Invoked command in '/home/utilizador/charmie_ws/build/charmie_ps4_controller' returned '0': PYTHONPATH=/home/utilizador/charmie_ws/build/charmie_ps4_controller/prefix_override:/home/utilizador/charmie_ws/install/charmie_ps4_controller/lib/python3.8/site-packages:${PYTHONPATH} /usr/bin/python3 setup.py develop --editable --build-directory /home/utilizador/charmie_ws/build/charmie_ps4_controller/build --no-deps install_data
