[0.018s] Invoking command in '/home/utilizador/charmie_ws/build/realsense2_camera': AMENT_PREFIX_PATH=/home/utilizador/charmie_ws/install/realsense2_camera_msgs:${AMENT_PREFIX_PATH} CMAKE_PREFIX_PATH=/home/utilizador/charmie_ws/install/realsense2_camera_msgs:/opt/ros/foxy LD_LIBRARY_PATH=/home/utilizador/charmie_ws/install/realsense2_camera_msgs/lib:${LD_LIBRARY_PATH} PYTHONPATH=/home/utilizador/charmie_ws/install/realsense2_camera_msgs/lib/python3.8/site-packages:${PYTHONPATH} /usr/bin/cmake /home/utilizador/charmie_ws/src/realsense-ros/realsense2_camera -DCMAKE_INSTALL_PREFIX=/home/utilizador/charmie_ws/install/realsense2_camera
[0.071s] -- The C compiler identification is GNU 9.4.0
[0.128s] -- The CXX compiler identification is GNU 9.4.0
[0.132s] -- Check for working C compiler: /usr/bin/cc
[0.223s] -- Check for working C compiler: /usr/bin/cc -- works
[0.224s] -- Detecting C compiler ABI info
[0.294s] -- Detecting C compiler ABI info - done
[0.306s] -- Detecting C compile features
[0.306s] -- Detecting C compile features - done
[0.309s] -- Check for working CXX compiler: /usr/bin/c++
[0.391s] -- Check for working CXX compiler: /usr/bin/c++ -- works
[0.393s] -- Detecting CXX compiler ABI info
[0.480s] -- Detecting CXX compiler ABI info - done
[0.504s] -- Detecting CXX compile features
[0.505s] -- Detecting CXX compile features - done
[0.506s] -- Create Release Build.
[0.508s] -- Found ament_cmake: 0.9.11 (/opt/ros/foxy/share/ament_cmake/cmake)
[0.535s] -- Found PythonInterp: /usr/bin/python3 (found suitable version "3.8.10", minimum required is "3") 
[0.536s] -- Using PYTHON_EXECUTABLE: /usr/bin/python3
[0.773s] -- Found builtin_interfaces: 1.0.0 (/opt/ros/foxy/share/builtin_interfaces/cmake)
[0.802s] -- Using all available rosidl_typesupport_c: rosidl_typesupport_fastrtps_c;rosidl_typesupport_introspection_c
[0.805s] -- Found rosidl_adapter: 1.3.0 (/opt/ros/foxy/share/rosidl_adapter/cmake)
[0.885s] -- Found OpenSSL: /usr/lib/x86_64-linux-gnu/libcrypto.so (found version "1.1.1f")  
[0.916s] -- Found FastRTPS: /opt/ros/foxy/include  
[0.996s] -- Using all available rosidl_typesupport_cpp: rosidl_typesupport_fastrtps_cpp;rosidl_typesupport_introspection_cpp
[1.026s] -- Found cv_bridge: 3.0.7 (/opt/ros/foxy/share/cv_bridge/cmake)
[1.252s] -- Found image_transport: 2.4.0 (/opt/ros/foxy/share/image_transport/cmake)
[1.412s] -- Found rmw_implementation_cmake: 1.0.4 (/opt/ros/foxy/share/rmw_implementation_cmake/cmake)
[1.414s] -- Using RMW implementation 'rmw_fastrtps_cpp' as default
[1.416s] -- Looking for pthread.h
[1.490s] -- Looking for pthread.h - found
[1.490s] -- Performing Test CMAKE_HAVE_LIBC_PTHREAD
[1.566s] -- Performing Test CMAKE_HAVE_LIBC_PTHREAD - Failed
[1.566s] -- Looking for pthread_create in pthreads
[1.626s] -- Looking for pthread_create in pthreads - not found
[1.626s] -- Looking for pthread_create in pthread
[1.700s] -- Looking for pthread_create in pthread - found
[1.701s] -- Found Threads: TRUE  
[1.921s] -- Found rclcpp_components: 2.4.2 (/opt/ros/foxy/share/rclcpp_components/cmake)
[1.979s] -- Found realsense2_camera_msgs: 4.51.1 (/home/utilizador/charmie_ws/install/realsense2_camera_msgs/share/realsense2_camera_msgs/cmake)
[2.019s] -- Found nav_msgs: 2.0.5 (/opt/ros/foxy/share/nav_msgs/cmake)
[2.098s] -- Found tf2_ros: 0.13.14 (/opt/ros/foxy/share/tf2_ros/cmake)
[2.401s] -- Found diagnostic_updater: 3.1.2 (/opt/ros/foxy/share/diagnostic_updater/cmake)
[2.466s] -- Build for ROS2 Foxy
[2.563s] -- Configuring done
[2.616s] -- Generating done
[2.617s] -- Build files have been written to: /home/utilizador/charmie_ws/build/realsense2_camera
[3.882s] Invoked command in '/home/utilizador/charmie_ws/build/realsense2_camera' returned '0': AMENT_PREFIX_PATH=/home/utilizador/charmie_ws/install/realsense2_camera_msgs:${AMENT_PREFIX_PATH} CMAKE_PREFIX_PATH=/home/utilizador/charmie_ws/install/realsense2_camera_msgs:/opt/ros/foxy LD_LIBRARY_PATH=/home/utilizador/charmie_ws/install/realsense2_camera_msgs/lib:${LD_LIBRARY_PATH} PYTHONPATH=/home/utilizador/charmie_ws/install/realsense2_camera_msgs/lib/python3.8/site-packages:${PYTHONPATH} /usr/bin/cmake /home/utilizador/charmie_ws/src/realsense-ros/realsense2_camera -DCMAKE_INSTALL_PREFIX=/home/utilizador/charmie_ws/install/realsense2_camera
[3.885s] Invoking command in '/home/utilizador/charmie_ws/build/realsense2_camera': AMENT_PREFIX_PATH=/home/utilizador/charmie_ws/install/realsense2_camera_msgs:${AMENT_PREFIX_PATH} CMAKE_PREFIX_PATH=/home/utilizador/charmie_ws/install/realsense2_camera_msgs:/opt/ros/foxy LD_LIBRARY_PATH=/home/utilizador/charmie_ws/install/realsense2_camera_msgs/lib:${LD_LIBRARY_PATH} PYTHONPATH=/home/utilizador/charmie_ws/install/realsense2_camera_msgs/lib/python3.8/site-packages:${PYTHONPATH} /usr/bin/cmake --build /home/utilizador/charmie_ws/build/realsense2_camera -- -j8 -l8
[3.946s] [35m[1mScanning dependencies of target realsense2_camera_node[0m
[4.004s] [35m[1mScanning dependencies of target realsense2_camera[0m
[4.082s] [  6%] [32mBuilding CXX object CMakeFiles/realsense2_camera_node.dir/rclcpp_components/node_main_realsense2_camera_node.cpp.o[0m
[4.499s] [ 12%] [32mBuilding CXX object CMakeFiles/realsense2_camera.dir/src/realsense_node_factory.cpp.o[0m
[4.510s] [ 18%] [32mBuilding CXX object CMakeFiles/realsense2_camera.dir/src/base_realsense_node.cpp.o[0m
[4.536s] [ 25%] [32mBuilding CXX object CMakeFiles/realsense2_camera.dir/src/parameters.cpp.o[0m
[4.540s] [ 31%] [32mBuilding CXX object CMakeFiles/realsense2_camera.dir/src/rs_node_setup.cpp.o[0m
[4.590s] [ 37%] [32mBuilding CXX object CMakeFiles/realsense2_camera.dir/src/ros_sensor.cpp.o[0m
[4.634s] [ 43%] [32mBuilding CXX object CMakeFiles/realsense2_camera.dir/src/dynamic_params.cpp.o[0m
[4.651s] [ 50%] [32mBuilding CXX object CMakeFiles/realsense2_camera.dir/src/ros_utils.cpp.o[0m
[9.751s] [ 56%] [32m[1mLinking CXX executable realsense2_camera_node[0m
[9.977s] [ 56%] Built target realsense2_camera_node
[9.992s] [ 62%] [32mBuilding CXX object CMakeFiles/realsense2_camera.dir/src/sensor_params.cpp.o[0m
[10.283s] [ 68%] [32mBuilding CXX object CMakeFiles/realsense2_camera.dir/src/named_filter.cpp.o[0m
[14.413s] [ 75%] [32mBuilding CXX object CMakeFiles/realsense2_camera.dir/src/profile_manager.cpp.o[0m
[15.990s] [ 81%] [32mBuilding CXX object CMakeFiles/realsense2_camera.dir/src/image_publisher.cpp.o[0m
[16.042s] [ 87%] [32mBuilding CXX object CMakeFiles/realsense2_camera.dir/src/tfs.cpp.o[0m
[18.443s] [ 93%] [32mBuilding CXX object CMakeFiles/realsense2_camera.dir/src/ros_param_backend_foxy.cpp.o[0m
[27.099s] [100%] [32m[1mLinking CXX shared library librealsense2_camera.so[0m
[27.951s] [100%] Built target realsense2_camera
[27.964s] Invoked command in '/home/utilizador/charmie_ws/build/realsense2_camera' returned '0': AMENT_PREFIX_PATH=/home/utilizador/charmie_ws/install/realsense2_camera_msgs:${AMENT_PREFIX_PATH} CMAKE_PREFIX_PATH=/home/utilizador/charmie_ws/install/realsense2_camera_msgs:/opt/ros/foxy LD_LIBRARY_PATH=/home/utilizador/charmie_ws/install/realsense2_camera_msgs/lib:${LD_LIBRARY_PATH} PYTHONPATH=/home/utilizador/charmie_ws/install/realsense2_camera_msgs/lib/python3.8/site-packages:${PYTHONPATH} /usr/bin/cmake --build /home/utilizador/charmie_ws/build/realsense2_camera -- -j8 -l8
[28.016s] Invoking command in '/home/utilizador/charmie_ws/build/realsense2_camera': AMENT_PREFIX_PATH=/home/utilizador/charmie_ws/install/realsense2_camera_msgs:${AMENT_PREFIX_PATH} CMAKE_PREFIX_PATH=/home/utilizador/charmie_ws/install/realsense2_camera_msgs:/opt/ros/foxy LD_LIBRARY_PATH=/home/utilizador/charmie_ws/install/realsense2_camera_msgs/lib:${LD_LIBRARY_PATH} PYTHONPATH=/home/utilizador/charmie_ws/install/realsense2_camera_msgs/lib/python3.8/site-packages:${PYTHONPATH} /usr/bin/cmake --install /home/utilizador/charmie_ws/build/realsense2_camera
[28.026s] -- Install configuration: "Release"
[28.026s] -- Installing: /home/utilizador/charmie_ws/install/realsense2_camera/lib/realsense2_camera/realsense2_camera_node
[28.026s] -- Set runtime path of "/home/utilizador/charmie_ws/install/realsense2_camera/lib/realsense2_camera/realsense2_camera_node" to ""
[28.027s] -- Installing: /home/utilizador/charmie_ws/install/realsense2_camera/lib/librealsense2_camera.so
[28.029s] -- Set runtime path of "/home/utilizador/charmie_ws/install/realsense2_camera/lib/librealsense2_camera.so" to ""
[28.030s] -- Installing: /home/utilizador/charmie_ws/install/realsense2_camera/include
[28.030s] -- Installing: /home/utilizador/charmie_ws/install/realsense2_camera/include/constants.h
[28.030s] -- Installing: /home/utilizador/charmie_ws/install/realsense2_camera/include/dynamic_params.h
[28.030s] -- Installing: /home/utilizador/charmie_ws/install/realsense2_camera/include/realsense_node_factory.h
[28.030s] -- Installing: /home/utilizador/charmie_ws/install/realsense2_camera/include/sensor_params.h
[28.030s] -- Installing: /home/utilizador/charmie_ws/install/realsense2_camera/include/image_publisher.h
[28.031s] -- Installing: /home/utilizador/charmie_ws/install/realsense2_camera/include/ros_sensor.h
[28.031s] -- Installing: /home/utilizador/charmie_ws/install/realsense2_camera/include/base_realsense_node.h
[28.031s] -- Installing: /home/utilizador/charmie_ws/install/realsense2_camera/include/named_filter.h
[28.031s] -- Installing: /home/utilizador/charmie_ws/install/realsense2_camera/include/ros_param_backend.h
[28.031s] -- Installing: /home/utilizador/charmie_ws/install/realsense2_camera/include/profile_manager.h
[28.031s] -- Installing: /home/utilizador/charmie_ws/install/realsense2_camera/include/ros_utils.h
[28.031s] -- Installing: /home/utilizador/charmie_ws/install/realsense2_camera/share/realsense2_camera/launch
[28.031s] -- Installing: /home/utilizador/charmie_ws/install/realsense2_camera/share/realsense2_camera/launch/default.rviz
[28.032s] -- Installing: /home/utilizador/charmie_ws/install/realsense2_camera/share/realsense2_camera/launch/rs_multi_camera_launch.py
[28.032s] -- Installing: /home/utilizador/charmie_ws/install/realsense2_camera/share/realsense2_camera/launch/rs_intra_process_demo_launch.py
[28.032s] -- Installing: /home/utilizador/charmie_ws/install/realsense2_camera/share/realsense2_camera/launch/rs_launch.py
[28.032s] -- Installing: /home/utilizador/charmie_ws/install/realsense2_camera/share/realsense2_camera/environment/library_path.sh
[28.033s] -- Installing: /home/utilizador/charmie_ws/install/realsense2_camera/share/realsense2_camera/environment/library_path.dsv
[28.033s] -- Installing: /home/utilizador/charmie_ws/install/realsense2_camera/share/ament_index/resource_index/package_run_dependencies/realsense2_camera
[28.033s] -- Installing: /home/utilizador/charmie_ws/install/realsense2_camera/share/ament_index/resource_index/parent_prefix_path/realsense2_camera
[28.033s] -- Installing: /home/utilizador/charmie_ws/install/realsense2_camera/share/realsense2_camera/environment/ament_prefix_path.sh
[28.033s] -- Installing: /home/utilizador/charmie_ws/install/realsense2_camera/share/realsense2_camera/environment/ament_prefix_path.dsv
[28.034s] -- Installing: /home/utilizador/charmie_ws/install/realsense2_camera/share/realsense2_camera/environment/path.sh
[28.034s] -- Installing: /home/utilizador/charmie_ws/install/realsense2_camera/share/realsense2_camera/environment/path.dsv
[28.034s] -- Installing: /home/utilizador/charmie_ws/install/realsense2_camera/share/realsense2_camera/local_setup.bash
[28.034s] -- Installing: /home/utilizador/charmie_ws/install/realsense2_camera/share/realsense2_camera/local_setup.sh
[28.034s] -- Installing: /home/utilizador/charmie_ws/install/realsense2_camera/share/realsense2_camera/local_setup.zsh
[28.034s] -- Installing: /home/utilizador/charmie_ws/install/realsense2_camera/share/realsense2_camera/local_setup.dsv
[28.035s] -- Installing: /home/utilizador/charmie_ws/install/realsense2_camera/share/realsense2_camera/package.dsv
[28.035s] -- Installing: /home/utilizador/charmie_ws/install/realsense2_camera/share/ament_index/resource_index/packages/realsense2_camera
[28.035s] -- Installing: /home/utilizador/charmie_ws/install/realsense2_camera/share/ament_index/resource_index/rclcpp_components/realsense2_camera
[28.035s] -- Installing: /home/utilizador/charmie_ws/install/realsense2_camera/share/realsense2_camera/cmake/ament_cmake_export_include_directories-extras.cmake
[28.035s] -- Installing: /home/utilizador/charmie_ws/install/realsense2_camera/share/realsense2_camera/cmake/ament_cmake_export_libraries-extras.cmake
[28.035s] -- Installing: /home/utilizador/charmie_ws/install/realsense2_camera/share/realsense2_camera/cmake/ament_cmake_export_dependencies-extras.cmake
[28.036s] -- Installing: /home/utilizador/charmie_ws/install/realsense2_camera/share/realsense2_camera/cmake/realsense2_cameraConfig.cmake
[28.036s] -- Installing: /home/utilizador/charmie_ws/install/realsense2_camera/share/realsense2_camera/cmake/realsense2_cameraConfig-version.cmake
[28.036s] -- Installing: /home/utilizador/charmie_ws/install/realsense2_camera/share/realsense2_camera/package.xml
[28.038s] Invoked command in '/home/utilizador/charmie_ws/build/realsense2_camera' returned '0': AMENT_PREFIX_PATH=/home/utilizador/charmie_ws/install/realsense2_camera_msgs:${AMENT_PREFIX_PATH} CMAKE_PREFIX_PATH=/home/utilizador/charmie_ws/install/realsense2_camera_msgs:/opt/ros/foxy LD_LIBRARY_PATH=/home/utilizador/charmie_ws/install/realsense2_camera_msgs/lib:${LD_LIBRARY_PATH} PYTHONPATH=/home/utilizador/charmie_ws/install/realsense2_camera_msgs/lib/python3.8/site-packages:${PYTHONPATH} /usr/bin/cmake --install /home/utilizador/charmie_ws/build/realsense2_camera
