[2.108s] Invoking command in '/home/utilizador/charmie_ws/src/charmie_diagnostics': PYTHONPATH=/home/utilizador/charmie_ws/build/charmie_diagnostics/prefix_override:/home/utilizador/charmie_ws/install/charmie_diagnostics/lib/python3.8/site-packages:${PYTHONPATH} /usr/bin/python3 setup.py egg_info --egg-base ../../build/charmie_diagnostics build --build-base /home/utilizador/charmie_ws/build/charmie_diagnostics/build install --record /home/utilizador/charmie_ws/build/charmie_diagnostics/install.log --install-scripts $base/lib/charmie_diagnostics --single-version-externally-managed
[2.508s] running egg_info
[2.509s] writing ../../build/charmie_diagnostics/charmie_diagnostics.egg-info/PKG-INFO
[2.509s] writing dependency_links to ../../build/charmie_diagnostics/charmie_diagnostics.egg-info/dependency_links.txt
[2.510s] writing entry points to ../../build/charmie_diagnostics/charmie_diagnostics.egg-info/entry_points.txt
[2.510s] writing requirements to ../../build/charmie_diagnostics/charmie_diagnostics.egg-info/requires.txt
[2.511s] writing top-level names to ../../build/charmie_diagnostics/charmie_diagnostics.egg-info/top_level.txt
[2.580s] reading manifest file '../../build/charmie_diagnostics/charmie_diagnostics.egg-info/SOURCES.txt'
[2.582s] writing manifest file '../../build/charmie_diagnostics/charmie_diagnostics.egg-info/SOURCES.txt'
[2.582s] running build
[2.582s] running build_py
[2.583s] running install
[2.584s] running install_lib
[2.587s] running install_data
[2.588s] running install_egg_info
[2.591s] removing '/home/utilizador/charmie_ws/install/charmie_diagnostics/lib/python3.8/site-packages/charmie_diagnostics-0.0.0-py3.8.egg-info' (and everything under it)
[2.591s] Copying ../../build/charmie_diagnostics/charmie_diagnostics.egg-info to /home/utilizador/charmie_ws/install/charmie_diagnostics/lib/python3.8/site-packages/charmie_diagnostics-0.0.0-py3.8.egg-info
[2.593s] running install_scripts
[2.625s] Installing diagnostics script to /home/utilizador/charmie_ws/install/charmie_diagnostics/lib/charmie_diagnostics
[2.626s] writing list of installed files to '/home/utilizador/charmie_ws/build/charmie_diagnostics/install.log'
[2.745s] Invoked command in '/home/utilizador/charmie_ws/src/charmie_diagnostics' returned '0': PYTHONPATH=/home/utilizador/charmie_ws/build/charmie_diagnostics/prefix_override:/home/utilizador/charmie_ws/install/charmie_diagnostics/lib/python3.8/site-packages:${PYTHONPATH} /usr/bin/python3 setup.py egg_info --egg-base ../../build/charmie_diagnostics build --build-base /home/utilizador/charmie_ws/build/charmie_diagnostics/build install --record /home/utilizador/charmie_ws/build/charmie_diagnostics/install.log --install-scripts $base/lib/charmie_diagnostics --single-version-externally-managed
