running develop
running egg_info
writing ../../build/charmie_odometry/charmie_odometry.egg-info/PKG-INFO
writing dependency_links to ../../build/charmie_odometry/charmie_odometry.egg-info/dependency_links.txt
writing entry points to ../../build/charmie_odometry/charmie_odometry.egg-info/entry_points.txt
writing requirements to ../../build/charmie_odometry/charmie_odometry.egg-info/requires.txt
writing top-level names to ../../build/charmie_odometry/charmie_odometry.egg-info/top_level.txt
reading manifest file '../../build/charmie_odometry/charmie_odometry.egg-info/SOURCES.txt'
writing manifest file '../../build/charmie_odometry/charmie_odometry.egg-info/SOURCES.txt'
running build
running build_py
running install
running install_lib
running install_data
running install_egg_info
removing '/home/utilizador/charmie_ws/install/charmie_odometry/lib/python3.8/site-packages/charmie_odometry-0.0.0-py3.8.egg-info' (and everything under it)
Copying ../../build/charmie_odometry/charmie_odometry.egg-info to /home/utilizador/charmie_ws/install/charmie_odometry/lib/python3.8/site-packages/charmie_odometry-0.0.0-py3.8.egg-info
running install_scripts
Installing odometry script to /home/utilizador/charmie_ws/install/charmie_odometry/lib/charmie_odometry
writing list of installed files to '/home/utilizador/charmie_ws/build/charmie_odometry/install.log'
