[6.033s] Invoking command in '/home/utilizador/charmie_ws/build/charmie_obstacles': AMENT_PREFIX_PATH=/home/utilizador/charmie_ws/install/charmie_interfaces:${AMENT_PREFIX_PATH} CMAKE_PREFIX_PATH=/home/utilizador/charmie_ws/install/charmie_interfaces LD_LIBRARY_PATH=/home/utilizador/charmie_ws/install/charmie_interfaces/lib:${LD_LIBRARY_PATH} PYTHONPATH=/home/utilizador/charmie_ws/build/charmie_obstacles/prefix_override:/home/utilizador/charmie_ws/install/charmie_obstacles/lib/python3.8/site-packages:/home/utilizador/charmie_ws/install/charmie_interfaces/lib/python3.8/site-packages:${PYTHONPATH} /usr/bin/python3 setup.py develop --editable --build-directory /home/utilizador/charmie_ws/build/charmie_obstacles/build --no-deps install_data
[6.789s] running develop
[7.141s] running egg_info
[7.141s] creating charmie_obstacles.egg-info
[7.141s] writing charmie_obstacles.egg-info/PKG-INFO
[7.142s] writing dependency_links to charmie_obstacles.egg-info/dependency_links.txt
[7.142s] writing entry points to charmie_obstacles.egg-info/entry_points.txt
[7.142s] writing requirements to charmie_obstacles.egg-info/requires.txt
[7.142s] writing top-level names to charmie_obstacles.egg-info/top_level.txt
[7.145s] writing manifest file 'charmie_obstacles.egg-info/SOURCES.txt'
[7.148s] reading manifest file 'charmie_obstacles.egg-info/SOURCES.txt'
[7.149s] writing manifest file 'charmie_obstacles.egg-info/SOURCES.txt'
[7.222s] running build_ext
[7.222s] Creating /home/utilizador/charmie_ws/install/charmie_obstacles/lib/python3.8/site-packages/charmie-obstacles.egg-link (link to .)
[7.226s] Installing obstacles script to /home/utilizador/charmie_ws/install/charmie_obstacles/lib/charmie_obstacles
[7.227s] 
[7.227s] Installed /home/utilizador/charmie_ws/build/charmie_obstacles
[7.227s] running install_data
[7.227s] creating /home/utilizador/charmie_ws/install/charmie_obstacles/share/ament_index
[7.228s] creating /home/utilizador/charmie_ws/install/charmie_obstacles/share/ament_index/resource_index
[7.228s] creating /home/utilizador/charmie_ws/install/charmie_obstacles/share/ament_index/resource_index/packages
[7.228s] copying resource/charmie_obstacles -> /home/utilizador/charmie_ws/install/charmie_obstacles/share/ament_index/resource_index/packages
[7.228s] copying package.xml -> /home/utilizador/charmie_ws/install/charmie_obstacles/share/charmie_obstacles
[7.303s] Invoked command in '/home/utilizador/charmie_ws/build/charmie_obstacles' returned '0': AMENT_PREFIX_PATH=/home/utilizador/charmie_ws/install/charmie_interfaces:${AMENT_PREFIX_PATH} CMAKE_PREFIX_PATH=/home/utilizador/charmie_ws/install/charmie_interfaces LD_LIBRARY_PATH=/home/utilizador/charmie_ws/install/charmie_interfaces/lib:${LD_LIBRARY_PATH} PYTHONPATH=/home/utilizador/charmie_ws/build/charmie_obstacles/prefix_override:/home/utilizador/charmie_ws/install/charmie_obstacles/lib/python3.8/site-packages:/home/utilizador/charmie_ws/install/charmie_interfaces/lib/python3.8/site-packages:${PYTHONPATH} /usr/bin/python3 setup.py develop --editable --build-directory /home/utilizador/charmie_ws/build/charmie_obstacles/build --no-deps install_data
