[0.082s] Invoking command in '/home/utilizador/charmie_ws/build/charmie_interfaces': CMAKE_PREFIX_PATH=${CMAKE_PREFIX_PATH}:/home/utilizador/charmie_ws/install/charmie_speakers:/home/utilizador/charmie_ws/install/charmie_ps4_controller:/home/utilizador/charmie_ws/install/charmie_neck_dynamixel:/home/utilizador/charmie_ws/install/charmie_low_level:/home/utilizador/charmie_ws/install/charmie_lidar_hokuyo:/home/utilizador/charmie_ws/install/charmie_debug:/home/utilizador/charmie_ws/install/charmie_audio:/opt/ros/foxy /usr/bin/cmake --build /home/utilizador/charmie_ws/build/charmie_interfaces -- -j8 -l8
[1.179s] [  1%] Built target charmie_interfaces__cpp
[1.179s] [ 12%] Built target charmie_interfaces__rosidl_generator_c
[1.180s] [ 32%] Built target charmie_interfaces__rosidl_typesupport_fastrtps_cpp
[1.180s] [ 34%] Built target charmie_interfaces__rosidl_typesupport_introspection_c
[1.180s] [ 52%] Built target charmie_interfaces__rosidl_typesupport_introspection_cpp
[1.180s] [ 56%] Built target charmie_interfaces__rosidl_typesupport_cpp
[1.181s] [ 67%] Built target charmie_interfaces__rosidl_typesupport_c
[1.181s] [ 78%] Built target charmie_interfaces__rosidl_typesupport_fastrtps_c
[1.181s] [ 78%] Built target charmie_interfaces
[1.183s] [ 80%] Built target charmie_interfaces__py
[1.183s] [ 89%] Built target charmie_interfaces__python
[1.184s] [ 96%] Built target charmie_interfaces__rosidl_typesupport_fastrtps_c__pyext
[1.184s] [ 96%] Built target charmie_interfaces__rosidl_typesupport_c__pyext
[1.184s] [100%] Built target charmie_interfaces__rosidl_typesupport_introspection_c__pyext
[1.203s] Invoked command in '/home/utilizador/charmie_ws/build/charmie_interfaces' returned '0': CMAKE_PREFIX_PATH=${CMAKE_PREFIX_PATH}:/home/utilizador/charmie_ws/install/charmie_speakers:/home/utilizador/charmie_ws/install/charmie_ps4_controller:/home/utilizador/charmie_ws/install/charmie_neck_dynamixel:/home/utilizador/charmie_ws/install/charmie_low_level:/home/utilizador/charmie_ws/install/charmie_lidar_hokuyo:/home/utilizador/charmie_ws/install/charmie_debug:/home/utilizador/charmie_ws/install/charmie_audio:/opt/ros/foxy /usr/bin/cmake --build /home/utilizador/charmie_ws/build/charmie_interfaces -- -j8 -l8
[1.296s] Invoking command in '/home/utilizador/charmie_ws/build/charmie_interfaces': CMAKE_PREFIX_PATH=${CMAKE_PREFIX_PATH}:/home/utilizador/charmie_ws/install/charmie_speakers:/home/utilizador/charmie_ws/install/charmie_ps4_controller:/home/utilizador/charmie_ws/install/charmie_neck_dynamixel:/home/utilizador/charmie_ws/install/charmie_low_level:/home/utilizador/charmie_ws/install/charmie_lidar_hokuyo:/home/utilizador/charmie_ws/install/charmie_debug:/home/utilizador/charmie_ws/install/charmie_audio:/opt/ros/foxy /usr/bin/cmake --install /home/utilizador/charmie_ws/build/charmie_interfaces
[1.311s] -- Install configuration: ""
[1.312s] -- Up-to-date: /home/utilizador/charmie_ws/install/charmie_interfaces/share/ament_index/resource_index/rosidl_interfaces/charmie_interfaces
[1.312s] -- Up-to-date: /home/utilizador/charmie_ws/install/charmie_interfaces/include/charmie_interfaces
[1.312s] -- Up-to-date: /home/utilizador/charmie_ws/install/charmie_interfaces/include/charmie_interfaces/msg
[1.312s] -- Up-to-date: /home/utilizador/charmie_ws/install/charmie_interfaces/include/charmie_interfaces/msg/example_tr.h
[1.312s] -- Up-to-date: /home/utilizador/charmie_ws/install/charmie_interfaces/include/charmie_interfaces/msg/ps4_controller.h
[1.313s] -- Up-to-date: /home/utilizador/charmie_ws/install/charmie_interfaces/include/charmie_interfaces/msg/rosidl_generator_c__visibility_control.h
[1.313s] -- Up-to-date: /home/utilizador/charmie_ws/install/charmie_interfaces/include/charmie_interfaces/msg/encoders.h
[1.313s] -- Up-to-date: /home/utilizador/charmie_ws/install/charmie_interfaces/include/charmie_interfaces/msg/robot_speech.h
[1.313s] -- Up-to-date: /home/utilizador/charmie_ws/install/charmie_interfaces/include/charmie_interfaces/msg/detail
[1.313s] -- Up-to-date: /home/utilizador/charmie_ws/install/charmie_interfaces/include/charmie_interfaces/msg/detail/robot_speech__functions.c
[1.313s] -- Up-to-date: /home/utilizador/charmie_ws/install/charmie_interfaces/include/charmie_interfaces/msg/detail/example_tr__functions.h
[1.314s] -- Up-to-date: /home/utilizador/charmie_ws/install/charmie_interfaces/include/charmie_interfaces/msg/detail/encoders__struct.h
[1.314s] -- Up-to-date: /home/utilizador/charmie_ws/install/charmie_interfaces/include/charmie_interfaces/msg/detail/encoders__functions.c
[1.314s] -- Up-to-date: /home/utilizador/charmie_ws/install/charmie_interfaces/include/charmie_interfaces/msg/detail/robot_speech__struct.h
[1.314s] -- Up-to-date: /home/utilizador/charmie_ws/install/charmie_interfaces/include/charmie_interfaces/msg/detail/ps4_controller__type_support.h
[1.314s] -- Up-to-date: /home/utilizador/charmie_ws/install/charmie_interfaces/include/charmie_interfaces/msg/detail/robot_speech__type_support.h
[1.314s] -- Up-to-date: /home/utilizador/charmie_ws/install/charmie_interfaces/include/charmie_interfaces/msg/detail/encoders__functions.h
[1.314s] -- Up-to-date: /home/utilizador/charmie_ws/install/charmie_interfaces/include/charmie_interfaces/msg/detail/ps4_controller__struct.h
[1.315s] -- Up-to-date: /home/utilizador/charmie_ws/install/charmie_interfaces/include/charmie_interfaces/msg/detail/robot_speech__functions.h
[1.315s] -- Up-to-date: /home/utilizador/charmie_ws/install/charmie_interfaces/include/charmie_interfaces/msg/detail/encoders__type_support.h
[1.315s] -- Up-to-date: /home/utilizador/charmie_ws/install/charmie_interfaces/include/charmie_interfaces/msg/detail/example_tr__type_support.h
[1.315s] -- Up-to-date: /home/utilizador/charmie_ws/install/charmie_interfaces/include/charmie_interfaces/msg/detail/example_tr__functions.c
[1.315s] -- Up-to-date: /home/utilizador/charmie_ws/install/charmie_interfaces/include/charmie_interfaces/msg/detail/ps4_controller__functions.c
[1.315s] -- Up-to-date: /home/utilizador/charmie_ws/install/charmie_interfaces/include/charmie_interfaces/msg/detail/example_tr__struct.h
[1.315s] -- Up-to-date: /home/utilizador/charmie_ws/install/charmie_interfaces/include/charmie_interfaces/msg/detail/ps4_controller__functions.h
[1.316s] -- Up-to-date: /home/utilizador/charmie_ws/install/charmie_interfaces/share/charmie_interfaces/environment/library_path.sh
[1.316s] -- Up-to-date: /home/utilizador/charmie_ws/install/charmie_interfaces/share/charmie_interfaces/environment/library_path.dsv
[1.316s] -- Up-to-date: /home/utilizador/charmie_ws/install/charmie_interfaces/lib/libcharmie_interfaces__rosidl_generator_c.so
[1.316s] -- Up-to-date: /home/utilizador/charmie_ws/install/charmie_interfaces/include/charmie_interfaces
[1.316s] -- Up-to-date: /home/utilizador/charmie_ws/install/charmie_interfaces/include/charmie_interfaces/msg
[1.316s] -- Up-to-date: /home/utilizador/charmie_ws/install/charmie_interfaces/include/charmie_interfaces/msg/rosidl_typesupport_fastrtps_c__visibility_control.h
[1.316s] -- Up-to-date: /home/utilizador/charmie_ws/install/charmie_interfaces/include/charmie_interfaces/msg/detail
[1.317s] -- Up-to-date: /home/utilizador/charmie_ws/install/charmie_interfaces/include/charmie_interfaces/msg/detail/ps4_controller__rosidl_typesupport_fastrtps_c.h
[1.317s] -- Up-to-date: /home/utilizador/charmie_ws/install/charmie_interfaces/include/charmie_interfaces/msg/detail/robot_speech__rosidl_typesupport_fastrtps_c.h
[1.317s] -- Up-to-date: /home/utilizador/charmie_ws/install/charmie_interfaces/include/charmie_interfaces/msg/detail/encoders__rosidl_typesupport_fastrtps_c.h
[1.317s] -- Up-to-date: /home/utilizador/charmie_ws/install/charmie_interfaces/include/charmie_interfaces/msg/detail/example_tr__rosidl_typesupport_fastrtps_c.h
[1.317s] -- Up-to-date: /home/utilizador/charmie_ws/install/charmie_interfaces/lib/libcharmie_interfaces__rosidl_typesupport_fastrtps_c.so
[1.318s] -- Up-to-date: /home/utilizador/charmie_ws/install/charmie_interfaces/include/charmie_interfaces
[1.318s] -- Up-to-date: /home/utilizador/charmie_ws/install/charmie_interfaces/include/charmie_interfaces/msg
[1.318s] -- Up-to-date: /home/utilizador/charmie_ws/install/charmie_interfaces/include/charmie_interfaces/msg/rosidl_typesupport_fastrtps_cpp__visibility_control.h
[1.319s] -- Up-to-date: /home/utilizador/charmie_ws/install/charmie_interfaces/include/charmie_interfaces/msg/detail
[1.319s] -- Up-to-date: /home/utilizador/charmie_ws/install/charmie_interfaces/include/charmie_interfaces/msg/detail/example_tr__rosidl_typesupport_fastrtps_cpp.hpp
[1.319s] -- Up-to-date: /home/utilizador/charmie_ws/install/charmie_interfaces/include/charmie_interfaces/msg/detail/dds_fastrtps
[1.319s] -- Up-to-date: /home/utilizador/charmie_ws/install/charmie_interfaces/include/charmie_interfaces/msg/detail/robot_speech__rosidl_typesupport_fastrtps_cpp.hpp
[1.319s] -- Up-to-date: /home/utilizador/charmie_ws/install/charmie_interfaces/include/charmie_interfaces/msg/detail/encoders__rosidl_typesupport_fastrtps_cpp.hpp
[1.320s] -- Up-to-date: /home/utilizador/charmie_ws/install/charmie_interfaces/include/charmie_interfaces/msg/detail/ps4_controller__rosidl_typesupport_fastrtps_cpp.hpp
[1.320s] -- Up-to-date: /home/utilizador/charmie_ws/install/charmie_interfaces/lib/libcharmie_interfaces__rosidl_typesupport_fastrtps_cpp.so
[1.320s] -- Up-to-date: /home/utilizador/charmie_ws/install/charmie_interfaces/include/charmie_interfaces
[1.320s] -- Up-to-date: /home/utilizador/charmie_ws/install/charmie_interfaces/include/charmie_interfaces/msg
[1.320s] -- Up-to-date: /home/utilizador/charmie_ws/install/charmie_interfaces/include/charmie_interfaces/msg/rosidl_typesupport_introspection_c__visibility_control.h
[1.321s] -- Up-to-date: /home/utilizador/charmie_ws/install/charmie_interfaces/include/charmie_interfaces/msg/detail
[1.321s] -- Up-to-date: /home/utilizador/charmie_ws/install/charmie_interfaces/include/charmie_interfaces/msg/detail/encoders__type_support.c
[1.321s] -- Up-to-date: /home/utilizador/charmie_ws/install/charmie_interfaces/include/charmie_interfaces/msg/detail/robot_speech__rosidl_typesupport_introspection_c.h
[1.321s] -- Up-to-date: /home/utilizador/charmie_ws/install/charmie_interfaces/include/charmie_interfaces/msg/detail/example_tr__type_support.c
[1.321s] -- Up-to-date: /home/utilizador/charmie_ws/install/charmie_interfaces/include/charmie_interfaces/msg/detail/encoders__rosidl_typesupport_introspection_c.h
[1.321s] -- Up-to-date: /home/utilizador/charmie_ws/install/charmie_interfaces/include/charmie_interfaces/msg/detail/robot_speech__type_support.c
[1.322s] -- Up-to-date: /home/utilizador/charmie_ws/install/charmie_interfaces/include/charmie_interfaces/msg/detail/ps4_controller__type_support.c
[1.322s] -- Up-to-date: /home/utilizador/charmie_ws/install/charmie_interfaces/include/charmie_interfaces/msg/detail/ps4_controller__rosidl_typesupport_introspection_c.h
[1.322s] -- Up-to-date: /home/utilizador/charmie_ws/install/charmie_interfaces/include/charmie_interfaces/msg/detail/example_tr__rosidl_typesupport_introspection_c.h
[1.322s] -- Up-to-date: /home/utilizador/charmie_ws/install/charmie_interfaces/lib/libcharmie_interfaces__rosidl_typesupport_introspection_c.so
[1.322s] -- Up-to-date: /home/utilizador/charmie_ws/install/charmie_interfaces/lib/libcharmie_interfaces__rosidl_typesupport_c.so
[1.322s] -- Up-to-date: /home/utilizador/charmie_ws/install/charmie_interfaces/include/charmie_interfaces
[1.322s] -- Up-to-date: /home/utilizador/charmie_ws/install/charmie_interfaces/include/charmie_interfaces/msg
[1.323s] -- Up-to-date: /home/utilizador/charmie_ws/install/charmie_interfaces/include/charmie_interfaces/msg/ps4_controller.hpp
[1.323s] -- Up-to-date: /home/utilizador/charmie_ws/install/charmie_interfaces/include/charmie_interfaces/msg/encoders.hpp
[1.323s] -- Up-to-date: /home/utilizador/charmie_ws/install/charmie_interfaces/include/charmie_interfaces/msg/example_tr.hpp
[1.323s] -- Up-to-date: /home/utilizador/charmie_ws/install/charmie_interfaces/include/charmie_interfaces/msg/robot_speech.hpp
[1.323s] -- Up-to-date: /home/utilizador/charmie_ws/install/charmie_interfaces/include/charmie_interfaces/msg/detail
[1.323s] -- Up-to-date: /home/utilizador/charmie_ws/install/charmie_interfaces/include/charmie_interfaces/msg/detail/example_tr__struct.hpp
[1.323s] -- Up-to-date: /home/utilizador/charmie_ws/install/charmie_interfaces/include/charmie_interfaces/msg/detail/ps4_controller__traits.hpp
[1.323s] -- Up-to-date: /home/utilizador/charmie_ws/install/charmie_interfaces/include/charmie_interfaces/msg/detail/example_tr__builder.hpp
[1.324s] -- Up-to-date: /home/utilizador/charmie_ws/install/charmie_interfaces/include/charmie_interfaces/msg/detail/encoders__traits.hpp
[1.324s] -- Up-to-date: /home/utilizador/charmie_ws/install/charmie_interfaces/include/charmie_interfaces/msg/detail/ps4_controller__builder.hpp
[1.324s] -- Up-to-date: /home/utilizador/charmie_ws/install/charmie_interfaces/include/charmie_interfaces/msg/detail/robot_speech__builder.hpp
[1.324s] -- Up-to-date: /home/utilizador/charmie_ws/install/charmie_interfaces/include/charmie_interfaces/msg/detail/encoders__struct.hpp
[1.324s] -- Up-to-date: /home/utilizador/charmie_ws/install/charmie_interfaces/include/charmie_interfaces/msg/detail/encoders__builder.hpp
[1.324s] -- Up-to-date: /home/utilizador/charmie_ws/install/charmie_interfaces/include/charmie_interfaces/msg/detail/robot_speech__struct.hpp
[1.324s] -- Up-to-date: /home/utilizador/charmie_ws/install/charmie_interfaces/include/charmie_interfaces/msg/detail/ps4_controller__struct.hpp
[1.324s] -- Up-to-date: /home/utilizador/charmie_ws/install/charmie_interfaces/include/charmie_interfaces/msg/detail/example_tr__traits.hpp
[1.325s] -- Up-to-date: /home/utilizador/charmie_ws/install/charmie_interfaces/include/charmie_interfaces/msg/detail/robot_speech__traits.hpp
[1.325s] -- Up-to-date: /home/utilizador/charmie_ws/install/charmie_interfaces/include/charmie_interfaces
[1.325s] -- Up-to-date: /home/utilizador/charmie_ws/install/charmie_interfaces/include/charmie_interfaces/msg
[1.325s] -- Up-to-date: /home/utilizador/charmie_ws/install/charmie_interfaces/include/charmie_interfaces/msg/detail
[1.325s] -- Up-to-date: /home/utilizador/charmie_ws/install/charmie_interfaces/include/charmie_interfaces/msg/detail/example_tr__rosidl_typesupport_introspection_cpp.hpp
[1.325s] -- Up-to-date: /home/utilizador/charmie_ws/install/charmie_interfaces/include/charmie_interfaces/msg/detail/ps4_controller__rosidl_typesupport_introspection_cpp.hpp
[1.325s] -- Up-to-date: /home/utilizador/charmie_ws/install/charmie_interfaces/include/charmie_interfaces/msg/detail/ps4_controller__type_support.cpp
[1.325s] -- Up-to-date: /home/utilizador/charmie_ws/install/charmie_interfaces/include/charmie_interfaces/msg/detail/encoders__rosidl_typesupport_introspection_cpp.hpp
[1.326s] -- Up-to-date: /home/utilizador/charmie_ws/install/charmie_interfaces/include/charmie_interfaces/msg/detail/example_tr__type_support.cpp
[1.326s] -- Up-to-date: /home/utilizador/charmie_ws/install/charmie_interfaces/include/charmie_interfaces/msg/detail/robot_speech__rosidl_typesupport_introspection_cpp.hpp
[1.326s] -- Up-to-date: /home/utilizador/charmie_ws/install/charmie_interfaces/include/charmie_interfaces/msg/detail/robot_speech__type_support.cpp
[1.326s] -- Up-to-date: /home/utilizador/charmie_ws/install/charmie_interfaces/include/charmie_interfaces/msg/detail/encoders__type_support.cpp
[1.326s] -- Up-to-date: /home/utilizador/charmie_ws/install/charmie_interfaces/lib/libcharmie_interfaces__rosidl_typesupport_introspection_cpp.so
[1.326s] -- Up-to-date: /home/utilizador/charmie_ws/install/charmie_interfaces/lib/libcharmie_interfaces__rosidl_typesupport_cpp.so
[1.327s] -- Up-to-date: /home/utilizador/charmie_ws/install/charmie_interfaces/share/charmie_interfaces/environment/pythonpath.sh
[1.327s] -- Up-to-date: /home/utilizador/charmie_ws/install/charmie_interfaces/share/charmie_interfaces/environment/pythonpath.dsv
[1.327s] -- Up-to-date: /home/utilizador/charmie_ws/install/charmie_interfaces/lib/python3.8/site-packages/charmie_interfaces/__init__.py
[1.382s] -- Up-to-date: /home/utilizador/charmie_ws/install/charmie_interfaces/lib/python3.8/site-packages/charmie_interfaces/msg
[1.382s] -- Up-to-date: /home/utilizador/charmie_ws/install/charmie_interfaces/lib/python3.8/site-packages/charmie_interfaces/msg/_example_tr.py
[1.382s] -- Up-to-date: /home/utilizador/charmie_ws/install/charmie_interfaces/lib/python3.8/site-packages/charmie_interfaces/msg/_robot_speech.py
[1.382s] -- Up-to-date: /home/utilizador/charmie_ws/install/charmie_interfaces/lib/python3.8/site-packages/charmie_interfaces/msg/_encoders.py
[1.383s] -- Up-to-date: /home/utilizador/charmie_ws/install/charmie_interfaces/lib/python3.8/site-packages/charmie_interfaces/msg/_robot_speech_s.c
[1.383s] -- Up-to-date: /home/utilizador/charmie_ws/install/charmie_interfaces/lib/python3.8/site-packages/charmie_interfaces/msg/_encoders_s.c
[1.383s] -- Up-to-date: /home/utilizador/charmie_ws/install/charmie_interfaces/lib/python3.8/site-packages/charmie_interfaces/msg/_example_tr_s.c
[1.383s] -- Up-to-date: /home/utilizador/charmie_ws/install/charmie_interfaces/lib/python3.8/site-packages/charmie_interfaces/msg/_ps4_controller.py
[1.383s] -- Up-to-date: /home/utilizador/charmie_ws/install/charmie_interfaces/lib/python3.8/site-packages/charmie_interfaces/msg/_ps4_controller_s.c
[1.383s] -- Up-to-date: /home/utilizador/charmie_ws/install/charmie_interfaces/lib/python3.8/site-packages/charmie_interfaces/msg/__init__.py
[1.384s] -- Up-to-date: /home/utilizador/charmie_ws/install/charmie_interfaces/lib/python3.8/site-packages/charmie_interfaces/charmie_interfaces_s__rosidl_typesupport_fastrtps_c.cpython-38-x86_64-linux-gnu.so
[1.384s] -- Up-to-date: /home/utilizador/charmie_ws/install/charmie_interfaces/lib/python3.8/site-packages/charmie_interfaces/charmie_interfaces_s__rosidl_typesupport_introspection_c.cpython-38-x86_64-linux-gnu.so
[1.384s] -- Up-to-date: /home/utilizador/charmie_ws/install/charmie_interfaces/lib/python3.8/site-packages/charmie_interfaces/charmie_interfaces_s__rosidl_typesupport_c.cpython-38-x86_64-linux-gnu.so
[1.385s] -- Up-to-date: /home/utilizador/charmie_ws/install/charmie_interfaces/lib/libcharmie_interfaces__python.so
[1.386s] -- Up-to-date: /home/utilizador/charmie_ws/install/charmie_interfaces/share/charmie_interfaces/msg/ExampleTR.idl
[1.386s] -- Up-to-date: /home/utilizador/charmie_ws/install/charmie_interfaces/share/charmie_interfaces/msg/Encoders.idl
[1.386s] -- Up-to-date: /home/utilizador/charmie_ws/install/charmie_interfaces/share/charmie_interfaces/msg/PS4Controller.idl
[1.386s] -- Up-to-date: /home/utilizador/charmie_ws/install/charmie_interfaces/share/charmie_interfaces/msg/RobotSpeech.idl
[1.386s] -- Up-to-date: /home/utilizador/charmie_ws/install/charmie_interfaces/share/charmie_interfaces/msg/ExampleTR.msg
[1.387s] -- Up-to-date: /home/utilizador/charmie_ws/install/charmie_interfaces/share/charmie_interfaces/msg/Encoders.msg
[1.387s] -- Up-to-date: /home/utilizador/charmie_ws/install/charmie_interfaces/share/charmie_interfaces/msg/PS4Controller.msg
[1.387s] -- Up-to-date: /home/utilizador/charmie_ws/install/charmie_interfaces/share/charmie_interfaces/msg/RobotSpeech.msg
[1.387s] -- Up-to-date: /home/utilizador/charmie_ws/install/charmie_interfaces/share/ament_index/resource_index/package_run_dependencies/charmie_interfaces
[1.387s] -- Up-to-date: /home/utilizador/charmie_ws/install/charmie_interfaces/share/ament_index/resource_index/parent_prefix_path/charmie_interfaces
[1.387s] -- Up-to-date: /home/utilizador/charmie_ws/install/charmie_interfaces/share/charmie_interfaces/environment/ament_prefix_path.sh
[1.388s] -- Up-to-date: /home/utilizador/charmie_ws/install/charmie_interfaces/share/charmie_interfaces/environment/ament_prefix_path.dsv
[1.388s] -- Up-to-date: /home/utilizador/charmie_ws/install/charmie_interfaces/share/charmie_interfaces/environment/path.sh
[1.388s] -- Up-to-date: /home/utilizador/charmie_ws/install/charmie_interfaces/share/charmie_interfaces/environment/path.dsv
[1.388s] -- Up-to-date: /home/utilizador/charmie_ws/install/charmie_interfaces/share/charmie_interfaces/local_setup.bash
[1.388s] -- Up-to-date: /home/utilizador/charmie_ws/install/charmie_interfaces/share/charmie_interfaces/local_setup.sh
[1.388s] -- Up-to-date: /home/utilizador/charmie_ws/install/charmie_interfaces/share/charmie_interfaces/local_setup.zsh
[1.388s] -- Up-to-date: /home/utilizador/charmie_ws/install/charmie_interfaces/share/charmie_interfaces/local_setup.dsv
[1.389s] -- Installing: /home/utilizador/charmie_ws/install/charmie_interfaces/share/charmie_interfaces/package.dsv
[1.389s] -- Up-to-date: /home/utilizador/charmie_ws/install/charmie_interfaces/share/ament_index/resource_index/packages/charmie_interfaces
[1.389s] -- Up-to-date: /home/utilizador/charmie_ws/install/charmie_interfaces/share/charmie_interfaces/cmake/charmie_interfaces__rosidl_generator_cExport.cmake
[1.389s] -- Up-to-date: /home/utilizador/charmie_ws/install/charmie_interfaces/share/charmie_interfaces/cmake/charmie_interfaces__rosidl_generator_cExport-noconfig.cmake
[1.389s] -- Up-to-date: /home/utilizador/charmie_ws/install/charmie_interfaces/share/charmie_interfaces/cmake/charmie_interfaces__rosidl_typesupport_introspection_cExport.cmake
[1.390s] -- Up-to-date: /home/utilizador/charmie_ws/install/charmie_interfaces/share/charmie_interfaces/cmake/charmie_interfaces__rosidl_typesupport_introspection_cExport-noconfig.cmake
[1.390s] -- Up-to-date: /home/utilizador/charmie_ws/install/charmie_interfaces/share/charmie_interfaces/cmake/charmie_interfaces__rosidl_typesupport_cExport.cmake
[1.390s] -- Up-to-date: /home/utilizador/charmie_ws/install/charmie_interfaces/share/charmie_interfaces/cmake/charmie_interfaces__rosidl_typesupport_cExport-noconfig.cmake
[1.390s] -- Up-to-date: /home/utilizador/charmie_ws/install/charmie_interfaces/share/charmie_interfaces/cmake/charmie_interfaces__rosidl_generator_cppExport.cmake
[1.391s] -- Up-to-date: /home/utilizador/charmie_ws/install/charmie_interfaces/share/charmie_interfaces/cmake/charmie_interfaces__rosidl_typesupport_introspection_cppExport.cmake
[1.391s] -- Up-to-date: /home/utilizador/charmie_ws/install/charmie_interfaces/share/charmie_interfaces/cmake/charmie_interfaces__rosidl_typesupport_introspection_cppExport-noconfig.cmake
[1.391s] -- Up-to-date: /home/utilizador/charmie_ws/install/charmie_interfaces/share/charmie_interfaces/cmake/charmie_interfaces__rosidl_typesupport_cppExport.cmake
[1.391s] -- Up-to-date: /home/utilizador/charmie_ws/install/charmie_interfaces/share/charmie_interfaces/cmake/charmie_interfaces__rosidl_typesupport_cppExport-noconfig.cmake
[1.391s] -- Up-to-date: /home/utilizador/charmie_ws/install/charmie_interfaces/share/charmie_interfaces/cmake/rosidl_cmake-extras.cmake
[1.391s] -- Up-to-date: /home/utilizador/charmie_ws/install/charmie_interfaces/share/charmie_interfaces/cmake/ament_cmake_export_dependencies-extras.cmake
[1.391s] -- Up-to-date: /home/utilizador/charmie_ws/install/charmie_interfaces/share/charmie_interfaces/cmake/ament_cmake_export_libraries-extras.cmake
[1.392s] -- Up-to-date: /home/utilizador/charmie_ws/install/charmie_interfaces/share/charmie_interfaces/cmake/ament_cmake_export_targets-extras.cmake
[1.392s] -- Up-to-date: /home/utilizador/charmie_ws/install/charmie_interfaces/share/charmie_interfaces/cmake/ament_cmake_export_include_directories-extras.cmake
[1.392s] -- Up-to-date: /home/utilizador/charmie_ws/install/charmie_interfaces/share/charmie_interfaces/cmake/rosidl_cmake_export_typesupport_libraries-extras.cmake
[1.392s] -- Up-to-date: /home/utilizador/charmie_ws/install/charmie_interfaces/share/charmie_interfaces/cmake/rosidl_cmake_export_typesupport_targets-extras.cmake
[1.392s] -- Up-to-date: /home/utilizador/charmie_ws/install/charmie_interfaces/share/charmie_interfaces/cmake/charmie_interfacesConfig.cmake
[1.392s] -- Up-to-date: /home/utilizador/charmie_ws/install/charmie_interfaces/share/charmie_interfaces/cmake/charmie_interfacesConfig-version.cmake
[1.392s] -- Up-to-date: /home/utilizador/charmie_ws/install/charmie_interfaces/share/charmie_interfaces/package.xml
[1.399s] Invoked command in '/home/utilizador/charmie_ws/build/charmie_interfaces' returned '0': CMAKE_PREFIX_PATH=${CMAKE_PREFIX_PATH}:/home/utilizador/charmie_ws/install/charmie_speakers:/home/utilizador/charmie_ws/install/charmie_ps4_controller:/home/utilizador/charmie_ws/install/charmie_neck_dynamixel:/home/utilizador/charmie_ws/install/charmie_low_level:/home/utilizador/charmie_ws/install/charmie_lidar_hokuyo:/home/utilizador/charmie_ws/install/charmie_debug:/home/utilizador/charmie_ws/install/charmie_audio:/opt/ros/foxy /usr/bin/cmake --install /home/utilizador/charmie_ws/build/charmie_interfaces
