[2.977s] Invoking command in '/home/utilizador/charmie_ws/build/charmie_lidar_hokuyo': PYTHONPATH=/home/utilizador/charmie_ws/build/charmie_lidar_hokuyo/prefix_override:/home/utilizador/charmie_ws/install/charmie_lidar_hokuyo/lib/python3.8/site-packages:${PYTHONPATH} /usr/bin/python3 setup.py develop --editable --build-directory /home/utilizador/charmie_ws/build/charmie_lidar_hokuyo/build --no-deps install_data
[3.745s] running develop
[4.174s] running egg_info
[4.174s] creating charmie_lidar_hokuyo.egg-info
[4.175s] writing charmie_lidar_hokuyo.egg-info/PKG-INFO
[4.176s] writing dependency_links to charmie_lidar_hokuyo.egg-info/dependency_links.txt
[4.177s] writing entry points to charmie_lidar_hokuyo.egg-info/entry_points.txt
[4.177s] writing requirements to charmie_lidar_hokuyo.egg-info/requires.txt
[4.178s] writing top-level names to charmie_lidar_hokuyo.egg-info/top_level.txt
[4.180s] writing manifest file 'charmie_lidar_hokuyo.egg-info/SOURCES.txt'
[4.312s] reading manifest file 'charmie_lidar_hokuyo.egg-info/SOURCES.txt'
[4.314s] writing manifest file 'charmie_lidar_hokuyo.egg-info/SOURCES.txt'
[4.502s] running build_ext
[4.503s] Creating /home/utilizador/charmie_ws/install/charmie_lidar_hokuyo/lib/python3.8/site-packages/site.py
[4.517s] Creating /home/utilizador/charmie_ws/install/charmie_lidar_hokuyo/lib/python3.8/site-packages/charmie-lidar-hokuyo.egg-link (link to .)
[4.521s] Installing lidar_hokuyo script to /home/utilizador/charmie_ws/install/charmie_lidar_hokuyo/lib/charmie_lidar_hokuyo
[4.521s] 
[4.522s] Installed /home/utilizador/charmie_ws/build/charmie_lidar_hokuyo
[4.522s] running install_data
[4.522s] creating /home/utilizador/charmie_ws/install/charmie_lidar_hokuyo/share/ament_index
[4.522s] creating /home/utilizador/charmie_ws/install/charmie_lidar_hokuyo/share/ament_index/resource_index
[4.523s] creating /home/utilizador/charmie_ws/install/charmie_lidar_hokuyo/share/ament_index/resource_index/packages
[4.523s] copying resource/charmie_lidar_hokuyo -> /home/utilizador/charmie_ws/install/charmie_lidar_hokuyo/share/ament_index/resource_index/packages
[4.523s] copying package.xml -> /home/utilizador/charmie_ws/install/charmie_lidar_hokuyo/share/charmie_lidar_hokuyo
[4.623s] Invoked command in '/home/utilizador/charmie_ws/build/charmie_lidar_hokuyo' returned '0': PYTHONPATH=/home/utilizador/charmie_ws/build/charmie_lidar_hokuyo/prefix_override:/home/utilizador/charmie_ws/install/charmie_lidar_hokuyo/lib/python3.8/site-packages:${PYTHONPATH} /usr/bin/python3 setup.py develop --editable --build-directory /home/utilizador/charmie_ws/build/charmie_lidar_hokuyo/build --no-deps install_data
