[1.997s] Invoking command in '/home/utilizador/charmie_ws/build/charmie_ps4_controller': PYTHONPATH=/home/utilizador/charmie_ws/build/charmie_ps4_controller/prefix_override:/home/utilizador/charmie_ws/install/charmie_ps4_controller/lib/python3.8/site-packages:${PYTHONPATH} /usr/bin/python3 setup.py develop --editable --build-directory /home/utilizador/charmie_ws/build/charmie_ps4_controller/build --no-deps install_data
[3.064s] running develop
[3.465s] running egg_info
[3.465s] creating charmie_ps4_controller.egg-info
[3.467s] writing charmie_ps4_controller.egg-info/PKG-INFO
[3.468s] writing dependency_links to charmie_ps4_controller.egg-info/dependency_links.txt
[3.468s] writing entry points to charmie_ps4_controller.egg-info/entry_points.txt
[3.469s] writing requirements to charmie_ps4_controller.egg-info/requires.txt
[3.469s] writing top-level names to charmie_ps4_controller.egg-info/top_level.txt
[3.472s] writing manifest file 'charmie_ps4_controller.egg-info/SOURCES.txt'
[3.476s] reading manifest file 'charmie_ps4_controller.egg-info/SOURCES.txt'
[3.477s] writing manifest file 'charmie_ps4_controller.egg-info/SOURCES.txt'
[3.551s] running build_ext
[3.552s] Creating /home/utilizador/charmie_ws/install/charmie_ps4_controller/lib/python3.8/site-packages/charmie-ps4-controller.egg-link (link to .)
[3.554s] Installing ps4_controller script to /home/utilizador/charmie_ws/install/charmie_ps4_controller/lib/charmie_ps4_controller
[3.554s] 
[3.555s] Installed /home/utilizador/charmie_ws/build/charmie_ps4_controller
[3.555s] running install_data
[3.555s] creating /home/utilizador/charmie_ws/install/charmie_ps4_controller/share/ament_index
[3.556s] creating /home/utilizador/charmie_ws/install/charmie_ps4_controller/share/ament_index/resource_index
[3.556s] creating /home/utilizador/charmie_ws/install/charmie_ps4_controller/share/ament_index/resource_index/packages
[3.557s] copying resource/charmie_ps4_controller -> /home/utilizador/charmie_ws/install/charmie_ps4_controller/share/ament_index/resource_index/packages
[3.557s] copying package.xml -> /home/utilizador/charmie_ws/install/charmie_ps4_controller/share/charmie_ps4_controller
[3.640s] Invoked command in '/home/utilizador/charmie_ws/build/charmie_ps4_controller' returned '0': PYTHONPATH=/home/utilizador/charmie_ws/build/charmie_ps4_controller/prefix_override:/home/utilizador/charmie_ws/install/charmie_ps4_controller/lib/python3.8/site-packages:${PYTHONPATH} /usr/bin/python3 setup.py develop --editable --build-directory /home/utilizador/charmie_ws/build/charmie_ps4_controller/build --no-deps install_data
