[1.772s] Invoking command in '/home/utilizador/charmie_ws/src/charmie_ps4_controller': PYTHONPATH=/home/utilizador/charmie_ws/build/charmie_ps4_controller/prefix_override:/home/utilizador/charmie_ws/install/charmie_ps4_controller/lib/python3.8/site-packages:${PYTHONPATH} /usr/bin/python3 setup.py egg_info --egg-base ../../build/charmie_ps4_controller build --build-base /home/utilizador/charmie_ws/build/charmie_ps4_controller/build install --record /home/utilizador/charmie_ws/build/charmie_ps4_controller/install.log --install-scripts $base/lib/charmie_ps4_controller --single-version-externally-managed
[2.118s] running egg_info
[2.119s] creating ../../build/charmie_ps4_controller/charmie_ps4_controller.egg-info
[2.119s] writing ../../build/charmie_ps4_controller/charmie_ps4_controller.egg-info/PKG-INFO
[2.119s] writing dependency_links to ../../build/charmie_ps4_controller/charmie_ps4_controller.egg-info/dependency_links.txt
[2.119s] writing entry points to ../../build/charmie_ps4_controller/charmie_ps4_controller.egg-info/entry_points.txt
[2.120s] writing requirements to ../../build/charmie_ps4_controller/charmie_ps4_controller.egg-info/requires.txt
[2.120s] writing top-level names to ../../build/charmie_ps4_controller/charmie_ps4_controller.egg-info/top_level.txt
[2.121s] writing manifest file '../../build/charmie_ps4_controller/charmie_ps4_controller.egg-info/SOURCES.txt'
[2.158s] reading manifest file '../../build/charmie_ps4_controller/charmie_ps4_controller.egg-info/SOURCES.txt'
[2.159s] writing manifest file '../../build/charmie_ps4_controller/charmie_ps4_controller.egg-info/SOURCES.txt'
[2.159s] running build
[2.159s] running build_py
[2.159s] creating /home/utilizador/charmie_ws/build/charmie_ps4_controller/build
[2.159s] creating /home/utilizador/charmie_ws/build/charmie_ps4_controller/build/lib
[2.160s] creating /home/utilizador/charmie_ws/build/charmie_ps4_controller/build/lib/charmie_ps4_controller
[2.160s] copying charmie_ps4_controller/ps4_controller.py -> /home/utilizador/charmie_ws/build/charmie_ps4_controller/build/lib/charmie_ps4_controller
[2.160s] copying charmie_ps4_controller/__init__.py -> /home/utilizador/charmie_ws/build/charmie_ps4_controller/build/lib/charmie_ps4_controller
[2.160s] running install
[2.160s] running install_lib
[2.161s] creating /home/utilizador/charmie_ws/install/charmie_ps4_controller/lib/python3.8/site-packages/charmie_ps4_controller
[2.162s] copying /home/utilizador/charmie_ws/build/charmie_ps4_controller/build/lib/charmie_ps4_controller/ps4_controller.py -> /home/utilizador/charmie_ws/install/charmie_ps4_controller/lib/python3.8/site-packages/charmie_ps4_controller
[2.162s] copying /home/utilizador/charmie_ws/build/charmie_ps4_controller/build/lib/charmie_ps4_controller/__init__.py -> /home/utilizador/charmie_ws/install/charmie_ps4_controller/lib/python3.8/site-packages/charmie_ps4_controller
[2.162s] byte-compiling /home/utilizador/charmie_ws/install/charmie_ps4_controller/lib/python3.8/site-packages/charmie_ps4_controller/ps4_controller.py to ps4_controller.cpython-38.pyc
[2.165s] byte-compiling /home/utilizador/charmie_ws/install/charmie_ps4_controller/lib/python3.8/site-packages/charmie_ps4_controller/__init__.py to __init__.cpython-38.pyc
[2.166s] running install_data
[2.166s] creating /home/utilizador/charmie_ws/install/charmie_ps4_controller/share/ament_index
[2.166s] creating /home/utilizador/charmie_ws/install/charmie_ps4_controller/share/ament_index/resource_index
[2.166s] creating /home/utilizador/charmie_ws/install/charmie_ps4_controller/share/ament_index/resource_index/packages
[2.166s] copying resource/charmie_ps4_controller -> /home/utilizador/charmie_ws/install/charmie_ps4_controller/share/ament_index/resource_index/packages
[2.167s] copying package.xml -> /home/utilizador/charmie_ws/install/charmie_ps4_controller/share/charmie_ps4_controller
[2.167s] running install_egg_info
[2.168s] Copying ../../build/charmie_ps4_controller/charmie_ps4_controller.egg-info to /home/utilizador/charmie_ws/install/charmie_ps4_controller/lib/python3.8/site-packages/charmie_ps4_controller-0.0.0-py3.8.egg-info
[2.169s] running install_scripts
[2.187s] Installing ps4_controller script to /home/utilizador/charmie_ws/install/charmie_ps4_controller/lib/charmie_ps4_controller
[2.188s] writing list of installed files to '/home/utilizador/charmie_ws/build/charmie_ps4_controller/install.log'
[2.217s] Invoked command in '/home/utilizador/charmie_ws/src/charmie_ps4_controller' returned '0': PYTHONPATH=/home/utilizador/charmie_ws/build/charmie_ps4_controller/prefix_override:/home/utilizador/charmie_ws/install/charmie_ps4_controller/lib/python3.8/site-packages:${PYTHONPATH} /usr/bin/python3 setup.py egg_info --egg-base ../../build/charmie_ps4_controller build --build-base /home/utilizador/charmie_ws/build/charmie_ps4_controller/build install --record /home/utilizador/charmie_ws/build/charmie_ps4_controller/install.log --install-scripts $base/lib/charmie_ps4_controller --single-version-externally-managed
