[2.252s] Invoking command in '/home/utilizador/charmie_ws/build/charmie_stickler_for_the_rules': PYTHONPATH=/home/utilizador/charmie_ws/build/charmie_stickler_for_the_rules/prefix_override:/home/utilizador/charmie_ws/install/charmie_stickler_for_the_rules/lib/python3.8/site-packages:${PYTHONPATH} /usr/bin/python3 setup.py develop --editable --build-directory /home/utilizador/charmie_ws/build/charmie_stickler_for_the_rules/build --no-deps install_data
[2.987s] running develop
[3.360s] running egg_info
[3.360s] creating charmie_stickler_for_the_rules.egg-info
[3.360s] writing charmie_stickler_for_the_rules.egg-info/PKG-INFO
[3.361s] writing dependency_links to charmie_stickler_for_the_rules.egg-info/dependency_links.txt
[3.361s] writing entry points to charmie_stickler_for_the_rules.egg-info/entry_points.txt
[3.361s] writing requirements to charmie_stickler_for_the_rules.egg-info/requires.txt
[3.361s] writing top-level names to charmie_stickler_for_the_rules.egg-info/top_level.txt
[3.364s] writing manifest file 'charmie_stickler_for_the_rules.egg-info/SOURCES.txt'
[3.367s] reading manifest file 'charmie_stickler_for_the_rules.egg-info/SOURCES.txt'
[3.368s] writing manifest file 'charmie_stickler_for_the_rules.egg-info/SOURCES.txt'
[3.447s] running build_ext
[3.448s] Creating /home/utilizador/charmie_ws/install/charmie_stickler_for_the_rules/lib/python3.8/site-packages/charmie-stickler-for-the-rules.egg-link (link to .)
[3.450s] Installing stickler_for_the_rules script to /home/utilizador/charmie_ws/install/charmie_stickler_for_the_rules/lib/charmie_stickler_for_the_rules
[3.450s] 
[3.450s] Installed /home/utilizador/charmie_ws/build/charmie_stickler_for_the_rules
[3.451s] running install_data
[3.451s] creating /home/utilizador/charmie_ws/install/charmie_stickler_for_the_rules/share/ament_index
[3.451s] creating /home/utilizador/charmie_ws/install/charmie_stickler_for_the_rules/share/ament_index/resource_index
[3.451s] creating /home/utilizador/charmie_ws/install/charmie_stickler_for_the_rules/share/ament_index/resource_index/packages
[3.451s] copying resource/charmie_stickler_for_the_rules -> /home/utilizador/charmie_ws/install/charmie_stickler_for_the_rules/share/ament_index/resource_index/packages
[3.452s] copying package.xml -> /home/utilizador/charmie_ws/install/charmie_stickler_for_the_rules/share/charmie_stickler_for_the_rules
[3.526s] Invoked command in '/home/utilizador/charmie_ws/build/charmie_stickler_for_the_rules' returned '0': PYTHONPATH=/home/utilizador/charmie_ws/build/charmie_stickler_for_the_rules/prefix_override:/home/utilizador/charmie_ws/install/charmie_stickler_for_the_rules/lib/python3.8/site-packages:${PYTHONPATH} /usr/bin/python3 setup.py develop --editable --build-directory /home/utilizador/charmie_ws/build/charmie_stickler_for_the_rules/build --no-deps install_data
