[3.104s] Invoking command in '/home/utilizador/charmie_ws/build/charmie_ps4_controller': PYTHONPATH=/home/utilizador/charmie_ws/build/charmie_ps4_controller/prefix_override:/home/utilizador/charmie_ws/install/charmie_ps4_controller/lib/python3.8/site-packages:${PYTHONPATH} /usr/bin/python3 setup.py develop --uninstall --editable --build-directory /home/utilizador/charmie_ws/build/charmie_ps4_controller/build
[4.295s] running develop
[4.766s] Invoked command in '/home/utilizador/charmie_ws/build/charmie_ps4_controller' returned '0': PYTHONPATH=/home/utilizador/charmie_ws/build/charmie_ps4_controller/prefix_override:/home/utilizador/charmie_ws/install/charmie_ps4_controller/lib/python3.8/site-packages:${PYTHONPATH} /usr/bin/python3 setup.py develop --uninstall --editable --build-directory /home/utilizador/charmie_ws/build/charmie_ps4_controller/build
[4.771s] Invoking command in '/home/utilizador/charmie_ws/src/charmie_ps4_controller': PYTHONPATH=/home/utilizador/charmie_ws/build/charmie_ps4_controller/prefix_override:/home/utilizador/charmie_ws/install/charmie_ps4_controller/lib/python3.8/site-packages:${PYTHONPATH} /usr/bin/python3 setup.py egg_info --egg-base ../../build/charmie_ps4_controller build --build-base /home/utilizador/charmie_ws/build/charmie_ps4_controller/build install --record /home/utilizador/charmie_ws/build/charmie_ps4_controller/install.log --install-scripts $base/lib/charmie_ps4_controller --single-version-externally-managed
[5.660s] running egg_info
[5.660s] writing ../../build/charmie_ps4_controller/charmie_ps4_controller.egg-info/PKG-INFO
[5.661s] writing dependency_links to ../../build/charmie_ps4_controller/charmie_ps4_controller.egg-info/dependency_links.txt
[5.661s] writing entry points to ../../build/charmie_ps4_controller/charmie_ps4_controller.egg-info/entry_points.txt
[5.661s] writing requirements to ../../build/charmie_ps4_controller/charmie_ps4_controller.egg-info/requires.txt
[5.661s] writing top-level names to ../../build/charmie_ps4_controller/charmie_ps4_controller.egg-info/top_level.txt
[5.709s] reading manifest file '../../build/charmie_ps4_controller/charmie_ps4_controller.egg-info/SOURCES.txt'
[5.711s] writing manifest file '../../build/charmie_ps4_controller/charmie_ps4_controller.egg-info/SOURCES.txt'
[5.711s] running build
[5.712s] running build_py
[5.712s] running install
[5.713s] running install_lib
[5.715s] running install_data
[5.716s] running install_egg_info
[5.719s] removing '/home/utilizador/charmie_ws/install/charmie_ps4_controller/lib/python3.8/site-packages/charmie_ps4_controller-0.0.0-py3.8.egg-info' (and everything under it)
[5.719s] Copying ../../build/charmie_ps4_controller/charmie_ps4_controller.egg-info to /home/utilizador/charmie_ws/install/charmie_ps4_controller/lib/python3.8/site-packages/charmie_ps4_controller-0.0.0-py3.8.egg-info
[5.721s] running install_scripts
[5.754s] Installing ps4_controller script to /home/utilizador/charmie_ws/install/charmie_ps4_controller/lib/charmie_ps4_controller
[5.755s] writing list of installed files to '/home/utilizador/charmie_ws/build/charmie_ps4_controller/install.log'
[5.808s] Invoked command in '/home/utilizador/charmie_ws/src/charmie_ps4_controller' returned '0': PYTHONPATH=/home/utilizador/charmie_ws/build/charmie_ps4_controller/prefix_override:/home/utilizador/charmie_ws/install/charmie_ps4_controller/lib/python3.8/site-packages:${PYTHONPATH} /usr/bin/python3 setup.py egg_info --egg-base ../../build/charmie_ps4_controller build --build-base /home/utilizador/charmie_ws/build/charmie_ps4_controller/build install --record /home/utilizador/charmie_ws/build/charmie_ps4_controller/install.log --install-scripts $base/lib/charmie_ps4_controller --single-version-externally-managed
