running develop
running egg_info
creating charmie_lidar_hokuyo.egg-info
writing charmie_lidar_hokuyo.egg-info/PKG-INFO
writing dependency_links to charmie_lidar_hokuyo.egg-info/dependency_links.txt
writing entry points to charmie_lidar_hokuyo.egg-info/entry_points.txt
writing requirements to charmie_lidar_hokuyo.egg-info/requires.txt
writing top-level names to charmie_lidar_hokuyo.egg-info/top_level.txt
writing manifest file 'charmie_lidar_hokuyo.egg-info/SOURCES.txt'
reading manifest file 'charmie_lidar_hokuyo.egg-info/SOURCES.txt'
writing manifest file 'charmie_lidar_hokuyo.egg-info/SOURCES.txt'
running build_ext
Creating /home/utilizador/charmie_ws/install/charmie_lidar_hokuyo/lib/python3.8/site-packages/site.py
Creating /home/utilizador/charmie_ws/install/charmie_lidar_hokuyo/lib/python3.8/site-packages/charmie-lidar-hokuyo.egg-link (link to .)
Installing lidar_hokuyo script to /home/utilizador/charmie_ws/install/charmie_lidar_hokuyo/lib/charmie_lidar_hokuyo

Installed /home/utilizador/charmie_ws/build/charmie_lidar_hokuyo
running install_data
creating /home/utilizador/charmie_ws/install/charmie_lidar_hokuyo/share/ament_index
creating /home/utilizador/charmie_ws/install/charmie_lidar_hokuyo/share/ament_index/resource_index
creating /home/utilizador/charmie_ws/install/charmie_lidar_hokuyo/share/ament_index/resource_index/packages
copying resource/charmie_lidar_hokuyo -> /home/utilizador/charmie_ws/install/charmie_lidar_hokuyo/share/ament_index/resource_index/packages
copying package.xml -> /home/utilizador/charmie_ws/install/charmie_lidar_hokuyo/share/charmie_lidar_hokuyo
