[2.616s] Invoking command in '/home/utilizador/charmie_ws/build/charmie_face_shiningrgb': PYTHONPATH=/home/utilizador/charmie_ws/build/charmie_face_shiningrgb/prefix_override:/home/utilizador/charmie_ws/install/charmie_face_shiningrgb/lib/python3.8/site-packages:${PYTHONPATH} /usr/bin/python3 setup.py develop --uninstall --editable --build-directory /home/utilizador/charmie_ws/build/charmie_face_shiningrgb/build
[3.146s] running develop
[3.462s] Removing /home/utilizador/charmie_ws/install/charmie_face_shiningrgb/lib/python3.8/site-packages/charmie-face-shiningrgb.egg-link (link to .)
[3.680s] Invoked command in '/home/utilizador/charmie_ws/build/charmie_face_shiningrgb' returned '0': PYTHONPATH=/home/utilizador/charmie_ws/build/charmie_face_shiningrgb/prefix_override:/home/utilizador/charmie_ws/install/charmie_face_shiningrgb/lib/python3.8/site-packages:${PYTHONPATH} /usr/bin/python3 setup.py develop --uninstall --editable --build-directory /home/utilizador/charmie_ws/build/charmie_face_shiningrgb/build
[3.684s] Invoking command in '/home/utilizador/charmie_ws/src/charmie_face_shiningrgb': PYTHONPATH=/home/utilizador/charmie_ws/build/charmie_face_shiningrgb/prefix_override:/home/utilizador/charmie_ws/install/charmie_face_shiningrgb/lib/python3.8/site-packages:${PYTHONPATH} /usr/bin/python3 setup.py egg_info --egg-base ../../build/charmie_face_shiningrgb build --build-base /home/utilizador/charmie_ws/build/charmie_face_shiningrgb/build install --record /home/utilizador/charmie_ws/build/charmie_face_shiningrgb/install.log --install-scripts $base/lib/charmie_face_shiningrgb --single-version-externally-managed
[4.208s] running egg_info
[4.208s] writing ../../build/charmie_face_shiningrgb/charmie_face_shiningrgb.egg-info/PKG-INFO
[4.208s] writing dependency_links to ../../build/charmie_face_shiningrgb/charmie_face_shiningrgb.egg-info/dependency_links.txt
[4.209s] writing entry points to ../../build/charmie_face_shiningrgb/charmie_face_shiningrgb.egg-info/entry_points.txt
[4.209s] writing requirements to ../../build/charmie_face_shiningrgb/charmie_face_shiningrgb.egg-info/requires.txt
[4.209s] writing top-level names to ../../build/charmie_face_shiningrgb/charmie_face_shiningrgb.egg-info/top_level.txt
[4.209s] reading manifest file '../../build/charmie_face_shiningrgb/charmie_face_shiningrgb.egg-info/SOURCES.txt'
[4.209s] writing manifest file '../../build/charmie_face_shiningrgb/charmie_face_shiningrgb.egg-info/SOURCES.txt'
[4.209s] running build
[4.210s] running build_py
[4.210s] running install
[4.210s] running install_lib
[4.210s] creating /home/utilizador/charmie_ws/install/charmie_face_shiningrgb/lib/python3.8/site-packages/charmie_face_shiningrgb
[4.210s] copying /home/utilizador/charmie_ws/build/charmie_face_shiningrgb/build/lib/charmie_face_shiningrgb/face_shiningrgb.py -> /home/utilizador/charmie_ws/install/charmie_face_shiningrgb/lib/python3.8/site-packages/charmie_face_shiningrgb
[4.211s] copying /home/utilizador/charmie_ws/build/charmie_face_shiningrgb/build/lib/charmie_face_shiningrgb/__init__.py -> /home/utilizador/charmie_ws/install/charmie_face_shiningrgb/lib/python3.8/site-packages/charmie_face_shiningrgb
[4.211s] byte-compiling /home/utilizador/charmie_ws/install/charmie_face_shiningrgb/lib/python3.8/site-packages/charmie_face_shiningrgb/face_shiningrgb.py to face_shiningrgb.cpython-38.pyc
[4.211s] byte-compiling /home/utilizador/charmie_ws/install/charmie_face_shiningrgb/lib/python3.8/site-packages/charmie_face_shiningrgb/__init__.py to __init__.cpython-38.pyc
[4.211s] running install_data
[4.211s] running install_egg_info
[4.212s] Copying ../../build/charmie_face_shiningrgb/charmie_face_shiningrgb.egg-info to /home/utilizador/charmie_ws/install/charmie_face_shiningrgb/lib/python3.8/site-packages/charmie_face_shiningrgb-0.0.0-py3.8.egg-info
[4.213s] running install_scripts
[4.229s] Installing face_shiningrgb script to /home/utilizador/charmie_ws/install/charmie_face_shiningrgb/lib/charmie_face_shiningrgb
[4.230s] writing list of installed files to '/home/utilizador/charmie_ws/build/charmie_face_shiningrgb/install.log'
[4.313s] Invoked command in '/home/utilizador/charmie_ws/src/charmie_face_shiningrgb' returned '0': PYTHONPATH=/home/utilizador/charmie_ws/build/charmie_face_shiningrgb/prefix_override:/home/utilizador/charmie_ws/install/charmie_face_shiningrgb/lib/python3.8/site-packages:${PYTHONPATH} /usr/bin/python3 setup.py egg_info --egg-base ../../build/charmie_face_shiningrgb build --build-base /home/utilizador/charmie_ws/build/charmie_face_shiningrgb/build install --record /home/utilizador/charmie_ws/build/charmie_face_shiningrgb/install.log --install-scripts $base/lib/charmie_face_shiningrgb --single-version-externally-managed
