[7.222s] Invoking command in '/home/utilizador/charmie_ws/build/charmie_localisation': AMENT_PREFIX_PATH=/home/utilizador/charmie_ws/install/charmie_interfaces:${AMENT_PREFIX_PATH} CMAKE_PREFIX_PATH=/home/utilizador/charmie_ws/install/charmie_interfaces LD_LIBRARY_PATH=/home/utilizador/charmie_ws/install/charmie_interfaces/lib:${LD_LIBRARY_PATH} PYTHONPATH=/home/utilizador/charmie_ws/build/charmie_localisation/prefix_override:/home/utilizador/charmie_ws/install/charmie_localisation/lib/python3.8/site-packages:/home/utilizador/charmie_ws/install/charmie_interfaces/lib/python3.8/site-packages:${PYTHONPATH} /usr/bin/python3 setup.py develop --editable --build-directory /home/utilizador/charmie_ws/build/charmie_localisation/build --no-deps install_data
[8.397s] running develop
[8.767s] running egg_info
[8.767s] creating charmie_localisation.egg-info
[8.767s] writing charmie_localisation.egg-info/PKG-INFO
[8.768s] writing dependency_links to charmie_localisation.egg-info/dependency_links.txt
[8.768s] writing entry points to charmie_localisation.egg-info/entry_points.txt
[8.768s] writing requirements to charmie_localisation.egg-info/requires.txt
[8.769s] writing top-level names to charmie_localisation.egg-info/top_level.txt
[8.771s] writing manifest file 'charmie_localisation.egg-info/SOURCES.txt'
[8.773s] reading manifest file 'charmie_localisation.egg-info/SOURCES.txt'
[8.774s] writing manifest file 'charmie_localisation.egg-info/SOURCES.txt'
[8.931s] running build_ext
[8.940s] Creating /home/utilizador/charmie_ws/install/charmie_localisation/lib/python3.8/site-packages/charmie-localisation.egg-link (link to .)
[8.942s] Installing localisation script to /home/utilizador/charmie_ws/install/charmie_localisation/lib/charmie_localisation
[8.942s] 
[8.943s] Installed /home/utilizador/charmie_ws/build/charmie_localisation
[8.943s] running install_data
[8.943s] creating /home/utilizador/charmie_ws/install/charmie_localisation/share/ament_index
[8.943s] creating /home/utilizador/charmie_ws/install/charmie_localisation/share/ament_index/resource_index
[8.943s] creating /home/utilizador/charmie_ws/install/charmie_localisation/share/ament_index/resource_index/packages
[8.944s] copying resource/charmie_localisation -> /home/utilizador/charmie_ws/install/charmie_localisation/share/ament_index/resource_index/packages
[8.944s] copying package.xml -> /home/utilizador/charmie_ws/install/charmie_localisation/share/charmie_localisation
[9.021s] Invoked command in '/home/utilizador/charmie_ws/build/charmie_localisation' returned '0': AMENT_PREFIX_PATH=/home/utilizador/charmie_ws/install/charmie_interfaces:${AMENT_PREFIX_PATH} CMAKE_PREFIX_PATH=/home/utilizador/charmie_ws/install/charmie_interfaces LD_LIBRARY_PATH=/home/utilizador/charmie_ws/install/charmie_interfaces/lib:${LD_LIBRARY_PATH} PYTHONPATH=/home/utilizador/charmie_ws/build/charmie_localisation/prefix_override:/home/utilizador/charmie_ws/install/charmie_localisation/lib/python3.8/site-packages:/home/utilizador/charmie_ws/install/charmie_interfaces/lib/python3.8/site-packages:${PYTHONPATH} /usr/bin/python3 setup.py develop --editable --build-directory /home/utilizador/charmie_ws/build/charmie_localisation/build --no-deps install_data
