[1.612s] Invoking command in '/home/utilizador/charmie_ws/src/charmie_speakers': PYTHONPATH=/home/utilizador/charmie_ws/build/charmie_speakers/prefix_override:/home/utilizador/charmie_ws/install/charmie_speakers/lib/python3.8/site-packages:/home/utilizador/charmie_ws/install/charmie_interfaces/lib/python3.8/site-packages:/home/utilizador/charmie_ws/install/test2/lib/python3.8/site-packages:/home/utilizador/charmie_ws/install/my_robot_controller/lib/python3.8/site-packages:/home/utilizador/charmie_ws/install/charmie_speakers/lib/python3.8/site-packages:/home/utilizador/charmie_ws/install/charmie_ps4_controller/lib/python3.8/site-packages:/home/utilizador/charmie_ws/install/charmie_neck_dynamixel/lib/python3.8/site-packages:/home/utilizador/charmie_ws/install/charmie_low_level/lib/python3.8/site-packages:/home/utilizador/charmie_ws/install/charmie_lidar_hokuyo/lib/python3.8/site-packages:/home/utilizador/charmie_ws/install/charmie_debug/lib/python3.8/site-packages:/home/utilizador/charmie_ws/install/charmie_camera_realsense/lib/python3.8/site-packages:/home/utilizador/charmie_ws/install/charmie_audio/lib/python3.8/site-packages:/opt/ros/foxy/lib/python3.8/site-packages /usr/bin/python3 setup.py egg_info --egg-base ../../build/charmie_speakers build --build-base /home/utilizador/charmie_ws/build/charmie_speakers/build install --record /home/utilizador/charmie_ws/build/charmie_speakers/install.log --install-scripts $base/lib/charmie_speakers --single-version-externally-managed
[1.852s] running egg_info
[1.853s] writing ../../build/charmie_speakers/charmie_speakers.egg-info/PKG-INFO
[1.853s] writing dependency_links to ../../build/charmie_speakers/charmie_speakers.egg-info/dependency_links.txt
[1.853s] writing entry points to ../../build/charmie_speakers/charmie_speakers.egg-info/entry_points.txt
[1.853s] writing requirements to ../../build/charmie_speakers/charmie_speakers.egg-info/requires.txt
[1.854s] writing top-level names to ../../build/charmie_speakers/charmie_speakers.egg-info/top_level.txt
[1.890s] reading manifest file '../../build/charmie_speakers/charmie_speakers.egg-info/SOURCES.txt'
[1.891s] writing manifest file '../../build/charmie_speakers/charmie_speakers.egg-info/SOURCES.txt'
[1.891s] running build
[1.892s] running build_py
[1.892s] running install
[1.893s] running install_lib
[1.894s] running install_data
[1.895s] running install_egg_info
[1.896s] removing '/home/utilizador/charmie_ws/install/charmie_speakers/lib/python3.8/site-packages/charmie_speakers-0.0.0-py3.8.egg-info' (and everything under it)
[1.897s] Copying ../../build/charmie_speakers/charmie_speakers.egg-info to /home/utilizador/charmie_ws/install/charmie_speakers/lib/python3.8/site-packages/charmie_speakers-0.0.0-py3.8.egg-info
[1.898s] running install_scripts
[1.917s] Installing speakers script to /home/utilizador/charmie_ws/install/charmie_speakers/lib/charmie_speakers
[1.917s] writing list of installed files to '/home/utilizador/charmie_ws/build/charmie_speakers/install.log'
[1.950s] Invoked command in '/home/utilizador/charmie_ws/src/charmie_speakers' returned '0': PYTHONPATH=/home/utilizador/charmie_ws/build/charmie_speakers/prefix_override:/home/utilizador/charmie_ws/install/charmie_speakers/lib/python3.8/site-packages:/home/utilizador/charmie_ws/install/charmie_interfaces/lib/python3.8/site-packages:/home/utilizador/charmie_ws/install/test2/lib/python3.8/site-packages:/home/utilizador/charmie_ws/install/my_robot_controller/lib/python3.8/site-packages:/home/utilizador/charmie_ws/install/charmie_speakers/lib/python3.8/site-packages:/home/utilizador/charmie_ws/install/charmie_ps4_controller/lib/python3.8/site-packages:/home/utilizador/charmie_ws/install/charmie_neck_dynamixel/lib/python3.8/site-packages:/home/utilizador/charmie_ws/install/charmie_low_level/lib/python3.8/site-packages:/home/utilizador/charmie_ws/install/charmie_lidar_hokuyo/lib/python3.8/site-packages:/home/utilizador/charmie_ws/install/charmie_debug/lib/python3.8/site-packages:/home/utilizador/charmie_ws/install/charmie_camera_realsense/lib/python3.8/site-packages:/home/utilizador/charmie_ws/install/charmie_audio/lib/python3.8/site-packages:/opt/ros/foxy/lib/python3.8/site-packages /usr/bin/python3 setup.py egg_info --egg-base ../../build/charmie_speakers build --build-base /home/utilizador/charmie_ws/build/charmie_speakers/build install --record /home/utilizador/charmie_ws/build/charmie_speakers/install.log --install-scripts $base/lib/charmie_speakers --single-version-externally-managed
