[0.094s] Invoking command in '/home/utilizador/charmie_ws/build/realsense2_camera_msgs': CMAKE_PREFIX_PATH=/opt/ros/foxy /home/utilizador/.local/bin/cmake --build /home/utilizador/charmie_ws/build/realsense2_camera_msgs -- -j8 -l8
[1.683s] [  1%] Built target realsense2_camera_msgs__cpp
[1.685s] [ 12%] Built target realsense2_camera_msgs__rosidl_generator_c
[1.685s] [ 23%] Built target realsense2_camera_msgs__rosidl_typesupport_cpp
[1.686s] [ 34%] Built target realsense2_camera_msgs__rosidl_typesupport_fastrtps_cpp
[1.686s] [ 45%] Built target realsense2_camera_msgs__rosidl_typesupport_introspection_c
[1.686s] [ 56%] Built target realsense2_camera_msgs__rosidl_typesupport_c
[1.687s] [ 67%] Built target realsense2_camera_msgs__rosidl_typesupport_introspection_cpp
[1.689s] [ 78%] Built target realsense2_camera_msgs__rosidl_typesupport_fastrtps_c
[1.690s] [ 78%] Built target realsense2_camera_msgs
[1.690s] [ 80%] Built target realsense2_camera_msgs__py
[1.690s] [ 89%] Built target realsense2_camera_msgs__python
[1.691s] [ 96%] Built target realsense2_camera_msgs__rosidl_typesupport_introspection_c__pyext
[1.693s] [ 96%] Built target realsense2_camera_msgs__rosidl_typesupport_fastrtps_c__pyext
[1.694s] [100%] Built target realsense2_camera_msgs__rosidl_typesupport_c__pyext
[1.696s] Invoked command in '/home/utilizador/charmie_ws/build/realsense2_camera_msgs' returned '0': CMAKE_PREFIX_PATH=/opt/ros/foxy /home/utilizador/.local/bin/cmake --build /home/utilizador/charmie_ws/build/realsense2_camera_msgs -- -j8 -l8
[2.027s] Invoking command in '/home/utilizador/charmie_ws/build/realsense2_camera_msgs': CMAKE_PREFIX_PATH=/opt/ros/foxy /home/utilizador/.local/bin/cmake --install /home/utilizador/charmie_ws/build/realsense2_camera_msgs
[2.119s] -- Install configuration: ""
[2.120s] -- Execute custom install script
[2.121s] -- Up-to-date symlink: /home/utilizador/charmie_ws/install/realsense2_camera_msgs/share/ament_index/resource_index/rosidl_interfaces/realsense2_camera_msgs
[2.122s] -- Up-to-date symlink: /home/utilizador/charmie_ws/install/realsense2_camera_msgs/include/realsense2_camera_msgs/msg/detail/extrinsics__functions.h
[2.122s] -- Up-to-date symlink: /home/utilizador/charmie_ws/install/realsense2_camera_msgs/include/realsense2_camera_msgs/msg/detail/extrinsics__struct.h
[2.122s] -- Up-to-date symlink: /home/utilizador/charmie_ws/install/realsense2_camera_msgs/include/realsense2_camera_msgs/msg/detail/extrinsics__type_support.h
[2.123s] -- Up-to-date symlink: /home/utilizador/charmie_ws/install/realsense2_camera_msgs/include/realsense2_camera_msgs/msg/detail/imu_info__functions.h
[2.123s] -- Up-to-date symlink: /home/utilizador/charmie_ws/install/realsense2_camera_msgs/include/realsense2_camera_msgs/msg/detail/imu_info__struct.h
[2.123s] -- Up-to-date symlink: /home/utilizador/charmie_ws/install/realsense2_camera_msgs/include/realsense2_camera_msgs/msg/detail/imu_info__type_support.h
[2.123s] -- Up-to-date symlink: /home/utilizador/charmie_ws/install/realsense2_camera_msgs/include/realsense2_camera_msgs/msg/detail/metadata__functions.h
[2.124s] -- Up-to-date symlink: /home/utilizador/charmie_ws/install/realsense2_camera_msgs/include/realsense2_camera_msgs/msg/detail/metadata__struct.h
[2.124s] -- Up-to-date symlink: /home/utilizador/charmie_ws/install/realsense2_camera_msgs/include/realsense2_camera_msgs/msg/detail/metadata__type_support.h
[2.124s] -- Up-to-date symlink: /home/utilizador/charmie_ws/install/realsense2_camera_msgs/include/realsense2_camera_msgs/msg/extrinsics.h
[2.124s] -- Up-to-date symlink: /home/utilizador/charmie_ws/install/realsense2_camera_msgs/include/realsense2_camera_msgs/msg/imu_info.h
[2.125s] -- Up-to-date symlink: /home/utilizador/charmie_ws/install/realsense2_camera_msgs/include/realsense2_camera_msgs/msg/metadata.h
[2.126s] -- Up-to-date symlink: /home/utilizador/charmie_ws/install/realsense2_camera_msgs/include/realsense2_camera_msgs/msg/rosidl_generator_c__visibility_control.h
[2.126s] -- Up-to-date symlink: /home/utilizador/charmie_ws/install/realsense2_camera_msgs/include/realsense2_camera_msgs/srv/detail/device_info__functions.h
[2.126s] -- Up-to-date symlink: /home/utilizador/charmie_ws/install/realsense2_camera_msgs/include/realsense2_camera_msgs/srv/detail/device_info__struct.h
[2.126s] -- Up-to-date symlink: /home/utilizador/charmie_ws/install/realsense2_camera_msgs/include/realsense2_camera_msgs/srv/detail/device_info__type_support.h
[2.127s] -- Up-to-date symlink: /home/utilizador/charmie_ws/install/realsense2_camera_msgs/include/realsense2_camera_msgs/srv/device_info.h
[2.127s] -- Up-to-date symlink: /home/utilizador/charmie_ws/install/realsense2_camera_msgs/share/realsense2_camera_msgs/environment/library_path.sh
[2.127s] -- Up-to-date symlink: /home/utilizador/charmie_ws/install/realsense2_camera_msgs/share/realsense2_camera_msgs/environment/library_path.dsv
[2.129s] -- Up-to-date symlink: /home/utilizador/charmie_ws/install/realsense2_camera_msgs/include/realsense2_camera_msgs/msg/detail/extrinsics__rosidl_typesupport_fastrtps_c.h
[2.129s] -- Up-to-date symlink: /home/utilizador/charmie_ws/install/realsense2_camera_msgs/include/realsense2_camera_msgs/msg/detail/imu_info__rosidl_typesupport_fastrtps_c.h
[2.130s] -- Up-to-date symlink: /home/utilizador/charmie_ws/install/realsense2_camera_msgs/include/realsense2_camera_msgs/msg/detail/metadata__rosidl_typesupport_fastrtps_c.h
[2.131s] -- Up-to-date symlink: /home/utilizador/charmie_ws/install/realsense2_camera_msgs/include/realsense2_camera_msgs/msg/rosidl_typesupport_fastrtps_c__visibility_control.h
[2.132s] -- Up-to-date symlink: /home/utilizador/charmie_ws/install/realsense2_camera_msgs/include/realsense2_camera_msgs/srv/detail/device_info__rosidl_typesupport_fastrtps_c.h
[2.146s] -- Up-to-date symlink: /home/utilizador/charmie_ws/install/realsense2_camera_msgs/lib/librealsense2_camera_msgs__rosidl_typesupport_fastrtps_c.so
[2.146s] -- Up-to-date symlink: /home/utilizador/charmie_ws/install/realsense2_camera_msgs/include/realsense2_camera_msgs/msg/detail/extrinsics__rosidl_typesupport_fastrtps_cpp.hpp
[2.147s] -- Up-to-date symlink: /home/utilizador/charmie_ws/install/realsense2_camera_msgs/include/realsense2_camera_msgs/msg/detail/imu_info__rosidl_typesupport_fastrtps_cpp.hpp
[2.153s] -- Up-to-date symlink: /home/utilizador/charmie_ws/install/realsense2_camera_msgs/include/realsense2_camera_msgs/msg/detail/metadata__rosidl_typesupport_fastrtps_cpp.hpp
[2.154s] -- Up-to-date symlink: /home/utilizador/charmie_ws/install/realsense2_camera_msgs/include/realsense2_camera_msgs/msg/rosidl_typesupport_fastrtps_cpp__visibility_control.h
[2.155s] -- Up-to-date symlink: /home/utilizador/charmie_ws/install/realsense2_camera_msgs/include/realsense2_camera_msgs/srv/detail/device_info__rosidl_typesupport_fastrtps_cpp.hpp
[2.155s] -- Up-to-date symlink: /home/utilizador/charmie_ws/install/realsense2_camera_msgs/lib/librealsense2_camera_msgs__rosidl_typesupport_fastrtps_cpp.so
[2.156s] -- Up-to-date symlink: /home/utilizador/charmie_ws/install/realsense2_camera_msgs/include/realsense2_camera_msgs/msg/detail/extrinsics__rosidl_typesupport_introspection_c.h
[2.162s] -- Up-to-date symlink: /home/utilizador/charmie_ws/install/realsense2_camera_msgs/include/realsense2_camera_msgs/msg/detail/imu_info__rosidl_typesupport_introspection_c.h
[2.162s] -- Up-to-date symlink: /home/utilizador/charmie_ws/install/realsense2_camera_msgs/include/realsense2_camera_msgs/msg/detail/metadata__rosidl_typesupport_introspection_c.h
[2.162s] -- Up-to-date symlink: /home/utilizador/charmie_ws/install/realsense2_camera_msgs/include/realsense2_camera_msgs/msg/rosidl_typesupport_introspection_c__visibility_control.h
[2.163s] -- Up-to-date symlink: /home/utilizador/charmie_ws/install/realsense2_camera_msgs/include/realsense2_camera_msgs/srv/detail/device_info__rosidl_typesupport_introspection_c.h
[2.172s] -- Up-to-date symlink: /home/utilizador/charmie_ws/install/realsense2_camera_msgs/include/realsense2_camera_msgs/msg/detail/extrinsics__builder.hpp
[2.173s] -- Up-to-date symlink: /home/utilizador/charmie_ws/install/realsense2_camera_msgs/include/realsense2_camera_msgs/msg/detail/extrinsics__struct.hpp
[2.173s] -- Up-to-date symlink: /home/utilizador/charmie_ws/install/realsense2_camera_msgs/include/realsense2_camera_msgs/msg/detail/extrinsics__traits.hpp
[2.174s] -- Up-to-date symlink: /home/utilizador/charmie_ws/install/realsense2_camera_msgs/include/realsense2_camera_msgs/msg/detail/extrinsics__type_support.hpp
[2.175s] -- Up-to-date symlink: /home/utilizador/charmie_ws/install/realsense2_camera_msgs/include/realsense2_camera_msgs/msg/detail/imu_info__builder.hpp
[2.177s] -- Up-to-date symlink: /home/utilizador/charmie_ws/install/realsense2_camera_msgs/include/realsense2_camera_msgs/msg/detail/imu_info__struct.hpp
[2.178s] -- Up-to-date symlink: /home/utilizador/charmie_ws/install/realsense2_camera_msgs/include/realsense2_camera_msgs/msg/detail/imu_info__traits.hpp
[2.178s] -- Up-to-date symlink: /home/utilizador/charmie_ws/install/realsense2_camera_msgs/include/realsense2_camera_msgs/msg/detail/imu_info__type_support.hpp
[2.178s] -- Up-to-date symlink: /home/utilizador/charmie_ws/install/realsense2_camera_msgs/include/realsense2_camera_msgs/msg/detail/metadata__builder.hpp
[2.178s] -- Up-to-date symlink: /home/utilizador/charmie_ws/install/realsense2_camera_msgs/include/realsense2_camera_msgs/msg/detail/metadata__struct.hpp
[2.178s] -- Up-to-date symlink: /home/utilizador/charmie_ws/install/realsense2_camera_msgs/include/realsense2_camera_msgs/msg/detail/metadata__traits.hpp
[2.180s] -- Up-to-date symlink: /home/utilizador/charmie_ws/install/realsense2_camera_msgs/include/realsense2_camera_msgs/msg/detail/metadata__type_support.hpp
[2.180s] -- Up-to-date symlink: /home/utilizador/charmie_ws/install/realsense2_camera_msgs/include/realsense2_camera_msgs/msg/extrinsics.hpp
[2.180s] -- Up-to-date symlink: /home/utilizador/charmie_ws/install/realsense2_camera_msgs/include/realsense2_camera_msgs/msg/imu_info.hpp
[2.180s] -- Up-to-date symlink: /home/utilizador/charmie_ws/install/realsense2_camera_msgs/include/realsense2_camera_msgs/msg/metadata.hpp
[2.180s] -- Up-to-date symlink: /home/utilizador/charmie_ws/install/realsense2_camera_msgs/include/realsense2_camera_msgs/msg/rosidl_generator_cpp__visibility_control.hpp
[2.180s] -- Up-to-date symlink: /home/utilizador/charmie_ws/install/realsense2_camera_msgs/include/realsense2_camera_msgs/srv/detail/device_info__builder.hpp
[2.181s] -- Up-to-date symlink: /home/utilizador/charmie_ws/install/realsense2_camera_msgs/include/realsense2_camera_msgs/srv/detail/device_info__struct.hpp
[2.182s] -- Up-to-date symlink: /home/utilizador/charmie_ws/install/realsense2_camera_msgs/include/realsense2_camera_msgs/srv/detail/device_info__traits.hpp
[2.182s] -- Up-to-date symlink: /home/utilizador/charmie_ws/install/realsense2_camera_msgs/include/realsense2_camera_msgs/srv/detail/device_info__type_support.hpp
[2.182s] -- Up-to-date symlink: /home/utilizador/charmie_ws/install/realsense2_camera_msgs/include/realsense2_camera_msgs/srv/device_info.hpp
[2.182s] -- Up-to-date symlink: /home/utilizador/charmie_ws/install/realsense2_camera_msgs/include/realsense2_camera_msgs/msg/detail/extrinsics__rosidl_typesupport_introspection_cpp.hpp
[2.182s] -- Up-to-date symlink: /home/utilizador/charmie_ws/install/realsense2_camera_msgs/include/realsense2_camera_msgs/msg/detail/imu_info__rosidl_typesupport_introspection_cpp.hpp
[2.183s] -- Up-to-date symlink: /home/utilizador/charmie_ws/install/realsense2_camera_msgs/include/realsense2_camera_msgs/msg/detail/metadata__rosidl_typesupport_introspection_cpp.hpp
[2.183s] -- Up-to-date symlink: /home/utilizador/charmie_ws/install/realsense2_camera_msgs/include/realsense2_camera_msgs/srv/detail/device_info__rosidl_typesupport_introspection_cpp.hpp
[2.183s] -- Up-to-date symlink: /home/utilizador/charmie_ws/install/realsense2_camera_msgs/share/realsense2_camera_msgs/environment/pythonpath.sh
[2.183s] -- Up-to-date symlink: /home/utilizador/charmie_ws/install/realsense2_camera_msgs/share/realsense2_camera_msgs/environment/pythonpath.dsv
[2.187s] -- Up-to-date symlink: /home/utilizador/charmie_ws/install/realsense2_camera_msgs/lib/python3.8/site-packages/realsense2_camera_msgs/__init__.py
[2.188s] -- Up-to-date symlink: /home/utilizador/charmie_ws/install/realsense2_camera_msgs/lib/python3.8/site-packages/realsense2_camera_msgs/msg/__init__.py
[2.189s] -- Up-to-date symlink: /home/utilizador/charmie_ws/install/realsense2_camera_msgs/lib/python3.8/site-packages/realsense2_camera_msgs/msg/_extrinsics.py
[2.190s] -- Up-to-date symlink: /home/utilizador/charmie_ws/install/realsense2_camera_msgs/lib/python3.8/site-packages/realsense2_camera_msgs/msg/_imu_info.py
[2.190s] -- Up-to-date symlink: /home/utilizador/charmie_ws/install/realsense2_camera_msgs/lib/python3.8/site-packages/realsense2_camera_msgs/msg/_metadata.py
[2.193s] -- Up-to-date symlink: /home/utilizador/charmie_ws/install/realsense2_camera_msgs/lib/python3.8/site-packages/realsense2_camera_msgs/srv/__init__.py
[2.194s] -- Up-to-date symlink: /home/utilizador/charmie_ws/install/realsense2_camera_msgs/lib/python3.8/site-packages/realsense2_camera_msgs/srv/_device_info.py
[2.195s] -- Up-to-date symlink: /home/utilizador/charmie_ws/install/realsense2_camera_msgs/lib/python3.8/site-packages/realsense2_camera_msgs/realsense2_camera_msgs_s__rosidl_typesupport_fastrtps_c.cpython-38-x86_64-linux-gnu.so
[2.197s] -- Up-to-date symlink: /home/utilizador/charmie_ws/install/realsense2_camera_msgs/lib/python3.8/site-packages/realsense2_camera_msgs/realsense2_camera_msgs_s__rosidl_typesupport_introspection_c.cpython-38-x86_64-linux-gnu.so
[2.197s] -- Up-to-date symlink: /home/utilizador/charmie_ws/install/realsense2_camera_msgs/lib/python3.8/site-packages/realsense2_camera_msgs/realsense2_camera_msgs_s__rosidl_typesupport_c.cpython-38-x86_64-linux-gnu.so
[2.198s] -- Up-to-date symlink: /home/utilizador/charmie_ws/install/realsense2_camera_msgs/lib/librealsense2_camera_msgs__python.so
[2.203s] -- Up-to-date symlink: /home/utilizador/charmie_ws/install/realsense2_camera_msgs/share/realsense2_camera_msgs/msg/IMUInfo.idl
[2.209s] -- Up-to-date symlink: /home/utilizador/charmie_ws/install/realsense2_camera_msgs/share/realsense2_camera_msgs/msg/Extrinsics.idl
[2.210s] -- Up-to-date symlink: /home/utilizador/charmie_ws/install/realsense2_camera_msgs/share/realsense2_camera_msgs/msg/Metadata.idl
[2.211s] -- Up-to-date symlink: /home/utilizador/charmie_ws/install/realsense2_camera_msgs/share/realsense2_camera_msgs/srv/DeviceInfo.idl
[2.212s] -- Up-to-date symlink: /home/utilizador/charmie_ws/install/realsense2_camera_msgs/share/realsense2_camera_msgs/msg/IMUInfo.msg
[2.219s] -- Up-to-date symlink: /home/utilizador/charmie_ws/install/realsense2_camera_msgs/share/realsense2_camera_msgs/msg/Extrinsics.msg
[2.219s] -- Up-to-date symlink: /home/utilizador/charmie_ws/install/realsense2_camera_msgs/share/realsense2_camera_msgs/msg/Metadata.msg
[2.220s] -- Up-to-date symlink: /home/utilizador/charmie_ws/install/realsense2_camera_msgs/share/realsense2_camera_msgs/srv/DeviceInfo.srv
[2.220s] -- Up-to-date symlink: /home/utilizador/charmie_ws/install/realsense2_camera_msgs/share/realsense2_camera_msgs/srv/DeviceInfo_Request.msg
[2.222s] -- Up-to-date symlink: /home/utilizador/charmie_ws/install/realsense2_camera_msgs/share/realsense2_camera_msgs/srv/DeviceInfo_Response.msg
[2.223s] -- Up-to-date symlink: /home/utilizador/charmie_ws/install/realsense2_camera_msgs/share/ament_index/resource_index/package_run_dependencies/realsense2_camera_msgs
[2.223s] -- Up-to-date symlink: /home/utilizador/charmie_ws/install/realsense2_camera_msgs/share/ament_index/resource_index/parent_prefix_path/realsense2_camera_msgs
[2.225s] -- Up-to-date symlink: /home/utilizador/charmie_ws/install/realsense2_camera_msgs/share/realsense2_camera_msgs/environment/ament_prefix_path.sh
[2.225s] -- Up-to-date symlink: /home/utilizador/charmie_ws/install/realsense2_camera_msgs/share/realsense2_camera_msgs/environment/ament_prefix_path.dsv
[2.226s] -- Up-to-date symlink: /home/utilizador/charmie_ws/install/realsense2_camera_msgs/share/realsense2_camera_msgs/environment/path.sh
[2.227s] -- Up-to-date symlink: /home/utilizador/charmie_ws/install/realsense2_camera_msgs/share/realsense2_camera_msgs/environment/path.dsv
[2.231s] -- Up-to-date symlink: /home/utilizador/charmie_ws/install/realsense2_camera_msgs/share/realsense2_camera_msgs/local_setup.bash
[2.232s] -- Up-to-date symlink: /home/utilizador/charmie_ws/install/realsense2_camera_msgs/share/realsense2_camera_msgs/local_setup.sh
[2.233s] -- Up-to-date symlink: /home/utilizador/charmie_ws/install/realsense2_camera_msgs/share/realsense2_camera_msgs/local_setup.zsh
[2.233s] -- Up-to-date symlink: /home/utilizador/charmie_ws/install/realsense2_camera_msgs/share/realsense2_camera_msgs/local_setup.dsv
[2.234s] -- Symlinking: /home/utilizador/charmie_ws/install/realsense2_camera_msgs/share/realsense2_camera_msgs/package.dsv
[2.238s] -- Up-to-date symlink: /home/utilizador/charmie_ws/install/realsense2_camera_msgs/share/ament_index/resource_index/packages/realsense2_camera_msgs
[2.242s] -- Up-to-date symlink: /home/utilizador/charmie_ws/install/realsense2_camera_msgs/share/realsense2_camera_msgs/cmake/rosidl_cmake-extras.cmake
[2.246s] -- Up-to-date symlink: /home/utilizador/charmie_ws/install/realsense2_camera_msgs/share/realsense2_camera_msgs/cmake/ament_cmake_export_dependencies-extras.cmake
[2.258s] -- Up-to-date symlink: /home/utilizador/charmie_ws/install/realsense2_camera_msgs/share/realsense2_camera_msgs/cmake/ament_cmake_export_libraries-extras.cmake
[2.260s] -- Up-to-date symlink: /home/utilizador/charmie_ws/install/realsense2_camera_msgs/share/realsense2_camera_msgs/cmake/ament_cmake_export_targets-extras.cmake
[2.279s] -- Up-to-date symlink: /home/utilizador/charmie_ws/install/realsense2_camera_msgs/share/realsense2_camera_msgs/cmake/ament_cmake_export_include_directories-extras.cmake
[2.281s] -- Up-to-date symlink: /home/utilizador/charmie_ws/install/realsense2_camera_msgs/share/realsense2_camera_msgs/cmake/rosidl_cmake_export_typesupport_libraries-extras.cmake
[2.284s] -- Up-to-date symlink: /home/utilizador/charmie_ws/install/realsense2_camera_msgs/share/realsense2_camera_msgs/cmake/rosidl_cmake_export_typesupport_targets-extras.cmake
[2.287s] -- Up-to-date symlink: /home/utilizador/charmie_ws/install/realsense2_camera_msgs/share/realsense2_camera_msgs/cmake/realsense2_camera_msgsConfig.cmake
[2.290s] -- Up-to-date symlink: /home/utilizador/charmie_ws/install/realsense2_camera_msgs/share/realsense2_camera_msgs/cmake/realsense2_camera_msgsConfig-version.cmake
[2.293s] -- Up-to-date symlink: /home/utilizador/charmie_ws/install/realsense2_camera_msgs/share/realsense2_camera_msgs/package.xml
[2.294s] -- Up-to-date: /home/utilizador/charmie_ws/install/realsense2_camera_msgs/lib/librealsense2_camera_msgs__rosidl_generator_c.so
[2.295s] -- Up-to-date: /home/utilizador/charmie_ws/install/realsense2_camera_msgs/lib/librealsense2_camera_msgs__rosidl_typesupport_introspection_c.so
[2.296s] -- Up-to-date: /home/utilizador/charmie_ws/install/realsense2_camera_msgs/lib/librealsense2_camera_msgs__rosidl_typesupport_c.so
[2.297s] -- Up-to-date: /home/utilizador/charmie_ws/install/realsense2_camera_msgs/lib/librealsense2_camera_msgs__rosidl_typesupport_introspection_cpp.so
[2.298s] -- Up-to-date: /home/utilizador/charmie_ws/install/realsense2_camera_msgs/lib/librealsense2_camera_msgs__rosidl_typesupport_cpp.so
[2.421s] -- Up-to-date: /home/utilizador/charmie_ws/install/realsense2_camera_msgs/share/realsense2_camera_msgs/cmake/realsense2_camera_msgs__rosidl_generator_cExport.cmake
[2.421s] -- Up-to-date: /home/utilizador/charmie_ws/install/realsense2_camera_msgs/share/realsense2_camera_msgs/cmake/realsense2_camera_msgs__rosidl_generator_cExport-noconfig.cmake
[2.422s] -- Up-to-date: /home/utilizador/charmie_ws/install/realsense2_camera_msgs/share/realsense2_camera_msgs/cmake/realsense2_camera_msgs__rosidl_typesupport_introspection_cExport.cmake
[2.423s] -- Up-to-date: /home/utilizador/charmie_ws/install/realsense2_camera_msgs/share/realsense2_camera_msgs/cmake/realsense2_camera_msgs__rosidl_typesupport_introspection_cExport-noconfig.cmake
[2.423s] -- Up-to-date: /home/utilizador/charmie_ws/install/realsense2_camera_msgs/share/realsense2_camera_msgs/cmake/realsense2_camera_msgs__rosidl_typesupport_cExport.cmake
[2.424s] -- Up-to-date: /home/utilizador/charmie_ws/install/realsense2_camera_msgs/share/realsense2_camera_msgs/cmake/realsense2_camera_msgs__rosidl_typesupport_cExport-noconfig.cmake
[2.424s] -- Up-to-date: /home/utilizador/charmie_ws/install/realsense2_camera_msgs/share/realsense2_camera_msgs/cmake/realsense2_camera_msgs__rosidl_generator_cppExport.cmake
[2.425s] -- Up-to-date: /home/utilizador/charmie_ws/install/realsense2_camera_msgs/share/realsense2_camera_msgs/cmake/realsense2_camera_msgs__rosidl_typesupport_introspection_cppExport.cmake
[2.425s] -- Up-to-date: /home/utilizador/charmie_ws/install/realsense2_camera_msgs/share/realsense2_camera_msgs/cmake/realsense2_camera_msgs__rosidl_typesupport_introspection_cppExport-noconfig.cmake
[2.426s] -- Up-to-date: /home/utilizador/charmie_ws/install/realsense2_camera_msgs/share/realsense2_camera_msgs/cmake/realsense2_camera_msgs__rosidl_typesupport_cppExport.cmake
[2.426s] -- Up-to-date: /home/utilizador/charmie_ws/install/realsense2_camera_msgs/share/realsense2_camera_msgs/cmake/realsense2_camera_msgs__rosidl_typesupport_cppExport-noconfig.cmake
[2.463s] Invoked command in '/home/utilizador/charmie_ws/build/realsense2_camera_msgs' returned '0': CMAKE_PREFIX_PATH=/opt/ros/foxy /home/utilizador/.local/bin/cmake --install /home/utilizador/charmie_ws/build/realsense2_camera_msgs
