[0.999s] Invoking command in '/home/utilizador/charmie_ws/build/my_robot_controller': PYTHONPATH=/home/utilizador/charmie_ws/build/my_robot_controller/prefix_override:/home/utilizador/charmie_ws/install/my_robot_controller/lib/python3.8/site-packages:${PYTHONPATH} /usr/bin/python3 setup.py develop --uninstall --editable --build-directory /home/utilizador/charmie_ws/build/my_robot_controller/build
[1.250s] running develop
[1.404s] Removing /home/utilizador/charmie_ws/install/my_robot_controller/lib/python3.8/site-packages/my-robot-controller.egg-link (link to .)
[1.438s] Invoked command in '/home/utilizador/charmie_ws/build/my_robot_controller' returned '0': PYTHONPATH=/home/utilizador/charmie_ws/build/my_robot_controller/prefix_override:/home/utilizador/charmie_ws/install/my_robot_controller/lib/python3.8/site-packages:${PYTHONPATH} /usr/bin/python3 setup.py develop --uninstall --editable --build-directory /home/utilizador/charmie_ws/build/my_robot_controller/build
[1.441s] Invoking command in '/home/utilizador/charmie_ws/src/my_robot_controller': PYTHONPATH=/home/utilizador/charmie_ws/build/my_robot_controller/prefix_override:/home/utilizador/charmie_ws/install/my_robot_controller/lib/python3.8/site-packages:${PYTHONPATH} /usr/bin/python3 setup.py egg_info --egg-base ../../build/my_robot_controller build --build-base /home/utilizador/charmie_ws/build/my_robot_controller/build install --record /home/utilizador/charmie_ws/build/my_robot_controller/install.log --install-scripts $base/lib/my_robot_controller --single-version-externally-managed
[1.683s] running egg_info
[1.684s] writing ../../build/my_robot_controller/my_robot_controller.egg-info/PKG-INFO
[1.684s] writing dependency_links to ../../build/my_robot_controller/my_robot_controller.egg-info/dependency_links.txt
[1.684s] writing entry points to ../../build/my_robot_controller/my_robot_controller.egg-info/entry_points.txt
[1.684s] writing requirements to ../../build/my_robot_controller/my_robot_controller.egg-info/requires.txt
[1.684s] writing top-level names to ../../build/my_robot_controller/my_robot_controller.egg-info/top_level.txt
[1.719s] reading manifest file '../../build/my_robot_controller/my_robot_controller.egg-info/SOURCES.txt'
[1.720s] writing manifest file '../../build/my_robot_controller/my_robot_controller.egg-info/SOURCES.txt'
[1.720s] running build
[1.721s] running build_py
[1.721s] copying my_robot_controller/my_first_node.py -> /home/utilizador/charmie_ws/build/my_robot_controller/build/lib/my_robot_controller
[1.721s] copying my_robot_controller/turtle_controller.py -> /home/utilizador/charmie_ws/build/my_robot_controller/build/lib/my_robot_controller
[1.721s] running install
[1.722s] running install_lib
[1.723s] creating /home/utilizador/charmie_ws/install/my_robot_controller/lib/python3.8/site-packages/my_robot_controller
[1.723s] copying /home/utilizador/charmie_ws/build/my_robot_controller/build/lib/my_robot_controller/my_first_node.py -> /home/utilizador/charmie_ws/install/my_robot_controller/lib/python3.8/site-packages/my_robot_controller
[1.723s] copying /home/utilizador/charmie_ws/build/my_robot_controller/build/lib/my_robot_controller/turtle_controller.py -> /home/utilizador/charmie_ws/install/my_robot_controller/lib/python3.8/site-packages/my_robot_controller
[1.723s] copying /home/utilizador/charmie_ws/build/my_robot_controller/build/lib/my_robot_controller/__init__.py -> /home/utilizador/charmie_ws/install/my_robot_controller/lib/python3.8/site-packages/my_robot_controller
[1.723s] byte-compiling /home/utilizador/charmie_ws/install/my_robot_controller/lib/python3.8/site-packages/my_robot_controller/my_first_node.py to my_first_node.cpython-38.pyc
[1.725s] byte-compiling /home/utilizador/charmie_ws/install/my_robot_controller/lib/python3.8/site-packages/my_robot_controller/turtle_controller.py to turtle_controller.cpython-38.pyc
[1.725s] byte-compiling /home/utilizador/charmie_ws/install/my_robot_controller/lib/python3.8/site-packages/my_robot_controller/__init__.py to __init__.cpython-38.pyc
[1.725s] running install_data
[1.726s] copying package.xml -> /home/utilizador/charmie_ws/install/my_robot_controller/share/my_robot_controller
[1.726s] running install_egg_info
[1.728s] Copying ../../build/my_robot_controller/my_robot_controller.egg-info to /home/utilizador/charmie_ws/install/my_robot_controller/lib/python3.8/site-packages/my_robot_controller-0.0.0-py3.8.egg-info
[1.729s] running install_scripts
[1.747s] Installing test_node script to /home/utilizador/charmie_ws/install/my_robot_controller/lib/my_robot_controller
[1.747s] Installing turtle_controller script to /home/utilizador/charmie_ws/install/my_robot_controller/lib/my_robot_controller
[1.747s] writing list of installed files to '/home/utilizador/charmie_ws/build/my_robot_controller/install.log'
[1.792s] Invoked command in '/home/utilizador/charmie_ws/src/my_robot_controller' returned '0': PYTHONPATH=/home/utilizador/charmie_ws/build/my_robot_controller/prefix_override:/home/utilizador/charmie_ws/install/my_robot_controller/lib/python3.8/site-packages:${PYTHONPATH} /usr/bin/python3 setup.py egg_info --egg-base ../../build/my_robot_controller build --build-base /home/utilizador/charmie_ws/build/my_robot_controller/build install --record /home/utilizador/charmie_ws/build/my_robot_controller/install.log --install-scripts $base/lib/my_robot_controller --single-version-externally-managed
