running develop
running egg_info
creating charmie_ps4_controller.egg-info
writing charmie_ps4_controller.egg-info/PKG-INFO
writing dependency_links to charmie_ps4_controller.egg-info/dependency_links.txt
writing entry points to charmie_ps4_controller.egg-info/entry_points.txt
writing requirements to charmie_ps4_controller.egg-info/requires.txt
writing top-level names to charmie_ps4_controller.egg-info/top_level.txt
writing manifest file 'charmie_ps4_controller.egg-info/SOURCES.txt'
reading manifest file 'charmie_ps4_controller.egg-info/SOURCES.txt'
writing manifest file 'charmie_ps4_controller.egg-info/SOURCES.txt'
running build_ext
Creating /home/utilizador/charmie_ws/install/charmie_ps4_controller/lib/python3.8/site-packages/site.py
Creating /home/utilizador/charmie_ws/install/charmie_ps4_controller/lib/python3.8/site-packages/charmie-ps4-controller.egg-link (link to .)
Installing ps4_controller script to /home/utilizador/charmie_ws/install/charmie_ps4_controller/lib/charmie_ps4_controller

Installed /home/utilizador/charmie_ws/build/charmie_ps4_controller
running install_data
creating /home/utilizador/charmie_ws/install/charmie_ps4_controller/share/ament_index
creating /home/utilizador/charmie_ws/install/charmie_ps4_controller/share/ament_index/resource_index
creating /home/utilizador/charmie_ws/install/charmie_ps4_controller/share/ament_index/resource_index/packages
copying resource/charmie_ps4_controller -> /home/utilizador/charmie_ws/install/charmie_ps4_controller/share/ament_index/resource_index/packages
copying package.xml -> /home/utilizador/charmie_ws/install/charmie_ps4_controller/share/charmie_ps4_controller
