[2.861s] Invoking command in '/home/utilizador/charmie_ws/build/charmie_ps4_controller': PYTHONPATH=/home/utilizador/charmie_ws/build/charmie_ps4_controller/prefix_override:/home/utilizador/charmie_ws/install/charmie_ps4_controller/lib/python3.8/site-packages:${PYTHONPATH} /usr/bin/python3 setup.py develop --editable --build-directory /home/utilizador/charmie_ws/build/charmie_ps4_controller/build --no-deps install_data
[3.371s] running develop
[3.794s] running egg_info
[3.794s] creating charmie_ps4_controller.egg-info
[3.794s] writing charmie_ps4_controller.egg-info/PKG-INFO
[3.795s] writing dependency_links to charmie_ps4_controller.egg-info/dependency_links.txt
[3.795s] writing entry points to charmie_ps4_controller.egg-info/entry_points.txt
[3.795s] writing requirements to charmie_ps4_controller.egg-info/requires.txt
[3.795s] writing top-level names to charmie_ps4_controller.egg-info/top_level.txt
[3.797s] writing manifest file 'charmie_ps4_controller.egg-info/SOURCES.txt'
[3.945s] reading manifest file 'charmie_ps4_controller.egg-info/SOURCES.txt'
[3.949s] writing manifest file 'charmie_ps4_controller.egg-info/SOURCES.txt'
[4.096s] running build_ext
[4.097s] Creating /home/utilizador/charmie_ws/install/charmie_ps4_controller/lib/python3.8/site-packages/site.py
[4.109s] Creating /home/utilizador/charmie_ws/install/charmie_ps4_controller/lib/python3.8/site-packages/charmie-ps4-controller.egg-link (link to .)
[4.112s] Installing ps4_controller script to /home/utilizador/charmie_ws/install/charmie_ps4_controller/lib/charmie_ps4_controller
[4.113s] 
[4.113s] Installed /home/utilizador/charmie_ws/build/charmie_ps4_controller
[4.113s] running install_data
[4.113s] creating /home/utilizador/charmie_ws/install/charmie_ps4_controller/share/ament_index
[4.114s] creating /home/utilizador/charmie_ws/install/charmie_ps4_controller/share/ament_index/resource_index
[4.114s] creating /home/utilizador/charmie_ws/install/charmie_ps4_controller/share/ament_index/resource_index/packages
[4.114s] copying resource/charmie_ps4_controller -> /home/utilizador/charmie_ws/install/charmie_ps4_controller/share/ament_index/resource_index/packages
[4.114s] copying package.xml -> /home/utilizador/charmie_ws/install/charmie_ps4_controller/share/charmie_ps4_controller
[4.200s] Invoked command in '/home/utilizador/charmie_ws/build/charmie_ps4_controller' returned '0': PYTHONPATH=/home/utilizador/charmie_ws/build/charmie_ps4_controller/prefix_override:/home/utilizador/charmie_ws/install/charmie_ps4_controller/lib/python3.8/site-packages:${PYTHONPATH} /usr/bin/python3 setup.py develop --editable --build-directory /home/utilizador/charmie_ws/build/charmie_ps4_controller/build --no-deps install_data
