running egg_info
creating ../../build/charmie_speakers_offline/charmie_speakers_offline.egg-info
writing ../../build/charmie_speakers_offline/charmie_speakers_offline.egg-info/PKG-INFO
writing dependency_links to ../../build/charmie_speakers_offline/charmie_speakers_offline.egg-info/dependency_links.txt
writing entry points to ../../build/charmie_speakers_offline/charmie_speakers_offline.egg-info/entry_points.txt
writing requirements to ../../build/charmie_speakers_offline/charmie_speakers_offline.egg-info/requires.txt
writing top-level names to ../../build/charmie_speakers_offline/charmie_speakers_offline.egg-info/top_level.txt
writing manifest file '../../build/charmie_speakers_offline/charmie_speakers_offline.egg-info/SOURCES.txt'
reading manifest file '../../build/charmie_speakers_offline/charmie_speakers_offline.egg-info/SOURCES.txt'
writing manifest file '../../build/charmie_speakers_offline/charmie_speakers_offline.egg-info/SOURCES.txt'
running build
running build_py
creating /home/utilizador/charmie_ws/build/charmie_speakers_offline/build
creating /home/utilizador/charmie_ws/build/charmie_speakers_offline/build/lib
creating /home/utilizador/charmie_ws/build/charmie_speakers_offline/build/lib/charmie_speakers_offline
copying charmie_speakers_offline/__init__.py -> /home/utilizador/charmie_ws/build/charmie_speakers_offline/build/lib/charmie_speakers_offline
copying charmie_speakers_offline/speakers.py -> /home/utilizador/charmie_ws/build/charmie_speakers_offline/build/lib/charmie_speakers_offline
running install
running install_lib
creating /home/utilizador/charmie_ws/install/charmie_speakers_offline/lib/python3.8/site-packages/charmie_speakers_offline
copying /home/utilizador/charmie_ws/build/charmie_speakers_offline/build/lib/charmie_speakers_offline/__init__.py -> /home/utilizador/charmie_ws/install/charmie_speakers_offline/lib/python3.8/site-packages/charmie_speakers_offline
copying /home/utilizador/charmie_ws/build/charmie_speakers_offline/build/lib/charmie_speakers_offline/speakers.py -> /home/utilizador/charmie_ws/install/charmie_speakers_offline/lib/python3.8/site-packages/charmie_speakers_offline
byte-compiling /home/utilizador/charmie_ws/install/charmie_speakers_offline/lib/python3.8/site-packages/charmie_speakers_offline/__init__.py to __init__.cpython-38.pyc
byte-compiling /home/utilizador/charmie_ws/install/charmie_speakers_offline/lib/python3.8/site-packages/charmie_speakers_offline/speakers.py to speakers.cpython-38.pyc
running install_data
creating /home/utilizador/charmie_ws/install/charmie_speakers_offline/share/ament_index
creating /home/utilizador/charmie_ws/install/charmie_speakers_offline/share/ament_index/resource_index
creating /home/utilizador/charmie_ws/install/charmie_speakers_offline/share/ament_index/resource_index/packages
copying resource/charmie_speakers_offline -> /home/utilizador/charmie_ws/install/charmie_speakers_offline/share/ament_index/resource_index/packages
copying package.xml -> /home/utilizador/charmie_ws/install/charmie_speakers_offline/share/charmie_speakers_offline
running install_egg_info
Copying ../../build/charmie_speakers_offline/charmie_speakers_offline.egg-info to /home/utilizador/charmie_ws/install/charmie_speakers_offline/lib/python3.8/site-packages/charmie_speakers_offline-0.0.0-py3.8.egg-info
running install_scripts
Installing speakers script to /home/utilizador/charmie_ws/install/charmie_speakers_offline/lib/charmie_speakers_offline
writing list of installed files to '/home/utilizador/charmie_ws/build/charmie_speakers_offline/install.log'
