[2.358s] Invoking command in '/home/utilizador/charmie_ws/src/charmie_speakers_offline': AMENT_PREFIX_PATH=/home/utilizador/charmie_ws/install/charmie_interfaces:${AMENT_PREFIX_PATH} CMAKE_PREFIX_PATH=/home/utilizador/charmie_ws/install/charmie_interfaces LD_LIBRARY_PATH=/home/utilizador/charmie_ws/install/charmie_interfaces/lib:${LD_LIBRARY_PATH} PYTHONPATH=/home/utilizador/charmie_ws/build/charmie_speakers_offline/prefix_override:/home/utilizador/charmie_ws/install/charmie_speakers_offline/lib/python3.8/site-packages:/home/utilizador/charmie_ws/install/charmie_interfaces/lib/python3.8/site-packages:${PYTHONPATH} /usr/bin/python3 setup.py egg_info --egg-base ../../build/charmie_speakers_offline build --build-base /home/utilizador/charmie_ws/build/charmie_speakers_offline/build install --record /home/utilizador/charmie_ws/build/charmie_speakers_offline/install.log --single-version-externally-managed
[2.883s] running egg_info
[2.883s] creating ../../build/charmie_speakers_offline/charmie_speakers_offline.egg-info
[2.884s] writing ../../build/charmie_speakers_offline/charmie_speakers_offline.egg-info/PKG-INFO
[2.884s] writing dependency_links to ../../build/charmie_speakers_offline/charmie_speakers_offline.egg-info/dependency_links.txt
[2.884s] writing entry points to ../../build/charmie_speakers_offline/charmie_speakers_offline.egg-info/entry_points.txt
[2.884s] writing requirements to ../../build/charmie_speakers_offline/charmie_speakers_offline.egg-info/requires.txt
[2.884s] writing top-level names to ../../build/charmie_speakers_offline/charmie_speakers_offline.egg-info/top_level.txt
[2.884s] writing manifest file '../../build/charmie_speakers_offline/charmie_speakers_offline.egg-info/SOURCES.txt'
[2.885s] reading manifest file '../../build/charmie_speakers_offline/charmie_speakers_offline.egg-info/SOURCES.txt'
[2.885s] writing manifest file '../../build/charmie_speakers_offline/charmie_speakers_offline.egg-info/SOURCES.txt'
[2.885s] running build
[2.885s] running build_py
[2.885s] creating /home/utilizador/charmie_ws/build/charmie_speakers_offline/build
[2.885s] creating /home/utilizador/charmie_ws/build/charmie_speakers_offline/build/lib
[2.885s] creating /home/utilizador/charmie_ws/build/charmie_speakers_offline/build/lib/charmie_speakers_offline
[2.886s] copying charmie_speakers_offline/__init__.py -> /home/utilizador/charmie_ws/build/charmie_speakers_offline/build/lib/charmie_speakers_offline
[2.886s] copying charmie_speakers_offline/speakers.py -> /home/utilizador/charmie_ws/build/charmie_speakers_offline/build/lib/charmie_speakers_offline
[2.886s] running install
[2.886s] running install_lib
[2.886s] creating /home/utilizador/charmie_ws/install/charmie_speakers_offline/lib/python3.8/site-packages/charmie_speakers_offline
[2.886s] copying /home/utilizador/charmie_ws/build/charmie_speakers_offline/build/lib/charmie_speakers_offline/__init__.py -> /home/utilizador/charmie_ws/install/charmie_speakers_offline/lib/python3.8/site-packages/charmie_speakers_offline
[2.886s] copying /home/utilizador/charmie_ws/build/charmie_speakers_offline/build/lib/charmie_speakers_offline/speakers.py -> /home/utilizador/charmie_ws/install/charmie_speakers_offline/lib/python3.8/site-packages/charmie_speakers_offline
[2.886s] byte-compiling /home/utilizador/charmie_ws/install/charmie_speakers_offline/lib/python3.8/site-packages/charmie_speakers_offline/__init__.py to __init__.cpython-38.pyc
[2.886s] byte-compiling /home/utilizador/charmie_ws/install/charmie_speakers_offline/lib/python3.8/site-packages/charmie_speakers_offline/speakers.py to speakers.cpython-38.pyc
[2.887s] running install_data
[2.887s] creating /home/utilizador/charmie_ws/install/charmie_speakers_offline/share/ament_index
[2.887s] creating /home/utilizador/charmie_ws/install/charmie_speakers_offline/share/ament_index/resource_index
[2.887s] creating /home/utilizador/charmie_ws/install/charmie_speakers_offline/share/ament_index/resource_index/packages
[2.887s] copying resource/charmie_speakers_offline -> /home/utilizador/charmie_ws/install/charmie_speakers_offline/share/ament_index/resource_index/packages
[2.887s] copying package.xml -> /home/utilizador/charmie_ws/install/charmie_speakers_offline/share/charmie_speakers_offline
[2.887s] running install_egg_info
[2.888s] Copying ../../build/charmie_speakers_offline/charmie_speakers_offline.egg-info to /home/utilizador/charmie_ws/install/charmie_speakers_offline/lib/python3.8/site-packages/charmie_speakers_offline-0.0.0-py3.8.egg-info
[2.888s] running install_scripts
[2.888s] Installing speakers script to /home/utilizador/charmie_ws/install/charmie_speakers_offline/lib/charmie_speakers_offline
[2.888s] writing list of installed files to '/home/utilizador/charmie_ws/build/charmie_speakers_offline/install.log'
[2.964s] Invoked command in '/home/utilizador/charmie_ws/src/charmie_speakers_offline' returned '0': AMENT_PREFIX_PATH=/home/utilizador/charmie_ws/install/charmie_interfaces:${AMENT_PREFIX_PATH} CMAKE_PREFIX_PATH=/home/utilizador/charmie_ws/install/charmie_interfaces LD_LIBRARY_PATH=/home/utilizador/charmie_ws/install/charmie_interfaces/lib:${LD_LIBRARY_PATH} PYTHONPATH=/home/utilizador/charmie_ws/build/charmie_speakers_offline/prefix_override:/home/utilizador/charmie_ws/install/charmie_speakers_offline/lib/python3.8/site-packages:/home/utilizador/charmie_ws/install/charmie_interfaces/lib/python3.8/site-packages:${PYTHONPATH} /usr/bin/python3 setup.py egg_info --egg-base ../../build/charmie_speakers_offline build --build-base /home/utilizador/charmie_ws/build/charmie_speakers_offline/build install --record /home/utilizador/charmie_ws/build/charmie_speakers_offline/install.log --single-version-externally-managed
