running develop
Removing /home/utilizador/charmie_ws/install/charmie_receptionist/lib/python3.8/site-packages/charmie-receptionist.egg-link (link to .)
running egg_info
writing ../../build/charmie_receptionist/charmie_receptionist.egg-info/PKG-INFO
writing dependency_links to ../../build/charmie_receptionist/charmie_receptionist.egg-info/dependency_links.txt
writing entry points to ../../build/charmie_receptionist/charmie_receptionist.egg-info/entry_points.txt
writing requirements to ../../build/charmie_receptionist/charmie_receptionist.egg-info/requires.txt
writing top-level names to ../../build/charmie_receptionist/charmie_receptionist.egg-info/top_level.txt
reading manifest file '../../build/charmie_receptionist/charmie_receptionist.egg-info/SOURCES.txt'
writing manifest file '../../build/charmie_receptionist/charmie_receptionist.egg-info/SOURCES.txt'
running build
running build_py
creating /home/utilizador/charmie_ws/build/charmie_receptionist/build
creating /home/utilizador/charmie_ws/build/charmie_receptionist/build/lib
creating /home/utilizador/charmie_ws/build/charmie_receptionist/build/lib/charmie_receptionist
copying charmie_receptionist/__init__.py -> /home/utilizador/charmie_ws/build/charmie_receptionist/build/lib/charmie_receptionist
copying charmie_receptionist/testes.py -> /home/utilizador/charmie_ws/build/charmie_receptionist/build/lib/charmie_receptionist
copying charmie_receptionist/receptionist.py -> /home/utilizador/charmie_ws/build/charmie_receptionist/build/lib/charmie_receptionist
running install
running install_lib
creating /home/utilizador/charmie_ws/install/charmie_receptionist/lib/python3.8/site-packages/charmie_receptionist
copying /home/utilizador/charmie_ws/build/charmie_receptionist/build/lib/charmie_receptionist/__init__.py -> /home/utilizador/charmie_ws/install/charmie_receptionist/lib/python3.8/site-packages/charmie_receptionist
copying /home/utilizador/charmie_ws/build/charmie_receptionist/build/lib/charmie_receptionist/testes.py -> /home/utilizador/charmie_ws/install/charmie_receptionist/lib/python3.8/site-packages/charmie_receptionist
copying /home/utilizador/charmie_ws/build/charmie_receptionist/build/lib/charmie_receptionist/receptionist.py -> /home/utilizador/charmie_ws/install/charmie_receptionist/lib/python3.8/site-packages/charmie_receptionist
byte-compiling /home/utilizador/charmie_ws/install/charmie_receptionist/lib/python3.8/site-packages/charmie_receptionist/__init__.py to __init__.cpython-38.pyc
byte-compiling /home/utilizador/charmie_ws/install/charmie_receptionist/lib/python3.8/site-packages/charmie_receptionist/testes.py to testes.cpython-38.pyc
byte-compiling /home/utilizador/charmie_ws/install/charmie_receptionist/lib/python3.8/site-packages/charmie_receptionist/receptionist.py to receptionist.cpython-38.pyc
running install_data
running install_egg_info
Copying ../../build/charmie_receptionist/charmie_receptionist.egg-info to /home/utilizador/charmie_ws/install/charmie_receptionist/lib/python3.8/site-packages/charmie_receptionist-0.0.0-py3.8.egg-info
running install_scripts
Installing receptionist script to /home/utilizador/charmie_ws/install/charmie_receptionist/lib/charmie_receptionist
writing list of installed files to '/home/utilizador/charmie_ws/build/charmie_receptionist/install.log'
