[2.488s] Invoking command in '/home/utilizador/charmie_ws/build/my_robot_controller': PYTHONPATH=/home/utilizador/charmie_ws/build/my_robot_controller/prefix_override:/home/utilizador/charmie_ws/install/my_robot_controller/lib/python3.8/site-packages:${PYTHONPATH} /usr/bin/python3 setup.py develop --editable --build-directory /home/utilizador/charmie_ws/build/my_robot_controller/build --no-deps install_data
[2.905s] running develop
[3.140s] /usr/lib/python3/dist-packages/setuptools/command/easy_install.py:368: UserWarning: Unbuilt egg for charmie-neck-dynamixel 0.0.0 (/home/utilizador/charmie_ws/build/charmie_neck_dynamixel)
[3.140s]   self.local_index = Environment(self.shadow_path + sys.path)
[3.233s] running egg_info
[3.233s] writing my_robot_controller.egg-info/PKG-INFO
[3.234s] writing dependency_links to my_robot_controller.egg-info/dependency_links.txt
[3.234s] writing entry points to my_robot_controller.egg-info/entry_points.txt
[3.234s] writing requirements to my_robot_controller.egg-info/requires.txt
[3.234s] writing top-level names to my_robot_controller.egg-info/top_level.txt
[3.298s] reading manifest file 'my_robot_controller.egg-info/SOURCES.txt'
[3.300s] writing manifest file 'my_robot_controller.egg-info/SOURCES.txt'
[3.360s] running build_ext
[3.360s] Creating /home/utilizador/charmie_ws/install/my_robot_controller/lib/python3.8/site-packages/my-robot-controller.egg-link (link to .)
[3.364s] Installing test_node script to /home/utilizador/charmie_ws/install/my_robot_controller/lib/my_robot_controller
[3.365s] Installing turtle_controller script to /home/utilizador/charmie_ws/install/my_robot_controller/lib/my_robot_controller
[3.365s] 
[3.365s] Installed /home/utilizador/charmie_ws/build/my_robot_controller
[3.366s] running install_data
[3.446s] Invoked command in '/home/utilizador/charmie_ws/build/my_robot_controller' returned '0': PYTHONPATH=/home/utilizador/charmie_ws/build/my_robot_controller/prefix_override:/home/utilizador/charmie_ws/install/my_robot_controller/lib/python3.8/site-packages:${PYTHONPATH} /usr/bin/python3 setup.py develop --editable --build-directory /home/utilizador/charmie_ws/build/my_robot_controller/build --no-deps install_data
