running egg_info
creating ../../build/charmie_diagnostics/charmie_diagnostics.egg-info
writing ../../build/charmie_diagnostics/charmie_diagnostics.egg-info/PKG-INFO
writing dependency_links to ../../build/charmie_diagnostics/charmie_diagnostics.egg-info/dependency_links.txt
writing entry points to ../../build/charmie_diagnostics/charmie_diagnostics.egg-info/entry_points.txt
writing requirements to ../../build/charmie_diagnostics/charmie_diagnostics.egg-info/requires.txt
writing top-level names to ../../build/charmie_diagnostics/charmie_diagnostics.egg-info/top_level.txt
writing manifest file '../../build/charmie_diagnostics/charmie_diagnostics.egg-info/SOURCES.txt'
reading manifest file '../../build/charmie_diagnostics/charmie_diagnostics.egg-info/SOURCES.txt'
writing manifest file '../../build/charmie_diagnostics/charmie_diagnostics.egg-info/SOURCES.txt'
running build
running build_py
creating /home/utilizador/charmie_ws/build/charmie_diagnostics/build
creating /home/utilizador/charmie_ws/build/charmie_diagnostics/build/lib
creating /home/utilizador/charmie_ws/build/charmie_diagnostics/build/lib/charmie_diagnostics
copying charmie_diagnostics/__init__.py -> /home/utilizador/charmie_ws/build/charmie_diagnostics/build/lib/charmie_diagnostics
copying charmie_diagnostics/diagnostics.py -> /home/utilizador/charmie_ws/build/charmie_diagnostics/build/lib/charmie_diagnostics
running install
running install_lib
creating /home/utilizador/charmie_ws/install/charmie_diagnostics/lib/python3.8/site-packages/charmie_diagnostics
copying /home/utilizador/charmie_ws/build/charmie_diagnostics/build/lib/charmie_diagnostics/__init__.py -> /home/utilizador/charmie_ws/install/charmie_diagnostics/lib/python3.8/site-packages/charmie_diagnostics
copying /home/utilizador/charmie_ws/build/charmie_diagnostics/build/lib/charmie_diagnostics/diagnostics.py -> /home/utilizador/charmie_ws/install/charmie_diagnostics/lib/python3.8/site-packages/charmie_diagnostics
byte-compiling /home/utilizador/charmie_ws/install/charmie_diagnostics/lib/python3.8/site-packages/charmie_diagnostics/__init__.py to __init__.cpython-38.pyc
byte-compiling /home/utilizador/charmie_ws/install/charmie_diagnostics/lib/python3.8/site-packages/charmie_diagnostics/diagnostics.py to diagnostics.cpython-38.pyc
running install_data
creating /home/utilizador/charmie_ws/install/charmie_diagnostics/share/ament_index
creating /home/utilizador/charmie_ws/install/charmie_diagnostics/share/ament_index/resource_index
creating /home/utilizador/charmie_ws/install/charmie_diagnostics/share/ament_index/resource_index/packages
copying resource/charmie_diagnostics -> /home/utilizador/charmie_ws/install/charmie_diagnostics/share/ament_index/resource_index/packages
copying package.xml -> /home/utilizador/charmie_ws/install/charmie_diagnostics/share/charmie_diagnostics
running install_egg_info
Copying ../../build/charmie_diagnostics/charmie_diagnostics.egg-info to /home/utilizador/charmie_ws/install/charmie_diagnostics/lib/python3.8/site-packages/charmie_diagnostics-0.0.0-py3.8.egg-info
running install_scripts
Installing diagnostics script to /home/utilizador/charmie_ws/install/charmie_diagnostics/lib/charmie_diagnostics
writing list of installed files to '/home/utilizador/charmie_ws/build/charmie_diagnostics/install.log'
