[2.036s] Invoking command in '/home/utilizador/charmie_ws/src/charmie_obstacles': AMENT_PREFIX_PATH=/home/utilizador/charmie_ws/install/charmie_interfaces:${AMENT_PREFIX_PATH} CMAKE_PREFIX_PATH=/home/utilizador/charmie_ws/install/charmie_interfaces LD_LIBRARY_PATH=/home/utilizador/charmie_ws/install/charmie_interfaces/lib:${LD_LIBRARY_PATH} PYTHONPATH=/home/utilizador/charmie_ws/build/charmie_obstacles/prefix_override:/home/utilizador/charmie_ws/install/charmie_obstacles/lib/python3.8/site-packages:/home/utilizador/charmie_ws/install/charmie_interfaces/lib/python3.8/site-packages:${PYTHONPATH} /usr/bin/python3 setup.py egg_info --egg-base ../../build/charmie_obstacles build --build-base /home/utilizador/charmie_ws/build/charmie_obstacles/build install --record /home/utilizador/charmie_ws/build/charmie_obstacles/install.log --install-scripts $base/lib/charmie_obstacles --single-version-externally-managed
[2.296s] running egg_info
[2.296s] writing ../../build/charmie_obstacles/charmie_obstacles.egg-info/PKG-INFO
[2.297s] writing dependency_links to ../../build/charmie_obstacles/charmie_obstacles.egg-info/dependency_links.txt
[2.297s] writing entry points to ../../build/charmie_obstacles/charmie_obstacles.egg-info/entry_points.txt
[2.297s] writing requirements to ../../build/charmie_obstacles/charmie_obstacles.egg-info/requires.txt
[2.297s] writing top-level names to ../../build/charmie_obstacles/charmie_obstacles.egg-info/top_level.txt
[2.333s] reading manifest file '../../build/charmie_obstacles/charmie_obstacles.egg-info/SOURCES.txt'
[2.334s] writing manifest file '../../build/charmie_obstacles/charmie_obstacles.egg-info/SOURCES.txt'
[2.334s] running build
[2.335s] running build_py
[2.335s] running install
[2.335s] running install_lib
[2.337s] running install_data
[2.337s] running install_egg_info
[2.339s] removing '/home/utilizador/charmie_ws/install/charmie_obstacles/lib/python3.8/site-packages/charmie_obstacles-0.0.0-py3.8.egg-info' (and everything under it)
[2.339s] Copying ../../build/charmie_obstacles/charmie_obstacles.egg-info to /home/utilizador/charmie_ws/install/charmie_obstacles/lib/python3.8/site-packages/charmie_obstacles-0.0.0-py3.8.egg-info
[2.340s] running install_scripts
[2.357s] Installing obstacles script to /home/utilizador/charmie_ws/install/charmie_obstacles/lib/charmie_obstacles
[2.358s] writing list of installed files to '/home/utilizador/charmie_ws/build/charmie_obstacles/install.log'
[2.387s] Invoked command in '/home/utilizador/charmie_ws/src/charmie_obstacles' returned '0': AMENT_PREFIX_PATH=/home/utilizador/charmie_ws/install/charmie_interfaces:${AMENT_PREFIX_PATH} CMAKE_PREFIX_PATH=/home/utilizador/charmie_ws/install/charmie_interfaces LD_LIBRARY_PATH=/home/utilizador/charmie_ws/install/charmie_interfaces/lib:${LD_LIBRARY_PATH} PYTHONPATH=/home/utilizador/charmie_ws/build/charmie_obstacles/prefix_override:/home/utilizador/charmie_ws/install/charmie_obstacles/lib/python3.8/site-packages:/home/utilizador/charmie_ws/install/charmie_interfaces/lib/python3.8/site-packages:${PYTHONPATH} /usr/bin/python3 setup.py egg_info --egg-base ../../build/charmie_obstacles build --build-base /home/utilizador/charmie_ws/build/charmie_obstacles/build install --record /home/utilizador/charmie_ws/build/charmie_obstacles/install.log --install-scripts $base/lib/charmie_obstacles --single-version-externally-managed
