[0.103s] Invoking command in '/home/utilizador/charmie_ws/build/charmie_bot': CMAKE_PREFIX_PATH=${CMAKE_PREFIX_PATH}:/home/utilizador/charmie_ws/install/test2:/home/utilizador/charmie_ws/install/my_robot_controller:/home/utilizador/charmie_ws/install/charmie_ps4_controller:/home/utilizador/charmie_ws/install/charmie_neck_dynamixel:/home/utilizador/charmie_ws/install/charmie_low_level:/home/utilizador/charmie_ws/install/charmie_lidar_hokuyo:/home/utilizador/charmie_ws/install/charmie_debug:/home/utilizador/charmie_ws/install/charmie_camera_realsense:/opt/ros/foxy /usr/bin/cmake /home/utilizador/charmie_ws/src/charmie_bot -DAMENT_CMAKE_SYMLINK_INSTALL=1 -DCMAKE_INSTALL_PREFIX=/home/utilizador/charmie_ws/install/charmie_bot
[1.728s] -- Found ament_cmake: 0.9.11 (/opt/ros/foxy/share/ament_cmake/cmake)
[1.728s] -- Using PYTHON_EXECUTABLE: /usr/bin/python3
[1.728s] -- Override CMake install command with custom implementation using symlinks instead of copying resources
[1.730s] -- Found ament_lint_auto: 0.9.8 (/opt/ros/foxy/share/ament_lint_auto/cmake)
[1.730s] -- Added test 'copyright' to check source files copyright and LICENSE
[1.730s] -- Added test 'flake8' to check Python code syntax and style conventions
[1.730s] -- Added test 'lint_cmake' to check CMake code style
[1.730s] -- Added test 'pep257' to check Python code against some of the style conventions in PEP 257
[1.731s] -- Added test 'xmllint' to check XML markup files
[1.731s] -- Configuring done
[1.731s] -- Generating done
[1.731s] -- Build files have been written to: /home/utilizador/charmie_ws/build/charmie_bot
[1.732s] Invoked command in '/home/utilizador/charmie_ws/build/charmie_bot' returned '0': CMAKE_PREFIX_PATH=${CMAKE_PREFIX_PATH}:/home/utilizador/charmie_ws/install/test2:/home/utilizador/charmie_ws/install/my_robot_controller:/home/utilizador/charmie_ws/install/charmie_ps4_controller:/home/utilizador/charmie_ws/install/charmie_neck_dynamixel:/home/utilizador/charmie_ws/install/charmie_low_level:/home/utilizador/charmie_ws/install/charmie_lidar_hokuyo:/home/utilizador/charmie_ws/install/charmie_debug:/home/utilizador/charmie_ws/install/charmie_camera_realsense:/opt/ros/foxy /usr/bin/cmake /home/utilizador/charmie_ws/src/charmie_bot -DAMENT_CMAKE_SYMLINK_INSTALL=1 -DCMAKE_INSTALL_PREFIX=/home/utilizador/charmie_ws/install/charmie_bot
[1.732s] Invoking command in '/home/utilizador/charmie_ws/build/charmie_bot': CMAKE_PREFIX_PATH=${CMAKE_PREFIX_PATH}:/home/utilizador/charmie_ws/install/test2:/home/utilizador/charmie_ws/install/my_robot_controller:/home/utilizador/charmie_ws/install/charmie_ps4_controller:/home/utilizador/charmie_ws/install/charmie_neck_dynamixel:/home/utilizador/charmie_ws/install/charmie_low_level:/home/utilizador/charmie_ws/install/charmie_lidar_hokuyo:/home/utilizador/charmie_ws/install/charmie_debug:/home/utilizador/charmie_ws/install/charmie_camera_realsense:/opt/ros/foxy /usr/bin/cmake --build /home/utilizador/charmie_ws/build/charmie_bot -- -j8 -l8
[1.782s] Invoked command in '/home/utilizador/charmie_ws/build/charmie_bot' returned '0': CMAKE_PREFIX_PATH=${CMAKE_PREFIX_PATH}:/home/utilizador/charmie_ws/install/test2:/home/utilizador/charmie_ws/install/my_robot_controller:/home/utilizador/charmie_ws/install/charmie_ps4_controller:/home/utilizador/charmie_ws/install/charmie_neck_dynamixel:/home/utilizador/charmie_ws/install/charmie_low_level:/home/utilizador/charmie_ws/install/charmie_lidar_hokuyo:/home/utilizador/charmie_ws/install/charmie_debug:/home/utilizador/charmie_ws/install/charmie_camera_realsense:/opt/ros/foxy /usr/bin/cmake --build /home/utilizador/charmie_ws/build/charmie_bot -- -j8 -l8
[1.851s] Invoking command in '/home/utilizador/charmie_ws/build/charmie_bot': CMAKE_PREFIX_PATH=${CMAKE_PREFIX_PATH}:/home/utilizador/charmie_ws/install/test2:/home/utilizador/charmie_ws/install/my_robot_controller:/home/utilizador/charmie_ws/install/charmie_ps4_controller:/home/utilizador/charmie_ws/install/charmie_neck_dynamixel:/home/utilizador/charmie_ws/install/charmie_low_level:/home/utilizador/charmie_ws/install/charmie_lidar_hokuyo:/home/utilizador/charmie_ws/install/charmie_debug:/home/utilizador/charmie_ws/install/charmie_camera_realsense:/opt/ros/foxy /usr/bin/cmake --install /home/utilizador/charmie_ws/build/charmie_bot
[1.868s] -- Install configuration: ""
[1.869s] -- Execute custom install script
[1.871s] -- Up-to-date symlink: /home/utilizador/charmie_ws/install/charmie_bot/share/charmie_bot/config/empty.yaml
[1.872s] -- Up-to-date symlink: /home/utilizador/charmie_ws/install/charmie_bot/share/charmie_bot/config/joystick.yaml
[1.873s] -- Up-to-date symlink: /home/utilizador/charmie_ws/install/charmie_bot/share/charmie_bot/config/main.rviz
[1.873s] -- Up-to-date symlink: /home/utilizador/charmie_ws/install/charmie_bot/share/charmie_bot/config/mapper_params_online_async.yaml
[1.874s] -- Up-to-date symlink: /home/utilizador/charmie_ws/install/charmie_bot/share/charmie_bot/config/slam_nav.rviz
[1.875s] -- Up-to-date symlink: /home/utilizador/charmie_ws/install/charmie_bot/share/charmie_bot/config/twist_mux.yaml
[1.876s] -- Up-to-date symlink: /home/utilizador/charmie_ws/install/charmie_bot/share/charmie_bot/description/arms.xacro
[1.877s] -- Up-to-date symlink: /home/utilizador/charmie_ws/install/charmie_bot/share/charmie_bot/description/camera.xacro
[1.877s] -- Up-to-date symlink: /home/utilizador/charmie_ws/install/charmie_bot/share/charmie_bot/description/depth_camera.xacro
[1.878s] -- Up-to-date symlink: /home/utilizador/charmie_ws/install/charmie_bot/share/charmie_bot/description/gazebo_control.xacro
[1.879s] -- Up-to-date symlink: /home/utilizador/charmie_ws/install/charmie_bot/share/charmie_bot/description/inertial_macros.xacro
[1.880s] -- Up-to-date symlink: /home/utilizador/charmie_ws/install/charmie_bot/share/charmie_bot/description/left_arm.xacro
[1.880s] -- Up-to-date symlink: /home/utilizador/charmie_ws/install/charmie_bot/share/charmie_bot/description/lidar.xacro
[1.881s] -- Up-to-date symlink: /home/utilizador/charmie_ws/install/charmie_bot/share/charmie_bot/description/right_arm.xacro
[1.882s] -- Up-to-date symlink: /home/utilizador/charmie_ws/install/charmie_bot/share/charmie_bot/description/robot.urdf.xacro
[1.883s] -- Up-to-date symlink: /home/utilizador/charmie_ws/install/charmie_bot/share/charmie_bot/description/robot_core.xacro
[1.883s] -- Up-to-date symlink: /home/utilizador/charmie_ws/install/charmie_bot/share/charmie_bot/description/robot_core_Rui.xacro
[1.884s] -- Up-to-date symlink: /home/utilizador/charmie_ws/install/charmie_bot/share/charmie_bot/launch/joystick.launch.py
[1.885s] -- Up-to-date symlink: /home/utilizador/charmie_ws/install/charmie_bot/share/charmie_bot/launch/launch_sim.launch.py
[1.886s] -- Up-to-date symlink: /home/utilizador/charmie_ws/install/charmie_bot/share/charmie_bot/launch/rsp.launch.py
[1.887s] -- Up-to-date symlink: /home/utilizador/charmie_ws/install/charmie_bot/share/charmie_bot/worlds/empty.world
[1.888s] -- Up-to-date symlink: /home/utilizador/charmie_ws/install/charmie_bot/share/charmie_bot/worlds/robocup_house.world
[1.889s] -- Up-to-date symlink: /home/utilizador/charmie_ws/install/charmie_bot/share/charmie_bot/worlds/world_test.world
[1.890s] -- Up-to-date symlink: /home/utilizador/charmie_ws/install/charmie_bot/share/ament_index/resource_index/package_run_dependencies/charmie_bot
[1.891s] -- Up-to-date symlink: /home/utilizador/charmie_ws/install/charmie_bot/share/ament_index/resource_index/parent_prefix_path/charmie_bot
[1.891s] -- Up-to-date symlink: /home/utilizador/charmie_ws/install/charmie_bot/share/charmie_bot/environment/ament_prefix_path.sh
[1.892s] -- Up-to-date symlink: /home/utilizador/charmie_ws/install/charmie_bot/share/charmie_bot/environment/ament_prefix_path.dsv
[1.893s] -- Up-to-date symlink: /home/utilizador/charmie_ws/install/charmie_bot/share/charmie_bot/environment/path.sh
[1.894s] -- Up-to-date symlink: /home/utilizador/charmie_ws/install/charmie_bot/share/charmie_bot/environment/path.dsv
[1.895s] -- Up-to-date symlink: /home/utilizador/charmie_ws/install/charmie_bot/share/charmie_bot/local_setup.bash
[1.896s] -- Up-to-date symlink: /home/utilizador/charmie_ws/install/charmie_bot/share/charmie_bot/local_setup.sh
[1.897s] -- Up-to-date symlink: /home/utilizador/charmie_ws/install/charmie_bot/share/charmie_bot/local_setup.zsh
[1.898s] -- Up-to-date symlink: /home/utilizador/charmie_ws/install/charmie_bot/share/charmie_bot/local_setup.dsv
[1.898s] -- Symlinking: /home/utilizador/charmie_ws/install/charmie_bot/share/charmie_bot/package.dsv
[1.915s] -- Up-to-date symlink: /home/utilizador/charmie_ws/install/charmie_bot/share/ament_index/resource_index/packages/charmie_bot
[1.916s] -- Up-to-date symlink: /home/utilizador/charmie_ws/install/charmie_bot/share/charmie_bot/cmake/charmie_botConfig.cmake
[1.917s] -- Up-to-date symlink: /home/utilizador/charmie_ws/install/charmie_bot/share/charmie_bot/cmake/charmie_botConfig-version.cmake
[1.918s] -- Up-to-date symlink: /home/utilizador/charmie_ws/install/charmie_bot/share/charmie_bot/package.xml
[1.925s] Invoked command in '/home/utilizador/charmie_ws/build/charmie_bot' returned '0': CMAKE_PREFIX_PATH=${CMAKE_PREFIX_PATH}:/home/utilizador/charmie_ws/install/test2:/home/utilizador/charmie_ws/install/my_robot_controller:/home/utilizador/charmie_ws/install/charmie_ps4_controller:/home/utilizador/charmie_ws/install/charmie_neck_dynamixel:/home/utilizador/charmie_ws/install/charmie_low_level:/home/utilizador/charmie_ws/install/charmie_lidar_hokuyo:/home/utilizador/charmie_ws/install/charmie_debug:/home/utilizador/charmie_ws/install/charmie_camera_realsense:/opt/ros/foxy /usr/bin/cmake --install /home/utilizador/charmie_ws/build/charmie_bot
