[1.784s] Invoking command in '/home/utilizador/charmie_ws/src/charmie_odometry': AMENT_PREFIX_PATH=/home/utilizador/charmie_ws/install/charmie_interfaces:${AMENT_PREFIX_PATH} CMAKE_PREFIX_PATH=/home/utilizador/charmie_ws/install/charmie_interfaces LD_LIBRARY_PATH=/home/utilizador/charmie_ws/install/charmie_interfaces/lib:${LD_LIBRARY_PATH} PYTHONPATH=/home/utilizador/charmie_ws/build/charmie_odometry/prefix_override:/home/utilizador/charmie_ws/install/charmie_odometry/lib/python3.8/site-packages:/home/utilizador/charmie_ws/install/charmie_interfaces/lib/python3.8/site-packages:${PYTHONPATH} /usr/bin/python3 setup.py egg_info --egg-base ../../build/charmie_odometry build --build-base /home/utilizador/charmie_ws/build/charmie_odometry/build install --record /home/utilizador/charmie_ws/build/charmie_odometry/install.log --install-scripts $base/lib/charmie_odometry --single-version-externally-managed
[2.022s] running egg_info
[2.023s] writing ../../build/charmie_odometry/charmie_odometry.egg-info/PKG-INFO
[2.029s] writing dependency_links to ../../build/charmie_odometry/charmie_odometry.egg-info/dependency_links.txt
[2.030s] writing entry points to ../../build/charmie_odometry/charmie_odometry.egg-info/entry_points.txt
[2.031s] writing requirements to ../../build/charmie_odometry/charmie_odometry.egg-info/requires.txt
[2.031s] writing top-level names to ../../build/charmie_odometry/charmie_odometry.egg-info/top_level.txt
[2.066s] reading manifest file '../../build/charmie_odometry/charmie_odometry.egg-info/SOURCES.txt'
[2.067s] writing manifest file '../../build/charmie_odometry/charmie_odometry.egg-info/SOURCES.txt'
[2.067s] running build
[2.067s] running build_py
[2.067s] running install
[2.068s] running install_lib
[2.070s] running install_data
[2.070s] running install_egg_info
[2.072s] removing '/home/utilizador/charmie_ws/install/charmie_odometry/lib/python3.8/site-packages/charmie_odometry-0.0.0-py3.8.egg-info' (and everything under it)
[2.072s] Copying ../../build/charmie_odometry/charmie_odometry.egg-info to /home/utilizador/charmie_ws/install/charmie_odometry/lib/python3.8/site-packages/charmie_odometry-0.0.0-py3.8.egg-info
[2.073s] running install_scripts
[2.092s] Installing odometry script to /home/utilizador/charmie_ws/install/charmie_odometry/lib/charmie_odometry
[2.093s] writing list of installed files to '/home/utilizador/charmie_ws/build/charmie_odometry/install.log'
[2.133s] Invoked command in '/home/utilizador/charmie_ws/src/charmie_odometry' returned '0': AMENT_PREFIX_PATH=/home/utilizador/charmie_ws/install/charmie_interfaces:${AMENT_PREFIX_PATH} CMAKE_PREFIX_PATH=/home/utilizador/charmie_ws/install/charmie_interfaces LD_LIBRARY_PATH=/home/utilizador/charmie_ws/install/charmie_interfaces/lib:${LD_LIBRARY_PATH} PYTHONPATH=/home/utilizador/charmie_ws/build/charmie_odometry/prefix_override:/home/utilizador/charmie_ws/install/charmie_odometry/lib/python3.8/site-packages:/home/utilizador/charmie_ws/install/charmie_interfaces/lib/python3.8/site-packages:${PYTHONPATH} /usr/bin/python3 setup.py egg_info --egg-base ../../build/charmie_odometry build --build-base /home/utilizador/charmie_ws/build/charmie_odometry/build install --record /home/utilizador/charmie_ws/build/charmie_odometry/install.log --install-scripts $base/lib/charmie_odometry --single-version-externally-managed
