[8.821s] Invoking command in '/home/utilizador/charmie_ws/build/charmie_audio': AMENT_PREFIX_PATH=/home/utilizador/charmie_ws/install/charmie_interfaces:${AMENT_PREFIX_PATH} CMAKE_PREFIX_PATH=/home/utilizador/charmie_ws/install/charmie_interfaces LD_LIBRARY_PATH=/home/utilizador/charmie_ws/install/charmie_interfaces/lib:${LD_LIBRARY_PATH} PYTHONPATH=/home/utilizador/charmie_ws/build/charmie_audio/prefix_override:/home/utilizador/charmie_ws/install/charmie_audio/lib/python3.8/site-packages:/home/utilizador/charmie_ws/install/charmie_interfaces/lib/python3.8/site-packages:${PYTHONPATH} /usr/bin/python3 setup.py develop --editable --build-directory /home/utilizador/charmie_ws/build/charmie_audio/build --no-deps install_data
[10.847s] running develop
[12.258s] running egg_info
[12.258s] creating charmie_audio.egg-info
[12.259s] writing charmie_audio.egg-info/PKG-INFO
[12.260s] writing dependency_links to charmie_audio.egg-info/dependency_links.txt
[12.260s] writing entry points to charmie_audio.egg-info/entry_points.txt
[12.260s] writing requirements to charmie_audio.egg-info/requires.txt
[12.261s] writing top-level names to charmie_audio.egg-info/top_level.txt
[12.290s] writing manifest file 'charmie_audio.egg-info/SOURCES.txt'
[12.293s] reading manifest file 'charmie_audio.egg-info/SOURCES.txt'
[12.294s] writing manifest file 'charmie_audio.egg-info/SOURCES.txt'
[12.641s] running build_ext
[12.642s] Creating /home/utilizador/charmie_ws/install/charmie_audio/lib/python3.8/site-packages/charmie-audio.egg-link (link to .)
[12.642s] Installing audio script to /home/utilizador/charmie_ws/install/charmie_audio/lib/charmie_audio
[12.642s] 
[12.642s] Installed /home/utilizador/charmie_ws/build/charmie_audio
[12.642s] running install_data
[12.642s] creating /home/utilizador/charmie_ws/install/charmie_audio/share/ament_index
[12.642s] creating /home/utilizador/charmie_ws/install/charmie_audio/share/ament_index/resource_index
[12.643s] creating /home/utilizador/charmie_ws/install/charmie_audio/share/ament_index/resource_index/packages
[12.643s] copying resource/charmie_audio -> /home/utilizador/charmie_ws/install/charmie_audio/share/ament_index/resource_index/packages
[12.643s] copying package.xml -> /home/utilizador/charmie_ws/install/charmie_audio/share/charmie_audio
[12.872s] Invoked command in '/home/utilizador/charmie_ws/build/charmie_audio' returned '0': AMENT_PREFIX_PATH=/home/utilizador/charmie_ws/install/charmie_interfaces:${AMENT_PREFIX_PATH} CMAKE_PREFIX_PATH=/home/utilizador/charmie_ws/install/charmie_interfaces LD_LIBRARY_PATH=/home/utilizador/charmie_ws/install/charmie_interfaces/lib:${LD_LIBRARY_PATH} PYTHONPATH=/home/utilizador/charmie_ws/build/charmie_audio/prefix_override:/home/utilizador/charmie_ws/install/charmie_audio/lib/python3.8/site-packages:/home/utilizador/charmie_ws/install/charmie_interfaces/lib/python3.8/site-packages:${PYTHONPATH} /usr/bin/python3 setup.py develop --editable --build-directory /home/utilizador/charmie_ws/build/charmie_audio/build --no-deps install_data
