[2.306s] Invoking command in '/home/utilizador/charmie_ws/build/charmie_speakers_offline': AMENT_PREFIX_PATH=/home/utilizador/charmie_ws/install/charmie_interfaces:${AMENT_PREFIX_PATH} CMAKE_PREFIX_PATH=/home/utilizador/charmie_ws/install/charmie_interfaces LD_LIBRARY_PATH=/home/utilizador/charmie_ws/install/charmie_interfaces/lib:${LD_LIBRARY_PATH} PYTHONPATH=/home/utilizador/charmie_ws/build/charmie_speakers_offline/prefix_override:/home/utilizador/charmie_ws/install/charmie_speakers_offline/lib/python3.8/site-packages:/home/utilizador/charmie_ws/install/charmie_interfaces/lib/python3.8/site-packages:${PYTHONPATH} /usr/bin/python3 setup.py develop --editable --build-directory /home/utilizador/charmie_ws/build/charmie_speakers_offline/build --no-deps install_data
[2.911s] running develop
[3.203s] running egg_info
[3.203s] creating charmie_speakers_offline.egg-info
[3.204s] writing charmie_speakers_offline.egg-info/PKG-INFO
[3.204s] writing dependency_links to charmie_speakers_offline.egg-info/dependency_links.txt
[3.204s] writing entry points to charmie_speakers_offline.egg-info/entry_points.txt
[3.204s] writing requirements to charmie_speakers_offline.egg-info/requires.txt
[3.204s] writing top-level names to charmie_speakers_offline.egg-info/top_level.txt
[3.206s] writing manifest file 'charmie_speakers_offline.egg-info/SOURCES.txt'
[3.208s] reading manifest file 'charmie_speakers_offline.egg-info/SOURCES.txt'
[3.208s] writing manifest file 'charmie_speakers_offline.egg-info/SOURCES.txt'
[3.248s] running build_ext
[3.249s] Creating /home/utilizador/charmie_ws/install/charmie_speakers_offline/lib/python3.8/site-packages/charmie-speakers-offline.egg-link (link to .)
[3.249s] Installing speakers script to /home/utilizador/charmie_ws/install/charmie_speakers_offline/lib/charmie_speakers_offline
[3.250s] 
[3.250s] Installed /home/utilizador/charmie_ws/build/charmie_speakers_offline
[3.250s] running install_data
[3.251s] creating /home/utilizador/charmie_ws/install/charmie_speakers_offline/share/ament_index
[3.251s] creating /home/utilizador/charmie_ws/install/charmie_speakers_offline/share/ament_index/resource_index
[3.251s] creating /home/utilizador/charmie_ws/install/charmie_speakers_offline/share/ament_index/resource_index/packages
[3.251s] copying resource/charmie_speakers_offline -> /home/utilizador/charmie_ws/install/charmie_speakers_offline/share/ament_index/resource_index/packages
[3.251s] copying package.xml -> /home/utilizador/charmie_ws/install/charmie_speakers_offline/share/charmie_speakers_offline
[3.302s] Invoked command in '/home/utilizador/charmie_ws/build/charmie_speakers_offline' returned '0': AMENT_PREFIX_PATH=/home/utilizador/charmie_ws/install/charmie_interfaces:${AMENT_PREFIX_PATH} CMAKE_PREFIX_PATH=/home/utilizador/charmie_ws/install/charmie_interfaces LD_LIBRARY_PATH=/home/utilizador/charmie_ws/install/charmie_interfaces/lib:${LD_LIBRARY_PATH} PYTHONPATH=/home/utilizador/charmie_ws/build/charmie_speakers_offline/prefix_override:/home/utilizador/charmie_ws/install/charmie_speakers_offline/lib/python3.8/site-packages:/home/utilizador/charmie_ws/install/charmie_interfaces/lib/python3.8/site-packages:${PYTHONPATH} /usr/bin/python3 setup.py develop --editable --build-directory /home/utilizador/charmie_ws/build/charmie_speakers_offline/build --no-deps install_data
