[0.123s] Invoking command in '/home/utilizador/charmie_ws/build/charmie_interfaces': CMAKE_PREFIX_PATH=${CMAKE_PREFIX_PATH}:/home/utilizador/charmie_ws/install/charmie_yolo_pose:/home/utilizador/charmie_ws/install/charmie_yolo_objects:/home/utilizador/charmie_ws/install/charmie_stickler_for_the_rules:/home/utilizador/charmie_ws/install/charmie_speakers_offline:/home/utilizador/charmie_ws/install/charmie_speakers:/home/utilizador/charmie_ws/install/charmie_restaurant:/home/utilizador/charmie_ws/install/charmie_receptionist:/home/utilizador/charmie_ws/install/charmie_ps4_controller:/home/utilizador/charmie_ws/install/charmie_person_localisation:/home/utilizador/charmie_ws/install/charmie_odometry:/home/utilizador/charmie_ws/install/charmie_obstacles:/home/utilizador/charmie_ws/install/charmie_neck_dynamixel:/home/utilizador/charmie_ws/install/charmie_navigation_sdnl:/home/utilizador/charmie_ws/install/charmie_low_level:/home/utilizador/charmie_ws/install/charmie_localisation:/home/utilizador/charmie_ws/install/charmie_lidar_hokuyo:/home/utilizador/charmie_ws/install/charmie_inspection:/home/utilizador/charmie_ws/install/charmie_debug:/home/utilizador/charmie_ws/install/charmie_carry_luggage:/home/utilizador/charmie_ws/install/charmie_audio:/home/utilizador/charmie_ws/install/charmie_face_shiningrgb:/home/utilizador/charmie_ws/install/charmie_door_start:/home/utilizador/charmie_ws/install/charmie_diagnostics:/opt/ros/foxy /home/utilizador/.local/bin/cmake /home/utilizador/charmie_ws/src/charmie_interfaces -DCMAKE_INSTALL_PREFIX=/home/utilizador/charmie_ws/install/charmie_interfaces
[2.115s] [33mCMake Warning (dev) at /opt/ros/foxy/share/ament_cmake_core/cmake/core/python.cmake:22 (find_package):
[2.115s]   Policy CMP0148 is not set: The FindPythonInterp and FindPythonLibs modules
[2.116s]   are removed.  Run "cmake --help-policy CMP0148" for policy details.  Use
[2.116s]   the cmake_policy command to set the policy and suppress this warning.
[2.116s] 
[2.117s] Call Stack (most recent call first):
[2.120s]   /opt/ros/foxy/share/ament_cmake_core/cmake/core/all.cmake:53 (include)
[2.120s]   /opt/ros/foxy/share/ament_cmake_core/cmake/ament_cmake_core-extras.cmake:17 (include)
[2.121s]   /opt/ros/foxy/share/ament_cmake_core/cmake/ament_cmake_coreConfig.cmake:41 (include)
[2.121s]   /opt/ros/foxy/share/ament_cmake/cmake/ament_cmake_export_dependencies-extras.cmake:15 (find_package)
[2.122s]   /opt/ros/foxy/share/ament_cmake/cmake/ament_cmakeConfig.cmake:41 (include)
[2.123s]   CMakeLists.txt:19 (find_package)
[2.124s] This warning is for project developers.  Use -Wno-dev to suppress it.
[2.124s] [0m
[2.124s] [33mCMake Warning (dev) at /opt/ros/foxy/share/rosidl_adapter/cmake/rosidl_adapt_interfaces.cmake:40 (find_package):
[2.124s]   Policy CMP0148 is not set: The FindPythonInterp and FindPythonLibs modules
[2.124s]   are removed.  Run "cmake --help-policy CMP0148" for policy details.  Use
[2.126s]   the cmake_policy command to set the policy and suppress this warning.
[2.127s] 
[2.127s] Call Stack (most recent call first):
[2.127s]   /opt/ros/foxy/share/rosidl_cmake/cmake/rosidl_generate_interfaces.cmake:130 (rosidl_adapt_interfaces)
[2.128s]   CMakeLists.txt:24 (rosidl_generate_interfaces)
[2.130s] This warning is for project developers.  Use -Wno-dev to suppress it.
[2.131s] [0m
[2.131s] [33mCMake Warning (dev) at /opt/ros/foxy/share/rosidl_generator_py/cmake/rosidl_generator_py_generate_interfaces.cmake:20 (find_package):
[2.133s]   Policy CMP0148 is not set: The FindPythonInterp and FindPythonLibs modules
[2.134s]   are removed.  Run "cmake --help-policy CMP0148" for policy details.  Use
[2.134s]   the cmake_policy command to set the policy and suppress this warning.
[2.134s] 
[2.136s] Call Stack (most recent call first):
[2.137s]   /opt/ros/foxy/share/ament_cmake_core/cmake/core/ament_execute_extensions.cmake:48 (include)
[2.139s]   /opt/ros/foxy/share/rosidl_cmake/cmake/rosidl_generate_interfaces.cmake:286 (ament_execute_extensions)
[2.139s]   CMakeLists.txt:24 (rosidl_generate_interfaces)
[2.140s] This warning is for project developers.  Use -Wno-dev to suppress it.
[2.140s] [0m
[2.140s] [33mCMake Warning (dev) at /opt/ros/foxy/share/python_cmake_module/cmake/Modules/FindPythonExtra.cmake:45 (find_package):
[2.140s]   Policy CMP0148 is not set: The FindPythonInterp and FindPythonLibs modules
[2.141s]   are removed.  Run "cmake --help-policy CMP0148" for policy details.  Use
[2.143s]   the cmake_policy command to set the policy and suppress this warning.
[2.144s] 
[2.144s] Call Stack (most recent call first):
[2.145s]   /opt/ros/foxy/share/rosidl_generator_py/cmake/rosidl_generator_py_generate_interfaces.cmake:23 (find_package)
[2.145s]   /opt/ros/foxy/share/ament_cmake_core/cmake/core/ament_execute_extensions.cmake:48 (include)
[2.145s]   /opt/ros/foxy/share/rosidl_cmake/cmake/rosidl_generate_interfaces.cmake:286 (ament_execute_extensions)
[2.145s]   CMakeLists.txt:24 (rosidl_generate_interfaces)
[2.146s] This warning is for project developers.  Use -Wno-dev to suppress it.
[2.146s] [0m
[2.146s] [33mCMake Warning (dev) at /opt/ros/foxy/share/python_cmake_module/cmake/Modules/FindPythonExtra.cmake:133 (find_package):
[2.147s]   Policy CMP0148 is not set: The FindPythonInterp and FindPythonLibs modules
[2.147s]   are removed.  Run "cmake --help-policy CMP0148" for policy details.  Use
[2.147s]   the cmake_policy command to set the policy and suppress this warning.
[2.148s] 
[2.148s] Call Stack (most recent call first):
[2.148s]   /opt/ros/foxy/share/rosidl_generator_py/cmake/rosidl_generator_py_generate_interfaces.cmake:23 (find_package)
[2.149s]   /opt/ros/foxy/share/ament_cmake_core/cmake/core/ament_execute_extensions.cmake:48 (include)
[2.149s]   /opt/ros/foxy/share/rosidl_cmake/cmake/rosidl_generate_interfaces.cmake:286 (ament_execute_extensions)
[2.149s]   CMakeLists.txt:24 (rosidl_generate_interfaces)
[2.149s] This warning is for project developers.  Use -Wno-dev to suppress it.
[2.150s] [0m
[2.157s] -- Found ament_cmake: 0.9.12 (/opt/ros/foxy/share/ament_cmake/cmake)
[2.157s] -- Found PythonInterp: /usr/bin/python3 (found suitable version "3.8.10", minimum required is "3") 
[2.157s] -- Using PYTHON_EXECUTABLE: /usr/bin/python3
[2.157s] -- Override CMake install command with custom implementation using symlinks instead of copying resources
[2.157s] -- Found rosidl_default_generators: 1.0.1 (/opt/ros/foxy/share/rosidl_default_generators/cmake)
[2.158s] -- Using all available rosidl_typesupport_c: rosidl_typesupport_fastrtps_c;rosidl_typesupport_introspection_c
[2.158s] -- Found rosidl_adapter: 1.3.1 (/opt/ros/foxy/share/rosidl_adapter/cmake)
[2.158s] -- Using all available rosidl_typesupport_cpp: rosidl_typesupport_fastrtps_cpp;rosidl_typesupport_introspection_cpp
[2.158s] -- Found geometry_msgs: 2.0.5 (/opt/ros/foxy/share/geometry_msgs/cmake)
[2.158s] -- Found PythonInterp: /usr/bin/python3 (found version "3.8.10") 
[2.158s] -- Found ament_cmake_ros: 0.9.2 (/opt/ros/foxy/share/ament_cmake_ros/cmake)
[2.158s] -- Using all available rosidl_typesupport_c: rosidl_typesupport_fastrtps_c;rosidl_typesupport_introspection_c
[2.159s] -- Using all available rosidl_typesupport_cpp: rosidl_typesupport_fastrtps_cpp;rosidl_typesupport_introspection_cpp
[2.159s] -- Found PythonInterp: /usr/bin/python3 (found suitable version "3.8.10", minimum required is "3.5") 
[2.159s] -- Found python_cmake_module: 0.8.1 (/opt/ros/foxy/share/python_cmake_module/cmake)
[2.159s] -- Using PYTHON_EXECUTABLE: /usr/bin/python3
[2.159s] -- Using PYTHON_INCLUDE_DIRS: /usr/include/python3.8
[2.159s] -- Using PYTHON_LIBRARIES: /usr/lib/x86_64-linux-gnu/libpython3.8.so
[2.159s] -- Configuring done (1.8s)
[2.181s] -- Generating done (0.1s)
[2.186s] -- Build files have been written to: /home/utilizador/charmie_ws/build/charmie_interfaces
[2.208s] Invoked command in '/home/utilizador/charmie_ws/build/charmie_interfaces' returned '0': CMAKE_PREFIX_PATH=${CMAKE_PREFIX_PATH}:/home/utilizador/charmie_ws/install/charmie_yolo_pose:/home/utilizador/charmie_ws/install/charmie_yolo_objects:/home/utilizador/charmie_ws/install/charmie_stickler_for_the_rules:/home/utilizador/charmie_ws/install/charmie_speakers_offline:/home/utilizador/charmie_ws/install/charmie_speakers:/home/utilizador/charmie_ws/install/charmie_restaurant:/home/utilizador/charmie_ws/install/charmie_receptionist:/home/utilizador/charmie_ws/install/charmie_ps4_controller:/home/utilizador/charmie_ws/install/charmie_person_localisation:/home/utilizador/charmie_ws/install/charmie_odometry:/home/utilizador/charmie_ws/install/charmie_obstacles:/home/utilizador/charmie_ws/install/charmie_neck_dynamixel:/home/utilizador/charmie_ws/install/charmie_navigation_sdnl:/home/utilizador/charmie_ws/install/charmie_low_level:/home/utilizador/charmie_ws/install/charmie_localisation:/home/utilizador/charmie_ws/install/charmie_lidar_hokuyo:/home/utilizador/charmie_ws/install/charmie_inspection:/home/utilizador/charmie_ws/install/charmie_debug:/home/utilizador/charmie_ws/install/charmie_carry_luggage:/home/utilizador/charmie_ws/install/charmie_audio:/home/utilizador/charmie_ws/install/charmie_face_shiningrgb:/home/utilizador/charmie_ws/install/charmie_door_start:/home/utilizador/charmie_ws/install/charmie_diagnostics:/opt/ros/foxy /home/utilizador/.local/bin/cmake /home/utilizador/charmie_ws/src/charmie_interfaces -DCMAKE_INSTALL_PREFIX=/home/utilizador/charmie_ws/install/charmie_interfaces
[2.210s] Invoking command in '/home/utilizador/charmie_ws/build/charmie_interfaces': CMAKE_PREFIX_PATH=${CMAKE_PREFIX_PATH}:/home/utilizador/charmie_ws/install/charmie_yolo_pose:/home/utilizador/charmie_ws/install/charmie_yolo_objects:/home/utilizador/charmie_ws/install/charmie_stickler_for_the_rules:/home/utilizador/charmie_ws/install/charmie_speakers_offline:/home/utilizador/charmie_ws/install/charmie_speakers:/home/utilizador/charmie_ws/install/charmie_restaurant:/home/utilizador/charmie_ws/install/charmie_receptionist:/home/utilizador/charmie_ws/install/charmie_ps4_controller:/home/utilizador/charmie_ws/install/charmie_person_localisation:/home/utilizador/charmie_ws/install/charmie_odometry:/home/utilizador/charmie_ws/install/charmie_obstacles:/home/utilizador/charmie_ws/install/charmie_neck_dynamixel:/home/utilizador/charmie_ws/install/charmie_navigation_sdnl:/home/utilizador/charmie_ws/install/charmie_low_level:/home/utilizador/charmie_ws/install/charmie_localisation:/home/utilizador/charmie_ws/install/charmie_lidar_hokuyo:/home/utilizador/charmie_ws/install/charmie_inspection:/home/utilizador/charmie_ws/install/charmie_debug:/home/utilizador/charmie_ws/install/charmie_carry_luggage:/home/utilizador/charmie_ws/install/charmie_audio:/home/utilizador/charmie_ws/install/charmie_face_shiningrgb:/home/utilizador/charmie_ws/install/charmie_door_start:/home/utilizador/charmie_ws/install/charmie_diagnostics:/opt/ros/foxy /home/utilizador/.local/bin/cmake --build /home/utilizador/charmie_ws/build/charmie_interfaces -- -j8 -l8
[2.345s] [  0%] Built target charmie_interfaces__cpp
[2.363s] [ 12%] Built target charmie_interfaces__rosidl_generator_c
[2.414s] [ 24%] Built target charmie_interfaces__rosidl_typesupport_introspection_c
[2.415s] [ 35%] Built target charmie_interfaces__rosidl_typesupport_fastrtps_cpp
[2.421s] [ 47%] Built target charmie_interfaces__rosidl_typesupport_c
[2.422s] [ 59%] Built target charmie_interfaces__rosidl_typesupport_introspection_cpp
[2.426s] [ 71%] Built target charmie_interfaces__rosidl_typesupport_cpp
[2.460s] [ 83%] Built target charmie_interfaces__rosidl_typesupport_fastrtps_c
[2.497s] [ 83%] Built target charmie_interfaces
[2.519s] [ 84%] Built target charmie_interfaces__py
[2.572s] [ 95%] Built target charmie_interfaces__python
[2.608s] [ 97%] Built target charmie_interfaces__rosidl_typesupport_fastrtps_c__pyext
[2.611s] [ 99%] Built target charmie_interfaces__rosidl_typesupport_introspection_c__pyext
[2.613s] [100%] Built target charmie_interfaces__rosidl_typesupport_c__pyext
[2.631s] Invoked command in '/home/utilizador/charmie_ws/build/charmie_interfaces' returned '0': CMAKE_PREFIX_PATH=${CMAKE_PREFIX_PATH}:/home/utilizador/charmie_ws/install/charmie_yolo_pose:/home/utilizador/charmie_ws/install/charmie_yolo_objects:/home/utilizador/charmie_ws/install/charmie_stickler_for_the_rules:/home/utilizador/charmie_ws/install/charmie_speakers_offline:/home/utilizador/charmie_ws/install/charmie_speakers:/home/utilizador/charmie_ws/install/charmie_restaurant:/home/utilizador/charmie_ws/install/charmie_receptionist:/home/utilizador/charmie_ws/install/charmie_ps4_controller:/home/utilizador/charmie_ws/install/charmie_person_localisation:/home/utilizador/charmie_ws/install/charmie_odometry:/home/utilizador/charmie_ws/install/charmie_obstacles:/home/utilizador/charmie_ws/install/charmie_neck_dynamixel:/home/utilizador/charmie_ws/install/charmie_navigation_sdnl:/home/utilizador/charmie_ws/install/charmie_low_level:/home/utilizador/charmie_ws/install/charmie_localisation:/home/utilizador/charmie_ws/install/charmie_lidar_hokuyo:/home/utilizador/charmie_ws/install/charmie_inspection:/home/utilizador/charmie_ws/install/charmie_debug:/home/utilizador/charmie_ws/install/charmie_carry_luggage:/home/utilizador/charmie_ws/install/charmie_audio:/home/utilizador/charmie_ws/install/charmie_face_shiningrgb:/home/utilizador/charmie_ws/install/charmie_door_start:/home/utilizador/charmie_ws/install/charmie_diagnostics:/opt/ros/foxy /home/utilizador/.local/bin/cmake --build /home/utilizador/charmie_ws/build/charmie_interfaces -- -j8 -l8
[3.380s] Invoking command in '/home/utilizador/charmie_ws/build/charmie_interfaces': CMAKE_PREFIX_PATH=${CMAKE_PREFIX_PATH}:/home/utilizador/charmie_ws/install/charmie_yolo_pose:/home/utilizador/charmie_ws/install/charmie_yolo_objects:/home/utilizador/charmie_ws/install/charmie_stickler_for_the_rules:/home/utilizador/charmie_ws/install/charmie_speakers_offline:/home/utilizador/charmie_ws/install/charmie_speakers:/home/utilizador/charmie_ws/install/charmie_restaurant:/home/utilizador/charmie_ws/install/charmie_receptionist:/home/utilizador/charmie_ws/install/charmie_ps4_controller:/home/utilizador/charmie_ws/install/charmie_person_localisation:/home/utilizador/charmie_ws/install/charmie_odometry:/home/utilizador/charmie_ws/install/charmie_obstacles:/home/utilizador/charmie_ws/install/charmie_neck_dynamixel:/home/utilizador/charmie_ws/install/charmie_navigation_sdnl:/home/utilizador/charmie_ws/install/charmie_low_level:/home/utilizador/charmie_ws/install/charmie_localisation:/home/utilizador/charmie_ws/install/charmie_lidar_hokuyo:/home/utilizador/charmie_ws/install/charmie_inspection:/home/utilizador/charmie_ws/install/charmie_debug:/home/utilizador/charmie_ws/install/charmie_carry_luggage:/home/utilizador/charmie_ws/install/charmie_audio:/home/utilizador/charmie_ws/install/charmie_face_shiningrgb:/home/utilizador/charmie_ws/install/charmie_door_start:/home/utilizador/charmie_ws/install/charmie_diagnostics:/opt/ros/foxy /home/utilizador/.local/bin/cmake --install /home/utilizador/charmie_ws/build/charmie_interfaces
[3.457s] -- Install configuration: ""
[3.458s] -- Execute custom install script
[3.459s] -- Up-to-date symlink: /home/utilizador/charmie_ws/install/charmie_interfaces/share/ament_index/resource_index/rosidl_interfaces/charmie_interfaces
[3.460s] -- Up-to-date symlink: /home/utilizador/charmie_ws/install/charmie_interfaces/include/charmie_interfaces/msg/detail/encoders__functions.h
[3.460s] -- Up-to-date symlink: /home/utilizador/charmie_ws/install/charmie_interfaces/include/charmie_interfaces/msg/detail/encoders__struct.h
[3.460s] -- Up-to-date symlink: /home/utilizador/charmie_ws/install/charmie_interfaces/include/charmie_interfaces/msg/detail/encoders__type_support.h
[3.460s] -- Up-to-date symlink: /home/utilizador/charmie_ws/install/charmie_interfaces/include/charmie_interfaces/msg/detail/example_tr__functions.h
[3.461s] -- Up-to-date symlink: /home/utilizador/charmie_ws/install/charmie_interfaces/include/charmie_interfaces/msg/detail/example_tr__struct.h
[3.461s] -- Up-to-date symlink: /home/utilizador/charmie_ws/install/charmie_interfaces/include/charmie_interfaces/msg/detail/example_tr__type_support.h
[3.461s] -- Up-to-date symlink: /home/utilizador/charmie_ws/install/charmie_interfaces/include/charmie_interfaces/msg/detail/keypoints__functions.h
[3.461s] -- Up-to-date symlink: /home/utilizador/charmie_ws/install/charmie_interfaces/include/charmie_interfaces/msg/detail/keypoints__struct.h
[3.462s] -- Up-to-date symlink: /home/utilizador/charmie_ws/install/charmie_interfaces/include/charmie_interfaces/msg/detail/keypoints__type_support.h
[3.462s] -- Up-to-date symlink: /home/utilizador/charmie_ws/install/charmie_interfaces/include/charmie_interfaces/msg/detail/multi_objects__functions.h
[3.462s] -- Up-to-date symlink: /home/utilizador/charmie_ws/install/charmie_interfaces/include/charmie_interfaces/msg/detail/multi_objects__struct.h
[3.462s] -- Up-to-date symlink: /home/utilizador/charmie_ws/install/charmie_interfaces/include/charmie_interfaces/msg/detail/multi_objects__type_support.h
[3.463s] -- Up-to-date symlink: /home/utilizador/charmie_ws/install/charmie_interfaces/include/charmie_interfaces/msg/detail/obstacle_info__functions.h
[3.463s] -- Up-to-date symlink: /home/utilizador/charmie_ws/install/charmie_interfaces/include/charmie_interfaces/msg/detail/obstacle_info__struct.h
[3.463s] -- Up-to-date symlink: /home/utilizador/charmie_ws/install/charmie_interfaces/include/charmie_interfaces/msg/detail/obstacle_info__type_support.h
[3.463s] -- Up-to-date symlink: /home/utilizador/charmie_ws/install/charmie_interfaces/include/charmie_interfaces/msg/detail/obstacles__functions.h
[3.464s] -- Up-to-date symlink: /home/utilizador/charmie_ws/install/charmie_interfaces/include/charmie_interfaces/msg/detail/obstacles__struct.h
[3.464s] -- Up-to-date symlink: /home/utilizador/charmie_ws/install/charmie_interfaces/include/charmie_interfaces/msg/detail/obstacles__type_support.h
[3.464s] -- Up-to-date symlink: /home/utilizador/charmie_ws/install/charmie_interfaces/include/charmie_interfaces/msg/detail/ps4_controller__functions.h
[3.465s] -- Up-to-date symlink: /home/utilizador/charmie_ws/install/charmie_interfaces/include/charmie_interfaces/msg/detail/ps4_controller__struct.h
[3.465s] -- Up-to-date symlink: /home/utilizador/charmie_ws/install/charmie_interfaces/include/charmie_interfaces/msg/detail/ps4_controller__type_support.h
[3.465s] -- Up-to-date symlink: /home/utilizador/charmie_ws/install/charmie_interfaces/include/charmie_interfaces/msg/detail/robot_speech__functions.h
[3.465s] -- Up-to-date symlink: /home/utilizador/charmie_ws/install/charmie_interfaces/include/charmie_interfaces/msg/detail/robot_speech__struct.h
[3.465s] -- Up-to-date symlink: /home/utilizador/charmie_ws/install/charmie_interfaces/include/charmie_interfaces/msg/detail/robot_speech__type_support.h
[3.465s] -- Up-to-date symlink: /home/utilizador/charmie_ws/install/charmie_interfaces/include/charmie_interfaces/msg/detail/speech_type__functions.h
[3.468s] -- Up-to-date symlink: /home/utilizador/charmie_ws/install/charmie_interfaces/include/charmie_interfaces/msg/detail/speech_type__struct.h
[3.468s] -- Up-to-date symlink: /home/utilizador/charmie_ws/install/charmie_interfaces/include/charmie_interfaces/msg/detail/speech_type__type_support.h
[3.469s] -- Up-to-date symlink: /home/utilizador/charmie_ws/install/charmie_interfaces/include/charmie_interfaces/msg/detail/tar_nav_sdnl__functions.h
[3.469s] -- Up-to-date symlink: /home/utilizador/charmie_ws/install/charmie_interfaces/include/charmie_interfaces/msg/detail/tar_nav_sdnl__struct.h
[3.469s] -- Up-to-date symlink: /home/utilizador/charmie_ws/install/charmie_interfaces/include/charmie_interfaces/msg/detail/tar_nav_sdnl__type_support.h
[3.469s] -- Up-to-date symlink: /home/utilizador/charmie_ws/install/charmie_interfaces/include/charmie_interfaces/msg/detail/yolov8_pose__functions.h
[3.469s] -- Up-to-date symlink: /home/utilizador/charmie_ws/install/charmie_interfaces/include/charmie_interfaces/msg/detail/yolov8_pose__struct.h
[3.469s] -- Up-to-date symlink: /home/utilizador/charmie_ws/install/charmie_interfaces/include/charmie_interfaces/msg/detail/yolov8_pose__type_support.h
[3.469s] -- Up-to-date symlink: /home/utilizador/charmie_ws/install/charmie_interfaces/include/charmie_interfaces/msg/detail/yolov8_pose_array__functions.h
[3.470s] -- Up-to-date symlink: /home/utilizador/charmie_ws/install/charmie_interfaces/include/charmie_interfaces/msg/detail/yolov8_pose_array__struct.h
[3.470s] -- Up-to-date symlink: /home/utilizador/charmie_ws/install/charmie_interfaces/include/charmie_interfaces/msg/detail/yolov8_pose_array__type_support.h
[3.470s] -- Up-to-date symlink: /home/utilizador/charmie_ws/install/charmie_interfaces/include/charmie_interfaces/msg/encoders.h
[3.470s] -- Up-to-date symlink: /home/utilizador/charmie_ws/install/charmie_interfaces/include/charmie_interfaces/msg/example_tr.h
[3.470s] -- Up-to-date symlink: /home/utilizador/charmie_ws/install/charmie_interfaces/include/charmie_interfaces/msg/keypoints.h
[3.470s] -- Up-to-date symlink: /home/utilizador/charmie_ws/install/charmie_interfaces/include/charmie_interfaces/msg/multi_objects.h
[3.470s] -- Up-to-date symlink: /home/utilizador/charmie_ws/install/charmie_interfaces/include/charmie_interfaces/msg/obstacle_info.h
[3.471s] -- Up-to-date symlink: /home/utilizador/charmie_ws/install/charmie_interfaces/include/charmie_interfaces/msg/obstacles.h
[3.471s] -- Up-to-date symlink: /home/utilizador/charmie_ws/install/charmie_interfaces/include/charmie_interfaces/msg/ps4_controller.h
[3.471s] -- Up-to-date symlink: /home/utilizador/charmie_ws/install/charmie_interfaces/include/charmie_interfaces/msg/robot_speech.h
[3.471s] -- Up-to-date symlink: /home/utilizador/charmie_ws/install/charmie_interfaces/include/charmie_interfaces/msg/rosidl_generator_c__visibility_control.h
[3.471s] -- Up-to-date symlink: /home/utilizador/charmie_ws/install/charmie_interfaces/include/charmie_interfaces/msg/speech_type.h
[3.471s] -- Up-to-date symlink: /home/utilizador/charmie_ws/install/charmie_interfaces/include/charmie_interfaces/msg/tar_nav_sdnl.h
[3.471s] -- Up-to-date symlink: /home/utilizador/charmie_ws/install/charmie_interfaces/include/charmie_interfaces/msg/yolov8_pose.h
[3.472s] -- Up-to-date symlink: /home/utilizador/charmie_ws/install/charmie_interfaces/include/charmie_interfaces/msg/yolov8_pose_array.h
[3.473s] -- Up-to-date symlink: /home/utilizador/charmie_ws/install/charmie_interfaces/share/charmie_interfaces/environment/library_path.sh
[3.474s] -- Up-to-date symlink: /home/utilizador/charmie_ws/install/charmie_interfaces/share/charmie_interfaces/environment/library_path.dsv
[3.476s] -- Up-to-date symlink: /home/utilizador/charmie_ws/install/charmie_interfaces/include/charmie_interfaces/msg/detail/encoders__rosidl_typesupport_fastrtps_c.h
[3.476s] -- Up-to-date symlink: /home/utilizador/charmie_ws/install/charmie_interfaces/include/charmie_interfaces/msg/detail/example_tr__rosidl_typesupport_fastrtps_c.h
[3.477s] -- Up-to-date symlink: /home/utilizador/charmie_ws/install/charmie_interfaces/include/charmie_interfaces/msg/detail/keypoints__rosidl_typesupport_fastrtps_c.h
[3.477s] -- Up-to-date symlink: /home/utilizador/charmie_ws/install/charmie_interfaces/include/charmie_interfaces/msg/detail/multi_objects__rosidl_typesupport_fastrtps_c.h
[3.478s] -- Up-to-date symlink: /home/utilizador/charmie_ws/install/charmie_interfaces/include/charmie_interfaces/msg/detail/obstacle_info__rosidl_typesupport_fastrtps_c.h
[3.478s] -- Up-to-date symlink: /home/utilizador/charmie_ws/install/charmie_interfaces/include/charmie_interfaces/msg/detail/obstacles__rosidl_typesupport_fastrtps_c.h
[3.479s] -- Up-to-date symlink: /home/utilizador/charmie_ws/install/charmie_interfaces/include/charmie_interfaces/msg/detail/ps4_controller__rosidl_typesupport_fastrtps_c.h
[3.479s] -- Up-to-date symlink: /home/utilizador/charmie_ws/install/charmie_interfaces/include/charmie_interfaces/msg/detail/robot_speech__rosidl_typesupport_fastrtps_c.h
[3.479s] -- Up-to-date symlink: /home/utilizador/charmie_ws/install/charmie_interfaces/include/charmie_interfaces/msg/detail/speech_type__rosidl_typesupport_fastrtps_c.h
[3.480s] -- Up-to-date symlink: /home/utilizador/charmie_ws/install/charmie_interfaces/include/charmie_interfaces/msg/detail/tar_nav_sdnl__rosidl_typesupport_fastrtps_c.h
[3.480s] -- Up-to-date symlink: /home/utilizador/charmie_ws/install/charmie_interfaces/include/charmie_interfaces/msg/detail/yolov8_pose__rosidl_typesupport_fastrtps_c.h
[3.481s] -- Up-to-date symlink: /home/utilizador/charmie_ws/install/charmie_interfaces/include/charmie_interfaces/msg/detail/yolov8_pose_array__rosidl_typesupport_fastrtps_c.h
[3.481s] -- Up-to-date symlink: /home/utilizador/charmie_ws/install/charmie_interfaces/include/charmie_interfaces/msg/rosidl_typesupport_fastrtps_c__visibility_control.h
[3.482s] -- Up-to-date symlink: /home/utilizador/charmie_ws/install/charmie_interfaces/lib/libcharmie_interfaces__rosidl_typesupport_fastrtps_c.so
[3.484s] -- Up-to-date symlink: /home/utilizador/charmie_ws/install/charmie_interfaces/include/charmie_interfaces/msg/detail/encoders__rosidl_typesupport_fastrtps_cpp.hpp
[3.484s] -- Up-to-date symlink: /home/utilizador/charmie_ws/install/charmie_interfaces/include/charmie_interfaces/msg/detail/example_tr__rosidl_typesupport_fastrtps_cpp.hpp
[3.485s] -- Up-to-date symlink: /home/utilizador/charmie_ws/install/charmie_interfaces/include/charmie_interfaces/msg/detail/keypoints__rosidl_typesupport_fastrtps_cpp.hpp
[3.485s] -- Up-to-date symlink: /home/utilizador/charmie_ws/install/charmie_interfaces/include/charmie_interfaces/msg/detail/multi_objects__rosidl_typesupport_fastrtps_cpp.hpp
[3.486s] -- Up-to-date symlink: /home/utilizador/charmie_ws/install/charmie_interfaces/include/charmie_interfaces/msg/detail/obstacle_info__rosidl_typesupport_fastrtps_cpp.hpp
[3.486s] -- Up-to-date symlink: /home/utilizador/charmie_ws/install/charmie_interfaces/include/charmie_interfaces/msg/detail/obstacles__rosidl_typesupport_fastrtps_cpp.hpp
[3.487s] -- Up-to-date symlink: /home/utilizador/charmie_ws/install/charmie_interfaces/include/charmie_interfaces/msg/detail/ps4_controller__rosidl_typesupport_fastrtps_cpp.hpp
[3.487s] -- Up-to-date symlink: /home/utilizador/charmie_ws/install/charmie_interfaces/include/charmie_interfaces/msg/detail/robot_speech__rosidl_typesupport_fastrtps_cpp.hpp
[3.488s] -- Up-to-date symlink: /home/utilizador/charmie_ws/install/charmie_interfaces/include/charmie_interfaces/msg/detail/speech_type__rosidl_typesupport_fastrtps_cpp.hpp
[3.488s] -- Up-to-date symlink: /home/utilizador/charmie_ws/install/charmie_interfaces/include/charmie_interfaces/msg/detail/tar_nav_sdnl__rosidl_typesupport_fastrtps_cpp.hpp
[3.489s] -- Up-to-date symlink: /home/utilizador/charmie_ws/install/charmie_interfaces/include/charmie_interfaces/msg/detail/yolov8_pose__rosidl_typesupport_fastrtps_cpp.hpp
[3.489s] -- Up-to-date symlink: /home/utilizador/charmie_ws/install/charmie_interfaces/include/charmie_interfaces/msg/detail/yolov8_pose_array__rosidl_typesupport_fastrtps_cpp.hpp
[3.490s] -- Up-to-date symlink: /home/utilizador/charmie_ws/install/charmie_interfaces/include/charmie_interfaces/msg/rosidl_typesupport_fastrtps_cpp__visibility_control.h
[3.491s] -- Up-to-date symlink: /home/utilizador/charmie_ws/install/charmie_interfaces/lib/libcharmie_interfaces__rosidl_typesupport_fastrtps_cpp.so
[3.492s] -- Up-to-date symlink: /home/utilizador/charmie_ws/install/charmie_interfaces/include/charmie_interfaces/msg/detail/encoders__rosidl_typesupport_introspection_c.h
[3.493s] -- Up-to-date symlink: /home/utilizador/charmie_ws/install/charmie_interfaces/include/charmie_interfaces/msg/detail/example_tr__rosidl_typesupport_introspection_c.h
[3.493s] -- Up-to-date symlink: /home/utilizador/charmie_ws/install/charmie_interfaces/include/charmie_interfaces/msg/detail/keypoints__rosidl_typesupport_introspection_c.h
[3.494s] -- Up-to-date symlink: /home/utilizador/charmie_ws/install/charmie_interfaces/include/charmie_interfaces/msg/detail/multi_objects__rosidl_typesupport_introspection_c.h
[3.494s] -- Up-to-date symlink: /home/utilizador/charmie_ws/install/charmie_interfaces/include/charmie_interfaces/msg/detail/obstacle_info__rosidl_typesupport_introspection_c.h
[3.494s] -- Up-to-date symlink: /home/utilizador/charmie_ws/install/charmie_interfaces/include/charmie_interfaces/msg/detail/obstacles__rosidl_typesupport_introspection_c.h
[3.495s] -- Up-to-date symlink: /home/utilizador/charmie_ws/install/charmie_interfaces/include/charmie_interfaces/msg/detail/ps4_controller__rosidl_typesupport_introspection_c.h
[3.495s] -- Up-to-date symlink: /home/utilizador/charmie_ws/install/charmie_interfaces/include/charmie_interfaces/msg/detail/robot_speech__rosidl_typesupport_introspection_c.h
[3.496s] -- Up-to-date symlink: /home/utilizador/charmie_ws/install/charmie_interfaces/include/charmie_interfaces/msg/detail/speech_type__rosidl_typesupport_introspection_c.h
[3.496s] -- Up-to-date symlink: /home/utilizador/charmie_ws/install/charmie_interfaces/include/charmie_interfaces/msg/detail/tar_nav_sdnl__rosidl_typesupport_introspection_c.h
[3.497s] -- Up-to-date symlink: /home/utilizador/charmie_ws/install/charmie_interfaces/include/charmie_interfaces/msg/detail/yolov8_pose__rosidl_typesupport_introspection_c.h
[3.497s] -- Up-to-date symlink: /home/utilizador/charmie_ws/install/charmie_interfaces/include/charmie_interfaces/msg/detail/yolov8_pose_array__rosidl_typesupport_introspection_c.h
[3.498s] -- Up-to-date symlink: /home/utilizador/charmie_ws/install/charmie_interfaces/include/charmie_interfaces/msg/rosidl_typesupport_introspection_c__visibility_control.h
[3.501s] -- Up-to-date symlink: /home/utilizador/charmie_ws/install/charmie_interfaces/include/charmie_interfaces/msg/detail/encoders__builder.hpp
[3.501s] -- Up-to-date symlink: /home/utilizador/charmie_ws/install/charmie_interfaces/include/charmie_interfaces/msg/detail/encoders__struct.hpp
[3.502s] -- Up-to-date symlink: /home/utilizador/charmie_ws/install/charmie_interfaces/include/charmie_interfaces/msg/detail/encoders__traits.hpp
[3.502s] -- Up-to-date symlink: /home/utilizador/charmie_ws/install/charmie_interfaces/include/charmie_interfaces/msg/detail/encoders__type_support.hpp
[3.503s] -- Up-to-date symlink: /home/utilizador/charmie_ws/install/charmie_interfaces/include/charmie_interfaces/msg/detail/example_tr__builder.hpp
[3.503s] -- Up-to-date symlink: /home/utilizador/charmie_ws/install/charmie_interfaces/include/charmie_interfaces/msg/detail/example_tr__struct.hpp
[3.504s] -- Up-to-date symlink: /home/utilizador/charmie_ws/install/charmie_interfaces/include/charmie_interfaces/msg/detail/example_tr__traits.hpp
[3.504s] -- Up-to-date symlink: /home/utilizador/charmie_ws/install/charmie_interfaces/include/charmie_interfaces/msg/detail/example_tr__type_support.hpp
[3.505s] -- Up-to-date symlink: /home/utilizador/charmie_ws/install/charmie_interfaces/include/charmie_interfaces/msg/detail/keypoints__builder.hpp
[3.505s] -- Up-to-date symlink: /home/utilizador/charmie_ws/install/charmie_interfaces/include/charmie_interfaces/msg/detail/keypoints__struct.hpp
[3.506s] -- Up-to-date symlink: /home/utilizador/charmie_ws/install/charmie_interfaces/include/charmie_interfaces/msg/detail/keypoints__traits.hpp
[3.506s] -- Up-to-date symlink: /home/utilizador/charmie_ws/install/charmie_interfaces/include/charmie_interfaces/msg/detail/keypoints__type_support.hpp
[3.507s] -- Up-to-date symlink: /home/utilizador/charmie_ws/install/charmie_interfaces/include/charmie_interfaces/msg/detail/multi_objects__builder.hpp
[3.507s] -- Up-to-date symlink: /home/utilizador/charmie_ws/install/charmie_interfaces/include/charmie_interfaces/msg/detail/multi_objects__struct.hpp
[3.508s] -- Up-to-date symlink: /home/utilizador/charmie_ws/install/charmie_interfaces/include/charmie_interfaces/msg/detail/multi_objects__traits.hpp
[3.508s] -- Up-to-date symlink: /home/utilizador/charmie_ws/install/charmie_interfaces/include/charmie_interfaces/msg/detail/multi_objects__type_support.hpp
[3.509s] -- Up-to-date symlink: /home/utilizador/charmie_ws/install/charmie_interfaces/include/charmie_interfaces/msg/detail/obstacle_info__builder.hpp
[3.509s] -- Up-to-date symlink: /home/utilizador/charmie_ws/install/charmie_interfaces/include/charmie_interfaces/msg/detail/obstacle_info__struct.hpp
[3.510s] -- Up-to-date symlink: /home/utilizador/charmie_ws/install/charmie_interfaces/include/charmie_interfaces/msg/detail/obstacle_info__traits.hpp
[3.510s] -- Up-to-date symlink: /home/utilizador/charmie_ws/install/charmie_interfaces/include/charmie_interfaces/msg/detail/obstacle_info__type_support.hpp
[3.511s] -- Up-to-date symlink: /home/utilizador/charmie_ws/install/charmie_interfaces/include/charmie_interfaces/msg/detail/obstacles__builder.hpp
[3.511s] -- Up-to-date symlink: /home/utilizador/charmie_ws/install/charmie_interfaces/include/charmie_interfaces/msg/detail/obstacles__struct.hpp
[3.512s] -- Up-to-date symlink: /home/utilizador/charmie_ws/install/charmie_interfaces/include/charmie_interfaces/msg/detail/obstacles__traits.hpp
[3.512s] -- Up-to-date symlink: /home/utilizador/charmie_ws/install/charmie_interfaces/include/charmie_interfaces/msg/detail/obstacles__type_support.hpp
[3.513s] -- Up-to-date symlink: /home/utilizador/charmie_ws/install/charmie_interfaces/include/charmie_interfaces/msg/detail/ps4_controller__builder.hpp
[3.513s] -- Up-to-date symlink: /home/utilizador/charmie_ws/install/charmie_interfaces/include/charmie_interfaces/msg/detail/ps4_controller__struct.hpp
[3.513s] -- Up-to-date symlink: /home/utilizador/charmie_ws/install/charmie_interfaces/include/charmie_interfaces/msg/detail/ps4_controller__traits.hpp
[3.514s] -- Up-to-date symlink: /home/utilizador/charmie_ws/install/charmie_interfaces/include/charmie_interfaces/msg/detail/ps4_controller__type_support.hpp
[3.514s] -- Up-to-date symlink: /home/utilizador/charmie_ws/install/charmie_interfaces/include/charmie_interfaces/msg/detail/robot_speech__builder.hpp
[3.515s] -- Up-to-date symlink: /home/utilizador/charmie_ws/install/charmie_interfaces/include/charmie_interfaces/msg/detail/robot_speech__struct.hpp
[3.515s] -- Up-to-date symlink: /home/utilizador/charmie_ws/install/charmie_interfaces/include/charmie_interfaces/msg/detail/robot_speech__traits.hpp
[3.516s] -- Up-to-date symlink: /home/utilizador/charmie_ws/install/charmie_interfaces/include/charmie_interfaces/msg/detail/robot_speech__type_support.hpp
[3.516s] -- Up-to-date symlink: /home/utilizador/charmie_ws/install/charmie_interfaces/include/charmie_interfaces/msg/detail/speech_type__builder.hpp
[3.517s] -- Up-to-date symlink: /home/utilizador/charmie_ws/install/charmie_interfaces/include/charmie_interfaces/msg/detail/speech_type__struct.hpp
[3.518s] -- Up-to-date symlink: /home/utilizador/charmie_ws/install/charmie_interfaces/include/charmie_interfaces/msg/detail/speech_type__traits.hpp
[3.518s] -- Up-to-date symlink: /home/utilizador/charmie_ws/install/charmie_interfaces/include/charmie_interfaces/msg/detail/speech_type__type_support.hpp
[3.519s] -- Up-to-date symlink: /home/utilizador/charmie_ws/install/charmie_interfaces/include/charmie_interfaces/msg/detail/tar_nav_sdnl__builder.hpp
[3.519s] -- Up-to-date symlink: /home/utilizador/charmie_ws/install/charmie_interfaces/include/charmie_interfaces/msg/detail/tar_nav_sdnl__struct.hpp
[3.519s] -- Up-to-date symlink: /home/utilizador/charmie_ws/install/charmie_interfaces/include/charmie_interfaces/msg/detail/tar_nav_sdnl__traits.hpp
[3.520s] -- Up-to-date symlink: /home/utilizador/charmie_ws/install/charmie_interfaces/include/charmie_interfaces/msg/detail/tar_nav_sdnl__type_support.hpp
[3.520s] -- Up-to-date symlink: /home/utilizador/charmie_ws/install/charmie_interfaces/include/charmie_interfaces/msg/detail/yolov8_pose__builder.hpp
[3.521s] -- Up-to-date symlink: /home/utilizador/charmie_ws/install/charmie_interfaces/include/charmie_interfaces/msg/detail/yolov8_pose__struct.hpp
[3.521s] -- Up-to-date symlink: /home/utilizador/charmie_ws/install/charmie_interfaces/include/charmie_interfaces/msg/detail/yolov8_pose__traits.hpp
[3.522s] -- Up-to-date symlink: /home/utilizador/charmie_ws/install/charmie_interfaces/include/charmie_interfaces/msg/detail/yolov8_pose__type_support.hpp
[3.522s] -- Up-to-date symlink: /home/utilizador/charmie_ws/install/charmie_interfaces/include/charmie_interfaces/msg/detail/yolov8_pose_array__builder.hpp
[3.523s] -- Up-to-date symlink: /home/utilizador/charmie_ws/install/charmie_interfaces/include/charmie_interfaces/msg/detail/yolov8_pose_array__struct.hpp
[3.523s] -- Up-to-date symlink: /home/utilizador/charmie_ws/install/charmie_interfaces/include/charmie_interfaces/msg/detail/yolov8_pose_array__traits.hpp
[3.524s] -- Up-to-date symlink: /home/utilizador/charmie_ws/install/charmie_interfaces/include/charmie_interfaces/msg/detail/yolov8_pose_array__type_support.hpp
[3.524s] -- Up-to-date symlink: /home/utilizador/charmie_ws/install/charmie_interfaces/include/charmie_interfaces/msg/encoders.hpp
[3.525s] -- Up-to-date symlink: /home/utilizador/charmie_ws/install/charmie_interfaces/include/charmie_interfaces/msg/example_tr.hpp
[3.525s] -- Up-to-date symlink: /home/utilizador/charmie_ws/install/charmie_interfaces/include/charmie_interfaces/msg/keypoints.hpp
[3.526s] -- Up-to-date symlink: /home/utilizador/charmie_ws/install/charmie_interfaces/include/charmie_interfaces/msg/multi_objects.hpp
[3.526s] -- Up-to-date symlink: /home/utilizador/charmie_ws/install/charmie_interfaces/include/charmie_interfaces/msg/obstacle_info.hpp
[3.526s] -- Up-to-date symlink: /home/utilizador/charmie_ws/install/charmie_interfaces/include/charmie_interfaces/msg/obstacles.hpp
[3.527s] -- Up-to-date symlink: /home/utilizador/charmie_ws/install/charmie_interfaces/include/charmie_interfaces/msg/ps4_controller.hpp
[3.527s] -- Up-to-date symlink: /home/utilizador/charmie_ws/install/charmie_interfaces/include/charmie_interfaces/msg/robot_speech.hpp
[3.528s] -- Up-to-date symlink: /home/utilizador/charmie_ws/install/charmie_interfaces/include/charmie_interfaces/msg/rosidl_generator_cpp__visibility_control.hpp
[3.528s] -- Up-to-date symlink: /home/utilizador/charmie_ws/install/charmie_interfaces/include/charmie_interfaces/msg/speech_type.hpp
[3.529s] -- Up-to-date symlink: /home/utilizador/charmie_ws/install/charmie_interfaces/include/charmie_interfaces/msg/tar_nav_sdnl.hpp
[3.529s] -- Up-to-date symlink: /home/utilizador/charmie_ws/install/charmie_interfaces/include/charmie_interfaces/msg/yolov8_pose.hpp
[3.530s] -- Up-to-date symlink: /home/utilizador/charmie_ws/install/charmie_interfaces/include/charmie_interfaces/msg/yolov8_pose_array.hpp
[3.531s] -- Up-to-date symlink: /home/utilizador/charmie_ws/install/charmie_interfaces/include/charmie_interfaces/msg/detail/encoders__rosidl_typesupport_introspection_cpp.hpp
[3.531s] -- Up-to-date symlink: /home/utilizador/charmie_ws/install/charmie_interfaces/include/charmie_interfaces/msg/detail/example_tr__rosidl_typesupport_introspection_cpp.hpp
[3.532s] -- Up-to-date symlink: /home/utilizador/charmie_ws/install/charmie_interfaces/include/charmie_interfaces/msg/detail/keypoints__rosidl_typesupport_introspection_cpp.hpp
[3.533s] -- Up-to-date symlink: /home/utilizador/charmie_ws/install/charmie_interfaces/include/charmie_interfaces/msg/detail/multi_objects__rosidl_typesupport_introspection_cpp.hpp
[3.533s] -- Up-to-date symlink: /home/utilizador/charmie_ws/install/charmie_interfaces/include/charmie_interfaces/msg/detail/obstacle_info__rosidl_typesupport_introspection_cpp.hpp
[3.533s] -- Up-to-date symlink: /home/utilizador/charmie_ws/install/charmie_interfaces/include/charmie_interfaces/msg/detail/obstacles__rosidl_typesupport_introspection_cpp.hpp
[3.534s] -- Up-to-date symlink: /home/utilizador/charmie_ws/install/charmie_interfaces/include/charmie_interfaces/msg/detail/ps4_controller__rosidl_typesupport_introspection_cpp.hpp
[3.534s] -- Up-to-date symlink: /home/utilizador/charmie_ws/install/charmie_interfaces/include/charmie_interfaces/msg/detail/robot_speech__rosidl_typesupport_introspection_cpp.hpp
[3.535s] -- Up-to-date symlink: /home/utilizador/charmie_ws/install/charmie_interfaces/include/charmie_interfaces/msg/detail/speech_type__rosidl_typesupport_introspection_cpp.hpp
[3.535s] -- Up-to-date symlink: /home/utilizador/charmie_ws/install/charmie_interfaces/include/charmie_interfaces/msg/detail/tar_nav_sdnl__rosidl_typesupport_introspection_cpp.hpp
[3.536s] -- Up-to-date symlink: /home/utilizador/charmie_ws/install/charmie_interfaces/include/charmie_interfaces/msg/detail/yolov8_pose__rosidl_typesupport_introspection_cpp.hpp
[3.536s] -- Up-to-date symlink: /home/utilizador/charmie_ws/install/charmie_interfaces/include/charmie_interfaces/msg/detail/yolov8_pose_array__rosidl_typesupport_introspection_cpp.hpp
[3.537s] -- Up-to-date symlink: /home/utilizador/charmie_ws/install/charmie_interfaces/share/charmie_interfaces/environment/pythonpath.sh
[3.538s] -- Up-to-date symlink: /home/utilizador/charmie_ws/install/charmie_interfaces/share/charmie_interfaces/environment/pythonpath.dsv
[3.538s] -- Up-to-date symlink: /home/utilizador/charmie_ws/install/charmie_interfaces/lib/python3.8/site-packages/charmie_interfaces/__init__.py
[3.539s] -- Up-to-date symlink: /home/utilizador/charmie_ws/install/charmie_interfaces/lib/python3.8/site-packages/charmie_interfaces/msg/__init__.py
[3.540s] -- Up-to-date symlink: /home/utilizador/charmie_ws/install/charmie_interfaces/lib/python3.8/site-packages/charmie_interfaces/msg/_encoders.py
[3.540s] -- Up-to-date symlink: /home/utilizador/charmie_ws/install/charmie_interfaces/lib/python3.8/site-packages/charmie_interfaces/msg/_example_tr.py
[3.541s] -- Up-to-date symlink: /home/utilizador/charmie_ws/install/charmie_interfaces/lib/python3.8/site-packages/charmie_interfaces/msg/_keypoints.py
[3.541s] -- Up-to-date symlink: /home/utilizador/charmie_ws/install/charmie_interfaces/lib/python3.8/site-packages/charmie_interfaces/msg/_multi_objects.py
[3.542s] -- Up-to-date symlink: /home/utilizador/charmie_ws/install/charmie_interfaces/lib/python3.8/site-packages/charmie_interfaces/msg/_obstacle_info.py
[3.542s] -- Up-to-date symlink: /home/utilizador/charmie_ws/install/charmie_interfaces/lib/python3.8/site-packages/charmie_interfaces/msg/_obstacles.py
[3.542s] -- Up-to-date symlink: /home/utilizador/charmie_ws/install/charmie_interfaces/lib/python3.8/site-packages/charmie_interfaces/msg/_ps4_controller.py
[3.543s] -- Up-to-date symlink: /home/utilizador/charmie_ws/install/charmie_interfaces/lib/python3.8/site-packages/charmie_interfaces/msg/_robot_speech.py
[3.543s] -- Up-to-date symlink: /home/utilizador/charmie_ws/install/charmie_interfaces/lib/python3.8/site-packages/charmie_interfaces/msg/_speech_type.py
[3.544s] -- Up-to-date symlink: /home/utilizador/charmie_ws/install/charmie_interfaces/lib/python3.8/site-packages/charmie_interfaces/msg/_tar_nav_sdnl.py
[3.544s] -- Up-to-date symlink: /home/utilizador/charmie_ws/install/charmie_interfaces/lib/python3.8/site-packages/charmie_interfaces/msg/_yolov8_pose.py
[3.545s] -- Up-to-date symlink: /home/utilizador/charmie_ws/install/charmie_interfaces/lib/python3.8/site-packages/charmie_interfaces/msg/_yolov8_pose_array.py
[3.546s] -- Up-to-date symlink: /home/utilizador/charmie_ws/install/charmie_interfaces/lib/python3.8/site-packages/charmie_interfaces/charmie_interfaces_s__rosidl_typesupport_fastrtps_c.cpython-38-x86_64-linux-gnu.so
[3.546s] -- Up-to-date symlink: /home/utilizador/charmie_ws/install/charmie_interfaces/lib/python3.8/site-packages/charmie_interfaces/charmie_interfaces_s__rosidl_typesupport_introspection_c.cpython-38-x86_64-linux-gnu.so
[3.547s] -- Up-to-date symlink: /home/utilizador/charmie_ws/install/charmie_interfaces/lib/python3.8/site-packages/charmie_interfaces/charmie_interfaces_s__rosidl_typesupport_c.cpython-38-x86_64-linux-gnu.so
[3.548s] -- Up-to-date symlink: /home/utilizador/charmie_ws/install/charmie_interfaces/lib/libcharmie_interfaces__python.so
[3.549s] -- Up-to-date symlink: /home/utilizador/charmie_ws/install/charmie_interfaces/share/charmie_interfaces/msg/Encoders.idl
[3.550s] -- Up-to-date symlink: /home/utilizador/charmie_ws/install/charmie_interfaces/share/charmie_interfaces/msg/ExampleTR.idl
[3.550s] -- Up-to-date symlink: /home/utilizador/charmie_ws/install/charmie_interfaces/share/charmie_interfaces/msg/Keypoints.idl
[3.551s] -- Up-to-date symlink: /home/utilizador/charmie_ws/install/charmie_interfaces/share/charmie_interfaces/msg/MultiObjects.idl
[3.552s] -- Up-to-date symlink: /home/utilizador/charmie_ws/install/charmie_interfaces/share/charmie_interfaces/msg/ObstacleInfo.idl
[3.552s] -- Up-to-date symlink: /home/utilizador/charmie_ws/install/charmie_interfaces/share/charmie_interfaces/msg/Obstacles.idl
[3.553s] -- Up-to-date symlink: /home/utilizador/charmie_ws/install/charmie_interfaces/share/charmie_interfaces/msg/PS4Controller.idl
[3.554s] -- Up-to-date symlink: /home/utilizador/charmie_ws/install/charmie_interfaces/share/charmie_interfaces/msg/RobotSpeech.idl
[3.555s] -- Up-to-date symlink: /home/utilizador/charmie_ws/install/charmie_interfaces/share/charmie_interfaces/msg/SpeechType.idl
[3.555s] -- Up-to-date symlink: /home/utilizador/charmie_ws/install/charmie_interfaces/share/charmie_interfaces/msg/TarNavSDNL.idl
[3.556s] -- Up-to-date symlink: /home/utilizador/charmie_ws/install/charmie_interfaces/share/charmie_interfaces/msg/Yolov8Pose.idl
[3.556s] -- Up-to-date symlink: /home/utilizador/charmie_ws/install/charmie_interfaces/share/charmie_interfaces/msg/Yolov8PoseArray.idl
[3.557s] -- Up-to-date symlink: /home/utilizador/charmie_ws/install/charmie_interfaces/share/charmie_interfaces/msg/Encoders.msg
[3.557s] -- Up-to-date symlink: /home/utilizador/charmie_ws/install/charmie_interfaces/share/charmie_interfaces/msg/ExampleTR.msg
[3.558s] -- Up-to-date symlink: /home/utilizador/charmie_ws/install/charmie_interfaces/share/charmie_interfaces/msg/Keypoints.msg
[3.558s] -- Up-to-date symlink: /home/utilizador/charmie_ws/install/charmie_interfaces/share/charmie_interfaces/msg/MultiObjects.msg
[3.559s] -- Up-to-date symlink: /home/utilizador/charmie_ws/install/charmie_interfaces/share/charmie_interfaces/msg/ObstacleInfo.msg
[3.560s] -- Up-to-date symlink: /home/utilizador/charmie_ws/install/charmie_interfaces/share/charmie_interfaces/msg/Obstacles.msg
[3.560s] -- Up-to-date symlink: /home/utilizador/charmie_ws/install/charmie_interfaces/share/charmie_interfaces/msg/PS4Controller.msg
[3.561s] -- Up-to-date symlink: /home/utilizador/charmie_ws/install/charmie_interfaces/share/charmie_interfaces/msg/RobotSpeech.msg
[3.561s] -- Up-to-date symlink: /home/utilizador/charmie_ws/install/charmie_interfaces/share/charmie_interfaces/msg/SpeechType.msg
[3.562s] -- Up-to-date symlink: /home/utilizador/charmie_ws/install/charmie_interfaces/share/charmie_interfaces/msg/TarNavSDNL.msg
[3.562s] -- Up-to-date symlink: /home/utilizador/charmie_ws/install/charmie_interfaces/share/charmie_interfaces/msg/Yolov8Pose.msg
[3.563s] -- Up-to-date symlink: /home/utilizador/charmie_ws/install/charmie_interfaces/share/charmie_interfaces/msg/Yolov8PoseArray.msg
[3.563s] -- Up-to-date symlink: /home/utilizador/charmie_ws/install/charmie_interfaces/share/ament_index/resource_index/package_run_dependencies/charmie_interfaces
[3.563s] -- Up-to-date symlink: /home/utilizador/charmie_ws/install/charmie_interfaces/share/ament_index/resource_index/parent_prefix_path/charmie_interfaces
[3.564s] -- Up-to-date symlink: /home/utilizador/charmie_ws/install/charmie_interfaces/share/charmie_interfaces/environment/ament_prefix_path.sh
[3.564s] -- Up-to-date symlink: /home/utilizador/charmie_ws/install/charmie_interfaces/share/charmie_interfaces/environment/ament_prefix_path.dsv
[3.565s] -- Up-to-date symlink: /home/utilizador/charmie_ws/install/charmie_interfaces/share/charmie_interfaces/environment/path.sh
[3.565s] -- Up-to-date symlink: /home/utilizador/charmie_ws/install/charmie_interfaces/share/charmie_interfaces/environment/path.dsv
[3.566s] -- Up-to-date symlink: /home/utilizador/charmie_ws/install/charmie_interfaces/share/charmie_interfaces/local_setup.bash
[3.566s] -- Up-to-date symlink: /home/utilizador/charmie_ws/install/charmie_interfaces/share/charmie_interfaces/local_setup.sh
[3.567s] -- Up-to-date symlink: /home/utilizador/charmie_ws/install/charmie_interfaces/share/charmie_interfaces/local_setup.zsh
[3.567s] -- Up-to-date symlink: /home/utilizador/charmie_ws/install/charmie_interfaces/share/charmie_interfaces/local_setup.dsv
[3.567s] -- Symlinking: /home/utilizador/charmie_ws/install/charmie_interfaces/share/charmie_interfaces/package.dsv
[3.572s] -- Up-to-date symlink: /home/utilizador/charmie_ws/install/charmie_interfaces/share/ament_index/resource_index/packages/charmie_interfaces
[3.573s] -- Up-to-date symlink: /home/utilizador/charmie_ws/install/charmie_interfaces/share/charmie_interfaces/cmake/rosidl_cmake-extras.cmake
[3.573s] -- Up-to-date symlink: /home/utilizador/charmie_ws/install/charmie_interfaces/share/charmie_interfaces/cmake/ament_cmake_export_dependencies-extras.cmake
[3.574s] -- Up-to-date symlink: /home/utilizador/charmie_ws/install/charmie_interfaces/share/charmie_interfaces/cmake/ament_cmake_export_libraries-extras.cmake
[3.574s] -- Up-to-date symlink: /home/utilizador/charmie_ws/install/charmie_interfaces/share/charmie_interfaces/cmake/ament_cmake_export_targets-extras.cmake
[3.575s] -- Up-to-date symlink: /home/utilizador/charmie_ws/install/charmie_interfaces/share/charmie_interfaces/cmake/ament_cmake_export_include_directories-extras.cmake
[3.575s] -- Up-to-date symlink: /home/utilizador/charmie_ws/install/charmie_interfaces/share/charmie_interfaces/cmake/rosidl_cmake_export_typesupport_libraries-extras.cmake
[3.576s] -- Up-to-date symlink: /home/utilizador/charmie_ws/install/charmie_interfaces/share/charmie_interfaces/cmake/rosidl_cmake_export_typesupport_targets-extras.cmake
[3.576s] -- Up-to-date symlink: /home/utilizador/charmie_ws/install/charmie_interfaces/share/charmie_interfaces/cmake/charmie_interfacesConfig.cmake
[3.577s] -- Up-to-date symlink: /home/utilizador/charmie_ws/install/charmie_interfaces/share/charmie_interfaces/cmake/charmie_interfacesConfig-version.cmake
[3.577s] -- Up-to-date symlink: /home/utilizador/charmie_ws/install/charmie_interfaces/share/charmie_interfaces/package.xml
[3.578s] -- Up-to-date: /home/utilizador/charmie_ws/install/charmie_interfaces/lib/libcharmie_interfaces__rosidl_generator_c.so
[3.579s] -- Up-to-date: /home/utilizador/charmie_ws/install/charmie_interfaces/lib/libcharmie_interfaces__rosidl_typesupport_introspection_c.so
[3.580s] -- Up-to-date: /home/utilizador/charmie_ws/install/charmie_interfaces/lib/libcharmie_interfaces__rosidl_typesupport_c.so
[3.582s] -- Up-to-date: /home/utilizador/charmie_ws/install/charmie_interfaces/lib/libcharmie_interfaces__rosidl_typesupport_introspection_cpp.so
[3.582s] -- Up-to-date: /home/utilizador/charmie_ws/install/charmie_interfaces/lib/libcharmie_interfaces__rosidl_typesupport_cpp.so
[3.696s] Compiling '/home/utilizador/charmie_ws/install/charmie_interfaces/lib/python3.8/site-packages/charmie_interfaces/__init__.py'...
[3.705s] -- Up-to-date: /home/utilizador/charmie_ws/install/charmie_interfaces/share/charmie_interfaces/cmake/charmie_interfaces__rosidl_generator_cExport.cmake
[3.705s] -- Up-to-date: /home/utilizador/charmie_ws/install/charmie_interfaces/share/charmie_interfaces/cmake/charmie_interfaces__rosidl_generator_cExport-noconfig.cmake
[3.706s] -- Up-to-date: /home/utilizador/charmie_ws/install/charmie_interfaces/share/charmie_interfaces/cmake/charmie_interfaces__rosidl_typesupport_introspection_cExport.cmake
[3.706s] -- Up-to-date: /home/utilizador/charmie_ws/install/charmie_interfaces/share/charmie_interfaces/cmake/charmie_interfaces__rosidl_typesupport_introspection_cExport-noconfig.cmake
[3.706s] -- Up-to-date: /home/utilizador/charmie_ws/install/charmie_interfaces/share/charmie_interfaces/cmake/charmie_interfaces__rosidl_typesupport_cExport.cmake
[3.706s] -- Up-to-date: /home/utilizador/charmie_ws/install/charmie_interfaces/share/charmie_interfaces/cmake/charmie_interfaces__rosidl_typesupport_cExport-noconfig.cmake
[3.706s] -- Up-to-date: /home/utilizador/charmie_ws/install/charmie_interfaces/share/charmie_interfaces/cmake/charmie_interfaces__rosidl_generator_cppExport.cmake
[3.707s] -- Up-to-date: /home/utilizador/charmie_ws/install/charmie_interfaces/share/charmie_interfaces/cmake/charmie_interfaces__rosidl_typesupport_introspection_cppExport.cmake
[3.707s] -- Up-to-date: /home/utilizador/charmie_ws/install/charmie_interfaces/share/charmie_interfaces/cmake/charmie_interfaces__rosidl_typesupport_introspection_cppExport-noconfig.cmake
[3.707s] -- Up-to-date: /home/utilizador/charmie_ws/install/charmie_interfaces/share/charmie_interfaces/cmake/charmie_interfaces__rosidl_typesupport_cppExport.cmake
[3.708s] -- Up-to-date: /home/utilizador/charmie_ws/install/charmie_interfaces/share/charmie_interfaces/cmake/charmie_interfaces__rosidl_typesupport_cppExport-noconfig.cmake
[3.774s] Invoked command in '/home/utilizador/charmie_ws/build/charmie_interfaces' returned '0': CMAKE_PREFIX_PATH=${CMAKE_PREFIX_PATH}:/home/utilizador/charmie_ws/install/charmie_yolo_pose:/home/utilizador/charmie_ws/install/charmie_yolo_objects:/home/utilizador/charmie_ws/install/charmie_stickler_for_the_rules:/home/utilizador/charmie_ws/install/charmie_speakers_offline:/home/utilizador/charmie_ws/install/charmie_speakers:/home/utilizador/charmie_ws/install/charmie_restaurant:/home/utilizador/charmie_ws/install/charmie_receptionist:/home/utilizador/charmie_ws/install/charmie_ps4_controller:/home/utilizador/charmie_ws/install/charmie_person_localisation:/home/utilizador/charmie_ws/install/charmie_odometry:/home/utilizador/charmie_ws/install/charmie_obstacles:/home/utilizador/charmie_ws/install/charmie_neck_dynamixel:/home/utilizador/charmie_ws/install/charmie_navigation_sdnl:/home/utilizador/charmie_ws/install/charmie_low_level:/home/utilizador/charmie_ws/install/charmie_localisation:/home/utilizador/charmie_ws/install/charmie_lidar_hokuyo:/home/utilizador/charmie_ws/install/charmie_inspection:/home/utilizador/charmie_ws/install/charmie_debug:/home/utilizador/charmie_ws/install/charmie_carry_luggage:/home/utilizador/charmie_ws/install/charmie_audio:/home/utilizador/charmie_ws/install/charmie_face_shiningrgb:/home/utilizador/charmie_ws/install/charmie_door_start:/home/utilizador/charmie_ws/install/charmie_diagnostics:/opt/ros/foxy /home/utilizador/.local/bin/cmake --install /home/utilizador/charmie_ws/build/charmie_interfaces
