[0.330s] Invoking command in '/home/utilizador/charmie_ws/build/realsense2_camera': CMAKE_PREFIX_PATH=/home/utilizador/charmie_ws/install/realsense2_camera_msgs:/home/utilizador/charmie_ws/install/realsense2_description:/home/utilizador/charmie_ws/install/realsense2_camera:/home/utilizador/charmie_ws/install/charmie_interfaces:/home/utilizador/charmie_ws/install/charmie_bot:/home/utilizador/charmie_ws/install/charmie_speakers:/home/utilizador/charmie_ws/install/charmie_ps4_controller:/home/utilizador/charmie_ws/install/charmie_neck_dynamixel:/home/utilizador/charmie_ws/install/charmie_low_level:/home/utilizador/charmie_ws/install/charmie_lidar_hokuyo:/home/utilizador/charmie_ws/install/charmie_debug:/home/utilizador/charmie_ws/install/charmie_face_shiningrgb:/home/utilizador/charmie_ws/install/charmie_audio:/opt/ros/foxy LD_LIBRARY_PATH=/home/utilizador/charmie_ws/install/realsense2_camera_msgs/lib:/home/utilizador/charmie_ws/install/realsense2_camera/lib:/home/utilizador/charmie_ws/install/charmie_interfaces/lib:/opt/ros/foxy/opt/yaml_cpp_vendor/lib:/opt/ros/foxy/opt/rviz_ogre_vendor/lib:/opt/ros/foxy/lib/x86_64-linux-gnu:/opt/ros/foxy/lib /usr/bin/cmake /home/utilizador/charmie_ws/src/realsense-ros/realsense2_camera -DAMENT_CMAKE_SYMLINK_INSTALL=1 -DCMAKE_INSTALL_PREFIX=/home/utilizador/charmie_ws/install/realsense2_camera
[0.349s] -- Create Release Build.
[0.350s] -- Found ament_cmake: 0.9.11 (/opt/ros/foxy/share/ament_cmake/cmake)
[0.387s] -- Using PYTHON_EXECUTABLE: /usr/bin/python3
[0.633s] -- Override CMake install command with custom implementation using symlinks instead of copying resources
[0.643s] -- Found builtin_interfaces: 1.0.0 (/opt/ros/foxy/share/builtin_interfaces/cmake)
[0.680s] -- Using all available rosidl_typesupport_c: rosidl_typesupport_fastrtps_c;rosidl_typesupport_introspection_c
[0.684s] -- Found rosidl_adapter: 1.3.0 (/opt/ros/foxy/share/rosidl_adapter/cmake)
[0.851s] -- Using all available rosidl_typesupport_cpp: rosidl_typesupport_fastrtps_cpp;rosidl_typesupport_introspection_cpp
[0.903s] -- Found cv_bridge: 3.0.7 (/opt/ros/foxy/share/cv_bridge/cmake)
[1.124s] -- Found image_transport: 2.4.0 (/opt/ros/foxy/share/image_transport/cmake)
[1.202s] -- Found rmw_implementation_cmake: 1.0.4 (/opt/ros/foxy/share/rmw_implementation_cmake/cmake)
[1.205s] -- Using RMW implementation 'rmw_fastrtps_cpp' as default
[1.424s] -- Found rclcpp_components: 2.4.2 (/opt/ros/foxy/share/rclcpp_components/cmake)
[1.480s] -- Found realsense2_camera_msgs: 4.51.1 (/home/utilizador/charmie_ws/install/realsense2_camera_msgs/share/realsense2_camera_msgs/cmake)
[1.523s] -- Found nav_msgs: 2.0.5 (/opt/ros/foxy/share/nav_msgs/cmake)
[1.599s] -- Found tf2_ros: 0.13.14 (/opt/ros/foxy/share/tf2_ros/cmake)
[1.893s] -- Found diagnostic_updater: 3.1.2 (/opt/ros/foxy/share/diagnostic_updater/cmake)
[1.957s] -- Build for ROS2 Foxy
[2.080s] -- Configuring done
[2.124s] -- Generating done
[2.126s] -- Build files have been written to: /home/utilizador/charmie_ws/build/realsense2_camera
[2.137s] Invoked command in '/home/utilizador/charmie_ws/build/realsense2_camera' returned '0': CMAKE_PREFIX_PATH=/home/utilizador/charmie_ws/install/realsense2_camera_msgs:/home/utilizador/charmie_ws/install/realsense2_description:/home/utilizador/charmie_ws/install/realsense2_camera:/home/utilizador/charmie_ws/install/charmie_interfaces:/home/utilizador/charmie_ws/install/charmie_bot:/home/utilizador/charmie_ws/install/charmie_speakers:/home/utilizador/charmie_ws/install/charmie_ps4_controller:/home/utilizador/charmie_ws/install/charmie_neck_dynamixel:/home/utilizador/charmie_ws/install/charmie_low_level:/home/utilizador/charmie_ws/install/charmie_lidar_hokuyo:/home/utilizador/charmie_ws/install/charmie_debug:/home/utilizador/charmie_ws/install/charmie_face_shiningrgb:/home/utilizador/charmie_ws/install/charmie_audio:/opt/ros/foxy LD_LIBRARY_PATH=/home/utilizador/charmie_ws/install/realsense2_camera_msgs/lib:/home/utilizador/charmie_ws/install/realsense2_camera/lib:/home/utilizador/charmie_ws/install/charmie_interfaces/lib:/opt/ros/foxy/opt/yaml_cpp_vendor/lib:/opt/ros/foxy/opt/rviz_ogre_vendor/lib:/opt/ros/foxy/lib/x86_64-linux-gnu:/opt/ros/foxy/lib /usr/bin/cmake /home/utilizador/charmie_ws/src/realsense-ros/realsense2_camera -DAMENT_CMAKE_SYMLINK_INSTALL=1 -DCMAKE_INSTALL_PREFIX=/home/utilizador/charmie_ws/install/realsense2_camera
[2.140s] Invoking command in '/home/utilizador/charmie_ws/build/realsense2_camera': CMAKE_PREFIX_PATH=/home/utilizador/charmie_ws/install/realsense2_camera_msgs:/home/utilizador/charmie_ws/install/realsense2_description:/home/utilizador/charmie_ws/install/realsense2_camera:/home/utilizador/charmie_ws/install/charmie_interfaces:/home/utilizador/charmie_ws/install/charmie_bot:/home/utilizador/charmie_ws/install/charmie_speakers:/home/utilizador/charmie_ws/install/charmie_ps4_controller:/home/utilizador/charmie_ws/install/charmie_neck_dynamixel:/home/utilizador/charmie_ws/install/charmie_low_level:/home/utilizador/charmie_ws/install/charmie_lidar_hokuyo:/home/utilizador/charmie_ws/install/charmie_debug:/home/utilizador/charmie_ws/install/charmie_face_shiningrgb:/home/utilizador/charmie_ws/install/charmie_audio:/opt/ros/foxy LD_LIBRARY_PATH=/home/utilizador/charmie_ws/install/realsense2_camera_msgs/lib:/home/utilizador/charmie_ws/install/realsense2_camera/lib:/home/utilizador/charmie_ws/install/charmie_interfaces/lib:/opt/ros/foxy/opt/yaml_cpp_vendor/lib:/opt/ros/foxy/opt/rviz_ogre_vendor/lib:/opt/ros/foxy/lib/x86_64-linux-gnu:/opt/ros/foxy/lib /usr/bin/cmake --build /home/utilizador/charmie_ws/build/realsense2_camera -- -j8 -l8
[2.218s] [ 12%] Built target realsense2_camera_node
[2.265s] [100%] Built target realsense2_camera
[2.278s] Invoked command in '/home/utilizador/charmie_ws/build/realsense2_camera' returned '0': CMAKE_PREFIX_PATH=/home/utilizador/charmie_ws/install/realsense2_camera_msgs:/home/utilizador/charmie_ws/install/realsense2_description:/home/utilizador/charmie_ws/install/realsense2_camera:/home/utilizador/charmie_ws/install/charmie_interfaces:/home/utilizador/charmie_ws/install/charmie_bot:/home/utilizador/charmie_ws/install/charmie_speakers:/home/utilizador/charmie_ws/install/charmie_ps4_controller:/home/utilizador/charmie_ws/install/charmie_neck_dynamixel:/home/utilizador/charmie_ws/install/charmie_low_level:/home/utilizador/charmie_ws/install/charmie_lidar_hokuyo:/home/utilizador/charmie_ws/install/charmie_debug:/home/utilizador/charmie_ws/install/charmie_face_shiningrgb:/home/utilizador/charmie_ws/install/charmie_audio:/opt/ros/foxy LD_LIBRARY_PATH=/home/utilizador/charmie_ws/install/realsense2_camera_msgs/lib:/home/utilizador/charmie_ws/install/realsense2_camera/lib:/home/utilizador/charmie_ws/install/charmie_interfaces/lib:/opt/ros/foxy/opt/yaml_cpp_vendor/lib:/opt/ros/foxy/opt/rviz_ogre_vendor/lib:/opt/ros/foxy/lib/x86_64-linux-gnu:/opt/ros/foxy/lib /usr/bin/cmake --build /home/utilizador/charmie_ws/build/realsense2_camera -- -j8 -l8
[2.338s] Invoking command in '/home/utilizador/charmie_ws/build/realsense2_camera': CMAKE_PREFIX_PATH=/home/utilizador/charmie_ws/install/realsense2_camera_msgs:/home/utilizador/charmie_ws/install/realsense2_description:/home/utilizador/charmie_ws/install/realsense2_camera:/home/utilizador/charmie_ws/install/charmie_interfaces:/home/utilizador/charmie_ws/install/charmie_bot:/home/utilizador/charmie_ws/install/charmie_speakers:/home/utilizador/charmie_ws/install/charmie_ps4_controller:/home/utilizador/charmie_ws/install/charmie_neck_dynamixel:/home/utilizador/charmie_ws/install/charmie_low_level:/home/utilizador/charmie_ws/install/charmie_lidar_hokuyo:/home/utilizador/charmie_ws/install/charmie_debug:/home/utilizador/charmie_ws/install/charmie_face_shiningrgb:/home/utilizador/charmie_ws/install/charmie_audio:/opt/ros/foxy LD_LIBRARY_PATH=/home/utilizador/charmie_ws/install/realsense2_camera_msgs/lib:/home/utilizador/charmie_ws/install/realsense2_camera/lib:/home/utilizador/charmie_ws/install/charmie_interfaces/lib:/opt/ros/foxy/opt/yaml_cpp_vendor/lib:/opt/ros/foxy/opt/rviz_ogre_vendor/lib:/opt/ros/foxy/lib/x86_64-linux-gnu:/opt/ros/foxy/lib /usr/bin/cmake --install /home/utilizador/charmie_ws/build/realsense2_camera
[2.347s] -- Install configuration: "Release"
[2.347s] -- Execute custom install script
[2.348s] -- Up-to-date symlink: /home/utilizador/charmie_ws/install/realsense2_camera/lib/realsense2_camera/realsense2_camera_node
[2.348s] -- Up-to-date symlink: /home/utilizador/charmie_ws/install/realsense2_camera/lib/librealsense2_camera.so
[2.349s] -- Up-to-date symlink: /home/utilizador/charmie_ws/install/realsense2_camera/include/base_realsense_node.h
[2.349s] -- Up-to-date symlink: /home/utilizador/charmie_ws/install/realsense2_camera/include/constants.h
[2.349s] -- Up-to-date symlink: /home/utilizador/charmie_ws/install/realsense2_camera/include/dynamic_params.h
[2.350s] -- Up-to-date symlink: /home/utilizador/charmie_ws/install/realsense2_camera/include/image_publisher.h
[2.350s] -- Up-to-date symlink: /home/utilizador/charmie_ws/install/realsense2_camera/include/named_filter.h
[2.350s] -- Up-to-date symlink: /home/utilizador/charmie_ws/install/realsense2_camera/include/profile_manager.h
[2.350s] -- Up-to-date symlink: /home/utilizador/charmie_ws/install/realsense2_camera/include/realsense_node_factory.h
[2.350s] -- Up-to-date symlink: /home/utilizador/charmie_ws/install/realsense2_camera/include/ros_param_backend.h
[2.351s] -- Up-to-date symlink: /home/utilizador/charmie_ws/install/realsense2_camera/include/ros_sensor.h
[2.351s] -- Up-to-date symlink: /home/utilizador/charmie_ws/install/realsense2_camera/include/ros_utils.h
[2.351s] -- Up-to-date symlink: /home/utilizador/charmie_ws/install/realsense2_camera/include/sensor_params.h
[2.352s] -- Up-to-date symlink: /home/utilizador/charmie_ws/install/realsense2_camera/share/realsense2_camera/launch/default.rviz
[2.352s] -- Up-to-date symlink: /home/utilizador/charmie_ws/install/realsense2_camera/share/realsense2_camera/launch/rs_intra_process_demo_launch.py
[2.352s] -- Up-to-date symlink: /home/utilizador/charmie_ws/install/realsense2_camera/share/realsense2_camera/launch/rs_launch.py
[2.352s] -- Up-to-date symlink: /home/utilizador/charmie_ws/install/realsense2_camera/share/realsense2_camera/launch/rs_multi_camera_launch.py
[2.352s] -- Up-to-date symlink: /home/utilizador/charmie_ws/install/realsense2_camera/share/realsense2_camera/environment/library_path.sh
[2.353s] -- Up-to-date symlink: /home/utilizador/charmie_ws/install/realsense2_camera/share/realsense2_camera/environment/library_path.dsv
[2.353s] -- Up-to-date symlink: /home/utilizador/charmie_ws/install/realsense2_camera/share/ament_index/resource_index/package_run_dependencies/realsense2_camera
[2.353s] -- Up-to-date symlink: /home/utilizador/charmie_ws/install/realsense2_camera/share/ament_index/resource_index/parent_prefix_path/realsense2_camera
[2.354s] -- Up-to-date symlink: /home/utilizador/charmie_ws/install/realsense2_camera/share/realsense2_camera/environment/ament_prefix_path.sh
[2.354s] -- Up-to-date symlink: /home/utilizador/charmie_ws/install/realsense2_camera/share/realsense2_camera/environment/ament_prefix_path.dsv
[2.354s] -- Up-to-date symlink: /home/utilizador/charmie_ws/install/realsense2_camera/share/realsense2_camera/environment/path.sh
[2.355s] -- Up-to-date symlink: /home/utilizador/charmie_ws/install/realsense2_camera/share/realsense2_camera/environment/path.dsv
[2.355s] -- Up-to-date symlink: /home/utilizador/charmie_ws/install/realsense2_camera/share/realsense2_camera/local_setup.bash
[2.355s] -- Up-to-date symlink: /home/utilizador/charmie_ws/install/realsense2_camera/share/realsense2_camera/local_setup.sh
[2.356s] -- Up-to-date symlink: /home/utilizador/charmie_ws/install/realsense2_camera/share/realsense2_camera/local_setup.zsh
[2.356s] -- Up-to-date symlink: /home/utilizador/charmie_ws/install/realsense2_camera/share/realsense2_camera/local_setup.dsv
[2.356s] -- Symlinking: /home/utilizador/charmie_ws/install/realsense2_camera/share/realsense2_camera/package.dsv
[2.368s] -- Up-to-date symlink: /home/utilizador/charmie_ws/install/realsense2_camera/share/ament_index/resource_index/packages/realsense2_camera
[2.368s] -- Up-to-date symlink: /home/utilizador/charmie_ws/install/realsense2_camera/share/ament_index/resource_index/rclcpp_components/realsense2_camera
[2.369s] -- Up-to-date symlink: /home/utilizador/charmie_ws/install/realsense2_camera/share/realsense2_camera/cmake/ament_cmake_export_include_directories-extras.cmake
[2.369s] -- Up-to-date symlink: /home/utilizador/charmie_ws/install/realsense2_camera/share/realsense2_camera/cmake/ament_cmake_export_libraries-extras.cmake
[2.369s] -- Up-to-date symlink: /home/utilizador/charmie_ws/install/realsense2_camera/share/realsense2_camera/cmake/ament_cmake_export_dependencies-extras.cmake
[2.370s] -- Up-to-date symlink: /home/utilizador/charmie_ws/install/realsense2_camera/share/realsense2_camera/cmake/realsense2_cameraConfig.cmake
[2.370s] -- Up-to-date symlink: /home/utilizador/charmie_ws/install/realsense2_camera/share/realsense2_camera/cmake/realsense2_cameraConfig-version.cmake
[2.370s] -- Up-to-date symlink: /home/utilizador/charmie_ws/install/realsense2_camera/share/realsense2_camera/package.xml
[2.376s] Invoked command in '/home/utilizador/charmie_ws/build/realsense2_camera' returned '0': CMAKE_PREFIX_PATH=/home/utilizador/charmie_ws/install/realsense2_camera_msgs:/home/utilizador/charmie_ws/install/realsense2_description:/home/utilizador/charmie_ws/install/realsense2_camera:/home/utilizador/charmie_ws/install/charmie_interfaces:/home/utilizador/charmie_ws/install/charmie_bot:/home/utilizador/charmie_ws/install/charmie_speakers:/home/utilizador/charmie_ws/install/charmie_ps4_controller:/home/utilizador/charmie_ws/install/charmie_neck_dynamixel:/home/utilizador/charmie_ws/install/charmie_low_level:/home/utilizador/charmie_ws/install/charmie_lidar_hokuyo:/home/utilizador/charmie_ws/install/charmie_debug:/home/utilizador/charmie_ws/install/charmie_face_shiningrgb:/home/utilizador/charmie_ws/install/charmie_audio:/opt/ros/foxy LD_LIBRARY_PATH=/home/utilizador/charmie_ws/install/realsense2_camera_msgs/lib:/home/utilizador/charmie_ws/install/realsense2_camera/lib:/home/utilizador/charmie_ws/install/charmie_interfaces/lib:/opt/ros/foxy/opt/yaml_cpp_vendor/lib:/opt/ros/foxy/opt/rviz_ogre_vendor/lib:/opt/ros/foxy/lib/x86_64-linux-gnu:/opt/ros/foxy/lib /usr/bin/cmake --install /home/utilizador/charmie_ws/build/realsense2_camera
