[1.761s] Invoking command in '/home/utilizador/charmie_ws/src/charmie_speakers': AMENT_PREFIX_PATH=/home/utilizador/charmie_ws/install/charmie_interfaces:${AMENT_PREFIX_PATH} CMAKE_PREFIX_PATH=/home/utilizador/charmie_ws/install/charmie_interfaces LD_LIBRARY_PATH=/home/utilizador/charmie_ws/install/charmie_interfaces/lib:${LD_LIBRARY_PATH} PYTHONPATH=/home/utilizador/charmie_ws/build/charmie_speakers/prefix_override:/home/utilizador/charmie_ws/install/charmie_speakers/lib/python3.8/site-packages:/home/utilizador/charmie_ws/install/charmie_interfaces/lib/python3.8/site-packages:${PYTHONPATH} /usr/bin/python3 setup.py egg_info --egg-base ../../build/charmie_speakers build --build-base /home/utilizador/charmie_ws/build/charmie_speakers/build install --record /home/utilizador/charmie_ws/build/charmie_speakers/install.log --install-scripts $base/lib/charmie_speakers --single-version-externally-managed
[1.997s] running egg_info
[1.998s] writing ../../build/charmie_speakers/charmie_speakers.egg-info/PKG-INFO
[1.998s] writing dependency_links to ../../build/charmie_speakers/charmie_speakers.egg-info/dependency_links.txt
[1.998s] writing entry points to ../../build/charmie_speakers/charmie_speakers.egg-info/entry_points.txt
[1.998s] writing requirements to ../../build/charmie_speakers/charmie_speakers.egg-info/requires.txt
[1.998s] writing top-level names to ../../build/charmie_speakers/charmie_speakers.egg-info/top_level.txt
[2.032s] reading manifest file '../../build/charmie_speakers/charmie_speakers.egg-info/SOURCES.txt'
[2.033s] writing manifest file '../../build/charmie_speakers/charmie_speakers.egg-info/SOURCES.txt'
[2.033s] running build
[2.033s] running build_py
[2.033s] running install
[2.034s] running install_lib
[2.035s] running install_data
[2.036s] running install_egg_info
[2.037s] removing '/home/utilizador/charmie_ws/install/charmie_speakers/lib/python3.8/site-packages/charmie_speakers-0.0.0-py3.8.egg-info' (and everything under it)
[2.037s] Copying ../../build/charmie_speakers/charmie_speakers.egg-info to /home/utilizador/charmie_ws/install/charmie_speakers/lib/python3.8/site-packages/charmie_speakers-0.0.0-py3.8.egg-info
[2.038s] running install_scripts
[2.054s] Installing speakers script to /home/utilizador/charmie_ws/install/charmie_speakers/lib/charmie_speakers
[2.055s] writing list of installed files to '/home/utilizador/charmie_ws/build/charmie_speakers/install.log'
[2.080s] Invoked command in '/home/utilizador/charmie_ws/src/charmie_speakers' returned '0': AMENT_PREFIX_PATH=/home/utilizador/charmie_ws/install/charmie_interfaces:${AMENT_PREFIX_PATH} CMAKE_PREFIX_PATH=/home/utilizador/charmie_ws/install/charmie_interfaces LD_LIBRARY_PATH=/home/utilizador/charmie_ws/install/charmie_interfaces/lib:${LD_LIBRARY_PATH} PYTHONPATH=/home/utilizador/charmie_ws/build/charmie_speakers/prefix_override:/home/utilizador/charmie_ws/install/charmie_speakers/lib/python3.8/site-packages:/home/utilizador/charmie_ws/install/charmie_interfaces/lib/python3.8/site-packages:${PYTHONPATH} /usr/bin/python3 setup.py egg_info --egg-base ../../build/charmie_speakers build --build-base /home/utilizador/charmie_ws/build/charmie_speakers/build install --record /home/utilizador/charmie_ws/build/charmie_speakers/install.log --install-scripts $base/lib/charmie_speakers --single-version-externally-managed
