running egg_info
creating ../../build/charmie_person_localisation/charmie_person_localisation.egg-info
writing ../../build/charmie_person_localisation/charmie_person_localisation.egg-info/PKG-INFO
writing dependency_links to ../../build/charmie_person_localisation/charmie_person_localisation.egg-info/dependency_links.txt
writing entry points to ../../build/charmie_person_localisation/charmie_person_localisation.egg-info/entry_points.txt
writing requirements to ../../build/charmie_person_localisation/charmie_person_localisation.egg-info/requires.txt
writing top-level names to ../../build/charmie_person_localisation/charmie_person_localisation.egg-info/top_level.txt
writing manifest file '../../build/charmie_person_localisation/charmie_person_localisation.egg-info/SOURCES.txt'
reading manifest file '../../build/charmie_person_localisation/charmie_person_localisation.egg-info/SOURCES.txt'
writing manifest file '../../build/charmie_person_localisation/charmie_person_localisation.egg-info/SOURCES.txt'
running build
running build_py
creating /home/utilizador/charmie_ws/build/charmie_person_localisation/build
creating /home/utilizador/charmie_ws/build/charmie_person_localisation/build/lib
creating /home/utilizador/charmie_ws/build/charmie_person_localisation/build/lib/charmie_person_localisation
copying charmie_person_localisation/__init__.py -> /home/utilizador/charmie_ws/build/charmie_person_localisation/build/lib/charmie_person_localisation
copying charmie_person_localisation/person_localisation.py -> /home/utilizador/charmie_ws/build/charmie_person_localisation/build/lib/charmie_person_localisation
running install
running install_lib
creating /home/utilizador/charmie_ws/install/charmie_person_localisation/lib/python3.8/site-packages/charmie_person_localisation
copying /home/utilizador/charmie_ws/build/charmie_person_localisation/build/lib/charmie_person_localisation/__init__.py -> /home/utilizador/charmie_ws/install/charmie_person_localisation/lib/python3.8/site-packages/charmie_person_localisation
copying /home/utilizador/charmie_ws/build/charmie_person_localisation/build/lib/charmie_person_localisation/person_localisation.py -> /home/utilizador/charmie_ws/install/charmie_person_localisation/lib/python3.8/site-packages/charmie_person_localisation
byte-compiling /home/utilizador/charmie_ws/install/charmie_person_localisation/lib/python3.8/site-packages/charmie_person_localisation/__init__.py to __init__.cpython-38.pyc
byte-compiling /home/utilizador/charmie_ws/install/charmie_person_localisation/lib/python3.8/site-packages/charmie_person_localisation/person_localisation.py to person_localisation.cpython-38.pyc
running install_data
creating /home/utilizador/charmie_ws/install/charmie_person_localisation/share/ament_index
creating /home/utilizador/charmie_ws/install/charmie_person_localisation/share/ament_index/resource_index
creating /home/utilizador/charmie_ws/install/charmie_person_localisation/share/ament_index/resource_index/packages
copying resource/charmie_person_localisation -> /home/utilizador/charmie_ws/install/charmie_person_localisation/share/ament_index/resource_index/packages
copying package.xml -> /home/utilizador/charmie_ws/install/charmie_person_localisation/share/charmie_person_localisation
running install_egg_info
Copying ../../build/charmie_person_localisation/charmie_person_localisation.egg-info to /home/utilizador/charmie_ws/install/charmie_person_localisation/lib/python3.8/site-packages/charmie_person_localisation-0.0.0-py3.8.egg-info
running install_scripts
Installing person_localisation script to /home/utilizador/charmie_ws/install/charmie_person_localisation/lib/charmie_person_localisation
writing list of installed files to '/home/utilizador/charmie_ws/build/charmie_person_localisation/install.log'
