running develop
running egg_info
creating charmie_obstacles.egg-info
writing charmie_obstacles.egg-info/PKG-INFO
writing dependency_links to charmie_obstacles.egg-info/dependency_links.txt
writing entry points to charmie_obstacles.egg-info/entry_points.txt
writing requirements to charmie_obstacles.egg-info/requires.txt
writing top-level names to charmie_obstacles.egg-info/top_level.txt
writing manifest file 'charmie_obstacles.egg-info/SOURCES.txt'
reading manifest file 'charmie_obstacles.egg-info/SOURCES.txt'
writing manifest file 'charmie_obstacles.egg-info/SOURCES.txt'
running build_ext
Creating /home/utilizador/charmie_ws/install/charmie_obstacles/lib/python3.8/site-packages/site.py
Creating /home/utilizador/charmie_ws/install/charmie_obstacles/lib/python3.8/site-packages/charmie-obstacles.egg-link (link to .)
Installing obstacles script to /home/utilizador/charmie_ws/install/charmie_obstacles/lib/charmie_obstacles

Installed /home/utilizador/charmie_ws/build/charmie_obstacles
running install_data
creating /home/utilizador/charmie_ws/install/charmie_obstacles/share/ament_index
creating /home/utilizador/charmie_ws/install/charmie_obstacles/share/ament_index/resource_index
creating /home/utilizador/charmie_ws/install/charmie_obstacles/share/ament_index/resource_index/packages
copying resource/charmie_obstacles -> /home/utilizador/charmie_ws/install/charmie_obstacles/share/ament_index/resource_index/packages
copying package.xml -> /home/utilizador/charmie_ws/install/charmie_obstacles/share/charmie_obstacles
