[0.018s] Invoking command in '/home/utilizador/charmie_ws/build/realsense2_camera': AMENT_PREFIX_PATH=/home/utilizador/charmie_ws/install/realsense2_camera_msgs:${AMENT_PREFIX_PATH} CMAKE_PREFIX_PATH=/home/utilizador/charmie_ws/install/realsense2_camera_msgs:/opt/ros/foxy LD_LIBRARY_PATH=/home/utilizador/charmie_ws/install/realsense2_camera_msgs/lib:${LD_LIBRARY_PATH} PYTHONPATH=/home/utilizador/charmie_ws/install/realsense2_camera_msgs/lib/python3.8/site-packages:${PYTHONPATH} /usr/bin/cmake /home/utilizador/charmie_ws/src/realsense-ros/realsense2_camera -DCMAKE_INSTALL_PREFIX=/home/utilizador/charmie_ws/install/realsense2_camera
[0.074s] -- The C compiler identification is GNU 9.4.0
[0.134s] -- The CXX compiler identification is GNU 9.4.0
[0.139s] -- Check for working C compiler: /usr/bin/cc
[0.212s] -- Check for working C compiler: /usr/bin/cc -- works
[0.213s] -- Detecting C compiler ABI info
[0.286s] -- Detecting C compiler ABI info - done
[0.298s] -- Detecting C compile features
[0.298s] -- Detecting C compile features - done
[0.300s] -- Check for working CXX compiler: /usr/bin/c++
[0.422s] -- Check for working CXX compiler: /usr/bin/c++ -- works
[0.435s] -- Detecting CXX compiler ABI info
[0.814s] -- Detecting CXX compiler ABI info - done
[0.841s] -- Detecting CXX compile features
[0.842s] -- Detecting CXX compile features - done
[0.843s] -- Create Release Build.
[0.846s] -- Found ament_cmake: 0.9.12 (/opt/ros/foxy/share/ament_cmake/cmake)
[0.928s] -- Found PythonInterp: /usr/bin/python3 (found suitable version "3.8.10", minimum required is "3") 
[0.929s] -- Using PYTHON_EXECUTABLE: /usr/bin/python3
[1.301s] -- Found builtin_interfaces: 1.0.0 (/opt/ros/foxy/share/builtin_interfaces/cmake)
[1.328s] -- Using all available rosidl_typesupport_c: rosidl_typesupport_fastrtps_c;rosidl_typesupport_introspection_c
[1.334s] -- Found rosidl_adapter: 1.3.1 (/opt/ros/foxy/share/rosidl_adapter/cmake)
[1.419s] -- Found OpenSSL: /usr/lib/x86_64-linux-gnu/libcrypto.so (found version "1.1.1f")  
[1.457s] -- Found FastRTPS: /opt/ros/foxy/include  
[1.576s] -- Using all available rosidl_typesupport_cpp: rosidl_typesupport_fastrtps_cpp;rosidl_typesupport_introspection_cpp
[1.610s] -- Found cv_bridge: 3.0.7 (/opt/ros/foxy/share/cv_bridge/cmake)
[1.810s] -- Found image_transport: 2.4.0 (/opt/ros/foxy/share/image_transport/cmake)
[1.866s] -- Found rmw_implementation_cmake: 1.0.4 (/opt/ros/foxy/share/rmw_implementation_cmake/cmake)
[1.868s] -- Using RMW implementation 'rmw_fastrtps_cpp' as default
[1.869s] -- Looking for pthread.h
[1.946s] -- Looking for pthread.h - found
[1.946s] -- Performing Test CMAKE_HAVE_LIBC_PTHREAD
[2.020s] -- Performing Test CMAKE_HAVE_LIBC_PTHREAD - Failed
[2.020s] -- Looking for pthread_create in pthreads
[2.082s] -- Looking for pthread_create in pthreads - not found
[2.082s] -- Looking for pthread_create in pthread
[2.155s] -- Looking for pthread_create in pthread - found
[2.156s] -- Found Threads: TRUE  
[2.361s] -- Found rclcpp_components: 2.4.3 (/opt/ros/foxy/share/rclcpp_components/cmake)
[2.414s] -- Found realsense2_camera_msgs: 4.51.1 (/home/utilizador/charmie_ws/install/realsense2_camera_msgs/share/realsense2_camera_msgs/cmake)
[2.454s] -- Found nav_msgs: 2.0.5 (/opt/ros/foxy/share/nav_msgs/cmake)
[2.534s] -- Found tf2_ros: 0.13.14 (/opt/ros/foxy/share/tf2_ros/cmake)
[2.845s] CMake Error at CMakeLists.txt:117 (find_package):
[2.845s]   By not providing "Finddiagnostic_updater.cmake" in CMAKE_MODULE_PATH this
[2.845s]   project has asked CMake to find a package configuration file provided by
[2.846s]   "diagnostic_updater", but CMake did not find one.
[2.846s] 
[2.846s]   Could not find a package configuration file provided by
[2.846s]   "diagnostic_updater" with any of the following names:
[2.846s] 
[2.846s]     diagnostic_updaterConfig.cmake
[2.846s]     diagnostic_updater-config.cmake
[2.846s] 
[2.846s]   Add the installation prefix of "diagnostic_updater" to CMAKE_PREFIX_PATH or
[2.847s]   set "diagnostic_updater_DIR" to a directory containing one of the above
[2.847s]   files.  If "diagnostic_updater" provides a separate development package or
[2.847s]   SDK, be sure it has been installed.
[2.847s] 
[2.847s] 
[2.848s] -- Configuring incomplete, errors occurred!
[2.848s] See also "/home/utilizador/charmie_ws/build/realsense2_camera/CMakeFiles/CMakeOutput.log".
[2.848s] See also "/home/utilizador/charmie_ws/build/realsense2_camera/CMakeFiles/CMakeError.log".
[2.859s] Invoked command in '/home/utilizador/charmie_ws/build/realsense2_camera' returned '1': AMENT_PREFIX_PATH=/home/utilizador/charmie_ws/install/realsense2_camera_msgs:${AMENT_PREFIX_PATH} CMAKE_PREFIX_PATH=/home/utilizador/charmie_ws/install/realsense2_camera_msgs:/opt/ros/foxy LD_LIBRARY_PATH=/home/utilizador/charmie_ws/install/realsense2_camera_msgs/lib:${LD_LIBRARY_PATH} PYTHONPATH=/home/utilizador/charmie_ws/install/realsense2_camera_msgs/lib/python3.8/site-packages:${PYTHONPATH} /usr/bin/cmake /home/utilizador/charmie_ws/src/realsense-ros/realsense2_camera -DCMAKE_INSTALL_PREFIX=/home/utilizador/charmie_ws/install/realsense2_camera
