[0.475s] DEBUG:colcon:Command line arguments: ['/usr/bin/colcon', 'list', '-p', '--base-paths', '/home/utilizador/charmie_ws']
[0.475s] DEBUG:colcon:Parsed command line arguments: Namespace(allow_overriding=[], base_paths=['/home/utilizador/charmie_ws'], build_base='build', ignore_user_meta=False, log_base=None, log_level=None, main=<bound method ListVerb.main of <colcon_package_information.verb.list.ListVerb object at 0x7fd23ec14070>>, metas=['./colcon.meta'], names_only=False, packages_above=None, packages_above_and_dependencies=None, packages_above_depth=None, packages_end=None, packages_ignore=None, packages_ignore_regex=None, packages_select=None, packages_select_build_failed=False, packages_select_by_dep=None, packages_select_regex=None, packages_select_test_failures=False, packages_skip=None, packages_skip_build_finished=False, packages_skip_by_dep=None, packages_skip_regex=None, packages_skip_test_passed=False, packages_skip_up_to=None, packages_start=None, packages_up_to=None, packages_up_to_regex=None, paths=None, paths_only=True, topological_graph=False, topological_graph_density=False, topological_graph_dot=False, topological_graph_dot_cluster=False, topological_graph_dot_include_skipped=False, topological_graph_legend=False, topological_order=False, verb_extension=<colcon_package_information.verb.list.ListVerb object at 0x7fd23ec14070>, verb_name='list', verb_parser=<colcon_defaults.argument_parser.defaults.DefaultArgumentsDecorator object at 0x7fd23eb8aa30>)
[0.526s] Level 1:colcon.colcon_core.package_discovery:discover_packages(colcon_meta) check parameters
[0.526s] Level 1:colcon.colcon_core.package_discovery:discover_packages(recursive) check parameters
[0.526s] Level 1:colcon.colcon_core.package_discovery:discover_packages(ignore) check parameters
[0.526s] Level 1:colcon.colcon_core.package_discovery:discover_packages(path) check parameters
[0.527s] Level 1:colcon.colcon_core.package_discovery:discover_packages(recursive) discover
[0.527s] INFO:colcon.colcon_core.package_discovery:Crawling recursively for packages in '/home/utilizador/charmie_ws'
[0.527s] Level 1:colcon.colcon_core.package_identification:_identify(/home/utilizador/charmie_ws) by extensions ['ignore', 'ignore_ament_install']
[0.527s] Level 1:colcon.colcon_core.package_identification:_identify(/home/utilizador/charmie_ws) by extension 'ignore'
[0.527s] Level 1:colcon.colcon_core.package_identification:_identify(/home/utilizador/charmie_ws) by extension 'ignore_ament_install'
[0.527s] Level 1:colcon.colcon_core.package_identification:_identify(/home/utilizador/charmie_ws) by extensions ['colcon_pkg']
[0.527s] Level 1:colcon.colcon_core.package_identification:_identify(/home/utilizador/charmie_ws) by extension 'colcon_pkg'
[0.527s] Level 1:colcon.colcon_core.package_identification:_identify(/home/utilizador/charmie_ws) by extensions ['colcon_meta']
[0.527s] Level 1:colcon.colcon_core.package_identification:_identify(/home/utilizador/charmie_ws) by extension 'colcon_meta'
[0.527s] Level 1:colcon.colcon_core.package_identification:_identify(/home/utilizador/charmie_ws) by extensions ['ros']
[0.527s] Level 1:colcon.colcon_core.package_identification:_identify(/home/utilizador/charmie_ws) by extension 'ros'
[0.539s] Level 1:colcon.colcon_core.package_identification:_identify(/home/utilizador/charmie_ws) by extensions ['cmake', 'python']
[0.539s] Level 1:colcon.colcon_core.package_identification:_identify(/home/utilizador/charmie_ws) by extension 'cmake'
[0.539s] Level 1:colcon.colcon_core.package_identification:_identify(/home/utilizador/charmie_ws) by extension 'python'
[0.539s] Level 1:colcon.colcon_core.package_identification:_identify(/home/utilizador/charmie_ws) by extensions ['python_setup_py']
[0.539s] Level 1:colcon.colcon_core.package_identification:_identify(/home/utilizador/charmie_ws) by extension 'python_setup_py'
[0.540s] Level 1:colcon.colcon_core.package_identification:_identify(/home/utilizador/charmie_ws/build) by extensions ['ignore', 'ignore_ament_install']
[0.540s] Level 1:colcon.colcon_core.package_identification:_identify(/home/utilizador/charmie_ws/build) by extension 'ignore'
[0.540s] Level 1:colcon.colcon_core.package_identification:_identify(/home/utilizador/charmie_ws/build) ignored
[0.540s] Level 1:colcon.colcon_core.package_identification:_identify(/home/utilizador/charmie_ws/install) by extensions ['ignore', 'ignore_ament_install']
[0.540s] Level 1:colcon.colcon_core.package_identification:_identify(/home/utilizador/charmie_ws/install) by extension 'ignore'
[0.540s] Level 1:colcon.colcon_core.package_identification:_identify(/home/utilizador/charmie_ws/install) ignored
[0.540s] Level 1:colcon.colcon_core.package_identification:_identify(/home/utilizador/charmie_ws/log) by extensions ['ignore', 'ignore_ament_install']
[0.540s] Level 1:colcon.colcon_core.package_identification:_identify(/home/utilizador/charmie_ws/log) by extension 'ignore'
[0.540s] Level 1:colcon.colcon_core.package_identification:_identify(/home/utilizador/charmie_ws/log) ignored
[0.541s] Level 1:colcon.colcon_core.package_identification:_identify(/home/utilizador/charmie_ws/src) by extensions ['ignore', 'ignore_ament_install']
[0.541s] Level 1:colcon.colcon_core.package_identification:_identify(/home/utilizador/charmie_ws/src) by extension 'ignore'
[0.541s] Level 1:colcon.colcon_core.package_identification:_identify(/home/utilizador/charmie_ws/src) by extension 'ignore_ament_install'
[0.541s] Level 1:colcon.colcon_core.package_identification:_identify(/home/utilizador/charmie_ws/src) by extensions ['colcon_pkg']
[0.541s] Level 1:colcon.colcon_core.package_identification:_identify(/home/utilizador/charmie_ws/src) by extension 'colcon_pkg'
[0.541s] Level 1:colcon.colcon_core.package_identification:_identify(/home/utilizador/charmie_ws/src) by extensions ['colcon_meta']
[0.541s] Level 1:colcon.colcon_core.package_identification:_identify(/home/utilizador/charmie_ws/src) by extension 'colcon_meta'
[0.541s] Level 1:colcon.colcon_core.package_identification:_identify(/home/utilizador/charmie_ws/src) by extensions ['ros']
[0.541s] Level 1:colcon.colcon_core.package_identification:_identify(/home/utilizador/charmie_ws/src) by extension 'ros'
[0.541s] Level 1:colcon.colcon_core.package_identification:_identify(/home/utilizador/charmie_ws/src) by extensions ['cmake', 'python']
[0.541s] Level 1:colcon.colcon_core.package_identification:_identify(/home/utilizador/charmie_ws/src) by extension 'cmake'
[0.541s] Level 1:colcon.colcon_core.package_identification:_identify(/home/utilizador/charmie_ws/src) by extension 'python'
[0.541s] Level 1:colcon.colcon_core.package_identification:_identify(/home/utilizador/charmie_ws/src) by extensions ['python_setup_py']
[0.541s] Level 1:colcon.colcon_core.package_identification:_identify(/home/utilizador/charmie_ws/src) by extension 'python_setup_py'
[0.541s] Level 1:colcon.colcon_core.package_identification:_identify(/home/utilizador/charmie_ws/src/charmie_audio) by extensions ['ignore', 'ignore_ament_install']
[0.541s] Level 1:colcon.colcon_core.package_identification:_identify(/home/utilizador/charmie_ws/src/charmie_audio) by extension 'ignore'
[0.542s] Level 1:colcon.colcon_core.package_identification:_identify(/home/utilizador/charmie_ws/src/charmie_audio) by extension 'ignore_ament_install'
[0.542s] Level 1:colcon.colcon_core.package_identification:_identify(/home/utilizador/charmie_ws/src/charmie_audio) by extensions ['colcon_pkg']
[0.542s] Level 1:colcon.colcon_core.package_identification:_identify(/home/utilizador/charmie_ws/src/charmie_audio) by extension 'colcon_pkg'
[0.542s] Level 1:colcon.colcon_core.package_identification:_identify(/home/utilizador/charmie_ws/src/charmie_audio) by extensions ['colcon_meta']
[0.542s] Level 1:colcon.colcon_core.package_identification:_identify(/home/utilizador/charmie_ws/src/charmie_audio) by extension 'colcon_meta'
[0.542s] Level 1:colcon.colcon_core.package_identification:_identify(/home/utilizador/charmie_ws/src/charmie_audio) by extensions ['ros']
[0.542s] Level 1:colcon.colcon_core.package_identification:_identify(/home/utilizador/charmie_ws/src/charmie_audio) by extension 'ros'
[0.545s] DEBUG:colcon.colcon_core.package_identification:Package '/home/utilizador/charmie_ws/src/charmie_audio' with type 'ros.ament_python' and name 'charmie_audio'
[0.545s] Level 1:colcon.colcon_core.package_identification:_identify(/home/utilizador/charmie_ws/src/charmie_bot) by extensions ['ignore', 'ignore_ament_install']
[0.545s] Level 1:colcon.colcon_core.package_identification:_identify(/home/utilizador/charmie_ws/src/charmie_bot) by extension 'ignore'
[0.545s] Level 1:colcon.colcon_core.package_identification:_identify(/home/utilizador/charmie_ws/src/charmie_bot) by extension 'ignore_ament_install'
[0.545s] Level 1:colcon.colcon_core.package_identification:_identify(/home/utilizador/charmie_ws/src/charmie_bot) by extensions ['colcon_pkg']
[0.545s] Level 1:colcon.colcon_core.package_identification:_identify(/home/utilizador/charmie_ws/src/charmie_bot) by extension 'colcon_pkg'
[0.545s] Level 1:colcon.colcon_core.package_identification:_identify(/home/utilizador/charmie_ws/src/charmie_bot) by extensions ['colcon_meta']
[0.545s] Level 1:colcon.colcon_core.package_identification:_identify(/home/utilizador/charmie_ws/src/charmie_bot) by extension 'colcon_meta'
[0.545s] Level 1:colcon.colcon_core.package_identification:_identify(/home/utilizador/charmie_ws/src/charmie_bot) by extensions ['ros']
[0.545s] Level 1:colcon.colcon_core.package_identification:_identify(/home/utilizador/charmie_ws/src/charmie_bot) by extension 'ros'
[0.547s] DEBUG:colcon.colcon_core.package_identification:Package '/home/utilizador/charmie_ws/src/charmie_bot' with type 'ros.ament_cmake' and name 'charmie_bot'
[0.547s] Level 1:colcon.colcon_core.package_identification:_identify(/home/utilizador/charmie_ws/src/charmie_carry_luggage) by extensions ['ignore', 'ignore_ament_install']
[0.548s] Level 1:colcon.colcon_core.package_identification:_identify(/home/utilizador/charmie_ws/src/charmie_carry_luggage) by extension 'ignore'
[0.548s] Level 1:colcon.colcon_core.package_identification:_identify(/home/utilizador/charmie_ws/src/charmie_carry_luggage) by extension 'ignore_ament_install'
[0.548s] Level 1:colcon.colcon_core.package_identification:_identify(/home/utilizador/charmie_ws/src/charmie_carry_luggage) by extensions ['colcon_pkg']
[0.548s] Level 1:colcon.colcon_core.package_identification:_identify(/home/utilizador/charmie_ws/src/charmie_carry_luggage) by extension 'colcon_pkg'
[0.548s] Level 1:colcon.colcon_core.package_identification:_identify(/home/utilizador/charmie_ws/src/charmie_carry_luggage) by extensions ['colcon_meta']
[0.548s] Level 1:colcon.colcon_core.package_identification:_identify(/home/utilizador/charmie_ws/src/charmie_carry_luggage) by extension 'colcon_meta'
[0.548s] Level 1:colcon.colcon_core.package_identification:_identify(/home/utilizador/charmie_ws/src/charmie_carry_luggage) by extensions ['ros']
[0.548s] Level 1:colcon.colcon_core.package_identification:_identify(/home/utilizador/charmie_ws/src/charmie_carry_luggage) by extension 'ros'
[0.549s] DEBUG:colcon.colcon_core.package_identification:Package '/home/utilizador/charmie_ws/src/charmie_carry_luggage' with type 'ros.ament_python' and name 'charmie_carry_luggage'
[0.549s] Level 1:colcon.colcon_core.package_identification:_identify(/home/utilizador/charmie_ws/src/charmie_debug) by extensions ['ignore', 'ignore_ament_install']
[0.549s] Level 1:colcon.colcon_core.package_identification:_identify(/home/utilizador/charmie_ws/src/charmie_debug) by extension 'ignore'
[0.550s] Level 1:colcon.colcon_core.package_identification:_identify(/home/utilizador/charmie_ws/src/charmie_debug) by extension 'ignore_ament_install'
[0.550s] Level 1:colcon.colcon_core.package_identification:_identify(/home/utilizador/charmie_ws/src/charmie_debug) by extensions ['colcon_pkg']
[0.550s] Level 1:colcon.colcon_core.package_identification:_identify(/home/utilizador/charmie_ws/src/charmie_debug) by extension 'colcon_pkg'
[0.550s] Level 1:colcon.colcon_core.package_identification:_identify(/home/utilizador/charmie_ws/src/charmie_debug) by extensions ['colcon_meta']
[0.550s] Level 1:colcon.colcon_core.package_identification:_identify(/home/utilizador/charmie_ws/src/charmie_debug) by extension 'colcon_meta'
[0.550s] Level 1:colcon.colcon_core.package_identification:_identify(/home/utilizador/charmie_ws/src/charmie_debug) by extensions ['ros']
[0.550s] Level 1:colcon.colcon_core.package_identification:_identify(/home/utilizador/charmie_ws/src/charmie_debug) by extension 'ros'
[0.551s] DEBUG:colcon.colcon_core.package_identification:Package '/home/utilizador/charmie_ws/src/charmie_debug' with type 'ros.ament_python' and name 'charmie_debug'
[0.551s] Level 1:colcon.colcon_core.package_identification:_identify(/home/utilizador/charmie_ws/src/charmie_diagnostics) by extensions ['ignore', 'ignore_ament_install']
[0.551s] Level 1:colcon.colcon_core.package_identification:_identify(/home/utilizador/charmie_ws/src/charmie_diagnostics) by extension 'ignore'
[0.551s] Level 1:colcon.colcon_core.package_identification:_identify(/home/utilizador/charmie_ws/src/charmie_diagnostics) by extension 'ignore_ament_install'
[0.551s] Level 1:colcon.colcon_core.package_identification:_identify(/home/utilizador/charmie_ws/src/charmie_diagnostics) by extensions ['colcon_pkg']
[0.551s] Level 1:colcon.colcon_core.package_identification:_identify(/home/utilizador/charmie_ws/src/charmie_diagnostics) by extension 'colcon_pkg'
[0.551s] Level 1:colcon.colcon_core.package_identification:_identify(/home/utilizador/charmie_ws/src/charmie_diagnostics) by extensions ['colcon_meta']
[0.551s] Level 1:colcon.colcon_core.package_identification:_identify(/home/utilizador/charmie_ws/src/charmie_diagnostics) by extension 'colcon_meta'
[0.551s] Level 1:colcon.colcon_core.package_identification:_identify(/home/utilizador/charmie_ws/src/charmie_diagnostics) by extensions ['ros']
[0.551s] Level 1:colcon.colcon_core.package_identification:_identify(/home/utilizador/charmie_ws/src/charmie_diagnostics) by extension 'ros'
[0.552s] DEBUG:colcon.colcon_core.package_identification:Package '/home/utilizador/charmie_ws/src/charmie_diagnostics' with type 'ros.ament_python' and name 'charmie_diagnostics'
[0.552s] Level 1:colcon.colcon_core.package_identification:_identify(/home/utilizador/charmie_ws/src/charmie_door_start) by extensions ['ignore', 'ignore_ament_install']
[0.552s] Level 1:colcon.colcon_core.package_identification:_identify(/home/utilizador/charmie_ws/src/charmie_door_start) by extension 'ignore'
[0.552s] Level 1:colcon.colcon_core.package_identification:_identify(/home/utilizador/charmie_ws/src/charmie_door_start) by extension 'ignore_ament_install'
[0.552s] Level 1:colcon.colcon_core.package_identification:_identify(/home/utilizador/charmie_ws/src/charmie_door_start) by extensions ['colcon_pkg']
[0.552s] Level 1:colcon.colcon_core.package_identification:_identify(/home/utilizador/charmie_ws/src/charmie_door_start) by extension 'colcon_pkg'
[0.553s] Level 1:colcon.colcon_core.package_identification:_identify(/home/utilizador/charmie_ws/src/charmie_door_start) by extensions ['colcon_meta']
[0.553s] Level 1:colcon.colcon_core.package_identification:_identify(/home/utilizador/charmie_ws/src/charmie_door_start) by extension 'colcon_meta'
[0.553s] Level 1:colcon.colcon_core.package_identification:_identify(/home/utilizador/charmie_ws/src/charmie_door_start) by extensions ['ros']
[0.553s] Level 1:colcon.colcon_core.package_identification:_identify(/home/utilizador/charmie_ws/src/charmie_door_start) by extension 'ros'
[0.553s] DEBUG:colcon.colcon_core.package_identification:Package '/home/utilizador/charmie_ws/src/charmie_door_start' with type 'ros.ament_python' and name 'charmie_door_start'
[0.554s] Level 1:colcon.colcon_core.package_identification:_identify(/home/utilizador/charmie_ws/src/charmie_face_shiningrgb) by extensions ['ignore', 'ignore_ament_install']
[0.554s] Level 1:colcon.colcon_core.package_identification:_identify(/home/utilizador/charmie_ws/src/charmie_face_shiningrgb) by extension 'ignore'
[0.554s] Level 1:colcon.colcon_core.package_identification:_identify(/home/utilizador/charmie_ws/src/charmie_face_shiningrgb) by extension 'ignore_ament_install'
[0.554s] Level 1:colcon.colcon_core.package_identification:_identify(/home/utilizador/charmie_ws/src/charmie_face_shiningrgb) by extensions ['colcon_pkg']
[0.554s] Level 1:colcon.colcon_core.package_identification:_identify(/home/utilizador/charmie_ws/src/charmie_face_shiningrgb) by extension 'colcon_pkg'
[0.554s] Level 1:colcon.colcon_core.package_identification:_identify(/home/utilizador/charmie_ws/src/charmie_face_shiningrgb) by extensions ['colcon_meta']
[0.554s] Level 1:colcon.colcon_core.package_identification:_identify(/home/utilizador/charmie_ws/src/charmie_face_shiningrgb) by extension 'colcon_meta'
[0.554s] Level 1:colcon.colcon_core.package_identification:_identify(/home/utilizador/charmie_ws/src/charmie_face_shiningrgb) by extensions ['ros']
[0.554s] Level 1:colcon.colcon_core.package_identification:_identify(/home/utilizador/charmie_ws/src/charmie_face_shiningrgb) by extension 'ros'
[0.568s] DEBUG:colcon.colcon_core.package_identification:Package '/home/utilizador/charmie_ws/src/charmie_face_shiningrgb' with type 'ros.ament_python' and name 'charmie_face_shiningrgb'
[0.568s] Level 1:colcon.colcon_core.package_identification:_identify(/home/utilizador/charmie_ws/src/charmie_inspection) by extensions ['ignore', 'ignore_ament_install']
[0.568s] Level 1:colcon.colcon_core.package_identification:_identify(/home/utilizador/charmie_ws/src/charmie_inspection) by extension 'ignore'
[0.568s] Level 1:colcon.colcon_core.package_identification:_identify(/home/utilizador/charmie_ws/src/charmie_inspection) by extension 'ignore_ament_install'
[0.568s] Level 1:colcon.colcon_core.package_identification:_identify(/home/utilizador/charmie_ws/src/charmie_inspection) by extensions ['colcon_pkg']
[0.568s] Level 1:colcon.colcon_core.package_identification:_identify(/home/utilizador/charmie_ws/src/charmie_inspection) by extension 'colcon_pkg'
[0.568s] Level 1:colcon.colcon_core.package_identification:_identify(/home/utilizador/charmie_ws/src/charmie_inspection) by extensions ['colcon_meta']
[0.568s] Level 1:colcon.colcon_core.package_identification:_identify(/home/utilizador/charmie_ws/src/charmie_inspection) by extension 'colcon_meta'
[0.568s] Level 1:colcon.colcon_core.package_identification:_identify(/home/utilizador/charmie_ws/src/charmie_inspection) by extensions ['ros']
[0.568s] Level 1:colcon.colcon_core.package_identification:_identify(/home/utilizador/charmie_ws/src/charmie_inspection) by extension 'ros'
[0.569s] DEBUG:colcon.colcon_core.package_identification:Package '/home/utilizador/charmie_ws/src/charmie_inspection' with type 'ros.ament_python' and name 'charmie_inspection'
[0.569s] Level 1:colcon.colcon_core.package_identification:_identify(/home/utilizador/charmie_ws/src/charmie_interfaces) by extensions ['ignore', 'ignore_ament_install']
[0.569s] Level 1:colcon.colcon_core.package_identification:_identify(/home/utilizador/charmie_ws/src/charmie_interfaces) by extension 'ignore'
[0.569s] Level 1:colcon.colcon_core.package_identification:_identify(/home/utilizador/charmie_ws/src/charmie_interfaces) by extension 'ignore_ament_install'
[0.570s] Level 1:colcon.colcon_core.package_identification:_identify(/home/utilizador/charmie_ws/src/charmie_interfaces) by extensions ['colcon_pkg']
[0.570s] Level 1:colcon.colcon_core.package_identification:_identify(/home/utilizador/charmie_ws/src/charmie_interfaces) by extension 'colcon_pkg'
[0.570s] Level 1:colcon.colcon_core.package_identification:_identify(/home/utilizador/charmie_ws/src/charmie_interfaces) by extensions ['colcon_meta']
[0.570s] Level 1:colcon.colcon_core.package_identification:_identify(/home/utilizador/charmie_ws/src/charmie_interfaces) by extension 'colcon_meta'
[0.570s] Level 1:colcon.colcon_core.package_identification:_identify(/home/utilizador/charmie_ws/src/charmie_interfaces) by extensions ['ros']
[0.570s] Level 1:colcon.colcon_core.package_identification:_identify(/home/utilizador/charmie_ws/src/charmie_interfaces) by extension 'ros'
[0.570s] DEBUG:colcon.colcon_core.package_identification:Package '/home/utilizador/charmie_ws/src/charmie_interfaces' with type 'ros.ament_cmake' and name 'charmie_interfaces'
[0.571s] Level 1:colcon.colcon_core.package_identification:_identify(/home/utilizador/charmie_ws/src/charmie_lidar_hokuyo) by extensions ['ignore', 'ignore_ament_install']
[0.571s] Level 1:colcon.colcon_core.package_identification:_identify(/home/utilizador/charmie_ws/src/charmie_lidar_hokuyo) by extension 'ignore'
[0.571s] Level 1:colcon.colcon_core.package_identification:_identify(/home/utilizador/charmie_ws/src/charmie_lidar_hokuyo) by extension 'ignore_ament_install'
[0.571s] Level 1:colcon.colcon_core.package_identification:_identify(/home/utilizador/charmie_ws/src/charmie_lidar_hokuyo) by extensions ['colcon_pkg']
[0.571s] Level 1:colcon.colcon_core.package_identification:_identify(/home/utilizador/charmie_ws/src/charmie_lidar_hokuyo) by extension 'colcon_pkg'
[0.571s] Level 1:colcon.colcon_core.package_identification:_identify(/home/utilizador/charmie_ws/src/charmie_lidar_hokuyo) by extensions ['colcon_meta']
[0.571s] Level 1:colcon.colcon_core.package_identification:_identify(/home/utilizador/charmie_ws/src/charmie_lidar_hokuyo) by extension 'colcon_meta'
[0.571s] Level 1:colcon.colcon_core.package_identification:_identify(/home/utilizador/charmie_ws/src/charmie_lidar_hokuyo) by extensions ['ros']
[0.571s] Level 1:colcon.colcon_core.package_identification:_identify(/home/utilizador/charmie_ws/src/charmie_lidar_hokuyo) by extension 'ros'
[0.572s] DEBUG:colcon.colcon_core.package_identification:Package '/home/utilizador/charmie_ws/src/charmie_lidar_hokuyo' with type 'ros.ament_python' and name 'charmie_lidar_hokuyo'
[0.572s] Level 1:colcon.colcon_core.package_identification:_identify(/home/utilizador/charmie_ws/src/charmie_localisation) by extensions ['ignore', 'ignore_ament_install']
[0.572s] Level 1:colcon.colcon_core.package_identification:_identify(/home/utilizador/charmie_ws/src/charmie_localisation) by extension 'ignore'
[0.572s] Level 1:colcon.colcon_core.package_identification:_identify(/home/utilizador/charmie_ws/src/charmie_localisation) by extension 'ignore_ament_install'
[0.572s] Level 1:colcon.colcon_core.package_identification:_identify(/home/utilizador/charmie_ws/src/charmie_localisation) by extensions ['colcon_pkg']
[0.572s] Level 1:colcon.colcon_core.package_identification:_identify(/home/utilizador/charmie_ws/src/charmie_localisation) by extension 'colcon_pkg'
[0.572s] Level 1:colcon.colcon_core.package_identification:_identify(/home/utilizador/charmie_ws/src/charmie_localisation) by extensions ['colcon_meta']
[0.572s] Level 1:colcon.colcon_core.package_identification:_identify(/home/utilizador/charmie_ws/src/charmie_localisation) by extension 'colcon_meta'
[0.572s] Level 1:colcon.colcon_core.package_identification:_identify(/home/utilizador/charmie_ws/src/charmie_localisation) by extensions ['ros']
[0.572s] Level 1:colcon.colcon_core.package_identification:_identify(/home/utilizador/charmie_ws/src/charmie_localisation) by extension 'ros'
[0.573s] DEBUG:colcon.colcon_core.package_identification:Package '/home/utilizador/charmie_ws/src/charmie_localisation' with type 'ros.ament_python' and name 'charmie_localisation'
[0.573s] Level 1:colcon.colcon_core.package_identification:_identify(/home/utilizador/charmie_ws/src/charmie_low_level) by extensions ['ignore', 'ignore_ament_install']
[0.574s] Level 1:colcon.colcon_core.package_identification:_identify(/home/utilizador/charmie_ws/src/charmie_low_level) by extension 'ignore'
[0.574s] Level 1:colcon.colcon_core.package_identification:_identify(/home/utilizador/charmie_ws/src/charmie_low_level) by extension 'ignore_ament_install'
[0.574s] Level 1:colcon.colcon_core.package_identification:_identify(/home/utilizador/charmie_ws/src/charmie_low_level) by extensions ['colcon_pkg']
[0.574s] Level 1:colcon.colcon_core.package_identification:_identify(/home/utilizador/charmie_ws/src/charmie_low_level) by extension 'colcon_pkg'
[0.574s] Level 1:colcon.colcon_core.package_identification:_identify(/home/utilizador/charmie_ws/src/charmie_low_level) by extensions ['colcon_meta']
[0.574s] Level 1:colcon.colcon_core.package_identification:_identify(/home/utilizador/charmie_ws/src/charmie_low_level) by extension 'colcon_meta'
[0.574s] Level 1:colcon.colcon_core.package_identification:_identify(/home/utilizador/charmie_ws/src/charmie_low_level) by extensions ['ros']
[0.574s] Level 1:colcon.colcon_core.package_identification:_identify(/home/utilizador/charmie_ws/src/charmie_low_level) by extension 'ros'
[0.575s] DEBUG:colcon.colcon_core.package_identification:Package '/home/utilizador/charmie_ws/src/charmie_low_level' with type 'ros.ament_python' and name 'charmie_low_level'
[0.575s] Level 1:colcon.colcon_core.package_identification:_identify(/home/utilizador/charmie_ws/src/charmie_navigation_sdnl) by extensions ['ignore', 'ignore_ament_install']
[0.575s] Level 1:colcon.colcon_core.package_identification:_identify(/home/utilizador/charmie_ws/src/charmie_navigation_sdnl) by extension 'ignore'
[0.575s] Level 1:colcon.colcon_core.package_identification:_identify(/home/utilizador/charmie_ws/src/charmie_navigation_sdnl) by extension 'ignore_ament_install'
[0.575s] Level 1:colcon.colcon_core.package_identification:_identify(/home/utilizador/charmie_ws/src/charmie_navigation_sdnl) by extensions ['colcon_pkg']
[0.575s] Level 1:colcon.colcon_core.package_identification:_identify(/home/utilizador/charmie_ws/src/charmie_navigation_sdnl) by extension 'colcon_pkg'
[0.575s] Level 1:colcon.colcon_core.package_identification:_identify(/home/utilizador/charmie_ws/src/charmie_navigation_sdnl) by extensions ['colcon_meta']
[0.575s] Level 1:colcon.colcon_core.package_identification:_identify(/home/utilizador/charmie_ws/src/charmie_navigation_sdnl) by extension 'colcon_meta'
[0.575s] Level 1:colcon.colcon_core.package_identification:_identify(/home/utilizador/charmie_ws/src/charmie_navigation_sdnl) by extensions ['ros']
[0.575s] Level 1:colcon.colcon_core.package_identification:_identify(/home/utilizador/charmie_ws/src/charmie_navigation_sdnl) by extension 'ros'
[0.576s] DEBUG:colcon.colcon_core.package_identification:Package '/home/utilizador/charmie_ws/src/charmie_navigation_sdnl' with type 'ros.ament_python' and name 'charmie_navigation_sdnl'
[0.576s] Level 1:colcon.colcon_core.package_identification:_identify(/home/utilizador/charmie_ws/src/charmie_neck_dynamixel) by extensions ['ignore', 'ignore_ament_install']
[0.576s] Level 1:colcon.colcon_core.package_identification:_identify(/home/utilizador/charmie_ws/src/charmie_neck_dynamixel) by extension 'ignore'
[0.576s] Level 1:colcon.colcon_core.package_identification:_identify(/home/utilizador/charmie_ws/src/charmie_neck_dynamixel) by extension 'ignore_ament_install'
[0.576s] Level 1:colcon.colcon_core.package_identification:_identify(/home/utilizador/charmie_ws/src/charmie_neck_dynamixel) by extensions ['colcon_pkg']
[0.576s] Level 1:colcon.colcon_core.package_identification:_identify(/home/utilizador/charmie_ws/src/charmie_neck_dynamixel) by extension 'colcon_pkg'
[0.577s] Level 1:colcon.colcon_core.package_identification:_identify(/home/utilizador/charmie_ws/src/charmie_neck_dynamixel) by extensions ['colcon_meta']
[0.577s] Level 1:colcon.colcon_core.package_identification:_identify(/home/utilizador/charmie_ws/src/charmie_neck_dynamixel) by extension 'colcon_meta'
[0.577s] Level 1:colcon.colcon_core.package_identification:_identify(/home/utilizador/charmie_ws/src/charmie_neck_dynamixel) by extensions ['ros']
[0.577s] Level 1:colcon.colcon_core.package_identification:_identify(/home/utilizador/charmie_ws/src/charmie_neck_dynamixel) by extension 'ros'
[0.577s] DEBUG:colcon.colcon_core.package_identification:Package '/home/utilizador/charmie_ws/src/charmie_neck_dynamixel' with type 'ros.ament_python' and name 'charmie_neck_dynamixel'
[0.578s] Level 1:colcon.colcon_core.package_identification:_identify(/home/utilizador/charmie_ws/src/charmie_obstacles) by extensions ['ignore', 'ignore_ament_install']
[0.578s] Level 1:colcon.colcon_core.package_identification:_identify(/home/utilizador/charmie_ws/src/charmie_obstacles) by extension 'ignore'
[0.578s] Level 1:colcon.colcon_core.package_identification:_identify(/home/utilizador/charmie_ws/src/charmie_obstacles) by extension 'ignore_ament_install'
[0.578s] Level 1:colcon.colcon_core.package_identification:_identify(/home/utilizador/charmie_ws/src/charmie_obstacles) by extensions ['colcon_pkg']
[0.578s] Level 1:colcon.colcon_core.package_identification:_identify(/home/utilizador/charmie_ws/src/charmie_obstacles) by extension 'colcon_pkg'
[0.578s] Level 1:colcon.colcon_core.package_identification:_identify(/home/utilizador/charmie_ws/src/charmie_obstacles) by extensions ['colcon_meta']
[0.578s] Level 1:colcon.colcon_core.package_identification:_identify(/home/utilizador/charmie_ws/src/charmie_obstacles) by extension 'colcon_meta'
[0.578s] Level 1:colcon.colcon_core.package_identification:_identify(/home/utilizador/charmie_ws/src/charmie_obstacles) by extensions ['ros']
[0.578s] Level 1:colcon.colcon_core.package_identification:_identify(/home/utilizador/charmie_ws/src/charmie_obstacles) by extension 'ros'
[0.579s] DEBUG:colcon.colcon_core.package_identification:Package '/home/utilizador/charmie_ws/src/charmie_obstacles' with type 'ros.ament_python' and name 'charmie_obstacles'
[0.579s] Level 1:colcon.colcon_core.package_identification:_identify(/home/utilizador/charmie_ws/src/charmie_odometry) by extensions ['ignore', 'ignore_ament_install']
[0.579s] Level 1:colcon.colcon_core.package_identification:_identify(/home/utilizador/charmie_ws/src/charmie_odometry) by extension 'ignore'
[0.579s] Level 1:colcon.colcon_core.package_identification:_identify(/home/utilizador/charmie_ws/src/charmie_odometry) by extension 'ignore_ament_install'
[0.579s] Level 1:colcon.colcon_core.package_identification:_identify(/home/utilizador/charmie_ws/src/charmie_odometry) by extensions ['colcon_pkg']
[0.579s] Level 1:colcon.colcon_core.package_identification:_identify(/home/utilizador/charmie_ws/src/charmie_odometry) by extension 'colcon_pkg'
[0.579s] Level 1:colcon.colcon_core.package_identification:_identify(/home/utilizador/charmie_ws/src/charmie_odometry) by extensions ['colcon_meta']
[0.579s] Level 1:colcon.colcon_core.package_identification:_identify(/home/utilizador/charmie_ws/src/charmie_odometry) by extension 'colcon_meta'
[0.579s] Level 1:colcon.colcon_core.package_identification:_identify(/home/utilizador/charmie_ws/src/charmie_odometry) by extensions ['ros']
[0.579s] Level 1:colcon.colcon_core.package_identification:_identify(/home/utilizador/charmie_ws/src/charmie_odometry) by extension 'ros'
[0.580s] DEBUG:colcon.colcon_core.package_identification:Package '/home/utilizador/charmie_ws/src/charmie_odometry' with type 'ros.ament_python' and name 'charmie_odometry'
[0.580s] Level 1:colcon.colcon_core.package_identification:_identify(/home/utilizador/charmie_ws/src/charmie_person_localisation) by extensions ['ignore', 'ignore_ament_install']
[0.580s] Level 1:colcon.colcon_core.package_identification:_identify(/home/utilizador/charmie_ws/src/charmie_person_localisation) by extension 'ignore'
[0.580s] Level 1:colcon.colcon_core.package_identification:_identify(/home/utilizador/charmie_ws/src/charmie_person_localisation) by extension 'ignore_ament_install'
[0.581s] Level 1:colcon.colcon_core.package_identification:_identify(/home/utilizador/charmie_ws/src/charmie_person_localisation) by extensions ['colcon_pkg']
[0.581s] Level 1:colcon.colcon_core.package_identification:_identify(/home/utilizador/charmie_ws/src/charmie_person_localisation) by extension 'colcon_pkg'
[0.581s] Level 1:colcon.colcon_core.package_identification:_identify(/home/utilizador/charmie_ws/src/charmie_person_localisation) by extensions ['colcon_meta']
[0.581s] Level 1:colcon.colcon_core.package_identification:_identify(/home/utilizador/charmie_ws/src/charmie_person_localisation) by extension 'colcon_meta'
[0.581s] Level 1:colcon.colcon_core.package_identification:_identify(/home/utilizador/charmie_ws/src/charmie_person_localisation) by extensions ['ros']
[0.581s] Level 1:colcon.colcon_core.package_identification:_identify(/home/utilizador/charmie_ws/src/charmie_person_localisation) by extension 'ros'
[0.582s] DEBUG:colcon.colcon_core.package_identification:Package '/home/utilizador/charmie_ws/src/charmie_person_localisation' with type 'ros.ament_python' and name 'charmie_person_localisation'
[0.582s] Level 1:colcon.colcon_core.package_identification:_identify(/home/utilizador/charmie_ws/src/charmie_ps4_controller) by extensions ['ignore', 'ignore_ament_install']
[0.582s] Level 1:colcon.colcon_core.package_identification:_identify(/home/utilizador/charmie_ws/src/charmie_ps4_controller) by extension 'ignore'
[0.582s] Level 1:colcon.colcon_core.package_identification:_identify(/home/utilizador/charmie_ws/src/charmie_ps4_controller) by extension 'ignore_ament_install'
[0.582s] Level 1:colcon.colcon_core.package_identification:_identify(/home/utilizador/charmie_ws/src/charmie_ps4_controller) by extensions ['colcon_pkg']
[0.582s] Level 1:colcon.colcon_core.package_identification:_identify(/home/utilizador/charmie_ws/src/charmie_ps4_controller) by extension 'colcon_pkg'
[0.582s] Level 1:colcon.colcon_core.package_identification:_identify(/home/utilizador/charmie_ws/src/charmie_ps4_controller) by extensions ['colcon_meta']
[0.582s] Level 1:colcon.colcon_core.package_identification:_identify(/home/utilizador/charmie_ws/src/charmie_ps4_controller) by extension 'colcon_meta'
[0.582s] Level 1:colcon.colcon_core.package_identification:_identify(/home/utilizador/charmie_ws/src/charmie_ps4_controller) by extensions ['ros']
[0.582s] Level 1:colcon.colcon_core.package_identification:_identify(/home/utilizador/charmie_ws/src/charmie_ps4_controller) by extension 'ros'
[0.583s] DEBUG:colcon.colcon_core.package_identification:Package '/home/utilizador/charmie_ws/src/charmie_ps4_controller' with type 'ros.ament_python' and name 'charmie_ps4_controller'
[0.583s] Level 1:colcon.colcon_core.package_identification:_identify(/home/utilizador/charmie_ws/src/charmie_receptionist) by extensions ['ignore', 'ignore_ament_install']
[0.583s] Level 1:colcon.colcon_core.package_identification:_identify(/home/utilizador/charmie_ws/src/charmie_receptionist) by extension 'ignore'
[0.583s] Level 1:colcon.colcon_core.package_identification:_identify(/home/utilizador/charmie_ws/src/charmie_receptionist) by extension 'ignore_ament_install'
[0.583s] Level 1:colcon.colcon_core.package_identification:_identify(/home/utilizador/charmie_ws/src/charmie_receptionist) by extensions ['colcon_pkg']
[0.583s] Level 1:colcon.colcon_core.package_identification:_identify(/home/utilizador/charmie_ws/src/charmie_receptionist) by extension 'colcon_pkg'
[0.583s] Level 1:colcon.colcon_core.package_identification:_identify(/home/utilizador/charmie_ws/src/charmie_receptionist) by extensions ['colcon_meta']
[0.583s] Level 1:colcon.colcon_core.package_identification:_identify(/home/utilizador/charmie_ws/src/charmie_receptionist) by extension 'colcon_meta'
[0.583s] Level 1:colcon.colcon_core.package_identification:_identify(/home/utilizador/charmie_ws/src/charmie_receptionist) by extensions ['ros']
[0.583s] Level 1:colcon.colcon_core.package_identification:_identify(/home/utilizador/charmie_ws/src/charmie_receptionist) by extension 'ros'
[0.584s] DEBUG:colcon.colcon_core.package_identification:Package '/home/utilizador/charmie_ws/src/charmie_receptionist' with type 'ros.ament_python' and name 'charmie_receptionist'
[0.584s] Level 1:colcon.colcon_core.package_identification:_identify(/home/utilizador/charmie_ws/src/charmie_restaurant) by extensions ['ignore', 'ignore_ament_install']
[0.585s] Level 1:colcon.colcon_core.package_identification:_identify(/home/utilizador/charmie_ws/src/charmie_restaurant) by extension 'ignore'
[0.585s] Level 1:colcon.colcon_core.package_identification:_identify(/home/utilizador/charmie_ws/src/charmie_restaurant) by extension 'ignore_ament_install'
[0.585s] Level 1:colcon.colcon_core.package_identification:_identify(/home/utilizador/charmie_ws/src/charmie_restaurant) by extensions ['colcon_pkg']
[0.585s] Level 1:colcon.colcon_core.package_identification:_identify(/home/utilizador/charmie_ws/src/charmie_restaurant) by extension 'colcon_pkg'
[0.585s] Level 1:colcon.colcon_core.package_identification:_identify(/home/utilizador/charmie_ws/src/charmie_restaurant) by extensions ['colcon_meta']
[0.585s] Level 1:colcon.colcon_core.package_identification:_identify(/home/utilizador/charmie_ws/src/charmie_restaurant) by extension 'colcon_meta'
[0.585s] Level 1:colcon.colcon_core.package_identification:_identify(/home/utilizador/charmie_ws/src/charmie_restaurant) by extensions ['ros']
[0.585s] Level 1:colcon.colcon_core.package_identification:_identify(/home/utilizador/charmie_ws/src/charmie_restaurant) by extension 'ros'
[0.586s] DEBUG:colcon.colcon_core.package_identification:Package '/home/utilizador/charmie_ws/src/charmie_restaurant' with type 'ros.ament_python' and name 'charmie_restaurant'
[0.586s] Level 1:colcon.colcon_core.package_identification:_identify(/home/utilizador/charmie_ws/src/charmie_speakers) by extensions ['ignore', 'ignore_ament_install']
[0.586s] Level 1:colcon.colcon_core.package_identification:_identify(/home/utilizador/charmie_ws/src/charmie_speakers) by extension 'ignore'
[0.586s] Level 1:colcon.colcon_core.package_identification:_identify(/home/utilizador/charmie_ws/src/charmie_speakers) by extension 'ignore_ament_install'
[0.586s] Level 1:colcon.colcon_core.package_identification:_identify(/home/utilizador/charmie_ws/src/charmie_speakers) by extensions ['colcon_pkg']
[0.586s] Level 1:colcon.colcon_core.package_identification:_identify(/home/utilizador/charmie_ws/src/charmie_speakers) by extension 'colcon_pkg'
[0.586s] Level 1:colcon.colcon_core.package_identification:_identify(/home/utilizador/charmie_ws/src/charmie_speakers) by extensions ['colcon_meta']
[0.586s] Level 1:colcon.colcon_core.package_identification:_identify(/home/utilizador/charmie_ws/src/charmie_speakers) by extension 'colcon_meta'
[0.586s] Level 1:colcon.colcon_core.package_identification:_identify(/home/utilizador/charmie_ws/src/charmie_speakers) by extensions ['ros']
[0.586s] Level 1:colcon.colcon_core.package_identification:_identify(/home/utilizador/charmie_ws/src/charmie_speakers) by extension 'ros'
[0.587s] DEBUG:colcon.colcon_core.package_identification:Package '/home/utilizador/charmie_ws/src/charmie_speakers' with type 'ros.ament_python' and name 'charmie_speakers'
[0.587s] Level 1:colcon.colcon_core.package_identification:_identify(/home/utilizador/charmie_ws/src/charmie_speakers_offline) by extensions ['ignore', 'ignore_ament_install']
[0.587s] Level 1:colcon.colcon_core.package_identification:_identify(/home/utilizador/charmie_ws/src/charmie_speakers_offline) by extension 'ignore'
[0.587s] Level 1:colcon.colcon_core.package_identification:_identify(/home/utilizador/charmie_ws/src/charmie_speakers_offline) by extension 'ignore_ament_install'
[0.587s] Level 1:colcon.colcon_core.package_identification:_identify(/home/utilizador/charmie_ws/src/charmie_speakers_offline) by extensions ['colcon_pkg']
[0.587s] Level 1:colcon.colcon_core.package_identification:_identify(/home/utilizador/charmie_ws/src/charmie_speakers_offline) by extension 'colcon_pkg'
[0.587s] Level 1:colcon.colcon_core.package_identification:_identify(/home/utilizador/charmie_ws/src/charmie_speakers_offline) by extensions ['colcon_meta']
[0.587s] Level 1:colcon.colcon_core.package_identification:_identify(/home/utilizador/charmie_ws/src/charmie_speakers_offline) by extension 'colcon_meta'
[0.587s] Level 1:colcon.colcon_core.package_identification:_identify(/home/utilizador/charmie_ws/src/charmie_speakers_offline) by extensions ['ros']
[0.588s] Level 1:colcon.colcon_core.package_identification:_identify(/home/utilizador/charmie_ws/src/charmie_speakers_offline) by extension 'ros'
[0.588s] DEBUG:colcon.colcon_core.package_identification:Package '/home/utilizador/charmie_ws/src/charmie_speakers_offline' with type 'ros.ament_python' and name 'charmie_speakers_offline'
[0.588s] Level 1:colcon.colcon_core.package_identification:_identify(/home/utilizador/charmie_ws/src/charmie_stickler_for_the_rules) by extensions ['ignore', 'ignore_ament_install']
[0.589s] Level 1:colcon.colcon_core.package_identification:_identify(/home/utilizador/charmie_ws/src/charmie_stickler_for_the_rules) by extension 'ignore'
[0.589s] Level 1:colcon.colcon_core.package_identification:_identify(/home/utilizador/charmie_ws/src/charmie_stickler_for_the_rules) by extension 'ignore_ament_install'
[0.589s] Level 1:colcon.colcon_core.package_identification:_identify(/home/utilizador/charmie_ws/src/charmie_stickler_for_the_rules) by extensions ['colcon_pkg']
[0.589s] Level 1:colcon.colcon_core.package_identification:_identify(/home/utilizador/charmie_ws/src/charmie_stickler_for_the_rules) by extension 'colcon_pkg'
[0.589s] Level 1:colcon.colcon_core.package_identification:_identify(/home/utilizador/charmie_ws/src/charmie_stickler_for_the_rules) by extensions ['colcon_meta']
[0.589s] Level 1:colcon.colcon_core.package_identification:_identify(/home/utilizador/charmie_ws/src/charmie_stickler_for_the_rules) by extension 'colcon_meta'
[0.589s] Level 1:colcon.colcon_core.package_identification:_identify(/home/utilizador/charmie_ws/src/charmie_stickler_for_the_rules) by extensions ['ros']
[0.589s] Level 1:colcon.colcon_core.package_identification:_identify(/home/utilizador/charmie_ws/src/charmie_stickler_for_the_rules) by extension 'ros'
[0.589s] DEBUG:colcon.colcon_core.package_identification:Package '/home/utilizador/charmie_ws/src/charmie_stickler_for_the_rules' with type 'ros.ament_python' and name 'charmie_stickler_for_the_rules'
[0.589s] Level 1:colcon.colcon_core.package_identification:_identify(/home/utilizador/charmie_ws/src/realsense-ros) by extensions ['ignore', 'ignore_ament_install']
[0.590s] Level 1:colcon.colcon_core.package_identification:_identify(/home/utilizador/charmie_ws/src/realsense-ros) by extension 'ignore'
[0.590s] Level 1:colcon.colcon_core.package_identification:_identify(/home/utilizador/charmie_ws/src/realsense-ros) by extension 'ignore_ament_install'
[0.590s] Level 1:colcon.colcon_core.package_identification:_identify(/home/utilizador/charmie_ws/src/realsense-ros) by extensions ['colcon_pkg']
[0.590s] Level 1:colcon.colcon_core.package_identification:_identify(/home/utilizador/charmie_ws/src/realsense-ros) by extension 'colcon_pkg'
[0.590s] Level 1:colcon.colcon_core.package_identification:_identify(/home/utilizador/charmie_ws/src/realsense-ros) by extensions ['colcon_meta']
[0.590s] Level 1:colcon.colcon_core.package_identification:_identify(/home/utilizador/charmie_ws/src/realsense-ros) by extension 'colcon_meta'
[0.590s] Level 1:colcon.colcon_core.package_identification:_identify(/home/utilizador/charmie_ws/src/realsense-ros) by extensions ['ros']
[0.590s] Level 1:colcon.colcon_core.package_identification:_identify(/home/utilizador/charmie_ws/src/realsense-ros) by extension 'ros'
[0.590s] Level 1:colcon.colcon_core.package_identification:_identify(/home/utilizador/charmie_ws/src/realsense-ros) by extensions ['cmake', 'python']
[0.590s] Level 1:colcon.colcon_core.package_identification:_identify(/home/utilizador/charmie_ws/src/realsense-ros) by extension 'cmake'
[0.590s] Level 1:colcon.colcon_core.package_identification:_identify(/home/utilizador/charmie_ws/src/realsense-ros) by extension 'python'
[0.590s] Level 1:colcon.colcon_core.package_identification:_identify(/home/utilizador/charmie_ws/src/realsense-ros) by extensions ['python_setup_py']
[0.590s] Level 1:colcon.colcon_core.package_identification:_identify(/home/utilizador/charmie_ws/src/realsense-ros) by extension 'python_setup_py'
[0.590s] Level 1:colcon.colcon_core.package_identification:_identify(/home/utilizador/charmie_ws/src/realsense-ros/realsense2_camera) by extensions ['ignore', 'ignore_ament_install']
[0.590s] Level 1:colcon.colcon_core.package_identification:_identify(/home/utilizador/charmie_ws/src/realsense-ros/realsense2_camera) by extension 'ignore'
[0.590s] Level 1:colcon.colcon_core.package_identification:_identify(/home/utilizador/charmie_ws/src/realsense-ros/realsense2_camera) by extension 'ignore_ament_install'
[0.591s] Level 1:colcon.colcon_core.package_identification:_identify(/home/utilizador/charmie_ws/src/realsense-ros/realsense2_camera) by extensions ['colcon_pkg']
[0.591s] Level 1:colcon.colcon_core.package_identification:_identify(/home/utilizador/charmie_ws/src/realsense-ros/realsense2_camera) by extension 'colcon_pkg'
[0.591s] Level 1:colcon.colcon_core.package_identification:_identify(/home/utilizador/charmie_ws/src/realsense-ros/realsense2_camera) by extensions ['colcon_meta']
[0.591s] Level 1:colcon.colcon_core.package_identification:_identify(/home/utilizador/charmie_ws/src/realsense-ros/realsense2_camera) by extension 'colcon_meta'
[0.591s] Level 1:colcon.colcon_core.package_identification:_identify(/home/utilizador/charmie_ws/src/realsense-ros/realsense2_camera) by extensions ['ros']
[0.591s] Level 1:colcon.colcon_core.package_identification:_identify(/home/utilizador/charmie_ws/src/realsense-ros/realsense2_camera) by extension 'ros'
[0.592s] DEBUG:colcon.colcon_core.package_identification:Package '/home/utilizador/charmie_ws/src/realsense-ros/realsense2_camera' with type 'ros.ament_cmake' and name 'realsense2_camera'
[0.593s] Level 1:colcon.colcon_core.package_identification:_identify(/home/utilizador/charmie_ws/src/realsense-ros/realsense2_camera_msgs) by extensions ['ignore', 'ignore_ament_install']
[0.593s] Level 1:colcon.colcon_core.package_identification:_identify(/home/utilizador/charmie_ws/src/realsense-ros/realsense2_camera_msgs) by extension 'ignore'
[0.593s] Level 1:colcon.colcon_core.package_identification:_identify(/home/utilizador/charmie_ws/src/realsense-ros/realsense2_camera_msgs) by extension 'ignore_ament_install'
[0.593s] Level 1:colcon.colcon_core.package_identification:_identify(/home/utilizador/charmie_ws/src/realsense-ros/realsense2_camera_msgs) by extensions ['colcon_pkg']
[0.593s] Level 1:colcon.colcon_core.package_identification:_identify(/home/utilizador/charmie_ws/src/realsense-ros/realsense2_camera_msgs) by extension 'colcon_pkg'
[0.593s] Level 1:colcon.colcon_core.package_identification:_identify(/home/utilizador/charmie_ws/src/realsense-ros/realsense2_camera_msgs) by extensions ['colcon_meta']
[0.593s] Level 1:colcon.colcon_core.package_identification:_identify(/home/utilizador/charmie_ws/src/realsense-ros/realsense2_camera_msgs) by extension 'colcon_meta'
[0.593s] Level 1:colcon.colcon_core.package_identification:_identify(/home/utilizador/charmie_ws/src/realsense-ros/realsense2_camera_msgs) by extensions ['ros']
[0.593s] Level 1:colcon.colcon_core.package_identification:_identify(/home/utilizador/charmie_ws/src/realsense-ros/realsense2_camera_msgs) by extension 'ros'
[0.594s] DEBUG:colcon.colcon_core.package_identification:Package '/home/utilizador/charmie_ws/src/realsense-ros/realsense2_camera_msgs' with type 'ros.ament_cmake' and name 'realsense2_camera_msgs'
[0.594s] Level 1:colcon.colcon_core.package_identification:_identify(/home/utilizador/charmie_ws/src/realsense-ros/realsense2_description) by extensions ['ignore', 'ignore_ament_install']
[0.594s] Level 1:colcon.colcon_core.package_identification:_identify(/home/utilizador/charmie_ws/src/realsense-ros/realsense2_description) by extension 'ignore'
[0.594s] Level 1:colcon.colcon_core.package_identification:_identify(/home/utilizador/charmie_ws/src/realsense-ros/realsense2_description) by extension 'ignore_ament_install'
[0.594s] Level 1:colcon.colcon_core.package_identification:_identify(/home/utilizador/charmie_ws/src/realsense-ros/realsense2_description) by extensions ['colcon_pkg']
[0.594s] Level 1:colcon.colcon_core.package_identification:_identify(/home/utilizador/charmie_ws/src/realsense-ros/realsense2_description) by extension 'colcon_pkg'
[0.594s] Level 1:colcon.colcon_core.package_identification:_identify(/home/utilizador/charmie_ws/src/realsense-ros/realsense2_description) by extensions ['colcon_meta']
[0.594s] Level 1:colcon.colcon_core.package_identification:_identify(/home/utilizador/charmie_ws/src/realsense-ros/realsense2_description) by extension 'colcon_meta'
[0.594s] Level 1:colcon.colcon_core.package_identification:_identify(/home/utilizador/charmie_ws/src/realsense-ros/realsense2_description) by extensions ['ros']
[0.594s] Level 1:colcon.colcon_core.package_identification:_identify(/home/utilizador/charmie_ws/src/realsense-ros/realsense2_description) by extension 'ros'
[0.595s] DEBUG:colcon.colcon_core.package_identification:Package '/home/utilizador/charmie_ws/src/realsense-ros/realsense2_description' with type 'ros.ament_cmake' and name 'realsense2_description'
[0.595s] Level 1:colcon.colcon_core.package_identification:_identify(/home/utilizador/charmie_ws/src/realsense-ros/scripts) by extensions ['ignore', 'ignore_ament_install']
[0.595s] Level 1:colcon.colcon_core.package_identification:_identify(/home/utilizador/charmie_ws/src/realsense-ros/scripts) by extension 'ignore'
[0.595s] Level 1:colcon.colcon_core.package_identification:_identify(/home/utilizador/charmie_ws/src/realsense-ros/scripts) by extension 'ignore_ament_install'
[0.595s] Level 1:colcon.colcon_core.package_identification:_identify(/home/utilizador/charmie_ws/src/realsense-ros/scripts) by extensions ['colcon_pkg']
[0.595s] Level 1:colcon.colcon_core.package_identification:_identify(/home/utilizador/charmie_ws/src/realsense-ros/scripts) by extension 'colcon_pkg'
[0.595s] Level 1:colcon.colcon_core.package_identification:_identify(/home/utilizador/charmie_ws/src/realsense-ros/scripts) by extensions ['colcon_meta']
[0.596s] Level 1:colcon.colcon_core.package_identification:_identify(/home/utilizador/charmie_ws/src/realsense-ros/scripts) by extension 'colcon_meta'
[0.596s] Level 1:colcon.colcon_core.package_identification:_identify(/home/utilizador/charmie_ws/src/realsense-ros/scripts) by extensions ['ros']
[0.596s] Level 1:colcon.colcon_core.package_identification:_identify(/home/utilizador/charmie_ws/src/realsense-ros/scripts) by extension 'ros'
[0.596s] Level 1:colcon.colcon_core.package_identification:_identify(/home/utilizador/charmie_ws/src/realsense-ros/scripts) by extensions ['cmake', 'python']
[0.596s] Level 1:colcon.colcon_core.package_identification:_identify(/home/utilizador/charmie_ws/src/realsense-ros/scripts) by extension 'cmake'
[0.596s] Level 1:colcon.colcon_core.package_identification:_identify(/home/utilizador/charmie_ws/src/realsense-ros/scripts) by extension 'python'
[0.596s] Level 1:colcon.colcon_core.package_identification:_identify(/home/utilizador/charmie_ws/src/realsense-ros/scripts) by extensions ['python_setup_py']
[0.596s] Level 1:colcon.colcon_core.package_identification:_identify(/home/utilizador/charmie_ws/src/realsense-ros/scripts) by extension 'python_setup_py'
[0.596s] Level 1:colcon.colcon_core.package_identification:_identify(/home/utilizador/charmie_ws/src/yolo_obj) by extensions ['ignore', 'ignore_ament_install']
[0.596s] Level 1:colcon.colcon_core.package_identification:_identify(/home/utilizador/charmie_ws/src/yolo_obj) by extension 'ignore'
[0.596s] Level 1:colcon.colcon_core.package_identification:_identify(/home/utilizador/charmie_ws/src/yolo_obj) by extension 'ignore_ament_install'
[0.596s] Level 1:colcon.colcon_core.package_identification:_identify(/home/utilizador/charmie_ws/src/yolo_obj) by extensions ['colcon_pkg']
[0.596s] Level 1:colcon.colcon_core.package_identification:_identify(/home/utilizador/charmie_ws/src/yolo_obj) by extension 'colcon_pkg'
[0.596s] Level 1:colcon.colcon_core.package_identification:_identify(/home/utilizador/charmie_ws/src/yolo_obj) by extensions ['colcon_meta']
[0.596s] Level 1:colcon.colcon_core.package_identification:_identify(/home/utilizador/charmie_ws/src/yolo_obj) by extension 'colcon_meta'
[0.597s] Level 1:colcon.colcon_core.package_identification:_identify(/home/utilizador/charmie_ws/src/yolo_obj) by extensions ['ros']
[0.597s] Level 1:colcon.colcon_core.package_identification:_identify(/home/utilizador/charmie_ws/src/yolo_obj) by extension 'ros'
[0.598s] DEBUG:colcon.colcon_core.package_identification:Package '/home/utilizador/charmie_ws/src/yolo_obj' with type 'ros.ament_python' and name 'yolo_obj'
[0.598s] Level 1:colcon.colcon_core.package_identification:_identify(/home/utilizador/charmie_ws/src/yolopose) by extensions ['ignore', 'ignore_ament_install']
[0.599s] Level 1:colcon.colcon_core.package_identification:_identify(/home/utilizador/charmie_ws/src/yolopose) by extension 'ignore'
[0.599s] Level 1:colcon.colcon_core.package_identification:_identify(/home/utilizador/charmie_ws/src/yolopose) by extension 'ignore_ament_install'
[0.599s] Level 1:colcon.colcon_core.package_identification:_identify(/home/utilizador/charmie_ws/src/yolopose) by extensions ['colcon_pkg']
[0.599s] Level 1:colcon.colcon_core.package_identification:_identify(/home/utilizador/charmie_ws/src/yolopose) by extension 'colcon_pkg'
[0.599s] Level 1:colcon.colcon_core.package_identification:_identify(/home/utilizador/charmie_ws/src/yolopose) by extensions ['colcon_meta']
[0.599s] Level 1:colcon.colcon_core.package_identification:_identify(/home/utilizador/charmie_ws/src/yolopose) by extension 'colcon_meta'
[0.599s] Level 1:colcon.colcon_core.package_identification:_identify(/home/utilizador/charmie_ws/src/yolopose) by extensions ['ros']
[0.599s] Level 1:colcon.colcon_core.package_identification:_identify(/home/utilizador/charmie_ws/src/yolopose) by extension 'ros'
[0.601s] DEBUG:colcon.colcon_core.package_identification:Package '/home/utilizador/charmie_ws/src/yolopose' with type 'ros.ament_python' and name 'yolopose'
[0.601s] Level 1:colcon.colcon_core.package_discovery:discover_packages(recursive) using defaults
